[2024-06-27T15:05:51.079+0000] {local_task_job_runner.py:120} INFO - ::group::Pre task execution logs
[2024-06-27T15:05:51.172+0000] {taskinstance.py:2076} INFO - Dependencies all met for dep_context=non-requeueable deps ti=<TaskInstance: my_sample_dag.task_from_script1 scheduled__2023-02-05T00:00:00+00:00 [queued]>
[2024-06-27T15:05:51.221+0000] {taskinstance.py:2076} INFO - Dependencies all met for dep_context=requeueable deps ti=<TaskInstance: my_sample_dag.task_from_script1 scheduled__2023-02-05T00:00:00+00:00 [queued]>
[2024-06-27T15:05:51.226+0000] {taskinstance.py:2306} INFO - Starting attempt 1 of 2
[2024-06-27T15:05:51.285+0000] {taskinstance.py:2330} INFO - Executing <Task(PythonOperator): task_from_script1> on 2023-02-05 00:00:00+00:00
[2024-06-27T15:05:51.322+0000] {warnings.py:112} WARNING - /home/***/.local/lib/python3.12/site-packages/***/task/task_runner/standard_task_runner.py:61: DeprecationWarning: This process (pid=1033) is multi-threaded, use of fork() may lead to deadlocks in the child.
  pid = os.fork()

[2024-06-27T15:05:51.333+0000] {standard_task_runner.py:63} INFO - Started process 1177 to run task
[2024-06-27T15:05:51.334+0000] {standard_task_runner.py:90} INFO - Running: ['***', 'tasks', 'run', 'my_sample_dag', 'task_from_script1', 'scheduled__2023-02-05T00:00:00+00:00', '--job-id', '81', '--raw', '--subdir', 'DAGS_FOLDER/my_dag.py', '--cfg-path', '/tmp/tmp2fkoqx6v']
[2024-06-27T15:05:51.339+0000] {standard_task_runner.py:91} INFO - Job 81: Subtask task_from_script1
[2024-06-27T15:05:51.717+0000] {task_command.py:426} INFO - Running <TaskInstance: my_sample_dag.task_from_script1 scheduled__2023-02-05T00:00:00+00:00 [running]> on host dccfc2b642a8
[2024-06-27T15:05:52.652+0000] {taskinstance.py:2648} INFO - Exporting env vars: AIRFLOW_CTX_DAG_OWNER='***' AIRFLOW_CTX_DAG_ID='my_sample_dag' AIRFLOW_CTX_TASK_ID='task_from_script1' AIRFLOW_CTX_EXECUTION_DATE='2023-02-05T00:00:00+00:00' AIRFLOW_CTX_TRY_NUMBER='1' AIRFLOW_CTX_DAG_RUN_ID='scheduled__2023-02-05T00:00:00+00:00'
[2024-06-27T15:05:52.661+0000] {taskinstance.py:430} INFO - ::endgroup::
[2024-06-27T15:05:53.770+0000] {logging_mixin.py:188} INFO - Données API ok..
[2024-06-27T15:05:54.303+0000] {logging_mixin.py:188} INFO - Sauvegarde ok ..
[2024-06-27T15:05:54.343+0000] {python.py:237} INFO - Done. Returned value was: None
[2024-06-27T15:05:54.345+0000] {taskinstance.py:441} INFO - ::group::Post task execution logs
[2024-06-27T15:05:54.424+0000] {taskinstance.py:1206} INFO - Marking task as SUCCESS. dag_id=my_sample_dag, task_id=task_from_script1, run_id=scheduled__2023-02-05T00:00:00+00:00, execution_date=20230205T000000, start_date=20240627T150551, end_date=20240627T150554
[2024-06-27T15:05:55.293+0000] {local_task_job_runner.py:240} INFO - Task exited with return code 0
[2024-06-27T15:05:55.361+0000] {local_task_job_runner.py:222} INFO - ::endgroup::
