[2024-06-27T14:36:42.703+0000] {processor.py:161} INFO - Started process (PID=66) to work on /home/airflow/.local/lib/python3.12/site-packages/airflow/example_dags/example_external_task_marker_dag.py
[2024-06-27T14:36:42.705+0000] {processor.py:830} INFO - Processing file /home/airflow/.local/lib/python3.12/site-packages/airflow/example_dags/example_external_task_marker_dag.py for tasks to queue
[2024-06-27T14:36:42.709+0000] {logging_mixin.py:188} INFO - [2024-06-27T14:36:42.708+0000] {dagbag.py:545} INFO - Filling up the DagBag from /home/airflow/.local/lib/python3.12/site-packages/airflow/example_dags/example_external_task_marker_dag.py
[2024-06-27T14:36:42.721+0000] {processor.py:840} INFO - DAG(s) 'example_external_task_marker_child', 'example_external_task_marker_parent' retrieved from /home/airflow/.local/lib/python3.12/site-packages/airflow/example_dags/example_external_task_marker_dag.py
[2024-06-27T14:36:42.930+0000] {logging_mixin.py:188} INFO - [2024-06-27T14:36:42.929+0000] {override.py:1829} INFO - Created Permission View: can edit on DAG:example_external_task_marker_child
[2024-06-27T14:36:42.953+0000] {logging_mixin.py:188} INFO - [2024-06-27T14:36:42.952+0000] {override.py:1829} INFO - Created Permission View: can delete on DAG:example_external_task_marker_child
[2024-06-27T14:36:42.969+0000] {logging_mixin.py:188} INFO - [2024-06-27T14:36:42.969+0000] {override.py:1829} INFO - Created Permission View: can read on DAG:example_external_task_marker_child
[2024-06-27T14:36:43.006+0000] {logging_mixin.py:188} INFO - [2024-06-27T14:36:43.006+0000] {override.py:1829} INFO - Created Permission View: can edit on DAG:example_external_task_marker_parent
[2024-06-27T14:36:43.020+0000] {logging_mixin.py:188} INFO - [2024-06-27T14:36:43.020+0000] {override.py:1829} INFO - Created Permission View: can delete on DAG:example_external_task_marker_parent
[2024-06-27T14:36:43.036+0000] {logging_mixin.py:188} INFO - [2024-06-27T14:36:43.035+0000] {override.py:1829} INFO - Created Permission View: can read on DAG:example_external_task_marker_parent
[2024-06-27T14:36:43.037+0000] {logging_mixin.py:188} INFO - [2024-06-27T14:36:43.037+0000] {dag.py:3096} INFO - Sync 2 DAGs
[2024-06-27T14:36:43.063+0000] {logging_mixin.py:188} INFO - [2024-06-27T14:36:43.062+0000] {dag.py:3118} INFO - Creating ORM DAG for example_external_task_marker_parent
[2024-06-27T14:36:43.065+0000] {logging_mixin.py:188} INFO - [2024-06-27T14:36:43.064+0000] {dag.py:3118} INFO - Creating ORM DAG for example_external_task_marker_child
[2024-06-27T14:36:43.066+0000] {logging_mixin.py:188} INFO - [2024-06-27T14:36:43.066+0000] {dag.py:3954} INFO - Setting next_dagrun for example_external_task_marker_child to None, run_after=None
[2024-06-27T14:36:43.068+0000] {logging_mixin.py:188} INFO - [2024-06-27T14:36:43.068+0000] {dag.py:3954} INFO - Setting next_dagrun for example_external_task_marker_parent to None, run_after=None
[2024-06-27T14:36:43.127+0000] {processor.py:183} INFO - Processing /home/airflow/.local/lib/python3.12/site-packages/airflow/example_dags/example_external_task_marker_dag.py took 0.434 seconds
[2024-06-27T14:37:13.697+0000] {processor.py:161} INFO - Started process (PID=124) to work on /home/airflow/.local/lib/python3.12/site-packages/airflow/example_dags/example_external_task_marker_dag.py
[2024-06-27T14:37:13.698+0000] {processor.py:830} INFO - Processing file /home/airflow/.local/lib/python3.12/site-packages/airflow/example_dags/example_external_task_marker_dag.py for tasks to queue
[2024-06-27T14:37:13.701+0000] {logging_mixin.py:188} INFO - [2024-06-27T14:37:13.701+0000] {dagbag.py:545} INFO - Filling up the DagBag from /home/airflow/.local/lib/python3.12/site-packages/airflow/example_dags/example_external_task_marker_dag.py
[2024-06-27T14:37:13.711+0000] {processor.py:840} INFO - DAG(s) 'example_external_task_marker_child', 'example_external_task_marker_parent' retrieved from /home/airflow/.local/lib/python3.12/site-packages/airflow/example_dags/example_external_task_marker_dag.py
[2024-06-27T14:37:13.744+0000] {logging_mixin.py:188} INFO - [2024-06-27T14:37:13.744+0000] {dag.py:3096} INFO - Sync 2 DAGs
[2024-06-27T14:37:13.765+0000] {logging_mixin.py:188} INFO - [2024-06-27T14:37:13.764+0000] {dag.py:3954} INFO - Setting next_dagrun for example_external_task_marker_child to None, run_after=None
[2024-06-27T14:37:13.771+0000] {logging_mixin.py:188} INFO - [2024-06-27T14:37:13.770+0000] {dag.py:3954} INFO - Setting next_dagrun for example_external_task_marker_parent to None, run_after=None
[2024-06-27T14:37:13.796+0000] {processor.py:183} INFO - Processing /home/airflow/.local/lib/python3.12/site-packages/airflow/example_dags/example_external_task_marker_dag.py took 0.110 seconds
[2024-06-27T14:37:44.551+0000] {processor.py:161} INFO - Started process (PID=182) to work on /home/airflow/.local/lib/python3.12/site-packages/airflow/example_dags/example_external_task_marker_dag.py
[2024-06-27T14:37:44.553+0000] {processor.py:830} INFO - Processing file /home/airflow/.local/lib/python3.12/site-packages/airflow/example_dags/example_external_task_marker_dag.py for tasks to queue
[2024-06-27T14:37:44.556+0000] {logging_mixin.py:188} INFO - [2024-06-27T14:37:44.555+0000] {dagbag.py:545} INFO - Filling up the DagBag from /home/airflow/.local/lib/python3.12/site-packages/airflow/example_dags/example_external_task_marker_dag.py
[2024-06-27T14:37:44.565+0000] {processor.py:840} INFO - DAG(s) 'example_external_task_marker_parent', 'example_external_task_marker_child' retrieved from /home/airflow/.local/lib/python3.12/site-packages/airflow/example_dags/example_external_task_marker_dag.py
[2024-06-27T14:37:44.602+0000] {logging_mixin.py:188} INFO - [2024-06-27T14:37:44.601+0000] {dag.py:3096} INFO - Sync 2 DAGs
[2024-06-27T14:37:44.622+0000] {logging_mixin.py:188} INFO - [2024-06-27T14:37:44.622+0000] {dag.py:3954} INFO - Setting next_dagrun for example_external_task_marker_child to None, run_after=None
[2024-06-27T14:37:44.629+0000] {logging_mixin.py:188} INFO - [2024-06-27T14:37:44.629+0000] {dag.py:3954} INFO - Setting next_dagrun for example_external_task_marker_parent to None, run_after=None
[2024-06-27T14:37:44.658+0000] {processor.py:183} INFO - Processing /home/airflow/.local/lib/python3.12/site-packages/airflow/example_dags/example_external_task_marker_dag.py took 0.116 seconds
[2024-06-27T14:38:15.500+0000] {processor.py:161} INFO - Started process (PID=241) to work on /home/airflow/.local/lib/python3.12/site-packages/airflow/example_dags/example_external_task_marker_dag.py
[2024-06-27T14:38:15.502+0000] {processor.py:830} INFO - Processing file /home/airflow/.local/lib/python3.12/site-packages/airflow/example_dags/example_external_task_marker_dag.py for tasks to queue
[2024-06-27T14:38:15.504+0000] {logging_mixin.py:188} INFO - [2024-06-27T14:38:15.504+0000] {dagbag.py:545} INFO - Filling up the DagBag from /home/airflow/.local/lib/python3.12/site-packages/airflow/example_dags/example_external_task_marker_dag.py
[2024-06-27T14:38:15.513+0000] {processor.py:840} INFO - DAG(s) 'example_external_task_marker_parent', 'example_external_task_marker_child' retrieved from /home/airflow/.local/lib/python3.12/site-packages/airflow/example_dags/example_external_task_marker_dag.py
[2024-06-27T14:38:15.551+0000] {logging_mixin.py:188} INFO - [2024-06-27T14:38:15.551+0000] {dag.py:3096} INFO - Sync 2 DAGs
[2024-06-27T14:38:15.571+0000] {logging_mixin.py:188} INFO - [2024-06-27T14:38:15.570+0000] {dag.py:3954} INFO - Setting next_dagrun for example_external_task_marker_child to None, run_after=None
[2024-06-27T14:38:15.577+0000] {logging_mixin.py:188} INFO - [2024-06-27T14:38:15.576+0000] {dag.py:3954} INFO - Setting next_dagrun for example_external_task_marker_parent to None, run_after=None
[2024-06-27T14:38:15.606+0000] {processor.py:183} INFO - Processing /home/airflow/.local/lib/python3.12/site-packages/airflow/example_dags/example_external_task_marker_dag.py took 0.114 seconds
[2024-06-27T14:39:49.608+0000] {processor.py:161} INFO - Started process (PID=69) to work on /home/airflow/.local/lib/python3.12/site-packages/airflow/example_dags/example_external_task_marker_dag.py
[2024-06-27T14:39:49.615+0000] {processor.py:830} INFO - Processing file /home/airflow/.local/lib/python3.12/site-packages/airflow/example_dags/example_external_task_marker_dag.py for tasks to queue
[2024-06-27T14:39:49.623+0000] {logging_mixin.py:188} INFO - [2024-06-27T14:39:49.622+0000] {dagbag.py:545} INFO - Filling up the DagBag from /home/airflow/.local/lib/python3.12/site-packages/airflow/example_dags/example_external_task_marker_dag.py
[2024-06-27T14:39:49.656+0000] {processor.py:840} INFO - DAG(s) 'example_external_task_marker_parent', 'example_external_task_marker_child' retrieved from /home/airflow/.local/lib/python3.12/site-packages/airflow/example_dags/example_external_task_marker_dag.py
[2024-06-27T14:39:50.272+0000] {logging_mixin.py:188} INFO - [2024-06-27T14:39:50.272+0000] {dag.py:3096} INFO - Sync 2 DAGs
[2024-06-27T14:39:50.314+0000] {logging_mixin.py:188} INFO - [2024-06-27T14:39:50.313+0000] {dag.py:3954} INFO - Setting next_dagrun for example_external_task_marker_child to None, run_after=None
[2024-06-27T14:39:50.326+0000] {logging_mixin.py:188} INFO - [2024-06-27T14:39:50.325+0000] {dag.py:3954} INFO - Setting next_dagrun for example_external_task_marker_parent to None, run_after=None
[2024-06-27T14:39:50.398+0000] {processor.py:183} INFO - Processing /home/airflow/.local/lib/python3.12/site-packages/airflow/example_dags/example_external_task_marker_dag.py took 0.816 seconds
[2024-06-27T14:40:20.605+0000] {processor.py:161} INFO - Started process (PID=128) to work on /home/airflow/.local/lib/python3.12/site-packages/airflow/example_dags/example_external_task_marker_dag.py
[2024-06-27T14:40:20.606+0000] {processor.py:830} INFO - Processing file /home/airflow/.local/lib/python3.12/site-packages/airflow/example_dags/example_external_task_marker_dag.py for tasks to queue
[2024-06-27T14:40:20.608+0000] {logging_mixin.py:188} INFO - [2024-06-27T14:40:20.608+0000] {dagbag.py:545} INFO - Filling up the DagBag from /home/airflow/.local/lib/python3.12/site-packages/airflow/example_dags/example_external_task_marker_dag.py
[2024-06-27T14:40:20.616+0000] {processor.py:840} INFO - DAG(s) 'example_external_task_marker_parent', 'example_external_task_marker_child' retrieved from /home/airflow/.local/lib/python3.12/site-packages/airflow/example_dags/example_external_task_marker_dag.py
[2024-06-27T14:40:20.647+0000] {logging_mixin.py:188} INFO - [2024-06-27T14:40:20.647+0000] {dag.py:3096} INFO - Sync 2 DAGs
[2024-06-27T14:40:20.670+0000] {logging_mixin.py:188} INFO - [2024-06-27T14:40:20.669+0000] {dag.py:3954} INFO - Setting next_dagrun for example_external_task_marker_child to None, run_after=None
[2024-06-27T14:40:20.675+0000] {logging_mixin.py:188} INFO - [2024-06-27T14:40:20.675+0000] {dag.py:3954} INFO - Setting next_dagrun for example_external_task_marker_parent to None, run_after=None
[2024-06-27T14:40:20.701+0000] {processor.py:183} INFO - Processing /home/airflow/.local/lib/python3.12/site-packages/airflow/example_dags/example_external_task_marker_dag.py took 0.106 seconds
[2024-06-27T14:40:51.055+0000] {processor.py:161} INFO - Started process (PID=187) to work on /home/airflow/.local/lib/python3.12/site-packages/airflow/example_dags/example_external_task_marker_dag.py
[2024-06-27T14:40:51.056+0000] {processor.py:830} INFO - Processing file /home/airflow/.local/lib/python3.12/site-packages/airflow/example_dags/example_external_task_marker_dag.py for tasks to queue
[2024-06-27T14:40:51.060+0000] {logging_mixin.py:188} INFO - [2024-06-27T14:40:51.059+0000] {dagbag.py:545} INFO - Filling up the DagBag from /home/airflow/.local/lib/python3.12/site-packages/airflow/example_dags/example_external_task_marker_dag.py
[2024-06-27T14:40:51.068+0000] {processor.py:840} INFO - DAG(s) 'example_external_task_marker_parent', 'example_external_task_marker_child' retrieved from /home/airflow/.local/lib/python3.12/site-packages/airflow/example_dags/example_external_task_marker_dag.py
[2024-06-27T14:40:51.101+0000] {logging_mixin.py:188} INFO - [2024-06-27T14:40:51.100+0000] {dag.py:3096} INFO - Sync 2 DAGs
[2024-06-27T14:40:51.117+0000] {logging_mixin.py:188} INFO - [2024-06-27T14:40:51.117+0000] {dag.py:3954} INFO - Setting next_dagrun for example_external_task_marker_child to None, run_after=None
[2024-06-27T14:40:51.124+0000] {logging_mixin.py:188} INFO - [2024-06-27T14:40:51.123+0000] {dag.py:3954} INFO - Setting next_dagrun for example_external_task_marker_parent to None, run_after=None
[2024-06-27T14:40:51.149+0000] {processor.py:183} INFO - Processing /home/airflow/.local/lib/python3.12/site-packages/airflow/example_dags/example_external_task_marker_dag.py took 0.107 seconds
[2024-06-27T14:41:21.340+0000] {processor.py:161} INFO - Started process (PID=246) to work on /home/airflow/.local/lib/python3.12/site-packages/airflow/example_dags/example_external_task_marker_dag.py
[2024-06-27T14:41:21.342+0000] {processor.py:830} INFO - Processing file /home/airflow/.local/lib/python3.12/site-packages/airflow/example_dags/example_external_task_marker_dag.py for tasks to queue
[2024-06-27T14:41:21.344+0000] {logging_mixin.py:188} INFO - [2024-06-27T14:41:21.344+0000] {dagbag.py:545} INFO - Filling up the DagBag from /home/airflow/.local/lib/python3.12/site-packages/airflow/example_dags/example_external_task_marker_dag.py
[2024-06-27T14:41:21.353+0000] {processor.py:840} INFO - DAG(s) 'example_external_task_marker_parent', 'example_external_task_marker_child' retrieved from /home/airflow/.local/lib/python3.12/site-packages/airflow/example_dags/example_external_task_marker_dag.py
[2024-06-27T14:41:21.389+0000] {logging_mixin.py:188} INFO - [2024-06-27T14:41:21.389+0000] {dag.py:3096} INFO - Sync 2 DAGs
[2024-06-27T14:41:21.408+0000] {logging_mixin.py:188} INFO - [2024-06-27T14:41:21.408+0000] {dag.py:3954} INFO - Setting next_dagrun for example_external_task_marker_child to None, run_after=None
[2024-06-27T14:41:21.414+0000] {logging_mixin.py:188} INFO - [2024-06-27T14:41:21.414+0000] {dag.py:3954} INFO - Setting next_dagrun for example_external_task_marker_parent to None, run_after=None
[2024-06-27T14:41:21.446+0000] {processor.py:183} INFO - Processing /home/airflow/.local/lib/python3.12/site-packages/airflow/example_dags/example_external_task_marker_dag.py took 0.114 seconds
[2024-06-27T14:41:51.887+0000] {processor.py:161} INFO - Started process (PID=305) to work on /home/airflow/.local/lib/python3.12/site-packages/airflow/example_dags/example_external_task_marker_dag.py
[2024-06-27T14:41:51.895+0000] {processor.py:830} INFO - Processing file /home/airflow/.local/lib/python3.12/site-packages/airflow/example_dags/example_external_task_marker_dag.py for tasks to queue
[2024-06-27T14:41:51.907+0000] {logging_mixin.py:188} INFO - [2024-06-27T14:41:51.905+0000] {dagbag.py:545} INFO - Filling up the DagBag from /home/airflow/.local/lib/python3.12/site-packages/airflow/example_dags/example_external_task_marker_dag.py
[2024-06-27T14:41:51.950+0000] {processor.py:840} INFO - DAG(s) 'example_external_task_marker_child', 'example_external_task_marker_parent' retrieved from /home/airflow/.local/lib/python3.12/site-packages/airflow/example_dags/example_external_task_marker_dag.py
[2024-06-27T14:41:52.173+0000] {logging_mixin.py:188} INFO - [2024-06-27T14:41:52.169+0000] {dag.py:3096} INFO - Sync 2 DAGs
[2024-06-27T14:41:52.371+0000] {logging_mixin.py:188} INFO - [2024-06-27T14:41:52.368+0000] {dag.py:3954} INFO - Setting next_dagrun for example_external_task_marker_child to None, run_after=None
[2024-06-27T14:41:52.422+0000] {logging_mixin.py:188} INFO - [2024-06-27T14:41:52.416+0000] {dag.py:3954} INFO - Setting next_dagrun for example_external_task_marker_parent to None, run_after=None
[2024-06-27T14:41:52.657+0000] {processor.py:183} INFO - Processing /home/airflow/.local/lib/python3.12/site-packages/airflow/example_dags/example_external_task_marker_dag.py took 0.809 seconds
[2024-06-27T14:42:22.995+0000] {processor.py:161} INFO - Started process (PID=364) to work on /home/airflow/.local/lib/python3.12/site-packages/airflow/example_dags/example_external_task_marker_dag.py
[2024-06-27T14:42:22.997+0000] {processor.py:830} INFO - Processing file /home/airflow/.local/lib/python3.12/site-packages/airflow/example_dags/example_external_task_marker_dag.py for tasks to queue
[2024-06-27T14:42:23.000+0000] {logging_mixin.py:188} INFO - [2024-06-27T14:42:23.000+0000] {dagbag.py:545} INFO - Filling up the DagBag from /home/airflow/.local/lib/python3.12/site-packages/airflow/example_dags/example_external_task_marker_dag.py
[2024-06-27T14:42:23.009+0000] {processor.py:840} INFO - DAG(s) 'example_external_task_marker_parent', 'example_external_task_marker_child' retrieved from /home/airflow/.local/lib/python3.12/site-packages/airflow/example_dags/example_external_task_marker_dag.py
[2024-06-27T14:42:23.042+0000] {logging_mixin.py:188} INFO - [2024-06-27T14:42:23.041+0000] {dag.py:3096} INFO - Sync 2 DAGs
[2024-06-27T14:42:23.059+0000] {logging_mixin.py:188} INFO - [2024-06-27T14:42:23.059+0000] {dag.py:3954} INFO - Setting next_dagrun for example_external_task_marker_child to None, run_after=None
[2024-06-27T14:42:23.065+0000] {logging_mixin.py:188} INFO - [2024-06-27T14:42:23.065+0000] {dag.py:3954} INFO - Setting next_dagrun for example_external_task_marker_parent to None, run_after=None
[2024-06-27T14:42:23.092+0000] {processor.py:183} INFO - Processing /home/airflow/.local/lib/python3.12/site-packages/airflow/example_dags/example_external_task_marker_dag.py took 0.105 seconds
[2024-06-27T14:44:26.532+0000] {processor.py:161} INFO - Started process (PID=63) to work on /home/airflow/.local/lib/python3.12/site-packages/airflow/example_dags/example_external_task_marker_dag.py
[2024-06-27T14:44:26.535+0000] {processor.py:830} INFO - Processing file /home/airflow/.local/lib/python3.12/site-packages/airflow/example_dags/example_external_task_marker_dag.py for tasks to queue
[2024-06-27T14:44:26.540+0000] {logging_mixin.py:188} INFO - [2024-06-27T14:44:26.539+0000] {dagbag.py:545} INFO - Filling up the DagBag from /home/airflow/.local/lib/python3.12/site-packages/airflow/example_dags/example_external_task_marker_dag.py
[2024-06-27T14:44:26.561+0000] {processor.py:840} INFO - DAG(s) 'example_external_task_marker_parent', 'example_external_task_marker_child' retrieved from /home/airflow/.local/lib/python3.12/site-packages/airflow/example_dags/example_external_task_marker_dag.py
[2024-06-27T14:44:26.894+0000] {logging_mixin.py:188} INFO - [2024-06-27T14:44:26.894+0000] {dag.py:3096} INFO - Sync 2 DAGs
[2024-06-27T14:44:26.929+0000] {logging_mixin.py:188} INFO - [2024-06-27T14:44:26.927+0000] {dag.py:3954} INFO - Setting next_dagrun for example_external_task_marker_child to None, run_after=None
[2024-06-27T14:44:26.937+0000] {logging_mixin.py:188} INFO - [2024-06-27T14:44:26.937+0000] {dag.py:3954} INFO - Setting next_dagrun for example_external_task_marker_parent to None, run_after=None
[2024-06-27T14:44:26.982+0000] {processor.py:183} INFO - Processing /home/airflow/.local/lib/python3.12/site-packages/airflow/example_dags/example_external_task_marker_dag.py took 0.464 seconds
[2024-06-27T14:44:57.804+0000] {processor.py:161} INFO - Started process (PID=122) to work on /home/airflow/.local/lib/python3.12/site-packages/airflow/example_dags/example_external_task_marker_dag.py
[2024-06-27T14:44:57.807+0000] {processor.py:830} INFO - Processing file /home/airflow/.local/lib/python3.12/site-packages/airflow/example_dags/example_external_task_marker_dag.py for tasks to queue
[2024-06-27T14:44:57.810+0000] {logging_mixin.py:188} INFO - [2024-06-27T14:44:57.810+0000] {dagbag.py:545} INFO - Filling up the DagBag from /home/airflow/.local/lib/python3.12/site-packages/airflow/example_dags/example_external_task_marker_dag.py
[2024-06-27T14:44:57.819+0000] {processor.py:840} INFO - DAG(s) 'example_external_task_marker_parent', 'example_external_task_marker_child' retrieved from /home/airflow/.local/lib/python3.12/site-packages/airflow/example_dags/example_external_task_marker_dag.py
[2024-06-27T14:44:57.853+0000] {logging_mixin.py:188} INFO - [2024-06-27T14:44:57.852+0000] {dag.py:3096} INFO - Sync 2 DAGs
[2024-06-27T14:44:57.870+0000] {logging_mixin.py:188} INFO - [2024-06-27T14:44:57.870+0000] {dag.py:3954} INFO - Setting next_dagrun for example_external_task_marker_child to None, run_after=None
[2024-06-27T14:44:57.876+0000] {logging_mixin.py:188} INFO - [2024-06-27T14:44:57.876+0000] {dag.py:3954} INFO - Setting next_dagrun for example_external_task_marker_parent to None, run_after=None
[2024-06-27T14:44:57.903+0000] {processor.py:183} INFO - Processing /home/airflow/.local/lib/python3.12/site-packages/airflow/example_dags/example_external_task_marker_dag.py took 0.109 seconds
[2024-06-27T14:45:27.989+0000] {processor.py:161} INFO - Started process (PID=181) to work on /home/airflow/.local/lib/python3.12/site-packages/airflow/example_dags/example_external_task_marker_dag.py
[2024-06-27T14:45:27.991+0000] {processor.py:830} INFO - Processing file /home/airflow/.local/lib/python3.12/site-packages/airflow/example_dags/example_external_task_marker_dag.py for tasks to queue
[2024-06-27T14:45:27.993+0000] {logging_mixin.py:188} INFO - [2024-06-27T14:45:27.993+0000] {dagbag.py:545} INFO - Filling up the DagBag from /home/airflow/.local/lib/python3.12/site-packages/airflow/example_dags/example_external_task_marker_dag.py
[2024-06-27T14:45:28.003+0000] {processor.py:840} INFO - DAG(s) 'example_external_task_marker_parent', 'example_external_task_marker_child' retrieved from /home/airflow/.local/lib/python3.12/site-packages/airflow/example_dags/example_external_task_marker_dag.py
[2024-06-27T14:45:28.039+0000] {logging_mixin.py:188} INFO - [2024-06-27T14:45:28.039+0000] {dag.py:3096} INFO - Sync 2 DAGs
[2024-06-27T14:45:28.060+0000] {logging_mixin.py:188} INFO - [2024-06-27T14:45:28.059+0000] {dag.py:3954} INFO - Setting next_dagrun for example_external_task_marker_child to None, run_after=None
[2024-06-27T14:45:28.067+0000] {logging_mixin.py:188} INFO - [2024-06-27T14:45:28.067+0000] {dag.py:3954} INFO - Setting next_dagrun for example_external_task_marker_parent to None, run_after=None
[2024-06-27T14:45:28.093+0000] {processor.py:183} INFO - Processing /home/airflow/.local/lib/python3.12/site-packages/airflow/example_dags/example_external_task_marker_dag.py took 0.111 seconds
[2024-06-27T14:45:58.187+0000] {processor.py:161} INFO - Started process (PID=240) to work on /home/airflow/.local/lib/python3.12/site-packages/airflow/example_dags/example_external_task_marker_dag.py
[2024-06-27T14:45:58.188+0000] {processor.py:830} INFO - Processing file /home/airflow/.local/lib/python3.12/site-packages/airflow/example_dags/example_external_task_marker_dag.py for tasks to queue
[2024-06-27T14:45:58.191+0000] {logging_mixin.py:188} INFO - [2024-06-27T14:45:58.190+0000] {dagbag.py:545} INFO - Filling up the DagBag from /home/airflow/.local/lib/python3.12/site-packages/airflow/example_dags/example_external_task_marker_dag.py
[2024-06-27T14:45:58.199+0000] {processor.py:840} INFO - DAG(s) 'example_external_task_marker_parent', 'example_external_task_marker_child' retrieved from /home/airflow/.local/lib/python3.12/site-packages/airflow/example_dags/example_external_task_marker_dag.py
[2024-06-27T14:45:58.238+0000] {logging_mixin.py:188} INFO - [2024-06-27T14:45:58.238+0000] {dag.py:3096} INFO - Sync 2 DAGs
[2024-06-27T14:45:58.258+0000] {logging_mixin.py:188} INFO - [2024-06-27T14:45:58.257+0000] {dag.py:3954} INFO - Setting next_dagrun for example_external_task_marker_child to None, run_after=None
[2024-06-27T14:45:58.264+0000] {logging_mixin.py:188} INFO - [2024-06-27T14:45:58.264+0000] {dag.py:3954} INFO - Setting next_dagrun for example_external_task_marker_parent to None, run_after=None
[2024-06-27T14:45:58.293+0000] {processor.py:183} INFO - Processing /home/airflow/.local/lib/python3.12/site-packages/airflow/example_dags/example_external_task_marker_dag.py took 0.114 seconds
[2024-06-27T14:46:28.431+0000] {processor.py:161} INFO - Started process (PID=299) to work on /home/airflow/.local/lib/python3.12/site-packages/airflow/example_dags/example_external_task_marker_dag.py
[2024-06-27T14:46:28.433+0000] {processor.py:830} INFO - Processing file /home/airflow/.local/lib/python3.12/site-packages/airflow/example_dags/example_external_task_marker_dag.py for tasks to queue
[2024-06-27T14:46:28.439+0000] {logging_mixin.py:188} INFO - [2024-06-27T14:46:28.438+0000] {dagbag.py:545} INFO - Filling up the DagBag from /home/airflow/.local/lib/python3.12/site-packages/airflow/example_dags/example_external_task_marker_dag.py
[2024-06-27T14:46:28.447+0000] {processor.py:840} INFO - DAG(s) 'example_external_task_marker_parent', 'example_external_task_marker_child' retrieved from /home/airflow/.local/lib/python3.12/site-packages/airflow/example_dags/example_external_task_marker_dag.py
[2024-06-27T14:46:28.480+0000] {logging_mixin.py:188} INFO - [2024-06-27T14:46:28.480+0000] {dag.py:3096} INFO - Sync 2 DAGs
[2024-06-27T14:46:28.497+0000] {logging_mixin.py:188} INFO - [2024-06-27T14:46:28.497+0000] {dag.py:3954} INFO - Setting next_dagrun for example_external_task_marker_child to None, run_after=None
[2024-06-27T14:46:28.505+0000] {logging_mixin.py:188} INFO - [2024-06-27T14:46:28.505+0000] {dag.py:3954} INFO - Setting next_dagrun for example_external_task_marker_parent to None, run_after=None
[2024-06-27T14:46:28.534+0000] {processor.py:183} INFO - Processing /home/airflow/.local/lib/python3.12/site-packages/airflow/example_dags/example_external_task_marker_dag.py took 0.112 seconds
[2024-06-27T14:59:00.507+0000] {processor.py:161} INFO - Started process (PID=68) to work on /home/airflow/.local/lib/python3.12/site-packages/airflow/example_dags/example_external_task_marker_dag.py
[2024-06-27T14:59:00.509+0000] {processor.py:830} INFO - Processing file /home/airflow/.local/lib/python3.12/site-packages/airflow/example_dags/example_external_task_marker_dag.py for tasks to queue
[2024-06-27T14:59:00.515+0000] {logging_mixin.py:188} INFO - [2024-06-27T14:59:00.514+0000] {dagbag.py:545} INFO - Filling up the DagBag from /home/airflow/.local/lib/python3.12/site-packages/airflow/example_dags/example_external_task_marker_dag.py
[2024-06-27T14:59:00.531+0000] {processor.py:840} INFO - DAG(s) 'example_external_task_marker_parent', 'example_external_task_marker_child' retrieved from /home/airflow/.local/lib/python3.12/site-packages/airflow/example_dags/example_external_task_marker_dag.py
[2024-06-27T14:59:00.586+0000] {logging_mixin.py:188} INFO - [2024-06-27T14:59:00.585+0000] {dag.py:3096} INFO - Sync 2 DAGs
[2024-06-27T14:59:00.649+0000] {logging_mixin.py:188} INFO - [2024-06-27T14:59:00.649+0000] {dag.py:3954} INFO - Setting next_dagrun for example_external_task_marker_child to None, run_after=None
[2024-06-27T14:59:00.658+0000] {logging_mixin.py:188} INFO - [2024-06-27T14:59:00.657+0000] {dag.py:3954} INFO - Setting next_dagrun for example_external_task_marker_parent to None, run_after=None
[2024-06-27T14:59:00.704+0000] {processor.py:183} INFO - Processing /home/airflow/.local/lib/python3.12/site-packages/airflow/example_dags/example_external_task_marker_dag.py took 0.212 seconds
[2024-06-27T14:59:32.177+0000] {processor.py:161} INFO - Started process (PID=127) to work on /home/airflow/.local/lib/python3.12/site-packages/airflow/example_dags/example_external_task_marker_dag.py
[2024-06-27T14:59:32.179+0000] {processor.py:830} INFO - Processing file /home/airflow/.local/lib/python3.12/site-packages/airflow/example_dags/example_external_task_marker_dag.py for tasks to queue
[2024-06-27T14:59:32.183+0000] {logging_mixin.py:188} INFO - [2024-06-27T14:59:32.182+0000] {dagbag.py:545} INFO - Filling up the DagBag from /home/airflow/.local/lib/python3.12/site-packages/airflow/example_dags/example_external_task_marker_dag.py
[2024-06-27T14:59:32.195+0000] {processor.py:840} INFO - DAG(s) 'example_external_task_marker_parent', 'example_external_task_marker_child' retrieved from /home/airflow/.local/lib/python3.12/site-packages/airflow/example_dags/example_external_task_marker_dag.py
[2024-06-27T14:59:32.451+0000] {logging_mixin.py:188} INFO - [2024-06-27T14:59:32.450+0000] {dag.py:3096} INFO - Sync 2 DAGs
[2024-06-27T14:59:32.478+0000] {logging_mixin.py:188} INFO - [2024-06-27T14:59:32.478+0000] {dag.py:3954} INFO - Setting next_dagrun for example_external_task_marker_child to None, run_after=None
[2024-06-27T14:59:32.486+0000] {logging_mixin.py:188} INFO - [2024-06-27T14:59:32.486+0000] {dag.py:3954} INFO - Setting next_dagrun for example_external_task_marker_parent to None, run_after=None
[2024-06-27T14:59:32.527+0000] {processor.py:183} INFO - Processing /home/airflow/.local/lib/python3.12/site-packages/airflow/example_dags/example_external_task_marker_dag.py took 0.361 seconds
[2024-06-27T15:00:02.952+0000] {processor.py:161} INFO - Started process (PID=186) to work on /home/airflow/.local/lib/python3.12/site-packages/airflow/example_dags/example_external_task_marker_dag.py
[2024-06-27T15:00:02.954+0000] {processor.py:830} INFO - Processing file /home/airflow/.local/lib/python3.12/site-packages/airflow/example_dags/example_external_task_marker_dag.py for tasks to queue
[2024-06-27T15:00:02.957+0000] {logging_mixin.py:188} INFO - [2024-06-27T15:00:02.956+0000] {dagbag.py:545} INFO - Filling up the DagBag from /home/airflow/.local/lib/python3.12/site-packages/airflow/example_dags/example_external_task_marker_dag.py
[2024-06-27T15:00:02.966+0000] {processor.py:840} INFO - DAG(s) 'example_external_task_marker_child', 'example_external_task_marker_parent' retrieved from /home/airflow/.local/lib/python3.12/site-packages/airflow/example_dags/example_external_task_marker_dag.py
[2024-06-27T15:00:02.999+0000] {logging_mixin.py:188} INFO - [2024-06-27T15:00:02.998+0000] {dag.py:3096} INFO - Sync 2 DAGs
[2024-06-27T15:00:03.022+0000] {logging_mixin.py:188} INFO - [2024-06-27T15:00:03.022+0000] {dag.py:3954} INFO - Setting next_dagrun for example_external_task_marker_child to None, run_after=None
[2024-06-27T15:00:03.031+0000] {logging_mixin.py:188} INFO - [2024-06-27T15:00:03.030+0000] {dag.py:3954} INFO - Setting next_dagrun for example_external_task_marker_parent to None, run_after=None
[2024-06-27T15:00:03.060+0000] {processor.py:183} INFO - Processing /home/airflow/.local/lib/python3.12/site-packages/airflow/example_dags/example_external_task_marker_dag.py took 0.115 seconds
[2024-06-27T15:00:34.987+0000] {processor.py:161} INFO - Started process (PID=245) to work on /home/airflow/.local/lib/python3.12/site-packages/airflow/example_dags/example_external_task_marker_dag.py
[2024-06-27T15:00:34.992+0000] {processor.py:830} INFO - Processing file /home/airflow/.local/lib/python3.12/site-packages/airflow/example_dags/example_external_task_marker_dag.py for tasks to queue
[2024-06-27T15:00:35.001+0000] {logging_mixin.py:188} INFO - [2024-06-27T15:00:35.001+0000] {dagbag.py:545} INFO - Filling up the DagBag from /home/airflow/.local/lib/python3.12/site-packages/airflow/example_dags/example_external_task_marker_dag.py
[2024-06-27T15:00:35.018+0000] {processor.py:840} INFO - DAG(s) 'example_external_task_marker_child', 'example_external_task_marker_parent' retrieved from /home/airflow/.local/lib/python3.12/site-packages/airflow/example_dags/example_external_task_marker_dag.py
[2024-06-27T15:00:35.093+0000] {logging_mixin.py:188} INFO - [2024-06-27T15:00:35.092+0000] {dag.py:3096} INFO - Sync 2 DAGs
[2024-06-27T15:00:35.134+0000] {logging_mixin.py:188} INFO - [2024-06-27T15:00:35.134+0000] {dag.py:3954} INFO - Setting next_dagrun for example_external_task_marker_child to None, run_after=None
[2024-06-27T15:00:35.145+0000] {logging_mixin.py:188} INFO - [2024-06-27T15:00:35.144+0000] {dag.py:3954} INFO - Setting next_dagrun for example_external_task_marker_parent to None, run_after=None
[2024-06-27T15:00:35.188+0000] {processor.py:183} INFO - Processing /home/airflow/.local/lib/python3.12/site-packages/airflow/example_dags/example_external_task_marker_dag.py took 0.217 seconds
[2024-06-27T15:02:18.603+0000] {processor.py:161} INFO - Started process (PID=79) to work on /home/airflow/.local/lib/python3.12/site-packages/airflow/example_dags/example_external_task_marker_dag.py
[2024-06-27T15:02:18.605+0000] {processor.py:830} INFO - Processing file /home/airflow/.local/lib/python3.12/site-packages/airflow/example_dags/example_external_task_marker_dag.py for tasks to queue
[2024-06-27T15:02:18.609+0000] {logging_mixin.py:188} INFO - [2024-06-27T15:02:18.608+0000] {dagbag.py:545} INFO - Filling up the DagBag from /home/airflow/.local/lib/python3.12/site-packages/airflow/example_dags/example_external_task_marker_dag.py
[2024-06-27T15:02:18.622+0000] {processor.py:840} INFO - DAG(s) 'example_external_task_marker_parent', 'example_external_task_marker_child' retrieved from /home/airflow/.local/lib/python3.12/site-packages/airflow/example_dags/example_external_task_marker_dag.py
[2024-06-27T15:02:18.834+0000] {logging_mixin.py:188} INFO - [2024-06-27T15:02:18.833+0000] {dag.py:3096} INFO - Sync 2 DAGs
[2024-06-27T15:02:18.856+0000] {logging_mixin.py:188} INFO - [2024-06-27T15:02:18.855+0000] {dag.py:3954} INFO - Setting next_dagrun for example_external_task_marker_child to None, run_after=None
[2024-06-27T15:02:18.863+0000] {logging_mixin.py:188} INFO - [2024-06-27T15:02:18.862+0000] {dag.py:3954} INFO - Setting next_dagrun for example_external_task_marker_parent to None, run_after=None
[2024-06-27T15:02:18.905+0000] {processor.py:183} INFO - Processing /home/airflow/.local/lib/python3.12/site-packages/airflow/example_dags/example_external_task_marker_dag.py took 0.311 seconds
[2024-06-27T15:02:49.416+0000] {processor.py:161} INFO - Started process (PID=147) to work on /home/airflow/.local/lib/python3.12/site-packages/airflow/example_dags/example_external_task_marker_dag.py
[2024-06-27T15:02:49.418+0000] {processor.py:830} INFO - Processing file /home/airflow/.local/lib/python3.12/site-packages/airflow/example_dags/example_external_task_marker_dag.py for tasks to queue
[2024-06-27T15:02:49.421+0000] {logging_mixin.py:188} INFO - [2024-06-27T15:02:49.421+0000] {dagbag.py:545} INFO - Filling up the DagBag from /home/airflow/.local/lib/python3.12/site-packages/airflow/example_dags/example_external_task_marker_dag.py
[2024-06-27T15:02:49.431+0000] {processor.py:840} INFO - DAG(s) 'example_external_task_marker_child', 'example_external_task_marker_parent' retrieved from /home/airflow/.local/lib/python3.12/site-packages/airflow/example_dags/example_external_task_marker_dag.py
[2024-06-27T15:02:49.466+0000] {logging_mixin.py:188} INFO - [2024-06-27T15:02:49.465+0000] {dag.py:3096} INFO - Sync 2 DAGs
[2024-06-27T15:02:49.489+0000] {logging_mixin.py:188} INFO - [2024-06-27T15:02:49.489+0000] {dag.py:3954} INFO - Setting next_dagrun for example_external_task_marker_child to None, run_after=None
[2024-06-27T15:02:49.495+0000] {logging_mixin.py:188} INFO - [2024-06-27T15:02:49.494+0000] {dag.py:3954} INFO - Setting next_dagrun for example_external_task_marker_parent to None, run_after=None
[2024-06-27T15:02:49.526+0000] {processor.py:183} INFO - Processing /home/airflow/.local/lib/python3.12/site-packages/airflow/example_dags/example_external_task_marker_dag.py took 0.119 seconds
[2024-06-27T15:03:19.829+0000] {processor.py:161} INFO - Started process (PID=215) to work on /home/airflow/.local/lib/python3.12/site-packages/airflow/example_dags/example_external_task_marker_dag.py
[2024-06-27T15:03:19.831+0000] {processor.py:830} INFO - Processing file /home/airflow/.local/lib/python3.12/site-packages/airflow/example_dags/example_external_task_marker_dag.py for tasks to queue
[2024-06-27T15:03:19.834+0000] {logging_mixin.py:188} INFO - [2024-06-27T15:03:19.834+0000] {dagbag.py:545} INFO - Filling up the DagBag from /home/airflow/.local/lib/python3.12/site-packages/airflow/example_dags/example_external_task_marker_dag.py
[2024-06-27T15:03:19.843+0000] {processor.py:840} INFO - DAG(s) 'example_external_task_marker_parent', 'example_external_task_marker_child' retrieved from /home/airflow/.local/lib/python3.12/site-packages/airflow/example_dags/example_external_task_marker_dag.py
[2024-06-27T15:03:19.877+0000] {logging_mixin.py:188} INFO - [2024-06-27T15:03:19.876+0000] {dag.py:3096} INFO - Sync 2 DAGs
[2024-06-27T15:03:19.896+0000] {logging_mixin.py:188} INFO - [2024-06-27T15:03:19.895+0000] {dag.py:3954} INFO - Setting next_dagrun for example_external_task_marker_child to None, run_after=None
[2024-06-27T15:03:19.901+0000] {logging_mixin.py:188} INFO - [2024-06-27T15:03:19.901+0000] {dag.py:3954} INFO - Setting next_dagrun for example_external_task_marker_parent to None, run_after=None
[2024-06-27T15:03:19.926+0000] {processor.py:183} INFO - Processing /home/airflow/.local/lib/python3.12/site-packages/airflow/example_dags/example_external_task_marker_dag.py took 0.106 seconds
[2024-06-27T15:03:58.544+0000] {processor.py:161} INFO - Started process (PID=283) to work on /home/airflow/.local/lib/python3.12/site-packages/airflow/example_dags/example_external_task_marker_dag.py
[2024-06-27T15:03:58.548+0000] {processor.py:830} INFO - Processing file /home/airflow/.local/lib/python3.12/site-packages/airflow/example_dags/example_external_task_marker_dag.py for tasks to queue
[2024-06-27T15:03:58.561+0000] {logging_mixin.py:188} INFO - [2024-06-27T15:03:58.560+0000] {dagbag.py:545} INFO - Filling up the DagBag from /home/airflow/.local/lib/python3.12/site-packages/airflow/example_dags/example_external_task_marker_dag.py
[2024-06-27T15:03:58.590+0000] {processor.py:840} INFO - DAG(s) 'example_external_task_marker_child', 'example_external_task_marker_parent' retrieved from /home/airflow/.local/lib/python3.12/site-packages/airflow/example_dags/example_external_task_marker_dag.py
[2024-06-27T15:03:59.201+0000] {logging_mixin.py:188} INFO - [2024-06-27T15:03:59.200+0000] {dag.py:3096} INFO - Sync 2 DAGs
[2024-06-27T15:03:59.414+0000] {logging_mixin.py:188} INFO - [2024-06-27T15:03:59.414+0000] {dag.py:3954} INFO - Setting next_dagrun for example_external_task_marker_child to None, run_after=None
[2024-06-27T15:03:59.434+0000] {logging_mixin.py:188} INFO - [2024-06-27T15:03:59.431+0000] {dag.py:3954} INFO - Setting next_dagrun for example_external_task_marker_parent to None, run_after=None
[2024-06-27T15:03:59.486+0000] {processor.py:183} INFO - Processing /home/airflow/.local/lib/python3.12/site-packages/airflow/example_dags/example_external_task_marker_dag.py took 0.956 seconds
[2024-06-27T15:04:30.335+0000] {processor.py:161} INFO - Started process (PID=368) to work on /home/airflow/.local/lib/python3.12/site-packages/airflow/example_dags/example_external_task_marker_dag.py
[2024-06-27T15:04:30.343+0000] {processor.py:830} INFO - Processing file /home/airflow/.local/lib/python3.12/site-packages/airflow/example_dags/example_external_task_marker_dag.py for tasks to queue
[2024-06-27T15:04:30.352+0000] {logging_mixin.py:188} INFO - [2024-06-27T15:04:30.348+0000] {dagbag.py:545} INFO - Filling up the DagBag from /home/airflow/.local/lib/python3.12/site-packages/airflow/example_dags/example_external_task_marker_dag.py
[2024-06-27T15:04:30.372+0000] {processor.py:840} INFO - DAG(s) 'example_external_task_marker_child', 'example_external_task_marker_parent' retrieved from /home/airflow/.local/lib/python3.12/site-packages/airflow/example_dags/example_external_task_marker_dag.py
[2024-06-27T15:04:30.584+0000] {logging_mixin.py:188} INFO - [2024-06-27T15:04:30.583+0000] {dag.py:3096} INFO - Sync 2 DAGs
[2024-06-27T15:04:30.715+0000] {logging_mixin.py:188} INFO - [2024-06-27T15:04:30.714+0000] {dag.py:3954} INFO - Setting next_dagrun for example_external_task_marker_child to None, run_after=None
[2024-06-27T15:04:30.726+0000] {logging_mixin.py:188} INFO - [2024-06-27T15:04:30.726+0000] {dag.py:3954} INFO - Setting next_dagrun for example_external_task_marker_parent to None, run_after=None
[2024-06-27T15:04:30.820+0000] {processor.py:183} INFO - Processing /home/airflow/.local/lib/python3.12/site-packages/airflow/example_dags/example_external_task_marker_dag.py took 0.506 seconds
[2024-06-27T15:05:03.937+0000] {processor.py:161} INFO - Started process (PID=440) to work on /home/airflow/.local/lib/python3.12/site-packages/airflow/example_dags/example_external_task_marker_dag.py
[2024-06-27T15:05:03.944+0000] {processor.py:830} INFO - Processing file /home/airflow/.local/lib/python3.12/site-packages/airflow/example_dags/example_external_task_marker_dag.py for tasks to queue
[2024-06-27T15:05:03.955+0000] {logging_mixin.py:188} INFO - [2024-06-27T15:05:03.954+0000] {dagbag.py:545} INFO - Filling up the DagBag from /home/airflow/.local/lib/python3.12/site-packages/airflow/example_dags/example_external_task_marker_dag.py
[2024-06-27T15:05:03.973+0000] {processor.py:840} INFO - DAG(s) 'example_external_task_marker_child', 'example_external_task_marker_parent' retrieved from /home/airflow/.local/lib/python3.12/site-packages/airflow/example_dags/example_external_task_marker_dag.py
[2024-06-27T15:05:04.055+0000] {logging_mixin.py:188} INFO - [2024-06-27T15:05:04.055+0000] {dag.py:3096} INFO - Sync 2 DAGs
[2024-06-27T15:05:04.096+0000] {logging_mixin.py:188} INFO - [2024-06-27T15:05:04.096+0000] {dag.py:3954} INFO - Setting next_dagrun for example_external_task_marker_child to None, run_after=None
[2024-06-27T15:05:04.106+0000] {logging_mixin.py:188} INFO - [2024-06-27T15:05:04.106+0000] {dag.py:3954} INFO - Setting next_dagrun for example_external_task_marker_parent to None, run_after=None
[2024-06-27T15:05:04.169+0000] {processor.py:183} INFO - Processing /home/airflow/.local/lib/python3.12/site-packages/airflow/example_dags/example_external_task_marker_dag.py took 0.257 seconds
[2024-06-27T15:05:35.355+0000] {processor.py:161} INFO - Started process (PID=523) to work on /home/airflow/.local/lib/python3.12/site-packages/airflow/example_dags/example_external_task_marker_dag.py
[2024-06-27T15:05:35.362+0000] {processor.py:830} INFO - Processing file /home/airflow/.local/lib/python3.12/site-packages/airflow/example_dags/example_external_task_marker_dag.py for tasks to queue
[2024-06-27T15:05:35.387+0000] {logging_mixin.py:188} INFO - [2024-06-27T15:05:35.369+0000] {dagbag.py:545} INFO - Filling up the DagBag from /home/airflow/.local/lib/python3.12/site-packages/airflow/example_dags/example_external_task_marker_dag.py
[2024-06-27T15:05:35.414+0000] {processor.py:840} INFO - DAG(s) 'example_external_task_marker_parent', 'example_external_task_marker_child' retrieved from /home/airflow/.local/lib/python3.12/site-packages/airflow/example_dags/example_external_task_marker_dag.py
[2024-06-27T15:05:35.524+0000] {logging_mixin.py:188} INFO - [2024-06-27T15:05:35.523+0000] {dag.py:3096} INFO - Sync 2 DAGs
[2024-06-27T15:05:35.584+0000] {logging_mixin.py:188} INFO - [2024-06-27T15:05:35.583+0000] {dag.py:3954} INFO - Setting next_dagrun for example_external_task_marker_child to None, run_after=None
[2024-06-27T15:05:35.604+0000] {logging_mixin.py:188} INFO - [2024-06-27T15:05:35.603+0000] {dag.py:3954} INFO - Setting next_dagrun for example_external_task_marker_parent to None, run_after=None
[2024-06-27T15:05:35.685+0000] {processor.py:183} INFO - Processing /home/airflow/.local/lib/python3.12/site-packages/airflow/example_dags/example_external_task_marker_dag.py took 0.351 seconds
[2024-06-27T15:06:06.673+0000] {processor.py:161} INFO - Started process (PID=598) to work on /home/airflow/.local/lib/python3.12/site-packages/airflow/example_dags/example_external_task_marker_dag.py
[2024-06-27T15:06:06.700+0000] {processor.py:830} INFO - Processing file /home/airflow/.local/lib/python3.12/site-packages/airflow/example_dags/example_external_task_marker_dag.py for tasks to queue
[2024-06-27T15:06:06.713+0000] {logging_mixin.py:188} INFO - [2024-06-27T15:06:06.711+0000] {dagbag.py:545} INFO - Filling up the DagBag from /home/airflow/.local/lib/python3.12/site-packages/airflow/example_dags/example_external_task_marker_dag.py
[2024-06-27T15:06:06.771+0000] {processor.py:840} INFO - DAG(s) 'example_external_task_marker_child', 'example_external_task_marker_parent' retrieved from /home/airflow/.local/lib/python3.12/site-packages/airflow/example_dags/example_external_task_marker_dag.py
[2024-06-27T15:06:07.041+0000] {logging_mixin.py:188} INFO - [2024-06-27T15:06:07.039+0000] {dag.py:3096} INFO - Sync 2 DAGs
[2024-06-27T15:06:07.191+0000] {logging_mixin.py:188} INFO - [2024-06-27T15:06:07.189+0000] {dag.py:3954} INFO - Setting next_dagrun for example_external_task_marker_child to None, run_after=None
[2024-06-27T15:06:07.251+0000] {logging_mixin.py:188} INFO - [2024-06-27T15:06:07.250+0000] {dag.py:3954} INFO - Setting next_dagrun for example_external_task_marker_parent to None, run_after=None
[2024-06-27T15:06:07.445+0000] {processor.py:183} INFO - Processing /home/airflow/.local/lib/python3.12/site-packages/airflow/example_dags/example_external_task_marker_dag.py took 0.824 seconds
[2024-06-27T15:06:37.567+0000] {processor.py:161} INFO - Started process (PID=675) to work on /home/airflow/.local/lib/python3.12/site-packages/airflow/example_dags/example_external_task_marker_dag.py
[2024-06-27T15:06:37.570+0000] {processor.py:830} INFO - Processing file /home/airflow/.local/lib/python3.12/site-packages/airflow/example_dags/example_external_task_marker_dag.py for tasks to queue
[2024-06-27T15:06:37.574+0000] {logging_mixin.py:188} INFO - [2024-06-27T15:06:37.573+0000] {dagbag.py:545} INFO - Filling up the DagBag from /home/airflow/.local/lib/python3.12/site-packages/airflow/example_dags/example_external_task_marker_dag.py
[2024-06-27T15:06:37.595+0000] {processor.py:840} INFO - DAG(s) 'example_external_task_marker_child', 'example_external_task_marker_parent' retrieved from /home/airflow/.local/lib/python3.12/site-packages/airflow/example_dags/example_external_task_marker_dag.py
[2024-06-27T15:06:37.670+0000] {logging_mixin.py:188} INFO - [2024-06-27T15:06:37.669+0000] {dag.py:3096} INFO - Sync 2 DAGs
[2024-06-27T15:06:37.719+0000] {logging_mixin.py:188} INFO - [2024-06-27T15:06:37.718+0000] {dag.py:3954} INFO - Setting next_dagrun for example_external_task_marker_child to None, run_after=None
[2024-06-27T15:06:37.732+0000] {logging_mixin.py:188} INFO - [2024-06-27T15:06:37.732+0000] {dag.py:3954} INFO - Setting next_dagrun for example_external_task_marker_parent to None, run_after=None
[2024-06-27T15:06:37.802+0000] {processor.py:183} INFO - Processing /home/airflow/.local/lib/python3.12/site-packages/airflow/example_dags/example_external_task_marker_dag.py took 0.258 seconds
[2024-06-27T15:07:08.299+0000] {processor.py:161} INFO - Started process (PID=764) to work on /home/airflow/.local/lib/python3.12/site-packages/airflow/example_dags/example_external_task_marker_dag.py
[2024-06-27T15:07:08.302+0000] {processor.py:830} INFO - Processing file /home/airflow/.local/lib/python3.12/site-packages/airflow/example_dags/example_external_task_marker_dag.py for tasks to queue
[2024-06-27T15:07:08.320+0000] {logging_mixin.py:188} INFO - [2024-06-27T15:07:08.319+0000] {dagbag.py:545} INFO - Filling up the DagBag from /home/airflow/.local/lib/python3.12/site-packages/airflow/example_dags/example_external_task_marker_dag.py
[2024-06-27T15:07:08.340+0000] {processor.py:840} INFO - DAG(s) 'example_external_task_marker_child', 'example_external_task_marker_parent' retrieved from /home/airflow/.local/lib/python3.12/site-packages/airflow/example_dags/example_external_task_marker_dag.py
[2024-06-27T15:07:08.464+0000] {logging_mixin.py:188} INFO - [2024-06-27T15:07:08.464+0000] {dag.py:3096} INFO - Sync 2 DAGs
[2024-06-27T15:07:08.537+0000] {logging_mixin.py:188} INFO - [2024-06-27T15:07:08.536+0000] {dag.py:3954} INFO - Setting next_dagrun for example_external_task_marker_child to None, run_after=None
[2024-06-27T15:07:08.563+0000] {logging_mixin.py:188} INFO - [2024-06-27T15:07:08.563+0000] {dag.py:3954} INFO - Setting next_dagrun for example_external_task_marker_parent to None, run_after=None
[2024-06-27T15:07:08.636+0000] {processor.py:183} INFO - Processing /home/airflow/.local/lib/python3.12/site-packages/airflow/example_dags/example_external_task_marker_dag.py took 0.361 seconds
[2024-06-27T15:07:38.840+0000] {processor.py:161} INFO - Started process (PID=853) to work on /home/airflow/.local/lib/python3.12/site-packages/airflow/example_dags/example_external_task_marker_dag.py
[2024-06-27T15:07:38.843+0000] {processor.py:830} INFO - Processing file /home/airflow/.local/lib/python3.12/site-packages/airflow/example_dags/example_external_task_marker_dag.py for tasks to queue
[2024-06-27T15:07:38.851+0000] {logging_mixin.py:188} INFO - [2024-06-27T15:07:38.849+0000] {dagbag.py:545} INFO - Filling up the DagBag from /home/airflow/.local/lib/python3.12/site-packages/airflow/example_dags/example_external_task_marker_dag.py
[2024-06-27T15:07:38.892+0000] {processor.py:840} INFO - DAG(s) 'example_external_task_marker_child', 'example_external_task_marker_parent' retrieved from /home/airflow/.local/lib/python3.12/site-packages/airflow/example_dags/example_external_task_marker_dag.py
[2024-06-27T15:07:38.993+0000] {logging_mixin.py:188} INFO - [2024-06-27T15:07:38.992+0000] {dag.py:3096} INFO - Sync 2 DAGs
[2024-06-27T15:07:39.048+0000] {logging_mixin.py:188} INFO - [2024-06-27T15:07:39.047+0000] {dag.py:3954} INFO - Setting next_dagrun for example_external_task_marker_child to None, run_after=None
[2024-06-27T15:07:39.060+0000] {logging_mixin.py:188} INFO - [2024-06-27T15:07:39.060+0000] {dag.py:3954} INFO - Setting next_dagrun for example_external_task_marker_parent to None, run_after=None
[2024-06-27T15:07:39.147+0000] {processor.py:183} INFO - Processing /home/airflow/.local/lib/python3.12/site-packages/airflow/example_dags/example_external_task_marker_dag.py took 0.329 seconds
