[2024-06-27T14:36:37.805+0000] {processor.py:161} INFO - Started process (PID=52) to work on /home/airflow/.local/lib/python3.12/site-packages/airflow/example_dags/example_kubernetes_executor.py
[2024-06-27T14:36:37.809+0000] {processor.py:830} INFO - Processing file /home/airflow/.local/lib/python3.12/site-packages/airflow/example_dags/example_kubernetes_executor.py for tasks to queue
[2024-06-27T14:36:37.814+0000] {logging_mixin.py:188} INFO - [2024-06-27T14:36:37.814+0000] {dagbag.py:545} INFO - Filling up the DagBag from /home/airflow/.local/lib/python3.12/site-packages/airflow/example_dags/example_kubernetes_executor.py
[2024-06-27T14:36:37.900+0000] {processor.py:840} INFO - DAG(s) 'example_kubernetes_executor' retrieved from /home/airflow/.local/lib/python3.12/site-packages/airflow/example_dags/example_kubernetes_executor.py
[2024-06-27T14:36:38.657+0000] {logging_mixin.py:188} INFO - [2024-06-27T14:36:38.655+0000] {override.py:1829} INFO - Created Permission View: can edit on DAG:example_kubernetes_executor
[2024-06-27T14:36:38.701+0000] {logging_mixin.py:188} INFO - [2024-06-27T14:36:38.700+0000] {override.py:1829} INFO - Created Permission View: can delete on DAG:example_kubernetes_executor
[2024-06-27T14:36:38.723+0000] {logging_mixin.py:188} INFO - [2024-06-27T14:36:38.722+0000] {override.py:1829} INFO - Created Permission View: can read on DAG:example_kubernetes_executor
[2024-06-27T14:36:38.725+0000] {logging_mixin.py:188} INFO - [2024-06-27T14:36:38.724+0000] {dag.py:3096} INFO - Sync 1 DAGs
[2024-06-27T14:36:38.770+0000] {logging_mixin.py:188} INFO - [2024-06-27T14:36:38.769+0000] {dag.py:3118} INFO - Creating ORM DAG for example_kubernetes_executor
[2024-06-27T14:36:38.773+0000] {logging_mixin.py:188} INFO - [2024-06-27T14:36:38.773+0000] {dag.py:3954} INFO - Setting next_dagrun for example_kubernetes_executor to None, run_after=None
[2024-06-27T14:36:38.827+0000] {processor.py:183} INFO - Processing /home/airflow/.local/lib/python3.12/site-packages/airflow/example_dags/example_kubernetes_executor.py took 1.042 seconds
[2024-06-27T14:37:09.579+0000] {processor.py:161} INFO - Started process (PID=110) to work on /home/airflow/.local/lib/python3.12/site-packages/airflow/example_dags/example_kubernetes_executor.py
[2024-06-27T14:37:09.580+0000] {processor.py:830} INFO - Processing file /home/airflow/.local/lib/python3.12/site-packages/airflow/example_dags/example_kubernetes_executor.py for tasks to queue
[2024-06-27T14:37:09.584+0000] {logging_mixin.py:188} INFO - [2024-06-27T14:37:09.583+0000] {dagbag.py:545} INFO - Filling up the DagBag from /home/airflow/.local/lib/python3.12/site-packages/airflow/example_dags/example_kubernetes_executor.py
[2024-06-27T14:37:09.602+0000] {processor.py:840} INFO - DAG(s) 'example_kubernetes_executor' retrieved from /home/airflow/.local/lib/python3.12/site-packages/airflow/example_dags/example_kubernetes_executor.py
[2024-06-27T14:37:09.651+0000] {logging_mixin.py:188} INFO - [2024-06-27T14:37:09.651+0000] {dag.py:3096} INFO - Sync 1 DAGs
[2024-06-27T14:37:09.670+0000] {logging_mixin.py:188} INFO - [2024-06-27T14:37:09.669+0000] {dag.py:3954} INFO - Setting next_dagrun for example_kubernetes_executor to None, run_after=None
[2024-06-27T14:37:09.700+0000] {processor.py:183} INFO - Processing /home/airflow/.local/lib/python3.12/site-packages/airflow/example_dags/example_kubernetes_executor.py took 0.130 seconds
[2024-06-27T14:37:40.072+0000] {processor.py:161} INFO - Started process (PID=168) to work on /home/airflow/.local/lib/python3.12/site-packages/airflow/example_dags/example_kubernetes_executor.py
[2024-06-27T14:37:40.073+0000] {processor.py:830} INFO - Processing file /home/airflow/.local/lib/python3.12/site-packages/airflow/example_dags/example_kubernetes_executor.py for tasks to queue
[2024-06-27T14:37:40.076+0000] {logging_mixin.py:188} INFO - [2024-06-27T14:37:40.075+0000] {dagbag.py:545} INFO - Filling up the DagBag from /home/airflow/.local/lib/python3.12/site-packages/airflow/example_dags/example_kubernetes_executor.py
[2024-06-27T14:37:40.092+0000] {processor.py:840} INFO - DAG(s) 'example_kubernetes_executor' retrieved from /home/airflow/.local/lib/python3.12/site-packages/airflow/example_dags/example_kubernetes_executor.py
[2024-06-27T14:37:40.142+0000] {logging_mixin.py:188} INFO - [2024-06-27T14:37:40.142+0000] {dag.py:3096} INFO - Sync 1 DAGs
[2024-06-27T14:37:40.159+0000] {logging_mixin.py:188} INFO - [2024-06-27T14:37:40.159+0000] {dag.py:3954} INFO - Setting next_dagrun for example_kubernetes_executor to None, run_after=None
[2024-06-27T14:37:40.189+0000] {processor.py:183} INFO - Processing /home/airflow/.local/lib/python3.12/site-packages/airflow/example_dags/example_kubernetes_executor.py took 0.127 seconds
[2024-06-27T14:38:10.271+0000] {processor.py:161} INFO - Started process (PID=227) to work on /home/airflow/.local/lib/python3.12/site-packages/airflow/example_dags/example_kubernetes_executor.py
[2024-06-27T14:38:10.272+0000] {processor.py:830} INFO - Processing file /home/airflow/.local/lib/python3.12/site-packages/airflow/example_dags/example_kubernetes_executor.py for tasks to queue
[2024-06-27T14:38:10.275+0000] {logging_mixin.py:188} INFO - [2024-06-27T14:38:10.274+0000] {dagbag.py:545} INFO - Filling up the DagBag from /home/airflow/.local/lib/python3.12/site-packages/airflow/example_dags/example_kubernetes_executor.py
[2024-06-27T14:38:10.292+0000] {processor.py:840} INFO - DAG(s) 'example_kubernetes_executor' retrieved from /home/airflow/.local/lib/python3.12/site-packages/airflow/example_dags/example_kubernetes_executor.py
[2024-06-27T14:38:10.351+0000] {logging_mixin.py:188} INFO - [2024-06-27T14:38:10.351+0000] {dag.py:3096} INFO - Sync 1 DAGs
[2024-06-27T14:38:10.378+0000] {logging_mixin.py:188} INFO - [2024-06-27T14:38:10.378+0000] {dag.py:3954} INFO - Setting next_dagrun for example_kubernetes_executor to None, run_after=None
[2024-06-27T14:38:10.419+0000] {processor.py:183} INFO - Processing /home/airflow/.local/lib/python3.12/site-packages/airflow/example_dags/example_kubernetes_executor.py took 0.155 seconds
[2024-06-27T14:39:44.274+0000] {processor.py:161} INFO - Started process (PID=55) to work on /home/airflow/.local/lib/python3.12/site-packages/airflow/example_dags/example_kubernetes_executor.py
[2024-06-27T14:39:44.277+0000] {processor.py:830} INFO - Processing file /home/airflow/.local/lib/python3.12/site-packages/airflow/example_dags/example_kubernetes_executor.py for tasks to queue
[2024-06-27T14:39:44.281+0000] {logging_mixin.py:188} INFO - [2024-06-27T14:39:44.280+0000] {dagbag.py:545} INFO - Filling up the DagBag from /home/airflow/.local/lib/python3.12/site-packages/airflow/example_dags/example_kubernetes_executor.py
[2024-06-27T14:39:44.327+0000] {processor.py:840} INFO - DAG(s) 'example_kubernetes_executor' retrieved from /home/airflow/.local/lib/python3.12/site-packages/airflow/example_dags/example_kubernetes_executor.py
[2024-06-27T14:39:44.654+0000] {logging_mixin.py:188} INFO - [2024-06-27T14:39:44.653+0000] {dag.py:3096} INFO - Sync 1 DAGs
[2024-06-27T14:39:44.701+0000] {logging_mixin.py:188} INFO - [2024-06-27T14:39:44.700+0000] {dag.py:3954} INFO - Setting next_dagrun for example_kubernetes_executor to None, run_after=None
[2024-06-27T14:39:44.760+0000] {processor.py:183} INFO - Processing /home/airflow/.local/lib/python3.12/site-packages/airflow/example_dags/example_kubernetes_executor.py took 0.501 seconds
[2024-06-27T14:40:15.703+0000] {processor.py:161} INFO - Started process (PID=114) to work on /home/airflow/.local/lib/python3.12/site-packages/airflow/example_dags/example_kubernetes_executor.py
[2024-06-27T14:40:15.704+0000] {processor.py:830} INFO - Processing file /home/airflow/.local/lib/python3.12/site-packages/airflow/example_dags/example_kubernetes_executor.py for tasks to queue
[2024-06-27T14:40:15.707+0000] {logging_mixin.py:188} INFO - [2024-06-27T14:40:15.706+0000] {dagbag.py:545} INFO - Filling up the DagBag from /home/airflow/.local/lib/python3.12/site-packages/airflow/example_dags/example_kubernetes_executor.py
[2024-06-27T14:40:15.722+0000] {processor.py:840} INFO - DAG(s) 'example_kubernetes_executor' retrieved from /home/airflow/.local/lib/python3.12/site-packages/airflow/example_dags/example_kubernetes_executor.py
[2024-06-27T14:40:15.771+0000] {logging_mixin.py:188} INFO - [2024-06-27T14:40:15.771+0000] {dag.py:3096} INFO - Sync 1 DAGs
[2024-06-27T14:40:15.790+0000] {logging_mixin.py:188} INFO - [2024-06-27T14:40:15.790+0000] {dag.py:3954} INFO - Setting next_dagrun for example_kubernetes_executor to None, run_after=None
[2024-06-27T14:40:15.830+0000] {processor.py:183} INFO - Processing /home/airflow/.local/lib/python3.12/site-packages/airflow/example_dags/example_kubernetes_executor.py took 0.136 seconds
[2024-06-27T14:40:45.963+0000] {processor.py:161} INFO - Started process (PID=172) to work on /home/airflow/.local/lib/python3.12/site-packages/airflow/example_dags/example_kubernetes_executor.py
[2024-06-27T14:40:45.964+0000] {processor.py:830} INFO - Processing file /home/airflow/.local/lib/python3.12/site-packages/airflow/example_dags/example_kubernetes_executor.py for tasks to queue
[2024-06-27T14:40:45.967+0000] {logging_mixin.py:188} INFO - [2024-06-27T14:40:45.967+0000] {dagbag.py:545} INFO - Filling up the DagBag from /home/airflow/.local/lib/python3.12/site-packages/airflow/example_dags/example_kubernetes_executor.py
[2024-06-27T14:40:45.983+0000] {processor.py:840} INFO - DAG(s) 'example_kubernetes_executor' retrieved from /home/airflow/.local/lib/python3.12/site-packages/airflow/example_dags/example_kubernetes_executor.py
[2024-06-27T14:40:46.030+0000] {logging_mixin.py:188} INFO - [2024-06-27T14:40:46.030+0000] {dag.py:3096} INFO - Sync 1 DAGs
[2024-06-27T14:40:46.047+0000] {logging_mixin.py:188} INFO - [2024-06-27T14:40:46.046+0000] {dag.py:3954} INFO - Setting next_dagrun for example_kubernetes_executor to None, run_after=None
[2024-06-27T14:40:46.109+0000] {processor.py:183} INFO - Processing /home/airflow/.local/lib/python3.12/site-packages/airflow/example_dags/example_kubernetes_executor.py took 0.154 seconds
[2024-06-27T14:41:16.305+0000] {processor.py:161} INFO - Started process (PID=231) to work on /home/airflow/.local/lib/python3.12/site-packages/airflow/example_dags/example_kubernetes_executor.py
[2024-06-27T14:41:16.306+0000] {processor.py:830} INFO - Processing file /home/airflow/.local/lib/python3.12/site-packages/airflow/example_dags/example_kubernetes_executor.py for tasks to queue
[2024-06-27T14:41:16.309+0000] {logging_mixin.py:188} INFO - [2024-06-27T14:41:16.308+0000] {dagbag.py:545} INFO - Filling up the DagBag from /home/airflow/.local/lib/python3.12/site-packages/airflow/example_dags/example_kubernetes_executor.py
[2024-06-27T14:41:16.323+0000] {processor.py:840} INFO - DAG(s) 'example_kubernetes_executor' retrieved from /home/airflow/.local/lib/python3.12/site-packages/airflow/example_dags/example_kubernetes_executor.py
[2024-06-27T14:41:16.366+0000] {logging_mixin.py:188} INFO - [2024-06-27T14:41:16.366+0000] {dag.py:3096} INFO - Sync 1 DAGs
[2024-06-27T14:41:16.390+0000] {logging_mixin.py:188} INFO - [2024-06-27T14:41:16.390+0000] {dag.py:3954} INFO - Setting next_dagrun for example_kubernetes_executor to None, run_after=None
[2024-06-27T14:41:16.431+0000] {processor.py:183} INFO - Processing /home/airflow/.local/lib/python3.12/site-packages/airflow/example_dags/example_kubernetes_executor.py took 0.136 seconds
[2024-06-27T14:41:46.505+0000] {processor.py:161} INFO - Started process (PID=290) to work on /home/airflow/.local/lib/python3.12/site-packages/airflow/example_dags/example_kubernetes_executor.py
[2024-06-27T14:41:46.507+0000] {processor.py:830} INFO - Processing file /home/airflow/.local/lib/python3.12/site-packages/airflow/example_dags/example_kubernetes_executor.py for tasks to queue
[2024-06-27T14:41:46.510+0000] {logging_mixin.py:188} INFO - [2024-06-27T14:41:46.509+0000] {dagbag.py:545} INFO - Filling up the DagBag from /home/airflow/.local/lib/python3.12/site-packages/airflow/example_dags/example_kubernetes_executor.py
[2024-06-27T14:41:46.525+0000] {processor.py:840} INFO - DAG(s) 'example_kubernetes_executor' retrieved from /home/airflow/.local/lib/python3.12/site-packages/airflow/example_dags/example_kubernetes_executor.py
[2024-06-27T14:41:46.573+0000] {logging_mixin.py:188} INFO - [2024-06-27T14:41:46.573+0000] {dag.py:3096} INFO - Sync 1 DAGs
[2024-06-27T14:41:46.590+0000] {logging_mixin.py:188} INFO - [2024-06-27T14:41:46.590+0000] {dag.py:3954} INFO - Setting next_dagrun for example_kubernetes_executor to None, run_after=None
[2024-06-27T14:41:46.616+0000] {processor.py:183} INFO - Processing /home/airflow/.local/lib/python3.12/site-packages/airflow/example_dags/example_kubernetes_executor.py took 0.120 seconds
[2024-06-27T14:42:16.936+0000] {processor.py:161} INFO - Started process (PID=349) to work on /home/airflow/.local/lib/python3.12/site-packages/airflow/example_dags/example_kubernetes_executor.py
[2024-06-27T14:42:16.938+0000] {processor.py:830} INFO - Processing file /home/airflow/.local/lib/python3.12/site-packages/airflow/example_dags/example_kubernetes_executor.py for tasks to queue
[2024-06-27T14:42:16.941+0000] {logging_mixin.py:188} INFO - [2024-06-27T14:42:16.940+0000] {dagbag.py:545} INFO - Filling up the DagBag from /home/airflow/.local/lib/python3.12/site-packages/airflow/example_dags/example_kubernetes_executor.py
[2024-06-27T14:42:16.970+0000] {processor.py:840} INFO - DAG(s) 'example_kubernetes_executor' retrieved from /home/airflow/.local/lib/python3.12/site-packages/airflow/example_dags/example_kubernetes_executor.py
[2024-06-27T14:42:17.028+0000] {logging_mixin.py:188} INFO - [2024-06-27T14:42:17.028+0000] {dag.py:3096} INFO - Sync 1 DAGs
[2024-06-27T14:42:17.049+0000] {logging_mixin.py:188} INFO - [2024-06-27T14:42:17.048+0000] {dag.py:3954} INFO - Setting next_dagrun for example_kubernetes_executor to None, run_after=None
[2024-06-27T14:42:17.084+0000] {processor.py:183} INFO - Processing /home/airflow/.local/lib/python3.12/site-packages/airflow/example_dags/example_kubernetes_executor.py took 0.156 seconds
[2024-06-27T14:43:59.081+0000] {processor.py:161} INFO - Started process (PID=49) to work on /home/airflow/.local/lib/python3.12/site-packages/airflow/example_dags/example_kubernetes_executor.py
[2024-06-27T14:43:59.083+0000] {processor.py:830} INFO - Processing file /home/airflow/.local/lib/python3.12/site-packages/airflow/example_dags/example_kubernetes_executor.py for tasks to queue
[2024-06-27T14:43:59.088+0000] {logging_mixin.py:188} INFO - [2024-06-27T14:43:59.087+0000] {dagbag.py:545} INFO - Filling up the DagBag from /home/airflow/.local/lib/python3.12/site-packages/airflow/example_dags/example_kubernetes_executor.py
[2024-06-27T14:43:59.117+0000] {processor.py:840} INFO - DAG(s) 'example_kubernetes_executor' retrieved from /home/airflow/.local/lib/python3.12/site-packages/airflow/example_dags/example_kubernetes_executor.py
[2024-06-27T14:43:59.350+0000] {logging_mixin.py:188} INFO - [2024-06-27T14:43:59.349+0000] {dag.py:3096} INFO - Sync 1 DAGs
[2024-06-27T14:43:59.363+0000] {logging_mixin.py:188} INFO - [2024-06-27T14:43:59.363+0000] {dag.py:3954} INFO - Setting next_dagrun for example_kubernetes_executor to None, run_after=None
[2024-06-27T14:43:59.397+0000] {processor.py:183} INFO - Processing /home/airflow/.local/lib/python3.12/site-packages/airflow/example_dags/example_kubernetes_executor.py took 0.326 seconds
[2024-06-27T14:44:24.169+0000] {processor.py:161} INFO - Started process (PID=49) to work on /home/airflow/.local/lib/python3.12/site-packages/airflow/example_dags/example_kubernetes_executor.py
[2024-06-27T14:44:24.171+0000] {processor.py:830} INFO - Processing file /home/airflow/.local/lib/python3.12/site-packages/airflow/example_dags/example_kubernetes_executor.py for tasks to queue
[2024-06-27T14:44:24.176+0000] {logging_mixin.py:188} INFO - [2024-06-27T14:44:24.174+0000] {dagbag.py:545} INFO - Filling up the DagBag from /home/airflow/.local/lib/python3.12/site-packages/airflow/example_dags/example_kubernetes_executor.py
[2024-06-27T14:44:24.229+0000] {processor.py:840} INFO - DAG(s) 'example_kubernetes_executor' retrieved from /home/airflow/.local/lib/python3.12/site-packages/airflow/example_dags/example_kubernetes_executor.py
[2024-06-27T14:44:24.272+0000] {logging_mixin.py:188} INFO - [2024-06-27T14:44:24.271+0000] {dag.py:3096} INFO - Sync 1 DAGs
[2024-06-27T14:44:24.320+0000] {logging_mixin.py:188} INFO - [2024-06-27T14:44:24.320+0000] {dag.py:3954} INFO - Setting next_dagrun for example_kubernetes_executor to None, run_after=None
[2024-06-27T14:44:24.369+0000] {processor.py:183} INFO - Processing /home/airflow/.local/lib/python3.12/site-packages/airflow/example_dags/example_kubernetes_executor.py took 0.214 seconds
[2024-06-27T14:44:54.581+0000] {processor.py:161} INFO - Started process (PID=108) to work on /home/airflow/.local/lib/python3.12/site-packages/airflow/example_dags/example_kubernetes_executor.py
[2024-06-27T14:44:54.583+0000] {processor.py:830} INFO - Processing file /home/airflow/.local/lib/python3.12/site-packages/airflow/example_dags/example_kubernetes_executor.py for tasks to queue
[2024-06-27T14:44:54.587+0000] {logging_mixin.py:188} INFO - [2024-06-27T14:44:54.586+0000] {dagbag.py:545} INFO - Filling up the DagBag from /home/airflow/.local/lib/python3.12/site-packages/airflow/example_dags/example_kubernetes_executor.py
[2024-06-27T14:44:54.602+0000] {processor.py:840} INFO - DAG(s) 'example_kubernetes_executor' retrieved from /home/airflow/.local/lib/python3.12/site-packages/airflow/example_dags/example_kubernetes_executor.py
[2024-06-27T14:44:54.653+0000] {logging_mixin.py:188} INFO - [2024-06-27T14:44:54.652+0000] {dag.py:3096} INFO - Sync 1 DAGs
[2024-06-27T14:44:54.671+0000] {logging_mixin.py:188} INFO - [2024-06-27T14:44:54.671+0000] {dag.py:3954} INFO - Setting next_dagrun for example_kubernetes_executor to None, run_after=None
[2024-06-27T14:44:54.699+0000] {processor.py:183} INFO - Processing /home/airflow/.local/lib/python3.12/site-packages/airflow/example_dags/example_kubernetes_executor.py took 0.125 seconds
[2024-06-27T14:45:25.475+0000] {processor.py:161} INFO - Started process (PID=167) to work on /home/airflow/.local/lib/python3.12/site-packages/airflow/example_dags/example_kubernetes_executor.py
[2024-06-27T14:45:25.477+0000] {processor.py:830} INFO - Processing file /home/airflow/.local/lib/python3.12/site-packages/airflow/example_dags/example_kubernetes_executor.py for tasks to queue
[2024-06-27T14:45:25.480+0000] {logging_mixin.py:188} INFO - [2024-06-27T14:45:25.479+0000] {dagbag.py:545} INFO - Filling up the DagBag from /home/airflow/.local/lib/python3.12/site-packages/airflow/example_dags/example_kubernetes_executor.py
[2024-06-27T14:45:25.496+0000] {processor.py:840} INFO - DAG(s) 'example_kubernetes_executor' retrieved from /home/airflow/.local/lib/python3.12/site-packages/airflow/example_dags/example_kubernetes_executor.py
[2024-06-27T14:45:25.547+0000] {logging_mixin.py:188} INFO - [2024-06-27T14:45:25.547+0000] {dag.py:3096} INFO - Sync 1 DAGs
[2024-06-27T14:45:25.570+0000] {logging_mixin.py:188} INFO - [2024-06-27T14:45:25.570+0000] {dag.py:3954} INFO - Setting next_dagrun for example_kubernetes_executor to None, run_after=None
[2024-06-27T14:45:25.598+0000] {processor.py:183} INFO - Processing /home/airflow/.local/lib/python3.12/site-packages/airflow/example_dags/example_kubernetes_executor.py took 0.131 seconds
[2024-06-27T14:45:55.890+0000] {processor.py:161} INFO - Started process (PID=226) to work on /home/airflow/.local/lib/python3.12/site-packages/airflow/example_dags/example_kubernetes_executor.py
[2024-06-27T14:45:55.892+0000] {processor.py:830} INFO - Processing file /home/airflow/.local/lib/python3.12/site-packages/airflow/example_dags/example_kubernetes_executor.py for tasks to queue
[2024-06-27T14:45:55.895+0000] {logging_mixin.py:188} INFO - [2024-06-27T14:45:55.894+0000] {dagbag.py:545} INFO - Filling up the DagBag from /home/airflow/.local/lib/python3.12/site-packages/airflow/example_dags/example_kubernetes_executor.py
[2024-06-27T14:45:55.911+0000] {processor.py:840} INFO - DAG(s) 'example_kubernetes_executor' retrieved from /home/airflow/.local/lib/python3.12/site-packages/airflow/example_dags/example_kubernetes_executor.py
[2024-06-27T14:45:55.961+0000] {logging_mixin.py:188} INFO - [2024-06-27T14:45:55.961+0000] {dag.py:3096} INFO - Sync 1 DAGs
[2024-06-27T14:45:55.979+0000] {logging_mixin.py:188} INFO - [2024-06-27T14:45:55.979+0000] {dag.py:3954} INFO - Setting next_dagrun for example_kubernetes_executor to None, run_after=None
[2024-06-27T14:45:56.008+0000] {processor.py:183} INFO - Processing /home/airflow/.local/lib/python3.12/site-packages/airflow/example_dags/example_kubernetes_executor.py took 0.126 seconds
[2024-06-27T14:46:26.050+0000] {processor.py:161} INFO - Started process (PID=284) to work on /home/airflow/.local/lib/python3.12/site-packages/airflow/example_dags/example_kubernetes_executor.py
[2024-06-27T14:46:26.052+0000] {processor.py:830} INFO - Processing file /home/airflow/.local/lib/python3.12/site-packages/airflow/example_dags/example_kubernetes_executor.py for tasks to queue
[2024-06-27T14:46:26.055+0000] {logging_mixin.py:188} INFO - [2024-06-27T14:46:26.054+0000] {dagbag.py:545} INFO - Filling up the DagBag from /home/airflow/.local/lib/python3.12/site-packages/airflow/example_dags/example_kubernetes_executor.py
[2024-06-27T14:46:26.069+0000] {processor.py:840} INFO - DAG(s) 'example_kubernetes_executor' retrieved from /home/airflow/.local/lib/python3.12/site-packages/airflow/example_dags/example_kubernetes_executor.py
[2024-06-27T14:46:26.110+0000] {logging_mixin.py:188} INFO - [2024-06-27T14:46:26.109+0000] {dag.py:3096} INFO - Sync 1 DAGs
[2024-06-27T14:46:26.124+0000] {logging_mixin.py:188} INFO - [2024-06-27T14:46:26.124+0000] {dag.py:3954} INFO - Setting next_dagrun for example_kubernetes_executor to None, run_after=None
[2024-06-27T14:46:26.148+0000] {processor.py:183} INFO - Processing /home/airflow/.local/lib/python3.12/site-packages/airflow/example_dags/example_kubernetes_executor.py took 0.107 seconds
[2024-06-27T14:58:57.922+0000] {processor.py:161} INFO - Started process (PID=54) to work on /home/airflow/.local/lib/python3.12/site-packages/airflow/example_dags/example_kubernetes_executor.py
[2024-06-27T14:58:57.928+0000] {processor.py:830} INFO - Processing file /home/airflow/.local/lib/python3.12/site-packages/airflow/example_dags/example_kubernetes_executor.py for tasks to queue
[2024-06-27T14:58:57.932+0000] {logging_mixin.py:188} INFO - [2024-06-27T14:58:57.931+0000] {dagbag.py:545} INFO - Filling up the DagBag from /home/airflow/.local/lib/python3.12/site-packages/airflow/example_dags/example_kubernetes_executor.py
[2024-06-27T14:58:57.981+0000] {processor.py:840} INFO - DAG(s) 'example_kubernetes_executor' retrieved from /home/airflow/.local/lib/python3.12/site-packages/airflow/example_dags/example_kubernetes_executor.py
[2024-06-27T14:58:58.017+0000] {logging_mixin.py:188} INFO - [2024-06-27T14:58:58.017+0000] {dag.py:3096} INFO - Sync 1 DAGs
[2024-06-27T14:58:58.061+0000] {logging_mixin.py:188} INFO - [2024-06-27T14:58:58.060+0000] {dag.py:3954} INFO - Setting next_dagrun for example_kubernetes_executor to None, run_after=None
[2024-06-27T14:58:58.119+0000] {processor.py:183} INFO - Processing /home/airflow/.local/lib/python3.12/site-packages/airflow/example_dags/example_kubernetes_executor.py took 0.219 seconds
[2024-06-27T14:59:29.649+0000] {processor.py:161} INFO - Started process (PID=113) to work on /home/airflow/.local/lib/python3.12/site-packages/airflow/example_dags/example_kubernetes_executor.py
[2024-06-27T14:59:29.651+0000] {processor.py:830} INFO - Processing file /home/airflow/.local/lib/python3.12/site-packages/airflow/example_dags/example_kubernetes_executor.py for tasks to queue
[2024-06-27T14:59:29.654+0000] {logging_mixin.py:188} INFO - [2024-06-27T14:59:29.654+0000] {dagbag.py:545} INFO - Filling up the DagBag from /home/airflow/.local/lib/python3.12/site-packages/airflow/example_dags/example_kubernetes_executor.py
[2024-06-27T14:59:29.676+0000] {processor.py:840} INFO - DAG(s) 'example_kubernetes_executor' retrieved from /home/airflow/.local/lib/python3.12/site-packages/airflow/example_dags/example_kubernetes_executor.py
[2024-06-27T14:59:29.884+0000] {logging_mixin.py:188} INFO - [2024-06-27T14:59:29.883+0000] {dag.py:3096} INFO - Sync 1 DAGs
[2024-06-27T14:59:29.903+0000] {logging_mixin.py:188} INFO - [2024-06-27T14:59:29.902+0000] {dag.py:3954} INFO - Setting next_dagrun for example_kubernetes_executor to None, run_after=None
[2024-06-27T14:59:29.949+0000] {processor.py:183} INFO - Processing /home/airflow/.local/lib/python3.12/site-packages/airflow/example_dags/example_kubernetes_executor.py took 0.311 seconds
[2024-06-27T15:00:00.700+0000] {processor.py:161} INFO - Started process (PID=172) to work on /home/airflow/.local/lib/python3.12/site-packages/airflow/example_dags/example_kubernetes_executor.py
[2024-06-27T15:00:00.701+0000] {processor.py:830} INFO - Processing file /home/airflow/.local/lib/python3.12/site-packages/airflow/example_dags/example_kubernetes_executor.py for tasks to queue
[2024-06-27T15:00:00.704+0000] {logging_mixin.py:188} INFO - [2024-06-27T15:00:00.704+0000] {dagbag.py:545} INFO - Filling up the DagBag from /home/airflow/.local/lib/python3.12/site-packages/airflow/example_dags/example_kubernetes_executor.py
[2024-06-27T15:00:00.725+0000] {processor.py:840} INFO - DAG(s) 'example_kubernetes_executor' retrieved from /home/airflow/.local/lib/python3.12/site-packages/airflow/example_dags/example_kubernetes_executor.py
[2024-06-27T15:00:00.786+0000] {logging_mixin.py:188} INFO - [2024-06-27T15:00:00.785+0000] {dag.py:3096} INFO - Sync 1 DAGs
[2024-06-27T15:00:00.807+0000] {logging_mixin.py:188} INFO - [2024-06-27T15:00:00.806+0000] {dag.py:3954} INFO - Setting next_dagrun for example_kubernetes_executor to None, run_after=None
[2024-06-27T15:00:00.838+0000] {processor.py:183} INFO - Processing /home/airflow/.local/lib/python3.12/site-packages/airflow/example_dags/example_kubernetes_executor.py took 0.146 seconds
[2024-06-27T15:00:31.498+0000] {processor.py:161} INFO - Started process (PID=231) to work on /home/airflow/.local/lib/python3.12/site-packages/airflow/example_dags/example_kubernetes_executor.py
[2024-06-27T15:00:31.500+0000] {processor.py:830} INFO - Processing file /home/airflow/.local/lib/python3.12/site-packages/airflow/example_dags/example_kubernetes_executor.py for tasks to queue
[2024-06-27T15:00:31.503+0000] {logging_mixin.py:188} INFO - [2024-06-27T15:00:31.503+0000] {dagbag.py:545} INFO - Filling up the DagBag from /home/airflow/.local/lib/python3.12/site-packages/airflow/example_dags/example_kubernetes_executor.py
[2024-06-27T15:00:31.526+0000] {processor.py:840} INFO - DAG(s) 'example_kubernetes_executor' retrieved from /home/airflow/.local/lib/python3.12/site-packages/airflow/example_dags/example_kubernetes_executor.py
[2024-06-27T15:00:31.591+0000] {logging_mixin.py:188} INFO - [2024-06-27T15:00:31.591+0000] {dag.py:3096} INFO - Sync 1 DAGs
[2024-06-27T15:00:31.608+0000] {logging_mixin.py:188} INFO - [2024-06-27T15:00:31.608+0000] {dag.py:3954} INFO - Setting next_dagrun for example_kubernetes_executor to None, run_after=None
[2024-06-27T15:00:31.643+0000] {processor.py:183} INFO - Processing /home/airflow/.local/lib/python3.12/site-packages/airflow/example_dags/example_kubernetes_executor.py took 0.152 seconds
[2024-06-27T15:02:15.561+0000] {processor.py:161} INFO - Started process (PID=65) to work on /home/airflow/.local/lib/python3.12/site-packages/airflow/example_dags/example_kubernetes_executor.py
[2024-06-27T15:02:15.563+0000] {processor.py:830} INFO - Processing file /home/airflow/.local/lib/python3.12/site-packages/airflow/example_dags/example_kubernetes_executor.py for tasks to queue
[2024-06-27T15:02:15.567+0000] {logging_mixin.py:188} INFO - [2024-06-27T15:02:15.567+0000] {dagbag.py:545} INFO - Filling up the DagBag from /home/airflow/.local/lib/python3.12/site-packages/airflow/example_dags/example_kubernetes_executor.py
[2024-06-27T15:02:15.599+0000] {processor.py:840} INFO - DAG(s) 'example_kubernetes_executor' retrieved from /home/airflow/.local/lib/python3.12/site-packages/airflow/example_dags/example_kubernetes_executor.py
[2024-06-27T15:02:15.917+0000] {logging_mixin.py:188} INFO - [2024-06-27T15:02:15.917+0000] {dag.py:3096} INFO - Sync 1 DAGs
[2024-06-27T15:02:15.936+0000] {logging_mixin.py:188} INFO - [2024-06-27T15:02:15.935+0000] {dag.py:3954} INFO - Setting next_dagrun for example_kubernetes_executor to None, run_after=None
[2024-06-27T15:02:15.975+0000] {processor.py:183} INFO - Processing /home/airflow/.local/lib/python3.12/site-packages/airflow/example_dags/example_kubernetes_executor.py took 0.423 seconds
[2024-06-27T15:02:46.859+0000] {processor.py:161} INFO - Started process (PID=133) to work on /home/airflow/.local/lib/python3.12/site-packages/airflow/example_dags/example_kubernetes_executor.py
[2024-06-27T15:02:46.861+0000] {processor.py:830} INFO - Processing file /home/airflow/.local/lib/python3.12/site-packages/airflow/example_dags/example_kubernetes_executor.py for tasks to queue
[2024-06-27T15:02:46.863+0000] {logging_mixin.py:188} INFO - [2024-06-27T15:02:46.863+0000] {dagbag.py:545} INFO - Filling up the DagBag from /home/airflow/.local/lib/python3.12/site-packages/airflow/example_dags/example_kubernetes_executor.py
[2024-06-27T15:02:46.878+0000] {processor.py:840} INFO - DAG(s) 'example_kubernetes_executor' retrieved from /home/airflow/.local/lib/python3.12/site-packages/airflow/example_dags/example_kubernetes_executor.py
[2024-06-27T15:02:46.931+0000] {logging_mixin.py:188} INFO - [2024-06-27T15:02:46.931+0000] {dag.py:3096} INFO - Sync 1 DAGs
[2024-06-27T15:02:46.951+0000] {logging_mixin.py:188} INFO - [2024-06-27T15:02:46.951+0000] {dag.py:3954} INFO - Setting next_dagrun for example_kubernetes_executor to None, run_after=None
[2024-06-27T15:02:46.985+0000] {processor.py:183} INFO - Processing /home/airflow/.local/lib/python3.12/site-packages/airflow/example_dags/example_kubernetes_executor.py took 0.133 seconds
[2024-06-27T15:03:17.403+0000] {processor.py:161} INFO - Started process (PID=201) to work on /home/airflow/.local/lib/python3.12/site-packages/airflow/example_dags/example_kubernetes_executor.py
[2024-06-27T15:03:17.404+0000] {processor.py:830} INFO - Processing file /home/airflow/.local/lib/python3.12/site-packages/airflow/example_dags/example_kubernetes_executor.py for tasks to queue
[2024-06-27T15:03:17.407+0000] {logging_mixin.py:188} INFO - [2024-06-27T15:03:17.407+0000] {dagbag.py:545} INFO - Filling up the DagBag from /home/airflow/.local/lib/python3.12/site-packages/airflow/example_dags/example_kubernetes_executor.py
[2024-06-27T15:03:17.423+0000] {processor.py:840} INFO - DAG(s) 'example_kubernetes_executor' retrieved from /home/airflow/.local/lib/python3.12/site-packages/airflow/example_dags/example_kubernetes_executor.py
[2024-06-27T15:03:17.474+0000] {logging_mixin.py:188} INFO - [2024-06-27T15:03:17.474+0000] {dag.py:3096} INFO - Sync 1 DAGs
[2024-06-27T15:03:17.493+0000] {logging_mixin.py:188} INFO - [2024-06-27T15:03:17.492+0000] {dag.py:3954} INFO - Setting next_dagrun for example_kubernetes_executor to None, run_after=None
[2024-06-27T15:03:17.522+0000] {processor.py:183} INFO - Processing /home/airflow/.local/lib/python3.12/site-packages/airflow/example_dags/example_kubernetes_executor.py took 0.127 seconds
[2024-06-27T15:03:49.999+0000] {processor.py:161} INFO - Started process (PID=268) to work on /home/airflow/.local/lib/python3.12/site-packages/airflow/example_dags/example_kubernetes_executor.py
[2024-06-27T15:03:50.005+0000] {processor.py:830} INFO - Processing file /home/airflow/.local/lib/python3.12/site-packages/airflow/example_dags/example_kubernetes_executor.py for tasks to queue
[2024-06-27T15:03:50.010+0000] {logging_mixin.py:188} INFO - [2024-06-27T15:03:50.009+0000] {dagbag.py:545} INFO - Filling up the DagBag from /home/airflow/.local/lib/python3.12/site-packages/airflow/example_dags/example_kubernetes_executor.py
[2024-06-27T15:03:50.085+0000] {processor.py:840} INFO - DAG(s) 'example_kubernetes_executor' retrieved from /home/airflow/.local/lib/python3.12/site-packages/airflow/example_dags/example_kubernetes_executor.py
[2024-06-27T15:03:50.349+0000] {logging_mixin.py:188} INFO - [2024-06-27T15:03:50.349+0000] {dag.py:3096} INFO - Sync 1 DAGs
[2024-06-27T15:03:50.419+0000] {logging_mixin.py:188} INFO - [2024-06-27T15:03:50.418+0000] {dag.py:3954} INFO - Setting next_dagrun for example_kubernetes_executor to None, run_after=None
[2024-06-27T15:03:50.480+0000] {processor.py:183} INFO - Processing /home/airflow/.local/lib/python3.12/site-packages/airflow/example_dags/example_kubernetes_executor.py took 0.503 seconds
[2024-06-27T15:04:21.193+0000] {processor.py:161} INFO - Started process (PID=344) to work on /home/airflow/.local/lib/python3.12/site-packages/airflow/example_dags/example_kubernetes_executor.py
[2024-06-27T15:04:21.198+0000] {processor.py:830} INFO - Processing file /home/airflow/.local/lib/python3.12/site-packages/airflow/example_dags/example_kubernetes_executor.py for tasks to queue
[2024-06-27T15:04:21.241+0000] {logging_mixin.py:188} INFO - [2024-06-27T15:04:21.239+0000] {dagbag.py:545} INFO - Filling up the DagBag from /home/airflow/.local/lib/python3.12/site-packages/airflow/example_dags/example_kubernetes_executor.py
[2024-06-27T15:04:21.489+0000] {processor.py:840} INFO - DAG(s) 'example_kubernetes_executor' retrieved from /home/airflow/.local/lib/python3.12/site-packages/airflow/example_dags/example_kubernetes_executor.py
[2024-06-27T15:04:21.707+0000] {logging_mixin.py:188} INFO - [2024-06-27T15:04:21.706+0000] {dag.py:3096} INFO - Sync 1 DAGs
[2024-06-27T15:04:21.818+0000] {logging_mixin.py:188} INFO - [2024-06-27T15:04:21.818+0000] {dag.py:3954} INFO - Setting next_dagrun for example_kubernetes_executor to None, run_after=None
[2024-06-27T15:04:21.984+0000] {processor.py:183} INFO - Processing /home/airflow/.local/lib/python3.12/site-packages/airflow/example_dags/example_kubernetes_executor.py took 0.833 seconds
[2024-06-27T15:04:52.414+0000] {processor.py:161} INFO - Started process (PID=412) to work on /home/airflow/.local/lib/python3.12/site-packages/airflow/example_dags/example_kubernetes_executor.py
[2024-06-27T15:04:52.421+0000] {processor.py:830} INFO - Processing file /home/airflow/.local/lib/python3.12/site-packages/airflow/example_dags/example_kubernetes_executor.py for tasks to queue
[2024-06-27T15:04:52.434+0000] {logging_mixin.py:188} INFO - [2024-06-27T15:04:52.432+0000] {dagbag.py:545} INFO - Filling up the DagBag from /home/airflow/.local/lib/python3.12/site-packages/airflow/example_dags/example_kubernetes_executor.py
[2024-06-27T15:04:52.550+0000] {processor.py:840} INFO - DAG(s) 'example_kubernetes_executor' retrieved from /home/airflow/.local/lib/python3.12/site-packages/airflow/example_dags/example_kubernetes_executor.py
[2024-06-27T15:04:52.782+0000] {logging_mixin.py:188} INFO - [2024-06-27T15:04:52.781+0000] {dag.py:3096} INFO - Sync 1 DAGs
[2024-06-27T15:04:52.850+0000] {logging_mixin.py:188} INFO - [2024-06-27T15:04:52.849+0000] {dag.py:3954} INFO - Setting next_dagrun for example_kubernetes_executor to None, run_after=None
[2024-06-27T15:04:52.960+0000] {processor.py:183} INFO - Processing /home/airflow/.local/lib/python3.12/site-packages/airflow/example_dags/example_kubernetes_executor.py took 0.579 seconds
[2024-06-27T15:05:23.255+0000] {processor.py:161} INFO - Started process (PID=507) to work on /home/airflow/.local/lib/python3.12/site-packages/airflow/example_dags/example_kubernetes_executor.py
[2024-06-27T15:05:23.261+0000] {processor.py:830} INFO - Processing file /home/airflow/.local/lib/python3.12/site-packages/airflow/example_dags/example_kubernetes_executor.py for tasks to queue
[2024-06-27T15:05:23.267+0000] {logging_mixin.py:188} INFO - [2024-06-27T15:05:23.266+0000] {dagbag.py:545} INFO - Filling up the DagBag from /home/airflow/.local/lib/python3.12/site-packages/airflow/example_dags/example_kubernetes_executor.py
[2024-06-27T15:05:23.330+0000] {processor.py:840} INFO - DAG(s) 'example_kubernetes_executor' retrieved from /home/airflow/.local/lib/python3.12/site-packages/airflow/example_dags/example_kubernetes_executor.py
[2024-06-27T15:05:23.561+0000] {logging_mixin.py:188} INFO - [2024-06-27T15:05:23.560+0000] {dag.py:3096} INFO - Sync 1 DAGs
[2024-06-27T15:05:23.649+0000] {logging_mixin.py:188} INFO - [2024-06-27T15:05:23.648+0000] {dag.py:3954} INFO - Setting next_dagrun for example_kubernetes_executor to None, run_after=None
[2024-06-27T15:05:23.759+0000] {processor.py:183} INFO - Processing /home/airflow/.local/lib/python3.12/site-packages/airflow/example_dags/example_kubernetes_executor.py took 0.529 seconds
[2024-06-27T15:05:54.463+0000] {processor.py:161} INFO - Started process (PID=579) to work on /home/airflow/.local/lib/python3.12/site-packages/airflow/example_dags/example_kubernetes_executor.py
[2024-06-27T15:05:54.470+0000] {processor.py:830} INFO - Processing file /home/airflow/.local/lib/python3.12/site-packages/airflow/example_dags/example_kubernetes_executor.py for tasks to queue
[2024-06-27T15:05:54.478+0000] {logging_mixin.py:188} INFO - [2024-06-27T15:05:54.478+0000] {dagbag.py:545} INFO - Filling up the DagBag from /home/airflow/.local/lib/python3.12/site-packages/airflow/example_dags/example_kubernetes_executor.py
[2024-06-27T15:05:54.531+0000] {processor.py:840} INFO - DAG(s) 'example_kubernetes_executor' retrieved from /home/airflow/.local/lib/python3.12/site-packages/airflow/example_dags/example_kubernetes_executor.py
[2024-06-27T15:05:54.695+0000] {logging_mixin.py:188} INFO - [2024-06-27T15:05:54.694+0000] {dag.py:3096} INFO - Sync 1 DAGs
[2024-06-27T15:05:54.774+0000] {logging_mixin.py:188} INFO - [2024-06-27T15:05:54.774+0000] {dag.py:3954} INFO - Setting next_dagrun for example_kubernetes_executor to None, run_after=None
[2024-06-27T15:05:54.875+0000] {processor.py:183} INFO - Processing /home/airflow/.local/lib/python3.12/site-packages/airflow/example_dags/example_kubernetes_executor.py took 0.440 seconds
[2024-06-27T15:06:25.320+0000] {processor.py:161} INFO - Started process (PID=661) to work on /home/airflow/.local/lib/python3.12/site-packages/airflow/example_dags/example_kubernetes_executor.py
[2024-06-27T15:06:25.325+0000] {processor.py:830} INFO - Processing file /home/airflow/.local/lib/python3.12/site-packages/airflow/example_dags/example_kubernetes_executor.py for tasks to queue
[2024-06-27T15:06:25.335+0000] {logging_mixin.py:188} INFO - [2024-06-27T15:06:25.334+0000] {dagbag.py:545} INFO - Filling up the DagBag from /home/airflow/.local/lib/python3.12/site-packages/airflow/example_dags/example_kubernetes_executor.py
[2024-06-27T15:06:25.386+0000] {processor.py:840} INFO - DAG(s) 'example_kubernetes_executor' retrieved from /home/airflow/.local/lib/python3.12/site-packages/airflow/example_dags/example_kubernetes_executor.py
[2024-06-27T15:06:25.565+0000] {logging_mixin.py:188} INFO - [2024-06-27T15:06:25.564+0000] {dag.py:3096} INFO - Sync 1 DAGs
[2024-06-27T15:06:25.617+0000] {logging_mixin.py:188} INFO - [2024-06-27T15:06:25.616+0000] {dag.py:3954} INFO - Setting next_dagrun for example_kubernetes_executor to None, run_after=None
[2024-06-27T15:06:25.681+0000] {processor.py:183} INFO - Processing /home/airflow/.local/lib/python3.12/site-packages/airflow/example_dags/example_kubernetes_executor.py took 0.384 seconds
[2024-06-27T15:06:59.804+0000] {processor.py:161} INFO - Started process (PID=749) to work on /home/airflow/.local/lib/python3.12/site-packages/airflow/example_dags/example_kubernetes_executor.py
[2024-06-27T15:06:59.809+0000] {processor.py:830} INFO - Processing file /home/airflow/.local/lib/python3.12/site-packages/airflow/example_dags/example_kubernetes_executor.py for tasks to queue
[2024-06-27T15:06:59.817+0000] {logging_mixin.py:188} INFO - [2024-06-27T15:06:59.816+0000] {dagbag.py:545} INFO - Filling up the DagBag from /home/airflow/.local/lib/python3.12/site-packages/airflow/example_dags/example_kubernetes_executor.py
[2024-06-27T15:06:59.897+0000] {processor.py:840} INFO - DAG(s) 'example_kubernetes_executor' retrieved from /home/airflow/.local/lib/python3.12/site-packages/airflow/example_dags/example_kubernetes_executor.py
[2024-06-27T15:07:00.114+0000] {logging_mixin.py:188} INFO - [2024-06-27T15:07:00.114+0000] {dag.py:3096} INFO - Sync 1 DAGs
[2024-06-27T15:07:00.251+0000] {logging_mixin.py:188} INFO - [2024-06-27T15:07:00.251+0000] {dag.py:3954} INFO - Setting next_dagrun for example_kubernetes_executor to None, run_after=None
[2024-06-27T15:07:00.400+0000] {processor.py:183} INFO - Processing /home/airflow/.local/lib/python3.12/site-packages/airflow/example_dags/example_kubernetes_executor.py took 0.640 seconds
[2024-06-27T15:07:30.694+0000] {processor.py:161} INFO - Started process (PID=833) to work on /home/airflow/.local/lib/python3.12/site-packages/airflow/example_dags/example_kubernetes_executor.py
[2024-06-27T15:07:30.700+0000] {processor.py:830} INFO - Processing file /home/airflow/.local/lib/python3.12/site-packages/airflow/example_dags/example_kubernetes_executor.py for tasks to queue
[2024-06-27T15:07:30.710+0000] {logging_mixin.py:188} INFO - [2024-06-27T15:07:30.709+0000] {dagbag.py:545} INFO - Filling up the DagBag from /home/airflow/.local/lib/python3.12/site-packages/airflow/example_dags/example_kubernetes_executor.py
[2024-06-27T15:07:30.774+0000] {processor.py:840} INFO - DAG(s) 'example_kubernetes_executor' retrieved from /home/airflow/.local/lib/python3.12/site-packages/airflow/example_dags/example_kubernetes_executor.py
[2024-06-27T15:07:30.909+0000] {logging_mixin.py:188} INFO - [2024-06-27T15:07:30.908+0000] {dag.py:3096} INFO - Sync 1 DAGs
[2024-06-27T15:07:30.955+0000] {logging_mixin.py:188} INFO - [2024-06-27T15:07:30.954+0000] {dag.py:3954} INFO - Setting next_dagrun for example_kubernetes_executor to None, run_after=None
[2024-06-27T15:07:31.014+0000] {processor.py:183} INFO - Processing /home/airflow/.local/lib/python3.12/site-packages/airflow/example_dags/example_kubernetes_executor.py took 0.342 seconds
