[2024-06-27T14:36:41.015+0000] {processor.py:161} INFO - Started process (PID=59) to work on /home/airflow/.local/lib/python3.12/site-packages/airflow/example_dags/example_branch_python_dop_operator_3.py
[2024-06-27T14:36:41.018+0000] {processor.py:830} INFO - Processing file /home/airflow/.local/lib/python3.12/site-packages/airflow/example_dags/example_branch_python_dop_operator_3.py for tasks to queue
[2024-06-27T14:36:41.022+0000] {logging_mixin.py:188} INFO - [2024-06-27T14:36:41.021+0000] {dagbag.py:545} INFO - Filling up the DagBag from /home/airflow/.local/lib/python3.12/site-packages/airflow/example_dags/example_branch_python_dop_operator_3.py
[2024-06-27T14:36:41.050+0000] {processor.py:840} INFO - DAG(s) 'example_branch_dop_operator_v3' retrieved from /home/airflow/.local/lib/python3.12/site-packages/airflow/example_dags/example_branch_python_dop_operator_3.py
[2024-06-27T14:36:41.316+0000] {logging_mixin.py:188} INFO - [2024-06-27T14:36:41.315+0000] {override.py:1829} INFO - Created Permission View: can edit on DAG:example_branch_dop_operator_v3
[2024-06-27T14:36:41.343+0000] {logging_mixin.py:188} INFO - [2024-06-27T14:36:41.342+0000] {override.py:1829} INFO - Created Permission View: can delete on DAG:example_branch_dop_operator_v3
[2024-06-27T14:36:41.364+0000] {logging_mixin.py:188} INFO - [2024-06-27T14:36:41.363+0000] {override.py:1829} INFO - Created Permission View: can read on DAG:example_branch_dop_operator_v3
[2024-06-27T14:36:41.366+0000] {logging_mixin.py:188} INFO - [2024-06-27T14:36:41.365+0000] {dag.py:3096} INFO - Sync 1 DAGs
[2024-06-27T14:36:41.389+0000] {logging_mixin.py:188} INFO - [2024-06-27T14:36:41.388+0000] {dag.py:3118} INFO - Creating ORM DAG for example_branch_dop_operator_v3
[2024-06-27T14:36:41.417+0000] {logging_mixin.py:188} INFO - [2024-06-27T14:36:41.416+0000] {dag.py:3954} INFO - Setting next_dagrun for example_branch_dop_operator_v3 to 2024-06-27 14:35:00+00:00, run_after=2024-06-27 14:36:00+00:00
[2024-06-27T14:36:41.453+0000] {processor.py:183} INFO - Processing /home/airflow/.local/lib/python3.12/site-packages/airflow/example_dags/example_branch_python_dop_operator_3.py took 0.454 seconds
[2024-06-27T14:37:12.034+0000] {processor.py:161} INFO - Started process (PID=117) to work on /home/airflow/.local/lib/python3.12/site-packages/airflow/example_dags/example_branch_python_dop_operator_3.py
[2024-06-27T14:37:12.035+0000] {processor.py:830} INFO - Processing file /home/airflow/.local/lib/python3.12/site-packages/airflow/example_dags/example_branch_python_dop_operator_3.py for tasks to queue
[2024-06-27T14:37:12.040+0000] {logging_mixin.py:188} INFO - [2024-06-27T14:37:12.040+0000] {dagbag.py:545} INFO - Filling up the DagBag from /home/airflow/.local/lib/python3.12/site-packages/airflow/example_dags/example_branch_python_dop_operator_3.py
[2024-06-27T14:37:12.057+0000] {processor.py:840} INFO - DAG(s) 'example_branch_dop_operator_v3' retrieved from /home/airflow/.local/lib/python3.12/site-packages/airflow/example_dags/example_branch_python_dop_operator_3.py
[2024-06-27T14:37:12.090+0000] {logging_mixin.py:188} INFO - [2024-06-27T14:37:12.090+0000] {dag.py:3096} INFO - Sync 1 DAGs
[2024-06-27T14:37:12.124+0000] {logging_mixin.py:188} INFO - [2024-06-27T14:37:12.123+0000] {dag.py:3954} INFO - Setting next_dagrun for example_branch_dop_operator_v3 to 2024-06-27 14:36:00+00:00, run_after=2024-06-27 14:37:00+00:00
[2024-06-27T14:37:12.153+0000] {processor.py:183} INFO - Processing /home/airflow/.local/lib/python3.12/site-packages/airflow/example_dags/example_branch_python_dop_operator_3.py took 0.128 seconds
[2024-06-27T14:37:42.417+0000] {processor.py:161} INFO - Started process (PID=174) to work on /home/airflow/.local/lib/python3.12/site-packages/airflow/example_dags/example_branch_python_dop_operator_3.py
[2024-06-27T14:37:42.419+0000] {processor.py:830} INFO - Processing file /home/airflow/.local/lib/python3.12/site-packages/airflow/example_dags/example_branch_python_dop_operator_3.py for tasks to queue
[2024-06-27T14:37:42.424+0000] {logging_mixin.py:188} INFO - [2024-06-27T14:37:42.423+0000] {dagbag.py:545} INFO - Filling up the DagBag from /home/airflow/.local/lib/python3.12/site-packages/airflow/example_dags/example_branch_python_dop_operator_3.py
[2024-06-27T14:37:42.438+0000] {processor.py:840} INFO - DAG(s) 'example_branch_dop_operator_v3' retrieved from /home/airflow/.local/lib/python3.12/site-packages/airflow/example_dags/example_branch_python_dop_operator_3.py
[2024-06-27T14:37:42.469+0000] {logging_mixin.py:188} INFO - [2024-06-27T14:37:42.468+0000] {dag.py:3096} INFO - Sync 1 DAGs
[2024-06-27T14:37:42.537+0000] {logging_mixin.py:188} INFO - [2024-06-27T14:37:42.536+0000] {dag.py:3954} INFO - Setting next_dagrun for example_branch_dop_operator_v3 to 2024-06-27 14:36:00+00:00, run_after=2024-06-27 14:37:00+00:00
[2024-06-27T14:37:42.676+0000] {processor.py:183} INFO - Processing /home/airflow/.local/lib/python3.12/site-packages/airflow/example_dags/example_branch_python_dop_operator_3.py took 0.271 seconds
[2024-06-27T14:38:12.771+0000] {processor.py:161} INFO - Started process (PID=233) to work on /home/airflow/.local/lib/python3.12/site-packages/airflow/example_dags/example_branch_python_dop_operator_3.py
[2024-06-27T14:38:12.773+0000] {processor.py:830} INFO - Processing file /home/airflow/.local/lib/python3.12/site-packages/airflow/example_dags/example_branch_python_dop_operator_3.py for tasks to queue
[2024-06-27T14:38:12.776+0000] {logging_mixin.py:188} INFO - [2024-06-27T14:38:12.775+0000] {dagbag.py:545} INFO - Filling up the DagBag from /home/airflow/.local/lib/python3.12/site-packages/airflow/example_dags/example_branch_python_dop_operator_3.py
[2024-06-27T14:38:12.788+0000] {processor.py:840} INFO - DAG(s) 'example_branch_dop_operator_v3' retrieved from /home/airflow/.local/lib/python3.12/site-packages/airflow/example_dags/example_branch_python_dop_operator_3.py
[2024-06-27T14:38:12.822+0000] {logging_mixin.py:188} INFO - [2024-06-27T14:38:12.821+0000] {dag.py:3096} INFO - Sync 1 DAGs
[2024-06-27T14:38:12.860+0000] {logging_mixin.py:188} INFO - [2024-06-27T14:38:12.859+0000] {dag.py:3954} INFO - Setting next_dagrun for example_branch_dop_operator_v3 to 2024-06-27 14:37:00+00:00, run_after=2024-06-27 14:38:00+00:00
[2024-06-27T14:38:12.891+0000] {processor.py:183} INFO - Processing /home/airflow/.local/lib/python3.12/site-packages/airflow/example_dags/example_branch_python_dop_operator_3.py took 0.130 seconds
[2024-06-27T14:39:46.614+0000] {processor.py:161} INFO - Started process (PID=62) to work on /home/airflow/.local/lib/python3.12/site-packages/airflow/example_dags/example_branch_python_dop_operator_3.py
[2024-06-27T14:39:46.617+0000] {processor.py:830} INFO - Processing file /home/airflow/.local/lib/python3.12/site-packages/airflow/example_dags/example_branch_python_dop_operator_3.py for tasks to queue
[2024-06-27T14:39:46.621+0000] {logging_mixin.py:188} INFO - [2024-06-27T14:39:46.621+0000] {dagbag.py:545} INFO - Filling up the DagBag from /home/airflow/.local/lib/python3.12/site-packages/airflow/example_dags/example_branch_python_dop_operator_3.py
[2024-06-27T14:39:46.657+0000] {processor.py:840} INFO - DAG(s) 'example_branch_dop_operator_v3' retrieved from /home/airflow/.local/lib/python3.12/site-packages/airflow/example_dags/example_branch_python_dop_operator_3.py
[2024-06-27T14:39:46.971+0000] {logging_mixin.py:188} INFO - [2024-06-27T14:39:46.970+0000] {dag.py:3096} INFO - Sync 1 DAGs
[2024-06-27T14:39:47.035+0000] {logging_mixin.py:188} INFO - [2024-06-27T14:39:47.035+0000] {dag.py:3954} INFO - Setting next_dagrun for example_branch_dop_operator_v3 to 2024-06-27 14:38:00+00:00, run_after=2024-06-27 14:39:00+00:00
[2024-06-27T14:39:47.086+0000] {processor.py:183} INFO - Processing /home/airflow/.local/lib/python3.12/site-packages/airflow/example_dags/example_branch_python_dop_operator_3.py took 0.487 seconds
[2024-06-27T14:40:17.237+0000] {processor.py:161} INFO - Started process (PID=120) to work on /home/airflow/.local/lib/python3.12/site-packages/airflow/example_dags/example_branch_python_dop_operator_3.py
[2024-06-27T14:40:17.238+0000] {processor.py:830} INFO - Processing file /home/airflow/.local/lib/python3.12/site-packages/airflow/example_dags/example_branch_python_dop_operator_3.py for tasks to queue
[2024-06-27T14:40:17.242+0000] {logging_mixin.py:188} INFO - [2024-06-27T14:40:17.241+0000] {dagbag.py:545} INFO - Filling up the DagBag from /home/airflow/.local/lib/python3.12/site-packages/airflow/example_dags/example_branch_python_dop_operator_3.py
[2024-06-27T14:40:17.253+0000] {processor.py:840} INFO - DAG(s) 'example_branch_dop_operator_v3' retrieved from /home/airflow/.local/lib/python3.12/site-packages/airflow/example_dags/example_branch_python_dop_operator_3.py
[2024-06-27T14:40:17.282+0000] {logging_mixin.py:188} INFO - [2024-06-27T14:40:17.282+0000] {dag.py:3096} INFO - Sync 1 DAGs
[2024-06-27T14:40:17.315+0000] {logging_mixin.py:188} INFO - [2024-06-27T14:40:17.314+0000] {dag.py:3954} INFO - Setting next_dagrun for example_branch_dop_operator_v3 to 2024-06-27 14:39:00+00:00, run_after=2024-06-27 14:40:00+00:00
[2024-06-27T14:40:17.343+0000] {processor.py:183} INFO - Processing /home/airflow/.local/lib/python3.12/site-packages/airflow/example_dags/example_branch_python_dop_operator_3.py took 0.113 seconds
[2024-06-27T14:40:47.551+0000] {processor.py:161} INFO - Started process (PID=179) to work on /home/airflow/.local/lib/python3.12/site-packages/airflow/example_dags/example_branch_python_dop_operator_3.py
[2024-06-27T14:40:47.552+0000] {processor.py:830} INFO - Processing file /home/airflow/.local/lib/python3.12/site-packages/airflow/example_dags/example_branch_python_dop_operator_3.py for tasks to queue
[2024-06-27T14:40:47.555+0000] {logging_mixin.py:188} INFO - [2024-06-27T14:40:47.554+0000] {dagbag.py:545} INFO - Filling up the DagBag from /home/airflow/.local/lib/python3.12/site-packages/airflow/example_dags/example_branch_python_dop_operator_3.py
[2024-06-27T14:40:47.566+0000] {processor.py:840} INFO - DAG(s) 'example_branch_dop_operator_v3' retrieved from /home/airflow/.local/lib/python3.12/site-packages/airflow/example_dags/example_branch_python_dop_operator_3.py
[2024-06-27T14:40:47.594+0000] {logging_mixin.py:188} INFO - [2024-06-27T14:40:47.593+0000] {dag.py:3096} INFO - Sync 1 DAGs
[2024-06-27T14:40:47.625+0000] {logging_mixin.py:188} INFO - [2024-06-27T14:40:47.625+0000] {dag.py:3954} INFO - Setting next_dagrun for example_branch_dop_operator_v3 to 2024-06-27 14:39:00+00:00, run_after=2024-06-27 14:40:00+00:00
[2024-06-27T14:40:47.655+0000] {processor.py:183} INFO - Processing /home/airflow/.local/lib/python3.12/site-packages/airflow/example_dags/example_branch_python_dop_operator_3.py took 0.113 seconds
[2024-06-27T14:41:17.905+0000] {processor.py:161} INFO - Started process (PID=238) to work on /home/airflow/.local/lib/python3.12/site-packages/airflow/example_dags/example_branch_python_dop_operator_3.py
[2024-06-27T14:41:17.906+0000] {processor.py:830} INFO - Processing file /home/airflow/.local/lib/python3.12/site-packages/airflow/example_dags/example_branch_python_dop_operator_3.py for tasks to queue
[2024-06-27T14:41:17.909+0000] {logging_mixin.py:188} INFO - [2024-06-27T14:41:17.909+0000] {dagbag.py:545} INFO - Filling up the DagBag from /home/airflow/.local/lib/python3.12/site-packages/airflow/example_dags/example_branch_python_dop_operator_3.py
[2024-06-27T14:41:17.924+0000] {processor.py:840} INFO - DAG(s) 'example_branch_dop_operator_v3' retrieved from /home/airflow/.local/lib/python3.12/site-packages/airflow/example_dags/example_branch_python_dop_operator_3.py
[2024-06-27T14:41:17.972+0000] {logging_mixin.py:188} INFO - [2024-06-27T14:41:17.971+0000] {dag.py:3096} INFO - Sync 1 DAGs
[2024-06-27T14:41:18.015+0000] {logging_mixin.py:188} INFO - [2024-06-27T14:41:18.015+0000] {dag.py:3954} INFO - Setting next_dagrun for example_branch_dop_operator_v3 to 2024-06-27 14:40:00+00:00, run_after=2024-06-27 14:41:00+00:00
[2024-06-27T14:41:18.048+0000] {processor.py:183} INFO - Processing /home/airflow/.local/lib/python3.12/site-packages/airflow/example_dags/example_branch_python_dop_operator_3.py took 0.153 seconds
[2024-06-27T14:41:48.122+0000] {processor.py:161} INFO - Started process (PID=297) to work on /home/airflow/.local/lib/python3.12/site-packages/airflow/example_dags/example_branch_python_dop_operator_3.py
[2024-06-27T14:41:48.124+0000] {processor.py:830} INFO - Processing file /home/airflow/.local/lib/python3.12/site-packages/airflow/example_dags/example_branch_python_dop_operator_3.py for tasks to queue
[2024-06-27T14:41:48.127+0000] {logging_mixin.py:188} INFO - [2024-06-27T14:41:48.127+0000] {dagbag.py:545} INFO - Filling up the DagBag from /home/airflow/.local/lib/python3.12/site-packages/airflow/example_dags/example_branch_python_dop_operator_3.py
[2024-06-27T14:41:48.142+0000] {processor.py:840} INFO - DAG(s) 'example_branch_dop_operator_v3' retrieved from /home/airflow/.local/lib/python3.12/site-packages/airflow/example_dags/example_branch_python_dop_operator_3.py
[2024-06-27T14:41:48.175+0000] {logging_mixin.py:188} INFO - [2024-06-27T14:41:48.175+0000] {dag.py:3096} INFO - Sync 1 DAGs
[2024-06-27T14:41:48.215+0000] {logging_mixin.py:188} INFO - [2024-06-27T14:41:48.215+0000] {dag.py:3954} INFO - Setting next_dagrun for example_branch_dop_operator_v3 to 2024-06-27 14:40:00+00:00, run_after=2024-06-27 14:41:00+00:00
[2024-06-27T14:41:48.249+0000] {processor.py:183} INFO - Processing /home/airflow/.local/lib/python3.12/site-packages/airflow/example_dags/example_branch_python_dop_operator_3.py took 0.135 seconds
[2024-06-27T14:42:18.529+0000] {processor.py:161} INFO - Started process (PID=356) to work on /home/airflow/.local/lib/python3.12/site-packages/airflow/example_dags/example_branch_python_dop_operator_3.py
[2024-06-27T14:42:18.530+0000] {processor.py:830} INFO - Processing file /home/airflow/.local/lib/python3.12/site-packages/airflow/example_dags/example_branch_python_dop_operator_3.py for tasks to queue
[2024-06-27T14:42:18.533+0000] {logging_mixin.py:188} INFO - [2024-06-27T14:42:18.532+0000] {dagbag.py:545} INFO - Filling up the DagBag from /home/airflow/.local/lib/python3.12/site-packages/airflow/example_dags/example_branch_python_dop_operator_3.py
[2024-06-27T14:42:18.544+0000] {processor.py:840} INFO - DAG(s) 'example_branch_dop_operator_v3' retrieved from /home/airflow/.local/lib/python3.12/site-packages/airflow/example_dags/example_branch_python_dop_operator_3.py
[2024-06-27T14:42:18.578+0000] {logging_mixin.py:188} INFO - [2024-06-27T14:42:18.577+0000] {dag.py:3096} INFO - Sync 1 DAGs
[2024-06-27T14:42:18.612+0000] {logging_mixin.py:188} INFO - [2024-06-27T14:42:18.612+0000] {dag.py:3954} INFO - Setting next_dagrun for example_branch_dop_operator_v3 to 2024-06-27 14:41:00+00:00, run_after=2024-06-27 14:42:00+00:00
[2024-06-27T14:42:18.643+0000] {processor.py:183} INFO - Processing /home/airflow/.local/lib/python3.12/site-packages/airflow/example_dags/example_branch_python_dop_operator_3.py took 0.123 seconds
[2024-06-27T14:44:00.203+0000] {processor.py:161} INFO - Started process (PID=56) to work on /home/airflow/.local/lib/python3.12/site-packages/airflow/example_dags/example_branch_python_dop_operator_3.py
[2024-06-27T14:44:00.205+0000] {processor.py:830} INFO - Processing file /home/airflow/.local/lib/python3.12/site-packages/airflow/example_dags/example_branch_python_dop_operator_3.py for tasks to queue
[2024-06-27T14:44:00.208+0000] {logging_mixin.py:188} INFO - [2024-06-27T14:44:00.208+0000] {dagbag.py:545} INFO - Filling up the DagBag from /home/airflow/.local/lib/python3.12/site-packages/airflow/example_dags/example_branch_python_dop_operator_3.py
[2024-06-27T14:44:00.225+0000] {processor.py:840} INFO - DAG(s) 'example_branch_dop_operator_v3' retrieved from /home/airflow/.local/lib/python3.12/site-packages/airflow/example_dags/example_branch_python_dop_operator_3.py
[2024-06-27T14:44:00.400+0000] {logging_mixin.py:188} INFO - [2024-06-27T14:44:00.400+0000] {dag.py:3096} INFO - Sync 1 DAGs
[2024-06-27T14:44:00.468+0000] {logging_mixin.py:188} INFO - [2024-06-27T14:44:00.468+0000] {dag.py:3954} INFO - Setting next_dagrun for example_branch_dop_operator_v3 to 2024-06-27 14:43:00+00:00, run_after=2024-06-27 14:44:00+00:00
[2024-06-27T14:44:00.519+0000] {processor.py:183} INFO - Processing /home/airflow/.local/lib/python3.12/site-packages/airflow/example_dags/example_branch_python_dop_operator_3.py took 0.324 seconds
[2024-06-27T14:44:24.903+0000] {processor.py:161} INFO - Started process (PID=56) to work on /home/airflow/.local/lib/python3.12/site-packages/airflow/example_dags/example_branch_python_dop_operator_3.py
[2024-06-27T14:44:24.905+0000] {processor.py:830} INFO - Processing file /home/airflow/.local/lib/python3.12/site-packages/airflow/example_dags/example_branch_python_dop_operator_3.py for tasks to queue
[2024-06-27T14:44:24.909+0000] {logging_mixin.py:188} INFO - [2024-06-27T14:44:24.908+0000] {dagbag.py:545} INFO - Filling up the DagBag from /home/airflow/.local/lib/python3.12/site-packages/airflow/example_dags/example_branch_python_dop_operator_3.py
[2024-06-27T14:44:24.935+0000] {processor.py:840} INFO - DAG(s) 'example_branch_dop_operator_v3' retrieved from /home/airflow/.local/lib/python3.12/site-packages/airflow/example_dags/example_branch_python_dop_operator_3.py
[2024-06-27T14:44:24.963+0000] {logging_mixin.py:188} INFO - [2024-06-27T14:44:24.963+0000] {dag.py:3096} INFO - Sync 1 DAGs
[2024-06-27T14:44:25.026+0000] {logging_mixin.py:188} INFO - [2024-06-27T14:44:25.023+0000] {dag.py:3954} INFO - Setting next_dagrun for example_branch_dop_operator_v3 to 2024-06-27 14:43:00+00:00, run_after=2024-06-27 14:44:00+00:00
[2024-06-27T14:44:25.075+0000] {processor.py:183} INFO - Processing /home/airflow/.local/lib/python3.12/site-packages/airflow/example_dags/example_branch_python_dop_operator_3.py took 0.182 seconds
[2024-06-27T14:44:55.112+0000] {processor.py:161} INFO - Started process (PID=115) to work on /home/airflow/.local/lib/python3.12/site-packages/airflow/example_dags/example_branch_python_dop_operator_3.py
[2024-06-27T14:44:55.114+0000] {processor.py:830} INFO - Processing file /home/airflow/.local/lib/python3.12/site-packages/airflow/example_dags/example_branch_python_dop_operator_3.py for tasks to queue
[2024-06-27T14:44:55.116+0000] {logging_mixin.py:188} INFO - [2024-06-27T14:44:55.116+0000] {dagbag.py:545} INFO - Filling up the DagBag from /home/airflow/.local/lib/python3.12/site-packages/airflow/example_dags/example_branch_python_dop_operator_3.py
[2024-06-27T14:44:55.127+0000] {processor.py:840} INFO - DAG(s) 'example_branch_dop_operator_v3' retrieved from /home/airflow/.local/lib/python3.12/site-packages/airflow/example_dags/example_branch_python_dop_operator_3.py
[2024-06-27T14:44:55.158+0000] {logging_mixin.py:188} INFO - [2024-06-27T14:44:55.158+0000] {dag.py:3096} INFO - Sync 1 DAGs
[2024-06-27T14:44:55.190+0000] {logging_mixin.py:188} INFO - [2024-06-27T14:44:55.189+0000] {dag.py:3954} INFO - Setting next_dagrun for example_branch_dop_operator_v3 to 2024-06-27 14:43:00+00:00, run_after=2024-06-27 14:44:00+00:00
[2024-06-27T14:44:55.220+0000] {processor.py:183} INFO - Processing /home/airflow/.local/lib/python3.12/site-packages/airflow/example_dags/example_branch_python_dop_operator_3.py took 0.115 seconds
[2024-06-27T14:45:26.222+0000] {processor.py:161} INFO - Started process (PID=174) to work on /home/airflow/.local/lib/python3.12/site-packages/airflow/example_dags/example_branch_python_dop_operator_3.py
[2024-06-27T14:45:26.224+0000] {processor.py:830} INFO - Processing file /home/airflow/.local/lib/python3.12/site-packages/airflow/example_dags/example_branch_python_dop_operator_3.py for tasks to queue
[2024-06-27T14:45:26.227+0000] {logging_mixin.py:188} INFO - [2024-06-27T14:45:26.227+0000] {dagbag.py:545} INFO - Filling up the DagBag from /home/airflow/.local/lib/python3.12/site-packages/airflow/example_dags/example_branch_python_dop_operator_3.py
[2024-06-27T14:45:26.238+0000] {processor.py:840} INFO - DAG(s) 'example_branch_dop_operator_v3' retrieved from /home/airflow/.local/lib/python3.12/site-packages/airflow/example_dags/example_branch_python_dop_operator_3.py
[2024-06-27T14:45:26.274+0000] {logging_mixin.py:188} INFO - [2024-06-27T14:45:26.273+0000] {dag.py:3096} INFO - Sync 1 DAGs
[2024-06-27T14:45:26.321+0000] {logging_mixin.py:188} INFO - [2024-06-27T14:45:26.320+0000] {dag.py:3954} INFO - Setting next_dagrun for example_branch_dop_operator_v3 to 2024-06-27 14:44:00+00:00, run_after=2024-06-27 14:45:00+00:00
[2024-06-27T14:45:26.350+0000] {processor.py:183} INFO - Processing /home/airflow/.local/lib/python3.12/site-packages/airflow/example_dags/example_branch_python_dop_operator_3.py took 0.139 seconds
[2024-06-27T14:45:56.490+0000] {processor.py:161} INFO - Started process (PID=232) to work on /home/airflow/.local/lib/python3.12/site-packages/airflow/example_dags/example_branch_python_dop_operator_3.py
[2024-06-27T14:45:56.492+0000] {processor.py:830} INFO - Processing file /home/airflow/.local/lib/python3.12/site-packages/airflow/example_dags/example_branch_python_dop_operator_3.py for tasks to queue
[2024-06-27T14:45:56.495+0000] {logging_mixin.py:188} INFO - [2024-06-27T14:45:56.495+0000] {dagbag.py:545} INFO - Filling up the DagBag from /home/airflow/.local/lib/python3.12/site-packages/airflow/example_dags/example_branch_python_dop_operator_3.py
[2024-06-27T14:45:56.511+0000] {processor.py:840} INFO - DAG(s) 'example_branch_dop_operator_v3' retrieved from /home/airflow/.local/lib/python3.12/site-packages/airflow/example_dags/example_branch_python_dop_operator_3.py
[2024-06-27T14:45:56.545+0000] {logging_mixin.py:188} INFO - [2024-06-27T14:45:56.545+0000] {dag.py:3096} INFO - Sync 1 DAGs
[2024-06-27T14:45:56.580+0000] {logging_mixin.py:188} INFO - [2024-06-27T14:45:56.580+0000] {dag.py:3954} INFO - Setting next_dagrun for example_branch_dop_operator_v3 to 2024-06-27 14:44:00+00:00, run_after=2024-06-27 14:45:00+00:00
[2024-06-27T14:45:56.608+0000] {processor.py:183} INFO - Processing /home/airflow/.local/lib/python3.12/site-packages/airflow/example_dags/example_branch_python_dop_operator_3.py took 0.129 seconds
[2024-06-27T14:46:26.734+0000] {processor.py:161} INFO - Started process (PID=291) to work on /home/airflow/.local/lib/python3.12/site-packages/airflow/example_dags/example_branch_python_dop_operator_3.py
[2024-06-27T14:46:26.736+0000] {processor.py:830} INFO - Processing file /home/airflow/.local/lib/python3.12/site-packages/airflow/example_dags/example_branch_python_dop_operator_3.py for tasks to queue
[2024-06-27T14:46:26.739+0000] {logging_mixin.py:188} INFO - [2024-06-27T14:46:26.738+0000] {dagbag.py:545} INFO - Filling up the DagBag from /home/airflow/.local/lib/python3.12/site-packages/airflow/example_dags/example_branch_python_dop_operator_3.py
[2024-06-27T14:46:26.750+0000] {processor.py:840} INFO - DAG(s) 'example_branch_dop_operator_v3' retrieved from /home/airflow/.local/lib/python3.12/site-packages/airflow/example_dags/example_branch_python_dop_operator_3.py
[2024-06-27T14:46:26.778+0000] {logging_mixin.py:188} INFO - [2024-06-27T14:46:26.777+0000] {dag.py:3096} INFO - Sync 1 DAGs
[2024-06-27T14:46:26.809+0000] {logging_mixin.py:188} INFO - [2024-06-27T14:46:26.809+0000] {dag.py:3954} INFO - Setting next_dagrun for example_branch_dop_operator_v3 to 2024-06-27 14:45:00+00:00, run_after=2024-06-27 14:46:00+00:00
[2024-06-27T14:46:26.834+0000] {processor.py:183} INFO - Processing /home/airflow/.local/lib/python3.12/site-packages/airflow/example_dags/example_branch_python_dop_operator_3.py took 0.106 seconds
[2024-06-27T14:58:59.346+0000] {processor.py:161} INFO - Started process (PID=61) to work on /home/airflow/.local/lib/python3.12/site-packages/airflow/example_dags/example_branch_python_dop_operator_3.py
[2024-06-27T14:58:59.348+0000] {processor.py:830} INFO - Processing file /home/airflow/.local/lib/python3.12/site-packages/airflow/example_dags/example_branch_python_dop_operator_3.py for tasks to queue
[2024-06-27T14:58:59.352+0000] {logging_mixin.py:188} INFO - [2024-06-27T14:58:59.351+0000] {dagbag.py:545} INFO - Filling up the DagBag from /home/airflow/.local/lib/python3.12/site-packages/airflow/example_dags/example_branch_python_dop_operator_3.py
[2024-06-27T14:58:59.377+0000] {processor.py:840} INFO - DAG(s) 'example_branch_dop_operator_v3' retrieved from /home/airflow/.local/lib/python3.12/site-packages/airflow/example_dags/example_branch_python_dop_operator_3.py
[2024-06-27T14:58:59.403+0000] {logging_mixin.py:188} INFO - [2024-06-27T14:58:59.402+0000] {dag.py:3096} INFO - Sync 1 DAGs
[2024-06-27T14:58:59.481+0000] {logging_mixin.py:188} INFO - [2024-06-27T14:58:59.481+0000] {dag.py:3954} INFO - Setting next_dagrun for example_branch_dop_operator_v3 to 2024-06-27 14:57:00+00:00, run_after=2024-06-27 14:58:00+00:00
[2024-06-27T14:58:59.527+0000] {processor.py:183} INFO - Processing /home/airflow/.local/lib/python3.12/site-packages/airflow/example_dags/example_branch_python_dop_operator_3.py took 0.191 seconds
[2024-06-27T14:59:30.982+0000] {processor.py:161} INFO - Started process (PID=120) to work on /home/airflow/.local/lib/python3.12/site-packages/airflow/example_dags/example_branch_python_dop_operator_3.py
[2024-06-27T14:59:30.984+0000] {processor.py:830} INFO - Processing file /home/airflow/.local/lib/python3.12/site-packages/airflow/example_dags/example_branch_python_dop_operator_3.py for tasks to queue
[2024-06-27T14:59:30.987+0000] {logging_mixin.py:188} INFO - [2024-06-27T14:59:30.987+0000] {dagbag.py:545} INFO - Filling up the DagBag from /home/airflow/.local/lib/python3.12/site-packages/airflow/example_dags/example_branch_python_dop_operator_3.py
[2024-06-27T14:59:31.002+0000] {processor.py:840} INFO - DAG(s) 'example_branch_dop_operator_v3' retrieved from /home/airflow/.local/lib/python3.12/site-packages/airflow/example_dags/example_branch_python_dop_operator_3.py
[2024-06-27T14:59:31.191+0000] {logging_mixin.py:188} INFO - [2024-06-27T14:59:31.190+0000] {dag.py:3096} INFO - Sync 1 DAGs
[2024-06-27T14:59:31.238+0000] {logging_mixin.py:188} INFO - [2024-06-27T14:59:31.238+0000] {dag.py:3954} INFO - Setting next_dagrun for example_branch_dop_operator_v3 to 2024-06-27 14:58:00+00:00, run_after=2024-06-27 14:59:00+00:00
[2024-06-27T14:59:31.280+0000] {processor.py:183} INFO - Processing /home/airflow/.local/lib/python3.12/site-packages/airflow/example_dags/example_branch_python_dop_operator_3.py took 0.310 seconds
[2024-06-27T15:00:01.310+0000] {processor.py:161} INFO - Started process (PID=179) to work on /home/airflow/.local/lib/python3.12/site-packages/airflow/example_dags/example_branch_python_dop_operator_3.py
[2024-06-27T15:00:01.311+0000] {processor.py:830} INFO - Processing file /home/airflow/.local/lib/python3.12/site-packages/airflow/example_dags/example_branch_python_dop_operator_3.py for tasks to queue
[2024-06-27T15:00:01.314+0000] {logging_mixin.py:188} INFO - [2024-06-27T15:00:01.313+0000] {dagbag.py:545} INFO - Filling up the DagBag from /home/airflow/.local/lib/python3.12/site-packages/airflow/example_dags/example_branch_python_dop_operator_3.py
[2024-06-27T15:00:01.325+0000] {processor.py:840} INFO - DAG(s) 'example_branch_dop_operator_v3' retrieved from /home/airflow/.local/lib/python3.12/site-packages/airflow/example_dags/example_branch_python_dop_operator_3.py
[2024-06-27T15:00:01.356+0000] {logging_mixin.py:188} INFO - [2024-06-27T15:00:01.356+0000] {dag.py:3096} INFO - Sync 1 DAGs
[2024-06-27T15:00:01.391+0000] {logging_mixin.py:188} INFO - [2024-06-27T15:00:01.390+0000] {dag.py:3954} INFO - Setting next_dagrun for example_branch_dop_operator_v3 to 2024-06-27 14:59:00+00:00, run_after=2024-06-27 15:00:00+00:00
[2024-06-27T15:00:01.419+0000] {processor.py:183} INFO - Processing /home/airflow/.local/lib/python3.12/site-packages/airflow/example_dags/example_branch_python_dop_operator_3.py took 0.117 seconds
[2024-06-27T15:00:32.066+0000] {processor.py:161} INFO - Started process (PID=238) to work on /home/airflow/.local/lib/python3.12/site-packages/airflow/example_dags/example_branch_python_dop_operator_3.py
[2024-06-27T15:00:32.068+0000] {processor.py:830} INFO - Processing file /home/airflow/.local/lib/python3.12/site-packages/airflow/example_dags/example_branch_python_dop_operator_3.py for tasks to queue
[2024-06-27T15:00:32.071+0000] {logging_mixin.py:188} INFO - [2024-06-27T15:00:32.070+0000] {dagbag.py:545} INFO - Filling up the DagBag from /home/airflow/.local/lib/python3.12/site-packages/airflow/example_dags/example_branch_python_dop_operator_3.py
[2024-06-27T15:00:32.081+0000] {processor.py:840} INFO - DAG(s) 'example_branch_dop_operator_v3' retrieved from /home/airflow/.local/lib/python3.12/site-packages/airflow/example_dags/example_branch_python_dop_operator_3.py
[2024-06-27T15:00:32.111+0000] {logging_mixin.py:188} INFO - [2024-06-27T15:00:32.110+0000] {dag.py:3096} INFO - Sync 1 DAGs
[2024-06-27T15:00:32.143+0000] {logging_mixin.py:188} INFO - [2024-06-27T15:00:32.143+0000] {dag.py:3954} INFO - Setting next_dagrun for example_branch_dop_operator_v3 to 2024-06-27 14:59:00+00:00, run_after=2024-06-27 15:00:00+00:00
[2024-06-27T15:00:32.171+0000] {processor.py:183} INFO - Processing /home/airflow/.local/lib/python3.12/site-packages/airflow/example_dags/example_branch_python_dop_operator_3.py took 0.113 seconds
[2024-06-27T15:02:17.554+0000] {processor.py:161} INFO - Started process (PID=72) to work on /home/airflow/.local/lib/python3.12/site-packages/airflow/example_dags/example_branch_python_dop_operator_3.py
[2024-06-27T15:02:17.556+0000] {processor.py:830} INFO - Processing file /home/airflow/.local/lib/python3.12/site-packages/airflow/example_dags/example_branch_python_dop_operator_3.py for tasks to queue
[2024-06-27T15:02:17.560+0000] {logging_mixin.py:188} INFO - [2024-06-27T15:02:17.559+0000] {dagbag.py:545} INFO - Filling up the DagBag from /home/airflow/.local/lib/python3.12/site-packages/airflow/example_dags/example_branch_python_dop_operator_3.py
[2024-06-27T15:02:17.580+0000] {processor.py:840} INFO - DAG(s) 'example_branch_dop_operator_v3' retrieved from /home/airflow/.local/lib/python3.12/site-packages/airflow/example_dags/example_branch_python_dop_operator_3.py
[2024-06-27T15:02:17.762+0000] {logging_mixin.py:188} INFO - [2024-06-27T15:02:17.762+0000] {dag.py:3096} INFO - Sync 1 DAGs
[2024-06-27T15:02:17.799+0000] {logging_mixin.py:188} INFO - [2024-06-27T15:02:17.799+0000] {dag.py:3954} INFO - Setting next_dagrun for example_branch_dop_operator_v3 to 2024-06-27 15:01:00+00:00, run_after=2024-06-27 15:02:00+00:00
[2024-06-27T15:02:17.831+0000] {processor.py:183} INFO - Processing /home/airflow/.local/lib/python3.12/site-packages/airflow/example_dags/example_branch_python_dop_operator_3.py took 0.286 seconds
[2024-06-27T15:02:48.492+0000] {processor.py:161} INFO - Started process (PID=140) to work on /home/airflow/.local/lib/python3.12/site-packages/airflow/example_dags/example_branch_python_dop_operator_3.py
[2024-06-27T15:02:48.493+0000] {processor.py:830} INFO - Processing file /home/airflow/.local/lib/python3.12/site-packages/airflow/example_dags/example_branch_python_dop_operator_3.py for tasks to queue
[2024-06-27T15:02:48.497+0000] {logging_mixin.py:188} INFO - [2024-06-27T15:02:48.496+0000] {dagbag.py:545} INFO - Filling up the DagBag from /home/airflow/.local/lib/python3.12/site-packages/airflow/example_dags/example_branch_python_dop_operator_3.py
[2024-06-27T15:02:48.508+0000] {processor.py:840} INFO - DAG(s) 'example_branch_dop_operator_v3' retrieved from /home/airflow/.local/lib/python3.12/site-packages/airflow/example_dags/example_branch_python_dop_operator_3.py
[2024-06-27T15:02:48.544+0000] {logging_mixin.py:188} INFO - [2024-06-27T15:02:48.544+0000] {dag.py:3096} INFO - Sync 1 DAGs
[2024-06-27T15:02:48.590+0000] {logging_mixin.py:188} INFO - [2024-06-27T15:02:48.590+0000] {dag.py:3954} INFO - Setting next_dagrun for example_branch_dop_operator_v3 to 2024-06-27 15:01:00+00:00, run_after=2024-06-27 15:02:00+00:00
[2024-06-27T15:02:48.624+0000] {processor.py:183} INFO - Processing /home/airflow/.local/lib/python3.12/site-packages/airflow/example_dags/example_branch_python_dop_operator_3.py took 0.140 seconds
[2024-06-27T15:03:19.015+0000] {processor.py:161} INFO - Started process (PID=208) to work on /home/airflow/.local/lib/python3.12/site-packages/airflow/example_dags/example_branch_python_dop_operator_3.py
[2024-06-27T15:03:19.017+0000] {processor.py:830} INFO - Processing file /home/airflow/.local/lib/python3.12/site-packages/airflow/example_dags/example_branch_python_dop_operator_3.py for tasks to queue
[2024-06-27T15:03:19.021+0000] {logging_mixin.py:188} INFO - [2024-06-27T15:03:19.020+0000] {dagbag.py:545} INFO - Filling up the DagBag from /home/airflow/.local/lib/python3.12/site-packages/airflow/example_dags/example_branch_python_dop_operator_3.py
[2024-06-27T15:03:19.038+0000] {processor.py:840} INFO - DAG(s) 'example_branch_dop_operator_v3' retrieved from /home/airflow/.local/lib/python3.12/site-packages/airflow/example_dags/example_branch_python_dop_operator_3.py
[2024-06-27T15:03:19.069+0000] {logging_mixin.py:188} INFO - [2024-06-27T15:03:19.069+0000] {dag.py:3096} INFO - Sync 1 DAGs
[2024-06-27T15:03:19.108+0000] {logging_mixin.py:188} INFO - [2024-06-27T15:03:19.108+0000] {dag.py:3954} INFO - Setting next_dagrun for example_branch_dop_operator_v3 to 2024-06-27 15:02:00+00:00, run_after=2024-06-27 15:03:00+00:00
[2024-06-27T15:03:19.141+0000] {processor.py:183} INFO - Processing /home/airflow/.local/lib/python3.12/site-packages/airflow/example_dags/example_branch_python_dop_operator_3.py took 0.134 seconds
[2024-06-27T15:03:55.310+0000] {processor.py:161} INFO - Started process (PID=276) to work on /home/airflow/.local/lib/python3.12/site-packages/airflow/example_dags/example_branch_python_dop_operator_3.py
[2024-06-27T15:03:55.329+0000] {processor.py:830} INFO - Processing file /home/airflow/.local/lib/python3.12/site-packages/airflow/example_dags/example_branch_python_dop_operator_3.py for tasks to queue
[2024-06-27T15:03:55.355+0000] {logging_mixin.py:188} INFO - [2024-06-27T15:03:55.352+0000] {dagbag.py:545} INFO - Filling up the DagBag from /home/airflow/.local/lib/python3.12/site-packages/airflow/example_dags/example_branch_python_dop_operator_3.py
[2024-06-27T15:03:55.427+0000] {processor.py:840} INFO - DAG(s) 'example_branch_dop_operator_v3' retrieved from /home/airflow/.local/lib/python3.12/site-packages/airflow/example_dags/example_branch_python_dop_operator_3.py
[2024-06-27T15:03:55.681+0000] {logging_mixin.py:188} INFO - [2024-06-27T15:03:55.680+0000] {dag.py:3096} INFO - Sync 1 DAGs
[2024-06-27T15:03:55.906+0000] {logging_mixin.py:188} INFO - [2024-06-27T15:03:55.905+0000] {dag.py:3954} INFO - Setting next_dagrun for example_branch_dop_operator_v3 to 2024-06-27 15:02:00+00:00, run_after=2024-06-27 15:03:00+00:00
[2024-06-27T15:03:56.081+0000] {processor.py:183} INFO - Processing /home/airflow/.local/lib/python3.12/site-packages/airflow/example_dags/example_branch_python_dop_operator_3.py took 1.170 seconds
[2024-06-27T15:04:26.393+0000] {processor.py:161} INFO - Started process (PID=352) to work on /home/airflow/.local/lib/python3.12/site-packages/airflow/example_dags/example_branch_python_dop_operator_3.py
[2024-06-27T15:04:26.397+0000] {processor.py:830} INFO - Processing file /home/airflow/.local/lib/python3.12/site-packages/airflow/example_dags/example_branch_python_dop_operator_3.py for tasks to queue
[2024-06-27T15:04:26.402+0000] {logging_mixin.py:188} INFO - [2024-06-27T15:04:26.401+0000] {dagbag.py:545} INFO - Filling up the DagBag from /home/airflow/.local/lib/python3.12/site-packages/airflow/example_dags/example_branch_python_dop_operator_3.py
[2024-06-27T15:04:26.438+0000] {processor.py:840} INFO - DAG(s) 'example_branch_dop_operator_v3' retrieved from /home/airflow/.local/lib/python3.12/site-packages/airflow/example_dags/example_branch_python_dop_operator_3.py
[2024-06-27T15:04:26.524+0000] {logging_mixin.py:188} INFO - [2024-06-27T15:04:26.523+0000] {dag.py:3096} INFO - Sync 1 DAGs
[2024-06-27T15:04:26.727+0000] {logging_mixin.py:188} INFO - [2024-06-27T15:04:26.724+0000] {dag.py:3954} INFO - Setting next_dagrun for example_branch_dop_operator_v3 to 2024-06-27 15:03:00+00:00, run_after=2024-06-27 15:04:00+00:00
[2024-06-27T15:04:26.845+0000] {processor.py:183} INFO - Processing /home/airflow/.local/lib/python3.12/site-packages/airflow/example_dags/example_branch_python_dop_operator_3.py took 0.473 seconds
[2024-06-27T15:04:57.433+0000] {processor.py:161} INFO - Started process (PID=422) to work on /home/airflow/.local/lib/python3.12/site-packages/airflow/example_dags/example_branch_python_dop_operator_3.py
[2024-06-27T15:04:57.437+0000] {processor.py:830} INFO - Processing file /home/airflow/.local/lib/python3.12/site-packages/airflow/example_dags/example_branch_python_dop_operator_3.py for tasks to queue
[2024-06-27T15:04:57.450+0000] {logging_mixin.py:188} INFO - [2024-06-27T15:04:57.448+0000] {dagbag.py:545} INFO - Filling up the DagBag from /home/airflow/.local/lib/python3.12/site-packages/airflow/example_dags/example_branch_python_dop_operator_3.py
[2024-06-27T15:04:57.492+0000] {processor.py:840} INFO - DAG(s) 'example_branch_dop_operator_v3' retrieved from /home/airflow/.local/lib/python3.12/site-packages/airflow/example_dags/example_branch_python_dop_operator_3.py
[2024-06-27T15:04:57.605+0000] {logging_mixin.py:188} INFO - [2024-06-27T15:04:57.604+0000] {dag.py:3096} INFO - Sync 1 DAGs
[2024-06-27T15:04:57.878+0000] {logging_mixin.py:188} INFO - [2024-06-27T15:04:57.877+0000] {dag.py:3954} INFO - Setting next_dagrun for example_branch_dop_operator_v3 to 2024-06-27 15:03:00+00:00, run_after=2024-06-27 15:04:00+00:00
[2024-06-27T15:04:57.949+0000] {processor.py:183} INFO - Processing /home/airflow/.local/lib/python3.12/site-packages/airflow/example_dags/example_branch_python_dop_operator_3.py took 0.543 seconds
[2024-06-27T15:05:28.197+0000] {processor.py:161} INFO - Started process (PID=513) to work on /home/airflow/.local/lib/python3.12/site-packages/airflow/example_dags/example_branch_python_dop_operator_3.py
[2024-06-27T15:05:28.200+0000] {processor.py:830} INFO - Processing file /home/airflow/.local/lib/python3.12/site-packages/airflow/example_dags/example_branch_python_dop_operator_3.py for tasks to queue
[2024-06-27T15:05:28.207+0000] {logging_mixin.py:188} INFO - [2024-06-27T15:05:28.206+0000] {dagbag.py:545} INFO - Filling up the DagBag from /home/airflow/.local/lib/python3.12/site-packages/airflow/example_dags/example_branch_python_dop_operator_3.py
[2024-06-27T15:05:28.266+0000] {processor.py:840} INFO - DAG(s) 'example_branch_dop_operator_v3' retrieved from /home/airflow/.local/lib/python3.12/site-packages/airflow/example_dags/example_branch_python_dop_operator_3.py
[2024-06-27T15:05:28.344+0000] {logging_mixin.py:188} INFO - [2024-06-27T15:05:28.343+0000] {dag.py:3096} INFO - Sync 1 DAGs
[2024-06-27T15:05:28.478+0000] {logging_mixin.py:188} INFO - [2024-06-27T15:05:28.477+0000] {dag.py:3954} INFO - Setting next_dagrun for example_branch_dop_operator_v3 to 2024-06-27 15:04:00+00:00, run_after=2024-06-27 15:05:00+00:00
[2024-06-27T15:05:28.560+0000] {processor.py:183} INFO - Processing /home/airflow/.local/lib/python3.12/site-packages/airflow/example_dags/example_branch_python_dop_operator_3.py took 0.388 seconds
[2024-06-27T15:05:59.088+0000] {processor.py:161} INFO - Started process (PID=590) to work on /home/airflow/.local/lib/python3.12/site-packages/airflow/example_dags/example_branch_python_dop_operator_3.py
[2024-06-27T15:05:59.112+0000] {processor.py:830} INFO - Processing file /home/airflow/.local/lib/python3.12/site-packages/airflow/example_dags/example_branch_python_dop_operator_3.py for tasks to queue
[2024-06-27T15:05:59.128+0000] {logging_mixin.py:188} INFO - [2024-06-27T15:05:59.126+0000] {dagbag.py:545} INFO - Filling up the DagBag from /home/airflow/.local/lib/python3.12/site-packages/airflow/example_dags/example_branch_python_dop_operator_3.py
[2024-06-27T15:05:59.176+0000] {processor.py:840} INFO - DAG(s) 'example_branch_dop_operator_v3' retrieved from /home/airflow/.local/lib/python3.12/site-packages/airflow/example_dags/example_branch_python_dop_operator_3.py
[2024-06-27T15:05:59.267+0000] {logging_mixin.py:188} INFO - [2024-06-27T15:05:59.267+0000] {dag.py:3096} INFO - Sync 1 DAGs
[2024-06-27T15:05:59.445+0000] {logging_mixin.py:188} INFO - [2024-06-27T15:05:59.444+0000] {dag.py:3954} INFO - Setting next_dagrun for example_branch_dop_operator_v3 to 2024-06-27 15:04:00+00:00, run_after=2024-06-27 15:05:00+00:00
[2024-06-27T15:05:59.537+0000] {processor.py:183} INFO - Processing /home/airflow/.local/lib/python3.12/site-packages/airflow/example_dags/example_branch_python_dop_operator_3.py took 0.476 seconds
[2024-06-27T15:06:30.480+0000] {processor.py:161} INFO - Started process (PID=667) to work on /home/airflow/.local/lib/python3.12/site-packages/airflow/example_dags/example_branch_python_dop_operator_3.py
[2024-06-27T15:06:30.481+0000] {processor.py:830} INFO - Processing file /home/airflow/.local/lib/python3.12/site-packages/airflow/example_dags/example_branch_python_dop_operator_3.py for tasks to queue
[2024-06-27T15:06:30.485+0000] {logging_mixin.py:188} INFO - [2024-06-27T15:06:30.484+0000] {dagbag.py:545} INFO - Filling up the DagBag from /home/airflow/.local/lib/python3.12/site-packages/airflow/example_dags/example_branch_python_dop_operator_3.py
[2024-06-27T15:06:30.498+0000] {processor.py:840} INFO - DAG(s) 'example_branch_dop_operator_v3' retrieved from /home/airflow/.local/lib/python3.12/site-packages/airflow/example_dags/example_branch_python_dop_operator_3.py
[2024-06-27T15:06:30.530+0000] {logging_mixin.py:188} INFO - [2024-06-27T15:06:30.530+0000] {dag.py:3096} INFO - Sync 1 DAGs
[2024-06-27T15:06:30.568+0000] {logging_mixin.py:188} INFO - [2024-06-27T15:06:30.567+0000] {dag.py:3954} INFO - Setting next_dagrun for example_branch_dop_operator_v3 to 2024-06-27 15:05:00+00:00, run_after=2024-06-27 15:06:00+00:00
[2024-06-27T15:06:30.598+0000] {processor.py:183} INFO - Processing /home/airflow/.local/lib/python3.12/site-packages/airflow/example_dags/example_branch_python_dop_operator_3.py took 0.127 seconds
[2024-06-27T15:07:02.947+0000] {processor.py:161} INFO - Started process (PID=756) to work on /home/airflow/.local/lib/python3.12/site-packages/airflow/example_dags/example_branch_python_dop_operator_3.py
[2024-06-27T15:07:02.962+0000] {processor.py:830} INFO - Processing file /home/airflow/.local/lib/python3.12/site-packages/airflow/example_dags/example_branch_python_dop_operator_3.py for tasks to queue
[2024-06-27T15:07:02.977+0000] {logging_mixin.py:188} INFO - [2024-06-27T15:07:02.976+0000] {dagbag.py:545} INFO - Filling up the DagBag from /home/airflow/.local/lib/python3.12/site-packages/airflow/example_dags/example_branch_python_dop_operator_3.py
[2024-06-27T15:07:03.026+0000] {processor.py:840} INFO - DAG(s) 'example_branch_dop_operator_v3' retrieved from /home/airflow/.local/lib/python3.12/site-packages/airflow/example_dags/example_branch_python_dop_operator_3.py
[2024-06-27T15:07:03.112+0000] {logging_mixin.py:188} INFO - [2024-06-27T15:07:03.111+0000] {dag.py:3096} INFO - Sync 1 DAGs
[2024-06-27T15:07:03.266+0000] {logging_mixin.py:188} INFO - [2024-06-27T15:07:03.265+0000] {dag.py:3954} INFO - Setting next_dagrun for example_branch_dop_operator_v3 to 2024-06-27 15:06:00+00:00, run_after=2024-06-27 15:07:00+00:00
[2024-06-27T15:07:03.366+0000] {processor.py:183} INFO - Processing /home/airflow/.local/lib/python3.12/site-packages/airflow/example_dags/example_branch_python_dop_operator_3.py took 0.458 seconds
[2024-06-27T15:07:34.759+0000] {processor.py:161} INFO - Started process (PID=846) to work on /home/airflow/.local/lib/python3.12/site-packages/airflow/example_dags/example_branch_python_dop_operator_3.py
[2024-06-27T15:07:34.765+0000] {processor.py:830} INFO - Processing file /home/airflow/.local/lib/python3.12/site-packages/airflow/example_dags/example_branch_python_dop_operator_3.py for tasks to queue
[2024-06-27T15:07:34.779+0000] {logging_mixin.py:188} INFO - [2024-06-27T15:07:34.771+0000] {dagbag.py:545} INFO - Filling up the DagBag from /home/airflow/.local/lib/python3.12/site-packages/airflow/example_dags/example_branch_python_dop_operator_3.py
[2024-06-27T15:07:34.812+0000] {processor.py:840} INFO - DAG(s) 'example_branch_dop_operator_v3' retrieved from /home/airflow/.local/lib/python3.12/site-packages/airflow/example_dags/example_branch_python_dop_operator_3.py
[2024-06-27T15:07:34.923+0000] {logging_mixin.py:188} INFO - [2024-06-27T15:07:34.922+0000] {dag.py:3096} INFO - Sync 1 DAGs
[2024-06-27T15:07:35.046+0000] {logging_mixin.py:188} INFO - [2024-06-27T15:07:35.045+0000] {dag.py:3954} INFO - Setting next_dagrun for example_branch_dop_operator_v3 to 2024-06-27 15:06:00+00:00, run_after=2024-06-27 15:07:00+00:00
[2024-06-27T15:07:35.206+0000] {processor.py:183} INFO - Processing /home/airflow/.local/lib/python3.12/site-packages/airflow/example_dags/example_branch_python_dop_operator_3.py took 0.496 seconds
