[2024-06-27T14:36:26.785+0000] {processor.py:161} INFO - Started process (PID=39) to work on /home/airflow/.local/lib/python3.12/site-packages/airflow/example_dags/example_complex.py
[2024-06-27T14:36:26.790+0000] {processor.py:830} INFO - Processing file /home/airflow/.local/lib/python3.12/site-packages/airflow/example_dags/example_complex.py for tasks to queue
[2024-06-27T14:36:26.801+0000] {logging_mixin.py:188} INFO - [2024-06-27T14:36:26.798+0000] {dagbag.py:545} INFO - Filling up the DagBag from /home/airflow/.local/lib/python3.12/site-packages/airflow/example_dags/example_complex.py
[2024-06-27T14:36:26.891+0000] {processor.py:840} INFO - DAG(s) 'example_complex' retrieved from /home/airflow/.local/lib/python3.12/site-packages/airflow/example_dags/example_complex.py
[2024-06-27T14:36:28.082+0000] {logging_mixin.py:188} INFO - [2024-06-27T14:36:28.080+0000] {override.py:1829} INFO - Created Permission View: can edit on DAG:example_complex
[2024-06-27T14:36:28.189+0000] {logging_mixin.py:188} INFO - [2024-06-27T14:36:28.187+0000] {override.py:1829} INFO - Created Permission View: can delete on DAG:example_complex
[2024-06-27T14:36:28.293+0000] {logging_mixin.py:188} INFO - [2024-06-27T14:36:28.291+0000] {override.py:1829} INFO - Created Permission View: can read on DAG:example_complex
[2024-06-27T14:36:28.295+0000] {logging_mixin.py:188} INFO - [2024-06-27T14:36:28.295+0000] {dag.py:3096} INFO - Sync 1 DAGs
[2024-06-27T14:36:28.372+0000] {logging_mixin.py:188} INFO - [2024-06-27T14:36:28.371+0000] {dag.py:3118} INFO - Creating ORM DAG for example_complex
[2024-06-27T14:36:28.378+0000] {logging_mixin.py:188} INFO - [2024-06-27T14:36:28.375+0000] {dag.py:3954} INFO - Setting next_dagrun for example_complex to None, run_after=None
[2024-06-27T14:36:28.509+0000] {processor.py:183} INFO - Processing /home/airflow/.local/lib/python3.12/site-packages/airflow/example_dags/example_complex.py took 1.762 seconds
[2024-06-27T14:36:59.418+0000] {processor.py:161} INFO - Started process (PID=97) to work on /home/airflow/.local/lib/python3.12/site-packages/airflow/example_dags/example_complex.py
[2024-06-27T14:36:59.420+0000] {processor.py:830} INFO - Processing file /home/airflow/.local/lib/python3.12/site-packages/airflow/example_dags/example_complex.py for tasks to queue
[2024-06-27T14:36:59.423+0000] {logging_mixin.py:188} INFO - [2024-06-27T14:36:59.422+0000] {dagbag.py:545} INFO - Filling up the DagBag from /home/airflow/.local/lib/python3.12/site-packages/airflow/example_dags/example_complex.py
[2024-06-27T14:36:59.437+0000] {processor.py:840} INFO - DAG(s) 'example_complex' retrieved from /home/airflow/.local/lib/python3.12/site-packages/airflow/example_dags/example_complex.py
[2024-06-27T14:36:59.494+0000] {logging_mixin.py:188} INFO - [2024-06-27T14:36:59.493+0000] {dag.py:3096} INFO - Sync 1 DAGs
[2024-06-27T14:36:59.513+0000] {logging_mixin.py:188} INFO - [2024-06-27T14:36:59.512+0000] {dag.py:3954} INFO - Setting next_dagrun for example_complex to None, run_after=None
[2024-06-27T14:36:59.544+0000] {processor.py:183} INFO - Processing /home/airflow/.local/lib/python3.12/site-packages/airflow/example_dags/example_complex.py took 0.136 seconds
[2024-06-27T14:37:29.998+0000] {processor.py:161} INFO - Started process (PID=155) to work on /home/airflow/.local/lib/python3.12/site-packages/airflow/example_dags/example_complex.py
[2024-06-27T14:37:30.000+0000] {processor.py:830} INFO - Processing file /home/airflow/.local/lib/python3.12/site-packages/airflow/example_dags/example_complex.py for tasks to queue
[2024-06-27T14:37:30.003+0000] {logging_mixin.py:188} INFO - [2024-06-27T14:37:30.002+0000] {dagbag.py:545} INFO - Filling up the DagBag from /home/airflow/.local/lib/python3.12/site-packages/airflow/example_dags/example_complex.py
[2024-06-27T14:37:30.016+0000] {processor.py:840} INFO - DAG(s) 'example_complex' retrieved from /home/airflow/.local/lib/python3.12/site-packages/airflow/example_dags/example_complex.py
[2024-06-27T14:37:30.055+0000] {logging_mixin.py:188} INFO - [2024-06-27T14:37:30.054+0000] {dag.py:3096} INFO - Sync 1 DAGs
[2024-06-27T14:37:30.076+0000] {logging_mixin.py:188} INFO - [2024-06-27T14:37:30.075+0000] {dag.py:3954} INFO - Setting next_dagrun for example_complex to None, run_after=None
[2024-06-27T14:37:30.108+0000] {processor.py:183} INFO - Processing /home/airflow/.local/lib/python3.12/site-packages/airflow/example_dags/example_complex.py took 0.120 seconds
[2024-06-27T14:38:00.226+0000] {processor.py:161} INFO - Started process (PID=214) to work on /home/airflow/.local/lib/python3.12/site-packages/airflow/example_dags/example_complex.py
[2024-06-27T14:38:00.228+0000] {processor.py:830} INFO - Processing file /home/airflow/.local/lib/python3.12/site-packages/airflow/example_dags/example_complex.py for tasks to queue
[2024-06-27T14:38:00.231+0000] {logging_mixin.py:188} INFO - [2024-06-27T14:38:00.230+0000] {dagbag.py:545} INFO - Filling up the DagBag from /home/airflow/.local/lib/python3.12/site-packages/airflow/example_dags/example_complex.py
[2024-06-27T14:38:00.243+0000] {processor.py:840} INFO - DAG(s) 'example_complex' retrieved from /home/airflow/.local/lib/python3.12/site-packages/airflow/example_dags/example_complex.py
[2024-06-27T14:38:00.285+0000] {logging_mixin.py:188} INFO - [2024-06-27T14:38:00.284+0000] {dag.py:3096} INFO - Sync 1 DAGs
[2024-06-27T14:38:00.300+0000] {logging_mixin.py:188} INFO - [2024-06-27T14:38:00.300+0000] {dag.py:3954} INFO - Setting next_dagrun for example_complex to None, run_after=None
[2024-06-27T14:38:00.327+0000] {processor.py:183} INFO - Processing /home/airflow/.local/lib/python3.12/site-packages/airflow/example_dags/example_complex.py took 0.108 seconds
[2024-06-27T14:39:40.761+0000] {processor.py:161} INFO - Started process (PID=36) to work on /home/airflow/.local/lib/python3.12/site-packages/airflow/example_dags/example_complex.py
[2024-06-27T14:39:40.764+0000] {processor.py:830} INFO - Processing file /home/airflow/.local/lib/python3.12/site-packages/airflow/example_dags/example_complex.py for tasks to queue
[2024-06-27T14:39:40.768+0000] {logging_mixin.py:188} INFO - [2024-06-27T14:39:40.767+0000] {dagbag.py:545} INFO - Filling up the DagBag from /home/airflow/.local/lib/python3.12/site-packages/airflow/example_dags/example_complex.py
[2024-06-27T14:39:40.802+0000] {processor.py:840} INFO - DAG(s) 'example_complex' retrieved from /home/airflow/.local/lib/python3.12/site-packages/airflow/example_dags/example_complex.py
[2024-06-27T14:39:41.082+0000] {logging_mixin.py:188} INFO - [2024-06-27T14:39:41.081+0000] {dag.py:3096} INFO - Sync 1 DAGs
[2024-06-27T14:39:41.100+0000] {logging_mixin.py:188} INFO - [2024-06-27T14:39:41.100+0000] {dag.py:3954} INFO - Setting next_dagrun for example_complex to None, run_after=None
[2024-06-27T14:39:41.136+0000] {processor.py:183} INFO - Processing /home/airflow/.local/lib/python3.12/site-packages/airflow/example_dags/example_complex.py took 0.387 seconds
[2024-06-27T14:40:11.824+0000] {processor.py:161} INFO - Started process (PID=95) to work on /home/airflow/.local/lib/python3.12/site-packages/airflow/example_dags/example_complex.py
[2024-06-27T14:40:11.825+0000] {processor.py:830} INFO - Processing file /home/airflow/.local/lib/python3.12/site-packages/airflow/example_dags/example_complex.py for tasks to queue
[2024-06-27T14:40:11.828+0000] {logging_mixin.py:188} INFO - [2024-06-27T14:40:11.827+0000] {dagbag.py:545} INFO - Filling up the DagBag from /home/airflow/.local/lib/python3.12/site-packages/airflow/example_dags/example_complex.py
[2024-06-27T14:40:11.840+0000] {processor.py:840} INFO - DAG(s) 'example_complex' retrieved from /home/airflow/.local/lib/python3.12/site-packages/airflow/example_dags/example_complex.py
[2024-06-27T14:40:11.877+0000] {logging_mixin.py:188} INFO - [2024-06-27T14:40:11.877+0000] {dag.py:3096} INFO - Sync 1 DAGs
[2024-06-27T14:40:11.894+0000] {logging_mixin.py:188} INFO - [2024-06-27T14:40:11.894+0000] {dag.py:3954} INFO - Setting next_dagrun for example_complex to None, run_after=None
[2024-06-27T14:40:11.923+0000] {processor.py:183} INFO - Processing /home/airflow/.local/lib/python3.12/site-packages/airflow/example_dags/example_complex.py took 0.107 seconds
[2024-06-27T14:40:42.129+0000] {processor.py:161} INFO - Started process (PID=154) to work on /home/airflow/.local/lib/python3.12/site-packages/airflow/example_dags/example_complex.py
[2024-06-27T14:40:42.131+0000] {processor.py:830} INFO - Processing file /home/airflow/.local/lib/python3.12/site-packages/airflow/example_dags/example_complex.py for tasks to queue
[2024-06-27T14:40:42.133+0000] {logging_mixin.py:188} INFO - [2024-06-27T14:40:42.133+0000] {dagbag.py:545} INFO - Filling up the DagBag from /home/airflow/.local/lib/python3.12/site-packages/airflow/example_dags/example_complex.py
[2024-06-27T14:40:42.148+0000] {processor.py:840} INFO - DAG(s) 'example_complex' retrieved from /home/airflow/.local/lib/python3.12/site-packages/airflow/example_dags/example_complex.py
[2024-06-27T14:40:42.189+0000] {logging_mixin.py:188} INFO - [2024-06-27T14:40:42.189+0000] {dag.py:3096} INFO - Sync 1 DAGs
[2024-06-27T14:40:42.206+0000] {logging_mixin.py:188} INFO - [2024-06-27T14:40:42.206+0000] {dag.py:3954} INFO - Setting next_dagrun for example_complex to None, run_after=None
[2024-06-27T14:40:42.233+0000] {processor.py:183} INFO - Processing /home/airflow/.local/lib/python3.12/site-packages/airflow/example_dags/example_complex.py took 0.111 seconds
[2024-06-27T14:41:12.523+0000] {processor.py:161} INFO - Started process (PID=213) to work on /home/airflow/.local/lib/python3.12/site-packages/airflow/example_dags/example_complex.py
[2024-06-27T14:41:12.524+0000] {processor.py:830} INFO - Processing file /home/airflow/.local/lib/python3.12/site-packages/airflow/example_dags/example_complex.py for tasks to queue
[2024-06-27T14:41:12.527+0000] {logging_mixin.py:188} INFO - [2024-06-27T14:41:12.527+0000] {dagbag.py:545} INFO - Filling up the DagBag from /home/airflow/.local/lib/python3.12/site-packages/airflow/example_dags/example_complex.py
[2024-06-27T14:41:12.541+0000] {processor.py:840} INFO - DAG(s) 'example_complex' retrieved from /home/airflow/.local/lib/python3.12/site-packages/airflow/example_dags/example_complex.py
[2024-06-27T14:41:12.582+0000] {logging_mixin.py:188} INFO - [2024-06-27T14:41:12.582+0000] {dag.py:3096} INFO - Sync 1 DAGs
[2024-06-27T14:41:12.601+0000] {logging_mixin.py:188} INFO - [2024-06-27T14:41:12.600+0000] {dag.py:3954} INFO - Setting next_dagrun for example_complex to None, run_after=None
[2024-06-27T14:41:12.635+0000] {processor.py:183} INFO - Processing /home/airflow/.local/lib/python3.12/site-packages/airflow/example_dags/example_complex.py took 0.120 seconds
[2024-06-27T14:41:42.693+0000] {processor.py:161} INFO - Started process (PID=272) to work on /home/airflow/.local/lib/python3.12/site-packages/airflow/example_dags/example_complex.py
[2024-06-27T14:41:42.695+0000] {processor.py:830} INFO - Processing file /home/airflow/.local/lib/python3.12/site-packages/airflow/example_dags/example_complex.py for tasks to queue
[2024-06-27T14:41:42.699+0000] {logging_mixin.py:188} INFO - [2024-06-27T14:41:42.698+0000] {dagbag.py:545} INFO - Filling up the DagBag from /home/airflow/.local/lib/python3.12/site-packages/airflow/example_dags/example_complex.py
[2024-06-27T14:41:42.714+0000] {processor.py:840} INFO - DAG(s) 'example_complex' retrieved from /home/airflow/.local/lib/python3.12/site-packages/airflow/example_dags/example_complex.py
[2024-06-27T14:41:42.754+0000] {logging_mixin.py:188} INFO - [2024-06-27T14:41:42.753+0000] {dag.py:3096} INFO - Sync 1 DAGs
[2024-06-27T14:41:42.772+0000] {logging_mixin.py:188} INFO - [2024-06-27T14:41:42.771+0000] {dag.py:3954} INFO - Setting next_dagrun for example_complex to None, run_after=None
[2024-06-27T14:41:42.801+0000] {processor.py:183} INFO - Processing /home/airflow/.local/lib/python3.12/site-packages/airflow/example_dags/example_complex.py took 0.116 seconds
[2024-06-27T14:42:13.176+0000] {processor.py:161} INFO - Started process (PID=331) to work on /home/airflow/.local/lib/python3.12/site-packages/airflow/example_dags/example_complex.py
[2024-06-27T14:42:13.177+0000] {processor.py:830} INFO - Processing file /home/airflow/.local/lib/python3.12/site-packages/airflow/example_dags/example_complex.py for tasks to queue
[2024-06-27T14:42:13.180+0000] {logging_mixin.py:188} INFO - [2024-06-27T14:42:13.179+0000] {dagbag.py:545} INFO - Filling up the DagBag from /home/airflow/.local/lib/python3.12/site-packages/airflow/example_dags/example_complex.py
[2024-06-27T14:42:13.193+0000] {processor.py:840} INFO - DAG(s) 'example_complex' retrieved from /home/airflow/.local/lib/python3.12/site-packages/airflow/example_dags/example_complex.py
[2024-06-27T14:42:13.234+0000] {logging_mixin.py:188} INFO - [2024-06-27T14:42:13.233+0000] {dag.py:3096} INFO - Sync 1 DAGs
[2024-06-27T14:42:13.253+0000] {logging_mixin.py:188} INFO - [2024-06-27T14:42:13.253+0000] {dag.py:3954} INFO - Setting next_dagrun for example_complex to None, run_after=None
[2024-06-27T14:42:13.283+0000] {processor.py:183} INFO - Processing /home/airflow/.local/lib/python3.12/site-packages/airflow/example_dags/example_complex.py took 0.115 seconds
[2024-06-27T14:43:55.764+0000] {processor.py:161} INFO - Started process (PID=36) to work on /home/airflow/.local/lib/python3.12/site-packages/airflow/example_dags/example_complex.py
[2024-06-27T14:43:55.767+0000] {processor.py:830} INFO - Processing file /home/airflow/.local/lib/python3.12/site-packages/airflow/example_dags/example_complex.py for tasks to queue
[2024-06-27T14:43:55.771+0000] {logging_mixin.py:188} INFO - [2024-06-27T14:43:55.770+0000] {dagbag.py:545} INFO - Filling up the DagBag from /home/airflow/.local/lib/python3.12/site-packages/airflow/example_dags/example_complex.py
[2024-06-27T14:43:55.797+0000] {processor.py:840} INFO - DAG(s) 'example_complex' retrieved from /home/airflow/.local/lib/python3.12/site-packages/airflow/example_dags/example_complex.py
[2024-06-27T14:43:56.053+0000] {logging_mixin.py:188} INFO - [2024-06-27T14:43:56.053+0000] {dag.py:3096} INFO - Sync 1 DAGs
[2024-06-27T14:43:56.070+0000] {logging_mixin.py:188} INFO - [2024-06-27T14:43:56.070+0000] {dag.py:3954} INFO - Setting next_dagrun for example_complex to None, run_after=None
[2024-06-27T14:43:56.107+0000] {processor.py:183} INFO - Processing /home/airflow/.local/lib/python3.12/site-packages/airflow/example_dags/example_complex.py took 0.356 seconds
[2024-06-27T14:44:22.531+0000] {processor.py:161} INFO - Started process (PID=36) to work on /home/airflow/.local/lib/python3.12/site-packages/airflow/example_dags/example_complex.py
[2024-06-27T14:44:22.533+0000] {processor.py:830} INFO - Processing file /home/airflow/.local/lib/python3.12/site-packages/airflow/example_dags/example_complex.py for tasks to queue
[2024-06-27T14:44:22.537+0000] {logging_mixin.py:188} INFO - [2024-06-27T14:44:22.536+0000] {dagbag.py:545} INFO - Filling up the DagBag from /home/airflow/.local/lib/python3.12/site-packages/airflow/example_dags/example_complex.py
[2024-06-27T14:44:22.560+0000] {processor.py:840} INFO - DAG(s) 'example_complex' retrieved from /home/airflow/.local/lib/python3.12/site-packages/airflow/example_dags/example_complex.py
[2024-06-27T14:44:22.585+0000] {logging_mixin.py:188} INFO - [2024-06-27T14:44:22.584+0000] {dag.py:3096} INFO - Sync 1 DAGs
[2024-06-27T14:44:22.610+0000] {logging_mixin.py:188} INFO - [2024-06-27T14:44:22.610+0000] {dag.py:3954} INFO - Setting next_dagrun for example_complex to None, run_after=None
[2024-06-27T14:44:22.659+0000] {processor.py:183} INFO - Processing /home/airflow/.local/lib/python3.12/site-packages/airflow/example_dags/example_complex.py took 0.139 seconds
[2024-06-27T14:44:53.101+0000] {processor.py:161} INFO - Started process (PID=95) to work on /home/airflow/.local/lib/python3.12/site-packages/airflow/example_dags/example_complex.py
[2024-06-27T14:44:53.104+0000] {processor.py:830} INFO - Processing file /home/airflow/.local/lib/python3.12/site-packages/airflow/example_dags/example_complex.py for tasks to queue
[2024-06-27T14:44:53.107+0000] {logging_mixin.py:188} INFO - [2024-06-27T14:44:53.107+0000] {dagbag.py:545} INFO - Filling up the DagBag from /home/airflow/.local/lib/python3.12/site-packages/airflow/example_dags/example_complex.py
[2024-06-27T14:44:53.122+0000] {processor.py:840} INFO - DAG(s) 'example_complex' retrieved from /home/airflow/.local/lib/python3.12/site-packages/airflow/example_dags/example_complex.py
[2024-06-27T14:44:53.169+0000] {logging_mixin.py:188} INFO - [2024-06-27T14:44:53.168+0000] {dag.py:3096} INFO - Sync 1 DAGs
[2024-06-27T14:44:53.188+0000] {logging_mixin.py:188} INFO - [2024-06-27T14:44:53.188+0000] {dag.py:3954} INFO - Setting next_dagrun for example_complex to None, run_after=None
[2024-06-27T14:44:53.220+0000] {processor.py:183} INFO - Processing /home/airflow/.local/lib/python3.12/site-packages/airflow/example_dags/example_complex.py took 0.127 seconds
[2024-06-27T14:45:23.325+0000] {processor.py:161} INFO - Started process (PID=154) to work on /home/airflow/.local/lib/python3.12/site-packages/airflow/example_dags/example_complex.py
[2024-06-27T14:45:23.327+0000] {processor.py:830} INFO - Processing file /home/airflow/.local/lib/python3.12/site-packages/airflow/example_dags/example_complex.py for tasks to queue
[2024-06-27T14:45:23.330+0000] {logging_mixin.py:188} INFO - [2024-06-27T14:45:23.330+0000] {dagbag.py:545} INFO - Filling up the DagBag from /home/airflow/.local/lib/python3.12/site-packages/airflow/example_dags/example_complex.py
[2024-06-27T14:45:23.347+0000] {processor.py:840} INFO - DAG(s) 'example_complex' retrieved from /home/airflow/.local/lib/python3.12/site-packages/airflow/example_dags/example_complex.py
[2024-06-27T14:45:23.394+0000] {logging_mixin.py:188} INFO - [2024-06-27T14:45:23.393+0000] {dag.py:3096} INFO - Sync 1 DAGs
[2024-06-27T14:45:23.411+0000] {logging_mixin.py:188} INFO - [2024-06-27T14:45:23.410+0000] {dag.py:3954} INFO - Setting next_dagrun for example_complex to None, run_after=None
[2024-06-27T14:45:23.444+0000] {processor.py:183} INFO - Processing /home/airflow/.local/lib/python3.12/site-packages/airflow/example_dags/example_complex.py took 0.130 seconds
[2024-06-27T14:45:53.975+0000] {processor.py:161} INFO - Started process (PID=213) to work on /home/airflow/.local/lib/python3.12/site-packages/airflow/example_dags/example_complex.py
[2024-06-27T14:45:53.977+0000] {processor.py:830} INFO - Processing file /home/airflow/.local/lib/python3.12/site-packages/airflow/example_dags/example_complex.py for tasks to queue
[2024-06-27T14:45:53.980+0000] {logging_mixin.py:188} INFO - [2024-06-27T14:45:53.980+0000] {dagbag.py:545} INFO - Filling up the DagBag from /home/airflow/.local/lib/python3.12/site-packages/airflow/example_dags/example_complex.py
[2024-06-27T14:45:53.995+0000] {processor.py:840} INFO - DAG(s) 'example_complex' retrieved from /home/airflow/.local/lib/python3.12/site-packages/airflow/example_dags/example_complex.py
[2024-06-27T14:45:54.058+0000] {logging_mixin.py:188} INFO - [2024-06-27T14:45:54.058+0000] {dag.py:3096} INFO - Sync 1 DAGs
[2024-06-27T14:45:54.074+0000] {logging_mixin.py:188} INFO - [2024-06-27T14:45:54.074+0000] {dag.py:3954} INFO - Setting next_dagrun for example_complex to None, run_after=None
[2024-06-27T14:45:54.104+0000] {processor.py:183} INFO - Processing /home/airflow/.local/lib/python3.12/site-packages/airflow/example_dags/example_complex.py took 0.142 seconds
[2024-06-27T14:46:24.148+0000] {processor.py:161} INFO - Started process (PID=272) to work on /home/airflow/.local/lib/python3.12/site-packages/airflow/example_dags/example_complex.py
[2024-06-27T14:46:24.150+0000] {processor.py:830} INFO - Processing file /home/airflow/.local/lib/python3.12/site-packages/airflow/example_dags/example_complex.py for tasks to queue
[2024-06-27T14:46:24.153+0000] {logging_mixin.py:188} INFO - [2024-06-27T14:46:24.152+0000] {dagbag.py:545} INFO - Filling up the DagBag from /home/airflow/.local/lib/python3.12/site-packages/airflow/example_dags/example_complex.py
[2024-06-27T14:46:24.174+0000] {processor.py:840} INFO - DAG(s) 'example_complex' retrieved from /home/airflow/.local/lib/python3.12/site-packages/airflow/example_dags/example_complex.py
[2024-06-27T14:46:24.245+0000] {logging_mixin.py:188} INFO - [2024-06-27T14:46:24.245+0000] {dag.py:3096} INFO - Sync 1 DAGs
[2024-06-27T14:46:24.261+0000] {logging_mixin.py:188} INFO - [2024-06-27T14:46:24.260+0000] {dag.py:3954} INFO - Setting next_dagrun for example_complex to None, run_after=None
[2024-06-27T14:46:24.288+0000] {processor.py:183} INFO - Processing /home/airflow/.local/lib/python3.12/site-packages/airflow/example_dags/example_complex.py took 0.150 seconds
[2024-06-27T14:58:55.843+0000] {processor.py:161} INFO - Started process (PID=41) to work on /home/airflow/.local/lib/python3.12/site-packages/airflow/example_dags/example_complex.py
[2024-06-27T14:58:55.845+0000] {processor.py:830} INFO - Processing file /home/airflow/.local/lib/python3.12/site-packages/airflow/example_dags/example_complex.py for tasks to queue
[2024-06-27T14:58:55.850+0000] {logging_mixin.py:188} INFO - [2024-06-27T14:58:55.849+0000] {dagbag.py:545} INFO - Filling up the DagBag from /home/airflow/.local/lib/python3.12/site-packages/airflow/example_dags/example_complex.py
[2024-06-27T14:58:55.884+0000] {processor.py:840} INFO - DAG(s) 'example_complex' retrieved from /home/airflow/.local/lib/python3.12/site-packages/airflow/example_dags/example_complex.py
[2024-06-27T14:58:55.912+0000] {logging_mixin.py:188} INFO - [2024-06-27T14:58:55.911+0000] {dag.py:3096} INFO - Sync 1 DAGs
[2024-06-27T14:58:55.952+0000] {logging_mixin.py:188} INFO - [2024-06-27T14:58:55.951+0000] {dag.py:3954} INFO - Setting next_dagrun for example_complex to None, run_after=None
[2024-06-27T14:58:56.002+0000] {processor.py:183} INFO - Processing /home/airflow/.local/lib/python3.12/site-packages/airflow/example_dags/example_complex.py took 0.169 seconds
[2024-06-27T14:59:27.326+0000] {processor.py:161} INFO - Started process (PID=100) to work on /home/airflow/.local/lib/python3.12/site-packages/airflow/example_dags/example_complex.py
[2024-06-27T14:59:27.328+0000] {processor.py:830} INFO - Processing file /home/airflow/.local/lib/python3.12/site-packages/airflow/example_dags/example_complex.py for tasks to queue
[2024-06-27T14:59:27.333+0000] {logging_mixin.py:188} INFO - [2024-06-27T14:59:27.332+0000] {dagbag.py:545} INFO - Filling up the DagBag from /home/airflow/.local/lib/python3.12/site-packages/airflow/example_dags/example_complex.py
[2024-06-27T14:59:27.347+0000] {processor.py:840} INFO - DAG(s) 'example_complex' retrieved from /home/airflow/.local/lib/python3.12/site-packages/airflow/example_dags/example_complex.py
[2024-06-27T14:59:27.516+0000] {logging_mixin.py:188} INFO - [2024-06-27T14:59:27.515+0000] {dag.py:3096} INFO - Sync 1 DAGs
[2024-06-27T14:59:27.528+0000] {logging_mixin.py:188} INFO - [2024-06-27T14:59:27.527+0000] {dag.py:3954} INFO - Setting next_dagrun for example_complex to None, run_after=None
[2024-06-27T14:59:27.558+0000] {processor.py:183} INFO - Processing /home/airflow/.local/lib/python3.12/site-packages/airflow/example_dags/example_complex.py took 0.240 seconds
[2024-06-27T14:59:57.672+0000] {processor.py:161} INFO - Started process (PID=159) to work on /home/airflow/.local/lib/python3.12/site-packages/airflow/example_dags/example_complex.py
[2024-06-27T14:59:57.673+0000] {processor.py:830} INFO - Processing file /home/airflow/.local/lib/python3.12/site-packages/airflow/example_dags/example_complex.py for tasks to queue
[2024-06-27T14:59:57.676+0000] {logging_mixin.py:188} INFO - [2024-06-27T14:59:57.675+0000] {dagbag.py:545} INFO - Filling up the DagBag from /home/airflow/.local/lib/python3.12/site-packages/airflow/example_dags/example_complex.py
[2024-06-27T14:59:57.689+0000] {processor.py:840} INFO - DAG(s) 'example_complex' retrieved from /home/airflow/.local/lib/python3.12/site-packages/airflow/example_dags/example_complex.py
[2024-06-27T14:59:57.730+0000] {logging_mixin.py:188} INFO - [2024-06-27T14:59:57.730+0000] {dag.py:3096} INFO - Sync 1 DAGs
[2024-06-27T14:59:57.750+0000] {logging_mixin.py:188} INFO - [2024-06-27T14:59:57.750+0000] {dag.py:3954} INFO - Setting next_dagrun for example_complex to None, run_after=None
[2024-06-27T14:59:57.775+0000] {processor.py:183} INFO - Processing /home/airflow/.local/lib/python3.12/site-packages/airflow/example_dags/example_complex.py took 0.111 seconds
[2024-06-27T15:00:28.451+0000] {processor.py:161} INFO - Started process (PID=218) to work on /home/airflow/.local/lib/python3.12/site-packages/airflow/example_dags/example_complex.py
[2024-06-27T15:00:28.453+0000] {processor.py:830} INFO - Processing file /home/airflow/.local/lib/python3.12/site-packages/airflow/example_dags/example_complex.py for tasks to queue
[2024-06-27T15:00:28.456+0000] {logging_mixin.py:188} INFO - [2024-06-27T15:00:28.455+0000] {dagbag.py:545} INFO - Filling up the DagBag from /home/airflow/.local/lib/python3.12/site-packages/airflow/example_dags/example_complex.py
[2024-06-27T15:00:28.469+0000] {processor.py:840} INFO - DAG(s) 'example_complex' retrieved from /home/airflow/.local/lib/python3.12/site-packages/airflow/example_dags/example_complex.py
[2024-06-27T15:00:28.513+0000] {logging_mixin.py:188} INFO - [2024-06-27T15:00:28.512+0000] {dag.py:3096} INFO - Sync 1 DAGs
[2024-06-27T15:00:28.531+0000] {logging_mixin.py:188} INFO - [2024-06-27T15:00:28.531+0000] {dag.py:3954} INFO - Setting next_dagrun for example_complex to None, run_after=None
[2024-06-27T15:00:28.556+0000] {processor.py:183} INFO - Processing /home/airflow/.local/lib/python3.12/site-packages/airflow/example_dags/example_complex.py took 0.112 seconds
[2024-06-27T15:02:10.851+0000] {processor.py:161} INFO - Started process (PID=45) to work on /home/airflow/.local/lib/python3.12/site-packages/airflow/example_dags/example_complex.py
[2024-06-27T15:02:10.863+0000] {processor.py:830} INFO - Processing file /home/airflow/.local/lib/python3.12/site-packages/airflow/example_dags/example_complex.py for tasks to queue
[2024-06-27T15:02:10.869+0000] {logging_mixin.py:188} INFO - [2024-06-27T15:02:10.868+0000] {dagbag.py:545} INFO - Filling up the DagBag from /home/airflow/.local/lib/python3.12/site-packages/airflow/example_dags/example_complex.py
[2024-06-27T15:02:10.896+0000] {processor.py:840} INFO - DAG(s) 'example_complex' retrieved from /home/airflow/.local/lib/python3.12/site-packages/airflow/example_dags/example_complex.py
[2024-06-27T15:02:11.124+0000] {logging_mixin.py:188} INFO - [2024-06-27T15:02:11.124+0000] {dag.py:3096} INFO - Sync 1 DAGs
[2024-06-27T15:02:11.143+0000] {logging_mixin.py:188} INFO - [2024-06-27T15:02:11.142+0000] {dag.py:3954} INFO - Setting next_dagrun for example_complex to None, run_after=None
[2024-06-27T15:02:11.182+0000] {processor.py:183} INFO - Processing /home/airflow/.local/lib/python3.12/site-packages/airflow/example_dags/example_complex.py took 0.374 seconds
[2024-06-27T15:02:41.913+0000] {processor.py:161} INFO - Started process (PID=110) to work on /home/airflow/.local/lib/python3.12/site-packages/airflow/example_dags/example_complex.py
[2024-06-27T15:02:41.915+0000] {processor.py:830} INFO - Processing file /home/airflow/.local/lib/python3.12/site-packages/airflow/example_dags/example_complex.py for tasks to queue
[2024-06-27T15:02:41.918+0000] {logging_mixin.py:188} INFO - [2024-06-27T15:02:41.918+0000] {dagbag.py:545} INFO - Filling up the DagBag from /home/airflow/.local/lib/python3.12/site-packages/airflow/example_dags/example_complex.py
[2024-06-27T15:02:41.934+0000] {processor.py:840} INFO - DAG(s) 'example_complex' retrieved from /home/airflow/.local/lib/python3.12/site-packages/airflow/example_dags/example_complex.py
[2024-06-27T15:02:41.981+0000] {logging_mixin.py:188} INFO - [2024-06-27T15:02:41.981+0000] {dag.py:3096} INFO - Sync 1 DAGs
[2024-06-27T15:02:42.000+0000] {logging_mixin.py:188} INFO - [2024-06-27T15:02:42.000+0000] {dag.py:3954} INFO - Setting next_dagrun for example_complex to None, run_after=None
[2024-06-27T15:02:42.032+0000] {processor.py:183} INFO - Processing /home/airflow/.local/lib/python3.12/site-packages/airflow/example_dags/example_complex.py took 0.127 seconds
[2024-06-27T15:03:12.280+0000] {processor.py:161} INFO - Started process (PID=178) to work on /home/airflow/.local/lib/python3.12/site-packages/airflow/example_dags/example_complex.py
[2024-06-27T15:03:12.281+0000] {processor.py:830} INFO - Processing file /home/airflow/.local/lib/python3.12/site-packages/airflow/example_dags/example_complex.py for tasks to queue
[2024-06-27T15:03:12.284+0000] {logging_mixin.py:188} INFO - [2024-06-27T15:03:12.284+0000] {dagbag.py:545} INFO - Filling up the DagBag from /home/airflow/.local/lib/python3.12/site-packages/airflow/example_dags/example_complex.py
[2024-06-27T15:03:12.298+0000] {processor.py:840} INFO - DAG(s) 'example_complex' retrieved from /home/airflow/.local/lib/python3.12/site-packages/airflow/example_dags/example_complex.py
[2024-06-27T15:03:12.338+0000] {logging_mixin.py:188} INFO - [2024-06-27T15:03:12.338+0000] {dag.py:3096} INFO - Sync 1 DAGs
[2024-06-27T15:03:12.355+0000] {logging_mixin.py:188} INFO - [2024-06-27T15:03:12.355+0000] {dag.py:3954} INFO - Setting next_dagrun for example_complex to None, run_after=None
[2024-06-27T15:03:12.384+0000] {processor.py:183} INFO - Processing /home/airflow/.local/lib/python3.12/site-packages/airflow/example_dags/example_complex.py took 0.113 seconds
[2024-06-27T15:03:42.455+0000] {processor.py:161} INFO - Started process (PID=246) to work on /home/airflow/.local/lib/python3.12/site-packages/airflow/example_dags/example_complex.py
[2024-06-27T15:03:42.457+0000] {processor.py:830} INFO - Processing file /home/airflow/.local/lib/python3.12/site-packages/airflow/example_dags/example_complex.py for tasks to queue
[2024-06-27T15:03:42.461+0000] {logging_mixin.py:188} INFO - [2024-06-27T15:03:42.460+0000] {dagbag.py:545} INFO - Filling up the DagBag from /home/airflow/.local/lib/python3.12/site-packages/airflow/example_dags/example_complex.py
[2024-06-27T15:03:42.475+0000] {processor.py:840} INFO - DAG(s) 'example_complex' retrieved from /home/airflow/.local/lib/python3.12/site-packages/airflow/example_dags/example_complex.py
[2024-06-27T15:03:42.519+0000] {logging_mixin.py:188} INFO - [2024-06-27T15:03:42.519+0000] {dag.py:3096} INFO - Sync 1 DAGs
[2024-06-27T15:03:42.538+0000] {logging_mixin.py:188} INFO - [2024-06-27T15:03:42.538+0000] {dag.py:3954} INFO - Setting next_dagrun for example_complex to None, run_after=None
[2024-06-27T15:03:42.569+0000] {processor.py:183} INFO - Processing /home/airflow/.local/lib/python3.12/site-packages/airflow/example_dags/example_complex.py took 0.122 seconds
[2024-06-27T15:04:13.449+0000] {processor.py:161} INFO - Started process (PID=314) to work on /home/airflow/.local/lib/python3.12/site-packages/airflow/example_dags/example_complex.py
[2024-06-27T15:04:13.456+0000] {processor.py:830} INFO - Processing file /home/airflow/.local/lib/python3.12/site-packages/airflow/example_dags/example_complex.py for tasks to queue
[2024-06-27T15:04:13.469+0000] {logging_mixin.py:188} INFO - [2024-06-27T15:04:13.466+0000] {dagbag.py:545} INFO - Filling up the DagBag from /home/airflow/.local/lib/python3.12/site-packages/airflow/example_dags/example_complex.py
[2024-06-27T15:04:13.520+0000] {processor.py:840} INFO - DAG(s) 'example_complex' retrieved from /home/airflow/.local/lib/python3.12/site-packages/airflow/example_dags/example_complex.py
[2024-06-27T15:04:13.685+0000] {logging_mixin.py:188} INFO - [2024-06-27T15:04:13.685+0000] {dag.py:3096} INFO - Sync 1 DAGs
[2024-06-27T15:04:13.730+0000] {logging_mixin.py:188} INFO - [2024-06-27T15:04:13.729+0000] {dag.py:3954} INFO - Setting next_dagrun for example_complex to None, run_after=None
[2024-06-27T15:04:13.786+0000] {processor.py:183} INFO - Processing /home/airflow/.local/lib/python3.12/site-packages/airflow/example_dags/example_complex.py took 0.352 seconds
[2024-06-27T15:04:44.821+0000] {processor.py:161} INFO - Started process (PID=399) to work on /home/airflow/.local/lib/python3.12/site-packages/airflow/example_dags/example_complex.py
[2024-06-27T15:04:44.826+0000] {processor.py:830} INFO - Processing file /home/airflow/.local/lib/python3.12/site-packages/airflow/example_dags/example_complex.py for tasks to queue
[2024-06-27T15:04:44.835+0000] {logging_mixin.py:188} INFO - [2024-06-27T15:04:44.833+0000] {dagbag.py:545} INFO - Filling up the DagBag from /home/airflow/.local/lib/python3.12/site-packages/airflow/example_dags/example_complex.py
[2024-06-27T15:04:44.896+0000] {processor.py:840} INFO - DAG(s) 'example_complex' retrieved from /home/airflow/.local/lib/python3.12/site-packages/airflow/example_dags/example_complex.py
[2024-06-27T15:04:45.121+0000] {logging_mixin.py:188} INFO - [2024-06-27T15:04:45.120+0000] {dag.py:3096} INFO - Sync 1 DAGs
[2024-06-27T15:04:45.191+0000] {logging_mixin.py:188} INFO - [2024-06-27T15:04:45.191+0000] {dag.py:3954} INFO - Setting next_dagrun for example_complex to None, run_after=None
[2024-06-27T15:04:45.299+0000] {processor.py:183} INFO - Processing /home/airflow/.local/lib/python3.12/site-packages/airflow/example_dags/example_complex.py took 0.507 seconds
[2024-06-27T15:05:16.087+0000] {processor.py:161} INFO - Started process (PID=489) to work on /home/airflow/.local/lib/python3.12/site-packages/airflow/example_dags/example_complex.py
[2024-06-27T15:05:16.090+0000] {processor.py:830} INFO - Processing file /home/airflow/.local/lib/python3.12/site-packages/airflow/example_dags/example_complex.py for tasks to queue
[2024-06-27T15:05:16.099+0000] {logging_mixin.py:188} INFO - [2024-06-27T15:05:16.097+0000] {dagbag.py:545} INFO - Filling up the DagBag from /home/airflow/.local/lib/python3.12/site-packages/airflow/example_dags/example_complex.py
[2024-06-27T15:05:16.133+0000] {processor.py:840} INFO - DAG(s) 'example_complex' retrieved from /home/airflow/.local/lib/python3.12/site-packages/airflow/example_dags/example_complex.py
[2024-06-27T15:05:16.250+0000] {logging_mixin.py:188} INFO - [2024-06-27T15:05:16.250+0000] {dag.py:3096} INFO - Sync 1 DAGs
[2024-06-27T15:05:16.300+0000] {logging_mixin.py:188} INFO - [2024-06-27T15:05:16.300+0000] {dag.py:3954} INFO - Setting next_dagrun for example_complex to None, run_after=None
[2024-06-27T15:05:16.368+0000] {processor.py:183} INFO - Processing /home/airflow/.local/lib/python3.12/site-packages/airflow/example_dags/example_complex.py took 0.295 seconds
[2024-06-27T15:05:47.223+0000] {processor.py:161} INFO - Started process (PID=566) to work on /home/airflow/.local/lib/python3.12/site-packages/airflow/example_dags/example_complex.py
[2024-06-27T15:05:47.227+0000] {processor.py:830} INFO - Processing file /home/airflow/.local/lib/python3.12/site-packages/airflow/example_dags/example_complex.py for tasks to queue
[2024-06-27T15:05:47.232+0000] {logging_mixin.py:188} INFO - [2024-06-27T15:05:47.232+0000] {dagbag.py:545} INFO - Filling up the DagBag from /home/airflow/.local/lib/python3.12/site-packages/airflow/example_dags/example_complex.py
[2024-06-27T15:05:47.259+0000] {processor.py:840} INFO - DAG(s) 'example_complex' retrieved from /home/airflow/.local/lib/python3.12/site-packages/airflow/example_dags/example_complex.py
[2024-06-27T15:05:47.365+0000] {logging_mixin.py:188} INFO - [2024-06-27T15:05:47.365+0000] {dag.py:3096} INFO - Sync 1 DAGs
[2024-06-27T15:05:47.431+0000] {logging_mixin.py:188} INFO - [2024-06-27T15:05:47.431+0000] {dag.py:3954} INFO - Setting next_dagrun for example_complex to None, run_after=None
[2024-06-27T15:05:47.500+0000] {processor.py:183} INFO - Processing /home/airflow/.local/lib/python3.12/site-packages/airflow/example_dags/example_complex.py took 0.289 seconds
[2024-06-27T15:06:18.835+0000] {processor.py:161} INFO - Started process (PID=646) to work on /home/airflow/.local/lib/python3.12/site-packages/airflow/example_dags/example_complex.py
[2024-06-27T15:06:18.842+0000] {processor.py:830} INFO - Processing file /home/airflow/.local/lib/python3.12/site-packages/airflow/example_dags/example_complex.py for tasks to queue
[2024-06-27T15:06:18.849+0000] {logging_mixin.py:188} INFO - [2024-06-27T15:06:18.848+0000] {dagbag.py:545} INFO - Filling up the DagBag from /home/airflow/.local/lib/python3.12/site-packages/airflow/example_dags/example_complex.py
[2024-06-27T15:06:18.907+0000] {processor.py:840} INFO - DAG(s) 'example_complex' retrieved from /home/airflow/.local/lib/python3.12/site-packages/airflow/example_dags/example_complex.py
[2024-06-27T15:06:19.084+0000] {logging_mixin.py:188} INFO - [2024-06-27T15:06:19.083+0000] {dag.py:3096} INFO - Sync 1 DAGs
[2024-06-27T15:06:19.202+0000] {logging_mixin.py:188} INFO - [2024-06-27T15:06:19.195+0000] {dag.py:3954} INFO - Setting next_dagrun for example_complex to None, run_after=None
[2024-06-27T15:06:19.299+0000] {processor.py:183} INFO - Processing /home/airflow/.local/lib/python3.12/site-packages/airflow/example_dags/example_complex.py took 0.483 seconds
[2024-06-27T15:06:53.381+0000] {processor.py:161} INFO - Started process (PID=735) to work on /home/airflow/.local/lib/python3.12/site-packages/airflow/example_dags/example_complex.py
[2024-06-27T15:06:53.394+0000] {processor.py:830} INFO - Processing file /home/airflow/.local/lib/python3.12/site-packages/airflow/example_dags/example_complex.py for tasks to queue
[2024-06-27T15:06:53.411+0000] {logging_mixin.py:188} INFO - [2024-06-27T15:06:53.406+0000] {dagbag.py:545} INFO - Filling up the DagBag from /home/airflow/.local/lib/python3.12/site-packages/airflow/example_dags/example_complex.py
[2024-06-27T15:06:53.540+0000] {processor.py:840} INFO - DAG(s) 'example_complex' retrieved from /home/airflow/.local/lib/python3.12/site-packages/airflow/example_dags/example_complex.py
[2024-06-27T15:06:53.795+0000] {logging_mixin.py:188} INFO - [2024-06-27T15:06:53.794+0000] {dag.py:3096} INFO - Sync 1 DAGs
[2024-06-27T15:06:53.877+0000] {logging_mixin.py:188} INFO - [2024-06-27T15:06:53.876+0000] {dag.py:3954} INFO - Setting next_dagrun for example_complex to None, run_after=None
[2024-06-27T15:06:54.002+0000] {processor.py:183} INFO - Processing /home/airflow/.local/lib/python3.12/site-packages/airflow/example_dags/example_complex.py took 0.684 seconds
[2024-06-27T15:07:24.409+0000] {processor.py:161} INFO - Started process (PID=802) to work on /home/airflow/.local/lib/python3.12/site-packages/airflow/example_dags/example_complex.py
[2024-06-27T15:07:24.413+0000] {processor.py:830} INFO - Processing file /home/airflow/.local/lib/python3.12/site-packages/airflow/example_dags/example_complex.py for tasks to queue
[2024-06-27T15:07:24.422+0000] {logging_mixin.py:188} INFO - [2024-06-27T15:07:24.421+0000] {dagbag.py:545} INFO - Filling up the DagBag from /home/airflow/.local/lib/python3.12/site-packages/airflow/example_dags/example_complex.py
[2024-06-27T15:07:24.461+0000] {processor.py:840} INFO - DAG(s) 'example_complex' retrieved from /home/airflow/.local/lib/python3.12/site-packages/airflow/example_dags/example_complex.py
[2024-06-27T15:07:24.568+0000] {logging_mixin.py:188} INFO - [2024-06-27T15:07:24.568+0000] {dag.py:3096} INFO - Sync 1 DAGs
[2024-06-27T15:07:24.603+0000] {logging_mixin.py:188} INFO - [2024-06-27T15:07:24.602+0000] {dag.py:3954} INFO - Setting next_dagrun for example_complex to None, run_after=None
[2024-06-27T15:07:24.688+0000] {processor.py:183} INFO - Processing /home/airflow/.local/lib/python3.12/site-packages/airflow/example_dags/example_complex.py took 0.305 seconds
