[2024-06-27T14:36:40.007+0000] {processor.py:161} INFO - Started process (PID=57) to work on /home/airflow/.local/lib/python3.12/site-packages/airflow/example_dags/example_dag_decorator.py
[2024-06-27T14:36:40.009+0000] {processor.py:830} INFO - Processing file /home/airflow/.local/lib/python3.12/site-packages/airflow/example_dags/example_dag_decorator.py for tasks to queue
[2024-06-27T14:36:40.014+0000] {logging_mixin.py:188} INFO - [2024-06-27T14:36:40.013+0000] {dagbag.py:545} INFO - Filling up the DagBag from /home/airflow/.local/lib/python3.12/site-packages/airflow/example_dags/example_dag_decorator.py
[2024-06-27T14:36:40.996+0000] {processor.py:840} INFO - DAG(s) 'example_dag_decorator' retrieved from /home/airflow/.local/lib/python3.12/site-packages/airflow/example_dags/example_dag_decorator.py
[2024-06-27T14:36:41.249+0000] {logging_mixin.py:188} INFO - [2024-06-27T14:36:41.248+0000] {override.py:1829} INFO - Created Permission View: can edit on DAG:example_dag_decorator
[2024-06-27T14:36:41.271+0000] {logging_mixin.py:188} INFO - [2024-06-27T14:36:41.270+0000] {override.py:1829} INFO - Created Permission View: can delete on DAG:example_dag_decorator
[2024-06-27T14:36:41.286+0000] {logging_mixin.py:188} INFO - [2024-06-27T14:36:41.286+0000] {override.py:1829} INFO - Created Permission View: can read on DAG:example_dag_decorator
[2024-06-27T14:36:41.288+0000] {logging_mixin.py:188} INFO - [2024-06-27T14:36:41.288+0000] {dag.py:3096} INFO - Sync 1 DAGs
[2024-06-27T14:36:41.318+0000] {logging_mixin.py:188} INFO - [2024-06-27T14:36:41.317+0000] {dag.py:3118} INFO - Creating ORM DAG for example_dag_decorator
[2024-06-27T14:36:41.321+0000] {logging_mixin.py:188} INFO - [2024-06-27T14:36:41.320+0000] {dag.py:3954} INFO - Setting next_dagrun for example_dag_decorator to None, run_after=None
[2024-06-27T14:36:41.367+0000] {processor.py:183} INFO - Processing /home/airflow/.local/lib/python3.12/site-packages/airflow/example_dags/example_dag_decorator.py took 1.374 seconds
[2024-06-27T14:37:12.028+0000] {processor.py:161} INFO - Started process (PID=116) to work on /home/airflow/.local/lib/python3.12/site-packages/airflow/example_dags/example_dag_decorator.py
[2024-06-27T14:37:12.030+0000] {processor.py:830} INFO - Processing file /home/airflow/.local/lib/python3.12/site-packages/airflow/example_dags/example_dag_decorator.py for tasks to queue
[2024-06-27T14:37:12.033+0000] {logging_mixin.py:188} INFO - [2024-06-27T14:37:12.033+0000] {dagbag.py:545} INFO - Filling up the DagBag from /home/airflow/.local/lib/python3.12/site-packages/airflow/example_dags/example_dag_decorator.py
[2024-06-27T14:37:12.183+0000] {processor.py:840} INFO - DAG(s) 'example_dag_decorator' retrieved from /home/airflow/.local/lib/python3.12/site-packages/airflow/example_dags/example_dag_decorator.py
[2024-06-27T14:37:12.349+0000] {logging_mixin.py:188} INFO - [2024-06-27T14:37:12.348+0000] {dag.py:3096} INFO - Sync 1 DAGs
[2024-06-27T14:37:12.363+0000] {logging_mixin.py:188} INFO - [2024-06-27T14:37:12.363+0000] {dag.py:3954} INFO - Setting next_dagrun for example_dag_decorator to None, run_after=None
[2024-06-27T14:37:12.391+0000] {processor.py:183} INFO - Processing /home/airflow/.local/lib/python3.12/site-packages/airflow/example_dags/example_dag_decorator.py took 0.374 seconds
[2024-06-27T14:37:42.731+0000] {processor.py:161} INFO - Started process (PID=176) to work on /home/airflow/.local/lib/python3.12/site-packages/airflow/example_dags/example_dag_decorator.py
[2024-06-27T14:37:42.733+0000] {processor.py:830} INFO - Processing file /home/airflow/.local/lib/python3.12/site-packages/airflow/example_dags/example_dag_decorator.py for tasks to queue
[2024-06-27T14:37:42.740+0000] {logging_mixin.py:188} INFO - [2024-06-27T14:37:42.737+0000] {dagbag.py:545} INFO - Filling up the DagBag from /home/airflow/.local/lib/python3.12/site-packages/airflow/example_dags/example_dag_decorator.py
[2024-06-27T14:37:42.975+0000] {processor.py:840} INFO - DAG(s) 'example_dag_decorator' retrieved from /home/airflow/.local/lib/python3.12/site-packages/airflow/example_dags/example_dag_decorator.py
[2024-06-27T14:37:43.307+0000] {logging_mixin.py:188} INFO - [2024-06-27T14:37:43.306+0000] {dag.py:3096} INFO - Sync 1 DAGs
[2024-06-27T14:37:43.322+0000] {logging_mixin.py:188} INFO - [2024-06-27T14:37:43.322+0000] {dag.py:3954} INFO - Setting next_dagrun for example_dag_decorator to None, run_after=None
[2024-06-27T14:37:43.355+0000] {processor.py:183} INFO - Processing /home/airflow/.local/lib/python3.12/site-packages/airflow/example_dags/example_dag_decorator.py took 0.640 seconds
[2024-06-27T14:38:13.942+0000] {processor.py:161} INFO - Started process (PID=235) to work on /home/airflow/.local/lib/python3.12/site-packages/airflow/example_dags/example_dag_decorator.py
[2024-06-27T14:38:13.945+0000] {processor.py:830} INFO - Processing file /home/airflow/.local/lib/python3.12/site-packages/airflow/example_dags/example_dag_decorator.py for tasks to queue
[2024-06-27T14:38:13.948+0000] {logging_mixin.py:188} INFO - [2024-06-27T14:38:13.947+0000] {dagbag.py:545} INFO - Filling up the DagBag from /home/airflow/.local/lib/python3.12/site-packages/airflow/example_dags/example_dag_decorator.py
[2024-06-27T14:38:14.094+0000] {processor.py:840} INFO - DAG(s) 'example_dag_decorator' retrieved from /home/airflow/.local/lib/python3.12/site-packages/airflow/example_dags/example_dag_decorator.py
[2024-06-27T14:38:14.259+0000] {logging_mixin.py:188} INFO - [2024-06-27T14:38:14.258+0000] {dag.py:3096} INFO - Sync 1 DAGs
[2024-06-27T14:38:14.273+0000] {logging_mixin.py:188} INFO - [2024-06-27T14:38:14.273+0000] {dag.py:3954} INFO - Setting next_dagrun for example_dag_decorator to None, run_after=None
[2024-06-27T14:38:14.303+0000] {processor.py:183} INFO - Processing /home/airflow/.local/lib/python3.12/site-packages/airflow/example_dags/example_dag_decorator.py took 0.370 seconds
[2024-06-27T14:39:46.007+0000] {processor.py:161} INFO - Started process (PID=60) to work on /home/airflow/.local/lib/python3.12/site-packages/airflow/example_dags/example_dag_decorator.py
[2024-06-27T14:39:46.011+0000] {processor.py:830} INFO - Processing file /home/airflow/.local/lib/python3.12/site-packages/airflow/example_dags/example_dag_decorator.py for tasks to queue
[2024-06-27T14:39:46.018+0000] {logging_mixin.py:188} INFO - [2024-06-27T14:39:46.017+0000] {dagbag.py:545} INFO - Filling up the DagBag from /home/airflow/.local/lib/python3.12/site-packages/airflow/example_dags/example_dag_decorator.py
[2024-06-27T14:39:46.885+0000] {processor.py:840} INFO - DAG(s) 'example_dag_decorator' retrieved from /home/airflow/.local/lib/python3.12/site-packages/airflow/example_dags/example_dag_decorator.py
[2024-06-27T14:39:47.165+0000] {logging_mixin.py:188} INFO - [2024-06-27T14:39:47.165+0000] {dag.py:3096} INFO - Sync 1 DAGs
[2024-06-27T14:39:47.195+0000] {logging_mixin.py:188} INFO - [2024-06-27T14:39:47.195+0000] {dag.py:3954} INFO - Setting next_dagrun for example_dag_decorator to None, run_after=None
[2024-06-27T14:39:47.249+0000] {processor.py:183} INFO - Processing /home/airflow/.local/lib/python3.12/site-packages/airflow/example_dags/example_dag_decorator.py took 1.263 seconds
[2024-06-27T14:40:17.359+0000] {processor.py:161} INFO - Started process (PID=121) to work on /home/airflow/.local/lib/python3.12/site-packages/airflow/example_dags/example_dag_decorator.py
[2024-06-27T14:40:17.361+0000] {processor.py:830} INFO - Processing file /home/airflow/.local/lib/python3.12/site-packages/airflow/example_dags/example_dag_decorator.py for tasks to queue
[2024-06-27T14:40:17.364+0000] {logging_mixin.py:188} INFO - [2024-06-27T14:40:17.364+0000] {dagbag.py:545} INFO - Filling up the DagBag from /home/airflow/.local/lib/python3.12/site-packages/airflow/example_dags/example_dag_decorator.py
[2024-06-27T14:40:17.490+0000] {processor.py:840} INFO - DAG(s) 'example_dag_decorator' retrieved from /home/airflow/.local/lib/python3.12/site-packages/airflow/example_dags/example_dag_decorator.py
[2024-06-27T14:40:17.607+0000] {logging_mixin.py:188} INFO - [2024-06-27T14:40:17.607+0000] {dag.py:3096} INFO - Sync 1 DAGs
[2024-06-27T14:40:17.619+0000] {logging_mixin.py:188} INFO - [2024-06-27T14:40:17.619+0000] {dag.py:3954} INFO - Setting next_dagrun for example_dag_decorator to None, run_after=None
[2024-06-27T14:40:17.645+0000] {processor.py:183} INFO - Processing /home/airflow/.local/lib/python3.12/site-packages/airflow/example_dags/example_dag_decorator.py took 0.294 seconds
[2024-06-27T14:40:47.673+0000] {processor.py:161} INFO - Started process (PID=180) to work on /home/airflow/.local/lib/python3.12/site-packages/airflow/example_dags/example_dag_decorator.py
[2024-06-27T14:40:47.674+0000] {processor.py:830} INFO - Processing file /home/airflow/.local/lib/python3.12/site-packages/airflow/example_dags/example_dag_decorator.py for tasks to queue
[2024-06-27T14:40:47.677+0000] {logging_mixin.py:188} INFO - [2024-06-27T14:40:47.677+0000] {dagbag.py:545} INFO - Filling up the DagBag from /home/airflow/.local/lib/python3.12/site-packages/airflow/example_dags/example_dag_decorator.py
[2024-06-27T14:40:47.791+0000] {processor.py:840} INFO - DAG(s) 'example_dag_decorator' retrieved from /home/airflow/.local/lib/python3.12/site-packages/airflow/example_dags/example_dag_decorator.py
[2024-06-27T14:40:47.908+0000] {logging_mixin.py:188} INFO - [2024-06-27T14:40:47.907+0000] {dag.py:3096} INFO - Sync 1 DAGs
[2024-06-27T14:40:47.920+0000] {logging_mixin.py:188} INFO - [2024-06-27T14:40:47.919+0000] {dag.py:3954} INFO - Setting next_dagrun for example_dag_decorator to None, run_after=None
[2024-06-27T14:40:47.943+0000] {processor.py:183} INFO - Processing /home/airflow/.local/lib/python3.12/site-packages/airflow/example_dags/example_dag_decorator.py took 0.277 seconds
[2024-06-27T14:41:18.062+0000] {processor.py:161} INFO - Started process (PID=239) to work on /home/airflow/.local/lib/python3.12/site-packages/airflow/example_dags/example_dag_decorator.py
[2024-06-27T14:41:18.064+0000] {processor.py:830} INFO - Processing file /home/airflow/.local/lib/python3.12/site-packages/airflow/example_dags/example_dag_decorator.py for tasks to queue
[2024-06-27T14:41:18.067+0000] {logging_mixin.py:188} INFO - [2024-06-27T14:41:18.066+0000] {dagbag.py:545} INFO - Filling up the DagBag from /home/airflow/.local/lib/python3.12/site-packages/airflow/example_dags/example_dag_decorator.py
[2024-06-27T14:41:18.231+0000] {processor.py:840} INFO - DAG(s) 'example_dag_decorator' retrieved from /home/airflow/.local/lib/python3.12/site-packages/airflow/example_dags/example_dag_decorator.py
[2024-06-27T14:41:18.370+0000] {logging_mixin.py:188} INFO - [2024-06-27T14:41:18.369+0000] {dag.py:3096} INFO - Sync 1 DAGs
[2024-06-27T14:41:18.383+0000] {logging_mixin.py:188} INFO - [2024-06-27T14:41:18.383+0000] {dag.py:3954} INFO - Setting next_dagrun for example_dag_decorator to None, run_after=None
[2024-06-27T14:41:18.413+0000] {processor.py:183} INFO - Processing /home/airflow/.local/lib/python3.12/site-packages/airflow/example_dags/example_dag_decorator.py took 0.358 seconds
[2024-06-27T14:41:49.289+0000] {processor.py:161} INFO - Started process (PID=298) to work on /home/airflow/.local/lib/python3.12/site-packages/airflow/example_dags/example_dag_decorator.py
[2024-06-27T14:41:49.291+0000] {processor.py:830} INFO - Processing file /home/airflow/.local/lib/python3.12/site-packages/airflow/example_dags/example_dag_decorator.py for tasks to queue
[2024-06-27T14:41:49.294+0000] {logging_mixin.py:188} INFO - [2024-06-27T14:41:49.293+0000] {dagbag.py:545} INFO - Filling up the DagBag from /home/airflow/.local/lib/python3.12/site-packages/airflow/example_dags/example_dag_decorator.py
[2024-06-27T14:41:49.423+0000] {processor.py:840} INFO - DAG(s) 'example_dag_decorator' retrieved from /home/airflow/.local/lib/python3.12/site-packages/airflow/example_dags/example_dag_decorator.py
[2024-06-27T14:41:49.558+0000] {logging_mixin.py:188} INFO - [2024-06-27T14:41:49.558+0000] {dag.py:3096} INFO - Sync 1 DAGs
[2024-06-27T14:41:49.570+0000] {logging_mixin.py:188} INFO - [2024-06-27T14:41:49.570+0000] {dag.py:3954} INFO - Setting next_dagrun for example_dag_decorator to None, run_after=None
[2024-06-27T14:41:49.595+0000] {processor.py:183} INFO - Processing /home/airflow/.local/lib/python3.12/site-packages/airflow/example_dags/example_dag_decorator.py took 0.314 seconds
[2024-06-27T14:42:19.742+0000] {processor.py:161} INFO - Started process (PID=359) to work on /home/airflow/.local/lib/python3.12/site-packages/airflow/example_dags/example_dag_decorator.py
[2024-06-27T14:42:19.743+0000] {processor.py:830} INFO - Processing file /home/airflow/.local/lib/python3.12/site-packages/airflow/example_dags/example_dag_decorator.py for tasks to queue
[2024-06-27T14:42:19.747+0000] {logging_mixin.py:188} INFO - [2024-06-27T14:42:19.746+0000] {dagbag.py:545} INFO - Filling up the DagBag from /home/airflow/.local/lib/python3.12/site-packages/airflow/example_dags/example_dag_decorator.py
[2024-06-27T14:42:19.876+0000] {processor.py:840} INFO - DAG(s) 'example_dag_decorator' retrieved from /home/airflow/.local/lib/python3.12/site-packages/airflow/example_dags/example_dag_decorator.py
[2024-06-27T14:42:19.912+0000] {logging_mixin.py:188} INFO - [2024-06-27T14:42:19.912+0000] {dag.py:3096} INFO - Sync 1 DAGs
[2024-06-27T14:42:19.928+0000] {logging_mixin.py:188} INFO - [2024-06-27T14:42:19.928+0000] {dag.py:3954} INFO - Setting next_dagrun for example_dag_decorator to None, run_after=None
[2024-06-27T14:42:19.957+0000] {processor.py:183} INFO - Processing /home/airflow/.local/lib/python3.12/site-packages/airflow/example_dags/example_dag_decorator.py took 0.222 seconds
[2024-06-27T14:43:59.773+0000] {processor.py:161} INFO - Started process (PID=54) to work on /home/airflow/.local/lib/python3.12/site-packages/airflow/example_dags/example_dag_decorator.py
[2024-06-27T14:43:59.775+0000] {processor.py:830} INFO - Processing file /home/airflow/.local/lib/python3.12/site-packages/airflow/example_dags/example_dag_decorator.py for tasks to queue
[2024-06-27T14:43:59.778+0000] {logging_mixin.py:188} INFO - [2024-06-27T14:43:59.777+0000] {dagbag.py:545} INFO - Filling up the DagBag from /home/airflow/.local/lib/python3.12/site-packages/airflow/example_dags/example_dag_decorator.py
[2024-06-27T14:44:00.194+0000] {processor.py:840} INFO - DAG(s) 'example_dag_decorator' retrieved from /home/airflow/.local/lib/python3.12/site-packages/airflow/example_dags/example_dag_decorator.py
[2024-06-27T14:44:00.359+0000] {logging_mixin.py:188} INFO - [2024-06-27T14:44:00.359+0000] {dag.py:3096} INFO - Sync 1 DAGs
[2024-06-27T14:44:00.378+0000] {logging_mixin.py:188} INFO - [2024-06-27T14:44:00.378+0000] {dag.py:3954} INFO - Setting next_dagrun for example_dag_decorator to None, run_after=None
[2024-06-27T14:44:00.420+0000] {processor.py:183} INFO - Processing /home/airflow/.local/lib/python3.12/site-packages/airflow/example_dags/example_dag_decorator.py took 0.654 seconds
[2024-06-27T14:44:24.712+0000] {processor.py:161} INFO - Started process (PID=54) to work on /home/airflow/.local/lib/python3.12/site-packages/airflow/example_dags/example_dag_decorator.py
[2024-06-27T14:44:24.714+0000] {processor.py:830} INFO - Processing file /home/airflow/.local/lib/python3.12/site-packages/airflow/example_dags/example_dag_decorator.py for tasks to queue
[2024-06-27T14:44:24.718+0000] {logging_mixin.py:188} INFO - [2024-06-27T14:44:24.717+0000] {dagbag.py:545} INFO - Filling up the DagBag from /home/airflow/.local/lib/python3.12/site-packages/airflow/example_dags/example_dag_decorator.py
[2024-06-27T14:44:24.929+0000] {processor.py:840} INFO - DAG(s) 'example_dag_decorator' retrieved from /home/airflow/.local/lib/python3.12/site-packages/airflow/example_dags/example_dag_decorator.py
[2024-06-27T14:44:24.956+0000] {logging_mixin.py:188} INFO - [2024-06-27T14:44:24.956+0000] {dag.py:3096} INFO - Sync 1 DAGs
[2024-06-27T14:44:24.984+0000] {logging_mixin.py:188} INFO - [2024-06-27T14:44:24.984+0000] {dag.py:3954} INFO - Setting next_dagrun for example_dag_decorator to None, run_after=None
[2024-06-27T14:44:25.043+0000] {processor.py:183} INFO - Processing /home/airflow/.local/lib/python3.12/site-packages/airflow/example_dags/example_dag_decorator.py took 0.342 seconds
[2024-06-27T14:44:55.107+0000] {processor.py:161} INFO - Started process (PID=114) to work on /home/airflow/.local/lib/python3.12/site-packages/airflow/example_dags/example_dag_decorator.py
[2024-06-27T14:44:55.109+0000] {processor.py:830} INFO - Processing file /home/airflow/.local/lib/python3.12/site-packages/airflow/example_dags/example_dag_decorator.py for tasks to queue
[2024-06-27T14:44:55.112+0000] {logging_mixin.py:188} INFO - [2024-06-27T14:44:55.111+0000] {dagbag.py:545} INFO - Filling up the DagBag from /home/airflow/.local/lib/python3.12/site-packages/airflow/example_dags/example_dag_decorator.py
[2024-06-27T14:44:55.247+0000] {processor.py:840} INFO - DAG(s) 'example_dag_decorator' retrieved from /home/airflow/.local/lib/python3.12/site-packages/airflow/example_dags/example_dag_decorator.py
[2024-06-27T14:44:55.387+0000] {logging_mixin.py:188} INFO - [2024-06-27T14:44:55.387+0000] {dag.py:3096} INFO - Sync 1 DAGs
[2024-06-27T14:44:55.403+0000] {logging_mixin.py:188} INFO - [2024-06-27T14:44:55.403+0000] {dag.py:3954} INFO - Setting next_dagrun for example_dag_decorator to None, run_after=None
[2024-06-27T14:44:55.432+0000] {processor.py:183} INFO - Processing /home/airflow/.local/lib/python3.12/site-packages/airflow/example_dags/example_dag_decorator.py took 0.332 seconds
[2024-06-27T14:45:25.990+0000] {processor.py:161} INFO - Started process (PID=172) to work on /home/airflow/.local/lib/python3.12/site-packages/airflow/example_dags/example_dag_decorator.py
[2024-06-27T14:45:25.992+0000] {processor.py:830} INFO - Processing file /home/airflow/.local/lib/python3.12/site-packages/airflow/example_dags/example_dag_decorator.py for tasks to queue
[2024-06-27T14:45:25.995+0000] {logging_mixin.py:188} INFO - [2024-06-27T14:45:25.995+0000] {dagbag.py:545} INFO - Filling up the DagBag from /home/airflow/.local/lib/python3.12/site-packages/airflow/example_dags/example_dag_decorator.py
[2024-06-27T14:45:26.143+0000] {processor.py:840} INFO - DAG(s) 'example_dag_decorator' retrieved from /home/airflow/.local/lib/python3.12/site-packages/airflow/example_dags/example_dag_decorator.py
[2024-06-27T14:45:26.318+0000] {logging_mixin.py:188} INFO - [2024-06-27T14:45:26.318+0000] {dag.py:3096} INFO - Sync 1 DAGs
[2024-06-27T14:45:26.332+0000] {logging_mixin.py:188} INFO - [2024-06-27T14:45:26.332+0000] {dag.py:3954} INFO - Setting next_dagrun for example_dag_decorator to None, run_after=None
[2024-06-27T14:45:26.367+0000] {processor.py:183} INFO - Processing /home/airflow/.local/lib/python3.12/site-packages/airflow/example_dags/example_dag_decorator.py took 0.384 seconds
[2024-06-27T14:45:56.564+0000] {processor.py:161} INFO - Started process (PID=233) to work on /home/airflow/.local/lib/python3.12/site-packages/airflow/example_dags/example_dag_decorator.py
[2024-06-27T14:45:56.566+0000] {processor.py:830} INFO - Processing file /home/airflow/.local/lib/python3.12/site-packages/airflow/example_dags/example_dag_decorator.py for tasks to queue
[2024-06-27T14:45:56.568+0000] {logging_mixin.py:188} INFO - [2024-06-27T14:45:56.568+0000] {dagbag.py:545} INFO - Filling up the DagBag from /home/airflow/.local/lib/python3.12/site-packages/airflow/example_dags/example_dag_decorator.py
[2024-06-27T14:45:56.736+0000] {processor.py:840} INFO - DAG(s) 'example_dag_decorator' retrieved from /home/airflow/.local/lib/python3.12/site-packages/airflow/example_dags/example_dag_decorator.py
[2024-06-27T14:45:56.890+0000] {logging_mixin.py:188} INFO - [2024-06-27T14:45:56.889+0000] {dag.py:3096} INFO - Sync 1 DAGs
[2024-06-27T14:45:56.905+0000] {logging_mixin.py:188} INFO - [2024-06-27T14:45:56.905+0000] {dag.py:3954} INFO - Setting next_dagrun for example_dag_decorator to None, run_after=None
[2024-06-27T14:45:56.939+0000] {processor.py:183} INFO - Processing /home/airflow/.local/lib/python3.12/site-packages/airflow/example_dags/example_dag_decorator.py took 0.382 seconds
[2024-06-27T14:46:26.983+0000] {processor.py:161} INFO - Started process (PID=293) to work on /home/airflow/.local/lib/python3.12/site-packages/airflow/example_dags/example_dag_decorator.py
[2024-06-27T14:46:26.985+0000] {processor.py:830} INFO - Processing file /home/airflow/.local/lib/python3.12/site-packages/airflow/example_dags/example_dag_decorator.py for tasks to queue
[2024-06-27T14:46:26.988+0000] {logging_mixin.py:188} INFO - [2024-06-27T14:46:26.987+0000] {dagbag.py:545} INFO - Filling up the DagBag from /home/airflow/.local/lib/python3.12/site-packages/airflow/example_dags/example_dag_decorator.py
[2024-06-27T14:46:27.117+0000] {processor.py:840} INFO - DAG(s) 'example_dag_decorator' retrieved from /home/airflow/.local/lib/python3.12/site-packages/airflow/example_dags/example_dag_decorator.py
[2024-06-27T14:46:27.263+0000] {logging_mixin.py:188} INFO - [2024-06-27T14:46:27.263+0000] {dag.py:3096} INFO - Sync 1 DAGs
[2024-06-27T14:46:27.275+0000] {logging_mixin.py:188} INFO - [2024-06-27T14:46:27.275+0000] {dag.py:3954} INFO - Setting next_dagrun for example_dag_decorator to None, run_after=None
[2024-06-27T14:46:27.301+0000] {processor.py:183} INFO - Processing /home/airflow/.local/lib/python3.12/site-packages/airflow/example_dags/example_dag_decorator.py took 0.326 seconds
[2024-06-27T14:58:58.674+0000] {processor.py:161} INFO - Started process (PID=59) to work on /home/airflow/.local/lib/python3.12/site-packages/airflow/example_dags/example_dag_decorator.py
[2024-06-27T14:58:58.680+0000] {processor.py:830} INFO - Processing file /home/airflow/.local/lib/python3.12/site-packages/airflow/example_dags/example_dag_decorator.py for tasks to queue
[2024-06-27T14:58:58.697+0000] {logging_mixin.py:188} INFO - [2024-06-27T14:58:58.696+0000] {dagbag.py:545} INFO - Filling up the DagBag from /home/airflow/.local/lib/python3.12/site-packages/airflow/example_dags/example_dag_decorator.py
[2024-06-27T14:58:59.605+0000] {processor.py:840} INFO - DAG(s) 'example_dag_decorator' retrieved from /home/airflow/.local/lib/python3.12/site-packages/airflow/example_dags/example_dag_decorator.py
[2024-06-27T14:58:59.630+0000] {logging_mixin.py:188} INFO - [2024-06-27T14:58:59.630+0000] {dag.py:3096} INFO - Sync 1 DAGs
[2024-06-27T14:58:59.658+0000] {logging_mixin.py:188} INFO - [2024-06-27T14:58:59.658+0000] {dag.py:3954} INFO - Setting next_dagrun for example_dag_decorator to None, run_after=None
[2024-06-27T14:58:59.706+0000] {processor.py:183} INFO - Processing /home/airflow/.local/lib/python3.12/site-packages/airflow/example_dags/example_dag_decorator.py took 1.059 seconds
[2024-06-27T14:59:30.470+0000] {processor.py:161} INFO - Started process (PID=118) to work on /home/airflow/.local/lib/python3.12/site-packages/airflow/example_dags/example_dag_decorator.py
[2024-06-27T14:59:30.471+0000] {processor.py:830} INFO - Processing file /home/airflow/.local/lib/python3.12/site-packages/airflow/example_dags/example_dag_decorator.py for tasks to queue
[2024-06-27T14:59:30.475+0000] {logging_mixin.py:188} INFO - [2024-06-27T14:59:30.474+0000] {dagbag.py:545} INFO - Filling up the DagBag from /home/airflow/.local/lib/python3.12/site-packages/airflow/example_dags/example_dag_decorator.py
[2024-06-27T14:59:30.657+0000] {processor.py:840} INFO - DAG(s) 'example_dag_decorator' retrieved from /home/airflow/.local/lib/python3.12/site-packages/airflow/example_dags/example_dag_decorator.py
[2024-06-27T14:59:30.870+0000] {logging_mixin.py:188} INFO - [2024-06-27T14:59:30.869+0000] {dag.py:3096} INFO - Sync 1 DAGs
[2024-06-27T14:59:30.894+0000] {logging_mixin.py:188} INFO - [2024-06-27T14:59:30.893+0000] {dag.py:3954} INFO - Setting next_dagrun for example_dag_decorator to None, run_after=None
[2024-06-27T14:59:30.940+0000] {processor.py:183} INFO - Processing /home/airflow/.local/lib/python3.12/site-packages/airflow/example_dags/example_dag_decorator.py took 0.481 seconds
[2024-06-27T15:00:01.130+0000] {processor.py:161} INFO - Started process (PID=177) to work on /home/airflow/.local/lib/python3.12/site-packages/airflow/example_dags/example_dag_decorator.py
[2024-06-27T15:00:01.132+0000] {processor.py:830} INFO - Processing file /home/airflow/.local/lib/python3.12/site-packages/airflow/example_dags/example_dag_decorator.py for tasks to queue
[2024-06-27T15:00:01.136+0000] {logging_mixin.py:188} INFO - [2024-06-27T15:00:01.135+0000] {dagbag.py:545} INFO - Filling up the DagBag from /home/airflow/.local/lib/python3.12/site-packages/airflow/example_dags/example_dag_decorator.py
[2024-06-27T15:00:01.272+0000] {processor.py:840} INFO - DAG(s) 'example_dag_decorator' retrieved from /home/airflow/.local/lib/python3.12/site-packages/airflow/example_dags/example_dag_decorator.py
[2024-06-27T15:00:01.415+0000] {logging_mixin.py:188} INFO - [2024-06-27T15:00:01.415+0000] {dag.py:3096} INFO - Sync 1 DAGs
[2024-06-27T15:00:01.435+0000] {logging_mixin.py:188} INFO - [2024-06-27T15:00:01.435+0000] {dag.py:3954} INFO - Setting next_dagrun for example_dag_decorator to None, run_after=None
[2024-06-27T15:00:01.478+0000] {processor.py:183} INFO - Processing /home/airflow/.local/lib/python3.12/site-packages/airflow/example_dags/example_dag_decorator.py took 0.357 seconds
[2024-06-27T15:00:31.986+0000] {processor.py:161} INFO - Started process (PID=237) to work on /home/airflow/.local/lib/python3.12/site-packages/airflow/example_dags/example_dag_decorator.py
[2024-06-27T15:00:31.987+0000] {processor.py:830} INFO - Processing file /home/airflow/.local/lib/python3.12/site-packages/airflow/example_dags/example_dag_decorator.py for tasks to queue
[2024-06-27T15:00:31.990+0000] {logging_mixin.py:188} INFO - [2024-06-27T15:00:31.989+0000] {dagbag.py:545} INFO - Filling up the DagBag from /home/airflow/.local/lib/python3.12/site-packages/airflow/example_dags/example_dag_decorator.py
[2024-06-27T15:00:32.128+0000] {processor.py:840} INFO - DAG(s) 'example_dag_decorator' retrieved from /home/airflow/.local/lib/python3.12/site-packages/airflow/example_dags/example_dag_decorator.py
[2024-06-27T15:00:32.160+0000] {logging_mixin.py:188} INFO - [2024-06-27T15:00:32.160+0000] {dag.py:3096} INFO - Sync 1 DAGs
[2024-06-27T15:00:32.176+0000] {logging_mixin.py:188} INFO - [2024-06-27T15:00:32.175+0000] {dag.py:3954} INFO - Setting next_dagrun for example_dag_decorator to None, run_after=None
[2024-06-27T15:00:32.202+0000] {processor.py:183} INFO - Processing /home/airflow/.local/lib/python3.12/site-packages/airflow/example_dags/example_dag_decorator.py took 0.223 seconds
[2024-06-27T15:02:16.706+0000] {processor.py:161} INFO - Started process (PID=70) to work on /home/airflow/.local/lib/python3.12/site-packages/airflow/example_dags/example_dag_decorator.py
[2024-06-27T15:02:16.708+0000] {processor.py:830} INFO - Processing file /home/airflow/.local/lib/python3.12/site-packages/airflow/example_dags/example_dag_decorator.py for tasks to queue
[2024-06-27T15:02:16.712+0000] {logging_mixin.py:188} INFO - [2024-06-27T15:02:16.711+0000] {dagbag.py:545} INFO - Filling up the DagBag from /home/airflow/.local/lib/python3.12/site-packages/airflow/example_dags/example_dag_decorator.py
[2024-06-27T15:02:17.411+0000] {processor.py:840} INFO - DAG(s) 'example_dag_decorator' retrieved from /home/airflow/.local/lib/python3.12/site-packages/airflow/example_dags/example_dag_decorator.py
[2024-06-27T15:02:17.592+0000] {logging_mixin.py:188} INFO - [2024-06-27T15:02:17.592+0000] {dag.py:3096} INFO - Sync 1 DAGs
[2024-06-27T15:02:17.610+0000] {logging_mixin.py:188} INFO - [2024-06-27T15:02:17.610+0000] {dag.py:3954} INFO - Setting next_dagrun for example_dag_decorator to None, run_after=None
[2024-06-27T15:02:17.644+0000] {processor.py:183} INFO - Processing /home/airflow/.local/lib/python3.12/site-packages/airflow/example_dags/example_dag_decorator.py took 0.949 seconds
[2024-06-27T15:02:48.348+0000] {processor.py:161} INFO - Started process (PID=138) to work on /home/airflow/.local/lib/python3.12/site-packages/airflow/example_dags/example_dag_decorator.py
[2024-06-27T15:02:48.350+0000] {processor.py:830} INFO - Processing file /home/airflow/.local/lib/python3.12/site-packages/airflow/example_dags/example_dag_decorator.py for tasks to queue
[2024-06-27T15:02:48.353+0000] {logging_mixin.py:188} INFO - [2024-06-27T15:02:48.352+0000] {dagbag.py:545} INFO - Filling up the DagBag from /home/airflow/.local/lib/python3.12/site-packages/airflow/example_dags/example_dag_decorator.py
[2024-06-27T15:02:48.505+0000] {processor.py:840} INFO - DAG(s) 'example_dag_decorator' retrieved from /home/airflow/.local/lib/python3.12/site-packages/airflow/example_dags/example_dag_decorator.py
[2024-06-27T15:02:48.691+0000] {logging_mixin.py:188} INFO - [2024-06-27T15:02:48.690+0000] {dag.py:3096} INFO - Sync 1 DAGs
[2024-06-27T15:02:48.709+0000] {logging_mixin.py:188} INFO - [2024-06-27T15:02:48.709+0000] {dag.py:3954} INFO - Setting next_dagrun for example_dag_decorator to None, run_after=None
[2024-06-27T15:02:48.745+0000] {processor.py:183} INFO - Processing /home/airflow/.local/lib/python3.12/site-packages/airflow/example_dags/example_dag_decorator.py took 0.404 seconds
[2024-06-27T15:03:18.873+0000] {processor.py:161} INFO - Started process (PID=206) to work on /home/airflow/.local/lib/python3.12/site-packages/airflow/example_dags/example_dag_decorator.py
[2024-06-27T15:03:18.875+0000] {processor.py:830} INFO - Processing file /home/airflow/.local/lib/python3.12/site-packages/airflow/example_dags/example_dag_decorator.py for tasks to queue
[2024-06-27T15:03:18.878+0000] {logging_mixin.py:188} INFO - [2024-06-27T15:03:18.878+0000] {dagbag.py:545} INFO - Filling up the DagBag from /home/airflow/.local/lib/python3.12/site-packages/airflow/example_dags/example_dag_decorator.py
[2024-06-27T15:03:19.030+0000] {processor.py:840} INFO - DAG(s) 'example_dag_decorator' retrieved from /home/airflow/.local/lib/python3.12/site-packages/airflow/example_dags/example_dag_decorator.py
[2024-06-27T15:03:19.214+0000] {logging_mixin.py:188} INFO - [2024-06-27T15:03:19.213+0000] {dag.py:3096} INFO - Sync 1 DAGs
[2024-06-27T15:03:19.235+0000] {logging_mixin.py:188} INFO - [2024-06-27T15:03:19.235+0000] {dag.py:3954} INFO - Setting next_dagrun for example_dag_decorator to None, run_after=None
[2024-06-27T15:03:19.267+0000] {processor.py:183} INFO - Processing /home/airflow/.local/lib/python3.12/site-packages/airflow/example_dags/example_dag_decorator.py took 0.404 seconds
[2024-06-27T15:03:53.644+0000] {processor.py:161} INFO - Started process (PID=274) to work on /home/airflow/.local/lib/python3.12/site-packages/airflow/example_dags/example_dag_decorator.py
[2024-06-27T15:03:53.646+0000] {processor.py:830} INFO - Processing file /home/airflow/.local/lib/python3.12/site-packages/airflow/example_dags/example_dag_decorator.py for tasks to queue
[2024-06-27T15:03:53.652+0000] {logging_mixin.py:188} INFO - [2024-06-27T15:03:53.650+0000] {dagbag.py:545} INFO - Filling up the DagBag from /home/airflow/.local/lib/python3.12/site-packages/airflow/example_dags/example_dag_decorator.py
[2024-06-27T15:03:55.028+0000] {processor.py:840} INFO - DAG(s) 'example_dag_decorator' retrieved from /home/airflow/.local/lib/python3.12/site-packages/airflow/example_dags/example_dag_decorator.py
[2024-06-27T15:03:56.400+0000] {logging_mixin.py:188} INFO - [2024-06-27T15:03:56.399+0000] {dag.py:3096} INFO - Sync 1 DAGs
[2024-06-27T15:03:56.478+0000] {logging_mixin.py:188} INFO - [2024-06-27T15:03:56.478+0000] {dag.py:3954} INFO - Setting next_dagrun for example_dag_decorator to None, run_after=None
[2024-06-27T15:03:56.549+0000] {processor.py:183} INFO - Processing /home/airflow/.local/lib/python3.12/site-packages/airflow/example_dags/example_dag_decorator.py took 2.948 seconds
[2024-06-27T15:04:27.002+0000] {processor.py:161} INFO - Started process (PID=360) to work on /home/airflow/.local/lib/python3.12/site-packages/airflow/example_dags/example_dag_decorator.py
[2024-06-27T15:04:27.027+0000] {processor.py:830} INFO - Processing file /home/airflow/.local/lib/python3.12/site-packages/airflow/example_dags/example_dag_decorator.py for tasks to queue
[2024-06-27T15:04:27.110+0000] {logging_mixin.py:188} INFO - [2024-06-27T15:04:27.084+0000] {dagbag.py:545} INFO - Filling up the DagBag from /home/airflow/.local/lib/python3.12/site-packages/airflow/example_dags/example_dag_decorator.py
[2024-06-27T15:04:27.635+0000] {processor.py:840} INFO - DAG(s) 'example_dag_decorator' retrieved from /home/airflow/.local/lib/python3.12/site-packages/airflow/example_dags/example_dag_decorator.py
[2024-06-27T15:04:28.597+0000] {logging_mixin.py:188} INFO - [2024-06-27T15:04:28.596+0000] {dag.py:3096} INFO - Sync 1 DAGs
[2024-06-27T15:04:28.640+0000] {logging_mixin.py:188} INFO - [2024-06-27T15:04:28.639+0000] {dag.py:3954} INFO - Setting next_dagrun for example_dag_decorator to None, run_after=None
[2024-06-27T15:04:28.798+0000] {processor.py:183} INFO - Processing /home/airflow/.local/lib/python3.12/site-packages/airflow/example_dags/example_dag_decorator.py took 1.819 seconds
[2024-06-27T15:04:59.125+0000] {processor.py:161} INFO - Started process (PID=423) to work on /home/airflow/.local/lib/python3.12/site-packages/airflow/example_dags/example_dag_decorator.py
[2024-06-27T15:04:59.137+0000] {processor.py:830} INFO - Processing file /home/airflow/.local/lib/python3.12/site-packages/airflow/example_dags/example_dag_decorator.py for tasks to queue
[2024-06-27T15:04:59.187+0000] {logging_mixin.py:188} INFO - [2024-06-27T15:04:59.185+0000] {dagbag.py:545} INFO - Filling up the DagBag from /home/airflow/.local/lib/python3.12/site-packages/airflow/example_dags/example_dag_decorator.py
[2024-06-27T15:04:59.819+0000] {processor.py:840} INFO - DAG(s) 'example_dag_decorator' retrieved from /home/airflow/.local/lib/python3.12/site-packages/airflow/example_dags/example_dag_decorator.py
[2024-06-27T15:05:00.294+0000] {logging_mixin.py:188} INFO - [2024-06-27T15:05:00.293+0000] {dag.py:3096} INFO - Sync 1 DAGs
[2024-06-27T15:05:00.336+0000] {logging_mixin.py:188} INFO - [2024-06-27T15:05:00.333+0000] {dag.py:3954} INFO - Setting next_dagrun for example_dag_decorator to None, run_after=None
[2024-06-27T15:05:00.421+0000] {processor.py:183} INFO - Processing /home/airflow/.local/lib/python3.12/site-packages/airflow/example_dags/example_dag_decorator.py took 1.328 seconds
[2024-06-27T15:05:30.714+0000] {processor.py:161} INFO - Started process (PID=514) to work on /home/airflow/.local/lib/python3.12/site-packages/airflow/example_dags/example_dag_decorator.py
[2024-06-27T15:05:30.718+0000] {processor.py:830} INFO - Processing file /home/airflow/.local/lib/python3.12/site-packages/airflow/example_dags/example_dag_decorator.py for tasks to queue
[2024-06-27T15:05:30.727+0000] {logging_mixin.py:188} INFO - [2024-06-27T15:05:30.726+0000] {dagbag.py:545} INFO - Filling up the DagBag from /home/airflow/.local/lib/python3.12/site-packages/airflow/example_dags/example_dag_decorator.py
[2024-06-27T15:05:31.199+0000] {processor.py:840} INFO - DAG(s) 'example_dag_decorator' retrieved from /home/airflow/.local/lib/python3.12/site-packages/airflow/example_dags/example_dag_decorator.py
[2024-06-27T15:05:31.812+0000] {logging_mixin.py:188} INFO - [2024-06-27T15:05:31.811+0000] {dag.py:3096} INFO - Sync 1 DAGs
[2024-06-27T15:05:31.868+0000] {logging_mixin.py:188} INFO - [2024-06-27T15:05:31.868+0000] {dag.py:3954} INFO - Setting next_dagrun for example_dag_decorator to None, run_after=None
[2024-06-27T15:05:31.966+0000] {processor.py:183} INFO - Processing /home/airflow/.local/lib/python3.12/site-packages/airflow/example_dags/example_dag_decorator.py took 1.281 seconds
[2024-06-27T15:06:02.258+0000] {processor.py:161} INFO - Started process (PID=591) to work on /home/airflow/.local/lib/python3.12/site-packages/airflow/example_dags/example_dag_decorator.py
[2024-06-27T15:06:02.273+0000] {processor.py:830} INFO - Processing file /home/airflow/.local/lib/python3.12/site-packages/airflow/example_dags/example_dag_decorator.py for tasks to queue
[2024-06-27T15:06:02.281+0000] {logging_mixin.py:188} INFO - [2024-06-27T15:06:02.280+0000] {dagbag.py:545} INFO - Filling up the DagBag from /home/airflow/.local/lib/python3.12/site-packages/airflow/example_dags/example_dag_decorator.py
[2024-06-27T15:06:02.835+0000] {processor.py:840} INFO - DAG(s) 'example_dag_decorator' retrieved from /home/airflow/.local/lib/python3.12/site-packages/airflow/example_dags/example_dag_decorator.py
[2024-06-27T15:06:03.604+0000] {logging_mixin.py:188} INFO - [2024-06-27T15:06:03.604+0000] {dag.py:3096} INFO - Sync 1 DAGs
[2024-06-27T15:06:03.668+0000] {logging_mixin.py:188} INFO - [2024-06-27T15:06:03.667+0000] {dag.py:3954} INFO - Setting next_dagrun for example_dag_decorator to None, run_after=None
[2024-06-27T15:06:03.849+0000] {processor.py:183} INFO - Processing /home/airflow/.local/lib/python3.12/site-packages/airflow/example_dags/example_dag_decorator.py took 1.618 seconds
[2024-06-27T15:06:34.701+0000] {processor.py:161} INFO - Started process (PID=669) to work on /home/airflow/.local/lib/python3.12/site-packages/airflow/example_dags/example_dag_decorator.py
[2024-06-27T15:06:34.704+0000] {processor.py:830} INFO - Processing file /home/airflow/.local/lib/python3.12/site-packages/airflow/example_dags/example_dag_decorator.py for tasks to queue
[2024-06-27T15:06:34.708+0000] {logging_mixin.py:188} INFO - [2024-06-27T15:06:34.707+0000] {dagbag.py:545} INFO - Filling up the DagBag from /home/airflow/.local/lib/python3.12/site-packages/airflow/example_dags/example_dag_decorator.py
[2024-06-27T15:06:34.957+0000] {processor.py:840} INFO - DAG(s) 'example_dag_decorator' retrieved from /home/airflow/.local/lib/python3.12/site-packages/airflow/example_dags/example_dag_decorator.py
[2024-06-27T15:06:35.212+0000] {logging_mixin.py:188} INFO - [2024-06-27T15:06:35.212+0000] {dag.py:3096} INFO - Sync 1 DAGs
[2024-06-27T15:06:35.249+0000] {logging_mixin.py:188} INFO - [2024-06-27T15:06:35.248+0000] {dag.py:3954} INFO - Setting next_dagrun for example_dag_decorator to None, run_after=None
[2024-06-27T15:06:35.303+0000] {processor.py:183} INFO - Processing /home/airflow/.local/lib/python3.12/site-packages/airflow/example_dags/example_dag_decorator.py took 0.620 seconds
[2024-06-27T15:07:05.513+0000] {processor.py:161} INFO - Started process (PID=758) to work on /home/airflow/.local/lib/python3.12/site-packages/airflow/example_dags/example_dag_decorator.py
[2024-06-27T15:07:05.521+0000] {processor.py:830} INFO - Processing file /home/airflow/.local/lib/python3.12/site-packages/airflow/example_dags/example_dag_decorator.py for tasks to queue
[2024-06-27T15:07:05.529+0000] {logging_mixin.py:188} INFO - [2024-06-27T15:07:05.527+0000] {dagbag.py:545} INFO - Filling up the DagBag from /home/airflow/.local/lib/python3.12/site-packages/airflow/example_dags/example_dag_decorator.py
[2024-06-27T15:07:06.073+0000] {processor.py:840} INFO - DAG(s) 'example_dag_decorator' retrieved from /home/airflow/.local/lib/python3.12/site-packages/airflow/example_dags/example_dag_decorator.py
[2024-06-27T15:07:06.561+0000] {logging_mixin.py:188} INFO - [2024-06-27T15:07:06.560+0000] {dag.py:3096} INFO - Sync 1 DAGs
[2024-06-27T15:07:06.623+0000] {logging_mixin.py:188} INFO - [2024-06-27T15:07:06.623+0000] {dag.py:3954} INFO - Setting next_dagrun for example_dag_decorator to None, run_after=None
[2024-06-27T15:07:06.706+0000] {processor.py:183} INFO - Processing /home/airflow/.local/lib/python3.12/site-packages/airflow/example_dags/example_dag_decorator.py took 1.225 seconds
[2024-06-27T15:07:37.056+0000] {processor.py:161} INFO - Started process (PID=850) to work on /home/airflow/.local/lib/python3.12/site-packages/airflow/example_dags/example_dag_decorator.py
[2024-06-27T15:07:37.059+0000] {processor.py:830} INFO - Processing file /home/airflow/.local/lib/python3.12/site-packages/airflow/example_dags/example_dag_decorator.py for tasks to queue
[2024-06-27T15:07:37.072+0000] {logging_mixin.py:188} INFO - [2024-06-27T15:07:37.069+0000] {dagbag.py:545} INFO - Filling up the DagBag from /home/airflow/.local/lib/python3.12/site-packages/airflow/example_dags/example_dag_decorator.py
[2024-06-27T15:07:37.601+0000] {processor.py:840} INFO - DAG(s) 'example_dag_decorator' retrieved from /home/airflow/.local/lib/python3.12/site-packages/airflow/example_dags/example_dag_decorator.py
[2024-06-27T15:07:38.163+0000] {logging_mixin.py:188} INFO - [2024-06-27T15:07:38.162+0000] {dag.py:3096} INFO - Sync 1 DAGs
[2024-06-27T15:07:38.205+0000] {logging_mixin.py:188} INFO - [2024-06-27T15:07:38.202+0000] {dag.py:3954} INFO - Setting next_dagrun for example_dag_decorator to None, run_after=None
[2024-06-27T15:07:38.282+0000] {processor.py:183} INFO - Processing /home/airflow/.local/lib/python3.12/site-packages/airflow/example_dags/example_dag_decorator.py took 1.245 seconds
