[2024-06-27T14:36:30.575+0000] {processor.py:161} INFO - Started process (PID=43) to work on /home/airflow/.local/lib/python3.12/site-packages/airflow/example_dags/example_display_name.py
[2024-06-27T14:36:30.586+0000] {processor.py:830} INFO - Processing file /home/airflow/.local/lib/python3.12/site-packages/airflow/example_dags/example_display_name.py for tasks to queue
[2024-06-27T14:36:30.608+0000] {logging_mixin.py:188} INFO - [2024-06-27T14:36:30.605+0000] {dagbag.py:545} INFO - Filling up the DagBag from /home/airflow/.local/lib/python3.12/site-packages/airflow/example_dags/example_display_name.py
[2024-06-27T14:36:30.697+0000] {processor.py:840} INFO - DAG(s) 'example_display_name' retrieved from /home/airflow/.local/lib/python3.12/site-packages/airflow/example_dags/example_display_name.py
[2024-06-27T14:36:32.131+0000] {logging_mixin.py:188} INFO - [2024-06-27T14:36:32.128+0000] {override.py:1829} INFO - Created Permission View: can edit on DAG:example_display_name
[2024-06-27T14:36:32.188+0000] {logging_mixin.py:188} INFO - [2024-06-27T14:36:32.187+0000] {override.py:1829} INFO - Created Permission View: can delete on DAG:example_display_name
[2024-06-27T14:36:32.224+0000] {logging_mixin.py:188} INFO - [2024-06-27T14:36:32.223+0000] {override.py:1829} INFO - Created Permission View: can read on DAG:example_display_name
[2024-06-27T14:36:32.227+0000] {logging_mixin.py:188} INFO - [2024-06-27T14:36:32.226+0000] {dag.py:3096} INFO - Sync 1 DAGs
[2024-06-27T14:36:32.304+0000] {logging_mixin.py:188} INFO - [2024-06-27T14:36:32.302+0000] {dag.py:3118} INFO - Creating ORM DAG for example_display_name
[2024-06-27T14:36:32.311+0000] {logging_mixin.py:188} INFO - [2024-06-27T14:36:32.309+0000] {dag.py:3954} INFO - Setting next_dagrun for example_display_name to None, run_after=None
[2024-06-27T14:36:32.415+0000] {processor.py:183} INFO - Processing /home/airflow/.local/lib/python3.12/site-packages/airflow/example_dags/example_display_name.py took 1.907 seconds
[2024-06-27T14:37:02.751+0000] {processor.py:161} INFO - Started process (PID=101) to work on /home/airflow/.local/lib/python3.12/site-packages/airflow/example_dags/example_display_name.py
[2024-06-27T14:37:02.754+0000] {processor.py:830} INFO - Processing file /home/airflow/.local/lib/python3.12/site-packages/airflow/example_dags/example_display_name.py for tasks to queue
[2024-06-27T14:37:02.759+0000] {logging_mixin.py:188} INFO - [2024-06-27T14:37:02.758+0000] {dagbag.py:545} INFO - Filling up the DagBag from /home/airflow/.local/lib/python3.12/site-packages/airflow/example_dags/example_display_name.py
[2024-06-27T14:37:02.775+0000] {processor.py:840} INFO - DAG(s) 'example_display_name' retrieved from /home/airflow/.local/lib/python3.12/site-packages/airflow/example_dags/example_display_name.py
[2024-06-27T14:37:02.817+0000] {logging_mixin.py:188} INFO - [2024-06-27T14:37:02.817+0000] {dag.py:3096} INFO - Sync 1 DAGs
[2024-06-27T14:37:02.842+0000] {logging_mixin.py:188} INFO - [2024-06-27T14:37:02.842+0000] {dag.py:3954} INFO - Setting next_dagrun for example_display_name to None, run_after=None
[2024-06-27T14:37:02.878+0000] {processor.py:183} INFO - Processing /home/airflow/.local/lib/python3.12/site-packages/airflow/example_dags/example_display_name.py took 0.141 seconds
[2024-06-27T14:37:33.299+0000] {processor.py:161} INFO - Started process (PID=159) to work on /home/airflow/.local/lib/python3.12/site-packages/airflow/example_dags/example_display_name.py
[2024-06-27T14:37:33.301+0000] {processor.py:830} INFO - Processing file /home/airflow/.local/lib/python3.12/site-packages/airflow/example_dags/example_display_name.py for tasks to queue
[2024-06-27T14:37:33.303+0000] {logging_mixin.py:188} INFO - [2024-06-27T14:37:33.303+0000] {dagbag.py:545} INFO - Filling up the DagBag from /home/airflow/.local/lib/python3.12/site-packages/airflow/example_dags/example_display_name.py
[2024-06-27T14:37:33.313+0000] {processor.py:840} INFO - DAG(s) 'example_display_name' retrieved from /home/airflow/.local/lib/python3.12/site-packages/airflow/example_dags/example_display_name.py
[2024-06-27T14:37:33.352+0000] {logging_mixin.py:188} INFO - [2024-06-27T14:37:33.351+0000] {dag.py:3096} INFO - Sync 1 DAGs
[2024-06-27T14:37:33.377+0000] {logging_mixin.py:188} INFO - [2024-06-27T14:37:33.377+0000] {dag.py:3954} INFO - Setting next_dagrun for example_display_name to None, run_after=None
[2024-06-27T14:37:33.408+0000] {processor.py:183} INFO - Processing /home/airflow/.local/lib/python3.12/site-packages/airflow/example_dags/example_display_name.py took 0.118 seconds
[2024-06-27T14:38:03.511+0000] {processor.py:161} INFO - Started process (PID=218) to work on /home/airflow/.local/lib/python3.12/site-packages/airflow/example_dags/example_display_name.py
[2024-06-27T14:38:03.513+0000] {processor.py:830} INFO - Processing file /home/airflow/.local/lib/python3.12/site-packages/airflow/example_dags/example_display_name.py for tasks to queue
[2024-06-27T14:38:03.515+0000] {logging_mixin.py:188} INFO - [2024-06-27T14:38:03.515+0000] {dagbag.py:545} INFO - Filling up the DagBag from /home/airflow/.local/lib/python3.12/site-packages/airflow/example_dags/example_display_name.py
[2024-06-27T14:38:03.523+0000] {processor.py:840} INFO - DAG(s) 'example_display_name' retrieved from /home/airflow/.local/lib/python3.12/site-packages/airflow/example_dags/example_display_name.py
[2024-06-27T14:38:03.550+0000] {logging_mixin.py:188} INFO - [2024-06-27T14:38:03.550+0000] {dag.py:3096} INFO - Sync 1 DAGs
[2024-06-27T14:38:03.567+0000] {logging_mixin.py:188} INFO - [2024-06-27T14:38:03.567+0000] {dag.py:3954} INFO - Setting next_dagrun for example_display_name to None, run_after=None
[2024-06-27T14:38:03.594+0000] {processor.py:183} INFO - Processing /home/airflow/.local/lib/python3.12/site-packages/airflow/example_dags/example_display_name.py took 0.093 seconds
[2024-06-27T14:39:41.521+0000] {processor.py:161} INFO - Started process (PID=40) to work on /home/airflow/.local/lib/python3.12/site-packages/airflow/example_dags/example_display_name.py
[2024-06-27T14:39:41.523+0000] {processor.py:830} INFO - Processing file /home/airflow/.local/lib/python3.12/site-packages/airflow/example_dags/example_display_name.py for tasks to queue
[2024-06-27T14:39:41.526+0000] {logging_mixin.py:188} INFO - [2024-06-27T14:39:41.525+0000] {dagbag.py:545} INFO - Filling up the DagBag from /home/airflow/.local/lib/python3.12/site-packages/airflow/example_dags/example_display_name.py
[2024-06-27T14:39:41.542+0000] {processor.py:840} INFO - DAG(s) 'example_display_name' retrieved from /home/airflow/.local/lib/python3.12/site-packages/airflow/example_dags/example_display_name.py
[2024-06-27T14:39:41.735+0000] {logging_mixin.py:188} INFO - [2024-06-27T14:39:41.734+0000] {dag.py:3096} INFO - Sync 1 DAGs
[2024-06-27T14:39:41.753+0000] {logging_mixin.py:188} INFO - [2024-06-27T14:39:41.752+0000] {dag.py:3954} INFO - Setting next_dagrun for example_display_name to None, run_after=None
[2024-06-27T14:39:41.786+0000] {processor.py:183} INFO - Processing /home/airflow/.local/lib/python3.12/site-packages/airflow/example_dags/example_display_name.py took 0.276 seconds
[2024-06-27T14:40:12.093+0000] {processor.py:161} INFO - Started process (PID=99) to work on /home/airflow/.local/lib/python3.12/site-packages/airflow/example_dags/example_display_name.py
[2024-06-27T14:40:12.095+0000] {processor.py:830} INFO - Processing file /home/airflow/.local/lib/python3.12/site-packages/airflow/example_dags/example_display_name.py for tasks to queue
[2024-06-27T14:40:12.098+0000] {logging_mixin.py:188} INFO - [2024-06-27T14:40:12.098+0000] {dagbag.py:545} INFO - Filling up the DagBag from /home/airflow/.local/lib/python3.12/site-packages/airflow/example_dags/example_display_name.py
[2024-06-27T14:40:12.105+0000] {processor.py:840} INFO - DAG(s) 'example_display_name' retrieved from /home/airflow/.local/lib/python3.12/site-packages/airflow/example_dags/example_display_name.py
[2024-06-27T14:40:12.130+0000] {logging_mixin.py:188} INFO - [2024-06-27T14:40:12.130+0000] {dag.py:3096} INFO - Sync 1 DAGs
[2024-06-27T14:40:12.147+0000] {logging_mixin.py:188} INFO - [2024-06-27T14:40:12.146+0000] {dag.py:3954} INFO - Setting next_dagrun for example_display_name to None, run_after=None
[2024-06-27T14:40:12.178+0000] {processor.py:183} INFO - Processing /home/airflow/.local/lib/python3.12/site-packages/airflow/example_dags/example_display_name.py took 0.091 seconds
[2024-06-27T14:40:42.403+0000] {processor.py:161} INFO - Started process (PID=158) to work on /home/airflow/.local/lib/python3.12/site-packages/airflow/example_dags/example_display_name.py
[2024-06-27T14:40:42.405+0000] {processor.py:830} INFO - Processing file /home/airflow/.local/lib/python3.12/site-packages/airflow/example_dags/example_display_name.py for tasks to queue
[2024-06-27T14:40:42.408+0000] {logging_mixin.py:188} INFO - [2024-06-27T14:40:42.407+0000] {dagbag.py:545} INFO - Filling up the DagBag from /home/airflow/.local/lib/python3.12/site-packages/airflow/example_dags/example_display_name.py
[2024-06-27T14:40:42.416+0000] {processor.py:840} INFO - DAG(s) 'example_display_name' retrieved from /home/airflow/.local/lib/python3.12/site-packages/airflow/example_dags/example_display_name.py
[2024-06-27T14:40:42.444+0000] {logging_mixin.py:188} INFO - [2024-06-27T14:40:42.444+0000] {dag.py:3096} INFO - Sync 1 DAGs
[2024-06-27T14:40:42.459+0000] {logging_mixin.py:188} INFO - [2024-06-27T14:40:42.459+0000] {dag.py:3954} INFO - Setting next_dagrun for example_display_name to None, run_after=None
[2024-06-27T14:40:42.488+0000] {processor.py:183} INFO - Processing /home/airflow/.local/lib/python3.12/site-packages/airflow/example_dags/example_display_name.py took 0.094 seconds
[2024-06-27T14:41:12.821+0000] {processor.py:161} INFO - Started process (PID=217) to work on /home/airflow/.local/lib/python3.12/site-packages/airflow/example_dags/example_display_name.py
[2024-06-27T14:41:12.823+0000] {processor.py:830} INFO - Processing file /home/airflow/.local/lib/python3.12/site-packages/airflow/example_dags/example_display_name.py for tasks to queue
[2024-06-27T14:41:12.826+0000] {logging_mixin.py:188} INFO - [2024-06-27T14:41:12.825+0000] {dagbag.py:545} INFO - Filling up the DagBag from /home/airflow/.local/lib/python3.12/site-packages/airflow/example_dags/example_display_name.py
[2024-06-27T14:41:12.835+0000] {processor.py:840} INFO - DAG(s) 'example_display_name' retrieved from /home/airflow/.local/lib/python3.12/site-packages/airflow/example_dags/example_display_name.py
[2024-06-27T14:41:12.864+0000] {logging_mixin.py:188} INFO - [2024-06-27T14:41:12.864+0000] {dag.py:3096} INFO - Sync 1 DAGs
[2024-06-27T14:41:12.884+0000] {logging_mixin.py:188} INFO - [2024-06-27T14:41:12.883+0000] {dag.py:3954} INFO - Setting next_dagrun for example_display_name to None, run_after=None
[2024-06-27T14:41:12.915+0000] {processor.py:183} INFO - Processing /home/airflow/.local/lib/python3.12/site-packages/airflow/example_dags/example_display_name.py took 0.102 seconds
[2024-06-27T14:41:42.960+0000] {processor.py:161} INFO - Started process (PID=275) to work on /home/airflow/.local/lib/python3.12/site-packages/airflow/example_dags/example_display_name.py
[2024-06-27T14:41:42.964+0000] {processor.py:830} INFO - Processing file /home/airflow/.local/lib/python3.12/site-packages/airflow/example_dags/example_display_name.py for tasks to queue
[2024-06-27T14:41:42.968+0000] {logging_mixin.py:188} INFO - [2024-06-27T14:41:42.967+0000] {dagbag.py:545} INFO - Filling up the DagBag from /home/airflow/.local/lib/python3.12/site-packages/airflow/example_dags/example_display_name.py
[2024-06-27T14:41:42.977+0000] {processor.py:840} INFO - DAG(s) 'example_display_name' retrieved from /home/airflow/.local/lib/python3.12/site-packages/airflow/example_dags/example_display_name.py
[2024-06-27T14:41:43.008+0000] {logging_mixin.py:188} INFO - [2024-06-27T14:41:43.007+0000] {dag.py:3096} INFO - Sync 1 DAGs
[2024-06-27T14:41:43.025+0000] {logging_mixin.py:188} INFO - [2024-06-27T14:41:43.025+0000] {dag.py:3954} INFO - Setting next_dagrun for example_display_name to None, run_after=None
[2024-06-27T14:41:43.055+0000] {processor.py:183} INFO - Processing /home/airflow/.local/lib/python3.12/site-packages/airflow/example_dags/example_display_name.py took 0.107 seconds
[2024-06-27T14:42:13.455+0000] {processor.py:161} INFO - Started process (PID=335) to work on /home/airflow/.local/lib/python3.12/site-packages/airflow/example_dags/example_display_name.py
[2024-06-27T14:42:13.457+0000] {processor.py:830} INFO - Processing file /home/airflow/.local/lib/python3.12/site-packages/airflow/example_dags/example_display_name.py for tasks to queue
[2024-06-27T14:42:13.460+0000] {logging_mixin.py:188} INFO - [2024-06-27T14:42:13.459+0000] {dagbag.py:545} INFO - Filling up the DagBag from /home/airflow/.local/lib/python3.12/site-packages/airflow/example_dags/example_display_name.py
[2024-06-27T14:42:13.468+0000] {processor.py:840} INFO - DAG(s) 'example_display_name' retrieved from /home/airflow/.local/lib/python3.12/site-packages/airflow/example_dags/example_display_name.py
[2024-06-27T14:42:13.496+0000] {logging_mixin.py:188} INFO - [2024-06-27T14:42:13.496+0000] {dag.py:3096} INFO - Sync 1 DAGs
[2024-06-27T14:42:13.512+0000] {logging_mixin.py:188} INFO - [2024-06-27T14:42:13.512+0000] {dag.py:3954} INFO - Setting next_dagrun for example_display_name to None, run_after=None
[2024-06-27T14:42:13.543+0000] {processor.py:183} INFO - Processing /home/airflow/.local/lib/python3.12/site-packages/airflow/example_dags/example_display_name.py took 0.095 seconds
[2024-06-27T14:43:56.592+0000] {processor.py:161} INFO - Started process (PID=40) to work on /home/airflow/.local/lib/python3.12/site-packages/airflow/example_dags/example_display_name.py
[2024-06-27T14:43:56.594+0000] {processor.py:830} INFO - Processing file /home/airflow/.local/lib/python3.12/site-packages/airflow/example_dags/example_display_name.py for tasks to queue
[2024-06-27T14:43:56.597+0000] {logging_mixin.py:188} INFO - [2024-06-27T14:43:56.596+0000] {dagbag.py:545} INFO - Filling up the DagBag from /home/airflow/.local/lib/python3.12/site-packages/airflow/example_dags/example_display_name.py
[2024-06-27T14:43:56.615+0000] {processor.py:840} INFO - DAG(s) 'example_display_name' retrieved from /home/airflow/.local/lib/python3.12/site-packages/airflow/example_dags/example_display_name.py
[2024-06-27T14:43:56.886+0000] {logging_mixin.py:188} INFO - [2024-06-27T14:43:56.885+0000] {dag.py:3096} INFO - Sync 1 DAGs
[2024-06-27T14:43:56.924+0000] {logging_mixin.py:188} INFO - [2024-06-27T14:43:56.924+0000] {dag.py:3954} INFO - Setting next_dagrun for example_display_name to None, run_after=None
[2024-06-27T14:43:56.976+0000] {processor.py:183} INFO - Processing /home/airflow/.local/lib/python3.12/site-packages/airflow/example_dags/example_display_name.py took 0.393 seconds
[2024-06-27T14:44:22.880+0000] {processor.py:161} INFO - Started process (PID=40) to work on /home/airflow/.local/lib/python3.12/site-packages/airflow/example_dags/example_display_name.py
[2024-06-27T14:44:22.882+0000] {processor.py:830} INFO - Processing file /home/airflow/.local/lib/python3.12/site-packages/airflow/example_dags/example_display_name.py for tasks to queue
[2024-06-27T14:44:22.886+0000] {logging_mixin.py:188} INFO - [2024-06-27T14:44:22.885+0000] {dagbag.py:545} INFO - Filling up the DagBag from /home/airflow/.local/lib/python3.12/site-packages/airflow/example_dags/example_display_name.py
[2024-06-27T14:44:22.901+0000] {processor.py:840} INFO - DAG(s) 'example_display_name' retrieved from /home/airflow/.local/lib/python3.12/site-packages/airflow/example_dags/example_display_name.py
[2024-06-27T14:44:22.933+0000] {logging_mixin.py:188} INFO - [2024-06-27T14:44:22.933+0000] {dag.py:3096} INFO - Sync 1 DAGs
[2024-06-27T14:44:22.973+0000] {logging_mixin.py:188} INFO - [2024-06-27T14:44:22.972+0000] {dag.py:3954} INFO - Setting next_dagrun for example_display_name to None, run_after=None
[2024-06-27T14:44:23.018+0000] {processor.py:183} INFO - Processing /home/airflow/.local/lib/python3.12/site-packages/airflow/example_dags/example_display_name.py took 0.149 seconds
[2024-06-27T14:44:53.397+0000] {processor.py:161} INFO - Started process (PID=99) to work on /home/airflow/.local/lib/python3.12/site-packages/airflow/example_dags/example_display_name.py
[2024-06-27T14:44:53.401+0000] {processor.py:830} INFO - Processing file /home/airflow/.local/lib/python3.12/site-packages/airflow/example_dags/example_display_name.py for tasks to queue
[2024-06-27T14:44:53.404+0000] {logging_mixin.py:188} INFO - [2024-06-27T14:44:53.404+0000] {dagbag.py:545} INFO - Filling up the DagBag from /home/airflow/.local/lib/python3.12/site-packages/airflow/example_dags/example_display_name.py
[2024-06-27T14:44:53.412+0000] {processor.py:840} INFO - DAG(s) 'example_display_name' retrieved from /home/airflow/.local/lib/python3.12/site-packages/airflow/example_dags/example_display_name.py
[2024-06-27T14:44:53.447+0000] {logging_mixin.py:188} INFO - [2024-06-27T14:44:53.446+0000] {dag.py:3096} INFO - Sync 1 DAGs
[2024-06-27T14:44:53.477+0000] {logging_mixin.py:188} INFO - [2024-06-27T14:44:53.476+0000] {dag.py:3954} INFO - Setting next_dagrun for example_display_name to None, run_after=None
[2024-06-27T14:44:53.531+0000] {processor.py:183} INFO - Processing /home/airflow/.local/lib/python3.12/site-packages/airflow/example_dags/example_display_name.py took 0.142 seconds
[2024-06-27T14:45:23.605+0000] {processor.py:161} INFO - Started process (PID=158) to work on /home/airflow/.local/lib/python3.12/site-packages/airflow/example_dags/example_display_name.py
[2024-06-27T14:45:23.608+0000] {processor.py:830} INFO - Processing file /home/airflow/.local/lib/python3.12/site-packages/airflow/example_dags/example_display_name.py for tasks to queue
[2024-06-27T14:45:23.611+0000] {logging_mixin.py:188} INFO - [2024-06-27T14:45:23.610+0000] {dagbag.py:545} INFO - Filling up the DagBag from /home/airflow/.local/lib/python3.12/site-packages/airflow/example_dags/example_display_name.py
[2024-06-27T14:45:23.619+0000] {processor.py:840} INFO - DAG(s) 'example_display_name' retrieved from /home/airflow/.local/lib/python3.12/site-packages/airflow/example_dags/example_display_name.py
[2024-06-27T14:45:23.648+0000] {logging_mixin.py:188} INFO - [2024-06-27T14:45:23.647+0000] {dag.py:3096} INFO - Sync 1 DAGs
[2024-06-27T14:45:23.670+0000] {logging_mixin.py:188} INFO - [2024-06-27T14:45:23.669+0000] {dag.py:3954} INFO - Setting next_dagrun for example_display_name to None, run_after=None
[2024-06-27T14:45:23.700+0000] {processor.py:183} INFO - Processing /home/airflow/.local/lib/python3.12/site-packages/airflow/example_dags/example_display_name.py took 0.104 seconds
[2024-06-27T14:45:54.265+0000] {processor.py:161} INFO - Started process (PID=217) to work on /home/airflow/.local/lib/python3.12/site-packages/airflow/example_dags/example_display_name.py
[2024-06-27T14:45:54.267+0000] {processor.py:830} INFO - Processing file /home/airflow/.local/lib/python3.12/site-packages/airflow/example_dags/example_display_name.py for tasks to queue
[2024-06-27T14:45:54.270+0000] {logging_mixin.py:188} INFO - [2024-06-27T14:45:54.269+0000] {dagbag.py:545} INFO - Filling up the DagBag from /home/airflow/.local/lib/python3.12/site-packages/airflow/example_dags/example_display_name.py
[2024-06-27T14:45:54.278+0000] {processor.py:840} INFO - DAG(s) 'example_display_name' retrieved from /home/airflow/.local/lib/python3.12/site-packages/airflow/example_dags/example_display_name.py
[2024-06-27T14:45:54.315+0000] {logging_mixin.py:188} INFO - [2024-06-27T14:45:54.315+0000] {dag.py:3096} INFO - Sync 1 DAGs
[2024-06-27T14:45:54.337+0000] {logging_mixin.py:188} INFO - [2024-06-27T14:45:54.336+0000] {dag.py:3954} INFO - Setting next_dagrun for example_display_name to None, run_after=None
[2024-06-27T14:45:54.378+0000] {processor.py:183} INFO - Processing /home/airflow/.local/lib/python3.12/site-packages/airflow/example_dags/example_display_name.py took 0.119 seconds
[2024-06-27T14:46:24.464+0000] {processor.py:161} INFO - Started process (PID=276) to work on /home/airflow/.local/lib/python3.12/site-packages/airflow/example_dags/example_display_name.py
[2024-06-27T14:46:24.465+0000] {processor.py:830} INFO - Processing file /home/airflow/.local/lib/python3.12/site-packages/airflow/example_dags/example_display_name.py for tasks to queue
[2024-06-27T14:46:24.468+0000] {logging_mixin.py:188} INFO - [2024-06-27T14:46:24.468+0000] {dagbag.py:545} INFO - Filling up the DagBag from /home/airflow/.local/lib/python3.12/site-packages/airflow/example_dags/example_display_name.py
[2024-06-27T14:46:24.476+0000] {processor.py:840} INFO - DAG(s) 'example_display_name' retrieved from /home/airflow/.local/lib/python3.12/site-packages/airflow/example_dags/example_display_name.py
[2024-06-27T14:46:24.506+0000] {logging_mixin.py:188} INFO - [2024-06-27T14:46:24.506+0000] {dag.py:3096} INFO - Sync 1 DAGs
[2024-06-27T14:46:24.525+0000] {logging_mixin.py:188} INFO - [2024-06-27T14:46:24.525+0000] {dag.py:3954} INFO - Setting next_dagrun for example_display_name to None, run_after=None
[2024-06-27T14:46:24.554+0000] {processor.py:183} INFO - Processing /home/airflow/.local/lib/python3.12/site-packages/airflow/example_dags/example_display_name.py took 0.103 seconds
[2024-06-27T14:58:56.294+0000] {processor.py:161} INFO - Started process (PID=45) to work on /home/airflow/.local/lib/python3.12/site-packages/airflow/example_dags/example_display_name.py
[2024-06-27T14:58:56.297+0000] {processor.py:830} INFO - Processing file /home/airflow/.local/lib/python3.12/site-packages/airflow/example_dags/example_display_name.py for tasks to queue
[2024-06-27T14:58:56.302+0000] {logging_mixin.py:188} INFO - [2024-06-27T14:58:56.301+0000] {dagbag.py:545} INFO - Filling up the DagBag from /home/airflow/.local/lib/python3.12/site-packages/airflow/example_dags/example_display_name.py
[2024-06-27T14:58:56.323+0000] {processor.py:840} INFO - DAG(s) 'example_display_name' retrieved from /home/airflow/.local/lib/python3.12/site-packages/airflow/example_dags/example_display_name.py
[2024-06-27T14:58:56.348+0000] {logging_mixin.py:188} INFO - [2024-06-27T14:58:56.348+0000] {dag.py:3096} INFO - Sync 1 DAGs
[2024-06-27T14:58:56.390+0000] {logging_mixin.py:188} INFO - [2024-06-27T14:58:56.390+0000] {dag.py:3954} INFO - Setting next_dagrun for example_display_name to None, run_after=None
[2024-06-27T14:58:56.436+0000] {processor.py:183} INFO - Processing /home/airflow/.local/lib/python3.12/site-packages/airflow/example_dags/example_display_name.py took 0.155 seconds
[2024-06-27T14:59:28.111+0000] {processor.py:161} INFO - Started process (PID=104) to work on /home/airflow/.local/lib/python3.12/site-packages/airflow/example_dags/example_display_name.py
[2024-06-27T14:59:28.113+0000] {processor.py:830} INFO - Processing file /home/airflow/.local/lib/python3.12/site-packages/airflow/example_dags/example_display_name.py for tasks to queue
[2024-06-27T14:59:28.116+0000] {logging_mixin.py:188} INFO - [2024-06-27T14:59:28.116+0000] {dagbag.py:545} INFO - Filling up the DagBag from /home/airflow/.local/lib/python3.12/site-packages/airflow/example_dags/example_display_name.py
[2024-06-27T14:59:28.124+0000] {processor.py:840} INFO - DAG(s) 'example_display_name' retrieved from /home/airflow/.local/lib/python3.12/site-packages/airflow/example_dags/example_display_name.py
[2024-06-27T14:59:28.254+0000] {logging_mixin.py:188} INFO - [2024-06-27T14:59:28.254+0000] {dag.py:3096} INFO - Sync 1 DAGs
[2024-06-27T14:59:28.267+0000] {logging_mixin.py:188} INFO - [2024-06-27T14:59:28.267+0000] {dag.py:3954} INFO - Setting next_dagrun for example_display_name to None, run_after=None
[2024-06-27T14:59:28.298+0000] {processor.py:183} INFO - Processing /home/airflow/.local/lib/python3.12/site-packages/airflow/example_dags/example_display_name.py took 0.194 seconds
[2024-06-27T14:59:59.063+0000] {processor.py:161} INFO - Started process (PID=163) to work on /home/airflow/.local/lib/python3.12/site-packages/airflow/example_dags/example_display_name.py
[2024-06-27T14:59:59.065+0000] {processor.py:830} INFO - Processing file /home/airflow/.local/lib/python3.12/site-packages/airflow/example_dags/example_display_name.py for tasks to queue
[2024-06-27T14:59:59.068+0000] {logging_mixin.py:188} INFO - [2024-06-27T14:59:59.068+0000] {dagbag.py:545} INFO - Filling up the DagBag from /home/airflow/.local/lib/python3.12/site-packages/airflow/example_dags/example_display_name.py
[2024-06-27T14:59:59.078+0000] {processor.py:840} INFO - DAG(s) 'example_display_name' retrieved from /home/airflow/.local/lib/python3.12/site-packages/airflow/example_dags/example_display_name.py
[2024-06-27T14:59:59.107+0000] {logging_mixin.py:188} INFO - [2024-06-27T14:59:59.107+0000] {dag.py:3096} INFO - Sync 1 DAGs
[2024-06-27T14:59:59.124+0000] {logging_mixin.py:188} INFO - [2024-06-27T14:59:59.124+0000] {dag.py:3954} INFO - Setting next_dagrun for example_display_name to None, run_after=None
[2024-06-27T14:59:59.154+0000] {processor.py:183} INFO - Processing /home/airflow/.local/lib/python3.12/site-packages/airflow/example_dags/example_display_name.py took 0.098 seconds
[2024-06-27T15:00:29.868+0000] {processor.py:161} INFO - Started process (PID=222) to work on /home/airflow/.local/lib/python3.12/site-packages/airflow/example_dags/example_display_name.py
[2024-06-27T15:00:29.869+0000] {processor.py:830} INFO - Processing file /home/airflow/.local/lib/python3.12/site-packages/airflow/example_dags/example_display_name.py for tasks to queue
[2024-06-27T15:00:29.871+0000] {logging_mixin.py:188} INFO - [2024-06-27T15:00:29.871+0000] {dagbag.py:545} INFO - Filling up the DagBag from /home/airflow/.local/lib/python3.12/site-packages/airflow/example_dags/example_display_name.py
[2024-06-27T15:00:29.879+0000] {processor.py:840} INFO - DAG(s) 'example_display_name' retrieved from /home/airflow/.local/lib/python3.12/site-packages/airflow/example_dags/example_display_name.py
[2024-06-27T15:00:29.909+0000] {logging_mixin.py:188} INFO - [2024-06-27T15:00:29.908+0000] {dag.py:3096} INFO - Sync 1 DAGs
[2024-06-27T15:00:29.927+0000] {logging_mixin.py:188} INFO - [2024-06-27T15:00:29.926+0000] {dag.py:3954} INFO - Setting next_dagrun for example_display_name to None, run_after=None
[2024-06-27T15:00:29.956+0000] {processor.py:183} INFO - Processing /home/airflow/.local/lib/python3.12/site-packages/airflow/example_dags/example_display_name.py took 0.096 seconds
[2024-06-27T15:02:13.164+0000] {processor.py:161} INFO - Started process (PID=56) to work on /home/airflow/.local/lib/python3.12/site-packages/airflow/example_dags/example_display_name.py
[2024-06-27T15:02:13.168+0000] {processor.py:830} INFO - Processing file /home/airflow/.local/lib/python3.12/site-packages/airflow/example_dags/example_display_name.py for tasks to queue
[2024-06-27T15:02:13.173+0000] {logging_mixin.py:188} INFO - [2024-06-27T15:02:13.171+0000] {dagbag.py:545} INFO - Filling up the DagBag from /home/airflow/.local/lib/python3.12/site-packages/airflow/example_dags/example_display_name.py
[2024-06-27T15:02:13.197+0000] {processor.py:840} INFO - DAG(s) 'example_display_name' retrieved from /home/airflow/.local/lib/python3.12/site-packages/airflow/example_dags/example_display_name.py
[2024-06-27T15:02:13.502+0000] {logging_mixin.py:188} INFO - [2024-06-27T15:02:13.502+0000] {dag.py:3096} INFO - Sync 1 DAGs
[2024-06-27T15:02:13.535+0000] {logging_mixin.py:188} INFO - [2024-06-27T15:02:13.535+0000] {dag.py:3954} INFO - Setting next_dagrun for example_display_name to None, run_after=None
[2024-06-27T15:02:13.586+0000] {processor.py:183} INFO - Processing /home/airflow/.local/lib/python3.12/site-packages/airflow/example_dags/example_display_name.py took 0.439 seconds
[2024-06-27T15:02:44.230+0000] {processor.py:161} INFO - Started process (PID=123) to work on /home/airflow/.local/lib/python3.12/site-packages/airflow/example_dags/example_display_name.py
[2024-06-27T15:02:44.232+0000] {processor.py:830} INFO - Processing file /home/airflow/.local/lib/python3.12/site-packages/airflow/example_dags/example_display_name.py for tasks to queue
[2024-06-27T15:02:44.235+0000] {logging_mixin.py:188} INFO - [2024-06-27T15:02:44.234+0000] {dagbag.py:545} INFO - Filling up the DagBag from /home/airflow/.local/lib/python3.12/site-packages/airflow/example_dags/example_display_name.py
[2024-06-27T15:02:44.244+0000] {processor.py:840} INFO - DAG(s) 'example_display_name' retrieved from /home/airflow/.local/lib/python3.12/site-packages/airflow/example_dags/example_display_name.py
[2024-06-27T15:02:44.272+0000] {logging_mixin.py:188} INFO - [2024-06-27T15:02:44.271+0000] {dag.py:3096} INFO - Sync 1 DAGs
[2024-06-27T15:02:44.290+0000] {logging_mixin.py:188} INFO - [2024-06-27T15:02:44.289+0000] {dag.py:3954} INFO - Setting next_dagrun for example_display_name to None, run_after=None
[2024-06-27T15:02:44.319+0000] {processor.py:183} INFO - Processing /home/airflow/.local/lib/python3.12/site-packages/airflow/example_dags/example_display_name.py took 0.096 seconds
[2024-06-27T15:03:14.563+0000] {processor.py:161} INFO - Started process (PID=183) to work on /home/airflow/.local/lib/python3.12/site-packages/airflow/example_dags/example_display_name.py
[2024-06-27T15:03:14.565+0000] {processor.py:830} INFO - Processing file /home/airflow/.local/lib/python3.12/site-packages/airflow/example_dags/example_display_name.py for tasks to queue
[2024-06-27T15:03:14.567+0000] {logging_mixin.py:188} INFO - [2024-06-27T15:03:14.567+0000] {dagbag.py:545} INFO - Filling up the DagBag from /home/airflow/.local/lib/python3.12/site-packages/airflow/example_dags/example_display_name.py
[2024-06-27T15:03:14.576+0000] {processor.py:840} INFO - DAG(s) 'example_display_name' retrieved from /home/airflow/.local/lib/python3.12/site-packages/airflow/example_dags/example_display_name.py
[2024-06-27T15:03:14.606+0000] {logging_mixin.py:188} INFO - [2024-06-27T15:03:14.605+0000] {dag.py:3096} INFO - Sync 1 DAGs
[2024-06-27T15:03:14.622+0000] {logging_mixin.py:188} INFO - [2024-06-27T15:03:14.622+0000] {dag.py:3954} INFO - Setting next_dagrun for example_display_name to None, run_after=None
[2024-06-27T15:03:14.652+0000] {processor.py:183} INFO - Processing /home/airflow/.local/lib/python3.12/site-packages/airflow/example_dags/example_display_name.py took 0.095 seconds
[2024-06-27T15:03:44.783+0000] {processor.py:161} INFO - Started process (PID=250) to work on /home/airflow/.local/lib/python3.12/site-packages/airflow/example_dags/example_display_name.py
[2024-06-27T15:03:44.785+0000] {processor.py:830} INFO - Processing file /home/airflow/.local/lib/python3.12/site-packages/airflow/example_dags/example_display_name.py for tasks to queue
[2024-06-27T15:03:44.789+0000] {logging_mixin.py:188} INFO - [2024-06-27T15:03:44.788+0000] {dagbag.py:545} INFO - Filling up the DagBag from /home/airflow/.local/lib/python3.12/site-packages/airflow/example_dags/example_display_name.py
[2024-06-27T15:03:44.799+0000] {processor.py:840} INFO - DAG(s) 'example_display_name' retrieved from /home/airflow/.local/lib/python3.12/site-packages/airflow/example_dags/example_display_name.py
[2024-06-27T15:03:44.833+0000] {logging_mixin.py:188} INFO - [2024-06-27T15:03:44.833+0000] {dag.py:3096} INFO - Sync 1 DAGs
[2024-06-27T15:03:44.857+0000] {logging_mixin.py:188} INFO - [2024-06-27T15:03:44.856+0000] {dag.py:3954} INFO - Setting next_dagrun for example_display_name to None, run_after=None
[2024-06-27T15:03:44.894+0000] {processor.py:183} INFO - Processing /home/airflow/.local/lib/python3.12/site-packages/airflow/example_dags/example_display_name.py took 0.122 seconds
[2024-06-27T15:04:15.385+0000] {processor.py:161} INFO - Started process (PID=335) to work on /home/airflow/.local/lib/python3.12/site-packages/airflow/example_dags/example_display_name.py
[2024-06-27T15:04:15.389+0000] {processor.py:830} INFO - Processing file /home/airflow/.local/lib/python3.12/site-packages/airflow/example_dags/example_display_name.py for tasks to queue
[2024-06-27T15:04:15.395+0000] {logging_mixin.py:188} INFO - [2024-06-27T15:04:15.394+0000] {dagbag.py:545} INFO - Filling up the DagBag from /home/airflow/.local/lib/python3.12/site-packages/airflow/example_dags/example_display_name.py
[2024-06-27T15:04:15.411+0000] {processor.py:840} INFO - DAG(s) 'example_display_name' retrieved from /home/airflow/.local/lib/python3.12/site-packages/airflow/example_dags/example_display_name.py
[2024-06-27T15:04:15.487+0000] {logging_mixin.py:188} INFO - [2024-06-27T15:04:15.486+0000] {dag.py:3096} INFO - Sync 1 DAGs
[2024-06-27T15:04:15.542+0000] {logging_mixin.py:188} INFO - [2024-06-27T15:04:15.541+0000] {dag.py:3954} INFO - Setting next_dagrun for example_display_name to None, run_after=None
[2024-06-27T15:04:15.633+0000] {processor.py:183} INFO - Processing /home/airflow/.local/lib/python3.12/site-packages/airflow/example_dags/example_display_name.py took 0.267 seconds
[2024-06-27T15:04:46.054+0000] {processor.py:161} INFO - Started process (PID=403) to work on /home/airflow/.local/lib/python3.12/site-packages/airflow/example_dags/example_display_name.py
[2024-06-27T15:04:46.057+0000] {processor.py:830} INFO - Processing file /home/airflow/.local/lib/python3.12/site-packages/airflow/example_dags/example_display_name.py for tasks to queue
[2024-06-27T15:04:46.068+0000] {logging_mixin.py:188} INFO - [2024-06-27T15:04:46.066+0000] {dagbag.py:545} INFO - Filling up the DagBag from /home/airflow/.local/lib/python3.12/site-packages/airflow/example_dags/example_display_name.py
[2024-06-27T15:04:46.096+0000] {processor.py:840} INFO - DAG(s) 'example_display_name' retrieved from /home/airflow/.local/lib/python3.12/site-packages/airflow/example_dags/example_display_name.py
[2024-06-27T15:04:46.221+0000] {logging_mixin.py:188} INFO - [2024-06-27T15:04:46.220+0000] {dag.py:3096} INFO - Sync 1 DAGs
[2024-06-27T15:04:46.303+0000] {logging_mixin.py:188} INFO - [2024-06-27T15:04:46.302+0000] {dag.py:3954} INFO - Setting next_dagrun for example_display_name to None, run_after=None
[2024-06-27T15:04:46.405+0000] {processor.py:183} INFO - Processing /home/airflow/.local/lib/python3.12/site-packages/airflow/example_dags/example_display_name.py took 0.385 seconds
[2024-06-27T15:05:17.080+0000] {processor.py:161} INFO - Started process (PID=493) to work on /home/airflow/.local/lib/python3.12/site-packages/airflow/example_dags/example_display_name.py
[2024-06-27T15:05:17.091+0000] {processor.py:830} INFO - Processing file /home/airflow/.local/lib/python3.12/site-packages/airflow/example_dags/example_display_name.py for tasks to queue
[2024-06-27T15:05:17.103+0000] {logging_mixin.py:188} INFO - [2024-06-27T15:05:17.102+0000] {dagbag.py:545} INFO - Filling up the DagBag from /home/airflow/.local/lib/python3.12/site-packages/airflow/example_dags/example_display_name.py
[2024-06-27T15:05:17.133+0000] {processor.py:840} INFO - DAG(s) 'example_display_name' retrieved from /home/airflow/.local/lib/python3.12/site-packages/airflow/example_dags/example_display_name.py
[2024-06-27T15:05:17.303+0000] {logging_mixin.py:188} INFO - [2024-06-27T15:05:17.303+0000] {dag.py:3096} INFO - Sync 1 DAGs
[2024-06-27T15:05:17.370+0000] {logging_mixin.py:188} INFO - [2024-06-27T15:05:17.369+0000] {dag.py:3954} INFO - Setting next_dagrun for example_display_name to None, run_after=None
[2024-06-27T15:05:17.474+0000] {processor.py:183} INFO - Processing /home/airflow/.local/lib/python3.12/site-packages/airflow/example_dags/example_display_name.py took 0.430 seconds
[2024-06-27T15:05:47.564+0000] {processor.py:161} INFO - Started process (PID=569) to work on /home/airflow/.local/lib/python3.12/site-packages/airflow/example_dags/example_display_name.py
[2024-06-27T15:05:47.566+0000] {processor.py:830} INFO - Processing file /home/airflow/.local/lib/python3.12/site-packages/airflow/example_dags/example_display_name.py for tasks to queue
[2024-06-27T15:05:47.571+0000] {logging_mixin.py:188} INFO - [2024-06-27T15:05:47.571+0000] {dagbag.py:545} INFO - Filling up the DagBag from /home/airflow/.local/lib/python3.12/site-packages/airflow/example_dags/example_display_name.py
[2024-06-27T15:05:47.587+0000] {processor.py:840} INFO - DAG(s) 'example_display_name' retrieved from /home/airflow/.local/lib/python3.12/site-packages/airflow/example_dags/example_display_name.py
[2024-06-27T15:05:47.637+0000] {logging_mixin.py:188} INFO - [2024-06-27T15:05:47.636+0000] {dag.py:3096} INFO - Sync 1 DAGs
[2024-06-27T15:05:47.678+0000] {logging_mixin.py:188} INFO - [2024-06-27T15:05:47.677+0000] {dag.py:3954} INFO - Setting next_dagrun for example_display_name to None, run_after=None
[2024-06-27T15:05:47.742+0000] {processor.py:183} INFO - Processing /home/airflow/.local/lib/python3.12/site-packages/airflow/example_dags/example_display_name.py took 0.195 seconds
[2024-06-27T15:06:20.561+0000] {processor.py:161} INFO - Started process (PID=652) to work on /home/airflow/.local/lib/python3.12/site-packages/airflow/example_dags/example_display_name.py
[2024-06-27T15:06:20.565+0000] {processor.py:830} INFO - Processing file /home/airflow/.local/lib/python3.12/site-packages/airflow/example_dags/example_display_name.py for tasks to queue
[2024-06-27T15:06:20.571+0000] {logging_mixin.py:188} INFO - [2024-06-27T15:06:20.570+0000] {dagbag.py:545} INFO - Filling up the DagBag from /home/airflow/.local/lib/python3.12/site-packages/airflow/example_dags/example_display_name.py
[2024-06-27T15:06:20.598+0000] {processor.py:840} INFO - DAG(s) 'example_display_name' retrieved from /home/airflow/.local/lib/python3.12/site-packages/airflow/example_dags/example_display_name.py
[2024-06-27T15:06:20.679+0000] {logging_mixin.py:188} INFO - [2024-06-27T15:06:20.678+0000] {dag.py:3096} INFO - Sync 1 DAGs
[2024-06-27T15:06:20.747+0000] {logging_mixin.py:188} INFO - [2024-06-27T15:06:20.746+0000] {dag.py:3954} INFO - Setting next_dagrun for example_display_name to None, run_after=None
[2024-06-27T15:06:20.820+0000] {processor.py:183} INFO - Processing /home/airflow/.local/lib/python3.12/site-packages/airflow/example_dags/example_display_name.py took 0.285 seconds
[2024-06-27T15:06:54.915+0000] {processor.py:161} INFO - Started process (PID=739) to work on /home/airflow/.local/lib/python3.12/site-packages/airflow/example_dags/example_display_name.py
[2024-06-27T15:06:54.921+0000] {processor.py:830} INFO - Processing file /home/airflow/.local/lib/python3.12/site-packages/airflow/example_dags/example_display_name.py for tasks to queue
[2024-06-27T15:06:54.929+0000] {logging_mixin.py:188} INFO - [2024-06-27T15:06:54.927+0000] {dagbag.py:545} INFO - Filling up the DagBag from /home/airflow/.local/lib/python3.12/site-packages/airflow/example_dags/example_display_name.py
[2024-06-27T15:06:54.959+0000] {processor.py:840} INFO - DAG(s) 'example_display_name' retrieved from /home/airflow/.local/lib/python3.12/site-packages/airflow/example_dags/example_display_name.py
[2024-06-27T15:06:55.085+0000] {logging_mixin.py:188} INFO - [2024-06-27T15:06:55.084+0000] {dag.py:3096} INFO - Sync 1 DAGs
[2024-06-27T15:06:55.205+0000] {logging_mixin.py:188} INFO - [2024-06-27T15:06:55.203+0000] {dag.py:3954} INFO - Setting next_dagrun for example_display_name to None, run_after=None
[2024-06-27T15:06:55.360+0000] {processor.py:183} INFO - Processing /home/airflow/.local/lib/python3.12/site-packages/airflow/example_dags/example_display_name.py took 0.494 seconds
[2024-06-27T15:07:25.449+0000] {processor.py:161} INFO - Started process (PID=806) to work on /home/airflow/.local/lib/python3.12/site-packages/airflow/example_dags/example_display_name.py
[2024-06-27T15:07:25.452+0000] {processor.py:830} INFO - Processing file /home/airflow/.local/lib/python3.12/site-packages/airflow/example_dags/example_display_name.py for tasks to queue
[2024-06-27T15:07:25.459+0000] {logging_mixin.py:188} INFO - [2024-06-27T15:07:25.458+0000] {dagbag.py:545} INFO - Filling up the DagBag from /home/airflow/.local/lib/python3.12/site-packages/airflow/example_dags/example_display_name.py
[2024-06-27T15:07:25.478+0000] {processor.py:840} INFO - DAG(s) 'example_display_name' retrieved from /home/airflow/.local/lib/python3.12/site-packages/airflow/example_dags/example_display_name.py
[2024-06-27T15:07:25.557+0000] {logging_mixin.py:188} INFO - [2024-06-27T15:07:25.556+0000] {dag.py:3096} INFO - Sync 1 DAGs
[2024-06-27T15:07:25.609+0000] {logging_mixin.py:188} INFO - [2024-06-27T15:07:25.609+0000] {dag.py:3954} INFO - Setting next_dagrun for example_display_name to None, run_after=None
[2024-06-27T15:07:25.671+0000] {processor.py:183} INFO - Processing /home/airflow/.local/lib/python3.12/site-packages/airflow/example_dags/example_display_name.py took 0.241 seconds
