[2024-06-27T14:36:30.927+0000] {processor.py:161} INFO - Started process (PID=44) to work on /home/airflow/.local/lib/python3.12/site-packages/airflow/example_dags/example_task_group_decorator.py
[2024-06-27T14:36:30.932+0000] {processor.py:830} INFO - Processing file /home/airflow/.local/lib/python3.12/site-packages/airflow/example_dags/example_task_group_decorator.py for tasks to queue
[2024-06-27T14:36:30.950+0000] {logging_mixin.py:188} INFO - [2024-06-27T14:36:30.947+0000] {dagbag.py:545} INFO - Filling up the DagBag from /home/airflow/.local/lib/python3.12/site-packages/airflow/example_dags/example_task_group_decorator.py
[2024-06-27T14:36:31.565+0000] {processor.py:840} INFO - DAG(s) 'example_task_group_decorator' retrieved from /home/airflow/.local/lib/python3.12/site-packages/airflow/example_dags/example_task_group_decorator.py
[2024-06-27T14:36:32.661+0000] {logging_mixin.py:188} INFO - [2024-06-27T14:36:32.658+0000] {override.py:1829} INFO - Created Permission View: can edit on DAG:example_task_group_decorator
[2024-06-27T14:36:32.739+0000] {logging_mixin.py:188} INFO - [2024-06-27T14:36:32.738+0000] {override.py:1829} INFO - Created Permission View: can delete on DAG:example_task_group_decorator
[2024-06-27T14:36:32.778+0000] {logging_mixin.py:188} INFO - [2024-06-27T14:36:32.777+0000] {override.py:1829} INFO - Created Permission View: can read on DAG:example_task_group_decorator
[2024-06-27T14:36:32.782+0000] {logging_mixin.py:188} INFO - [2024-06-27T14:36:32.781+0000] {dag.py:3096} INFO - Sync 1 DAGs
[2024-06-27T14:36:32.877+0000] {logging_mixin.py:188} INFO - [2024-06-27T14:36:32.876+0000] {dag.py:3118} INFO - Creating ORM DAG for example_task_group_decorator
[2024-06-27T14:36:32.965+0000] {logging_mixin.py:188} INFO - [2024-06-27T14:36:32.964+0000] {dag.py:3954} INFO - Setting next_dagrun for example_task_group_decorator to 2024-06-26 00:00:00+00:00, run_after=2024-06-27 00:00:00+00:00
[2024-06-27T14:36:33.059+0000] {processor.py:183} INFO - Processing /home/airflow/.local/lib/python3.12/site-packages/airflow/example_dags/example_task_group_decorator.py took 2.163 seconds
[2024-06-27T14:37:03.894+0000] {processor.py:161} INFO - Started process (PID=102) to work on /home/airflow/.local/lib/python3.12/site-packages/airflow/example_dags/example_task_group_decorator.py
[2024-06-27T14:37:03.895+0000] {processor.py:830} INFO - Processing file /home/airflow/.local/lib/python3.12/site-packages/airflow/example_dags/example_task_group_decorator.py for tasks to queue
[2024-06-27T14:37:03.898+0000] {logging_mixin.py:188} INFO - [2024-06-27T14:37:03.898+0000] {dagbag.py:545} INFO - Filling up the DagBag from /home/airflow/.local/lib/python3.12/site-packages/airflow/example_dags/example_task_group_decorator.py
[2024-06-27T14:37:03.919+0000] {processor.py:840} INFO - DAG(s) 'example_task_group_decorator' retrieved from /home/airflow/.local/lib/python3.12/site-packages/airflow/example_dags/example_task_group_decorator.py
[2024-06-27T14:37:03.963+0000] {logging_mixin.py:188} INFO - [2024-06-27T14:37:03.962+0000] {dag.py:3096} INFO - Sync 1 DAGs
[2024-06-27T14:37:03.991+0000] {logging_mixin.py:188} INFO - [2024-06-27T14:37:03.990+0000] {dag.py:3954} INFO - Setting next_dagrun for example_task_group_decorator to 2024-06-26 00:00:00+00:00, run_after=2024-06-27 00:00:00+00:00
[2024-06-27T14:37:04.021+0000] {processor.py:183} INFO - Processing /home/airflow/.local/lib/python3.12/site-packages/airflow/example_dags/example_task_group_decorator.py took 0.136 seconds
[2024-06-27T14:37:34.345+0000] {processor.py:161} INFO - Started process (PID=160) to work on /home/airflow/.local/lib/python3.12/site-packages/airflow/example_dags/example_task_group_decorator.py
[2024-06-27T14:37:34.347+0000] {processor.py:830} INFO - Processing file /home/airflow/.local/lib/python3.12/site-packages/airflow/example_dags/example_task_group_decorator.py for tasks to queue
[2024-06-27T14:37:34.351+0000] {logging_mixin.py:188} INFO - [2024-06-27T14:37:34.350+0000] {dagbag.py:545} INFO - Filling up the DagBag from /home/airflow/.local/lib/python3.12/site-packages/airflow/example_dags/example_task_group_decorator.py
[2024-06-27T14:37:34.377+0000] {processor.py:840} INFO - DAG(s) 'example_task_group_decorator' retrieved from /home/airflow/.local/lib/python3.12/site-packages/airflow/example_dags/example_task_group_decorator.py
[2024-06-27T14:37:34.424+0000] {logging_mixin.py:188} INFO - [2024-06-27T14:37:34.424+0000] {dag.py:3096} INFO - Sync 1 DAGs
[2024-06-27T14:37:34.468+0000] {logging_mixin.py:188} INFO - [2024-06-27T14:37:34.467+0000] {dag.py:3954} INFO - Setting next_dagrun for example_task_group_decorator to 2024-06-26 00:00:00+00:00, run_after=2024-06-27 00:00:00+00:00
[2024-06-27T14:37:34.501+0000] {processor.py:183} INFO - Processing /home/airflow/.local/lib/python3.12/site-packages/airflow/example_dags/example_task_group_decorator.py took 0.167 seconds
[2024-06-27T14:38:04.569+0000] {processor.py:161} INFO - Started process (PID=219) to work on /home/airflow/.local/lib/python3.12/site-packages/airflow/example_dags/example_task_group_decorator.py
[2024-06-27T14:38:04.571+0000] {processor.py:830} INFO - Processing file /home/airflow/.local/lib/python3.12/site-packages/airflow/example_dags/example_task_group_decorator.py for tasks to queue
[2024-06-27T14:38:04.575+0000] {logging_mixin.py:188} INFO - [2024-06-27T14:38:04.574+0000] {dagbag.py:545} INFO - Filling up the DagBag from /home/airflow/.local/lib/python3.12/site-packages/airflow/example_dags/example_task_group_decorator.py
[2024-06-27T14:38:04.595+0000] {processor.py:840} INFO - DAG(s) 'example_task_group_decorator' retrieved from /home/airflow/.local/lib/python3.12/site-packages/airflow/example_dags/example_task_group_decorator.py
[2024-06-27T14:38:04.636+0000] {logging_mixin.py:188} INFO - [2024-06-27T14:38:04.635+0000] {dag.py:3096} INFO - Sync 1 DAGs
[2024-06-27T14:38:04.670+0000] {logging_mixin.py:188} INFO - [2024-06-27T14:38:04.669+0000] {dag.py:3954} INFO - Setting next_dagrun for example_task_group_decorator to 2024-06-26 00:00:00+00:00, run_after=2024-06-27 00:00:00+00:00
[2024-06-27T14:38:04.700+0000] {processor.py:183} INFO - Processing /home/airflow/.local/lib/python3.12/site-packages/airflow/example_dags/example_task_group_decorator.py took 0.142 seconds
[2024-06-27T14:39:41.825+0000] {processor.py:161} INFO - Started process (PID=41) to work on /home/airflow/.local/lib/python3.12/site-packages/airflow/example_dags/example_task_group_decorator.py
[2024-06-27T14:39:41.828+0000] {processor.py:830} INFO - Processing file /home/airflow/.local/lib/python3.12/site-packages/airflow/example_dags/example_task_group_decorator.py for tasks to queue
[2024-06-27T14:39:41.832+0000] {logging_mixin.py:188} INFO - [2024-06-27T14:39:41.831+0000] {dagbag.py:545} INFO - Filling up the DagBag from /home/airflow/.local/lib/python3.12/site-packages/airflow/example_dags/example_task_group_decorator.py
[2024-06-27T14:39:41.860+0000] {processor.py:840} INFO - DAG(s) 'example_task_group_decorator' retrieved from /home/airflow/.local/lib/python3.12/site-packages/airflow/example_dags/example_task_group_decorator.py
[2024-06-27T14:39:42.085+0000] {logging_mixin.py:188} INFO - [2024-06-27T14:39:42.084+0000] {dag.py:3096} INFO - Sync 1 DAGs
[2024-06-27T14:39:42.126+0000] {logging_mixin.py:188} INFO - [2024-06-27T14:39:42.125+0000] {dag.py:3954} INFO - Setting next_dagrun for example_task_group_decorator to 2024-06-26 00:00:00+00:00, run_after=2024-06-27 00:00:00+00:00
[2024-06-27T14:39:42.162+0000] {processor.py:183} INFO - Processing /home/airflow/.local/lib/python3.12/site-packages/airflow/example_dags/example_task_group_decorator.py took 0.347 seconds
[2024-06-27T14:40:12.207+0000] {processor.py:161} INFO - Started process (PID=100) to work on /home/airflow/.local/lib/python3.12/site-packages/airflow/example_dags/example_task_group_decorator.py
[2024-06-27T14:40:12.209+0000] {processor.py:830} INFO - Processing file /home/airflow/.local/lib/python3.12/site-packages/airflow/example_dags/example_task_group_decorator.py for tasks to queue
[2024-06-27T14:40:12.212+0000] {logging_mixin.py:188} INFO - [2024-06-27T14:40:12.212+0000] {dagbag.py:545} INFO - Filling up the DagBag from /home/airflow/.local/lib/python3.12/site-packages/airflow/example_dags/example_task_group_decorator.py
[2024-06-27T14:40:12.231+0000] {processor.py:840} INFO - DAG(s) 'example_task_group_decorator' retrieved from /home/airflow/.local/lib/python3.12/site-packages/airflow/example_dags/example_task_group_decorator.py
[2024-06-27T14:40:12.266+0000] {logging_mixin.py:188} INFO - [2024-06-27T14:40:12.266+0000] {dag.py:3096} INFO - Sync 1 DAGs
[2024-06-27T14:40:12.294+0000] {logging_mixin.py:188} INFO - [2024-06-27T14:40:12.294+0000] {dag.py:3954} INFO - Setting next_dagrun for example_task_group_decorator to 2024-06-26 00:00:00+00:00, run_after=2024-06-27 00:00:00+00:00
[2024-06-27T14:40:12.324+0000] {processor.py:183} INFO - Processing /home/airflow/.local/lib/python3.12/site-packages/airflow/example_dags/example_task_group_decorator.py took 0.124 seconds
[2024-06-27T14:40:42.518+0000] {processor.py:161} INFO - Started process (PID=159) to work on /home/airflow/.local/lib/python3.12/site-packages/airflow/example_dags/example_task_group_decorator.py
[2024-06-27T14:40:42.520+0000] {processor.py:830} INFO - Processing file /home/airflow/.local/lib/python3.12/site-packages/airflow/example_dags/example_task_group_decorator.py for tasks to queue
[2024-06-27T14:40:42.523+0000] {logging_mixin.py:188} INFO - [2024-06-27T14:40:42.523+0000] {dagbag.py:545} INFO - Filling up the DagBag from /home/airflow/.local/lib/python3.12/site-packages/airflow/example_dags/example_task_group_decorator.py
[2024-06-27T14:40:42.542+0000] {processor.py:840} INFO - DAG(s) 'example_task_group_decorator' retrieved from /home/airflow/.local/lib/python3.12/site-packages/airflow/example_dags/example_task_group_decorator.py
[2024-06-27T14:40:42.573+0000] {logging_mixin.py:188} INFO - [2024-06-27T14:40:42.572+0000] {dag.py:3096} INFO - Sync 1 DAGs
[2024-06-27T14:40:42.599+0000] {logging_mixin.py:188} INFO - [2024-06-27T14:40:42.599+0000] {dag.py:3954} INFO - Setting next_dagrun for example_task_group_decorator to 2024-06-26 00:00:00+00:00, run_after=2024-06-27 00:00:00+00:00
[2024-06-27T14:40:42.626+0000] {processor.py:183} INFO - Processing /home/airflow/.local/lib/python3.12/site-packages/airflow/example_dags/example_task_group_decorator.py took 0.116 seconds
[2024-06-27T14:41:12.951+0000] {processor.py:161} INFO - Started process (PID=218) to work on /home/airflow/.local/lib/python3.12/site-packages/airflow/example_dags/example_task_group_decorator.py
[2024-06-27T14:41:12.953+0000] {processor.py:830} INFO - Processing file /home/airflow/.local/lib/python3.12/site-packages/airflow/example_dags/example_task_group_decorator.py for tasks to queue
[2024-06-27T14:41:12.956+0000] {logging_mixin.py:188} INFO - [2024-06-27T14:41:12.956+0000] {dagbag.py:545} INFO - Filling up the DagBag from /home/airflow/.local/lib/python3.12/site-packages/airflow/example_dags/example_task_group_decorator.py
[2024-06-27T14:41:12.975+0000] {processor.py:840} INFO - DAG(s) 'example_task_group_decorator' retrieved from /home/airflow/.local/lib/python3.12/site-packages/airflow/example_dags/example_task_group_decorator.py
[2024-06-27T14:41:13.013+0000] {logging_mixin.py:188} INFO - [2024-06-27T14:41:13.013+0000] {dag.py:3096} INFO - Sync 1 DAGs
[2024-06-27T14:41:13.042+0000] {logging_mixin.py:188} INFO - [2024-06-27T14:41:13.041+0000] {dag.py:3954} INFO - Setting next_dagrun for example_task_group_decorator to 2024-06-26 00:00:00+00:00, run_after=2024-06-27 00:00:00+00:00
[2024-06-27T14:41:13.072+0000] {processor.py:183} INFO - Processing /home/airflow/.local/lib/python3.12/site-packages/airflow/example_dags/example_task_group_decorator.py took 0.131 seconds
[2024-06-27T14:41:43.150+0000] {processor.py:161} INFO - Started process (PID=277) to work on /home/airflow/.local/lib/python3.12/site-packages/airflow/example_dags/example_task_group_decorator.py
[2024-06-27T14:41:43.151+0000] {processor.py:830} INFO - Processing file /home/airflow/.local/lib/python3.12/site-packages/airflow/example_dags/example_task_group_decorator.py for tasks to queue
[2024-06-27T14:41:43.154+0000] {logging_mixin.py:188} INFO - [2024-06-27T14:41:43.153+0000] {dagbag.py:545} INFO - Filling up the DagBag from /home/airflow/.local/lib/python3.12/site-packages/airflow/example_dags/example_task_group_decorator.py
[2024-06-27T14:41:43.171+0000] {processor.py:840} INFO - DAG(s) 'example_task_group_decorator' retrieved from /home/airflow/.local/lib/python3.12/site-packages/airflow/example_dags/example_task_group_decorator.py
[2024-06-27T14:41:43.204+0000] {logging_mixin.py:188} INFO - [2024-06-27T14:41:43.204+0000] {dag.py:3096} INFO - Sync 1 DAGs
[2024-06-27T14:41:43.233+0000] {logging_mixin.py:188} INFO - [2024-06-27T14:41:43.233+0000] {dag.py:3954} INFO - Setting next_dagrun for example_task_group_decorator to 2024-06-26 00:00:00+00:00, run_after=2024-06-27 00:00:00+00:00
[2024-06-27T14:41:43.260+0000] {processor.py:183} INFO - Processing /home/airflow/.local/lib/python3.12/site-packages/airflow/example_dags/example_task_group_decorator.py took 0.118 seconds
[2024-06-27T14:42:13.572+0000] {processor.py:161} INFO - Started process (PID=336) to work on /home/airflow/.local/lib/python3.12/site-packages/airflow/example_dags/example_task_group_decorator.py
[2024-06-27T14:42:13.574+0000] {processor.py:830} INFO - Processing file /home/airflow/.local/lib/python3.12/site-packages/airflow/example_dags/example_task_group_decorator.py for tasks to queue
[2024-06-27T14:42:13.577+0000] {logging_mixin.py:188} INFO - [2024-06-27T14:42:13.576+0000] {dagbag.py:545} INFO - Filling up the DagBag from /home/airflow/.local/lib/python3.12/site-packages/airflow/example_dags/example_task_group_decorator.py
[2024-06-27T14:42:13.594+0000] {processor.py:840} INFO - DAG(s) 'example_task_group_decorator' retrieved from /home/airflow/.local/lib/python3.12/site-packages/airflow/example_dags/example_task_group_decorator.py
[2024-06-27T14:42:13.630+0000] {logging_mixin.py:188} INFO - [2024-06-27T14:42:13.629+0000] {dag.py:3096} INFO - Sync 1 DAGs
[2024-06-27T14:42:13.658+0000] {logging_mixin.py:188} INFO - [2024-06-27T14:42:13.658+0000] {dag.py:3954} INFO - Setting next_dagrun for example_task_group_decorator to 2024-06-26 00:00:00+00:00, run_after=2024-06-27 00:00:00+00:00
[2024-06-27T14:42:13.685+0000] {processor.py:183} INFO - Processing /home/airflow/.local/lib/python3.12/site-packages/airflow/example_dags/example_task_group_decorator.py took 0.121 seconds
[2024-06-27T14:43:57.015+0000] {processor.py:161} INFO - Started process (PID=41) to work on /home/airflow/.local/lib/python3.12/site-packages/airflow/example_dags/example_task_group_decorator.py
[2024-06-27T14:43:57.018+0000] {processor.py:830} INFO - Processing file /home/airflow/.local/lib/python3.12/site-packages/airflow/example_dags/example_task_group_decorator.py for tasks to queue
[2024-06-27T14:43:57.023+0000] {logging_mixin.py:188} INFO - [2024-06-27T14:43:57.022+0000] {dagbag.py:545} INFO - Filling up the DagBag from /home/airflow/.local/lib/python3.12/site-packages/airflow/example_dags/example_task_group_decorator.py
[2024-06-27T14:43:57.063+0000] {processor.py:840} INFO - DAG(s) 'example_task_group_decorator' retrieved from /home/airflow/.local/lib/python3.12/site-packages/airflow/example_dags/example_task_group_decorator.py
[2024-06-27T14:43:57.373+0000] {logging_mixin.py:188} INFO - [2024-06-27T14:43:57.372+0000] {dag.py:3096} INFO - Sync 1 DAGs
[2024-06-27T14:43:57.441+0000] {logging_mixin.py:188} INFO - [2024-06-27T14:43:57.441+0000] {dag.py:3954} INFO - Setting next_dagrun for example_task_group_decorator to 2024-06-26 00:00:00+00:00, run_after=2024-06-27 00:00:00+00:00
[2024-06-27T14:43:57.498+0000] {processor.py:183} INFO - Processing /home/airflow/.local/lib/python3.12/site-packages/airflow/example_dags/example_task_group_decorator.py took 0.495 seconds
[2024-06-27T14:44:22.926+0000] {processor.py:161} INFO - Started process (PID=41) to work on /home/airflow/.local/lib/python3.12/site-packages/airflow/example_dags/example_task_group_decorator.py
[2024-06-27T14:44:22.929+0000] {processor.py:830} INFO - Processing file /home/airflow/.local/lib/python3.12/site-packages/airflow/example_dags/example_task_group_decorator.py for tasks to queue
[2024-06-27T14:44:22.934+0000] {logging_mixin.py:188} INFO - [2024-06-27T14:44:22.933+0000] {dagbag.py:545} INFO - Filling up the DagBag from /home/airflow/.local/lib/python3.12/site-packages/airflow/example_dags/example_task_group_decorator.py
[2024-06-27T14:44:22.982+0000] {processor.py:840} INFO - DAG(s) 'example_task_group_decorator' retrieved from /home/airflow/.local/lib/python3.12/site-packages/airflow/example_dags/example_task_group_decorator.py
[2024-06-27T14:44:23.013+0000] {logging_mixin.py:188} INFO - [2024-06-27T14:44:23.011+0000] {dag.py:3096} INFO - Sync 1 DAGs
[2024-06-27T14:44:23.062+0000] {logging_mixin.py:188} INFO - [2024-06-27T14:44:23.061+0000] {dag.py:3954} INFO - Setting next_dagrun for example_task_group_decorator to 2024-06-26 00:00:00+00:00, run_after=2024-06-27 00:00:00+00:00
[2024-06-27T14:44:23.105+0000] {processor.py:183} INFO - Processing /home/airflow/.local/lib/python3.12/site-packages/airflow/example_dags/example_task_group_decorator.py took 0.195 seconds
[2024-06-27T14:44:53.468+0000] {processor.py:161} INFO - Started process (PID=100) to work on /home/airflow/.local/lib/python3.12/site-packages/airflow/example_dags/example_task_group_decorator.py
[2024-06-27T14:44:53.471+0000] {processor.py:830} INFO - Processing file /home/airflow/.local/lib/python3.12/site-packages/airflow/example_dags/example_task_group_decorator.py for tasks to queue
[2024-06-27T14:44:53.476+0000] {logging_mixin.py:188} INFO - [2024-06-27T14:44:53.475+0000] {dagbag.py:545} INFO - Filling up the DagBag from /home/airflow/.local/lib/python3.12/site-packages/airflow/example_dags/example_task_group_decorator.py
[2024-06-27T14:44:53.521+0000] {processor.py:840} INFO - DAG(s) 'example_task_group_decorator' retrieved from /home/airflow/.local/lib/python3.12/site-packages/airflow/example_dags/example_task_group_decorator.py
[2024-06-27T14:44:53.576+0000] {logging_mixin.py:188} INFO - [2024-06-27T14:44:53.575+0000] {dag.py:3096} INFO - Sync 1 DAGs
[2024-06-27T14:44:53.622+0000] {logging_mixin.py:188} INFO - [2024-06-27T14:44:53.622+0000] {dag.py:3954} INFO - Setting next_dagrun for example_task_group_decorator to 2024-06-26 00:00:00+00:00, run_after=2024-06-27 00:00:00+00:00
[2024-06-27T14:44:53.654+0000] {processor.py:183} INFO - Processing /home/airflow/.local/lib/python3.12/site-packages/airflow/example_dags/example_task_group_decorator.py took 0.199 seconds
[2024-06-27T14:45:23.730+0000] {processor.py:161} INFO - Started process (PID=159) to work on /home/airflow/.local/lib/python3.12/site-packages/airflow/example_dags/example_task_group_decorator.py
[2024-06-27T14:45:23.732+0000] {processor.py:830} INFO - Processing file /home/airflow/.local/lib/python3.12/site-packages/airflow/example_dags/example_task_group_decorator.py for tasks to queue
[2024-06-27T14:45:23.735+0000] {logging_mixin.py:188} INFO - [2024-06-27T14:45:23.735+0000] {dagbag.py:545} INFO - Filling up the DagBag from /home/airflow/.local/lib/python3.12/site-packages/airflow/example_dags/example_task_group_decorator.py
[2024-06-27T14:45:23.757+0000] {processor.py:840} INFO - DAG(s) 'example_task_group_decorator' retrieved from /home/airflow/.local/lib/python3.12/site-packages/airflow/example_dags/example_task_group_decorator.py
[2024-06-27T14:45:23.795+0000] {logging_mixin.py:188} INFO - [2024-06-27T14:45:23.795+0000] {dag.py:3096} INFO - Sync 1 DAGs
[2024-06-27T14:45:23.827+0000] {logging_mixin.py:188} INFO - [2024-06-27T14:45:23.827+0000] {dag.py:3954} INFO - Setting next_dagrun for example_task_group_decorator to 2024-06-26 00:00:00+00:00, run_after=2024-06-27 00:00:00+00:00
[2024-06-27T14:45:23.856+0000] {processor.py:183} INFO - Processing /home/airflow/.local/lib/python3.12/site-packages/airflow/example_dags/example_task_group_decorator.py took 0.133 seconds
[2024-06-27T14:45:54.343+0000] {processor.py:161} INFO - Started process (PID=218) to work on /home/airflow/.local/lib/python3.12/site-packages/airflow/example_dags/example_task_group_decorator.py
[2024-06-27T14:45:54.347+0000] {processor.py:830} INFO - Processing file /home/airflow/.local/lib/python3.12/site-packages/airflow/example_dags/example_task_group_decorator.py for tasks to queue
[2024-06-27T14:45:54.350+0000] {logging_mixin.py:188} INFO - [2024-06-27T14:45:54.350+0000] {dagbag.py:545} INFO - Filling up the DagBag from /home/airflow/.local/lib/python3.12/site-packages/airflow/example_dags/example_task_group_decorator.py
[2024-06-27T14:45:54.380+0000] {processor.py:840} INFO - DAG(s) 'example_task_group_decorator' retrieved from /home/airflow/.local/lib/python3.12/site-packages/airflow/example_dags/example_task_group_decorator.py
[2024-06-27T14:45:54.435+0000] {logging_mixin.py:188} INFO - [2024-06-27T14:45:54.435+0000] {dag.py:3096} INFO - Sync 1 DAGs
[2024-06-27T14:45:54.481+0000] {logging_mixin.py:188} INFO - [2024-06-27T14:45:54.480+0000] {dag.py:3954} INFO - Setting next_dagrun for example_task_group_decorator to 2024-06-26 00:00:00+00:00, run_after=2024-06-27 00:00:00+00:00
[2024-06-27T14:45:54.521+0000] {processor.py:183} INFO - Processing /home/airflow/.local/lib/python3.12/site-packages/airflow/example_dags/example_task_group_decorator.py took 0.187 seconds
[2024-06-27T14:46:24.585+0000] {processor.py:161} INFO - Started process (PID=277) to work on /home/airflow/.local/lib/python3.12/site-packages/airflow/example_dags/example_task_group_decorator.py
[2024-06-27T14:46:24.587+0000] {processor.py:830} INFO - Processing file /home/airflow/.local/lib/python3.12/site-packages/airflow/example_dags/example_task_group_decorator.py for tasks to queue
[2024-06-27T14:46:24.590+0000] {logging_mixin.py:188} INFO - [2024-06-27T14:46:24.589+0000] {dagbag.py:545} INFO - Filling up the DagBag from /home/airflow/.local/lib/python3.12/site-packages/airflow/example_dags/example_task_group_decorator.py
[2024-06-27T14:46:24.614+0000] {processor.py:840} INFO - DAG(s) 'example_task_group_decorator' retrieved from /home/airflow/.local/lib/python3.12/site-packages/airflow/example_dags/example_task_group_decorator.py
[2024-06-27T14:46:24.649+0000] {logging_mixin.py:188} INFO - [2024-06-27T14:46:24.648+0000] {dag.py:3096} INFO - Sync 1 DAGs
[2024-06-27T14:46:24.680+0000] {logging_mixin.py:188} INFO - [2024-06-27T14:46:24.680+0000] {dag.py:3954} INFO - Setting next_dagrun for example_task_group_decorator to 2024-06-26 00:00:00+00:00, run_after=2024-06-27 00:00:00+00:00
[2024-06-27T14:46:24.706+0000] {processor.py:183} INFO - Processing /home/airflow/.local/lib/python3.12/site-packages/airflow/example_dags/example_task_group_decorator.py took 0.129 seconds
[2024-06-27T14:58:56.360+0000] {processor.py:161} INFO - Started process (PID=46) to work on /home/airflow/.local/lib/python3.12/site-packages/airflow/example_dags/example_task_group_decorator.py
[2024-06-27T14:58:56.363+0000] {processor.py:830} INFO - Processing file /home/airflow/.local/lib/python3.12/site-packages/airflow/example_dags/example_task_group_decorator.py for tasks to queue
[2024-06-27T14:58:56.368+0000] {logging_mixin.py:188} INFO - [2024-06-27T14:58:56.367+0000] {dagbag.py:545} INFO - Filling up the DagBag from /home/airflow/.local/lib/python3.12/site-packages/airflow/example_dags/example_task_group_decorator.py
[2024-06-27T14:58:56.412+0000] {processor.py:840} INFO - DAG(s) 'example_task_group_decorator' retrieved from /home/airflow/.local/lib/python3.12/site-packages/airflow/example_dags/example_task_group_decorator.py
[2024-06-27T14:58:56.445+0000] {logging_mixin.py:188} INFO - [2024-06-27T14:58:56.445+0000] {dag.py:3096} INFO - Sync 1 DAGs
[2024-06-27T14:58:56.508+0000] {logging_mixin.py:188} INFO - [2024-06-27T14:58:56.507+0000] {dag.py:3954} INFO - Setting next_dagrun for example_task_group_decorator to 2024-06-26 00:00:00+00:00, run_after=2024-06-27 00:00:00+00:00
[2024-06-27T14:58:56.564+0000] {processor.py:183} INFO - Processing /home/airflow/.local/lib/python3.12/site-packages/airflow/example_dags/example_task_group_decorator.py took 0.217 seconds
[2024-06-27T14:59:28.118+0000] {processor.py:161} INFO - Started process (PID=105) to work on /home/airflow/.local/lib/python3.12/site-packages/airflow/example_dags/example_task_group_decorator.py
[2024-06-27T14:59:28.120+0000] {processor.py:830} INFO - Processing file /home/airflow/.local/lib/python3.12/site-packages/airflow/example_dags/example_task_group_decorator.py for tasks to queue
[2024-06-27T14:59:28.123+0000] {logging_mixin.py:188} INFO - [2024-06-27T14:59:28.123+0000] {dagbag.py:545} INFO - Filling up the DagBag from /home/airflow/.local/lib/python3.12/site-packages/airflow/example_dags/example_task_group_decorator.py
[2024-06-27T14:59:28.142+0000] {processor.py:840} INFO - DAG(s) 'example_task_group_decorator' retrieved from /home/airflow/.local/lib/python3.12/site-packages/airflow/example_dags/example_task_group_decorator.py
[2024-06-27T14:59:28.279+0000] {logging_mixin.py:188} INFO - [2024-06-27T14:59:28.279+0000] {dag.py:3096} INFO - Sync 1 DAGs
[2024-06-27T14:59:28.312+0000] {logging_mixin.py:188} INFO - [2024-06-27T14:59:28.312+0000] {dag.py:3954} INFO - Setting next_dagrun for example_task_group_decorator to 2024-06-26 00:00:00+00:00, run_after=2024-06-27 00:00:00+00:00
[2024-06-27T14:59:28.341+0000] {processor.py:183} INFO - Processing /home/airflow/.local/lib/python3.12/site-packages/airflow/example_dags/example_task_group_decorator.py took 0.231 seconds
[2024-06-27T14:59:59.070+0000] {processor.py:161} INFO - Started process (PID=164) to work on /home/airflow/.local/lib/python3.12/site-packages/airflow/example_dags/example_task_group_decorator.py
[2024-06-27T14:59:59.072+0000] {processor.py:830} INFO - Processing file /home/airflow/.local/lib/python3.12/site-packages/airflow/example_dags/example_task_group_decorator.py for tasks to queue
[2024-06-27T14:59:59.076+0000] {logging_mixin.py:188} INFO - [2024-06-27T14:59:59.075+0000] {dagbag.py:545} INFO - Filling up the DagBag from /home/airflow/.local/lib/python3.12/site-packages/airflow/example_dags/example_task_group_decorator.py
[2024-06-27T14:59:59.097+0000] {processor.py:840} INFO - DAG(s) 'example_task_group_decorator' retrieved from /home/airflow/.local/lib/python3.12/site-packages/airflow/example_dags/example_task_group_decorator.py
[2024-06-27T14:59:59.131+0000] {logging_mixin.py:188} INFO - [2024-06-27T14:59:59.131+0000] {dag.py:3096} INFO - Sync 1 DAGs
[2024-06-27T14:59:59.161+0000] {logging_mixin.py:188} INFO - [2024-06-27T14:59:59.161+0000] {dag.py:3954} INFO - Setting next_dagrun for example_task_group_decorator to 2024-06-26 00:00:00+00:00, run_after=2024-06-27 00:00:00+00:00
[2024-06-27T14:59:59.195+0000] {processor.py:183} INFO - Processing /home/airflow/.local/lib/python3.12/site-packages/airflow/example_dags/example_task_group_decorator.py took 0.133 seconds
[2024-06-27T15:00:29.873+0000] {processor.py:161} INFO - Started process (PID=223) to work on /home/airflow/.local/lib/python3.12/site-packages/airflow/example_dags/example_task_group_decorator.py
[2024-06-27T15:00:29.874+0000] {processor.py:830} INFO - Processing file /home/airflow/.local/lib/python3.12/site-packages/airflow/example_dags/example_task_group_decorator.py for tasks to queue
[2024-06-27T15:00:29.878+0000] {logging_mixin.py:188} INFO - [2024-06-27T15:00:29.877+0000] {dagbag.py:545} INFO - Filling up the DagBag from /home/airflow/.local/lib/python3.12/site-packages/airflow/example_dags/example_task_group_decorator.py
[2024-06-27T15:00:29.899+0000] {processor.py:840} INFO - DAG(s) 'example_task_group_decorator' retrieved from /home/airflow/.local/lib/python3.12/site-packages/airflow/example_dags/example_task_group_decorator.py
[2024-06-27T15:00:29.934+0000] {logging_mixin.py:188} INFO - [2024-06-27T15:00:29.934+0000] {dag.py:3096} INFO - Sync 1 DAGs
[2024-06-27T15:00:29.965+0000] {logging_mixin.py:188} INFO - [2024-06-27T15:00:29.965+0000] {dag.py:3954} INFO - Setting next_dagrun for example_task_group_decorator to 2024-06-26 00:00:00+00:00, run_after=2024-06-27 00:00:00+00:00
[2024-06-27T15:00:29.995+0000] {processor.py:183} INFO - Processing /home/airflow/.local/lib/python3.12/site-packages/airflow/example_dags/example_task_group_decorator.py took 0.128 seconds
[2024-06-27T15:02:13.198+0000] {processor.py:161} INFO - Started process (PID=57) to work on /home/airflow/.local/lib/python3.12/site-packages/airflow/example_dags/example_task_group_decorator.py
[2024-06-27T15:02:13.203+0000] {processor.py:830} INFO - Processing file /home/airflow/.local/lib/python3.12/site-packages/airflow/example_dags/example_task_group_decorator.py for tasks to queue
[2024-06-27T15:02:13.212+0000] {logging_mixin.py:188} INFO - [2024-06-27T15:02:13.211+0000] {dagbag.py:545} INFO - Filling up the DagBag from /home/airflow/.local/lib/python3.12/site-packages/airflow/example_dags/example_task_group_decorator.py
[2024-06-27T15:02:13.266+0000] {processor.py:840} INFO - DAG(s) 'example_task_group_decorator' retrieved from /home/airflow/.local/lib/python3.12/site-packages/airflow/example_dags/example_task_group_decorator.py
[2024-06-27T15:02:13.582+0000] {logging_mixin.py:188} INFO - [2024-06-27T15:02:13.581+0000] {dag.py:3096} INFO - Sync 1 DAGs
[2024-06-27T15:02:13.632+0000] {logging_mixin.py:188} INFO - [2024-06-27T15:02:13.632+0000] {dag.py:3954} INFO - Setting next_dagrun for example_task_group_decorator to 2024-06-26 00:00:00+00:00, run_after=2024-06-27 00:00:00+00:00
[2024-06-27T15:02:13.678+0000] {processor.py:183} INFO - Processing /home/airflow/.local/lib/python3.12/site-packages/airflow/example_dags/example_task_group_decorator.py took 0.495 seconds
[2024-06-27T15:02:44.350+0000] {processor.py:161} INFO - Started process (PID=125) to work on /home/airflow/.local/lib/python3.12/site-packages/airflow/example_dags/example_task_group_decorator.py
[2024-06-27T15:02:44.352+0000] {processor.py:830} INFO - Processing file /home/airflow/.local/lib/python3.12/site-packages/airflow/example_dags/example_task_group_decorator.py for tasks to queue
[2024-06-27T15:02:44.355+0000] {logging_mixin.py:188} INFO - [2024-06-27T15:02:44.355+0000] {dagbag.py:545} INFO - Filling up the DagBag from /home/airflow/.local/lib/python3.12/site-packages/airflow/example_dags/example_task_group_decorator.py
[2024-06-27T15:02:44.377+0000] {processor.py:840} INFO - DAG(s) 'example_task_group_decorator' retrieved from /home/airflow/.local/lib/python3.12/site-packages/airflow/example_dags/example_task_group_decorator.py
[2024-06-27T15:02:44.413+0000] {logging_mixin.py:188} INFO - [2024-06-27T15:02:44.413+0000] {dag.py:3096} INFO - Sync 1 DAGs
[2024-06-27T15:02:44.447+0000] {logging_mixin.py:188} INFO - [2024-06-27T15:02:44.446+0000] {dag.py:3954} INFO - Setting next_dagrun for example_task_group_decorator to 2024-06-26 00:00:00+00:00, run_after=2024-06-27 00:00:00+00:00
[2024-06-27T15:02:44.482+0000] {processor.py:183} INFO - Processing /home/airflow/.local/lib/python3.12/site-packages/airflow/example_dags/example_task_group_decorator.py took 0.139 seconds
[2024-06-27T15:03:14.682+0000] {processor.py:161} INFO - Started process (PID=185) to work on /home/airflow/.local/lib/python3.12/site-packages/airflow/example_dags/example_task_group_decorator.py
[2024-06-27T15:03:14.683+0000] {processor.py:830} INFO - Processing file /home/airflow/.local/lib/python3.12/site-packages/airflow/example_dags/example_task_group_decorator.py for tasks to queue
[2024-06-27T15:03:14.686+0000] {logging_mixin.py:188} INFO - [2024-06-27T15:03:14.686+0000] {dagbag.py:545} INFO - Filling up the DagBag from /home/airflow/.local/lib/python3.12/site-packages/airflow/example_dags/example_task_group_decorator.py
[2024-06-27T15:03:14.705+0000] {processor.py:840} INFO - DAG(s) 'example_task_group_decorator' retrieved from /home/airflow/.local/lib/python3.12/site-packages/airflow/example_dags/example_task_group_decorator.py
[2024-06-27T15:03:14.762+0000] {logging_mixin.py:188} INFO - [2024-06-27T15:03:14.762+0000] {dag.py:3096} INFO - Sync 1 DAGs
[2024-06-27T15:03:14.816+0000] {logging_mixin.py:188} INFO - [2024-06-27T15:03:14.815+0000] {dag.py:3954} INFO - Setting next_dagrun for example_task_group_decorator to 2024-06-26 00:00:00+00:00, run_after=2024-06-27 00:00:00+00:00
[2024-06-27T15:03:14.868+0000] {processor.py:183} INFO - Processing /home/airflow/.local/lib/python3.12/site-packages/airflow/example_dags/example_task_group_decorator.py took 0.194 seconds
[2024-06-27T15:03:44.927+0000] {processor.py:161} INFO - Started process (PID=251) to work on /home/airflow/.local/lib/python3.12/site-packages/airflow/example_dags/example_task_group_decorator.py
[2024-06-27T15:03:44.929+0000] {processor.py:830} INFO - Processing file /home/airflow/.local/lib/python3.12/site-packages/airflow/example_dags/example_task_group_decorator.py for tasks to queue
[2024-06-27T15:03:44.933+0000] {logging_mixin.py:188} INFO - [2024-06-27T15:03:44.932+0000] {dagbag.py:545} INFO - Filling up the DagBag from /home/airflow/.local/lib/python3.12/site-packages/airflow/example_dags/example_task_group_decorator.py
[2024-06-27T15:03:44.957+0000] {processor.py:840} INFO - DAG(s) 'example_task_group_decorator' retrieved from /home/airflow/.local/lib/python3.12/site-packages/airflow/example_dags/example_task_group_decorator.py
[2024-06-27T15:03:45.010+0000] {logging_mixin.py:188} INFO - [2024-06-27T15:03:45.010+0000] {dag.py:3096} INFO - Sync 1 DAGs
[2024-06-27T15:03:45.072+0000] {logging_mixin.py:188} INFO - [2024-06-27T15:03:45.072+0000] {dag.py:3954} INFO - Setting next_dagrun for example_task_group_decorator to 2024-06-26 00:00:00+00:00, run_after=2024-06-27 00:00:00+00:00
[2024-06-27T15:03:45.118+0000] {processor.py:183} INFO - Processing /home/airflow/.local/lib/python3.12/site-packages/airflow/example_dags/example_task_group_decorator.py took 0.201 seconds
[2024-06-27T15:04:15.399+0000] {processor.py:161} INFO - Started process (PID=336) to work on /home/airflow/.local/lib/python3.12/site-packages/airflow/example_dags/example_task_group_decorator.py
[2024-06-27T15:04:15.403+0000] {processor.py:830} INFO - Processing file /home/airflow/.local/lib/python3.12/site-packages/airflow/example_dags/example_task_group_decorator.py for tasks to queue
[2024-06-27T15:04:15.408+0000] {logging_mixin.py:188} INFO - [2024-06-27T15:04:15.407+0000] {dagbag.py:545} INFO - Filling up the DagBag from /home/airflow/.local/lib/python3.12/site-packages/airflow/example_dags/example_task_group_decorator.py
[2024-06-27T15:04:15.476+0000] {processor.py:840} INFO - DAG(s) 'example_task_group_decorator' retrieved from /home/airflow/.local/lib/python3.12/site-packages/airflow/example_dags/example_task_group_decorator.py
[2024-06-27T15:04:15.624+0000] {logging_mixin.py:188} INFO - [2024-06-27T15:04:15.624+0000] {dag.py:3096} INFO - Sync 1 DAGs
[2024-06-27T15:04:15.759+0000] {logging_mixin.py:188} INFO - [2024-06-27T15:04:15.758+0000] {dag.py:3954} INFO - Setting next_dagrun for example_task_group_decorator to 2024-06-26 00:00:00+00:00, run_after=2024-06-27 00:00:00+00:00
[2024-06-27T15:04:15.871+0000] {processor.py:183} INFO - Processing /home/airflow/.local/lib/python3.12/site-packages/airflow/example_dags/example_task_group_decorator.py took 0.487 seconds
[2024-06-27T15:04:46.503+0000] {processor.py:161} INFO - Started process (PID=404) to work on /home/airflow/.local/lib/python3.12/site-packages/airflow/example_dags/example_task_group_decorator.py
[2024-06-27T15:04:46.508+0000] {processor.py:830} INFO - Processing file /home/airflow/.local/lib/python3.12/site-packages/airflow/example_dags/example_task_group_decorator.py for tasks to queue
[2024-06-27T15:04:46.517+0000] {logging_mixin.py:188} INFO - [2024-06-27T15:04:46.515+0000] {dagbag.py:545} INFO - Filling up the DagBag from /home/airflow/.local/lib/python3.12/site-packages/airflow/example_dags/example_task_group_decorator.py
[2024-06-27T15:04:46.604+0000] {processor.py:840} INFO - DAG(s) 'example_task_group_decorator' retrieved from /home/airflow/.local/lib/python3.12/site-packages/airflow/example_dags/example_task_group_decorator.py
[2024-06-27T15:04:46.780+0000] {logging_mixin.py:188} INFO - [2024-06-27T15:04:46.779+0000] {dag.py:3096} INFO - Sync 1 DAGs
[2024-06-27T15:04:46.944+0000] {logging_mixin.py:188} INFO - [2024-06-27T15:04:46.943+0000] {dag.py:3954} INFO - Setting next_dagrun for example_task_group_decorator to 2024-06-26 00:00:00+00:00, run_after=2024-06-27 00:00:00+00:00
[2024-06-27T15:04:47.074+0000] {processor.py:183} INFO - Processing /home/airflow/.local/lib/python3.12/site-packages/airflow/example_dags/example_task_group_decorator.py took 0.598 seconds
[2024-06-27T15:05:17.614+0000] {processor.py:161} INFO - Started process (PID=494) to work on /home/airflow/.local/lib/python3.12/site-packages/airflow/example_dags/example_task_group_decorator.py
[2024-06-27T15:05:17.617+0000] {processor.py:830} INFO - Processing file /home/airflow/.local/lib/python3.12/site-packages/airflow/example_dags/example_task_group_decorator.py for tasks to queue
[2024-06-27T15:05:17.624+0000] {logging_mixin.py:188} INFO - [2024-06-27T15:05:17.623+0000] {dagbag.py:545} INFO - Filling up the DagBag from /home/airflow/.local/lib/python3.12/site-packages/airflow/example_dags/example_task_group_decorator.py
[2024-06-27T15:05:17.717+0000] {processor.py:840} INFO - DAG(s) 'example_task_group_decorator' retrieved from /home/airflow/.local/lib/python3.12/site-packages/airflow/example_dags/example_task_group_decorator.py
[2024-06-27T15:05:17.832+0000] {logging_mixin.py:188} INFO - [2024-06-27T15:05:17.831+0000] {dag.py:3096} INFO - Sync 1 DAGs
[2024-06-27T15:05:17.944+0000] {logging_mixin.py:188} INFO - [2024-06-27T15:05:17.940+0000] {dag.py:3954} INFO - Setting next_dagrun for example_task_group_decorator to 2024-06-26 00:00:00+00:00, run_after=2024-06-27 00:00:00+00:00
[2024-06-27T15:05:18.019+0000] {processor.py:183} INFO - Processing /home/airflow/.local/lib/python3.12/site-packages/airflow/example_dags/example_task_group_decorator.py took 0.429 seconds
[2024-06-27T15:05:48.105+0000] {processor.py:161} INFO - Started process (PID=571) to work on /home/airflow/.local/lib/python3.12/site-packages/airflow/example_dags/example_task_group_decorator.py
[2024-06-27T15:05:48.107+0000] {processor.py:830} INFO - Processing file /home/airflow/.local/lib/python3.12/site-packages/airflow/example_dags/example_task_group_decorator.py for tasks to queue
[2024-06-27T15:05:48.112+0000] {logging_mixin.py:188} INFO - [2024-06-27T15:05:48.112+0000] {dagbag.py:545} INFO - Filling up the DagBag from /home/airflow/.local/lib/python3.12/site-packages/airflow/example_dags/example_task_group_decorator.py
[2024-06-27T15:05:48.163+0000] {processor.py:840} INFO - DAG(s) 'example_task_group_decorator' retrieved from /home/airflow/.local/lib/python3.12/site-packages/airflow/example_dags/example_task_group_decorator.py
[2024-06-27T15:05:48.246+0000] {logging_mixin.py:188} INFO - [2024-06-27T15:05:48.245+0000] {dag.py:3096} INFO - Sync 1 DAGs
[2024-06-27T15:05:48.313+0000] {logging_mixin.py:188} INFO - [2024-06-27T15:05:48.313+0000] {dag.py:3954} INFO - Setting next_dagrun for example_task_group_decorator to 2024-06-26 00:00:00+00:00, run_after=2024-06-27 00:00:00+00:00
[2024-06-27T15:05:48.354+0000] {processor.py:183} INFO - Processing /home/airflow/.local/lib/python3.12/site-packages/airflow/example_dags/example_task_group_decorator.py took 0.264 seconds
[2024-06-27T15:06:20.932+0000] {processor.py:161} INFO - Started process (PID=653) to work on /home/airflow/.local/lib/python3.12/site-packages/airflow/example_dags/example_task_group_decorator.py
[2024-06-27T15:06:20.936+0000] {processor.py:830} INFO - Processing file /home/airflow/.local/lib/python3.12/site-packages/airflow/example_dags/example_task_group_decorator.py for tasks to queue
[2024-06-27T15:06:20.947+0000] {logging_mixin.py:188} INFO - [2024-06-27T15:06:20.946+0000] {dagbag.py:545} INFO - Filling up the DagBag from /home/airflow/.local/lib/python3.12/site-packages/airflow/example_dags/example_task_group_decorator.py
[2024-06-27T15:06:21.039+0000] {processor.py:840} INFO - DAG(s) 'example_task_group_decorator' retrieved from /home/airflow/.local/lib/python3.12/site-packages/airflow/example_dags/example_task_group_decorator.py
[2024-06-27T15:06:21.166+0000] {logging_mixin.py:188} INFO - [2024-06-27T15:06:21.165+0000] {dag.py:3096} INFO - Sync 1 DAGs
[2024-06-27T15:06:21.267+0000] {logging_mixin.py:188} INFO - [2024-06-27T15:06:21.266+0000] {dag.py:3954} INFO - Setting next_dagrun for example_task_group_decorator to 2024-06-26 00:00:00+00:00, run_after=2024-06-27 00:00:00+00:00
[2024-06-27T15:06:21.352+0000] {processor.py:183} INFO - Processing /home/airflow/.local/lib/python3.12/site-packages/airflow/example_dags/example_task_group_decorator.py took 0.444 seconds
[2024-06-27T15:06:55.534+0000] {processor.py:161} INFO - Started process (PID=740) to work on /home/airflow/.local/lib/python3.12/site-packages/airflow/example_dags/example_task_group_decorator.py
[2024-06-27T15:06:55.541+0000] {processor.py:830} INFO - Processing file /home/airflow/.local/lib/python3.12/site-packages/airflow/example_dags/example_task_group_decorator.py for tasks to queue
[2024-06-27T15:06:55.554+0000] {logging_mixin.py:188} INFO - [2024-06-27T15:06:55.551+0000] {dagbag.py:545} INFO - Filling up the DagBag from /home/airflow/.local/lib/python3.12/site-packages/airflow/example_dags/example_task_group_decorator.py
[2024-06-27T15:06:55.679+0000] {processor.py:840} INFO - DAG(s) 'example_task_group_decorator' retrieved from /home/airflow/.local/lib/python3.12/site-packages/airflow/example_dags/example_task_group_decorator.py
[2024-06-27T15:06:55.950+0000] {logging_mixin.py:188} INFO - [2024-06-27T15:06:55.949+0000] {dag.py:3096} INFO - Sync 1 DAGs
[2024-06-27T15:06:56.109+0000] {logging_mixin.py:188} INFO - [2024-06-27T15:06:56.108+0000] {dag.py:3954} INFO - Setting next_dagrun for example_task_group_decorator to 2024-06-26 00:00:00+00:00, run_after=2024-06-27 00:00:00+00:00
[2024-06-27T15:06:56.249+0000] {processor.py:183} INFO - Processing /home/airflow/.local/lib/python3.12/site-packages/airflow/example_dags/example_task_group_decorator.py took 0.781 seconds
[2024-06-27T15:07:26.360+0000] {processor.py:161} INFO - Started process (PID=815) to work on /home/airflow/.local/lib/python3.12/site-packages/airflow/example_dags/example_task_group_decorator.py
[2024-06-27T15:07:26.363+0000] {processor.py:830} INFO - Processing file /home/airflow/.local/lib/python3.12/site-packages/airflow/example_dags/example_task_group_decorator.py for tasks to queue
[2024-06-27T15:07:26.371+0000] {logging_mixin.py:188} INFO - [2024-06-27T15:07:26.370+0000] {dagbag.py:545} INFO - Filling up the DagBag from /home/airflow/.local/lib/python3.12/site-packages/airflow/example_dags/example_task_group_decorator.py
[2024-06-27T15:07:26.458+0000] {processor.py:840} INFO - DAG(s) 'example_task_group_decorator' retrieved from /home/airflow/.local/lib/python3.12/site-packages/airflow/example_dags/example_task_group_decorator.py
[2024-06-27T15:07:26.585+0000] {logging_mixin.py:188} INFO - [2024-06-27T15:07:26.584+0000] {dag.py:3096} INFO - Sync 1 DAGs
[2024-06-27T15:07:26.680+0000] {logging_mixin.py:188} INFO - [2024-06-27T15:07:26.679+0000] {dag.py:3954} INFO - Setting next_dagrun for example_task_group_decorator to 2024-06-26 00:00:00+00:00, run_after=2024-06-27 00:00:00+00:00
[2024-06-27T15:07:26.761+0000] {processor.py:183} INFO - Processing /home/airflow/.local/lib/python3.12/site-packages/airflow/example_dags/example_task_group_decorator.py took 0.427 seconds
