[2024-06-27T14:36:43.583+0000] {processor.py:161} INFO - Started process (PID=70) to work on /home/airflow/.local/lib/python3.12/site-packages/airflow/example_dags/example_xcom.py
[2024-06-27T14:36:43.586+0000] {processor.py:830} INFO - Processing file /home/airflow/.local/lib/python3.12/site-packages/airflow/example_dags/example_xcom.py for tasks to queue
[2024-06-27T14:36:43.589+0000] {logging_mixin.py:188} INFO - [2024-06-27T14:36:43.589+0000] {dagbag.py:545} INFO - Filling up the DagBag from /home/airflow/.local/lib/python3.12/site-packages/airflow/example_dags/example_xcom.py
[2024-06-27T14:36:43.612+0000] {processor.py:840} INFO - DAG(s) 'example_xcom' retrieved from /home/airflow/.local/lib/python3.12/site-packages/airflow/example_dags/example_xcom.py
[2024-06-27T14:36:43.854+0000] {logging_mixin.py:188} INFO - [2024-06-27T14:36:43.854+0000] {override.py:1829} INFO - Created Permission View: can edit on DAG:example_xcom
[2024-06-27T14:36:43.876+0000] {logging_mixin.py:188} INFO - [2024-06-27T14:36:43.875+0000] {override.py:1829} INFO - Created Permission View: can delete on DAG:example_xcom
[2024-06-27T14:36:43.891+0000] {logging_mixin.py:188} INFO - [2024-06-27T14:36:43.890+0000] {override.py:1829} INFO - Created Permission View: can read on DAG:example_xcom
[2024-06-27T14:36:43.892+0000] {logging_mixin.py:188} INFO - [2024-06-27T14:36:43.892+0000] {dag.py:3096} INFO - Sync 1 DAGs
[2024-06-27T14:36:43.914+0000] {logging_mixin.py:188} INFO - [2024-06-27T14:36:43.914+0000] {dag.py:3118} INFO - Creating ORM DAG for example_xcom
[2024-06-27T14:36:43.936+0000] {logging_mixin.py:188} INFO - [2024-06-27T14:36:43.936+0000] {dag.py:3954} INFO - Setting next_dagrun for example_xcom to 2021-01-01 00:00:00+00:00, run_after=2021-01-01 00:00:00+00:00
[2024-06-27T14:36:43.969+0000] {processor.py:183} INFO - Processing /home/airflow/.local/lib/python3.12/site-packages/airflow/example_dags/example_xcom.py took 0.396 seconds
[2024-06-27T14:37:14.046+0000] {processor.py:161} INFO - Started process (PID=128) to work on /home/airflow/.local/lib/python3.12/site-packages/airflow/example_dags/example_xcom.py
[2024-06-27T14:37:14.048+0000] {processor.py:830} INFO - Processing file /home/airflow/.local/lib/python3.12/site-packages/airflow/example_dags/example_xcom.py for tasks to queue
[2024-06-27T14:37:14.051+0000] {logging_mixin.py:188} INFO - [2024-06-27T14:37:14.051+0000] {dagbag.py:545} INFO - Filling up the DagBag from /home/airflow/.local/lib/python3.12/site-packages/airflow/example_dags/example_xcom.py
[2024-06-27T14:37:14.063+0000] {processor.py:840} INFO - DAG(s) 'example_xcom' retrieved from /home/airflow/.local/lib/python3.12/site-packages/airflow/example_dags/example_xcom.py
[2024-06-27T14:37:14.094+0000] {logging_mixin.py:188} INFO - [2024-06-27T14:37:14.093+0000] {dag.py:3096} INFO - Sync 1 DAGs
[2024-06-27T14:37:14.128+0000] {logging_mixin.py:188} INFO - [2024-06-27T14:37:14.127+0000] {dag.py:3954} INFO - Setting next_dagrun for example_xcom to 2021-01-01 00:00:00+00:00, run_after=2021-01-01 00:00:00+00:00
[2024-06-27T14:37:14.160+0000] {processor.py:183} INFO - Processing /home/airflow/.local/lib/python3.12/site-packages/airflow/example_dags/example_xcom.py took 0.122 seconds
[2024-06-27T14:37:44.840+0000] {processor.py:161} INFO - Started process (PID=186) to work on /home/airflow/.local/lib/python3.12/site-packages/airflow/example_dags/example_xcom.py
[2024-06-27T14:37:44.841+0000] {processor.py:830} INFO - Processing file /home/airflow/.local/lib/python3.12/site-packages/airflow/example_dags/example_xcom.py for tasks to queue
[2024-06-27T14:37:44.844+0000] {logging_mixin.py:188} INFO - [2024-06-27T14:37:44.844+0000] {dagbag.py:545} INFO - Filling up the DagBag from /home/airflow/.local/lib/python3.12/site-packages/airflow/example_dags/example_xcom.py
[2024-06-27T14:37:44.855+0000] {processor.py:840} INFO - DAG(s) 'example_xcom' retrieved from /home/airflow/.local/lib/python3.12/site-packages/airflow/example_dags/example_xcom.py
[2024-06-27T14:37:44.888+0000] {logging_mixin.py:188} INFO - [2024-06-27T14:37:44.888+0000] {dag.py:3096} INFO - Sync 1 DAGs
[2024-06-27T14:37:44.920+0000] {logging_mixin.py:188} INFO - [2024-06-27T14:37:44.919+0000] {dag.py:3954} INFO - Setting next_dagrun for example_xcom to 2021-01-01 00:00:00+00:00, run_after=2021-01-01 00:00:00+00:00
[2024-06-27T14:37:44.951+0000] {processor.py:183} INFO - Processing /home/airflow/.local/lib/python3.12/site-packages/airflow/example_dags/example_xcom.py took 0.119 seconds
[2024-06-27T14:38:15.793+0000] {processor.py:161} INFO - Started process (PID=245) to work on /home/airflow/.local/lib/python3.12/site-packages/airflow/example_dags/example_xcom.py
[2024-06-27T14:38:15.794+0000] {processor.py:830} INFO - Processing file /home/airflow/.local/lib/python3.12/site-packages/airflow/example_dags/example_xcom.py for tasks to queue
[2024-06-27T14:38:15.798+0000] {logging_mixin.py:188} INFO - [2024-06-27T14:38:15.797+0000] {dagbag.py:545} INFO - Filling up the DagBag from /home/airflow/.local/lib/python3.12/site-packages/airflow/example_dags/example_xcom.py
[2024-06-27T14:38:15.808+0000] {processor.py:840} INFO - DAG(s) 'example_xcom' retrieved from /home/airflow/.local/lib/python3.12/site-packages/airflow/example_dags/example_xcom.py
[2024-06-27T14:38:15.835+0000] {logging_mixin.py:188} INFO - [2024-06-27T14:38:15.835+0000] {dag.py:3096} INFO - Sync 1 DAGs
[2024-06-27T14:38:15.859+0000] {logging_mixin.py:188} INFO - [2024-06-27T14:38:15.859+0000] {dag.py:3954} INFO - Setting next_dagrun for example_xcom to 2021-01-01 00:00:00+00:00, run_after=2021-01-01 00:00:00+00:00
[2024-06-27T14:38:15.884+0000] {processor.py:183} INFO - Processing /home/airflow/.local/lib/python3.12/site-packages/airflow/example_dags/example_xcom.py took 0.098 seconds
[2024-06-27T14:39:51.208+0000] {processor.py:161} INFO - Started process (PID=73) to work on /home/airflow/.local/lib/python3.12/site-packages/airflow/example_dags/example_xcom.py
[2024-06-27T14:39:51.213+0000] {processor.py:830} INFO - Processing file /home/airflow/.local/lib/python3.12/site-packages/airflow/example_dags/example_xcom.py for tasks to queue
[2024-06-27T14:39:51.221+0000] {logging_mixin.py:188} INFO - [2024-06-27T14:39:51.220+0000] {dagbag.py:545} INFO - Filling up the DagBag from /home/airflow/.local/lib/python3.12/site-packages/airflow/example_dags/example_xcom.py
[2024-06-27T14:39:51.260+0000] {processor.py:840} INFO - DAG(s) 'example_xcom' retrieved from /home/airflow/.local/lib/python3.12/site-packages/airflow/example_dags/example_xcom.py
[2024-06-27T14:39:51.879+0000] {logging_mixin.py:188} INFO - [2024-06-27T14:39:51.878+0000] {dag.py:3096} INFO - Sync 1 DAGs
[2024-06-27T14:39:51.973+0000] {logging_mixin.py:188} INFO - [2024-06-27T14:39:51.971+0000] {dag.py:3954} INFO - Setting next_dagrun for example_xcom to 2021-01-01 00:00:00+00:00, run_after=2021-01-01 00:00:00+00:00
[2024-06-27T14:39:52.061+0000] {processor.py:183} INFO - Processing /home/airflow/.local/lib/python3.12/site-packages/airflow/example_dags/example_xcom.py took 0.881 seconds
[2024-06-27T14:40:22.874+0000] {processor.py:161} INFO - Started process (PID=132) to work on /home/airflow/.local/lib/python3.12/site-packages/airflow/example_dags/example_xcom.py
[2024-06-27T14:40:22.875+0000] {processor.py:830} INFO - Processing file /home/airflow/.local/lib/python3.12/site-packages/airflow/example_dags/example_xcom.py for tasks to queue
[2024-06-27T14:40:22.879+0000] {logging_mixin.py:188} INFO - [2024-06-27T14:40:22.878+0000] {dagbag.py:545} INFO - Filling up the DagBag from /home/airflow/.local/lib/python3.12/site-packages/airflow/example_dags/example_xcom.py
[2024-06-27T14:40:22.891+0000] {processor.py:840} INFO - DAG(s) 'example_xcom' retrieved from /home/airflow/.local/lib/python3.12/site-packages/airflow/example_dags/example_xcom.py
[2024-06-27T14:40:22.931+0000] {logging_mixin.py:188} INFO - [2024-06-27T14:40:22.931+0000] {dag.py:3096} INFO - Sync 1 DAGs
[2024-06-27T14:40:22.968+0000] {logging_mixin.py:188} INFO - [2024-06-27T14:40:22.968+0000] {dag.py:3954} INFO - Setting next_dagrun for example_xcom to 2021-01-01 00:00:00+00:00, run_after=2021-01-01 00:00:00+00:00
[2024-06-27T14:40:22.999+0000] {processor.py:183} INFO - Processing /home/airflow/.local/lib/python3.12/site-packages/airflow/example_dags/example_xcom.py took 0.135 seconds
[2024-06-27T14:40:53.325+0000] {processor.py:161} INFO - Started process (PID=191) to work on /home/airflow/.local/lib/python3.12/site-packages/airflow/example_dags/example_xcom.py
[2024-06-27T14:40:53.327+0000] {processor.py:830} INFO - Processing file /home/airflow/.local/lib/python3.12/site-packages/airflow/example_dags/example_xcom.py for tasks to queue
[2024-06-27T14:40:53.329+0000] {logging_mixin.py:188} INFO - [2024-06-27T14:40:53.329+0000] {dagbag.py:545} INFO - Filling up the DagBag from /home/airflow/.local/lib/python3.12/site-packages/airflow/example_dags/example_xcom.py
[2024-06-27T14:40:53.339+0000] {processor.py:840} INFO - DAG(s) 'example_xcom' retrieved from /home/airflow/.local/lib/python3.12/site-packages/airflow/example_dags/example_xcom.py
[2024-06-27T14:40:53.368+0000] {logging_mixin.py:188} INFO - [2024-06-27T14:40:53.368+0000] {dag.py:3096} INFO - Sync 1 DAGs
[2024-06-27T14:40:53.397+0000] {logging_mixin.py:188} INFO - [2024-06-27T14:40:53.396+0000] {dag.py:3954} INFO - Setting next_dagrun for example_xcom to 2021-01-01 00:00:00+00:00, run_after=2021-01-01 00:00:00+00:00
[2024-06-27T14:40:53.426+0000] {processor.py:183} INFO - Processing /home/airflow/.local/lib/python3.12/site-packages/airflow/example_dags/example_xcom.py took 0.110 seconds
[2024-06-27T14:41:23.659+0000] {processor.py:161} INFO - Started process (PID=250) to work on /home/airflow/.local/lib/python3.12/site-packages/airflow/example_dags/example_xcom.py
[2024-06-27T14:41:23.662+0000] {processor.py:830} INFO - Processing file /home/airflow/.local/lib/python3.12/site-packages/airflow/example_dags/example_xcom.py for tasks to queue
[2024-06-27T14:41:23.664+0000] {logging_mixin.py:188} INFO - [2024-06-27T14:41:23.664+0000] {dagbag.py:545} INFO - Filling up the DagBag from /home/airflow/.local/lib/python3.12/site-packages/airflow/example_dags/example_xcom.py
[2024-06-27T14:41:23.678+0000] {processor.py:840} INFO - DAG(s) 'example_xcom' retrieved from /home/airflow/.local/lib/python3.12/site-packages/airflow/example_dags/example_xcom.py
[2024-06-27T14:41:23.708+0000] {logging_mixin.py:188} INFO - [2024-06-27T14:41:23.708+0000] {dag.py:3096} INFO - Sync 1 DAGs
[2024-06-27T14:41:23.743+0000] {logging_mixin.py:188} INFO - [2024-06-27T14:41:23.743+0000] {dag.py:3954} INFO - Setting next_dagrun for example_xcom to 2021-01-01 00:00:00+00:00, run_after=2021-01-01 00:00:00+00:00
[2024-06-27T14:41:23.772+0000] {processor.py:183} INFO - Processing /home/airflow/.local/lib/python3.12/site-packages/airflow/example_dags/example_xcom.py took 0.122 seconds
[2024-06-27T14:41:53.954+0000] {processor.py:161} INFO - Started process (PID=309) to work on /home/airflow/.local/lib/python3.12/site-packages/airflow/example_dags/example_xcom.py
[2024-06-27T14:41:53.956+0000] {processor.py:830} INFO - Processing file /home/airflow/.local/lib/python3.12/site-packages/airflow/example_dags/example_xcom.py for tasks to queue
[2024-06-27T14:41:53.959+0000] {logging_mixin.py:188} INFO - [2024-06-27T14:41:53.959+0000] {dagbag.py:545} INFO - Filling up the DagBag from /home/airflow/.local/lib/python3.12/site-packages/airflow/example_dags/example_xcom.py
[2024-06-27T14:41:53.971+0000] {processor.py:840} INFO - DAG(s) 'example_xcom' retrieved from /home/airflow/.local/lib/python3.12/site-packages/airflow/example_dags/example_xcom.py
[2024-06-27T14:41:54.001+0000] {logging_mixin.py:188} INFO - [2024-06-27T14:41:54.001+0000] {dag.py:3096} INFO - Sync 1 DAGs
[2024-06-27T14:41:54.031+0000] {logging_mixin.py:188} INFO - [2024-06-27T14:41:54.030+0000] {dag.py:3954} INFO - Setting next_dagrun for example_xcom to 2021-01-01 00:00:00+00:00, run_after=2021-01-01 00:00:00+00:00
[2024-06-27T14:41:54.062+0000] {processor.py:183} INFO - Processing /home/airflow/.local/lib/python3.12/site-packages/airflow/example_dags/example_xcom.py took 0.116 seconds
[2024-06-27T14:42:24.300+0000] {processor.py:161} INFO - Started process (PID=368) to work on /home/airflow/.local/lib/python3.12/site-packages/airflow/example_dags/example_xcom.py
[2024-06-27T14:42:24.302+0000] {processor.py:830} INFO - Processing file /home/airflow/.local/lib/python3.12/site-packages/airflow/example_dags/example_xcom.py for tasks to queue
[2024-06-27T14:42:24.304+0000] {logging_mixin.py:188} INFO - [2024-06-27T14:42:24.304+0000] {dagbag.py:545} INFO - Filling up the DagBag from /home/airflow/.local/lib/python3.12/site-packages/airflow/example_dags/example_xcom.py
[2024-06-27T14:42:24.315+0000] {processor.py:840} INFO - DAG(s) 'example_xcom' retrieved from /home/airflow/.local/lib/python3.12/site-packages/airflow/example_dags/example_xcom.py
[2024-06-27T14:42:24.345+0000] {logging_mixin.py:188} INFO - [2024-06-27T14:42:24.344+0000] {dag.py:3096} INFO - Sync 1 DAGs
[2024-06-27T14:42:24.373+0000] {logging_mixin.py:188} INFO - [2024-06-27T14:42:24.373+0000] {dag.py:3954} INFO - Setting next_dagrun for example_xcom to 2021-01-01 00:00:00+00:00, run_after=2021-01-01 00:00:00+00:00
[2024-06-27T14:42:24.401+0000] {processor.py:183} INFO - Processing /home/airflow/.local/lib/python3.12/site-packages/airflow/example_dags/example_xcom.py took 0.110 seconds
[2024-06-27T14:44:27.498+0000] {processor.py:161} INFO - Started process (PID=67) to work on /home/airflow/.local/lib/python3.12/site-packages/airflow/example_dags/example_xcom.py
[2024-06-27T14:44:27.502+0000] {processor.py:830} INFO - Processing file /home/airflow/.local/lib/python3.12/site-packages/airflow/example_dags/example_xcom.py for tasks to queue
[2024-06-27T14:44:27.507+0000] {logging_mixin.py:188} INFO - [2024-06-27T14:44:27.506+0000] {dagbag.py:545} INFO - Filling up the DagBag from /home/airflow/.local/lib/python3.12/site-packages/airflow/example_dags/example_xcom.py
[2024-06-27T14:44:27.531+0000] {processor.py:840} INFO - DAG(s) 'example_xcom' retrieved from /home/airflow/.local/lib/python3.12/site-packages/airflow/example_dags/example_xcom.py
[2024-06-27T14:44:27.917+0000] {logging_mixin.py:188} INFO - [2024-06-27T14:44:27.916+0000] {dag.py:3096} INFO - Sync 1 DAGs
[2024-06-27T14:44:27.978+0000] {logging_mixin.py:188} INFO - [2024-06-27T14:44:27.977+0000] {dag.py:3954} INFO - Setting next_dagrun for example_xcom to 2021-01-01 00:00:00+00:00, run_after=2021-01-01 00:00:00+00:00
[2024-06-27T14:44:28.024+0000] {processor.py:183} INFO - Processing /home/airflow/.local/lib/python3.12/site-packages/airflow/example_dags/example_xcom.py took 0.543 seconds
[2024-06-27T14:44:58.067+0000] {processor.py:161} INFO - Started process (PID=126) to work on /home/airflow/.local/lib/python3.12/site-packages/airflow/example_dags/example_xcom.py
[2024-06-27T14:44:58.070+0000] {processor.py:830} INFO - Processing file /home/airflow/.local/lib/python3.12/site-packages/airflow/example_dags/example_xcom.py for tasks to queue
[2024-06-27T14:44:58.075+0000] {logging_mixin.py:188} INFO - [2024-06-27T14:44:58.074+0000] {dagbag.py:545} INFO - Filling up the DagBag from /home/airflow/.local/lib/python3.12/site-packages/airflow/example_dags/example_xcom.py
[2024-06-27T14:44:58.088+0000] {processor.py:840} INFO - DAG(s) 'example_xcom' retrieved from /home/airflow/.local/lib/python3.12/site-packages/airflow/example_dags/example_xcom.py
[2024-06-27T14:44:58.118+0000] {logging_mixin.py:188} INFO - [2024-06-27T14:44:58.117+0000] {dag.py:3096} INFO - Sync 1 DAGs
[2024-06-27T14:44:58.146+0000] {logging_mixin.py:188} INFO - [2024-06-27T14:44:58.146+0000] {dag.py:3954} INFO - Setting next_dagrun for example_xcom to 2021-01-01 00:00:00+00:00, run_after=2021-01-01 00:00:00+00:00
[2024-06-27T14:44:58.175+0000] {processor.py:183} INFO - Processing /home/airflow/.local/lib/python3.12/site-packages/airflow/example_dags/example_xcom.py took 0.116 seconds
[2024-06-27T14:45:28.260+0000] {processor.py:161} INFO - Started process (PID=185) to work on /home/airflow/.local/lib/python3.12/site-packages/airflow/example_dags/example_xcom.py
[2024-06-27T14:45:28.261+0000] {processor.py:830} INFO - Processing file /home/airflow/.local/lib/python3.12/site-packages/airflow/example_dags/example_xcom.py for tasks to queue
[2024-06-27T14:45:28.265+0000] {logging_mixin.py:188} INFO - [2024-06-27T14:45:28.265+0000] {dagbag.py:545} INFO - Filling up the DagBag from /home/airflow/.local/lib/python3.12/site-packages/airflow/example_dags/example_xcom.py
[2024-06-27T14:45:28.275+0000] {processor.py:840} INFO - DAG(s) 'example_xcom' retrieved from /home/airflow/.local/lib/python3.12/site-packages/airflow/example_dags/example_xcom.py
[2024-06-27T14:45:28.318+0000] {logging_mixin.py:188} INFO - [2024-06-27T14:45:28.318+0000] {dag.py:3096} INFO - Sync 1 DAGs
[2024-06-27T14:45:28.344+0000] {logging_mixin.py:188} INFO - [2024-06-27T14:45:28.344+0000] {dag.py:3954} INFO - Setting next_dagrun for example_xcom to 2021-01-01 00:00:00+00:00, run_after=2021-01-01 00:00:00+00:00
[2024-06-27T14:45:28.375+0000] {processor.py:183} INFO - Processing /home/airflow/.local/lib/python3.12/site-packages/airflow/example_dags/example_xcom.py took 0.122 seconds
[2024-06-27T14:45:58.599+0000] {processor.py:161} INFO - Started process (PID=244) to work on /home/airflow/.local/lib/python3.12/site-packages/airflow/example_dags/example_xcom.py
[2024-06-27T14:45:58.601+0000] {processor.py:830} INFO - Processing file /home/airflow/.local/lib/python3.12/site-packages/airflow/example_dags/example_xcom.py for tasks to queue
[2024-06-27T14:45:58.603+0000] {logging_mixin.py:188} INFO - [2024-06-27T14:45:58.603+0000] {dagbag.py:545} INFO - Filling up the DagBag from /home/airflow/.local/lib/python3.12/site-packages/airflow/example_dags/example_xcom.py
[2024-06-27T14:45:58.614+0000] {processor.py:840} INFO - DAG(s) 'example_xcom' retrieved from /home/airflow/.local/lib/python3.12/site-packages/airflow/example_dags/example_xcom.py
[2024-06-27T14:45:58.647+0000] {logging_mixin.py:188} INFO - [2024-06-27T14:45:58.646+0000] {dag.py:3096} INFO - Sync 1 DAGs
[2024-06-27T14:45:58.687+0000] {logging_mixin.py:188} INFO - [2024-06-27T14:45:58.686+0000] {dag.py:3954} INFO - Setting next_dagrun for example_xcom to 2021-01-01 00:00:00+00:00, run_after=2021-01-01 00:00:00+00:00
[2024-06-27T14:45:58.717+0000] {processor.py:183} INFO - Processing /home/airflow/.local/lib/python3.12/site-packages/airflow/example_dags/example_xcom.py took 0.126 seconds
[2024-06-27T14:46:28.879+0000] {processor.py:161} INFO - Started process (PID=303) to work on /home/airflow/.local/lib/python3.12/site-packages/airflow/example_dags/example_xcom.py
[2024-06-27T14:46:28.881+0000] {processor.py:830} INFO - Processing file /home/airflow/.local/lib/python3.12/site-packages/airflow/example_dags/example_xcom.py for tasks to queue
[2024-06-27T14:46:28.884+0000] {logging_mixin.py:188} INFO - [2024-06-27T14:46:28.884+0000] {dagbag.py:545} INFO - Filling up the DagBag from /home/airflow/.local/lib/python3.12/site-packages/airflow/example_dags/example_xcom.py
[2024-06-27T14:46:28.895+0000] {processor.py:840} INFO - DAG(s) 'example_xcom' retrieved from /home/airflow/.local/lib/python3.12/site-packages/airflow/example_dags/example_xcom.py
[2024-06-27T14:46:28.932+0000] {logging_mixin.py:188} INFO - [2024-06-27T14:46:28.932+0000] {dag.py:3096} INFO - Sync 1 DAGs
[2024-06-27T14:46:28.962+0000] {logging_mixin.py:188} INFO - [2024-06-27T14:46:28.962+0000] {dag.py:3954} INFO - Setting next_dagrun for example_xcom to 2021-01-01 00:00:00+00:00, run_after=2021-01-01 00:00:00+00:00
[2024-06-27T14:46:28.991+0000] {processor.py:183} INFO - Processing /home/airflow/.local/lib/python3.12/site-packages/airflow/example_dags/example_xcom.py took 0.122 seconds
[2024-06-27T14:59:01.025+0000] {processor.py:161} INFO - Started process (PID=72) to work on /home/airflow/.local/lib/python3.12/site-packages/airflow/example_dags/example_xcom.py
[2024-06-27T14:59:01.028+0000] {processor.py:830} INFO - Processing file /home/airflow/.local/lib/python3.12/site-packages/airflow/example_dags/example_xcom.py for tasks to queue
[2024-06-27T14:59:01.033+0000] {logging_mixin.py:188} INFO - [2024-06-27T14:59:01.032+0000] {dagbag.py:545} INFO - Filling up the DagBag from /home/airflow/.local/lib/python3.12/site-packages/airflow/example_dags/example_xcom.py
[2024-06-27T14:59:01.055+0000] {processor.py:840} INFO - DAG(s) 'example_xcom' retrieved from /home/airflow/.local/lib/python3.12/site-packages/airflow/example_dags/example_xcom.py
[2024-06-27T14:59:01.090+0000] {logging_mixin.py:188} INFO - [2024-06-27T14:59:01.090+0000] {dag.py:3096} INFO - Sync 1 DAGs
[2024-06-27T14:59:01.148+0000] {logging_mixin.py:188} INFO - [2024-06-27T14:59:01.147+0000] {dag.py:3954} INFO - Setting next_dagrun for example_xcom to 2021-01-01 00:00:00+00:00, run_after=2021-01-01 00:00:00+00:00
[2024-06-27T14:59:01.199+0000] {processor.py:183} INFO - Processing /home/airflow/.local/lib/python3.12/site-packages/airflow/example_dags/example_xcom.py took 0.190 seconds
[2024-06-27T14:59:33.173+0000] {processor.py:161} INFO - Started process (PID=131) to work on /home/airflow/.local/lib/python3.12/site-packages/airflow/example_dags/example_xcom.py
[2024-06-27T14:59:33.177+0000] {processor.py:830} INFO - Processing file /home/airflow/.local/lib/python3.12/site-packages/airflow/example_dags/example_xcom.py for tasks to queue
[2024-06-27T14:59:33.184+0000] {logging_mixin.py:188} INFO - [2024-06-27T14:59:33.183+0000] {dagbag.py:545} INFO - Filling up the DagBag from /home/airflow/.local/lib/python3.12/site-packages/airflow/example_dags/example_xcom.py
[2024-06-27T14:59:33.222+0000] {processor.py:840} INFO - DAG(s) 'example_xcom' retrieved from /home/airflow/.local/lib/python3.12/site-packages/airflow/example_dags/example_xcom.py
[2024-06-27T14:59:33.519+0000] {logging_mixin.py:188} INFO - [2024-06-27T14:59:33.518+0000] {dag.py:3096} INFO - Sync 1 DAGs
[2024-06-27T14:59:33.565+0000] {logging_mixin.py:188} INFO - [2024-06-27T14:59:33.564+0000] {dag.py:3954} INFO - Setting next_dagrun for example_xcom to 2021-01-01 00:00:00+00:00, run_after=2021-01-01 00:00:00+00:00
[2024-06-27T14:59:33.606+0000] {processor.py:183} INFO - Processing /home/airflow/.local/lib/python3.12/site-packages/airflow/example_dags/example_xcom.py took 0.459 seconds
[2024-06-27T15:00:04.231+0000] {processor.py:161} INFO - Started process (PID=190) to work on /home/airflow/.local/lib/python3.12/site-packages/airflow/example_dags/example_xcom.py
[2024-06-27T15:00:04.232+0000] {processor.py:830} INFO - Processing file /home/airflow/.local/lib/python3.12/site-packages/airflow/example_dags/example_xcom.py for tasks to queue
[2024-06-27T15:00:04.236+0000] {logging_mixin.py:188} INFO - [2024-06-27T15:00:04.235+0000] {dagbag.py:545} INFO - Filling up the DagBag from /home/airflow/.local/lib/python3.12/site-packages/airflow/example_dags/example_xcom.py
[2024-06-27T15:00:04.245+0000] {processor.py:840} INFO - DAG(s) 'example_xcom' retrieved from /home/airflow/.local/lib/python3.12/site-packages/airflow/example_dags/example_xcom.py
[2024-06-27T15:00:04.277+0000] {logging_mixin.py:188} INFO - [2024-06-27T15:00:04.277+0000] {dag.py:3096} INFO - Sync 1 DAGs
[2024-06-27T15:00:04.309+0000] {logging_mixin.py:188} INFO - [2024-06-27T15:00:04.309+0000] {dag.py:3954} INFO - Setting next_dagrun for example_xcom to 2021-01-01 00:00:00+00:00, run_after=2021-01-01 00:00:00+00:00
[2024-06-27T15:00:04.339+0000] {processor.py:183} INFO - Processing /home/airflow/.local/lib/python3.12/site-packages/airflow/example_dags/example_xcom.py took 0.115 seconds
[2024-06-27T15:00:35.585+0000] {processor.py:161} INFO - Started process (PID=249) to work on /home/airflow/.local/lib/python3.12/site-packages/airflow/example_dags/example_xcom.py
[2024-06-27T15:00:35.586+0000] {processor.py:830} INFO - Processing file /home/airflow/.local/lib/python3.12/site-packages/airflow/example_dags/example_xcom.py for tasks to queue
[2024-06-27T15:00:35.590+0000] {logging_mixin.py:188} INFO - [2024-06-27T15:00:35.589+0000] {dagbag.py:545} INFO - Filling up the DagBag from /home/airflow/.local/lib/python3.12/site-packages/airflow/example_dags/example_xcom.py
[2024-06-27T15:00:35.604+0000] {processor.py:840} INFO - DAG(s) 'example_xcom' retrieved from /home/airflow/.local/lib/python3.12/site-packages/airflow/example_dags/example_xcom.py
[2024-06-27T15:00:35.648+0000] {logging_mixin.py:188} INFO - [2024-06-27T15:00:35.647+0000] {dag.py:3096} INFO - Sync 1 DAGs
[2024-06-27T15:00:35.690+0000] {logging_mixin.py:188} INFO - [2024-06-27T15:00:35.689+0000] {dag.py:3954} INFO - Setting next_dagrun for example_xcom to 2021-01-01 00:00:00+00:00, run_after=2021-01-01 00:00:00+00:00
[2024-06-27T15:00:35.733+0000] {processor.py:183} INFO - Processing /home/airflow/.local/lib/python3.12/site-packages/airflow/example_dags/example_xcom.py took 0.163 seconds
[2024-06-27T15:02:19.588+0000] {processor.py:161} INFO - Started process (PID=83) to work on /home/airflow/.local/lib/python3.12/site-packages/airflow/example_dags/example_xcom.py
[2024-06-27T15:02:19.590+0000] {processor.py:830} INFO - Processing file /home/airflow/.local/lib/python3.12/site-packages/airflow/example_dags/example_xcom.py for tasks to queue
[2024-06-27T15:02:19.593+0000] {logging_mixin.py:188} INFO - [2024-06-27T15:02:19.593+0000] {dagbag.py:545} INFO - Filling up the DagBag from /home/airflow/.local/lib/python3.12/site-packages/airflow/example_dags/example_xcom.py
[2024-06-27T15:02:19.608+0000] {processor.py:840} INFO - DAG(s) 'example_xcom' retrieved from /home/airflow/.local/lib/python3.12/site-packages/airflow/example_dags/example_xcom.py
[2024-06-27T15:02:19.796+0000] {logging_mixin.py:188} INFO - [2024-06-27T15:02:19.796+0000] {dag.py:3096} INFO - Sync 1 DAGs
[2024-06-27T15:02:19.836+0000] {logging_mixin.py:188} INFO - [2024-06-27T15:02:19.835+0000] {dag.py:3954} INFO - Setting next_dagrun for example_xcom to 2021-01-01 00:00:00+00:00, run_after=2021-01-01 00:00:00+00:00
[2024-06-27T15:02:19.873+0000] {processor.py:183} INFO - Processing /home/airflow/.local/lib/python3.12/site-packages/airflow/example_dags/example_xcom.py took 0.293 seconds
[2024-06-27T15:02:50.734+0000] {processor.py:161} INFO - Started process (PID=151) to work on /home/airflow/.local/lib/python3.12/site-packages/airflow/example_dags/example_xcom.py
[2024-06-27T15:02:50.736+0000] {processor.py:830} INFO - Processing file /home/airflow/.local/lib/python3.12/site-packages/airflow/example_dags/example_xcom.py for tasks to queue
[2024-06-27T15:02:50.751+0000] {logging_mixin.py:188} INFO - [2024-06-27T15:02:50.750+0000] {dagbag.py:545} INFO - Filling up the DagBag from /home/airflow/.local/lib/python3.12/site-packages/airflow/example_dags/example_xcom.py
[2024-06-27T15:02:50.765+0000] {processor.py:840} INFO - DAG(s) 'example_xcom' retrieved from /home/airflow/.local/lib/python3.12/site-packages/airflow/example_dags/example_xcom.py
[2024-06-27T15:02:50.808+0000] {logging_mixin.py:188} INFO - [2024-06-27T15:02:50.808+0000] {dag.py:3096} INFO - Sync 1 DAGs
[2024-06-27T15:02:50.856+0000] {logging_mixin.py:188} INFO - [2024-06-27T15:02:50.856+0000] {dag.py:3954} INFO - Setting next_dagrun for example_xcom to 2021-01-01 00:00:00+00:00, run_after=2021-01-01 00:00:00+00:00
[2024-06-27T15:02:50.898+0000] {processor.py:183} INFO - Processing /home/airflow/.local/lib/python3.12/site-packages/airflow/example_dags/example_xcom.py took 0.177 seconds
[2024-06-27T15:03:21.094+0000] {processor.py:161} INFO - Started process (PID=219) to work on /home/airflow/.local/lib/python3.12/site-packages/airflow/example_dags/example_xcom.py
[2024-06-27T15:03:21.096+0000] {processor.py:830} INFO - Processing file /home/airflow/.local/lib/python3.12/site-packages/airflow/example_dags/example_xcom.py for tasks to queue
[2024-06-27T15:03:21.098+0000] {logging_mixin.py:188} INFO - [2024-06-27T15:03:21.098+0000] {dagbag.py:545} INFO - Filling up the DagBag from /home/airflow/.local/lib/python3.12/site-packages/airflow/example_dags/example_xcom.py
[2024-06-27T15:03:21.107+0000] {processor.py:840} INFO - DAG(s) 'example_xcom' retrieved from /home/airflow/.local/lib/python3.12/site-packages/airflow/example_dags/example_xcom.py
[2024-06-27T15:03:21.138+0000] {logging_mixin.py:188} INFO - [2024-06-27T15:03:21.137+0000] {dag.py:3096} INFO - Sync 1 DAGs
[2024-06-27T15:03:21.164+0000] {logging_mixin.py:188} INFO - [2024-06-27T15:03:21.164+0000] {dag.py:3954} INFO - Setting next_dagrun for example_xcom to 2021-01-01 00:00:00+00:00, run_after=2021-01-01 00:00:00+00:00
[2024-06-27T15:03:21.192+0000] {processor.py:183} INFO - Processing /home/airflow/.local/lib/python3.12/site-packages/airflow/example_dags/example_xcom.py took 0.105 seconds
[2024-06-27T15:04:00.216+0000] {processor.py:161} INFO - Started process (PID=287) to work on /home/airflow/.local/lib/python3.12/site-packages/airflow/example_dags/example_xcom.py
[2024-06-27T15:04:00.221+0000] {processor.py:830} INFO - Processing file /home/airflow/.local/lib/python3.12/site-packages/airflow/example_dags/example_xcom.py for tasks to queue
[2024-06-27T15:04:00.225+0000] {logging_mixin.py:188} INFO - [2024-06-27T15:04:00.225+0000] {dagbag.py:545} INFO - Filling up the DagBag from /home/airflow/.local/lib/python3.12/site-packages/airflow/example_dags/example_xcom.py
[2024-06-27T15:04:00.262+0000] {processor.py:840} INFO - DAG(s) 'example_xcom' retrieved from /home/airflow/.local/lib/python3.12/site-packages/airflow/example_dags/example_xcom.py
[2024-06-27T15:04:00.452+0000] {logging_mixin.py:188} INFO - [2024-06-27T15:04:00.451+0000] {dag.py:3096} INFO - Sync 1 DAGs
[2024-06-27T15:04:00.543+0000] {logging_mixin.py:188} INFO - [2024-06-27T15:04:00.542+0000] {dag.py:3954} INFO - Setting next_dagrun for example_xcom to 2021-01-01 00:00:00+00:00, run_after=2021-01-01 00:00:00+00:00
[2024-06-27T15:04:00.608+0000] {processor.py:183} INFO - Processing /home/airflow/.local/lib/python3.12/site-packages/airflow/example_dags/example_xcom.py took 0.421 seconds
[2024-06-27T15:04:31.480+0000] {processor.py:161} INFO - Started process (PID=372) to work on /home/airflow/.local/lib/python3.12/site-packages/airflow/example_dags/example_xcom.py
[2024-06-27T15:04:31.483+0000] {processor.py:830} INFO - Processing file /home/airflow/.local/lib/python3.12/site-packages/airflow/example_dags/example_xcom.py for tasks to queue
[2024-06-27T15:04:31.495+0000] {logging_mixin.py:188} INFO - [2024-06-27T15:04:31.494+0000] {dagbag.py:545} INFO - Filling up the DagBag from /home/airflow/.local/lib/python3.12/site-packages/airflow/example_dags/example_xcom.py
[2024-06-27T15:04:31.536+0000] {processor.py:840} INFO - DAG(s) 'example_xcom' retrieved from /home/airflow/.local/lib/python3.12/site-packages/airflow/example_dags/example_xcom.py
[2024-06-27T15:04:31.654+0000] {logging_mixin.py:188} INFO - [2024-06-27T15:04:31.653+0000] {dag.py:3096} INFO - Sync 1 DAGs
[2024-06-27T15:04:31.779+0000] {logging_mixin.py:188} INFO - [2024-06-27T15:04:31.778+0000] {dag.py:3954} INFO - Setting next_dagrun for example_xcom to 2021-01-01 00:00:00+00:00, run_after=2021-01-01 00:00:00+00:00
[2024-06-27T15:04:31.894+0000] {processor.py:183} INFO - Processing /home/airflow/.local/lib/python3.12/site-packages/airflow/example_dags/example_xcom.py took 0.445 seconds
[2024-06-27T15:05:04.561+0000] {processor.py:161} INFO - Started process (PID=444) to work on /home/airflow/.local/lib/python3.12/site-packages/airflow/example_dags/example_xcom.py
[2024-06-27T15:05:04.563+0000] {processor.py:830} INFO - Processing file /home/airflow/.local/lib/python3.12/site-packages/airflow/example_dags/example_xcom.py for tasks to queue
[2024-06-27T15:05:04.569+0000] {logging_mixin.py:188} INFO - [2024-06-27T15:05:04.568+0000] {dagbag.py:545} INFO - Filling up the DagBag from /home/airflow/.local/lib/python3.12/site-packages/airflow/example_dags/example_xcom.py
[2024-06-27T15:05:04.662+0000] {processor.py:840} INFO - DAG(s) 'example_xcom' retrieved from /home/airflow/.local/lib/python3.12/site-packages/airflow/example_dags/example_xcom.py
[2024-06-27T15:05:04.798+0000] {logging_mixin.py:188} INFO - [2024-06-27T15:05:04.797+0000] {dag.py:3096} INFO - Sync 1 DAGs
[2024-06-27T15:05:04.942+0000] {logging_mixin.py:188} INFO - [2024-06-27T15:05:04.941+0000] {dag.py:3954} INFO - Setting next_dagrun for example_xcom to 2021-01-01 00:00:00+00:00, run_after=2021-01-01 00:00:00+00:00
[2024-06-27T15:05:05.036+0000] {processor.py:183} INFO - Processing /home/airflow/.local/lib/python3.12/site-packages/airflow/example_dags/example_xcom.py took 0.490 seconds
[2024-06-27T15:05:37.107+0000] {processor.py:161} INFO - Started process (PID=534) to work on /home/airflow/.local/lib/python3.12/site-packages/airflow/example_dags/example_xcom.py
[2024-06-27T15:05:37.112+0000] {processor.py:830} INFO - Processing file /home/airflow/.local/lib/python3.12/site-packages/airflow/example_dags/example_xcom.py for tasks to queue
[2024-06-27T15:05:37.119+0000] {logging_mixin.py:188} INFO - [2024-06-27T15:05:37.117+0000] {dagbag.py:545} INFO - Filling up the DagBag from /home/airflow/.local/lib/python3.12/site-packages/airflow/example_dags/example_xcom.py
[2024-06-27T15:05:37.152+0000] {processor.py:840} INFO - DAG(s) 'example_xcom' retrieved from /home/airflow/.local/lib/python3.12/site-packages/airflow/example_dags/example_xcom.py
[2024-06-27T15:05:37.272+0000] {logging_mixin.py:188} INFO - [2024-06-27T15:05:37.271+0000] {dag.py:3096} INFO - Sync 1 DAGs
[2024-06-27T15:05:37.383+0000] {logging_mixin.py:188} INFO - [2024-06-27T15:05:37.381+0000] {dag.py:3954} INFO - Setting next_dagrun for example_xcom to 2021-01-01 00:00:00+00:00, run_after=2021-01-01 00:00:00+00:00
[2024-06-27T15:05:37.479+0000] {processor.py:183} INFO - Processing /home/airflow/.local/lib/python3.12/site-packages/airflow/example_dags/example_xcom.py took 0.395 seconds
[2024-06-27T15:06:08.753+0000] {processor.py:161} INFO - Started process (PID=607) to work on /home/airflow/.local/lib/python3.12/site-packages/airflow/example_dags/example_xcom.py
[2024-06-27T15:06:08.762+0000] {processor.py:830} INFO - Processing file /home/airflow/.local/lib/python3.12/site-packages/airflow/example_dags/example_xcom.py for tasks to queue
[2024-06-27T15:06:08.801+0000] {logging_mixin.py:188} INFO - [2024-06-27T15:06:08.791+0000] {dagbag.py:545} INFO - Filling up the DagBag from /home/airflow/.local/lib/python3.12/site-packages/airflow/example_dags/example_xcom.py
[2024-06-27T15:06:08.911+0000] {processor.py:840} INFO - DAG(s) 'example_xcom' retrieved from /home/airflow/.local/lib/python3.12/site-packages/airflow/example_dags/example_xcom.py
[2024-06-27T15:06:09.194+0000] {logging_mixin.py:188} INFO - [2024-06-27T15:06:09.193+0000] {dag.py:3096} INFO - Sync 1 DAGs
[2024-06-27T15:06:09.472+0000] {logging_mixin.py:188} INFO - [2024-06-27T15:06:09.459+0000] {dag.py:3954} INFO - Setting next_dagrun for example_xcom to 2021-01-01 00:00:00+00:00, run_after=2021-01-01 00:00:00+00:00
[2024-06-27T15:06:09.673+0000] {processor.py:183} INFO - Processing /home/airflow/.local/lib/python3.12/site-packages/airflow/example_dags/example_xcom.py took 1.038 seconds
[2024-06-27T15:06:40.398+0000] {processor.py:161} INFO - Started process (PID=683) to work on /home/airflow/.local/lib/python3.12/site-packages/airflow/example_dags/example_xcom.py
[2024-06-27T15:06:40.402+0000] {processor.py:830} INFO - Processing file /home/airflow/.local/lib/python3.12/site-packages/airflow/example_dags/example_xcom.py for tasks to queue
[2024-06-27T15:06:40.408+0000] {logging_mixin.py:188} INFO - [2024-06-27T15:06:40.407+0000] {dagbag.py:545} INFO - Filling up the DagBag from /home/airflow/.local/lib/python3.12/site-packages/airflow/example_dags/example_xcom.py
[2024-06-27T15:06:40.463+0000] {processor.py:840} INFO - DAG(s) 'example_xcom' retrieved from /home/airflow/.local/lib/python3.12/site-packages/airflow/example_dags/example_xcom.py
[2024-06-27T15:06:40.586+0000] {logging_mixin.py:188} INFO - [2024-06-27T15:06:40.583+0000] {dag.py:3096} INFO - Sync 1 DAGs
[2024-06-27T15:06:40.857+0000] {logging_mixin.py:188} INFO - [2024-06-27T15:06:40.848+0000] {dag.py:3954} INFO - Setting next_dagrun for example_xcom to 2021-01-01 00:00:00+00:00, run_after=2021-01-01 00:00:00+00:00
[2024-06-27T15:06:40.953+0000] {processor.py:183} INFO - Processing /home/airflow/.local/lib/python3.12/site-packages/airflow/example_dags/example_xcom.py took 0.586 seconds
[2024-06-27T15:07:11.889+0000] {processor.py:161} INFO - Started process (PID=768) to work on /home/airflow/.local/lib/python3.12/site-packages/airflow/example_dags/example_xcom.py
[2024-06-27T15:07:11.896+0000] {processor.py:830} INFO - Processing file /home/airflow/.local/lib/python3.12/site-packages/airflow/example_dags/example_xcom.py for tasks to queue
[2024-06-27T15:07:11.916+0000] {logging_mixin.py:188} INFO - [2024-06-27T15:07:11.914+0000] {dagbag.py:545} INFO - Filling up the DagBag from /home/airflow/.local/lib/python3.12/site-packages/airflow/example_dags/example_xcom.py
[2024-06-27T15:07:11.949+0000] {processor.py:840} INFO - DAG(s) 'example_xcom' retrieved from /home/airflow/.local/lib/python3.12/site-packages/airflow/example_dags/example_xcom.py
[2024-06-27T15:07:12.111+0000] {logging_mixin.py:188} INFO - [2024-06-27T15:07:12.110+0000] {dag.py:3096} INFO - Sync 1 DAGs
[2024-06-27T15:07:12.184+0000] {logging_mixin.py:188} INFO - [2024-06-27T15:07:12.183+0000] {dag.py:3954} INFO - Setting next_dagrun for example_xcom to 2021-01-01 00:00:00+00:00, run_after=2021-01-01 00:00:00+00:00
[2024-06-27T15:07:12.242+0000] {processor.py:183} INFO - Processing /home/airflow/.local/lib/python3.12/site-packages/airflow/example_dags/example_xcom.py took 0.390 seconds
[2024-06-27T15:07:42.846+0000] {processor.py:161} INFO - Started process (PID=858) to work on /home/airflow/.local/lib/python3.12/site-packages/airflow/example_dags/example_xcom.py
[2024-06-27T15:07:42.855+0000] {processor.py:830} INFO - Processing file /home/airflow/.local/lib/python3.12/site-packages/airflow/example_dags/example_xcom.py for tasks to queue
[2024-06-27T15:07:42.866+0000] {logging_mixin.py:188} INFO - [2024-06-27T15:07:42.865+0000] {dagbag.py:545} INFO - Filling up the DagBag from /home/airflow/.local/lib/python3.12/site-packages/airflow/example_dags/example_xcom.py
[2024-06-27T15:07:42.924+0000] {processor.py:840} INFO - DAG(s) 'example_xcom' retrieved from /home/airflow/.local/lib/python3.12/site-packages/airflow/example_dags/example_xcom.py
[2024-06-27T15:07:43.033+0000] {logging_mixin.py:188} INFO - [2024-06-27T15:07:43.028+0000] {dag.py:3096} INFO - Sync 1 DAGs
[2024-06-27T15:07:43.147+0000] {logging_mixin.py:188} INFO - [2024-06-27T15:07:43.146+0000] {dag.py:3954} INFO - Setting next_dagrun for example_xcom to 2021-01-01 00:00:00+00:00, run_after=2021-01-01 00:00:00+00:00
[2024-06-27T15:07:43.288+0000] {processor.py:183} INFO - Processing /home/airflow/.local/lib/python3.12/site-packages/airflow/example_dags/example_xcom.py took 0.466 seconds
