[2024-06-27T14:36:28.653+0000] {processor.py:161} INFO - Started process (PID=41) to work on /home/airflow/.local/lib/python3.12/site-packages/airflow/example_dags/example_branch_day_of_week_operator.py
[2024-06-27T14:36:28.657+0000] {processor.py:830} INFO - Processing file /home/airflow/.local/lib/python3.12/site-packages/airflow/example_dags/example_branch_day_of_week_operator.py for tasks to queue
[2024-06-27T14:36:28.666+0000] {logging_mixin.py:188} INFO - [2024-06-27T14:36:28.665+0000] {dagbag.py:545} INFO - Filling up the DagBag from /home/airflow/.local/lib/python3.12/site-packages/airflow/example_dags/example_branch_day_of_week_operator.py
[2024-06-27T14:36:28.741+0000] {processor.py:840} INFO - DAG(s) 'example_weekday_branch_operator' retrieved from /home/airflow/.local/lib/python3.12/site-packages/airflow/example_dags/example_branch_day_of_week_operator.py
[2024-06-27T14:36:29.583+0000] {logging_mixin.py:188} INFO - [2024-06-27T14:36:29.580+0000] {override.py:1829} INFO - Created Permission View: can edit on DAG:example_weekday_branch_operator
[2024-06-27T14:36:29.634+0000] {logging_mixin.py:188} INFO - [2024-06-27T14:36:29.633+0000] {override.py:1829} INFO - Created Permission View: can delete on DAG:example_weekday_branch_operator
[2024-06-27T14:36:29.669+0000] {logging_mixin.py:188} INFO - [2024-06-27T14:36:29.668+0000] {override.py:1829} INFO - Created Permission View: can read on DAG:example_weekday_branch_operator
[2024-06-27T14:36:29.673+0000] {logging_mixin.py:188} INFO - [2024-06-27T14:36:29.672+0000] {dag.py:3096} INFO - Sync 1 DAGs
[2024-06-27T14:36:29.724+0000] {logging_mixin.py:188} INFO - [2024-06-27T14:36:29.724+0000] {dag.py:3118} INFO - Creating ORM DAG for example_weekday_branch_operator
[2024-06-27T14:36:29.793+0000] {logging_mixin.py:188} INFO - [2024-06-27T14:36:29.791+0000] {dag.py:3954} INFO - Setting next_dagrun for example_weekday_branch_operator to 2024-06-26 00:00:00+00:00, run_after=2024-06-27 00:00:00+00:00
[2024-06-27T14:36:29.873+0000] {processor.py:183} INFO - Processing /home/airflow/.local/lib/python3.12/site-packages/airflow/example_dags/example_branch_day_of_week_operator.py took 1.257 seconds
[2024-06-27T14:37:00.580+0000] {processor.py:161} INFO - Started process (PID=99) to work on /home/airflow/.local/lib/python3.12/site-packages/airflow/example_dags/example_branch_day_of_week_operator.py
[2024-06-27T14:37:00.581+0000] {processor.py:830} INFO - Processing file /home/airflow/.local/lib/python3.12/site-packages/airflow/example_dags/example_branch_day_of_week_operator.py for tasks to queue
[2024-06-27T14:37:00.583+0000] {logging_mixin.py:188} INFO - [2024-06-27T14:37:00.583+0000] {dagbag.py:545} INFO - Filling up the DagBag from /home/airflow/.local/lib/python3.12/site-packages/airflow/example_dags/example_branch_day_of_week_operator.py
[2024-06-27T14:37:00.593+0000] {processor.py:840} INFO - DAG(s) 'example_weekday_branch_operator' retrieved from /home/airflow/.local/lib/python3.12/site-packages/airflow/example_dags/example_branch_day_of_week_operator.py
[2024-06-27T14:37:00.629+0000] {logging_mixin.py:188} INFO - [2024-06-27T14:37:00.629+0000] {dag.py:3096} INFO - Sync 1 DAGs
[2024-06-27T14:37:00.669+0000] {logging_mixin.py:188} INFO - [2024-06-27T14:37:00.669+0000] {dag.py:3954} INFO - Setting next_dagrun for example_weekday_branch_operator to 2024-06-26 00:00:00+00:00, run_after=2024-06-27 00:00:00+00:00
[2024-06-27T14:37:00.700+0000] {processor.py:183} INFO - Processing /home/airflow/.local/lib/python3.12/site-packages/airflow/example_dags/example_branch_day_of_week_operator.py took 0.127 seconds
[2024-06-27T14:37:31.155+0000] {processor.py:161} INFO - Started process (PID=157) to work on /home/airflow/.local/lib/python3.12/site-packages/airflow/example_dags/example_branch_day_of_week_operator.py
[2024-06-27T14:37:31.156+0000] {processor.py:830} INFO - Processing file /home/airflow/.local/lib/python3.12/site-packages/airflow/example_dags/example_branch_day_of_week_operator.py for tasks to queue
[2024-06-27T14:37:31.159+0000] {logging_mixin.py:188} INFO - [2024-06-27T14:37:31.159+0000] {dagbag.py:545} INFO - Filling up the DagBag from /home/airflow/.local/lib/python3.12/site-packages/airflow/example_dags/example_branch_day_of_week_operator.py
[2024-06-27T14:37:31.169+0000] {processor.py:840} INFO - DAG(s) 'example_weekday_branch_operator' retrieved from /home/airflow/.local/lib/python3.12/site-packages/airflow/example_dags/example_branch_day_of_week_operator.py
[2024-06-27T14:37:31.201+0000] {logging_mixin.py:188} INFO - [2024-06-27T14:37:31.200+0000] {dag.py:3096} INFO - Sync 1 DAGs
[2024-06-27T14:37:31.226+0000] {logging_mixin.py:188} INFO - [2024-06-27T14:37:31.226+0000] {dag.py:3954} INFO - Setting next_dagrun for example_weekday_branch_operator to 2024-06-26 00:00:00+00:00, run_after=2024-06-27 00:00:00+00:00
[2024-06-27T14:37:31.252+0000] {processor.py:183} INFO - Processing /home/airflow/.local/lib/python3.12/site-packages/airflow/example_dags/example_branch_day_of_week_operator.py took 0.106 seconds
[2024-06-27T14:38:01.348+0000] {processor.py:161} INFO - Started process (PID=216) to work on /home/airflow/.local/lib/python3.12/site-packages/airflow/example_dags/example_branch_day_of_week_operator.py
[2024-06-27T14:38:01.349+0000] {processor.py:830} INFO - Processing file /home/airflow/.local/lib/python3.12/site-packages/airflow/example_dags/example_branch_day_of_week_operator.py for tasks to queue
[2024-06-27T14:38:01.352+0000] {logging_mixin.py:188} INFO - [2024-06-27T14:38:01.352+0000] {dagbag.py:545} INFO - Filling up the DagBag from /home/airflow/.local/lib/python3.12/site-packages/airflow/example_dags/example_branch_day_of_week_operator.py
[2024-06-27T14:38:01.362+0000] {processor.py:840} INFO - DAG(s) 'example_weekday_branch_operator' retrieved from /home/airflow/.local/lib/python3.12/site-packages/airflow/example_dags/example_branch_day_of_week_operator.py
[2024-06-27T14:38:01.392+0000] {logging_mixin.py:188} INFO - [2024-06-27T14:38:01.392+0000] {dag.py:3096} INFO - Sync 1 DAGs
[2024-06-27T14:38:01.421+0000] {logging_mixin.py:188} INFO - [2024-06-27T14:38:01.420+0000] {dag.py:3954} INFO - Setting next_dagrun for example_weekday_branch_operator to 2024-06-26 00:00:00+00:00, run_after=2024-06-27 00:00:00+00:00
[2024-06-27T14:38:01.450+0000] {processor.py:183} INFO - Processing /home/airflow/.local/lib/python3.12/site-packages/airflow/example_dags/example_branch_day_of_week_operator.py took 0.109 seconds
[2024-06-27T14:39:41.177+0000] {processor.py:161} INFO - Started process (PID=38) to work on /home/airflow/.local/lib/python3.12/site-packages/airflow/example_dags/example_branch_day_of_week_operator.py
[2024-06-27T14:39:41.180+0000] {processor.py:830} INFO - Processing file /home/airflow/.local/lib/python3.12/site-packages/airflow/example_dags/example_branch_day_of_week_operator.py for tasks to queue
[2024-06-27T14:39:41.184+0000] {logging_mixin.py:188} INFO - [2024-06-27T14:39:41.183+0000] {dagbag.py:545} INFO - Filling up the DagBag from /home/airflow/.local/lib/python3.12/site-packages/airflow/example_dags/example_branch_day_of_week_operator.py
[2024-06-27T14:39:41.204+0000] {processor.py:840} INFO - DAG(s) 'example_weekday_branch_operator' retrieved from /home/airflow/.local/lib/python3.12/site-packages/airflow/example_dags/example_branch_day_of_week_operator.py
[2024-06-27T14:39:41.404+0000] {logging_mixin.py:188} INFO - [2024-06-27T14:39:41.403+0000] {dag.py:3096} INFO - Sync 1 DAGs
[2024-06-27T14:39:41.437+0000] {logging_mixin.py:188} INFO - [2024-06-27T14:39:41.436+0000] {dag.py:3954} INFO - Setting next_dagrun for example_weekday_branch_operator to 2024-06-26 00:00:00+00:00, run_after=2024-06-27 00:00:00+00:00
[2024-06-27T14:39:41.472+0000] {processor.py:183} INFO - Processing /home/airflow/.local/lib/python3.12/site-packages/airflow/example_dags/example_branch_day_of_week_operator.py took 0.305 seconds
[2024-06-27T14:40:11.955+0000] {processor.py:161} INFO - Started process (PID=97) to work on /home/airflow/.local/lib/python3.12/site-packages/airflow/example_dags/example_branch_day_of_week_operator.py
[2024-06-27T14:40:11.957+0000] {processor.py:830} INFO - Processing file /home/airflow/.local/lib/python3.12/site-packages/airflow/example_dags/example_branch_day_of_week_operator.py for tasks to queue
[2024-06-27T14:40:11.961+0000] {logging_mixin.py:188} INFO - [2024-06-27T14:40:11.960+0000] {dagbag.py:545} INFO - Filling up the DagBag from /home/airflow/.local/lib/python3.12/site-packages/airflow/example_dags/example_branch_day_of_week_operator.py
[2024-06-27T14:40:11.971+0000] {processor.py:840} INFO - DAG(s) 'example_weekday_branch_operator' retrieved from /home/airflow/.local/lib/python3.12/site-packages/airflow/example_dags/example_branch_day_of_week_operator.py
[2024-06-27T14:40:12.001+0000] {logging_mixin.py:188} INFO - [2024-06-27T14:40:12.000+0000] {dag.py:3096} INFO - Sync 1 DAGs
[2024-06-27T14:40:12.033+0000] {logging_mixin.py:188} INFO - [2024-06-27T14:40:12.032+0000] {dag.py:3954} INFO - Setting next_dagrun for example_weekday_branch_operator to 2024-06-26 00:00:00+00:00, run_after=2024-06-27 00:00:00+00:00
[2024-06-27T14:40:12.064+0000] {processor.py:183} INFO - Processing /home/airflow/.local/lib/python3.12/site-packages/airflow/example_dags/example_branch_day_of_week_operator.py took 0.117 seconds
[2024-06-27T14:40:42.263+0000] {processor.py:161} INFO - Started process (PID=156) to work on /home/airflow/.local/lib/python3.12/site-packages/airflow/example_dags/example_branch_day_of_week_operator.py
[2024-06-27T14:40:42.264+0000] {processor.py:830} INFO - Processing file /home/airflow/.local/lib/python3.12/site-packages/airflow/example_dags/example_branch_day_of_week_operator.py for tasks to queue
[2024-06-27T14:40:42.267+0000] {logging_mixin.py:188} INFO - [2024-06-27T14:40:42.267+0000] {dagbag.py:545} INFO - Filling up the DagBag from /home/airflow/.local/lib/python3.12/site-packages/airflow/example_dags/example_branch_day_of_week_operator.py
[2024-06-27T14:40:42.277+0000] {processor.py:840} INFO - DAG(s) 'example_weekday_branch_operator' retrieved from /home/airflow/.local/lib/python3.12/site-packages/airflow/example_dags/example_branch_day_of_week_operator.py
[2024-06-27T14:40:42.310+0000] {logging_mixin.py:188} INFO - [2024-06-27T14:40:42.310+0000] {dag.py:3096} INFO - Sync 1 DAGs
[2024-06-27T14:40:42.342+0000] {logging_mixin.py:188} INFO - [2024-06-27T14:40:42.341+0000] {dag.py:3954} INFO - Setting next_dagrun for example_weekday_branch_operator to 2024-06-26 00:00:00+00:00, run_after=2024-06-27 00:00:00+00:00
[2024-06-27T14:40:42.372+0000] {processor.py:183} INFO - Processing /home/airflow/.local/lib/python3.12/site-packages/airflow/example_dags/example_branch_day_of_week_operator.py took 0.116 seconds
[2024-06-27T14:41:12.675+0000] {processor.py:161} INFO - Started process (PID=215) to work on /home/airflow/.local/lib/python3.12/site-packages/airflow/example_dags/example_branch_day_of_week_operator.py
[2024-06-27T14:41:12.677+0000] {processor.py:830} INFO - Processing file /home/airflow/.local/lib/python3.12/site-packages/airflow/example_dags/example_branch_day_of_week_operator.py for tasks to queue
[2024-06-27T14:41:12.682+0000] {logging_mixin.py:188} INFO - [2024-06-27T14:41:12.681+0000] {dagbag.py:545} INFO - Filling up the DagBag from /home/airflow/.local/lib/python3.12/site-packages/airflow/example_dags/example_branch_day_of_week_operator.py
[2024-06-27T14:41:12.695+0000] {processor.py:840} INFO - DAG(s) 'example_weekday_branch_operator' retrieved from /home/airflow/.local/lib/python3.12/site-packages/airflow/example_dags/example_branch_day_of_week_operator.py
[2024-06-27T14:41:12.725+0000] {logging_mixin.py:188} INFO - [2024-06-27T14:41:12.725+0000] {dag.py:3096} INFO - Sync 1 DAGs
[2024-06-27T14:41:12.756+0000] {logging_mixin.py:188} INFO - [2024-06-27T14:41:12.756+0000] {dag.py:3954} INFO - Setting next_dagrun for example_weekday_branch_operator to 2024-06-26 00:00:00+00:00, run_after=2024-06-27 00:00:00+00:00
[2024-06-27T14:41:12.786+0000] {processor.py:183} INFO - Processing /home/airflow/.local/lib/python3.12/site-packages/airflow/example_dags/example_branch_day_of_week_operator.py took 0.122 seconds
[2024-06-27T14:41:42.835+0000] {processor.py:161} INFO - Started process (PID=274) to work on /home/airflow/.local/lib/python3.12/site-packages/airflow/example_dags/example_branch_day_of_week_operator.py
[2024-06-27T14:41:42.837+0000] {processor.py:830} INFO - Processing file /home/airflow/.local/lib/python3.12/site-packages/airflow/example_dags/example_branch_day_of_week_operator.py for tasks to queue
[2024-06-27T14:41:42.840+0000] {logging_mixin.py:188} INFO - [2024-06-27T14:41:42.839+0000] {dagbag.py:545} INFO - Filling up the DagBag from /home/airflow/.local/lib/python3.12/site-packages/airflow/example_dags/example_branch_day_of_week_operator.py
[2024-06-27T14:41:42.850+0000] {processor.py:840} INFO - DAG(s) 'example_weekday_branch_operator' retrieved from /home/airflow/.local/lib/python3.12/site-packages/airflow/example_dags/example_branch_day_of_week_operator.py
[2024-06-27T14:41:42.880+0000] {logging_mixin.py:188} INFO - [2024-06-27T14:41:42.879+0000] {dag.py:3096} INFO - Sync 1 DAGs
[2024-06-27T14:41:42.917+0000] {logging_mixin.py:188} INFO - [2024-06-27T14:41:42.916+0000] {dag.py:3954} INFO - Setting next_dagrun for example_weekday_branch_operator to 2024-06-26 00:00:00+00:00, run_after=2024-06-27 00:00:00+00:00
[2024-06-27T14:41:42.951+0000] {processor.py:183} INFO - Processing /home/airflow/.local/lib/python3.12/site-packages/airflow/example_dags/example_branch_day_of_week_operator.py took 0.123 seconds
[2024-06-27T14:42:13.320+0000] {processor.py:161} INFO - Started process (PID=333) to work on /home/airflow/.local/lib/python3.12/site-packages/airflow/example_dags/example_branch_day_of_week_operator.py
[2024-06-27T14:42:13.321+0000] {processor.py:830} INFO - Processing file /home/airflow/.local/lib/python3.12/site-packages/airflow/example_dags/example_branch_day_of_week_operator.py for tasks to queue
[2024-06-27T14:42:13.324+0000] {logging_mixin.py:188} INFO - [2024-06-27T14:42:13.324+0000] {dagbag.py:545} INFO - Filling up the DagBag from /home/airflow/.local/lib/python3.12/site-packages/airflow/example_dags/example_branch_day_of_week_operator.py
[2024-06-27T14:42:13.333+0000] {processor.py:840} INFO - DAG(s) 'example_weekday_branch_operator' retrieved from /home/airflow/.local/lib/python3.12/site-packages/airflow/example_dags/example_branch_day_of_week_operator.py
[2024-06-27T14:42:13.364+0000] {logging_mixin.py:188} INFO - [2024-06-27T14:42:13.364+0000] {dag.py:3096} INFO - Sync 1 DAGs
[2024-06-27T14:42:13.395+0000] {logging_mixin.py:188} INFO - [2024-06-27T14:42:13.394+0000] {dag.py:3954} INFO - Setting next_dagrun for example_weekday_branch_operator to 2024-06-26 00:00:00+00:00, run_after=2024-06-27 00:00:00+00:00
[2024-06-27T14:42:13.422+0000] {processor.py:183} INFO - Processing /home/airflow/.local/lib/python3.12/site-packages/airflow/example_dags/example_branch_day_of_week_operator.py took 0.109 seconds
[2024-06-27T14:43:56.155+0000] {processor.py:161} INFO - Started process (PID=38) to work on /home/airflow/.local/lib/python3.12/site-packages/airflow/example_dags/example_branch_day_of_week_operator.py
[2024-06-27T14:43:56.158+0000] {processor.py:830} INFO - Processing file /home/airflow/.local/lib/python3.12/site-packages/airflow/example_dags/example_branch_day_of_week_operator.py for tasks to queue
[2024-06-27T14:43:56.163+0000] {logging_mixin.py:188} INFO - [2024-06-27T14:43:56.162+0000] {dagbag.py:545} INFO - Filling up the DagBag from /home/airflow/.local/lib/python3.12/site-packages/airflow/example_dags/example_branch_day_of_week_operator.py
[2024-06-27T14:43:56.183+0000] {processor.py:840} INFO - DAG(s) 'example_weekday_branch_operator' retrieved from /home/airflow/.local/lib/python3.12/site-packages/airflow/example_dags/example_branch_day_of_week_operator.py
[2024-06-27T14:43:56.476+0000] {logging_mixin.py:188} INFO - [2024-06-27T14:43:56.476+0000] {dag.py:3096} INFO - Sync 1 DAGs
[2024-06-27T14:43:56.512+0000] {logging_mixin.py:188} INFO - [2024-06-27T14:43:56.511+0000] {dag.py:3954} INFO - Setting next_dagrun for example_weekday_branch_operator to 2024-06-26 00:00:00+00:00, run_after=2024-06-27 00:00:00+00:00
[2024-06-27T14:43:56.553+0000] {processor.py:183} INFO - Processing /home/airflow/.local/lib/python3.12/site-packages/airflow/example_dags/example_branch_day_of_week_operator.py took 0.411 seconds
[2024-06-27T14:44:22.699+0000] {processor.py:161} INFO - Started process (PID=38) to work on /home/airflow/.local/lib/python3.12/site-packages/airflow/example_dags/example_branch_day_of_week_operator.py
[2024-06-27T14:44:22.702+0000] {processor.py:830} INFO - Processing file /home/airflow/.local/lib/python3.12/site-packages/airflow/example_dags/example_branch_day_of_week_operator.py for tasks to queue
[2024-06-27T14:44:22.706+0000] {logging_mixin.py:188} INFO - [2024-06-27T14:44:22.705+0000] {dagbag.py:545} INFO - Filling up the DagBag from /home/airflow/.local/lib/python3.12/site-packages/airflow/example_dags/example_branch_day_of_week_operator.py
[2024-06-27T14:44:22.730+0000] {processor.py:840} INFO - DAG(s) 'example_weekday_branch_operator' retrieved from /home/airflow/.local/lib/python3.12/site-packages/airflow/example_dags/example_branch_day_of_week_operator.py
[2024-06-27T14:44:22.753+0000] {logging_mixin.py:188} INFO - [2024-06-27T14:44:22.753+0000] {dag.py:3096} INFO - Sync 1 DAGs
[2024-06-27T14:44:22.797+0000] {logging_mixin.py:188} INFO - [2024-06-27T14:44:22.797+0000] {dag.py:3954} INFO - Setting next_dagrun for example_weekday_branch_operator to 2024-06-26 00:00:00+00:00, run_after=2024-06-27 00:00:00+00:00
[2024-06-27T14:44:22.838+0000] {processor.py:183} INFO - Processing /home/airflow/.local/lib/python3.12/site-packages/airflow/example_dags/example_branch_day_of_week_operator.py took 0.149 seconds
[2024-06-27T14:44:53.252+0000] {processor.py:161} INFO - Started process (PID=97) to work on /home/airflow/.local/lib/python3.12/site-packages/airflow/example_dags/example_branch_day_of_week_operator.py
[2024-06-27T14:44:53.254+0000] {processor.py:830} INFO - Processing file /home/airflow/.local/lib/python3.12/site-packages/airflow/example_dags/example_branch_day_of_week_operator.py for tasks to queue
[2024-06-27T14:44:53.256+0000] {logging_mixin.py:188} INFO - [2024-06-27T14:44:53.256+0000] {dagbag.py:545} INFO - Filling up the DagBag from /home/airflow/.local/lib/python3.12/site-packages/airflow/example_dags/example_branch_day_of_week_operator.py
[2024-06-27T14:44:53.269+0000] {processor.py:840} INFO - DAG(s) 'example_weekday_branch_operator' retrieved from /home/airflow/.local/lib/python3.12/site-packages/airflow/example_dags/example_branch_day_of_week_operator.py
[2024-06-27T14:44:53.304+0000] {logging_mixin.py:188} INFO - [2024-06-27T14:44:53.304+0000] {dag.py:3096} INFO - Sync 1 DAGs
[2024-06-27T14:44:53.336+0000] {logging_mixin.py:188} INFO - [2024-06-27T14:44:53.336+0000] {dag.py:3954} INFO - Setting next_dagrun for example_weekday_branch_operator to 2024-06-26 00:00:00+00:00, run_after=2024-06-27 00:00:00+00:00
[2024-06-27T14:44:53.365+0000] {processor.py:183} INFO - Processing /home/airflow/.local/lib/python3.12/site-packages/airflow/example_dags/example_branch_day_of_week_operator.py took 0.121 seconds
[2024-06-27T14:45:23.474+0000] {processor.py:161} INFO - Started process (PID=156) to work on /home/airflow/.local/lib/python3.12/site-packages/airflow/example_dags/example_branch_day_of_week_operator.py
[2024-06-27T14:45:23.476+0000] {processor.py:830} INFO - Processing file /home/airflow/.local/lib/python3.12/site-packages/airflow/example_dags/example_branch_day_of_week_operator.py for tasks to queue
[2024-06-27T14:45:23.478+0000] {logging_mixin.py:188} INFO - [2024-06-27T14:45:23.478+0000] {dagbag.py:545} INFO - Filling up the DagBag from /home/airflow/.local/lib/python3.12/site-packages/airflow/example_dags/example_branch_day_of_week_operator.py
[2024-06-27T14:45:23.489+0000] {processor.py:840} INFO - DAG(s) 'example_weekday_branch_operator' retrieved from /home/airflow/.local/lib/python3.12/site-packages/airflow/example_dags/example_branch_day_of_week_operator.py
[2024-06-27T14:45:23.519+0000] {logging_mixin.py:188} INFO - [2024-06-27T14:45:23.519+0000] {dag.py:3096} INFO - Sync 1 DAGs
[2024-06-27T14:45:23.549+0000] {logging_mixin.py:188} INFO - [2024-06-27T14:45:23.549+0000] {dag.py:3954} INFO - Setting next_dagrun for example_weekday_branch_operator to 2024-06-26 00:00:00+00:00, run_after=2024-06-27 00:00:00+00:00
[2024-06-27T14:45:23.577+0000] {processor.py:183} INFO - Processing /home/airflow/.local/lib/python3.12/site-packages/airflow/example_dags/example_branch_day_of_week_operator.py took 0.110 seconds
[2024-06-27T14:45:54.134+0000] {processor.py:161} INFO - Started process (PID=215) to work on /home/airflow/.local/lib/python3.12/site-packages/airflow/example_dags/example_branch_day_of_week_operator.py
[2024-06-27T14:45:54.135+0000] {processor.py:830} INFO - Processing file /home/airflow/.local/lib/python3.12/site-packages/airflow/example_dags/example_branch_day_of_week_operator.py for tasks to queue
[2024-06-27T14:45:54.137+0000] {logging_mixin.py:188} INFO - [2024-06-27T14:45:54.137+0000] {dagbag.py:545} INFO - Filling up the DagBag from /home/airflow/.local/lib/python3.12/site-packages/airflow/example_dags/example_branch_day_of_week_operator.py
[2024-06-27T14:45:54.147+0000] {processor.py:840} INFO - DAG(s) 'example_weekday_branch_operator' retrieved from /home/airflow/.local/lib/python3.12/site-packages/airflow/example_dags/example_branch_day_of_week_operator.py
[2024-06-27T14:45:54.178+0000] {logging_mixin.py:188} INFO - [2024-06-27T14:45:54.177+0000] {dag.py:3096} INFO - Sync 1 DAGs
[2024-06-27T14:45:54.208+0000] {logging_mixin.py:188} INFO - [2024-06-27T14:45:54.207+0000] {dag.py:3954} INFO - Setting next_dagrun for example_weekday_branch_operator to 2024-06-26 00:00:00+00:00, run_after=2024-06-27 00:00:00+00:00
[2024-06-27T14:45:54.237+0000] {processor.py:183} INFO - Processing /home/airflow/.local/lib/python3.12/site-packages/airflow/example_dags/example_branch_day_of_week_operator.py took 0.111 seconds
[2024-06-27T14:46:24.317+0000] {processor.py:161} INFO - Started process (PID=274) to work on /home/airflow/.local/lib/python3.12/site-packages/airflow/example_dags/example_branch_day_of_week_operator.py
[2024-06-27T14:46:24.319+0000] {processor.py:830} INFO - Processing file /home/airflow/.local/lib/python3.12/site-packages/airflow/example_dags/example_branch_day_of_week_operator.py for tasks to queue
[2024-06-27T14:46:24.322+0000] {logging_mixin.py:188} INFO - [2024-06-27T14:46:24.321+0000] {dagbag.py:545} INFO - Filling up the DagBag from /home/airflow/.local/lib/python3.12/site-packages/airflow/example_dags/example_branch_day_of_week_operator.py
[2024-06-27T14:46:24.332+0000] {processor.py:840} INFO - DAG(s) 'example_weekday_branch_operator' retrieved from /home/airflow/.local/lib/python3.12/site-packages/airflow/example_dags/example_branch_day_of_week_operator.py
[2024-06-27T14:46:24.363+0000] {logging_mixin.py:188} INFO - [2024-06-27T14:46:24.363+0000] {dag.py:3096} INFO - Sync 1 DAGs
[2024-06-27T14:46:24.396+0000] {logging_mixin.py:188} INFO - [2024-06-27T14:46:24.396+0000] {dag.py:3954} INFO - Setting next_dagrun for example_weekday_branch_operator to 2024-06-26 00:00:00+00:00, run_after=2024-06-27 00:00:00+00:00
[2024-06-27T14:46:24.428+0000] {processor.py:183} INFO - Processing /home/airflow/.local/lib/python3.12/site-packages/airflow/example_dags/example_branch_day_of_week_operator.py took 0.118 seconds
[2024-06-27T14:58:56.055+0000] {processor.py:161} INFO - Started process (PID=43) to work on /home/airflow/.local/lib/python3.12/site-packages/airflow/example_dags/example_branch_day_of_week_operator.py
[2024-06-27T14:58:56.057+0000] {processor.py:830} INFO - Processing file /home/airflow/.local/lib/python3.12/site-packages/airflow/example_dags/example_branch_day_of_week_operator.py for tasks to queue
[2024-06-27T14:58:56.062+0000] {logging_mixin.py:188} INFO - [2024-06-27T14:58:56.061+0000] {dagbag.py:545} INFO - Filling up the DagBag from /home/airflow/.local/lib/python3.12/site-packages/airflow/example_dags/example_branch_day_of_week_operator.py
[2024-06-27T14:58:56.092+0000] {processor.py:840} INFO - DAG(s) 'example_weekday_branch_operator' retrieved from /home/airflow/.local/lib/python3.12/site-packages/airflow/example_dags/example_branch_day_of_week_operator.py
[2024-06-27T14:58:56.123+0000] {logging_mixin.py:188} INFO - [2024-06-27T14:58:56.123+0000] {dag.py:3096} INFO - Sync 1 DAGs
[2024-06-27T14:58:56.194+0000] {logging_mixin.py:188} INFO - [2024-06-27T14:58:56.193+0000] {dag.py:3954} INFO - Setting next_dagrun for example_weekday_branch_operator to 2024-06-26 00:00:00+00:00, run_after=2024-06-27 00:00:00+00:00
[2024-06-27T14:58:56.245+0000] {processor.py:183} INFO - Processing /home/airflow/.local/lib/python3.12/site-packages/airflow/example_dags/example_branch_day_of_week_operator.py took 0.204 seconds
[2024-06-27T14:59:27.594+0000] {processor.py:161} INFO - Started process (PID=102) to work on /home/airflow/.local/lib/python3.12/site-packages/airflow/example_dags/example_branch_day_of_week_operator.py
[2024-06-27T14:59:27.595+0000] {processor.py:830} INFO - Processing file /home/airflow/.local/lib/python3.12/site-packages/airflow/example_dags/example_branch_day_of_week_operator.py for tasks to queue
[2024-06-27T14:59:27.599+0000] {logging_mixin.py:188} INFO - [2024-06-27T14:59:27.598+0000] {dagbag.py:545} INFO - Filling up the DagBag from /home/airflow/.local/lib/python3.12/site-packages/airflow/example_dags/example_branch_day_of_week_operator.py
[2024-06-27T14:59:27.610+0000] {processor.py:840} INFO - DAG(s) 'example_weekday_branch_operator' retrieved from /home/airflow/.local/lib/python3.12/site-packages/airflow/example_dags/example_branch_day_of_week_operator.py
[2024-06-27T14:59:27.778+0000] {logging_mixin.py:188} INFO - [2024-06-27T14:59:27.778+0000] {dag.py:3096} INFO - Sync 1 DAGs
[2024-06-27T14:59:27.806+0000] {logging_mixin.py:188} INFO - [2024-06-27T14:59:27.805+0000] {dag.py:3954} INFO - Setting next_dagrun for example_weekday_branch_operator to 2024-06-26 00:00:00+00:00, run_after=2024-06-27 00:00:00+00:00
[2024-06-27T14:59:27.834+0000] {processor.py:183} INFO - Processing /home/airflow/.local/lib/python3.12/site-packages/airflow/example_dags/example_branch_day_of_week_operator.py took 0.249 seconds
[2024-06-27T14:59:58.784+0000] {processor.py:161} INFO - Started process (PID=161) to work on /home/airflow/.local/lib/python3.12/site-packages/airflow/example_dags/example_branch_day_of_week_operator.py
[2024-06-27T14:59:58.786+0000] {processor.py:830} INFO - Processing file /home/airflow/.local/lib/python3.12/site-packages/airflow/example_dags/example_branch_day_of_week_operator.py for tasks to queue
[2024-06-27T14:59:58.789+0000] {logging_mixin.py:188} INFO - [2024-06-27T14:59:58.788+0000] {dagbag.py:545} INFO - Filling up the DagBag from /home/airflow/.local/lib/python3.12/site-packages/airflow/example_dags/example_branch_day_of_week_operator.py
[2024-06-27T14:59:58.799+0000] {processor.py:840} INFO - DAG(s) 'example_weekday_branch_operator' retrieved from /home/airflow/.local/lib/python3.12/site-packages/airflow/example_dags/example_branch_day_of_week_operator.py
[2024-06-27T14:59:58.829+0000] {logging_mixin.py:188} INFO - [2024-06-27T14:59:58.829+0000] {dag.py:3096} INFO - Sync 1 DAGs
[2024-06-27T14:59:58.862+0000] {logging_mixin.py:188} INFO - [2024-06-27T14:59:58.862+0000] {dag.py:3954} INFO - Setting next_dagrun for example_weekday_branch_operator to 2024-06-26 00:00:00+00:00, run_after=2024-06-27 00:00:00+00:00
[2024-06-27T14:59:58.894+0000] {processor.py:183} INFO - Processing /home/airflow/.local/lib/python3.12/site-packages/airflow/example_dags/example_branch_day_of_week_operator.py took 0.117 seconds
[2024-06-27T15:00:29.575+0000] {processor.py:161} INFO - Started process (PID=220) to work on /home/airflow/.local/lib/python3.12/site-packages/airflow/example_dags/example_branch_day_of_week_operator.py
[2024-06-27T15:00:29.577+0000] {processor.py:830} INFO - Processing file /home/airflow/.local/lib/python3.12/site-packages/airflow/example_dags/example_branch_day_of_week_operator.py for tasks to queue
[2024-06-27T15:00:29.580+0000] {logging_mixin.py:188} INFO - [2024-06-27T15:00:29.579+0000] {dagbag.py:545} INFO - Filling up the DagBag from /home/airflow/.local/lib/python3.12/site-packages/airflow/example_dags/example_branch_day_of_week_operator.py
[2024-06-27T15:00:29.591+0000] {processor.py:840} INFO - DAG(s) 'example_weekday_branch_operator' retrieved from /home/airflow/.local/lib/python3.12/site-packages/airflow/example_dags/example_branch_day_of_week_operator.py
[2024-06-27T15:00:29.622+0000] {logging_mixin.py:188} INFO - [2024-06-27T15:00:29.622+0000] {dag.py:3096} INFO - Sync 1 DAGs
[2024-06-27T15:00:29.655+0000] {logging_mixin.py:188} INFO - [2024-06-27T15:00:29.655+0000] {dag.py:3954} INFO - Setting next_dagrun for example_weekday_branch_operator to 2024-06-26 00:00:00+00:00, run_after=2024-06-27 00:00:00+00:00
[2024-06-27T15:00:29.686+0000] {processor.py:183} INFO - Processing /home/airflow/.local/lib/python3.12/site-packages/airflow/example_dags/example_branch_day_of_week_operator.py took 0.120 seconds
[2024-06-27T15:02:12.008+0000] {processor.py:161} INFO - Started process (PID=53) to work on /home/airflow/.local/lib/python3.12/site-packages/airflow/example_dags/example_branch_day_of_week_operator.py
[2024-06-27T15:02:12.012+0000] {processor.py:830} INFO - Processing file /home/airflow/.local/lib/python3.12/site-packages/airflow/example_dags/example_branch_day_of_week_operator.py for tasks to queue
[2024-06-27T15:02:12.017+0000] {logging_mixin.py:188} INFO - [2024-06-27T15:02:12.016+0000] {dagbag.py:545} INFO - Filling up the DagBag from /home/airflow/.local/lib/python3.12/site-packages/airflow/example_dags/example_branch_day_of_week_operator.py
[2024-06-27T15:02:12.057+0000] {processor.py:840} INFO - DAG(s) 'example_weekday_branch_operator' retrieved from /home/airflow/.local/lib/python3.12/site-packages/airflow/example_dags/example_branch_day_of_week_operator.py
[2024-06-27T15:02:12.355+0000] {logging_mixin.py:188} INFO - [2024-06-27T15:02:12.355+0000] {dag.py:3096} INFO - Sync 1 DAGs
[2024-06-27T15:02:12.416+0000] {logging_mixin.py:188} INFO - [2024-06-27T15:02:12.416+0000] {dag.py:3954} INFO - Setting next_dagrun for example_weekday_branch_operator to 2024-06-26 00:00:00+00:00, run_after=2024-06-27 00:00:00+00:00
[2024-06-27T15:02:12.481+0000] {processor.py:183} INFO - Processing /home/airflow/.local/lib/python3.12/site-packages/airflow/example_dags/example_branch_day_of_week_operator.py took 0.488 seconds
[2024-06-27T15:02:43.082+0000] {processor.py:161} INFO - Started process (PID=112) to work on /home/airflow/.local/lib/python3.12/site-packages/airflow/example_dags/example_branch_day_of_week_operator.py
[2024-06-27T15:02:43.083+0000] {processor.py:830} INFO - Processing file /home/airflow/.local/lib/python3.12/site-packages/airflow/example_dags/example_branch_day_of_week_operator.py for tasks to queue
[2024-06-27T15:02:43.086+0000] {logging_mixin.py:188} INFO - [2024-06-27T15:02:43.085+0000] {dagbag.py:545} INFO - Filling up the DagBag from /home/airflow/.local/lib/python3.12/site-packages/airflow/example_dags/example_branch_day_of_week_operator.py
[2024-06-27T15:02:43.095+0000] {processor.py:840} INFO - DAG(s) 'example_weekday_branch_operator' retrieved from /home/airflow/.local/lib/python3.12/site-packages/airflow/example_dags/example_branch_day_of_week_operator.py
[2024-06-27T15:02:43.122+0000] {logging_mixin.py:188} INFO - [2024-06-27T15:02:43.121+0000] {dag.py:3096} INFO - Sync 1 DAGs
[2024-06-27T15:02:43.153+0000] {logging_mixin.py:188} INFO - [2024-06-27T15:02:43.153+0000] {dag.py:3954} INFO - Setting next_dagrun for example_weekday_branch_operator to 2024-06-26 00:00:00+00:00, run_after=2024-06-27 00:00:00+00:00
[2024-06-27T15:02:43.180+0000] {processor.py:183} INFO - Processing /home/airflow/.local/lib/python3.12/site-packages/airflow/example_dags/example_branch_day_of_week_operator.py took 0.107 seconds
[2024-06-27T15:03:13.403+0000] {processor.py:161} INFO - Started process (PID=180) to work on /home/airflow/.local/lib/python3.12/site-packages/airflow/example_dags/example_branch_day_of_week_operator.py
[2024-06-27T15:03:13.404+0000] {processor.py:830} INFO - Processing file /home/airflow/.local/lib/python3.12/site-packages/airflow/example_dags/example_branch_day_of_week_operator.py for tasks to queue
[2024-06-27T15:03:13.407+0000] {logging_mixin.py:188} INFO - [2024-06-27T15:03:13.407+0000] {dagbag.py:545} INFO - Filling up the DagBag from /home/airflow/.local/lib/python3.12/site-packages/airflow/example_dags/example_branch_day_of_week_operator.py
[2024-06-27T15:03:13.418+0000] {processor.py:840} INFO - DAG(s) 'example_weekday_branch_operator' retrieved from /home/airflow/.local/lib/python3.12/site-packages/airflow/example_dags/example_branch_day_of_week_operator.py
[2024-06-27T15:03:13.453+0000] {logging_mixin.py:188} INFO - [2024-06-27T15:03:13.453+0000] {dag.py:3096} INFO - Sync 1 DAGs
[2024-06-27T15:03:13.486+0000] {logging_mixin.py:188} INFO - [2024-06-27T15:03:13.486+0000] {dag.py:3954} INFO - Setting next_dagrun for example_weekday_branch_operator to 2024-06-26 00:00:00+00:00, run_after=2024-06-27 00:00:00+00:00
[2024-06-27T15:03:13.519+0000] {processor.py:183} INFO - Processing /home/airflow/.local/lib/python3.12/site-packages/airflow/example_dags/example_branch_day_of_week_operator.py took 0.125 seconds
[2024-06-27T15:03:43.615+0000] {processor.py:161} INFO - Started process (PID=248) to work on /home/airflow/.local/lib/python3.12/site-packages/airflow/example_dags/example_branch_day_of_week_operator.py
[2024-06-27T15:03:43.617+0000] {processor.py:830} INFO - Processing file /home/airflow/.local/lib/python3.12/site-packages/airflow/example_dags/example_branch_day_of_week_operator.py for tasks to queue
[2024-06-27T15:03:43.620+0000] {logging_mixin.py:188} INFO - [2024-06-27T15:03:43.619+0000] {dagbag.py:545} INFO - Filling up the DagBag from /home/airflow/.local/lib/python3.12/site-packages/airflow/example_dags/example_branch_day_of_week_operator.py
[2024-06-27T15:03:43.631+0000] {processor.py:840} INFO - DAG(s) 'example_weekday_branch_operator' retrieved from /home/airflow/.local/lib/python3.12/site-packages/airflow/example_dags/example_branch_day_of_week_operator.py
[2024-06-27T15:03:43.663+0000] {logging_mixin.py:188} INFO - [2024-06-27T15:03:43.663+0000] {dag.py:3096} INFO - Sync 1 DAGs
[2024-06-27T15:03:43.702+0000] {logging_mixin.py:188} INFO - [2024-06-27T15:03:43.701+0000] {dag.py:3954} INFO - Setting next_dagrun for example_weekday_branch_operator to 2024-06-26 00:00:00+00:00, run_after=2024-06-27 00:00:00+00:00
[2024-06-27T15:03:43.737+0000] {processor.py:183} INFO - Processing /home/airflow/.local/lib/python3.12/site-packages/airflow/example_dags/example_branch_day_of_week_operator.py took 0.131 seconds
[2024-06-27T15:04:13.979+0000] {processor.py:161} INFO - Started process (PID=324) to work on /home/airflow/.local/lib/python3.12/site-packages/airflow/example_dags/example_branch_day_of_week_operator.py
[2024-06-27T15:04:13.990+0000] {processor.py:830} INFO - Processing file /home/airflow/.local/lib/python3.12/site-packages/airflow/example_dags/example_branch_day_of_week_operator.py for tasks to queue
[2024-06-27T15:04:13.995+0000] {logging_mixin.py:188} INFO - [2024-06-27T15:04:13.994+0000] {dagbag.py:545} INFO - Filling up the DagBag from /home/airflow/.local/lib/python3.12/site-packages/airflow/example_dags/example_branch_day_of_week_operator.py
[2024-06-27T15:04:14.028+0000] {processor.py:840} INFO - DAG(s) 'example_weekday_branch_operator' retrieved from /home/airflow/.local/lib/python3.12/site-packages/airflow/example_dags/example_branch_day_of_week_operator.py
[2024-06-27T15:04:14.142+0000] {logging_mixin.py:188} INFO - [2024-06-27T15:04:14.141+0000] {dag.py:3096} INFO - Sync 1 DAGs
[2024-06-27T15:04:14.223+0000] {logging_mixin.py:188} INFO - [2024-06-27T15:04:14.223+0000] {dag.py:3954} INFO - Setting next_dagrun for example_weekday_branch_operator to 2024-06-26 00:00:00+00:00, run_after=2024-06-27 00:00:00+00:00
[2024-06-27T15:04:14.295+0000] {processor.py:183} INFO - Processing /home/airflow/.local/lib/python3.12/site-packages/airflow/example_dags/example_branch_day_of_week_operator.py took 0.350 seconds
[2024-06-27T15:04:45.425+0000] {processor.py:161} INFO - Started process (PID=401) to work on /home/airflow/.local/lib/python3.12/site-packages/airflow/example_dags/example_branch_day_of_week_operator.py
[2024-06-27T15:04:45.430+0000] {processor.py:830} INFO - Processing file /home/airflow/.local/lib/python3.12/site-packages/airflow/example_dags/example_branch_day_of_week_operator.py for tasks to queue
[2024-06-27T15:04:45.441+0000] {logging_mixin.py:188} INFO - [2024-06-27T15:04:45.439+0000] {dagbag.py:545} INFO - Filling up the DagBag from /home/airflow/.local/lib/python3.12/site-packages/airflow/example_dags/example_branch_day_of_week_operator.py
[2024-06-27T15:04:45.491+0000] {processor.py:840} INFO - DAG(s) 'example_weekday_branch_operator' retrieved from /home/airflow/.local/lib/python3.12/site-packages/airflow/example_dags/example_branch_day_of_week_operator.py
[2024-06-27T15:04:45.626+0000] {logging_mixin.py:188} INFO - [2024-06-27T15:04:45.625+0000] {dag.py:3096} INFO - Sync 1 DAGs
[2024-06-27T15:04:45.809+0000] {logging_mixin.py:188} INFO - [2024-06-27T15:04:45.807+0000] {dag.py:3954} INFO - Setting next_dagrun for example_weekday_branch_operator to 2024-06-26 00:00:00+00:00, run_after=2024-06-27 00:00:00+00:00
[2024-06-27T15:04:45.927+0000] {processor.py:183} INFO - Processing /home/airflow/.local/lib/python3.12/site-packages/airflow/example_dags/example_branch_day_of_week_operator.py took 0.540 seconds
[2024-06-27T15:05:16.431+0000] {processor.py:161} INFO - Started process (PID=491) to work on /home/airflow/.local/lib/python3.12/site-packages/airflow/example_dags/example_branch_day_of_week_operator.py
[2024-06-27T15:05:16.437+0000] {processor.py:830} INFO - Processing file /home/airflow/.local/lib/python3.12/site-packages/airflow/example_dags/example_branch_day_of_week_operator.py for tasks to queue
[2024-06-27T15:05:16.443+0000] {logging_mixin.py:188} INFO - [2024-06-27T15:05:16.442+0000] {dagbag.py:545} INFO - Filling up the DagBag from /home/airflow/.local/lib/python3.12/site-packages/airflow/example_dags/example_branch_day_of_week_operator.py
[2024-06-27T15:05:16.482+0000] {processor.py:840} INFO - DAG(s) 'example_weekday_branch_operator' retrieved from /home/airflow/.local/lib/python3.12/site-packages/airflow/example_dags/example_branch_day_of_week_operator.py
[2024-06-27T15:05:16.626+0000] {logging_mixin.py:188} INFO - [2024-06-27T15:05:16.625+0000] {dag.py:3096} INFO - Sync 1 DAGs
[2024-06-27T15:05:16.768+0000] {logging_mixin.py:188} INFO - [2024-06-27T15:05:16.767+0000] {dag.py:3954} INFO - Setting next_dagrun for example_weekday_branch_operator to 2024-06-26 00:00:00+00:00, run_after=2024-06-27 00:00:00+00:00
[2024-06-27T15:05:16.843+0000] {processor.py:183} INFO - Processing /home/airflow/.local/lib/python3.12/site-packages/airflow/example_dags/example_branch_day_of_week_operator.py took 0.431 seconds
[2024-06-27T15:05:47.495+0000] {processor.py:161} INFO - Started process (PID=568) to work on /home/airflow/.local/lib/python3.12/site-packages/airflow/example_dags/example_branch_day_of_week_operator.py
[2024-06-27T15:05:47.507+0000] {processor.py:830} INFO - Processing file /home/airflow/.local/lib/python3.12/site-packages/airflow/example_dags/example_branch_day_of_week_operator.py for tasks to queue
[2024-06-27T15:05:47.511+0000] {logging_mixin.py:188} INFO - [2024-06-27T15:05:47.511+0000] {dagbag.py:545} INFO - Filling up the DagBag from /home/airflow/.local/lib/python3.12/site-packages/airflow/example_dags/example_branch_day_of_week_operator.py
[2024-06-27T15:05:47.541+0000] {processor.py:840} INFO - DAG(s) 'example_weekday_branch_operator' retrieved from /home/airflow/.local/lib/python3.12/site-packages/airflow/example_dags/example_branch_day_of_week_operator.py
[2024-06-27T15:05:47.596+0000] {logging_mixin.py:188} INFO - [2024-06-27T15:05:47.595+0000] {dag.py:3096} INFO - Sync 1 DAGs
[2024-06-27T15:05:47.652+0000] {logging_mixin.py:188} INFO - [2024-06-27T15:05:47.652+0000] {dag.py:3954} INFO - Setting next_dagrun for example_weekday_branch_operator to 2024-06-26 00:00:00+00:00, run_after=2024-06-27 00:00:00+00:00
[2024-06-27T15:05:47.702+0000] {processor.py:183} INFO - Processing /home/airflow/.local/lib/python3.12/site-packages/airflow/example_dags/example_branch_day_of_week_operator.py took 0.218 seconds
[2024-06-27T15:06:19.452+0000] {processor.py:161} INFO - Started process (PID=649) to work on /home/airflow/.local/lib/python3.12/site-packages/airflow/example_dags/example_branch_day_of_week_operator.py
[2024-06-27T15:06:19.455+0000] {processor.py:830} INFO - Processing file /home/airflow/.local/lib/python3.12/site-packages/airflow/example_dags/example_branch_day_of_week_operator.py for tasks to queue
[2024-06-27T15:06:19.463+0000] {logging_mixin.py:188} INFO - [2024-06-27T15:06:19.462+0000] {dagbag.py:545} INFO - Filling up the DagBag from /home/airflow/.local/lib/python3.12/site-packages/airflow/example_dags/example_branch_day_of_week_operator.py
[2024-06-27T15:06:19.493+0000] {processor.py:840} INFO - DAG(s) 'example_weekday_branch_operator' retrieved from /home/airflow/.local/lib/python3.12/site-packages/airflow/example_dags/example_branch_day_of_week_operator.py
[2024-06-27T15:06:19.580+0000] {logging_mixin.py:188} INFO - [2024-06-27T15:06:19.579+0000] {dag.py:3096} INFO - Sync 1 DAGs
[2024-06-27T15:06:19.685+0000] {logging_mixin.py:188} INFO - [2024-06-27T15:06:19.684+0000] {dag.py:3954} INFO - Setting next_dagrun for example_weekday_branch_operator to 2024-06-26 00:00:00+00:00, run_after=2024-06-27 00:00:00+00:00
[2024-06-27T15:06:19.791+0000] {processor.py:183} INFO - Processing /home/airflow/.local/lib/python3.12/site-packages/airflow/example_dags/example_branch_day_of_week_operator.py took 0.360 seconds
[2024-06-27T15:06:54.161+0000] {processor.py:161} INFO - Started process (PID=737) to work on /home/airflow/.local/lib/python3.12/site-packages/airflow/example_dags/example_branch_day_of_week_operator.py
[2024-06-27T15:06:54.169+0000] {processor.py:830} INFO - Processing file /home/airflow/.local/lib/python3.12/site-packages/airflow/example_dags/example_branch_day_of_week_operator.py for tasks to queue
[2024-06-27T15:06:54.190+0000] {logging_mixin.py:188} INFO - [2024-06-27T15:06:54.183+0000] {dagbag.py:545} INFO - Filling up the DagBag from /home/airflow/.local/lib/python3.12/site-packages/airflow/example_dags/example_branch_day_of_week_operator.py
[2024-06-27T15:06:54.282+0000] {processor.py:840} INFO - DAG(s) 'example_weekday_branch_operator' retrieved from /home/airflow/.local/lib/python3.12/site-packages/airflow/example_dags/example_branch_day_of_week_operator.py
[2024-06-27T15:06:54.415+0000] {logging_mixin.py:188} INFO - [2024-06-27T15:06:54.414+0000] {dag.py:3096} INFO - Sync 1 DAGs
[2024-06-27T15:06:54.617+0000] {logging_mixin.py:188} INFO - [2024-06-27T15:06:54.611+0000] {dag.py:3954} INFO - Setting next_dagrun for example_weekday_branch_operator to 2024-06-26 00:00:00+00:00, run_after=2024-06-27 00:00:00+00:00
[2024-06-27T15:06:54.767+0000] {processor.py:183} INFO - Processing /home/airflow/.local/lib/python3.12/site-packages/airflow/example_dags/example_branch_day_of_week_operator.py took 0.669 seconds
[2024-06-27T15:07:25.088+0000] {processor.py:161} INFO - Started process (PID=805) to work on /home/airflow/.local/lib/python3.12/site-packages/airflow/example_dags/example_branch_day_of_week_operator.py
[2024-06-27T15:07:25.090+0000] {processor.py:830} INFO - Processing file /home/airflow/.local/lib/python3.12/site-packages/airflow/example_dags/example_branch_day_of_week_operator.py for tasks to queue
[2024-06-27T15:07:25.096+0000] {logging_mixin.py:188} INFO - [2024-06-27T15:07:25.095+0000] {dagbag.py:545} INFO - Filling up the DagBag from /home/airflow/.local/lib/python3.12/site-packages/airflow/example_dags/example_branch_day_of_week_operator.py
[2024-06-27T15:07:25.116+0000] {processor.py:840} INFO - DAG(s) 'example_weekday_branch_operator' retrieved from /home/airflow/.local/lib/python3.12/site-packages/airflow/example_dags/example_branch_day_of_week_operator.py
[2024-06-27T15:07:25.206+0000] {logging_mixin.py:188} INFO - [2024-06-27T15:07:25.205+0000] {dag.py:3096} INFO - Sync 1 DAGs
[2024-06-27T15:07:25.309+0000] {logging_mixin.py:188} INFO - [2024-06-27T15:07:25.308+0000] {dag.py:3954} INFO - Setting next_dagrun for example_weekday_branch_operator to 2024-06-26 00:00:00+00:00, run_after=2024-06-27 00:00:00+00:00
[2024-06-27T15:07:25.371+0000] {processor.py:183} INFO - Processing /home/airflow/.local/lib/python3.12/site-packages/airflow/example_dags/example_branch_day_of_week_operator.py took 0.300 seconds
