[2024-06-27T14:36:36.988+0000] {processor.py:161} INFO - Started process (PID=51) to work on /home/airflow/.local/lib/python3.12/site-packages/airflow/example_dags/example_sensor_decorator.py
[2024-06-27T14:36:36.992+0000] {processor.py:830} INFO - Processing file /home/airflow/.local/lib/python3.12/site-packages/airflow/example_dags/example_sensor_decorator.py for tasks to queue
[2024-06-27T14:36:37.000+0000] {logging_mixin.py:188} INFO - [2024-06-27T14:36:36.998+0000] {dagbag.py:545} INFO - Filling up the DagBag from /home/airflow/.local/lib/python3.12/site-packages/airflow/example_dags/example_sensor_decorator.py
[2024-06-27T14:36:37.097+0000] {processor.py:840} INFO - DAG(s) 'example_sensor_decorator' retrieved from /home/airflow/.local/lib/python3.12/site-packages/airflow/example_dags/example_sensor_decorator.py
[2024-06-27T14:36:37.525+0000] {logging_mixin.py:188} INFO - [2024-06-27T14:36:37.523+0000] {override.py:1829} INFO - Created Permission View: can edit on DAG:example_sensor_decorator
[2024-06-27T14:36:37.566+0000] {logging_mixin.py:188} INFO - [2024-06-27T14:36:37.565+0000] {override.py:1829} INFO - Created Permission View: can delete on DAG:example_sensor_decorator
[2024-06-27T14:36:37.591+0000] {logging_mixin.py:188} INFO - [2024-06-27T14:36:37.590+0000] {override.py:1829} INFO - Created Permission View: can read on DAG:example_sensor_decorator
[2024-06-27T14:36:37.595+0000] {logging_mixin.py:188} INFO - [2024-06-27T14:36:37.594+0000] {dag.py:3096} INFO - Sync 1 DAGs
[2024-06-27T14:36:37.665+0000] {logging_mixin.py:188} INFO - [2024-06-27T14:36:37.664+0000] {dag.py:3118} INFO - Creating ORM DAG for example_sensor_decorator
[2024-06-27T14:36:37.671+0000] {logging_mixin.py:188} INFO - [2024-06-27T14:36:37.670+0000] {dag.py:3954} INFO - Setting next_dagrun for example_sensor_decorator to None, run_after=None
[2024-06-27T14:36:37.736+0000] {processor.py:183} INFO - Processing /home/airflow/.local/lib/python3.12/site-packages/airflow/example_dags/example_sensor_decorator.py took 0.767 seconds
[2024-06-27T14:37:08.434+0000] {processor.py:161} INFO - Started process (PID=109) to work on /home/airflow/.local/lib/python3.12/site-packages/airflow/example_dags/example_sensor_decorator.py
[2024-06-27T14:37:08.436+0000] {processor.py:830} INFO - Processing file /home/airflow/.local/lib/python3.12/site-packages/airflow/example_dags/example_sensor_decorator.py for tasks to queue
[2024-06-27T14:37:08.439+0000] {logging_mixin.py:188} INFO - [2024-06-27T14:37:08.439+0000] {dagbag.py:545} INFO - Filling up the DagBag from /home/airflow/.local/lib/python3.12/site-packages/airflow/example_dags/example_sensor_decorator.py
[2024-06-27T14:37:08.447+0000] {processor.py:840} INFO - DAG(s) 'example_sensor_decorator' retrieved from /home/airflow/.local/lib/python3.12/site-packages/airflow/example_dags/example_sensor_decorator.py
[2024-06-27T14:37:08.480+0000] {logging_mixin.py:188} INFO - [2024-06-27T14:37:08.480+0000] {dag.py:3096} INFO - Sync 1 DAGs
[2024-06-27T14:37:08.500+0000] {logging_mixin.py:188} INFO - [2024-06-27T14:37:08.500+0000] {dag.py:3954} INFO - Setting next_dagrun for example_sensor_decorator to None, run_after=None
[2024-06-27T14:37:08.531+0000] {processor.py:183} INFO - Processing /home/airflow/.local/lib/python3.12/site-packages/airflow/example_dags/example_sensor_decorator.py took 0.105 seconds
[2024-06-27T14:37:38.933+0000] {processor.py:161} INFO - Started process (PID=167) to work on /home/airflow/.local/lib/python3.12/site-packages/airflow/example_dags/example_sensor_decorator.py
[2024-06-27T14:37:38.934+0000] {processor.py:830} INFO - Processing file /home/airflow/.local/lib/python3.12/site-packages/airflow/example_dags/example_sensor_decorator.py for tasks to queue
[2024-06-27T14:37:38.937+0000] {logging_mixin.py:188} INFO - [2024-06-27T14:37:38.937+0000] {dagbag.py:545} INFO - Filling up the DagBag from /home/airflow/.local/lib/python3.12/site-packages/airflow/example_dags/example_sensor_decorator.py
[2024-06-27T14:37:38.945+0000] {processor.py:840} INFO - DAG(s) 'example_sensor_decorator' retrieved from /home/airflow/.local/lib/python3.12/site-packages/airflow/example_dags/example_sensor_decorator.py
[2024-06-27T14:37:38.972+0000] {logging_mixin.py:188} INFO - [2024-06-27T14:37:38.972+0000] {dag.py:3096} INFO - Sync 1 DAGs
[2024-06-27T14:37:38.989+0000] {logging_mixin.py:188} INFO - [2024-06-27T14:37:38.989+0000] {dag.py:3954} INFO - Setting next_dagrun for example_sensor_decorator to None, run_after=None
[2024-06-27T14:37:39.021+0000] {processor.py:183} INFO - Processing /home/airflow/.local/lib/python3.12/site-packages/airflow/example_dags/example_sensor_decorator.py took 0.095 seconds
[2024-06-27T14:38:09.150+0000] {processor.py:161} INFO - Started process (PID=225) to work on /home/airflow/.local/lib/python3.12/site-packages/airflow/example_dags/example_sensor_decorator.py
[2024-06-27T14:38:09.151+0000] {processor.py:830} INFO - Processing file /home/airflow/.local/lib/python3.12/site-packages/airflow/example_dags/example_sensor_decorator.py for tasks to queue
[2024-06-27T14:38:09.154+0000] {logging_mixin.py:188} INFO - [2024-06-27T14:38:09.153+0000] {dagbag.py:545} INFO - Filling up the DagBag from /home/airflow/.local/lib/python3.12/site-packages/airflow/example_dags/example_sensor_decorator.py
[2024-06-27T14:38:09.162+0000] {processor.py:840} INFO - DAG(s) 'example_sensor_decorator' retrieved from /home/airflow/.local/lib/python3.12/site-packages/airflow/example_dags/example_sensor_decorator.py
[2024-06-27T14:38:09.188+0000] {logging_mixin.py:188} INFO - [2024-06-27T14:38:09.188+0000] {dag.py:3096} INFO - Sync 1 DAGs
[2024-06-27T14:38:09.204+0000] {logging_mixin.py:188} INFO - [2024-06-27T14:38:09.204+0000] {dag.py:3954} INFO - Setting next_dagrun for example_sensor_decorator to None, run_after=None
[2024-06-27T14:38:09.230+0000] {processor.py:183} INFO - Processing /home/airflow/.local/lib/python3.12/site-packages/airflow/example_dags/example_sensor_decorator.py took 0.087 seconds
[2024-06-27T14:39:43.739+0000] {processor.py:161} INFO - Started process (PID=54) to work on /home/airflow/.local/lib/python3.12/site-packages/airflow/example_dags/example_sensor_decorator.py
[2024-06-27T14:39:43.747+0000] {processor.py:830} INFO - Processing file /home/airflow/.local/lib/python3.12/site-packages/airflow/example_dags/example_sensor_decorator.py for tasks to queue
[2024-06-27T14:39:43.752+0000] {logging_mixin.py:188} INFO - [2024-06-27T14:39:43.751+0000] {dagbag.py:545} INFO - Filling up the DagBag from /home/airflow/.local/lib/python3.12/site-packages/airflow/example_dags/example_sensor_decorator.py
[2024-06-27T14:39:43.778+0000] {processor.py:840} INFO - DAG(s) 'example_sensor_decorator' retrieved from /home/airflow/.local/lib/python3.12/site-packages/airflow/example_dags/example_sensor_decorator.py
[2024-06-27T14:39:44.055+0000] {logging_mixin.py:188} INFO - [2024-06-27T14:39:44.055+0000] {dag.py:3096} INFO - Sync 1 DAGs
[2024-06-27T14:39:44.079+0000] {logging_mixin.py:188} INFO - [2024-06-27T14:39:44.079+0000] {dag.py:3954} INFO - Setting next_dagrun for example_sensor_decorator to None, run_after=None
[2024-06-27T14:39:44.208+0000] {processor.py:183} INFO - Processing /home/airflow/.local/lib/python3.12/site-packages/airflow/example_dags/example_sensor_decorator.py took 0.491 seconds
[2024-06-27T14:40:14.542+0000] {processor.py:161} INFO - Started process (PID=112) to work on /home/airflow/.local/lib/python3.12/site-packages/airflow/example_dags/example_sensor_decorator.py
[2024-06-27T14:40:14.543+0000] {processor.py:830} INFO - Processing file /home/airflow/.local/lib/python3.12/site-packages/airflow/example_dags/example_sensor_decorator.py for tasks to queue
[2024-06-27T14:40:14.546+0000] {logging_mixin.py:188} INFO - [2024-06-27T14:40:14.545+0000] {dagbag.py:545} INFO - Filling up the DagBag from /home/airflow/.local/lib/python3.12/site-packages/airflow/example_dags/example_sensor_decorator.py
[2024-06-27T14:40:14.554+0000] {processor.py:840} INFO - DAG(s) 'example_sensor_decorator' retrieved from /home/airflow/.local/lib/python3.12/site-packages/airflow/example_dags/example_sensor_decorator.py
[2024-06-27T14:40:14.582+0000] {logging_mixin.py:188} INFO - [2024-06-27T14:40:14.582+0000] {dag.py:3096} INFO - Sync 1 DAGs
[2024-06-27T14:40:14.599+0000] {logging_mixin.py:188} INFO - [2024-06-27T14:40:14.599+0000] {dag.py:3954} INFO - Setting next_dagrun for example_sensor_decorator to None, run_after=None
[2024-06-27T14:40:14.642+0000] {processor.py:183} INFO - Processing /home/airflow/.local/lib/python3.12/site-packages/airflow/example_dags/example_sensor_decorator.py took 0.108 seconds
[2024-06-27T14:40:44.838+0000] {processor.py:161} INFO - Started process (PID=171) to work on /home/airflow/.local/lib/python3.12/site-packages/airflow/example_dags/example_sensor_decorator.py
[2024-06-27T14:40:44.840+0000] {processor.py:830} INFO - Processing file /home/airflow/.local/lib/python3.12/site-packages/airflow/example_dags/example_sensor_decorator.py for tasks to queue
[2024-06-27T14:40:44.842+0000] {logging_mixin.py:188} INFO - [2024-06-27T14:40:44.842+0000] {dagbag.py:545} INFO - Filling up the DagBag from /home/airflow/.local/lib/python3.12/site-packages/airflow/example_dags/example_sensor_decorator.py
[2024-06-27T14:40:44.851+0000] {processor.py:840} INFO - DAG(s) 'example_sensor_decorator' retrieved from /home/airflow/.local/lib/python3.12/site-packages/airflow/example_dags/example_sensor_decorator.py
[2024-06-27T14:40:44.878+0000] {logging_mixin.py:188} INFO - [2024-06-27T14:40:44.878+0000] {dag.py:3096} INFO - Sync 1 DAGs
[2024-06-27T14:40:44.894+0000] {logging_mixin.py:188} INFO - [2024-06-27T14:40:44.894+0000] {dag.py:3954} INFO - Setting next_dagrun for example_sensor_decorator to None, run_after=None
[2024-06-27T14:40:44.923+0000] {processor.py:183} INFO - Processing /home/airflow/.local/lib/python3.12/site-packages/airflow/example_dags/example_sensor_decorator.py took 0.092 seconds
[2024-06-27T14:41:15.279+0000] {processor.py:161} INFO - Started process (PID=230) to work on /home/airflow/.local/lib/python3.12/site-packages/airflow/example_dags/example_sensor_decorator.py
[2024-06-27T14:41:15.281+0000] {processor.py:830} INFO - Processing file /home/airflow/.local/lib/python3.12/site-packages/airflow/example_dags/example_sensor_decorator.py for tasks to queue
[2024-06-27T14:41:15.284+0000] {logging_mixin.py:188} INFO - [2024-06-27T14:41:15.283+0000] {dagbag.py:545} INFO - Filling up the DagBag from /home/airflow/.local/lib/python3.12/site-packages/airflow/example_dags/example_sensor_decorator.py
[2024-06-27T14:41:15.292+0000] {processor.py:840} INFO - DAG(s) 'example_sensor_decorator' retrieved from /home/airflow/.local/lib/python3.12/site-packages/airflow/example_dags/example_sensor_decorator.py
[2024-06-27T14:41:15.318+0000] {logging_mixin.py:188} INFO - [2024-06-27T14:41:15.318+0000] {dag.py:3096} INFO - Sync 1 DAGs
[2024-06-27T14:41:15.336+0000] {logging_mixin.py:188} INFO - [2024-06-27T14:41:15.336+0000] {dag.py:3954} INFO - Setting next_dagrun for example_sensor_decorator to None, run_after=None
[2024-06-27T14:41:15.363+0000] {processor.py:183} INFO - Processing /home/airflow/.local/lib/python3.12/site-packages/airflow/example_dags/example_sensor_decorator.py took 0.092 seconds
[2024-06-27T14:41:45.478+0000] {processor.py:161} INFO - Started process (PID=289) to work on /home/airflow/.local/lib/python3.12/site-packages/airflow/example_dags/example_sensor_decorator.py
[2024-06-27T14:41:45.480+0000] {processor.py:830} INFO - Processing file /home/airflow/.local/lib/python3.12/site-packages/airflow/example_dags/example_sensor_decorator.py for tasks to queue
[2024-06-27T14:41:45.483+0000] {logging_mixin.py:188} INFO - [2024-06-27T14:41:45.482+0000] {dagbag.py:545} INFO - Filling up the DagBag from /home/airflow/.local/lib/python3.12/site-packages/airflow/example_dags/example_sensor_decorator.py
[2024-06-27T14:41:45.491+0000] {processor.py:840} INFO - DAG(s) 'example_sensor_decorator' retrieved from /home/airflow/.local/lib/python3.12/site-packages/airflow/example_dags/example_sensor_decorator.py
[2024-06-27T14:41:45.521+0000] {logging_mixin.py:188} INFO - [2024-06-27T14:41:45.521+0000] {dag.py:3096} INFO - Sync 1 DAGs
[2024-06-27T14:41:45.537+0000] {logging_mixin.py:188} INFO - [2024-06-27T14:41:45.537+0000] {dag.py:3954} INFO - Setting next_dagrun for example_sensor_decorator to None, run_after=None
[2024-06-27T14:41:45.567+0000] {processor.py:183} INFO - Processing /home/airflow/.local/lib/python3.12/site-packages/airflow/example_dags/example_sensor_decorator.py took 0.097 seconds
[2024-06-27T14:42:15.920+0000] {processor.py:161} INFO - Started process (PID=348) to work on /home/airflow/.local/lib/python3.12/site-packages/airflow/example_dags/example_sensor_decorator.py
[2024-06-27T14:42:15.922+0000] {processor.py:830} INFO - Processing file /home/airflow/.local/lib/python3.12/site-packages/airflow/example_dags/example_sensor_decorator.py for tasks to queue
[2024-06-27T14:42:15.925+0000] {logging_mixin.py:188} INFO - [2024-06-27T14:42:15.925+0000] {dagbag.py:545} INFO - Filling up the DagBag from /home/airflow/.local/lib/python3.12/site-packages/airflow/example_dags/example_sensor_decorator.py
[2024-06-27T14:42:15.935+0000] {processor.py:840} INFO - DAG(s) 'example_sensor_decorator' retrieved from /home/airflow/.local/lib/python3.12/site-packages/airflow/example_dags/example_sensor_decorator.py
[2024-06-27T14:42:15.963+0000] {logging_mixin.py:188} INFO - [2024-06-27T14:42:15.963+0000] {dag.py:3096} INFO - Sync 1 DAGs
[2024-06-27T14:42:15.982+0000] {logging_mixin.py:188} INFO - [2024-06-27T14:42:15.981+0000] {dag.py:3954} INFO - Setting next_dagrun for example_sensor_decorator to None, run_after=None
[2024-06-27T14:42:16.012+0000] {processor.py:183} INFO - Processing /home/airflow/.local/lib/python3.12/site-packages/airflow/example_dags/example_sensor_decorator.py took 0.100 seconds
[2024-06-27T14:43:58.614+0000] {processor.py:161} INFO - Started process (PID=48) to work on /home/airflow/.local/lib/python3.12/site-packages/airflow/example_dags/example_sensor_decorator.py
[2024-06-27T14:43:58.617+0000] {processor.py:830} INFO - Processing file /home/airflow/.local/lib/python3.12/site-packages/airflow/example_dags/example_sensor_decorator.py for tasks to queue
[2024-06-27T14:43:58.620+0000] {logging_mixin.py:188} INFO - [2024-06-27T14:43:58.620+0000] {dagbag.py:545} INFO - Filling up the DagBag from /home/airflow/.local/lib/python3.12/site-packages/airflow/example_dags/example_sensor_decorator.py
[2024-06-27T14:43:58.638+0000] {processor.py:840} INFO - DAG(s) 'example_sensor_decorator' retrieved from /home/airflow/.local/lib/python3.12/site-packages/airflow/example_dags/example_sensor_decorator.py
[2024-06-27T14:43:58.890+0000] {logging_mixin.py:188} INFO - [2024-06-27T14:43:58.889+0000] {dag.py:3096} INFO - Sync 1 DAGs
[2024-06-27T14:43:58.925+0000] {logging_mixin.py:188} INFO - [2024-06-27T14:43:58.925+0000] {dag.py:3954} INFO - Setting next_dagrun for example_sensor_decorator to None, run_after=None
[2024-06-27T14:43:58.996+0000] {processor.py:183} INFO - Processing /home/airflow/.local/lib/python3.12/site-packages/airflow/example_dags/example_sensor_decorator.py took 0.393 seconds
[2024-06-27T14:44:23.944+0000] {processor.py:161} INFO - Started process (PID=48) to work on /home/airflow/.local/lib/python3.12/site-packages/airflow/example_dags/example_sensor_decorator.py
[2024-06-27T14:44:23.948+0000] {processor.py:830} INFO - Processing file /home/airflow/.local/lib/python3.12/site-packages/airflow/example_dags/example_sensor_decorator.py for tasks to queue
[2024-06-27T14:44:23.958+0000] {logging_mixin.py:188} INFO - [2024-06-27T14:44:23.956+0000] {dagbag.py:545} INFO - Filling up the DagBag from /home/airflow/.local/lib/python3.12/site-packages/airflow/example_dags/example_sensor_decorator.py
[2024-06-27T14:44:23.983+0000] {processor.py:840} INFO - DAG(s) 'example_sensor_decorator' retrieved from /home/airflow/.local/lib/python3.12/site-packages/airflow/example_dags/example_sensor_decorator.py
[2024-06-27T14:44:24.019+0000] {logging_mixin.py:188} INFO - [2024-06-27T14:44:24.018+0000] {dag.py:3096} INFO - Sync 1 DAGs
[2024-06-27T14:44:24.064+0000] {logging_mixin.py:188} INFO - [2024-06-27T14:44:24.063+0000] {dag.py:3954} INFO - Setting next_dagrun for example_sensor_decorator to None, run_after=None
[2024-06-27T14:44:24.120+0000] {processor.py:183} INFO - Processing /home/airflow/.local/lib/python3.12/site-packages/airflow/example_dags/example_sensor_decorator.py took 0.195 seconds
[2024-06-27T14:44:54.241+0000] {processor.py:161} INFO - Started process (PID=106) to work on /home/airflow/.local/lib/python3.12/site-packages/airflow/example_dags/example_sensor_decorator.py
[2024-06-27T14:44:54.244+0000] {processor.py:830} INFO - Processing file /home/airflow/.local/lib/python3.12/site-packages/airflow/example_dags/example_sensor_decorator.py for tasks to queue
[2024-06-27T14:44:54.246+0000] {logging_mixin.py:188} INFO - [2024-06-27T14:44:54.246+0000] {dagbag.py:545} INFO - Filling up the DagBag from /home/airflow/.local/lib/python3.12/site-packages/airflow/example_dags/example_sensor_decorator.py
[2024-06-27T14:44:54.255+0000] {processor.py:840} INFO - DAG(s) 'example_sensor_decorator' retrieved from /home/airflow/.local/lib/python3.12/site-packages/airflow/example_dags/example_sensor_decorator.py
[2024-06-27T14:44:54.282+0000] {logging_mixin.py:188} INFO - [2024-06-27T14:44:54.282+0000] {dag.py:3096} INFO - Sync 1 DAGs
[2024-06-27T14:44:54.297+0000] {logging_mixin.py:188} INFO - [2024-06-27T14:44:54.297+0000] {dag.py:3954} INFO - Setting next_dagrun for example_sensor_decorator to None, run_after=None
[2024-06-27T14:44:54.327+0000] {processor.py:183} INFO - Processing /home/airflow/.local/lib/python3.12/site-packages/airflow/example_dags/example_sensor_decorator.py took 0.093 seconds
[2024-06-27T14:45:24.450+0000] {processor.py:161} INFO - Started process (PID=165) to work on /home/airflow/.local/lib/python3.12/site-packages/airflow/example_dags/example_sensor_decorator.py
[2024-06-27T14:45:24.453+0000] {processor.py:830} INFO - Processing file /home/airflow/.local/lib/python3.12/site-packages/airflow/example_dags/example_sensor_decorator.py for tasks to queue
[2024-06-27T14:45:24.456+0000] {logging_mixin.py:188} INFO - [2024-06-27T14:45:24.456+0000] {dagbag.py:545} INFO - Filling up the DagBag from /home/airflow/.local/lib/python3.12/site-packages/airflow/example_dags/example_sensor_decorator.py
[2024-06-27T14:45:24.465+0000] {processor.py:840} INFO - DAG(s) 'example_sensor_decorator' retrieved from /home/airflow/.local/lib/python3.12/site-packages/airflow/example_dags/example_sensor_decorator.py
[2024-06-27T14:45:24.493+0000] {logging_mixin.py:188} INFO - [2024-06-27T14:45:24.492+0000] {dag.py:3096} INFO - Sync 1 DAGs
[2024-06-27T14:45:24.511+0000] {logging_mixin.py:188} INFO - [2024-06-27T14:45:24.511+0000] {dag.py:3954} INFO - Setting next_dagrun for example_sensor_decorator to None, run_after=None
[2024-06-27T14:45:24.538+0000] {processor.py:183} INFO - Processing /home/airflow/.local/lib/python3.12/site-packages/airflow/example_dags/example_sensor_decorator.py took 0.096 seconds
[2024-06-27T14:45:54.856+0000] {processor.py:161} INFO - Started process (PID=224) to work on /home/airflow/.local/lib/python3.12/site-packages/airflow/example_dags/example_sensor_decorator.py
[2024-06-27T14:45:54.858+0000] {processor.py:830} INFO - Processing file /home/airflow/.local/lib/python3.12/site-packages/airflow/example_dags/example_sensor_decorator.py for tasks to queue
[2024-06-27T14:45:54.861+0000] {logging_mixin.py:188} INFO - [2024-06-27T14:45:54.860+0000] {dagbag.py:545} INFO - Filling up the DagBag from /home/airflow/.local/lib/python3.12/site-packages/airflow/example_dags/example_sensor_decorator.py
[2024-06-27T14:45:54.869+0000] {processor.py:840} INFO - DAG(s) 'example_sensor_decorator' retrieved from /home/airflow/.local/lib/python3.12/site-packages/airflow/example_dags/example_sensor_decorator.py
[2024-06-27T14:45:54.896+0000] {logging_mixin.py:188} INFO - [2024-06-27T14:45:54.895+0000] {dag.py:3096} INFO - Sync 1 DAGs
[2024-06-27T14:45:54.911+0000] {logging_mixin.py:188} INFO - [2024-06-27T14:45:54.911+0000] {dag.py:3954} INFO - Setting next_dagrun for example_sensor_decorator to None, run_after=None
[2024-06-27T14:45:54.937+0000] {processor.py:183} INFO - Processing /home/airflow/.local/lib/python3.12/site-packages/airflow/example_dags/example_sensor_decorator.py took 0.088 seconds
[2024-06-27T14:46:25.009+0000] {processor.py:161} INFO - Started process (PID=283) to work on /home/airflow/.local/lib/python3.12/site-packages/airflow/example_dags/example_sensor_decorator.py
[2024-06-27T14:46:25.011+0000] {processor.py:830} INFO - Processing file /home/airflow/.local/lib/python3.12/site-packages/airflow/example_dags/example_sensor_decorator.py for tasks to queue
[2024-06-27T14:46:25.014+0000] {logging_mixin.py:188} INFO - [2024-06-27T14:46:25.014+0000] {dagbag.py:545} INFO - Filling up the DagBag from /home/airflow/.local/lib/python3.12/site-packages/airflow/example_dags/example_sensor_decorator.py
[2024-06-27T14:46:25.022+0000] {processor.py:840} INFO - DAG(s) 'example_sensor_decorator' retrieved from /home/airflow/.local/lib/python3.12/site-packages/airflow/example_dags/example_sensor_decorator.py
[2024-06-27T14:46:25.047+0000] {logging_mixin.py:188} INFO - [2024-06-27T14:46:25.047+0000] {dag.py:3096} INFO - Sync 1 DAGs
[2024-06-27T14:46:25.063+0000] {logging_mixin.py:188} INFO - [2024-06-27T14:46:25.063+0000] {dag.py:3954} INFO - Setting next_dagrun for example_sensor_decorator to None, run_after=None
[2024-06-27T14:46:25.088+0000] {processor.py:183} INFO - Processing /home/airflow/.local/lib/python3.12/site-packages/airflow/example_dags/example_sensor_decorator.py took 0.088 seconds
[2024-06-27T14:58:57.660+0000] {processor.py:161} INFO - Started process (PID=53) to work on /home/airflow/.local/lib/python3.12/site-packages/airflow/example_dags/example_sensor_decorator.py
[2024-06-27T14:58:57.667+0000] {processor.py:830} INFO - Processing file /home/airflow/.local/lib/python3.12/site-packages/airflow/example_dags/example_sensor_decorator.py for tasks to queue
[2024-06-27T14:58:57.673+0000] {logging_mixin.py:188} INFO - [2024-06-27T14:58:57.672+0000] {dagbag.py:545} INFO - Filling up the DagBag from /home/airflow/.local/lib/python3.12/site-packages/airflow/example_dags/example_sensor_decorator.py
[2024-06-27T14:58:57.697+0000] {processor.py:840} INFO - DAG(s) 'example_sensor_decorator' retrieved from /home/airflow/.local/lib/python3.12/site-packages/airflow/example_dags/example_sensor_decorator.py
[2024-06-27T14:58:57.739+0000] {logging_mixin.py:188} INFO - [2024-06-27T14:58:57.738+0000] {dag.py:3096} INFO - Sync 1 DAGs
[2024-06-27T14:58:57.789+0000] {logging_mixin.py:188} INFO - [2024-06-27T14:58:57.788+0000] {dag.py:3954} INFO - Setting next_dagrun for example_sensor_decorator to None, run_after=None
[2024-06-27T14:58:57.856+0000] {processor.py:183} INFO - Processing /home/airflow/.local/lib/python3.12/site-packages/airflow/example_dags/example_sensor_decorator.py took 0.209 seconds
[2024-06-27T14:59:29.356+0000] {processor.py:161} INFO - Started process (PID=112) to work on /home/airflow/.local/lib/python3.12/site-packages/airflow/example_dags/example_sensor_decorator.py
[2024-06-27T14:59:29.358+0000] {processor.py:830} INFO - Processing file /home/airflow/.local/lib/python3.12/site-packages/airflow/example_dags/example_sensor_decorator.py for tasks to queue
[2024-06-27T14:59:29.362+0000] {logging_mixin.py:188} INFO - [2024-06-27T14:59:29.362+0000] {dagbag.py:545} INFO - Filling up the DagBag from /home/airflow/.local/lib/python3.12/site-packages/airflow/example_dags/example_sensor_decorator.py
[2024-06-27T14:59:29.375+0000] {processor.py:840} INFO - DAG(s) 'example_sensor_decorator' retrieved from /home/airflow/.local/lib/python3.12/site-packages/airflow/example_dags/example_sensor_decorator.py
[2024-06-27T14:59:29.556+0000] {logging_mixin.py:188} INFO - [2024-06-27T14:59:29.556+0000] {dag.py:3096} INFO - Sync 1 DAGs
[2024-06-27T14:59:29.572+0000] {logging_mixin.py:188} INFO - [2024-06-27T14:59:29.572+0000] {dag.py:3954} INFO - Setting next_dagrun for example_sensor_decorator to None, run_after=None
[2024-06-27T14:59:29.609+0000] {processor.py:183} INFO - Processing /home/airflow/.local/lib/python3.12/site-packages/airflow/example_dags/example_sensor_decorator.py took 0.264 seconds
[2024-06-27T15:00:00.573+0000] {processor.py:161} INFO - Started process (PID=171) to work on /home/airflow/.local/lib/python3.12/site-packages/airflow/example_dags/example_sensor_decorator.py
[2024-06-27T15:00:00.575+0000] {processor.py:830} INFO - Processing file /home/airflow/.local/lib/python3.12/site-packages/airflow/example_dags/example_sensor_decorator.py for tasks to queue
[2024-06-27T15:00:00.578+0000] {logging_mixin.py:188} INFO - [2024-06-27T15:00:00.577+0000] {dagbag.py:545} INFO - Filling up the DagBag from /home/airflow/.local/lib/python3.12/site-packages/airflow/example_dags/example_sensor_decorator.py
[2024-06-27T15:00:00.586+0000] {processor.py:840} INFO - DAG(s) 'example_sensor_decorator' retrieved from /home/airflow/.local/lib/python3.12/site-packages/airflow/example_dags/example_sensor_decorator.py
[2024-06-27T15:00:00.616+0000] {logging_mixin.py:188} INFO - [2024-06-27T15:00:00.615+0000] {dag.py:3096} INFO - Sync 1 DAGs
[2024-06-27T15:00:00.635+0000] {logging_mixin.py:188} INFO - [2024-06-27T15:00:00.635+0000] {dag.py:3954} INFO - Setting next_dagrun for example_sensor_decorator to None, run_after=None
[2024-06-27T15:00:00.666+0000] {processor.py:183} INFO - Processing /home/airflow/.local/lib/python3.12/site-packages/airflow/example_dags/example_sensor_decorator.py took 0.101 seconds
[2024-06-27T15:00:31.361+0000] {processor.py:161} INFO - Started process (PID=230) to work on /home/airflow/.local/lib/python3.12/site-packages/airflow/example_dags/example_sensor_decorator.py
[2024-06-27T15:00:31.363+0000] {processor.py:830} INFO - Processing file /home/airflow/.local/lib/python3.12/site-packages/airflow/example_dags/example_sensor_decorator.py for tasks to queue
[2024-06-27T15:00:31.366+0000] {logging_mixin.py:188} INFO - [2024-06-27T15:00:31.366+0000] {dagbag.py:545} INFO - Filling up the DagBag from /home/airflow/.local/lib/python3.12/site-packages/airflow/example_dags/example_sensor_decorator.py
[2024-06-27T15:00:31.375+0000] {processor.py:840} INFO - DAG(s) 'example_sensor_decorator' retrieved from /home/airflow/.local/lib/python3.12/site-packages/airflow/example_dags/example_sensor_decorator.py
[2024-06-27T15:00:31.408+0000] {logging_mixin.py:188} INFO - [2024-06-27T15:00:31.407+0000] {dag.py:3096} INFO - Sync 1 DAGs
[2024-06-27T15:00:31.430+0000] {logging_mixin.py:188} INFO - [2024-06-27T15:00:31.430+0000] {dag.py:3954} INFO - Setting next_dagrun for example_sensor_decorator to None, run_after=None
[2024-06-27T15:00:31.464+0000] {processor.py:183} INFO - Processing /home/airflow/.local/lib/python3.12/site-packages/airflow/example_dags/example_sensor_decorator.py took 0.112 seconds
[2024-06-27T15:02:15.164+0000] {processor.py:161} INFO - Started process (PID=64) to work on /home/airflow/.local/lib/python3.12/site-packages/airflow/example_dags/example_sensor_decorator.py
[2024-06-27T15:02:15.166+0000] {processor.py:830} INFO - Processing file /home/airflow/.local/lib/python3.12/site-packages/airflow/example_dags/example_sensor_decorator.py for tasks to queue
[2024-06-27T15:02:15.170+0000] {logging_mixin.py:188} INFO - [2024-06-27T15:02:15.170+0000] {dagbag.py:545} INFO - Filling up the DagBag from /home/airflow/.local/lib/python3.12/site-packages/airflow/example_dags/example_sensor_decorator.py
[2024-06-27T15:02:15.190+0000] {processor.py:840} INFO - DAG(s) 'example_sensor_decorator' retrieved from /home/airflow/.local/lib/python3.12/site-packages/airflow/example_dags/example_sensor_decorator.py
[2024-06-27T15:02:15.452+0000] {logging_mixin.py:188} INFO - [2024-06-27T15:02:15.451+0000] {dag.py:3096} INFO - Sync 1 DAGs
[2024-06-27T15:02:15.477+0000] {logging_mixin.py:188} INFO - [2024-06-27T15:02:15.476+0000] {dag.py:3954} INFO - Setting next_dagrun for example_sensor_decorator to None, run_after=None
[2024-06-27T15:02:15.522+0000] {processor.py:183} INFO - Processing /home/airflow/.local/lib/python3.12/site-packages/airflow/example_dags/example_sensor_decorator.py took 0.368 seconds
[2024-06-27T15:02:45.809+0000] {processor.py:161} INFO - Started process (PID=131) to work on /home/airflow/.local/lib/python3.12/site-packages/airflow/example_dags/example_sensor_decorator.py
[2024-06-27T15:02:45.811+0000] {processor.py:830} INFO - Processing file /home/airflow/.local/lib/python3.12/site-packages/airflow/example_dags/example_sensor_decorator.py for tasks to queue
[2024-06-27T15:02:45.813+0000] {logging_mixin.py:188} INFO - [2024-06-27T15:02:45.813+0000] {dagbag.py:545} INFO - Filling up the DagBag from /home/airflow/.local/lib/python3.12/site-packages/airflow/example_dags/example_sensor_decorator.py
[2024-06-27T15:02:45.823+0000] {processor.py:840} INFO - DAG(s) 'example_sensor_decorator' retrieved from /home/airflow/.local/lib/python3.12/site-packages/airflow/example_dags/example_sensor_decorator.py
[2024-06-27T15:02:45.853+0000] {logging_mixin.py:188} INFO - [2024-06-27T15:02:45.853+0000] {dag.py:3096} INFO - Sync 1 DAGs
[2024-06-27T15:02:45.871+0000] {logging_mixin.py:188} INFO - [2024-06-27T15:02:45.870+0000] {dag.py:3954} INFO - Setting next_dagrun for example_sensor_decorator to None, run_after=None
[2024-06-27T15:02:45.903+0000] {processor.py:183} INFO - Processing /home/airflow/.local/lib/python3.12/site-packages/airflow/example_dags/example_sensor_decorator.py took 0.102 seconds
[2024-06-27T15:03:16.340+0000] {processor.py:161} INFO - Started process (PID=199) to work on /home/airflow/.local/lib/python3.12/site-packages/airflow/example_dags/example_sensor_decorator.py
[2024-06-27T15:03:16.344+0000] {processor.py:830} INFO - Processing file /home/airflow/.local/lib/python3.12/site-packages/airflow/example_dags/example_sensor_decorator.py for tasks to queue
[2024-06-27T15:03:16.347+0000] {logging_mixin.py:188} INFO - [2024-06-27T15:03:16.347+0000] {dagbag.py:545} INFO - Filling up the DagBag from /home/airflow/.local/lib/python3.12/site-packages/airflow/example_dags/example_sensor_decorator.py
[2024-06-27T15:03:16.357+0000] {processor.py:840} INFO - DAG(s) 'example_sensor_decorator' retrieved from /home/airflow/.local/lib/python3.12/site-packages/airflow/example_dags/example_sensor_decorator.py
[2024-06-27T15:03:16.385+0000] {logging_mixin.py:188} INFO - [2024-06-27T15:03:16.384+0000] {dag.py:3096} INFO - Sync 1 DAGs
[2024-06-27T15:03:16.402+0000] {logging_mixin.py:188} INFO - [2024-06-27T15:03:16.402+0000] {dag.py:3954} INFO - Setting next_dagrun for example_sensor_decorator to None, run_after=None
[2024-06-27T15:03:16.432+0000] {processor.py:183} INFO - Processing /home/airflow/.local/lib/python3.12/site-packages/airflow/example_dags/example_sensor_decorator.py took 0.100 seconds
[2024-06-27T15:03:47.999+0000] {processor.py:161} INFO - Started process (PID=259) to work on /home/airflow/.local/lib/python3.12/site-packages/airflow/example_dags/example_sensor_decorator.py
[2024-06-27T15:03:48.004+0000] {processor.py:830} INFO - Processing file /home/airflow/.local/lib/python3.12/site-packages/airflow/example_dags/example_sensor_decorator.py for tasks to queue
[2024-06-27T15:03:48.016+0000] {logging_mixin.py:188} INFO - [2024-06-27T15:03:48.015+0000] {dagbag.py:545} INFO - Filling up the DagBag from /home/airflow/.local/lib/python3.12/site-packages/airflow/example_dags/example_sensor_decorator.py
[2024-06-27T15:03:48.040+0000] {processor.py:840} INFO - DAG(s) 'example_sensor_decorator' retrieved from /home/airflow/.local/lib/python3.12/site-packages/airflow/example_dags/example_sensor_decorator.py
[2024-06-27T15:03:48.171+0000] {logging_mixin.py:188} INFO - [2024-06-27T15:03:48.170+0000] {dag.py:3096} INFO - Sync 1 DAGs
[2024-06-27T15:03:48.385+0000] {logging_mixin.py:188} INFO - [2024-06-27T15:03:48.385+0000] {dag.py:3954} INFO - Setting next_dagrun for example_sensor_decorator to None, run_after=None
[2024-06-27T15:03:48.497+0000] {processor.py:183} INFO - Processing /home/airflow/.local/lib/python3.12/site-packages/airflow/example_dags/example_sensor_decorator.py took 0.528 seconds
[2024-06-27T15:04:19.006+0000] {processor.py:161} INFO - Started process (PID=342) to work on /home/airflow/.local/lib/python3.12/site-packages/airflow/example_dags/example_sensor_decorator.py
[2024-06-27T15:04:19.010+0000] {processor.py:830} INFO - Processing file /home/airflow/.local/lib/python3.12/site-packages/airflow/example_dags/example_sensor_decorator.py for tasks to queue
[2024-06-27T15:04:19.017+0000] {logging_mixin.py:188} INFO - [2024-06-27T15:04:19.016+0000] {dagbag.py:545} INFO - Filling up the DagBag from /home/airflow/.local/lib/python3.12/site-packages/airflow/example_dags/example_sensor_decorator.py
[2024-06-27T15:04:19.037+0000] {processor.py:840} INFO - DAG(s) 'example_sensor_decorator' retrieved from /home/airflow/.local/lib/python3.12/site-packages/airflow/example_dags/example_sensor_decorator.py
[2024-06-27T15:04:19.106+0000] {logging_mixin.py:188} INFO - [2024-06-27T15:04:19.106+0000] {dag.py:3096} INFO - Sync 1 DAGs
[2024-06-27T15:04:19.141+0000] {logging_mixin.py:188} INFO - [2024-06-27T15:04:19.141+0000] {dag.py:3954} INFO - Setting next_dagrun for example_sensor_decorator to None, run_after=None
[2024-06-27T15:04:19.196+0000] {processor.py:183} INFO - Processing /home/airflow/.local/lib/python3.12/site-packages/airflow/example_dags/example_sensor_decorator.py took 0.202 seconds
[2024-06-27T15:04:49.907+0000] {processor.py:161} INFO - Started process (PID=410) to work on /home/airflow/.local/lib/python3.12/site-packages/airflow/example_dags/example_sensor_decorator.py
[2024-06-27T15:04:49.957+0000] {processor.py:830} INFO - Processing file /home/airflow/.local/lib/python3.12/site-packages/airflow/example_dags/example_sensor_decorator.py for tasks to queue
[2024-06-27T15:04:49.975+0000] {logging_mixin.py:188} INFO - [2024-06-27T15:04:49.973+0000] {dagbag.py:545} INFO - Filling up the DagBag from /home/airflow/.local/lib/python3.12/site-packages/airflow/example_dags/example_sensor_decorator.py
[2024-06-27T15:04:50.053+0000] {processor.py:840} INFO - DAG(s) 'example_sensor_decorator' retrieved from /home/airflow/.local/lib/python3.12/site-packages/airflow/example_dags/example_sensor_decorator.py
[2024-06-27T15:04:50.227+0000] {logging_mixin.py:188} INFO - [2024-06-27T15:04:50.225+0000] {dag.py:3096} INFO - Sync 1 DAGs
[2024-06-27T15:04:50.323+0000] {logging_mixin.py:188} INFO - [2024-06-27T15:04:50.322+0000] {dag.py:3954} INFO - Setting next_dagrun for example_sensor_decorator to None, run_after=None
[2024-06-27T15:04:50.473+0000] {processor.py:183} INFO - Processing /home/airflow/.local/lib/python3.12/site-packages/airflow/example_dags/example_sensor_decorator.py took 0.628 seconds
[2024-06-27T15:05:21.164+0000] {processor.py:161} INFO - Started process (PID=505) to work on /home/airflow/.local/lib/python3.12/site-packages/airflow/example_dags/example_sensor_decorator.py
[2024-06-27T15:05:21.170+0000] {processor.py:830} INFO - Processing file /home/airflow/.local/lib/python3.12/site-packages/airflow/example_dags/example_sensor_decorator.py for tasks to queue
[2024-06-27T15:05:21.186+0000] {logging_mixin.py:188} INFO - [2024-06-27T15:05:21.185+0000] {dagbag.py:545} INFO - Filling up the DagBag from /home/airflow/.local/lib/python3.12/site-packages/airflow/example_dags/example_sensor_decorator.py
[2024-06-27T15:05:21.208+0000] {processor.py:840} INFO - DAG(s) 'example_sensor_decorator' retrieved from /home/airflow/.local/lib/python3.12/site-packages/airflow/example_dags/example_sensor_decorator.py
[2024-06-27T15:05:21.288+0000] {logging_mixin.py:188} INFO - [2024-06-27T15:05:21.287+0000] {dag.py:3096} INFO - Sync 1 DAGs
[2024-06-27T15:05:21.354+0000] {logging_mixin.py:188} INFO - [2024-06-27T15:05:21.354+0000] {dag.py:3954} INFO - Setting next_dagrun for example_sensor_decorator to None, run_after=None
[2024-06-27T15:05:21.462+0000] {processor.py:183} INFO - Processing /home/airflow/.local/lib/python3.12/site-packages/airflow/example_dags/example_sensor_decorator.py took 0.322 seconds
[2024-06-27T15:05:52.297+0000] {processor.py:161} INFO - Started process (PID=577) to work on /home/airflow/.local/lib/python3.12/site-packages/airflow/example_dags/example_sensor_decorator.py
[2024-06-27T15:05:52.300+0000] {processor.py:830} INFO - Processing file /home/airflow/.local/lib/python3.12/site-packages/airflow/example_dags/example_sensor_decorator.py for tasks to queue
[2024-06-27T15:05:52.311+0000] {logging_mixin.py:188} INFO - [2024-06-27T15:05:52.310+0000] {dagbag.py:545} INFO - Filling up the DagBag from /home/airflow/.local/lib/python3.12/site-packages/airflow/example_dags/example_sensor_decorator.py
[2024-06-27T15:05:52.327+0000] {processor.py:840} INFO - DAG(s) 'example_sensor_decorator' retrieved from /home/airflow/.local/lib/python3.12/site-packages/airflow/example_dags/example_sensor_decorator.py
[2024-06-27T15:05:52.394+0000] {logging_mixin.py:188} INFO - [2024-06-27T15:05:52.393+0000] {dag.py:3096} INFO - Sync 1 DAGs
[2024-06-27T15:05:52.433+0000] {logging_mixin.py:188} INFO - [2024-06-27T15:05:52.432+0000] {dag.py:3954} INFO - Setting next_dagrun for example_sensor_decorator to None, run_after=None
[2024-06-27T15:05:52.484+0000] {processor.py:183} INFO - Processing /home/airflow/.local/lib/python3.12/site-packages/airflow/example_dags/example_sensor_decorator.py took 0.206 seconds
[2024-06-27T15:06:23.299+0000] {processor.py:161} INFO - Started process (PID=659) to work on /home/airflow/.local/lib/python3.12/site-packages/airflow/example_dags/example_sensor_decorator.py
[2024-06-27T15:06:23.302+0000] {processor.py:830} INFO - Processing file /home/airflow/.local/lib/python3.12/site-packages/airflow/example_dags/example_sensor_decorator.py for tasks to queue
[2024-06-27T15:06:23.309+0000] {logging_mixin.py:188} INFO - [2024-06-27T15:06:23.308+0000] {dagbag.py:545} INFO - Filling up the DagBag from /home/airflow/.local/lib/python3.12/site-packages/airflow/example_dags/example_sensor_decorator.py
[2024-06-27T15:06:23.335+0000] {processor.py:840} INFO - DAG(s) 'example_sensor_decorator' retrieved from /home/airflow/.local/lib/python3.12/site-packages/airflow/example_dags/example_sensor_decorator.py
[2024-06-27T15:06:23.397+0000] {logging_mixin.py:188} INFO - [2024-06-27T15:06:23.396+0000] {dag.py:3096} INFO - Sync 1 DAGs
[2024-06-27T15:06:23.463+0000] {logging_mixin.py:188} INFO - [2024-06-27T15:06:23.463+0000] {dag.py:3954} INFO - Setting next_dagrun for example_sensor_decorator to None, run_after=None
[2024-06-27T15:06:23.579+0000] {processor.py:183} INFO - Processing /home/airflow/.local/lib/python3.12/site-packages/airflow/example_dags/example_sensor_decorator.py took 0.305 seconds
[2024-06-27T15:06:59.159+0000] {processor.py:161} INFO - Started process (PID=747) to work on /home/airflow/.local/lib/python3.12/site-packages/airflow/example_dags/example_sensor_decorator.py
[2024-06-27T15:06:59.210+0000] {processor.py:830} INFO - Processing file /home/airflow/.local/lib/python3.12/site-packages/airflow/example_dags/example_sensor_decorator.py for tasks to queue
[2024-06-27T15:06:59.233+0000] {logging_mixin.py:188} INFO - [2024-06-27T15:06:59.232+0000] {dagbag.py:545} INFO - Filling up the DagBag from /home/airflow/.local/lib/python3.12/site-packages/airflow/example_dags/example_sensor_decorator.py
[2024-06-27T15:06:59.287+0000] {processor.py:840} INFO - DAG(s) 'example_sensor_decorator' retrieved from /home/airflow/.local/lib/python3.12/site-packages/airflow/example_dags/example_sensor_decorator.py
[2024-06-27T15:06:59.459+0000] {logging_mixin.py:188} INFO - [2024-06-27T15:06:59.458+0000] {dag.py:3096} INFO - Sync 1 DAGs
[2024-06-27T15:06:59.520+0000] {logging_mixin.py:188} INFO - [2024-06-27T15:06:59.513+0000] {dag.py:3954} INFO - Setting next_dagrun for example_sensor_decorator to None, run_after=None
[2024-06-27T15:06:59.610+0000] {processor.py:183} INFO - Processing /home/airflow/.local/lib/python3.12/site-packages/airflow/example_dags/example_sensor_decorator.py took 0.499 seconds
[2024-06-27T15:07:30.278+0000] {processor.py:161} INFO - Started process (PID=827) to work on /home/airflow/.local/lib/python3.12/site-packages/airflow/example_dags/example_sensor_decorator.py
[2024-06-27T15:07:30.284+0000] {processor.py:830} INFO - Processing file /home/airflow/.local/lib/python3.12/site-packages/airflow/example_dags/example_sensor_decorator.py for tasks to queue
[2024-06-27T15:07:30.297+0000] {logging_mixin.py:188} INFO - [2024-06-27T15:07:30.296+0000] {dagbag.py:545} INFO - Filling up the DagBag from /home/airflow/.local/lib/python3.12/site-packages/airflow/example_dags/example_sensor_decorator.py
[2024-06-27T15:07:30.322+0000] {processor.py:840} INFO - DAG(s) 'example_sensor_decorator' retrieved from /home/airflow/.local/lib/python3.12/site-packages/airflow/example_dags/example_sensor_decorator.py
[2024-06-27T15:07:30.414+0000] {logging_mixin.py:188} INFO - [2024-06-27T15:07:30.413+0000] {dag.py:3096} INFO - Sync 1 DAGs
[2024-06-27T15:07:30.488+0000] {logging_mixin.py:188} INFO - [2024-06-27T15:07:30.487+0000] {dag.py:3954} INFO - Setting next_dagrun for example_sensor_decorator to None, run_after=None
[2024-06-27T15:07:30.589+0000] {processor.py:183} INFO - Processing /home/airflow/.local/lib/python3.12/site-packages/airflow/example_dags/example_sensor_decorator.py took 0.347 seconds
