[2024-06-27T14:36:42.962+0000] {processor.py:161} INFO - Started process (PID=67) to work on /home/airflow/.local/lib/python3.12/site-packages/airflow/example_dags/example_skip_dag.py
[2024-06-27T14:36:42.964+0000] {processor.py:830} INFO - Processing file /home/airflow/.local/lib/python3.12/site-packages/airflow/example_dags/example_skip_dag.py for tasks to queue
[2024-06-27T14:36:42.968+0000] {logging_mixin.py:188} INFO - [2024-06-27T14:36:42.967+0000] {dagbag.py:545} INFO - Filling up the DagBag from /home/airflow/.local/lib/python3.12/site-packages/airflow/example_dags/example_skip_dag.py
[2024-06-27T14:36:42.989+0000] {processor.py:840} INFO - DAG(s) 'example_skip_dag' retrieved from /home/airflow/.local/lib/python3.12/site-packages/airflow/example_dags/example_skip_dag.py
[2024-06-27T14:36:43.258+0000] {logging_mixin.py:188} INFO - [2024-06-27T14:36:43.256+0000] {override.py:1829} INFO - Created Permission View: can edit on DAG:example_skip_dag
[2024-06-27T14:36:43.279+0000] {logging_mixin.py:188} INFO - [2024-06-27T14:36:43.278+0000] {override.py:1829} INFO - Created Permission View: can delete on DAG:example_skip_dag
[2024-06-27T14:36:43.293+0000] {logging_mixin.py:188} INFO - [2024-06-27T14:36:43.293+0000] {override.py:1829} INFO - Created Permission View: can read on DAG:example_skip_dag
[2024-06-27T14:36:43.295+0000] {logging_mixin.py:188} INFO - [2024-06-27T14:36:43.294+0000] {dag.py:3096} INFO - Sync 1 DAGs
[2024-06-27T14:36:43.315+0000] {logging_mixin.py:188} INFO - [2024-06-27T14:36:43.314+0000] {dag.py:3118} INFO - Creating ORM DAG for example_skip_dag
[2024-06-27T14:36:43.333+0000] {logging_mixin.py:188} INFO - [2024-06-27T14:36:43.333+0000] {dag.py:3954} INFO - Setting next_dagrun for example_skip_dag to 2024-06-26 00:00:00+00:00, run_after=2024-06-27 00:00:00+00:00
[2024-06-27T14:36:43.367+0000] {processor.py:183} INFO - Processing /home/airflow/.local/lib/python3.12/site-packages/airflow/example_dags/example_skip_dag.py took 0.417 seconds
[2024-06-27T14:37:13.736+0000] {processor.py:161} INFO - Started process (PID=125) to work on /home/airflow/.local/lib/python3.12/site-packages/airflow/example_dags/example_skip_dag.py
[2024-06-27T14:37:13.739+0000] {processor.py:830} INFO - Processing file /home/airflow/.local/lib/python3.12/site-packages/airflow/example_dags/example_skip_dag.py for tasks to queue
[2024-06-27T14:37:13.741+0000] {logging_mixin.py:188} INFO - [2024-06-27T14:37:13.741+0000] {dagbag.py:545} INFO - Filling up the DagBag from /home/airflow/.local/lib/python3.12/site-packages/airflow/example_dags/example_skip_dag.py
[2024-06-27T14:37:13.750+0000] {processor.py:840} INFO - DAG(s) 'example_skip_dag' retrieved from /home/airflow/.local/lib/python3.12/site-packages/airflow/example_dags/example_skip_dag.py
[2024-06-27T14:37:13.785+0000] {logging_mixin.py:188} INFO - [2024-06-27T14:37:13.785+0000] {dag.py:3096} INFO - Sync 1 DAGs
[2024-06-27T14:37:13.820+0000] {logging_mixin.py:188} INFO - [2024-06-27T14:37:13.820+0000] {dag.py:3954} INFO - Setting next_dagrun for example_skip_dag to 2024-06-26 00:00:00+00:00, run_after=2024-06-27 00:00:00+00:00
[2024-06-27T14:37:13.855+0000] {processor.py:183} INFO - Processing /home/airflow/.local/lib/python3.12/site-packages/airflow/example_dags/example_skip_dag.py took 0.126 seconds
[2024-06-27T14:37:44.589+0000] {processor.py:161} INFO - Started process (PID=183) to work on /home/airflow/.local/lib/python3.12/site-packages/airflow/example_dags/example_skip_dag.py
[2024-06-27T14:37:44.591+0000] {processor.py:830} INFO - Processing file /home/airflow/.local/lib/python3.12/site-packages/airflow/example_dags/example_skip_dag.py for tasks to queue
[2024-06-27T14:37:44.595+0000] {logging_mixin.py:188} INFO - [2024-06-27T14:37:44.594+0000] {dagbag.py:545} INFO - Filling up the DagBag from /home/airflow/.local/lib/python3.12/site-packages/airflow/example_dags/example_skip_dag.py
[2024-06-27T14:37:44.605+0000] {processor.py:840} INFO - DAG(s) 'example_skip_dag' retrieved from /home/airflow/.local/lib/python3.12/site-packages/airflow/example_dags/example_skip_dag.py
[2024-06-27T14:37:44.639+0000] {logging_mixin.py:188} INFO - [2024-06-27T14:37:44.638+0000] {dag.py:3096} INFO - Sync 1 DAGs
[2024-06-27T14:37:44.672+0000] {logging_mixin.py:188} INFO - [2024-06-27T14:37:44.672+0000] {dag.py:3954} INFO - Setting next_dagrun for example_skip_dag to 2024-06-26 00:00:00+00:00, run_after=2024-06-27 00:00:00+00:00
[2024-06-27T14:37:44.707+0000] {processor.py:183} INFO - Processing /home/airflow/.local/lib/python3.12/site-packages/airflow/example_dags/example_skip_dag.py took 0.126 seconds
[2024-06-27T14:38:15.536+0000] {processor.py:161} INFO - Started process (PID=242) to work on /home/airflow/.local/lib/python3.12/site-packages/airflow/example_dags/example_skip_dag.py
[2024-06-27T14:38:15.538+0000] {processor.py:830} INFO - Processing file /home/airflow/.local/lib/python3.12/site-packages/airflow/example_dags/example_skip_dag.py for tasks to queue
[2024-06-27T14:38:15.541+0000] {logging_mixin.py:188} INFO - [2024-06-27T14:38:15.540+0000] {dagbag.py:545} INFO - Filling up the DagBag from /home/airflow/.local/lib/python3.12/site-packages/airflow/example_dags/example_skip_dag.py
[2024-06-27T14:38:15.550+0000] {processor.py:840} INFO - DAG(s) 'example_skip_dag' retrieved from /home/airflow/.local/lib/python3.12/site-packages/airflow/example_dags/example_skip_dag.py
[2024-06-27T14:38:15.582+0000] {logging_mixin.py:188} INFO - [2024-06-27T14:38:15.581+0000] {dag.py:3096} INFO - Sync 1 DAGs
[2024-06-27T14:38:15.616+0000] {logging_mixin.py:188} INFO - [2024-06-27T14:38:15.615+0000] {dag.py:3954} INFO - Setting next_dagrun for example_skip_dag to 2024-06-26 00:00:00+00:00, run_after=2024-06-27 00:00:00+00:00
[2024-06-27T14:38:15.652+0000] {processor.py:183} INFO - Processing /home/airflow/.local/lib/python3.12/site-packages/airflow/example_dags/example_skip_dag.py took 0.124 seconds
[2024-06-27T14:39:50.013+0000] {processor.py:161} INFO - Started process (PID=70) to work on /home/airflow/.local/lib/python3.12/site-packages/airflow/example_dags/example_skip_dag.py
[2024-06-27T14:39:50.017+0000] {processor.py:830} INFO - Processing file /home/airflow/.local/lib/python3.12/site-packages/airflow/example_dags/example_skip_dag.py for tasks to queue
[2024-06-27T14:39:50.026+0000] {logging_mixin.py:188} INFO - [2024-06-27T14:39:50.024+0000] {dagbag.py:545} INFO - Filling up the DagBag from /home/airflow/.local/lib/python3.12/site-packages/airflow/example_dags/example_skip_dag.py
[2024-06-27T14:39:50.066+0000] {processor.py:840} INFO - DAG(s) 'example_skip_dag' retrieved from /home/airflow/.local/lib/python3.12/site-packages/airflow/example_dags/example_skip_dag.py
[2024-06-27T14:39:50.541+0000] {logging_mixin.py:188} INFO - [2024-06-27T14:39:50.540+0000] {dag.py:3096} INFO - Sync 1 DAGs
[2024-06-27T14:39:50.617+0000] {logging_mixin.py:188} INFO - [2024-06-27T14:39:50.616+0000] {dag.py:3954} INFO - Setting next_dagrun for example_skip_dag to 2024-06-26 00:00:00+00:00, run_after=2024-06-27 00:00:00+00:00
[2024-06-27T14:39:50.687+0000] {processor.py:183} INFO - Processing /home/airflow/.local/lib/python3.12/site-packages/airflow/example_dags/example_skip_dag.py took 0.700 seconds
[2024-06-27T14:40:20.730+0000] {processor.py:161} INFO - Started process (PID=129) to work on /home/airflow/.local/lib/python3.12/site-packages/airflow/example_dags/example_skip_dag.py
[2024-06-27T14:40:20.732+0000] {processor.py:830} INFO - Processing file /home/airflow/.local/lib/python3.12/site-packages/airflow/example_dags/example_skip_dag.py for tasks to queue
[2024-06-27T14:40:20.735+0000] {logging_mixin.py:188} INFO - [2024-06-27T14:40:20.735+0000] {dagbag.py:545} INFO - Filling up the DagBag from /home/airflow/.local/lib/python3.12/site-packages/airflow/example_dags/example_skip_dag.py
[2024-06-27T14:40:20.744+0000] {processor.py:840} INFO - DAG(s) 'example_skip_dag' retrieved from /home/airflow/.local/lib/python3.12/site-packages/airflow/example_dags/example_skip_dag.py
[2024-06-27T14:40:20.773+0000] {logging_mixin.py:188} INFO - [2024-06-27T14:40:20.773+0000] {dag.py:3096} INFO - Sync 1 DAGs
[2024-06-27T14:40:20.802+0000] {logging_mixin.py:188} INFO - [2024-06-27T14:40:20.802+0000] {dag.py:3954} INFO - Setting next_dagrun for example_skip_dag to 2024-06-26 00:00:00+00:00, run_after=2024-06-27 00:00:00+00:00
[2024-06-27T14:40:20.829+0000] {processor.py:183} INFO - Processing /home/airflow/.local/lib/python3.12/site-packages/airflow/example_dags/example_skip_dag.py took 0.106 seconds
[2024-06-27T14:40:51.177+0000] {processor.py:161} INFO - Started process (PID=188) to work on /home/airflow/.local/lib/python3.12/site-packages/airflow/example_dags/example_skip_dag.py
[2024-06-27T14:40:51.179+0000] {processor.py:830} INFO - Processing file /home/airflow/.local/lib/python3.12/site-packages/airflow/example_dags/example_skip_dag.py for tasks to queue
[2024-06-27T14:40:51.182+0000] {logging_mixin.py:188} INFO - [2024-06-27T14:40:51.181+0000] {dagbag.py:545} INFO - Filling up the DagBag from /home/airflow/.local/lib/python3.12/site-packages/airflow/example_dags/example_skip_dag.py
[2024-06-27T14:40:51.191+0000] {processor.py:840} INFO - DAG(s) 'example_skip_dag' retrieved from /home/airflow/.local/lib/python3.12/site-packages/airflow/example_dags/example_skip_dag.py
[2024-06-27T14:40:51.218+0000] {logging_mixin.py:188} INFO - [2024-06-27T14:40:51.217+0000] {dag.py:3096} INFO - Sync 1 DAGs
[2024-06-27T14:40:51.244+0000] {logging_mixin.py:188} INFO - [2024-06-27T14:40:51.243+0000] {dag.py:3954} INFO - Setting next_dagrun for example_skip_dag to 2024-06-26 00:00:00+00:00, run_after=2024-06-27 00:00:00+00:00
[2024-06-27T14:40:51.268+0000] {processor.py:183} INFO - Processing /home/airflow/.local/lib/python3.12/site-packages/airflow/example_dags/example_skip_dag.py took 0.099 seconds
[2024-06-27T14:41:21.482+0000] {processor.py:161} INFO - Started process (PID=247) to work on /home/airflow/.local/lib/python3.12/site-packages/airflow/example_dags/example_skip_dag.py
[2024-06-27T14:41:21.484+0000] {processor.py:830} INFO - Processing file /home/airflow/.local/lib/python3.12/site-packages/airflow/example_dags/example_skip_dag.py for tasks to queue
[2024-06-27T14:41:21.486+0000] {logging_mixin.py:188} INFO - [2024-06-27T14:41:21.486+0000] {dagbag.py:545} INFO - Filling up the DagBag from /home/airflow/.local/lib/python3.12/site-packages/airflow/example_dags/example_skip_dag.py
[2024-06-27T14:41:21.498+0000] {processor.py:840} INFO - DAG(s) 'example_skip_dag' retrieved from /home/airflow/.local/lib/python3.12/site-packages/airflow/example_dags/example_skip_dag.py
[2024-06-27T14:41:21.531+0000] {logging_mixin.py:188} INFO - [2024-06-27T14:41:21.530+0000] {dag.py:3096} INFO - Sync 1 DAGs
[2024-06-27T14:41:21.569+0000] {logging_mixin.py:188} INFO - [2024-06-27T14:41:21.569+0000] {dag.py:3954} INFO - Setting next_dagrun for example_skip_dag to 2024-06-26 00:00:00+00:00, run_after=2024-06-27 00:00:00+00:00
[2024-06-27T14:41:21.604+0000] {processor.py:183} INFO - Processing /home/airflow/.local/lib/python3.12/site-packages/airflow/example_dags/example_skip_dag.py took 0.133 seconds
[2024-06-27T14:41:52.757+0000] {processor.py:161} INFO - Started process (PID=306) to work on /home/airflow/.local/lib/python3.12/site-packages/airflow/example_dags/example_skip_dag.py
[2024-06-27T14:41:52.760+0000] {processor.py:830} INFO - Processing file /home/airflow/.local/lib/python3.12/site-packages/airflow/example_dags/example_skip_dag.py for tasks to queue
[2024-06-27T14:41:52.764+0000] {logging_mixin.py:188} INFO - [2024-06-27T14:41:52.763+0000] {dagbag.py:545} INFO - Filling up the DagBag from /home/airflow/.local/lib/python3.12/site-packages/airflow/example_dags/example_skip_dag.py
[2024-06-27T14:41:52.778+0000] {processor.py:840} INFO - DAG(s) 'example_skip_dag' retrieved from /home/airflow/.local/lib/python3.12/site-packages/airflow/example_dags/example_skip_dag.py
[2024-06-27T14:41:52.821+0000] {logging_mixin.py:188} INFO - [2024-06-27T14:41:52.820+0000] {dag.py:3096} INFO - Sync 1 DAGs
[2024-06-27T14:41:52.861+0000] {logging_mixin.py:188} INFO - [2024-06-27T14:41:52.860+0000] {dag.py:3954} INFO - Setting next_dagrun for example_skip_dag to 2024-06-26 00:00:00+00:00, run_after=2024-06-27 00:00:00+00:00
[2024-06-27T14:41:52.891+0000] {processor.py:183} INFO - Processing /home/airflow/.local/lib/python3.12/site-packages/airflow/example_dags/example_skip_dag.py took 0.151 seconds
[2024-06-27T14:42:23.121+0000] {processor.py:161} INFO - Started process (PID=365) to work on /home/airflow/.local/lib/python3.12/site-packages/airflow/example_dags/example_skip_dag.py
[2024-06-27T14:42:23.123+0000] {processor.py:830} INFO - Processing file /home/airflow/.local/lib/python3.12/site-packages/airflow/example_dags/example_skip_dag.py for tasks to queue
[2024-06-27T14:42:23.126+0000] {logging_mixin.py:188} INFO - [2024-06-27T14:42:23.125+0000] {dagbag.py:545} INFO - Filling up the DagBag from /home/airflow/.local/lib/python3.12/site-packages/airflow/example_dags/example_skip_dag.py
[2024-06-27T14:42:23.135+0000] {processor.py:840} INFO - DAG(s) 'example_skip_dag' retrieved from /home/airflow/.local/lib/python3.12/site-packages/airflow/example_dags/example_skip_dag.py
[2024-06-27T14:42:23.163+0000] {logging_mixin.py:188} INFO - [2024-06-27T14:42:23.163+0000] {dag.py:3096} INFO - Sync 1 DAGs
[2024-06-27T14:42:23.192+0000] {logging_mixin.py:188} INFO - [2024-06-27T14:42:23.192+0000] {dag.py:3954} INFO - Setting next_dagrun for example_skip_dag to 2024-06-26 00:00:00+00:00, run_after=2024-06-27 00:00:00+00:00
[2024-06-27T14:42:23.219+0000] {processor.py:183} INFO - Processing /home/airflow/.local/lib/python3.12/site-packages/airflow/example_dags/example_skip_dag.py took 0.106 seconds
[2024-06-27T14:44:26.786+0000] {processor.py:161} INFO - Started process (PID=64) to work on /home/airflow/.local/lib/python3.12/site-packages/airflow/example_dags/example_skip_dag.py
[2024-06-27T14:44:26.789+0000] {processor.py:830} INFO - Processing file /home/airflow/.local/lib/python3.12/site-packages/airflow/example_dags/example_skip_dag.py for tasks to queue
[2024-06-27T14:44:26.794+0000] {logging_mixin.py:188} INFO - [2024-06-27T14:44:26.793+0000] {dagbag.py:545} INFO - Filling up the DagBag from /home/airflow/.local/lib/python3.12/site-packages/airflow/example_dags/example_skip_dag.py
[2024-06-27T14:44:26.815+0000] {processor.py:840} INFO - DAG(s) 'example_skip_dag' retrieved from /home/airflow/.local/lib/python3.12/site-packages/airflow/example_dags/example_skip_dag.py
[2024-06-27T14:44:27.074+0000] {logging_mixin.py:188} INFO - [2024-06-27T14:44:27.073+0000] {dag.py:3096} INFO - Sync 1 DAGs
[2024-06-27T14:44:27.126+0000] {logging_mixin.py:188} INFO - [2024-06-27T14:44:27.126+0000] {dag.py:3954} INFO - Setting next_dagrun for example_skip_dag to 2024-06-26 00:00:00+00:00, run_after=2024-06-27 00:00:00+00:00
[2024-06-27T14:44:27.175+0000] {processor.py:183} INFO - Processing /home/airflow/.local/lib/python3.12/site-packages/airflow/example_dags/example_skip_dag.py took 0.404 seconds
[2024-06-27T14:44:57.810+0000] {processor.py:161} INFO - Started process (PID=123) to work on /home/airflow/.local/lib/python3.12/site-packages/airflow/example_dags/example_skip_dag.py
[2024-06-27T14:44:57.812+0000] {processor.py:830} INFO - Processing file /home/airflow/.local/lib/python3.12/site-packages/airflow/example_dags/example_skip_dag.py for tasks to queue
[2024-06-27T14:44:57.815+0000] {logging_mixin.py:188} INFO - [2024-06-27T14:44:57.815+0000] {dagbag.py:545} INFO - Filling up the DagBag from /home/airflow/.local/lib/python3.12/site-packages/airflow/example_dags/example_skip_dag.py
[2024-06-27T14:44:57.824+0000] {processor.py:840} INFO - DAG(s) 'example_skip_dag' retrieved from /home/airflow/.local/lib/python3.12/site-packages/airflow/example_dags/example_skip_dag.py
[2024-06-27T14:44:57.855+0000] {logging_mixin.py:188} INFO - [2024-06-27T14:44:57.854+0000] {dag.py:3096} INFO - Sync 1 DAGs
[2024-06-27T14:44:57.883+0000] {logging_mixin.py:188} INFO - [2024-06-27T14:44:57.883+0000] {dag.py:3954} INFO - Setting next_dagrun for example_skip_dag to 2024-06-26 00:00:00+00:00, run_after=2024-06-27 00:00:00+00:00
[2024-06-27T14:44:57.912+0000] {processor.py:183} INFO - Processing /home/airflow/.local/lib/python3.12/site-packages/airflow/example_dags/example_skip_dag.py took 0.111 seconds
[2024-06-27T14:45:27.994+0000] {processor.py:161} INFO - Started process (PID=182) to work on /home/airflow/.local/lib/python3.12/site-packages/airflow/example_dags/example_skip_dag.py
[2024-06-27T14:45:27.996+0000] {processor.py:830} INFO - Processing file /home/airflow/.local/lib/python3.12/site-packages/airflow/example_dags/example_skip_dag.py for tasks to queue
[2024-06-27T14:45:27.999+0000] {logging_mixin.py:188} INFO - [2024-06-27T14:45:27.999+0000] {dagbag.py:545} INFO - Filling up the DagBag from /home/airflow/.local/lib/python3.12/site-packages/airflow/example_dags/example_skip_dag.py
[2024-06-27T14:45:28.011+0000] {processor.py:840} INFO - DAG(s) 'example_skip_dag' retrieved from /home/airflow/.local/lib/python3.12/site-packages/airflow/example_dags/example_skip_dag.py
[2024-06-27T14:45:28.042+0000] {logging_mixin.py:188} INFO - [2024-06-27T14:45:28.042+0000] {dag.py:3096} INFO - Sync 1 DAGs
[2024-06-27T14:45:28.076+0000] {logging_mixin.py:188} INFO - [2024-06-27T14:45:28.076+0000] {dag.py:3954} INFO - Setting next_dagrun for example_skip_dag to 2024-06-26 00:00:00+00:00, run_after=2024-06-27 00:00:00+00:00
[2024-06-27T14:45:28.108+0000] {processor.py:183} INFO - Processing /home/airflow/.local/lib/python3.12/site-packages/airflow/example_dags/example_skip_dag.py took 0.121 seconds
[2024-06-27T14:45:58.322+0000] {processor.py:161} INFO - Started process (PID=241) to work on /home/airflow/.local/lib/python3.12/site-packages/airflow/example_dags/example_skip_dag.py
[2024-06-27T14:45:58.324+0000] {processor.py:830} INFO - Processing file /home/airflow/.local/lib/python3.12/site-packages/airflow/example_dags/example_skip_dag.py for tasks to queue
[2024-06-27T14:45:58.327+0000] {logging_mixin.py:188} INFO - [2024-06-27T14:45:58.327+0000] {dagbag.py:545} INFO - Filling up the DagBag from /home/airflow/.local/lib/python3.12/site-packages/airflow/example_dags/example_skip_dag.py
[2024-06-27T14:45:58.337+0000] {processor.py:840} INFO - DAG(s) 'example_skip_dag' retrieved from /home/airflow/.local/lib/python3.12/site-packages/airflow/example_dags/example_skip_dag.py
[2024-06-27T14:45:58.368+0000] {logging_mixin.py:188} INFO - [2024-06-27T14:45:58.368+0000] {dag.py:3096} INFO - Sync 1 DAGs
[2024-06-27T14:45:58.396+0000] {logging_mixin.py:188} INFO - [2024-06-27T14:45:58.396+0000] {dag.py:3954} INFO - Setting next_dagrun for example_skip_dag to 2024-06-26 00:00:00+00:00, run_after=2024-06-27 00:00:00+00:00
[2024-06-27T14:45:58.426+0000] {processor.py:183} INFO - Processing /home/airflow/.local/lib/python3.12/site-packages/airflow/example_dags/example_skip_dag.py took 0.113 seconds
[2024-06-27T14:46:28.600+0000] {processor.py:161} INFO - Started process (PID=300) to work on /home/airflow/.local/lib/python3.12/site-packages/airflow/example_dags/example_skip_dag.py
[2024-06-27T14:46:28.602+0000] {processor.py:830} INFO - Processing file /home/airflow/.local/lib/python3.12/site-packages/airflow/example_dags/example_skip_dag.py for tasks to queue
[2024-06-27T14:46:28.606+0000] {logging_mixin.py:188} INFO - [2024-06-27T14:46:28.605+0000] {dagbag.py:545} INFO - Filling up the DagBag from /home/airflow/.local/lib/python3.12/site-packages/airflow/example_dags/example_skip_dag.py
[2024-06-27T14:46:28.616+0000] {processor.py:840} INFO - DAG(s) 'example_skip_dag' retrieved from /home/airflow/.local/lib/python3.12/site-packages/airflow/example_dags/example_skip_dag.py
[2024-06-27T14:46:28.647+0000] {logging_mixin.py:188} INFO - [2024-06-27T14:46:28.647+0000] {dag.py:3096} INFO - Sync 1 DAGs
[2024-06-27T14:46:28.682+0000] {logging_mixin.py:188} INFO - [2024-06-27T14:46:28.682+0000] {dag.py:3954} INFO - Setting next_dagrun for example_skip_dag to 2024-06-26 00:00:00+00:00, run_after=2024-06-27 00:00:00+00:00
[2024-06-27T14:46:28.710+0000] {processor.py:183} INFO - Processing /home/airflow/.local/lib/python3.12/site-packages/airflow/example_dags/example_skip_dag.py took 0.157 seconds
[2024-06-27T14:59:00.631+0000] {processor.py:161} INFO - Started process (PID=69) to work on /home/airflow/.local/lib/python3.12/site-packages/airflow/example_dags/example_skip_dag.py
[2024-06-27T14:59:00.635+0000] {processor.py:830} INFO - Processing file /home/airflow/.local/lib/python3.12/site-packages/airflow/example_dags/example_skip_dag.py for tasks to queue
[2024-06-27T14:59:00.642+0000] {logging_mixin.py:188} INFO - [2024-06-27T14:59:00.641+0000] {dagbag.py:545} INFO - Filling up the DagBag from /home/airflow/.local/lib/python3.12/site-packages/airflow/example_dags/example_skip_dag.py
[2024-06-27T14:59:00.661+0000] {processor.py:840} INFO - DAG(s) 'example_skip_dag' retrieved from /home/airflow/.local/lib/python3.12/site-packages/airflow/example_dags/example_skip_dag.py
[2024-06-27T14:59:00.696+0000] {logging_mixin.py:188} INFO - [2024-06-27T14:59:00.696+0000] {dag.py:3096} INFO - Sync 1 DAGs
[2024-06-27T14:59:00.761+0000] {logging_mixin.py:188} INFO - [2024-06-27T14:59:00.760+0000] {dag.py:3954} INFO - Setting next_dagrun for example_skip_dag to 2024-06-26 00:00:00+00:00, run_after=2024-06-27 00:00:00+00:00
[2024-06-27T14:59:00.812+0000] {processor.py:183} INFO - Processing /home/airflow/.local/lib/python3.12/site-packages/airflow/example_dags/example_skip_dag.py took 0.217 seconds
[2024-06-27T14:59:32.569+0000] {processor.py:161} INFO - Started process (PID=128) to work on /home/airflow/.local/lib/python3.12/site-packages/airflow/example_dags/example_skip_dag.py
[2024-06-27T14:59:32.571+0000] {processor.py:830} INFO - Processing file /home/airflow/.local/lib/python3.12/site-packages/airflow/example_dags/example_skip_dag.py for tasks to queue
[2024-06-27T14:59:32.576+0000] {logging_mixin.py:188} INFO - [2024-06-27T14:59:32.575+0000] {dagbag.py:545} INFO - Filling up the DagBag from /home/airflow/.local/lib/python3.12/site-packages/airflow/example_dags/example_skip_dag.py
[2024-06-27T14:59:32.590+0000] {processor.py:840} INFO - DAG(s) 'example_skip_dag' retrieved from /home/airflow/.local/lib/python3.12/site-packages/airflow/example_dags/example_skip_dag.py
[2024-06-27T14:59:32.817+0000] {logging_mixin.py:188} INFO - [2024-06-27T14:59:32.817+0000] {dag.py:3096} INFO - Sync 1 DAGs
[2024-06-27T14:59:32.857+0000] {logging_mixin.py:188} INFO - [2024-06-27T14:59:32.856+0000] {dag.py:3954} INFO - Setting next_dagrun for example_skip_dag to 2024-06-26 00:00:00+00:00, run_after=2024-06-27 00:00:00+00:00
[2024-06-27T14:59:32.896+0000] {processor.py:183} INFO - Processing /home/airflow/.local/lib/python3.12/site-packages/airflow/example_dags/example_skip_dag.py took 0.338 seconds
[2024-06-27T15:00:03.090+0000] {processor.py:161} INFO - Started process (PID=187) to work on /home/airflow/.local/lib/python3.12/site-packages/airflow/example_dags/example_skip_dag.py
[2024-06-27T15:00:03.091+0000] {processor.py:830} INFO - Processing file /home/airflow/.local/lib/python3.12/site-packages/airflow/example_dags/example_skip_dag.py for tasks to queue
[2024-06-27T15:00:03.094+0000] {logging_mixin.py:188} INFO - [2024-06-27T15:00:03.094+0000] {dagbag.py:545} INFO - Filling up the DagBag from /home/airflow/.local/lib/python3.12/site-packages/airflow/example_dags/example_skip_dag.py
[2024-06-27T15:00:03.103+0000] {processor.py:840} INFO - DAG(s) 'example_skip_dag' retrieved from /home/airflow/.local/lib/python3.12/site-packages/airflow/example_dags/example_skip_dag.py
[2024-06-27T15:00:03.129+0000] {logging_mixin.py:188} INFO - [2024-06-27T15:00:03.129+0000] {dag.py:3096} INFO - Sync 1 DAGs
[2024-06-27T15:00:03.159+0000] {logging_mixin.py:188} INFO - [2024-06-27T15:00:03.158+0000] {dag.py:3954} INFO - Setting next_dagrun for example_skip_dag to 2024-06-26 00:00:00+00:00, run_after=2024-06-27 00:00:00+00:00
[2024-06-27T15:00:03.186+0000] {processor.py:183} INFO - Processing /home/airflow/.local/lib/python3.12/site-packages/airflow/example_dags/example_skip_dag.py took 0.104 seconds
[2024-06-27T15:00:35.210+0000] {processor.py:161} INFO - Started process (PID=246) to work on /home/airflow/.local/lib/python3.12/site-packages/airflow/example_dags/example_skip_dag.py
[2024-06-27T15:00:35.212+0000] {processor.py:830} INFO - Processing file /home/airflow/.local/lib/python3.12/site-packages/airflow/example_dags/example_skip_dag.py for tasks to queue
[2024-06-27T15:00:35.218+0000] {logging_mixin.py:188} INFO - [2024-06-27T15:00:35.218+0000] {dagbag.py:545} INFO - Filling up the DagBag from /home/airflow/.local/lib/python3.12/site-packages/airflow/example_dags/example_skip_dag.py
[2024-06-27T15:00:35.241+0000] {processor.py:840} INFO - DAG(s) 'example_skip_dag' retrieved from /home/airflow/.local/lib/python3.12/site-packages/airflow/example_dags/example_skip_dag.py
[2024-06-27T15:00:35.306+0000] {logging_mixin.py:188} INFO - [2024-06-27T15:00:35.305+0000] {dag.py:3096} INFO - Sync 1 DAGs
[2024-06-27T15:00:35.401+0000] {logging_mixin.py:188} INFO - [2024-06-27T15:00:35.400+0000] {dag.py:3954} INFO - Setting next_dagrun for example_skip_dag to 2024-06-26 00:00:00+00:00, run_after=2024-06-27 00:00:00+00:00
[2024-06-27T15:00:35.459+0000] {processor.py:183} INFO - Processing /home/airflow/.local/lib/python3.12/site-packages/airflow/example_dags/example_skip_dag.py took 0.259 seconds
[2024-06-27T15:02:18.943+0000] {processor.py:161} INFO - Started process (PID=80) to work on /home/airflow/.local/lib/python3.12/site-packages/airflow/example_dags/example_skip_dag.py
[2024-06-27T15:02:18.946+0000] {processor.py:830} INFO - Processing file /home/airflow/.local/lib/python3.12/site-packages/airflow/example_dags/example_skip_dag.py for tasks to queue
[2024-06-27T15:02:18.950+0000] {logging_mixin.py:188} INFO - [2024-06-27T15:02:18.950+0000] {dagbag.py:545} INFO - Filling up the DagBag from /home/airflow/.local/lib/python3.12/site-packages/airflow/example_dags/example_skip_dag.py
[2024-06-27T15:02:18.964+0000] {processor.py:840} INFO - DAG(s) 'example_skip_dag' retrieved from /home/airflow/.local/lib/python3.12/site-packages/airflow/example_dags/example_skip_dag.py
[2024-06-27T15:02:19.183+0000] {logging_mixin.py:188} INFO - [2024-06-27T15:02:19.183+0000] {dag.py:3096} INFO - Sync 1 DAGs
[2024-06-27T15:02:19.223+0000] {logging_mixin.py:188} INFO - [2024-06-27T15:02:19.222+0000] {dag.py:3954} INFO - Setting next_dagrun for example_skip_dag to 2024-06-26 00:00:00+00:00, run_after=2024-06-27 00:00:00+00:00
[2024-06-27T15:02:19.260+0000] {processor.py:183} INFO - Processing /home/airflow/.local/lib/python3.12/site-packages/airflow/example_dags/example_skip_dag.py took 0.327 seconds
[2024-06-27T15:02:49.562+0000] {processor.py:161} INFO - Started process (PID=148) to work on /home/airflow/.local/lib/python3.12/site-packages/airflow/example_dags/example_skip_dag.py
[2024-06-27T15:02:49.564+0000] {processor.py:830} INFO - Processing file /home/airflow/.local/lib/python3.12/site-packages/airflow/example_dags/example_skip_dag.py for tasks to queue
[2024-06-27T15:02:49.566+0000] {logging_mixin.py:188} INFO - [2024-06-27T15:02:49.566+0000] {dagbag.py:545} INFO - Filling up the DagBag from /home/airflow/.local/lib/python3.12/site-packages/airflow/example_dags/example_skip_dag.py
[2024-06-27T15:02:49.580+0000] {processor.py:840} INFO - DAG(s) 'example_skip_dag' retrieved from /home/airflow/.local/lib/python3.12/site-packages/airflow/example_dags/example_skip_dag.py
[2024-06-27T15:02:49.614+0000] {logging_mixin.py:188} INFO - [2024-06-27T15:02:49.614+0000] {dag.py:3096} INFO - Sync 1 DAGs
[2024-06-27T15:02:49.650+0000] {logging_mixin.py:188} INFO - [2024-06-27T15:02:49.650+0000] {dag.py:3954} INFO - Setting next_dagrun for example_skip_dag to 2024-06-26 00:00:00+00:00, run_after=2024-06-27 00:00:00+00:00
[2024-06-27T15:02:49.683+0000] {processor.py:183} INFO - Processing /home/airflow/.local/lib/python3.12/site-packages/airflow/example_dags/example_skip_dag.py took 0.130 seconds
[2024-06-27T15:03:19.955+0000] {processor.py:161} INFO - Started process (PID=216) to work on /home/airflow/.local/lib/python3.12/site-packages/airflow/example_dags/example_skip_dag.py
[2024-06-27T15:03:19.957+0000] {processor.py:830} INFO - Processing file /home/airflow/.local/lib/python3.12/site-packages/airflow/example_dags/example_skip_dag.py for tasks to queue
[2024-06-27T15:03:19.959+0000] {logging_mixin.py:188} INFO - [2024-06-27T15:03:19.959+0000] {dagbag.py:545} INFO - Filling up the DagBag from /home/airflow/.local/lib/python3.12/site-packages/airflow/example_dags/example_skip_dag.py
[2024-06-27T15:03:19.968+0000] {processor.py:840} INFO - DAG(s) 'example_skip_dag' retrieved from /home/airflow/.local/lib/python3.12/site-packages/airflow/example_dags/example_skip_dag.py
[2024-06-27T15:03:19.999+0000] {logging_mixin.py:188} INFO - [2024-06-27T15:03:19.998+0000] {dag.py:3096} INFO - Sync 1 DAGs
[2024-06-27T15:03:20.027+0000] {logging_mixin.py:188} INFO - [2024-06-27T15:03:20.027+0000] {dag.py:3954} INFO - Setting next_dagrun for example_skip_dag to 2024-06-26 00:00:00+00:00, run_after=2024-06-27 00:00:00+00:00
[2024-06-27T15:03:20.055+0000] {processor.py:183} INFO - Processing /home/airflow/.local/lib/python3.12/site-packages/airflow/example_dags/example_skip_dag.py took 0.108 seconds
[2024-06-27T15:03:59.657+0000] {processor.py:161} INFO - Started process (PID=284) to work on /home/airflow/.local/lib/python3.12/site-packages/airflow/example_dags/example_skip_dag.py
[2024-06-27T15:03:59.671+0000] {processor.py:830} INFO - Processing file /home/airflow/.local/lib/python3.12/site-packages/airflow/example_dags/example_skip_dag.py for tasks to queue
[2024-06-27T15:03:59.704+0000] {logging_mixin.py:188} INFO - [2024-06-27T15:03:59.702+0000] {dagbag.py:545} INFO - Filling up the DagBag from /home/airflow/.local/lib/python3.12/site-packages/airflow/example_dags/example_skip_dag.py
[2024-06-27T15:03:59.783+0000] {processor.py:840} INFO - DAG(s) 'example_skip_dag' retrieved from /home/airflow/.local/lib/python3.12/site-packages/airflow/example_dags/example_skip_dag.py
[2024-06-27T15:03:59.918+0000] {logging_mixin.py:188} INFO - [2024-06-27T15:03:59.917+0000] {dag.py:3096} INFO - Sync 1 DAGs
[2024-06-27T15:04:00.010+0000] {logging_mixin.py:188} INFO - [2024-06-27T15:04:00.009+0000] {dag.py:3954} INFO - Setting next_dagrun for example_skip_dag to 2024-06-26 00:00:00+00:00, run_after=2024-06-27 00:00:00+00:00
[2024-06-27T15:04:00.088+0000] {processor.py:183} INFO - Processing /home/airflow/.local/lib/python3.12/site-packages/airflow/example_dags/example_skip_dag.py took 0.578 seconds
[2024-06-27T15:04:30.923+0000] {processor.py:161} INFO - Started process (PID=369) to work on /home/airflow/.local/lib/python3.12/site-packages/airflow/example_dags/example_skip_dag.py
[2024-06-27T15:04:30.925+0000] {processor.py:830} INFO - Processing file /home/airflow/.local/lib/python3.12/site-packages/airflow/example_dags/example_skip_dag.py for tasks to queue
[2024-06-27T15:04:30.930+0000] {logging_mixin.py:188} INFO - [2024-06-27T15:04:30.929+0000] {dagbag.py:545} INFO - Filling up the DagBag from /home/airflow/.local/lib/python3.12/site-packages/airflow/example_dags/example_skip_dag.py
[2024-06-27T15:04:30.959+0000] {processor.py:840} INFO - DAG(s) 'example_skip_dag' retrieved from /home/airflow/.local/lib/python3.12/site-packages/airflow/example_dags/example_skip_dag.py
[2024-06-27T15:04:31.024+0000] {logging_mixin.py:188} INFO - [2024-06-27T15:04:31.024+0000] {dag.py:3096} INFO - Sync 1 DAGs
[2024-06-27T15:04:31.148+0000] {logging_mixin.py:188} INFO - [2024-06-27T15:04:31.147+0000] {dag.py:3954} INFO - Setting next_dagrun for example_skip_dag to 2024-06-26 00:00:00+00:00, run_after=2024-06-27 00:00:00+00:00
[2024-06-27T15:04:31.230+0000] {processor.py:183} INFO - Processing /home/airflow/.local/lib/python3.12/site-packages/airflow/example_dags/example_skip_dag.py took 0.326 seconds
[2024-06-27T15:05:03.996+0000] {processor.py:161} INFO - Started process (PID=441) to work on /home/airflow/.local/lib/python3.12/site-packages/airflow/example_dags/example_skip_dag.py
[2024-06-27T15:05:04.001+0000] {processor.py:830} INFO - Processing file /home/airflow/.local/lib/python3.12/site-packages/airflow/example_dags/example_skip_dag.py for tasks to queue
[2024-06-27T15:05:04.007+0000] {logging_mixin.py:188} INFO - [2024-06-27T15:05:04.006+0000] {dagbag.py:545} INFO - Filling up the DagBag from /home/airflow/.local/lib/python3.12/site-packages/airflow/example_dags/example_skip_dag.py
[2024-06-27T15:05:04.040+0000] {processor.py:840} INFO - DAG(s) 'example_skip_dag' retrieved from /home/airflow/.local/lib/python3.12/site-packages/airflow/example_dags/example_skip_dag.py
[2024-06-27T15:05:04.101+0000] {logging_mixin.py:188} INFO - [2024-06-27T15:05:04.100+0000] {dag.py:3096} INFO - Sync 1 DAGs
[2024-06-27T15:05:04.188+0000] {logging_mixin.py:188} INFO - [2024-06-27T15:05:04.187+0000] {dag.py:3954} INFO - Setting next_dagrun for example_skip_dag to 2024-06-26 00:00:00+00:00, run_after=2024-06-27 00:00:00+00:00
[2024-06-27T15:05:04.247+0000] {processor.py:183} INFO - Processing /home/airflow/.local/lib/python3.12/site-packages/airflow/example_dags/example_skip_dag.py took 0.277 seconds
[2024-06-27T15:05:35.770+0000] {processor.py:161} INFO - Started process (PID=524) to work on /home/airflow/.local/lib/python3.12/site-packages/airflow/example_dags/example_skip_dag.py
[2024-06-27T15:05:35.777+0000] {processor.py:830} INFO - Processing file /home/airflow/.local/lib/python3.12/site-packages/airflow/example_dags/example_skip_dag.py for tasks to queue
[2024-06-27T15:05:35.784+0000] {logging_mixin.py:188} INFO - [2024-06-27T15:05:35.783+0000] {dagbag.py:545} INFO - Filling up the DagBag from /home/airflow/.local/lib/python3.12/site-packages/airflow/example_dags/example_skip_dag.py
[2024-06-27T15:05:35.810+0000] {processor.py:840} INFO - DAG(s) 'example_skip_dag' retrieved from /home/airflow/.local/lib/python3.12/site-packages/airflow/example_dags/example_skip_dag.py
[2024-06-27T15:05:35.881+0000] {logging_mixin.py:188} INFO - [2024-06-27T15:05:35.880+0000] {dag.py:3096} INFO - Sync 1 DAGs
[2024-06-27T15:05:35.969+0000] {logging_mixin.py:188} INFO - [2024-06-27T15:05:35.968+0000] {dag.py:3954} INFO - Setting next_dagrun for example_skip_dag to 2024-06-26 00:00:00+00:00, run_after=2024-06-27 00:00:00+00:00
[2024-06-27T15:05:36.040+0000] {processor.py:183} INFO - Processing /home/airflow/.local/lib/python3.12/site-packages/airflow/example_dags/example_skip_dag.py took 0.294 seconds
[2024-06-27T15:06:07.038+0000] {processor.py:161} INFO - Started process (PID=604) to work on /home/airflow/.local/lib/python3.12/site-packages/airflow/example_dags/example_skip_dag.py
[2024-06-27T15:06:07.043+0000] {processor.py:830} INFO - Processing file /home/airflow/.local/lib/python3.12/site-packages/airflow/example_dags/example_skip_dag.py for tasks to queue
[2024-06-27T15:06:07.056+0000] {logging_mixin.py:188} INFO - [2024-06-27T15:06:07.054+0000] {dagbag.py:545} INFO - Filling up the DagBag from /home/airflow/.local/lib/python3.12/site-packages/airflow/example_dags/example_skip_dag.py
[2024-06-27T15:06:07.123+0000] {processor.py:840} INFO - DAG(s) 'example_skip_dag' retrieved from /home/airflow/.local/lib/python3.12/site-packages/airflow/example_dags/example_skip_dag.py
[2024-06-27T15:06:07.365+0000] {logging_mixin.py:188} INFO - [2024-06-27T15:06:07.364+0000] {dag.py:3096} INFO - Sync 1 DAGs
[2024-06-27T15:06:07.629+0000] {logging_mixin.py:188} INFO - [2024-06-27T15:06:07.628+0000] {dag.py:3954} INFO - Setting next_dagrun for example_skip_dag to 2024-06-26 00:00:00+00:00, run_after=2024-06-27 00:00:00+00:00
[2024-06-27T15:06:07.906+0000] {processor.py:183} INFO - Processing /home/airflow/.local/lib/python3.12/site-packages/airflow/example_dags/example_skip_dag.py took 0.919 seconds
[2024-06-27T15:06:38.904+0000] {processor.py:161} INFO - Started process (PID=676) to work on /home/airflow/.local/lib/python3.12/site-packages/airflow/example_dags/example_skip_dag.py
[2024-06-27T15:06:38.907+0000] {processor.py:830} INFO - Processing file /home/airflow/.local/lib/python3.12/site-packages/airflow/example_dags/example_skip_dag.py for tasks to queue
[2024-06-27T15:06:38.913+0000] {logging_mixin.py:188} INFO - [2024-06-27T15:06:38.911+0000] {dagbag.py:545} INFO - Filling up the DagBag from /home/airflow/.local/lib/python3.12/site-packages/airflow/example_dags/example_skip_dag.py
[2024-06-27T15:06:38.951+0000] {processor.py:840} INFO - DAG(s) 'example_skip_dag' retrieved from /home/airflow/.local/lib/python3.12/site-packages/airflow/example_dags/example_skip_dag.py
[2024-06-27T15:06:39.037+0000] {logging_mixin.py:188} INFO - [2024-06-27T15:06:39.037+0000] {dag.py:3096} INFO - Sync 1 DAGs
[2024-06-27T15:06:39.142+0000] {logging_mixin.py:188} INFO - [2024-06-27T15:06:39.141+0000] {dag.py:3954} INFO - Setting next_dagrun for example_skip_dag to 2024-06-26 00:00:00+00:00, run_after=2024-06-27 00:00:00+00:00
[2024-06-27T15:06:39.217+0000] {processor.py:183} INFO - Processing /home/airflow/.local/lib/python3.12/site-packages/airflow/example_dags/example_skip_dag.py took 0.342 seconds
[2024-06-27T15:07:09.374+0000] {processor.py:161} INFO - Started process (PID=765) to work on /home/airflow/.local/lib/python3.12/site-packages/airflow/example_dags/example_skip_dag.py
[2024-06-27T15:07:09.381+0000] {processor.py:830} INFO - Processing file /home/airflow/.local/lib/python3.12/site-packages/airflow/example_dags/example_skip_dag.py for tasks to queue
[2024-06-27T15:07:09.388+0000] {logging_mixin.py:188} INFO - [2024-06-27T15:07:09.387+0000] {dagbag.py:545} INFO - Filling up the DagBag from /home/airflow/.local/lib/python3.12/site-packages/airflow/example_dags/example_skip_dag.py
[2024-06-27T15:07:09.417+0000] {processor.py:840} INFO - DAG(s) 'example_skip_dag' retrieved from /home/airflow/.local/lib/python3.12/site-packages/airflow/example_dags/example_skip_dag.py
[2024-06-27T15:07:09.517+0000] {logging_mixin.py:188} INFO - [2024-06-27T15:07:09.516+0000] {dag.py:3096} INFO - Sync 1 DAGs
[2024-06-27T15:07:09.607+0000] {logging_mixin.py:188} INFO - [2024-06-27T15:07:09.606+0000] {dag.py:3954} INFO - Setting next_dagrun for example_skip_dag to 2024-06-26 00:00:00+00:00, run_after=2024-06-27 00:00:00+00:00
[2024-06-27T15:07:09.717+0000] {processor.py:183} INFO - Processing /home/airflow/.local/lib/python3.12/site-packages/airflow/example_dags/example_skip_dag.py took 0.380 seconds
[2024-06-27T15:07:40.267+0000] {processor.py:161} INFO - Started process (PID=855) to work on /home/airflow/.local/lib/python3.12/site-packages/airflow/example_dags/example_skip_dag.py
[2024-06-27T15:07:40.272+0000] {processor.py:830} INFO - Processing file /home/airflow/.local/lib/python3.12/site-packages/airflow/example_dags/example_skip_dag.py for tasks to queue
[2024-06-27T15:07:40.280+0000] {logging_mixin.py:188} INFO - [2024-06-27T15:07:40.278+0000] {dagbag.py:545} INFO - Filling up the DagBag from /home/airflow/.local/lib/python3.12/site-packages/airflow/example_dags/example_skip_dag.py
[2024-06-27T15:07:40.312+0000] {processor.py:840} INFO - DAG(s) 'example_skip_dag' retrieved from /home/airflow/.local/lib/python3.12/site-packages/airflow/example_dags/example_skip_dag.py
[2024-06-27T15:07:40.430+0000] {logging_mixin.py:188} INFO - [2024-06-27T15:07:40.429+0000] {dag.py:3096} INFO - Sync 1 DAGs
[2024-06-27T15:07:40.547+0000] {logging_mixin.py:188} INFO - [2024-06-27T15:07:40.545+0000] {dag.py:3954} INFO - Setting next_dagrun for example_skip_dag to 2024-06-26 00:00:00+00:00, run_after=2024-06-27 00:00:00+00:00
[2024-06-27T15:07:40.642+0000] {processor.py:183} INFO - Processing /home/airflow/.local/lib/python3.12/site-packages/airflow/example_dags/example_skip_dag.py took 0.402 seconds
