[2024-06-27T14:36:38.350+0000] {processor.py:161} INFO - Started process (PID=53) to work on /home/airflow/.local/lib/python3.12/site-packages/airflow/example_dags/example_branch_operator.py
[2024-06-27T14:36:38.356+0000] {processor.py:830} INFO - Processing file /home/airflow/.local/lib/python3.12/site-packages/airflow/example_dags/example_branch_operator.py for tasks to queue
[2024-06-27T14:36:38.364+0000] {logging_mixin.py:188} INFO - [2024-06-27T14:36:38.362+0000] {dagbag.py:545} INFO - Filling up the DagBag from /home/airflow/.local/lib/python3.12/site-packages/airflow/example_dags/example_branch_operator.py
[2024-06-27T14:36:38.483+0000] {processor.py:840} INFO - DAG(s) 'example_branch_operator' retrieved from /home/airflow/.local/lib/python3.12/site-packages/airflow/example_dags/example_branch_operator.py
[2024-06-27T14:36:38.944+0000] {logging_mixin.py:188} INFO - [2024-06-27T14:36:38.938+0000] {override.py:1829} INFO - Created Permission View: can edit on DAG:example_branch_operator
[2024-06-27T14:36:39.031+0000] {logging_mixin.py:188} INFO - [2024-06-27T14:36:39.029+0000] {override.py:1829} INFO - Created Permission View: can delete on DAG:example_branch_operator
[2024-06-27T14:36:39.079+0000] {logging_mixin.py:188} INFO - [2024-06-27T14:36:39.077+0000] {override.py:1829} INFO - Created Permission View: can read on DAG:example_branch_operator
[2024-06-27T14:36:39.083+0000] {logging_mixin.py:188} INFO - [2024-06-27T14:36:39.083+0000] {dag.py:3096} INFO - Sync 1 DAGs
[2024-06-27T14:36:39.145+0000] {logging_mixin.py:188} INFO - [2024-06-27T14:36:39.144+0000] {dag.py:3118} INFO - Creating ORM DAG for example_branch_operator
[2024-06-27T14:36:39.228+0000] {logging_mixin.py:188} INFO - [2024-06-27T14:36:39.227+0000] {dag.py:3954} INFO - Setting next_dagrun for example_branch_operator to 2024-06-26 00:00:00+00:00, run_after=2024-06-27 00:00:00+00:00
[2024-06-27T14:36:39.325+0000] {processor.py:183} INFO - Processing /home/airflow/.local/lib/python3.12/site-packages/airflow/example_dags/example_branch_operator.py took 1.001 seconds
[2024-06-27T14:37:09.586+0000] {processor.py:161} INFO - Started process (PID=111) to work on /home/airflow/.local/lib/python3.12/site-packages/airflow/example_dags/example_branch_operator.py
[2024-06-27T14:37:09.588+0000] {processor.py:830} INFO - Processing file /home/airflow/.local/lib/python3.12/site-packages/airflow/example_dags/example_branch_operator.py for tasks to queue
[2024-06-27T14:37:09.591+0000] {logging_mixin.py:188} INFO - [2024-06-27T14:37:09.590+0000] {dagbag.py:545} INFO - Filling up the DagBag from /home/airflow/.local/lib/python3.12/site-packages/airflow/example_dags/example_branch_operator.py
[2024-06-27T14:37:09.615+0000] {processor.py:840} INFO - DAG(s) 'example_branch_operator' retrieved from /home/airflow/.local/lib/python3.12/site-packages/airflow/example_dags/example_branch_operator.py
[2024-06-27T14:37:09.655+0000] {logging_mixin.py:188} INFO - [2024-06-27T14:37:09.655+0000] {dag.py:3096} INFO - Sync 1 DAGs
[2024-06-27T14:37:09.687+0000] {logging_mixin.py:188} INFO - [2024-06-27T14:37:09.686+0000] {dag.py:3954} INFO - Setting next_dagrun for example_branch_operator to 2024-06-26 00:00:00+00:00, run_after=2024-06-27 00:00:00+00:00
[2024-06-27T14:37:09.716+0000] {processor.py:183} INFO - Processing /home/airflow/.local/lib/python3.12/site-packages/airflow/example_dags/example_branch_operator.py took 0.139 seconds
[2024-06-27T14:37:40.080+0000] {processor.py:161} INFO - Started process (PID=169) to work on /home/airflow/.local/lib/python3.12/site-packages/airflow/example_dags/example_branch_operator.py
[2024-06-27T14:37:40.084+0000] {processor.py:830} INFO - Processing file /home/airflow/.local/lib/python3.12/site-packages/airflow/example_dags/example_branch_operator.py for tasks to queue
[2024-06-27T14:37:40.087+0000] {logging_mixin.py:188} INFO - [2024-06-27T14:37:40.087+0000] {dagbag.py:545} INFO - Filling up the DagBag from /home/airflow/.local/lib/python3.12/site-packages/airflow/example_dags/example_branch_operator.py
[2024-06-27T14:37:40.111+0000] {processor.py:840} INFO - DAG(s) 'example_branch_operator' retrieved from /home/airflow/.local/lib/python3.12/site-packages/airflow/example_dags/example_branch_operator.py
[2024-06-27T14:37:40.151+0000] {logging_mixin.py:188} INFO - [2024-06-27T14:37:40.151+0000] {dag.py:3096} INFO - Sync 1 DAGs
[2024-06-27T14:37:40.182+0000] {logging_mixin.py:188} INFO - [2024-06-27T14:37:40.182+0000] {dag.py:3954} INFO - Setting next_dagrun for example_branch_operator to 2024-06-26 00:00:00+00:00, run_after=2024-06-27 00:00:00+00:00
[2024-06-27T14:37:40.213+0000] {processor.py:183} INFO - Processing /home/airflow/.local/lib/python3.12/site-packages/airflow/example_dags/example_branch_operator.py took 0.140 seconds
[2024-06-27T14:38:10.276+0000] {processor.py:161} INFO - Started process (PID=228) to work on /home/airflow/.local/lib/python3.12/site-packages/airflow/example_dags/example_branch_operator.py
[2024-06-27T14:38:10.278+0000] {processor.py:830} INFO - Processing file /home/airflow/.local/lib/python3.12/site-packages/airflow/example_dags/example_branch_operator.py for tasks to queue
[2024-06-27T14:38:10.281+0000] {logging_mixin.py:188} INFO - [2024-06-27T14:38:10.280+0000] {dagbag.py:545} INFO - Filling up the DagBag from /home/airflow/.local/lib/python3.12/site-packages/airflow/example_dags/example_branch_operator.py
[2024-06-27T14:38:10.303+0000] {processor.py:840} INFO - DAG(s) 'example_branch_operator' retrieved from /home/airflow/.local/lib/python3.12/site-packages/airflow/example_dags/example_branch_operator.py
[2024-06-27T14:38:10.352+0000] {logging_mixin.py:188} INFO - [2024-06-27T14:38:10.352+0000] {dag.py:3096} INFO - Sync 1 DAGs
[2024-06-27T14:38:10.403+0000] {logging_mixin.py:188} INFO - [2024-06-27T14:38:10.403+0000] {dag.py:3954} INFO - Setting next_dagrun for example_branch_operator to 2024-06-26 00:00:00+00:00, run_after=2024-06-27 00:00:00+00:00
[2024-06-27T14:38:10.442+0000] {processor.py:183} INFO - Processing /home/airflow/.local/lib/python3.12/site-packages/airflow/example_dags/example_branch_operator.py took 0.173 seconds
[2024-06-27T14:39:44.740+0000] {processor.py:161} INFO - Started process (PID=56) to work on /home/airflow/.local/lib/python3.12/site-packages/airflow/example_dags/example_branch_operator.py
[2024-06-27T14:39:44.744+0000] {processor.py:830} INFO - Processing file /home/airflow/.local/lib/python3.12/site-packages/airflow/example_dags/example_branch_operator.py for tasks to queue
[2024-06-27T14:39:44.750+0000] {logging_mixin.py:188} INFO - [2024-06-27T14:39:44.749+0000] {dagbag.py:545} INFO - Filling up the DagBag from /home/airflow/.local/lib/python3.12/site-packages/airflow/example_dags/example_branch_operator.py
[2024-06-27T14:39:44.813+0000] {processor.py:840} INFO - DAG(s) 'example_branch_operator' retrieved from /home/airflow/.local/lib/python3.12/site-packages/airflow/example_dags/example_branch_operator.py
[2024-06-27T14:39:45.173+0000] {logging_mixin.py:188} INFO - [2024-06-27T14:39:45.172+0000] {dag.py:3096} INFO - Sync 1 DAGs
[2024-06-27T14:39:45.262+0000] {logging_mixin.py:188} INFO - [2024-06-27T14:39:45.262+0000] {dag.py:3954} INFO - Setting next_dagrun for example_branch_operator to 2024-06-26 00:00:00+00:00, run_after=2024-06-27 00:00:00+00:00
[2024-06-27T14:39:45.329+0000] {processor.py:183} INFO - Processing /home/airflow/.local/lib/python3.12/site-packages/airflow/example_dags/example_branch_operator.py took 0.605 seconds
[2024-06-27T14:40:15.862+0000] {processor.py:161} INFO - Started process (PID=115) to work on /home/airflow/.local/lib/python3.12/site-packages/airflow/example_dags/example_branch_operator.py
[2024-06-27T14:40:15.864+0000] {processor.py:830} INFO - Processing file /home/airflow/.local/lib/python3.12/site-packages/airflow/example_dags/example_branch_operator.py for tasks to queue
[2024-06-27T14:40:15.867+0000] {logging_mixin.py:188} INFO - [2024-06-27T14:40:15.866+0000] {dagbag.py:545} INFO - Filling up the DagBag from /home/airflow/.local/lib/python3.12/site-packages/airflow/example_dags/example_branch_operator.py
[2024-06-27T14:40:15.897+0000] {processor.py:840} INFO - DAG(s) 'example_branch_operator' retrieved from /home/airflow/.local/lib/python3.12/site-packages/airflow/example_dags/example_branch_operator.py
[2024-06-27T14:40:15.979+0000] {logging_mixin.py:188} INFO - [2024-06-27T14:40:15.979+0000] {dag.py:3096} INFO - Sync 1 DAGs
[2024-06-27T14:40:16.011+0000] {logging_mixin.py:188} INFO - [2024-06-27T14:40:16.011+0000] {dag.py:3954} INFO - Setting next_dagrun for example_branch_operator to 2024-06-26 00:00:00+00:00, run_after=2024-06-27 00:00:00+00:00
[2024-06-27T14:40:16.043+0000] {processor.py:183} INFO - Processing /home/airflow/.local/lib/python3.12/site-packages/airflow/example_dags/example_branch_operator.py took 0.187 seconds
[2024-06-27T14:40:46.144+0000] {processor.py:161} INFO - Started process (PID=174) to work on /home/airflow/.local/lib/python3.12/site-packages/airflow/example_dags/example_branch_operator.py
[2024-06-27T14:40:46.146+0000] {processor.py:830} INFO - Processing file /home/airflow/.local/lib/python3.12/site-packages/airflow/example_dags/example_branch_operator.py for tasks to queue
[2024-06-27T14:40:46.149+0000] {logging_mixin.py:188} INFO - [2024-06-27T14:40:46.148+0000] {dagbag.py:545} INFO - Filling up the DagBag from /home/airflow/.local/lib/python3.12/site-packages/airflow/example_dags/example_branch_operator.py
[2024-06-27T14:40:46.170+0000] {processor.py:840} INFO - DAG(s) 'example_branch_operator' retrieved from /home/airflow/.local/lib/python3.12/site-packages/airflow/example_dags/example_branch_operator.py
[2024-06-27T14:40:46.213+0000] {logging_mixin.py:188} INFO - [2024-06-27T14:40:46.213+0000] {dag.py:3096} INFO - Sync 1 DAGs
[2024-06-27T14:40:46.246+0000] {logging_mixin.py:188} INFO - [2024-06-27T14:40:46.246+0000] {dag.py:3954} INFO - Setting next_dagrun for example_branch_operator to 2024-06-26 00:00:00+00:00, run_after=2024-06-27 00:00:00+00:00
[2024-06-27T14:40:46.273+0000] {processor.py:183} INFO - Processing /home/airflow/.local/lib/python3.12/site-packages/airflow/example_dags/example_branch_operator.py took 0.136 seconds
[2024-06-27T14:41:16.471+0000] {processor.py:161} INFO - Started process (PID=233) to work on /home/airflow/.local/lib/python3.12/site-packages/airflow/example_dags/example_branch_operator.py
[2024-06-27T14:41:16.473+0000] {processor.py:830} INFO - Processing file /home/airflow/.local/lib/python3.12/site-packages/airflow/example_dags/example_branch_operator.py for tasks to queue
[2024-06-27T14:41:16.476+0000] {logging_mixin.py:188} INFO - [2024-06-27T14:41:16.475+0000] {dagbag.py:545} INFO - Filling up the DagBag from /home/airflow/.local/lib/python3.12/site-packages/airflow/example_dags/example_branch_operator.py
[2024-06-27T14:41:16.503+0000] {processor.py:840} INFO - DAG(s) 'example_branch_operator' retrieved from /home/airflow/.local/lib/python3.12/site-packages/airflow/example_dags/example_branch_operator.py
[2024-06-27T14:41:16.556+0000] {logging_mixin.py:188} INFO - [2024-06-27T14:41:16.555+0000] {dag.py:3096} INFO - Sync 1 DAGs
[2024-06-27T14:41:16.591+0000] {logging_mixin.py:188} INFO - [2024-06-27T14:41:16.591+0000] {dag.py:3954} INFO - Setting next_dagrun for example_branch_operator to 2024-06-26 00:00:00+00:00, run_after=2024-06-27 00:00:00+00:00
[2024-06-27T14:41:16.625+0000] {processor.py:183} INFO - Processing /home/airflow/.local/lib/python3.12/site-packages/airflow/example_dags/example_branch_operator.py took 0.162 seconds
[2024-06-27T14:41:47.639+0000] {processor.py:161} INFO - Started process (PID=292) to work on /home/airflow/.local/lib/python3.12/site-packages/airflow/example_dags/example_branch_operator.py
[2024-06-27T14:41:47.641+0000] {processor.py:830} INFO - Processing file /home/airflow/.local/lib/python3.12/site-packages/airflow/example_dags/example_branch_operator.py for tasks to queue
[2024-06-27T14:41:47.644+0000] {logging_mixin.py:188} INFO - [2024-06-27T14:41:47.643+0000] {dagbag.py:545} INFO - Filling up the DagBag from /home/airflow/.local/lib/python3.12/site-packages/airflow/example_dags/example_branch_operator.py
[2024-06-27T14:41:47.663+0000] {processor.py:840} INFO - DAG(s) 'example_branch_operator' retrieved from /home/airflow/.local/lib/python3.12/site-packages/airflow/example_dags/example_branch_operator.py
[2024-06-27T14:41:47.702+0000] {logging_mixin.py:188} INFO - [2024-06-27T14:41:47.702+0000] {dag.py:3096} INFO - Sync 1 DAGs
[2024-06-27T14:41:47.735+0000] {logging_mixin.py:188} INFO - [2024-06-27T14:41:47.735+0000] {dag.py:3954} INFO - Setting next_dagrun for example_branch_operator to 2024-06-26 00:00:00+00:00, run_after=2024-06-27 00:00:00+00:00
[2024-06-27T14:41:47.764+0000] {processor.py:183} INFO - Processing /home/airflow/.local/lib/python3.12/site-packages/airflow/example_dags/example_branch_operator.py took 0.132 seconds
[2024-06-27T14:42:18.067+0000] {processor.py:161} INFO - Started process (PID=351) to work on /home/airflow/.local/lib/python3.12/site-packages/airflow/example_dags/example_branch_operator.py
[2024-06-27T14:42:18.069+0000] {processor.py:830} INFO - Processing file /home/airflow/.local/lib/python3.12/site-packages/airflow/example_dags/example_branch_operator.py for tasks to queue
[2024-06-27T14:42:18.072+0000] {logging_mixin.py:188} INFO - [2024-06-27T14:42:18.071+0000] {dagbag.py:545} INFO - Filling up the DagBag from /home/airflow/.local/lib/python3.12/site-packages/airflow/example_dags/example_branch_operator.py
[2024-06-27T14:42:18.094+0000] {processor.py:840} INFO - DAG(s) 'example_branch_operator' retrieved from /home/airflow/.local/lib/python3.12/site-packages/airflow/example_dags/example_branch_operator.py
[2024-06-27T14:42:18.133+0000] {logging_mixin.py:188} INFO - [2024-06-27T14:42:18.132+0000] {dag.py:3096} INFO - Sync 1 DAGs
[2024-06-27T14:42:18.170+0000] {logging_mixin.py:188} INFO - [2024-06-27T14:42:18.170+0000] {dag.py:3954} INFO - Setting next_dagrun for example_branch_operator to 2024-06-26 00:00:00+00:00, run_after=2024-06-27 00:00:00+00:00
[2024-06-27T14:42:18.198+0000] {processor.py:183} INFO - Processing /home/airflow/.local/lib/python3.12/site-packages/airflow/example_dags/example_branch_operator.py took 0.138 seconds
[2024-06-27T14:43:59.204+0000] {processor.py:161} INFO - Started process (PID=50) to work on /home/airflow/.local/lib/python3.12/site-packages/airflow/example_dags/example_branch_operator.py
[2024-06-27T14:43:59.207+0000] {processor.py:830} INFO - Processing file /home/airflow/.local/lib/python3.12/site-packages/airflow/example_dags/example_branch_operator.py for tasks to queue
[2024-06-27T14:43:59.211+0000] {logging_mixin.py:188} INFO - [2024-06-27T14:43:59.210+0000] {dagbag.py:545} INFO - Filling up the DagBag from /home/airflow/.local/lib/python3.12/site-packages/airflow/example_dags/example_branch_operator.py
[2024-06-27T14:43:59.241+0000] {processor.py:840} INFO - DAG(s) 'example_branch_operator' retrieved from /home/airflow/.local/lib/python3.12/site-packages/airflow/example_dags/example_branch_operator.py
[2024-06-27T14:43:59.433+0000] {logging_mixin.py:188} INFO - [2024-06-27T14:43:59.433+0000] {dag.py:3096} INFO - Sync 1 DAGs
[2024-06-27T14:43:59.460+0000] {logging_mixin.py:188} INFO - [2024-06-27T14:43:59.460+0000] {dag.py:3954} INFO - Setting next_dagrun for example_branch_operator to 2024-06-26 00:00:00+00:00, run_after=2024-06-27 00:00:00+00:00
[2024-06-27T14:43:59.488+0000] {processor.py:183} INFO - Processing /home/airflow/.local/lib/python3.12/site-packages/airflow/example_dags/example_branch_operator.py took 0.296 seconds
[2024-06-27T14:44:24.337+0000] {processor.py:161} INFO - Started process (PID=50) to work on /home/airflow/.local/lib/python3.12/site-packages/airflow/example_dags/example_branch_operator.py
[2024-06-27T14:44:24.340+0000] {processor.py:830} INFO - Processing file /home/airflow/.local/lib/python3.12/site-packages/airflow/example_dags/example_branch_operator.py for tasks to queue
[2024-06-27T14:44:24.345+0000] {logging_mixin.py:188} INFO - [2024-06-27T14:44:24.344+0000] {dagbag.py:545} INFO - Filling up the DagBag from /home/airflow/.local/lib/python3.12/site-packages/airflow/example_dags/example_branch_operator.py
[2024-06-27T14:44:24.387+0000] {processor.py:840} INFO - DAG(s) 'example_branch_operator' retrieved from /home/airflow/.local/lib/python3.12/site-packages/airflow/example_dags/example_branch_operator.py
[2024-06-27T14:44:24.412+0000] {logging_mixin.py:188} INFO - [2024-06-27T14:44:24.412+0000] {dag.py:3096} INFO - Sync 1 DAGs
[2024-06-27T14:44:24.459+0000] {logging_mixin.py:188} INFO - [2024-06-27T14:44:24.459+0000] {dag.py:3954} INFO - Setting next_dagrun for example_branch_operator to 2024-06-26 00:00:00+00:00, run_after=2024-06-27 00:00:00+00:00
[2024-06-27T14:44:24.500+0000] {processor.py:183} INFO - Processing /home/airflow/.local/lib/python3.12/site-packages/airflow/example_dags/example_branch_operator.py took 0.174 seconds
[2024-06-27T14:44:54.588+0000] {processor.py:161} INFO - Started process (PID=109) to work on /home/airflow/.local/lib/python3.12/site-packages/airflow/example_dags/example_branch_operator.py
[2024-06-27T14:44:54.590+0000] {processor.py:830} INFO - Processing file /home/airflow/.local/lib/python3.12/site-packages/airflow/example_dags/example_branch_operator.py for tasks to queue
[2024-06-27T14:44:54.592+0000] {logging_mixin.py:188} INFO - [2024-06-27T14:44:54.592+0000] {dagbag.py:545} INFO - Filling up the DagBag from /home/airflow/.local/lib/python3.12/site-packages/airflow/example_dags/example_branch_operator.py
[2024-06-27T14:44:54.616+0000] {processor.py:840} INFO - DAG(s) 'example_branch_operator' retrieved from /home/airflow/.local/lib/python3.12/site-packages/airflow/example_dags/example_branch_operator.py
[2024-06-27T14:44:54.765+0000] {logging_mixin.py:188} INFO - [2024-06-27T14:44:54.764+0000] {dag.py:3096} INFO - Sync 1 DAGs
[2024-06-27T14:44:54.791+0000] {logging_mixin.py:188} INFO - [2024-06-27T14:44:54.791+0000] {dag.py:3954} INFO - Setting next_dagrun for example_branch_operator to 2024-06-26 00:00:00+00:00, run_after=2024-06-27 00:00:00+00:00
[2024-06-27T14:44:54.824+0000] {processor.py:183} INFO - Processing /home/airflow/.local/lib/python3.12/site-packages/airflow/example_dags/example_branch_operator.py took 0.243 seconds
[2024-06-27T14:45:25.634+0000] {processor.py:161} INFO - Started process (PID=168) to work on /home/airflow/.local/lib/python3.12/site-packages/airflow/example_dags/example_branch_operator.py
[2024-06-27T14:45:25.636+0000] {processor.py:830} INFO - Processing file /home/airflow/.local/lib/python3.12/site-packages/airflow/example_dags/example_branch_operator.py for tasks to queue
[2024-06-27T14:45:25.639+0000] {logging_mixin.py:188} INFO - [2024-06-27T14:45:25.638+0000] {dagbag.py:545} INFO - Filling up the DagBag from /home/airflow/.local/lib/python3.12/site-packages/airflow/example_dags/example_branch_operator.py
[2024-06-27T14:45:25.669+0000] {processor.py:840} INFO - DAG(s) 'example_branch_operator' retrieved from /home/airflow/.local/lib/python3.12/site-packages/airflow/example_dags/example_branch_operator.py
[2024-06-27T14:45:25.723+0000] {logging_mixin.py:188} INFO - [2024-06-27T14:45:25.723+0000] {dag.py:3096} INFO - Sync 1 DAGs
[2024-06-27T14:45:25.760+0000] {logging_mixin.py:188} INFO - [2024-06-27T14:45:25.759+0000] {dag.py:3954} INFO - Setting next_dagrun for example_branch_operator to 2024-06-26 00:00:00+00:00, run_after=2024-06-27 00:00:00+00:00
[2024-06-27T14:45:25.794+0000] {processor.py:183} INFO - Processing /home/airflow/.local/lib/python3.12/site-packages/airflow/example_dags/example_branch_operator.py took 0.168 seconds
[2024-06-27T14:45:56.036+0000] {processor.py:161} INFO - Started process (PID=227) to work on /home/airflow/.local/lib/python3.12/site-packages/airflow/example_dags/example_branch_operator.py
[2024-06-27T14:45:56.038+0000] {processor.py:830} INFO - Processing file /home/airflow/.local/lib/python3.12/site-packages/airflow/example_dags/example_branch_operator.py for tasks to queue
[2024-06-27T14:45:56.041+0000] {logging_mixin.py:188} INFO - [2024-06-27T14:45:56.040+0000] {dagbag.py:545} INFO - Filling up the DagBag from /home/airflow/.local/lib/python3.12/site-packages/airflow/example_dags/example_branch_operator.py
[2024-06-27T14:45:56.063+0000] {processor.py:840} INFO - DAG(s) 'example_branch_operator' retrieved from /home/airflow/.local/lib/python3.12/site-packages/airflow/example_dags/example_branch_operator.py
[2024-06-27T14:45:56.109+0000] {logging_mixin.py:188} INFO - [2024-06-27T14:45:56.109+0000] {dag.py:3096} INFO - Sync 1 DAGs
[2024-06-27T14:45:56.145+0000] {logging_mixin.py:188} INFO - [2024-06-27T14:45:56.144+0000] {dag.py:3954} INFO - Setting next_dagrun for example_branch_operator to 2024-06-26 00:00:00+00:00, run_after=2024-06-27 00:00:00+00:00
[2024-06-27T14:45:56.175+0000] {processor.py:183} INFO - Processing /home/airflow/.local/lib/python3.12/site-packages/airflow/example_dags/example_branch_operator.py took 0.146 seconds
[2024-06-27T14:46:26.402+0000] {processor.py:161} INFO - Started process (PID=286) to work on /home/airflow/.local/lib/python3.12/site-packages/airflow/example_dags/example_branch_operator.py
[2024-06-27T14:46:26.404+0000] {processor.py:830} INFO - Processing file /home/airflow/.local/lib/python3.12/site-packages/airflow/example_dags/example_branch_operator.py for tasks to queue
[2024-06-27T14:46:26.407+0000] {logging_mixin.py:188} INFO - [2024-06-27T14:46:26.406+0000] {dagbag.py:545} INFO - Filling up the DagBag from /home/airflow/.local/lib/python3.12/site-packages/airflow/example_dags/example_branch_operator.py
[2024-06-27T14:46:26.429+0000] {processor.py:840} INFO - DAG(s) 'example_branch_operator' retrieved from /home/airflow/.local/lib/python3.12/site-packages/airflow/example_dags/example_branch_operator.py
[2024-06-27T14:46:26.476+0000] {logging_mixin.py:188} INFO - [2024-06-27T14:46:26.475+0000] {dag.py:3096} INFO - Sync 1 DAGs
[2024-06-27T14:46:26.509+0000] {logging_mixin.py:188} INFO - [2024-06-27T14:46:26.509+0000] {dag.py:3954} INFO - Setting next_dagrun for example_branch_operator to 2024-06-26 00:00:00+00:00, run_after=2024-06-27 00:00:00+00:00
[2024-06-27T14:46:26.538+0000] {processor.py:183} INFO - Processing /home/airflow/.local/lib/python3.12/site-packages/airflow/example_dags/example_branch_operator.py took 0.145 seconds
[2024-06-27T14:58:58.079+0000] {processor.py:161} INFO - Started process (PID=55) to work on /home/airflow/.local/lib/python3.12/site-packages/airflow/example_dags/example_branch_operator.py
[2024-06-27T14:58:58.083+0000] {processor.py:830} INFO - Processing file /home/airflow/.local/lib/python3.12/site-packages/airflow/example_dags/example_branch_operator.py for tasks to queue
[2024-06-27T14:58:58.091+0000] {logging_mixin.py:188} INFO - [2024-06-27T14:58:58.089+0000] {dagbag.py:545} INFO - Filling up the DagBag from /home/airflow/.local/lib/python3.12/site-packages/airflow/example_dags/example_branch_operator.py
[2024-06-27T14:58:58.164+0000] {processor.py:840} INFO - DAG(s) 'example_branch_operator' retrieved from /home/airflow/.local/lib/python3.12/site-packages/airflow/example_dags/example_branch_operator.py
[2024-06-27T14:58:58.199+0000] {logging_mixin.py:188} INFO - [2024-06-27T14:58:58.198+0000] {dag.py:3096} INFO - Sync 1 DAGs
[2024-06-27T14:58:58.277+0000] {logging_mixin.py:188} INFO - [2024-06-27T14:58:58.276+0000] {dag.py:3954} INFO - Setting next_dagrun for example_branch_operator to 2024-06-26 00:00:00+00:00, run_after=2024-06-27 00:00:00+00:00
[2024-06-27T14:58:58.326+0000] {processor.py:183} INFO - Processing /home/airflow/.local/lib/python3.12/site-packages/airflow/example_dags/example_branch_operator.py took 0.268 seconds
[2024-06-27T14:59:29.751+0000] {processor.py:161} INFO - Started process (PID=114) to work on /home/airflow/.local/lib/python3.12/site-packages/airflow/example_dags/example_branch_operator.py
[2024-06-27T14:59:29.753+0000] {processor.py:830} INFO - Processing file /home/airflow/.local/lib/python3.12/site-packages/airflow/example_dags/example_branch_operator.py for tasks to queue
[2024-06-27T14:59:29.757+0000] {logging_mixin.py:188} INFO - [2024-06-27T14:59:29.756+0000] {dagbag.py:545} INFO - Filling up the DagBag from /home/airflow/.local/lib/python3.12/site-packages/airflow/example_dags/example_branch_operator.py
[2024-06-27T14:59:29.786+0000] {processor.py:840} INFO - DAG(s) 'example_branch_operator' retrieved from /home/airflow/.local/lib/python3.12/site-packages/airflow/example_dags/example_branch_operator.py
[2024-06-27T14:59:29.994+0000] {logging_mixin.py:188} INFO - [2024-06-27T14:59:29.994+0000] {dag.py:3096} INFO - Sync 1 DAGs
[2024-06-27T14:59:30.029+0000] {logging_mixin.py:188} INFO - [2024-06-27T14:59:30.029+0000] {dag.py:3954} INFO - Setting next_dagrun for example_branch_operator to 2024-06-26 00:00:00+00:00, run_after=2024-06-27 00:00:00+00:00
[2024-06-27T14:59:30.072+0000] {processor.py:183} INFO - Processing /home/airflow/.local/lib/python3.12/site-packages/airflow/example_dags/example_branch_operator.py took 0.331 seconds
[2024-06-27T15:00:00.839+0000] {processor.py:161} INFO - Started process (PID=173) to work on /home/airflow/.local/lib/python3.12/site-packages/airflow/example_dags/example_branch_operator.py
[2024-06-27T15:00:00.842+0000] {processor.py:830} INFO - Processing file /home/airflow/.local/lib/python3.12/site-packages/airflow/example_dags/example_branch_operator.py for tasks to queue
[2024-06-27T15:00:00.845+0000] {logging_mixin.py:188} INFO - [2024-06-27T15:00:00.845+0000] {dagbag.py:545} INFO - Filling up the DagBag from /home/airflow/.local/lib/python3.12/site-packages/airflow/example_dags/example_branch_operator.py
[2024-06-27T15:00:00.871+0000] {processor.py:840} INFO - DAG(s) 'example_branch_operator' retrieved from /home/airflow/.local/lib/python3.12/site-packages/airflow/example_dags/example_branch_operator.py
[2024-06-27T15:00:00.913+0000] {logging_mixin.py:188} INFO - [2024-06-27T15:00:00.912+0000] {dag.py:3096} INFO - Sync 1 DAGs
[2024-06-27T15:00:00.945+0000] {logging_mixin.py:188} INFO - [2024-06-27T15:00:00.945+0000] {dag.py:3954} INFO - Setting next_dagrun for example_branch_operator to 2024-06-26 00:00:00+00:00, run_after=2024-06-27 00:00:00+00:00
[2024-06-27T15:00:00.973+0000] {processor.py:183} INFO - Processing /home/airflow/.local/lib/python3.12/site-packages/airflow/example_dags/example_branch_operator.py took 0.142 seconds
[2024-06-27T15:00:31.646+0000] {processor.py:161} INFO - Started process (PID=232) to work on /home/airflow/.local/lib/python3.12/site-packages/airflow/example_dags/example_branch_operator.py
[2024-06-27T15:00:31.648+0000] {processor.py:830} INFO - Processing file /home/airflow/.local/lib/python3.12/site-packages/airflow/example_dags/example_branch_operator.py for tasks to queue
[2024-06-27T15:00:31.651+0000] {logging_mixin.py:188} INFO - [2024-06-27T15:00:31.650+0000] {dagbag.py:545} INFO - Filling up the DagBag from /home/airflow/.local/lib/python3.12/site-packages/airflow/example_dags/example_branch_operator.py
[2024-06-27T15:00:31.681+0000] {processor.py:840} INFO - DAG(s) 'example_branch_operator' retrieved from /home/airflow/.local/lib/python3.12/site-packages/airflow/example_dags/example_branch_operator.py
[2024-06-27T15:00:31.720+0000] {logging_mixin.py:188} INFO - [2024-06-27T15:00:31.719+0000] {dag.py:3096} INFO - Sync 1 DAGs
[2024-06-27T15:00:31.749+0000] {logging_mixin.py:188} INFO - [2024-06-27T15:00:31.749+0000] {dag.py:3954} INFO - Setting next_dagrun for example_branch_operator to 2024-06-26 00:00:00+00:00, run_after=2024-06-27 00:00:00+00:00
[2024-06-27T15:00:31.780+0000] {processor.py:183} INFO - Processing /home/airflow/.local/lib/python3.12/site-packages/airflow/example_dags/example_branch_operator.py took 0.143 seconds
[2024-06-27T15:02:15.961+0000] {processor.py:161} INFO - Started process (PID=66) to work on /home/airflow/.local/lib/python3.12/site-packages/airflow/example_dags/example_branch_operator.py
[2024-06-27T15:02:15.963+0000] {processor.py:830} INFO - Processing file /home/airflow/.local/lib/python3.12/site-packages/airflow/example_dags/example_branch_operator.py for tasks to queue
[2024-06-27T15:02:15.967+0000] {logging_mixin.py:188} INFO - [2024-06-27T15:02:15.966+0000] {dagbag.py:545} INFO - Filling up the DagBag from /home/airflow/.local/lib/python3.12/site-packages/airflow/example_dags/example_branch_operator.py
[2024-06-27T15:02:16.009+0000] {processor.py:840} INFO - DAG(s) 'example_branch_operator' retrieved from /home/airflow/.local/lib/python3.12/site-packages/airflow/example_dags/example_branch_operator.py
[2024-06-27T15:02:16.220+0000] {logging_mixin.py:188} INFO - [2024-06-27T15:02:16.220+0000] {dag.py:3096} INFO - Sync 1 DAGs
[2024-06-27T15:02:16.259+0000] {logging_mixin.py:188} INFO - [2024-06-27T15:02:16.259+0000] {dag.py:3954} INFO - Setting next_dagrun for example_branch_operator to 2024-06-26 00:00:00+00:00, run_after=2024-06-27 00:00:00+00:00
[2024-06-27T15:02:16.300+0000] {processor.py:183} INFO - Processing /home/airflow/.local/lib/python3.12/site-packages/airflow/example_dags/example_branch_operator.py took 0.349 seconds
[2024-06-27T15:02:47.017+0000] {processor.py:161} INFO - Started process (PID=134) to work on /home/airflow/.local/lib/python3.12/site-packages/airflow/example_dags/example_branch_operator.py
[2024-06-27T15:02:47.019+0000] {processor.py:830} INFO - Processing file /home/airflow/.local/lib/python3.12/site-packages/airflow/example_dags/example_branch_operator.py for tasks to queue
[2024-06-27T15:02:47.022+0000] {logging_mixin.py:188} INFO - [2024-06-27T15:02:47.022+0000] {dagbag.py:545} INFO - Filling up the DagBag from /home/airflow/.local/lib/python3.12/site-packages/airflow/example_dags/example_branch_operator.py
[2024-06-27T15:02:47.046+0000] {processor.py:840} INFO - DAG(s) 'example_branch_operator' retrieved from /home/airflow/.local/lib/python3.12/site-packages/airflow/example_dags/example_branch_operator.py
[2024-06-27T15:02:47.086+0000] {logging_mixin.py:188} INFO - [2024-06-27T15:02:47.085+0000] {dag.py:3096} INFO - Sync 1 DAGs
[2024-06-27T15:02:47.121+0000] {logging_mixin.py:188} INFO - [2024-06-27T15:02:47.120+0000] {dag.py:3954} INFO - Setting next_dagrun for example_branch_operator to 2024-06-26 00:00:00+00:00, run_after=2024-06-27 00:00:00+00:00
[2024-06-27T15:02:47.153+0000] {processor.py:183} INFO - Processing /home/airflow/.local/lib/python3.12/site-packages/airflow/example_dags/example_branch_operator.py took 0.144 seconds
[2024-06-27T15:03:17.553+0000] {processor.py:161} INFO - Started process (PID=202) to work on /home/airflow/.local/lib/python3.12/site-packages/airflow/example_dags/example_branch_operator.py
[2024-06-27T15:03:17.555+0000] {processor.py:830} INFO - Processing file /home/airflow/.local/lib/python3.12/site-packages/airflow/example_dags/example_branch_operator.py for tasks to queue
[2024-06-27T15:03:17.558+0000] {logging_mixin.py:188} INFO - [2024-06-27T15:03:17.557+0000] {dagbag.py:545} INFO - Filling up the DagBag from /home/airflow/.local/lib/python3.12/site-packages/airflow/example_dags/example_branch_operator.py
[2024-06-27T15:03:17.581+0000] {processor.py:840} INFO - DAG(s) 'example_branch_operator' retrieved from /home/airflow/.local/lib/python3.12/site-packages/airflow/example_dags/example_branch_operator.py
[2024-06-27T15:03:17.624+0000] {logging_mixin.py:188} INFO - [2024-06-27T15:03:17.623+0000] {dag.py:3096} INFO - Sync 1 DAGs
[2024-06-27T15:03:17.655+0000] {logging_mixin.py:188} INFO - [2024-06-27T15:03:17.655+0000] {dag.py:3954} INFO - Setting next_dagrun for example_branch_operator to 2024-06-26 00:00:00+00:00, run_after=2024-06-27 00:00:00+00:00
[2024-06-27T15:03:17.683+0000] {processor.py:183} INFO - Processing /home/airflow/.local/lib/python3.12/site-packages/airflow/example_dags/example_branch_operator.py took 0.138 seconds
[2024-06-27T15:03:50.556+0000] {processor.py:161} INFO - Started process (PID=269) to work on /home/airflow/.local/lib/python3.12/site-packages/airflow/example_dags/example_branch_operator.py
[2024-06-27T15:03:50.562+0000] {processor.py:830} INFO - Processing file /home/airflow/.local/lib/python3.12/site-packages/airflow/example_dags/example_branch_operator.py for tasks to queue
[2024-06-27T15:03:50.568+0000] {logging_mixin.py:188} INFO - [2024-06-27T15:03:50.567+0000] {dagbag.py:545} INFO - Filling up the DagBag from /home/airflow/.local/lib/python3.12/site-packages/airflow/example_dags/example_branch_operator.py
[2024-06-27T15:03:50.631+0000] {processor.py:840} INFO - DAG(s) 'example_branch_operator' retrieved from /home/airflow/.local/lib/python3.12/site-packages/airflow/example_dags/example_branch_operator.py
[2024-06-27T15:03:50.772+0000] {logging_mixin.py:188} INFO - [2024-06-27T15:03:50.772+0000] {dag.py:3096} INFO - Sync 1 DAGs
[2024-06-27T15:03:51.035+0000] {logging_mixin.py:188} INFO - [2024-06-27T15:03:51.034+0000] {dag.py:3954} INFO - Setting next_dagrun for example_branch_operator to 2024-06-26 00:00:00+00:00, run_after=2024-06-27 00:00:00+00:00
[2024-06-27T15:03:51.150+0000] {processor.py:183} INFO - Processing /home/airflow/.local/lib/python3.12/site-packages/airflow/example_dags/example_branch_operator.py took 0.610 seconds
[2024-06-27T15:04:21.517+0000] {processor.py:161} INFO - Started process (PID=345) to work on /home/airflow/.local/lib/python3.12/site-packages/airflow/example_dags/example_branch_operator.py
[2024-06-27T15:04:21.519+0000] {processor.py:830} INFO - Processing file /home/airflow/.local/lib/python3.12/site-packages/airflow/example_dags/example_branch_operator.py for tasks to queue
[2024-06-27T15:04:21.559+0000] {logging_mixin.py:188} INFO - [2024-06-27T15:04:21.558+0000] {dagbag.py:545} INFO - Filling up the DagBag from /home/airflow/.local/lib/python3.12/site-packages/airflow/example_dags/example_branch_operator.py
[2024-06-27T15:04:21.685+0000] {processor.py:840} INFO - DAG(s) 'example_branch_operator' retrieved from /home/airflow/.local/lib/python3.12/site-packages/airflow/example_dags/example_branch_operator.py
[2024-06-27T15:04:21.888+0000] {logging_mixin.py:188} INFO - [2024-06-27T15:04:21.887+0000] {dag.py:3096} INFO - Sync 1 DAGs
[2024-06-27T15:04:22.105+0000] {logging_mixin.py:188} INFO - [2024-06-27T15:04:22.103+0000] {dag.py:3954} INFO - Setting next_dagrun for example_branch_operator to 2024-06-26 00:00:00+00:00, run_after=2024-06-27 00:00:00+00:00
[2024-06-27T15:04:22.185+0000] {processor.py:183} INFO - Processing /home/airflow/.local/lib/python3.12/site-packages/airflow/example_dags/example_branch_operator.py took 0.702 seconds
[2024-06-27T15:04:52.589+0000] {processor.py:161} INFO - Started process (PID=413) to work on /home/airflow/.local/lib/python3.12/site-packages/airflow/example_dags/example_branch_operator.py
[2024-06-27T15:04:52.593+0000] {processor.py:830} INFO - Processing file /home/airflow/.local/lib/python3.12/site-packages/airflow/example_dags/example_branch_operator.py for tasks to queue
[2024-06-27T15:04:52.606+0000] {logging_mixin.py:188} INFO - [2024-06-27T15:04:52.603+0000] {dagbag.py:545} INFO - Filling up the DagBag from /home/airflow/.local/lib/python3.12/site-packages/airflow/example_dags/example_branch_operator.py
[2024-06-27T15:04:52.714+0000] {processor.py:840} INFO - DAG(s) 'example_branch_operator' retrieved from /home/airflow/.local/lib/python3.12/site-packages/airflow/example_dags/example_branch_operator.py
[2024-06-27T15:04:52.872+0000] {logging_mixin.py:188} INFO - [2024-06-27T15:04:52.871+0000] {dag.py:3096} INFO - Sync 1 DAGs
[2024-06-27T15:04:53.033+0000] {logging_mixin.py:188} INFO - [2024-06-27T15:04:53.032+0000] {dag.py:3954} INFO - Setting next_dagrun for example_branch_operator to 2024-06-26 00:00:00+00:00, run_after=2024-06-27 00:00:00+00:00
[2024-06-27T15:04:53.117+0000] {processor.py:183} INFO - Processing /home/airflow/.local/lib/python3.12/site-packages/airflow/example_dags/example_branch_operator.py took 0.592 seconds
[2024-06-27T15:05:23.528+0000] {processor.py:161} INFO - Started process (PID=508) to work on /home/airflow/.local/lib/python3.12/site-packages/airflow/example_dags/example_branch_operator.py
[2024-06-27T15:05:23.531+0000] {processor.py:830} INFO - Processing file /home/airflow/.local/lib/python3.12/site-packages/airflow/example_dags/example_branch_operator.py for tasks to queue
[2024-06-27T15:05:23.538+0000] {logging_mixin.py:188} INFO - [2024-06-27T15:05:23.537+0000] {dagbag.py:545} INFO - Filling up the DagBag from /home/airflow/.local/lib/python3.12/site-packages/airflow/example_dags/example_branch_operator.py
[2024-06-27T15:05:23.622+0000] {processor.py:840} INFO - DAG(s) 'example_branch_operator' retrieved from /home/airflow/.local/lib/python3.12/site-packages/airflow/example_dags/example_branch_operator.py
[2024-06-27T15:05:23.755+0000] {logging_mixin.py:188} INFO - [2024-06-27T15:05:23.754+0000] {dag.py:3096} INFO - Sync 1 DAGs
[2024-06-27T15:05:23.870+0000] {logging_mixin.py:188} INFO - [2024-06-27T15:05:23.870+0000] {dag.py:3954} INFO - Setting next_dagrun for example_branch_operator to 2024-06-26 00:00:00+00:00, run_after=2024-06-27 00:00:00+00:00
[2024-06-27T15:05:23.972+0000] {processor.py:183} INFO - Processing /home/airflow/.local/lib/python3.12/site-packages/airflow/example_dags/example_branch_operator.py took 0.470 seconds
[2024-06-27T15:05:54.607+0000] {processor.py:161} INFO - Started process (PID=580) to work on /home/airflow/.local/lib/python3.12/site-packages/airflow/example_dags/example_branch_operator.py
[2024-06-27T15:05:54.615+0000] {processor.py:830} INFO - Processing file /home/airflow/.local/lib/python3.12/site-packages/airflow/example_dags/example_branch_operator.py for tasks to queue
[2024-06-27T15:05:54.620+0000] {logging_mixin.py:188} INFO - [2024-06-27T15:05:54.620+0000] {dagbag.py:545} INFO - Filling up the DagBag from /home/airflow/.local/lib/python3.12/site-packages/airflow/example_dags/example_branch_operator.py
[2024-06-27T15:05:54.733+0000] {processor.py:840} INFO - DAG(s) 'example_branch_operator' retrieved from /home/airflow/.local/lib/python3.12/site-packages/airflow/example_dags/example_branch_operator.py
[2024-06-27T15:05:54.938+0000] {logging_mixin.py:188} INFO - [2024-06-27T15:05:54.938+0000] {dag.py:3096} INFO - Sync 1 DAGs
[2024-06-27T15:05:55.111+0000] {logging_mixin.py:188} INFO - [2024-06-27T15:05:55.110+0000] {dag.py:3954} INFO - Setting next_dagrun for example_branch_operator to 2024-06-26 00:00:00+00:00, run_after=2024-06-27 00:00:00+00:00
[2024-06-27T15:05:55.201+0000] {processor.py:183} INFO - Processing /home/airflow/.local/lib/python3.12/site-packages/airflow/example_dags/example_branch_operator.py took 0.618 seconds
[2024-06-27T15:06:25.335+0000] {processor.py:161} INFO - Started process (PID=662) to work on /home/airflow/.local/lib/python3.12/site-packages/airflow/example_dags/example_branch_operator.py
[2024-06-27T15:06:25.338+0000] {processor.py:830} INFO - Processing file /home/airflow/.local/lib/python3.12/site-packages/airflow/example_dags/example_branch_operator.py for tasks to queue
[2024-06-27T15:06:25.345+0000] {logging_mixin.py:188} INFO - [2024-06-27T15:06:25.344+0000] {dagbag.py:545} INFO - Filling up the DagBag from /home/airflow/.local/lib/python3.12/site-packages/airflow/example_dags/example_branch_operator.py
[2024-06-27T15:06:25.419+0000] {processor.py:840} INFO - DAG(s) 'example_branch_operator' retrieved from /home/airflow/.local/lib/python3.12/site-packages/airflow/example_dags/example_branch_operator.py
[2024-06-27T15:06:25.527+0000] {logging_mixin.py:188} INFO - [2024-06-27T15:06:25.526+0000] {dag.py:3096} INFO - Sync 1 DAGs
[2024-06-27T15:06:25.602+0000] {logging_mixin.py:188} INFO - [2024-06-27T15:06:25.601+0000] {dag.py:3954} INFO - Setting next_dagrun for example_branch_operator to 2024-06-26 00:00:00+00:00, run_after=2024-06-27 00:00:00+00:00
[2024-06-27T15:06:25.663+0000] {processor.py:183} INFO - Processing /home/airflow/.local/lib/python3.12/site-packages/airflow/example_dags/example_branch_operator.py took 0.348 seconds
[2024-06-27T15:07:00.562+0000] {processor.py:161} INFO - Started process (PID=751) to work on /home/airflow/.local/lib/python3.12/site-packages/airflow/example_dags/example_branch_operator.py
[2024-06-27T15:07:00.573+0000] {processor.py:830} INFO - Processing file /home/airflow/.local/lib/python3.12/site-packages/airflow/example_dags/example_branch_operator.py for tasks to queue
[2024-06-27T15:07:00.591+0000] {logging_mixin.py:188} INFO - [2024-06-27T15:07:00.590+0000] {dagbag.py:545} INFO - Filling up the DagBag from /home/airflow/.local/lib/python3.12/site-packages/airflow/example_dags/example_branch_operator.py
[2024-06-27T15:07:00.788+0000] {processor.py:840} INFO - DAG(s) 'example_branch_operator' retrieved from /home/airflow/.local/lib/python3.12/site-packages/airflow/example_dags/example_branch_operator.py
[2024-06-27T15:07:00.929+0000] {logging_mixin.py:188} INFO - [2024-06-27T15:07:00.928+0000] {dag.py:3096} INFO - Sync 1 DAGs
[2024-06-27T15:07:01.053+0000] {logging_mixin.py:188} INFO - [2024-06-27T15:07:01.052+0000] {dag.py:3954} INFO - Setting next_dagrun for example_branch_operator to 2024-06-26 00:00:00+00:00, run_after=2024-06-27 00:00:00+00:00
[2024-06-27T15:07:01.141+0000] {processor.py:183} INFO - Processing /home/airflow/.local/lib/python3.12/site-packages/airflow/example_dags/example_branch_operator.py took 0.613 seconds
[2024-06-27T15:07:32.073+0000] {processor.py:161} INFO - Started process (PID=839) to work on /home/airflow/.local/lib/python3.12/site-packages/airflow/example_dags/example_branch_operator.py
[2024-06-27T15:07:32.086+0000] {processor.py:830} INFO - Processing file /home/airflow/.local/lib/python3.12/site-packages/airflow/example_dags/example_branch_operator.py for tasks to queue
[2024-06-27T15:07:32.099+0000] {logging_mixin.py:188} INFO - [2024-06-27T15:07:32.098+0000] {dagbag.py:545} INFO - Filling up the DagBag from /home/airflow/.local/lib/python3.12/site-packages/airflow/example_dags/example_branch_operator.py
[2024-06-27T15:07:32.349+0000] {processor.py:840} INFO - DAG(s) 'example_branch_operator' retrieved from /home/airflow/.local/lib/python3.12/site-packages/airflow/example_dags/example_branch_operator.py
[2024-06-27T15:07:32.568+0000] {logging_mixin.py:188} INFO - [2024-06-27T15:07:32.563+0000] {dag.py:3096} INFO - Sync 1 DAGs
[2024-06-27T15:07:32.710+0000] {logging_mixin.py:188} INFO - [2024-06-27T15:07:32.709+0000] {dag.py:3954} INFO - Setting next_dagrun for example_branch_operator to 2024-06-26 00:00:00+00:00, run_after=2024-06-27 00:00:00+00:00
[2024-06-27T15:07:32.827+0000] {processor.py:183} INFO - Processing /home/airflow/.local/lib/python3.12/site-packages/airflow/example_dags/example_branch_operator.py took 0.783 seconds
