[2024-06-27T14:36:44.666+0000] {processor.py:161} INFO - Started process (PID=75) to work on /home/airflow/.local/lib/python3.12/site-packages/airflow/example_dags/example_task_group.py
[2024-06-27T14:36:44.668+0000] {processor.py:830} INFO - Processing file /home/airflow/.local/lib/python3.12/site-packages/airflow/example_dags/example_task_group.py for tasks to queue
[2024-06-27T14:36:44.672+0000] {logging_mixin.py:188} INFO - [2024-06-27T14:36:44.671+0000] {dagbag.py:545} INFO - Filling up the DagBag from /home/airflow/.local/lib/python3.12/site-packages/airflow/example_dags/example_task_group.py
[2024-06-27T14:36:44.691+0000] {processor.py:840} INFO - DAG(s) 'example_task_group' retrieved from /home/airflow/.local/lib/python3.12/site-packages/airflow/example_dags/example_task_group.py
[2024-06-27T14:36:44.867+0000] {logging_mixin.py:188} INFO - [2024-06-27T14:36:44.866+0000] {override.py:1829} INFO - Created Permission View: can edit on DAG:example_task_group
[2024-06-27T14:36:44.883+0000] {logging_mixin.py:188} INFO - [2024-06-27T14:36:44.883+0000] {override.py:1829} INFO - Created Permission View: can delete on DAG:example_task_group
[2024-06-27T14:36:44.897+0000] {logging_mixin.py:188} INFO - [2024-06-27T14:36:44.897+0000] {override.py:1829} INFO - Created Permission View: can read on DAG:example_task_group
[2024-06-27T14:36:44.898+0000] {logging_mixin.py:188} INFO - [2024-06-27T14:36:44.898+0000] {dag.py:3096} INFO - Sync 1 DAGs
[2024-06-27T14:36:44.920+0000] {logging_mixin.py:188} INFO - [2024-06-27T14:36:44.920+0000] {dag.py:3118} INFO - Creating ORM DAG for example_task_group
[2024-06-27T14:36:44.939+0000] {logging_mixin.py:188} INFO - [2024-06-27T14:36:44.939+0000] {dag.py:3954} INFO - Setting next_dagrun for example_task_group to 2024-06-26 00:00:00+00:00, run_after=2024-06-27 00:00:00+00:00
[2024-06-27T14:36:44.971+0000] {processor.py:183} INFO - Processing /home/airflow/.local/lib/python3.12/site-packages/airflow/example_dags/example_task_group.py took 0.315 seconds
[2024-06-27T14:37:15.413+0000] {processor.py:161} INFO - Started process (PID=133) to work on /home/airflow/.local/lib/python3.12/site-packages/airflow/example_dags/example_task_group.py
[2024-06-27T14:37:15.415+0000] {processor.py:830} INFO - Processing file /home/airflow/.local/lib/python3.12/site-packages/airflow/example_dags/example_task_group.py for tasks to queue
[2024-06-27T14:37:15.418+0000] {logging_mixin.py:188} INFO - [2024-06-27T14:37:15.418+0000] {dagbag.py:545} INFO - Filling up the DagBag from /home/airflow/.local/lib/python3.12/site-packages/airflow/example_dags/example_task_group.py
[2024-06-27T14:37:15.435+0000] {processor.py:840} INFO - DAG(s) 'example_task_group' retrieved from /home/airflow/.local/lib/python3.12/site-packages/airflow/example_dags/example_task_group.py
[2024-06-27T14:37:15.482+0000] {logging_mixin.py:188} INFO - [2024-06-27T14:37:15.481+0000] {dag.py:3096} INFO - Sync 1 DAGs
[2024-06-27T14:37:15.516+0000] {logging_mixin.py:188} INFO - [2024-06-27T14:37:15.516+0000] {dag.py:3954} INFO - Setting next_dagrun for example_task_group to 2024-06-26 00:00:00+00:00, run_after=2024-06-27 00:00:00+00:00
[2024-06-27T14:37:15.551+0000] {processor.py:183} INFO - Processing /home/airflow/.local/lib/python3.12/site-packages/airflow/example_dags/example_task_group.py took 0.149 seconds
[2024-06-27T14:37:46.149+0000] {processor.py:161} INFO - Started process (PID=191) to work on /home/airflow/.local/lib/python3.12/site-packages/airflow/example_dags/example_task_group.py
[2024-06-27T14:37:46.151+0000] {processor.py:830} INFO - Processing file /home/airflow/.local/lib/python3.12/site-packages/airflow/example_dags/example_task_group.py for tasks to queue
[2024-06-27T14:37:46.155+0000] {logging_mixin.py:188} INFO - [2024-06-27T14:37:46.154+0000] {dagbag.py:545} INFO - Filling up the DagBag from /home/airflow/.local/lib/python3.12/site-packages/airflow/example_dags/example_task_group.py
[2024-06-27T14:37:46.179+0000] {processor.py:840} INFO - DAG(s) 'example_task_group' retrieved from /home/airflow/.local/lib/python3.12/site-packages/airflow/example_dags/example_task_group.py
[2024-06-27T14:37:46.223+0000] {logging_mixin.py:188} INFO - [2024-06-27T14:37:46.222+0000] {dag.py:3096} INFO - Sync 1 DAGs
[2024-06-27T14:37:46.271+0000] {logging_mixin.py:188} INFO - [2024-06-27T14:37:46.271+0000] {dag.py:3954} INFO - Setting next_dagrun for example_task_group to 2024-06-26 00:00:00+00:00, run_after=2024-06-27 00:00:00+00:00
[2024-06-27T14:37:46.319+0000] {processor.py:183} INFO - Processing /home/airflow/.local/lib/python3.12/site-packages/airflow/example_dags/example_task_group.py took 0.179 seconds
[2024-06-27T14:38:17.126+0000] {processor.py:161} INFO - Started process (PID=250) to work on /home/airflow/.local/lib/python3.12/site-packages/airflow/example_dags/example_task_group.py
[2024-06-27T14:38:17.127+0000] {processor.py:830} INFO - Processing file /home/airflow/.local/lib/python3.12/site-packages/airflow/example_dags/example_task_group.py for tasks to queue
[2024-06-27T14:38:17.130+0000] {logging_mixin.py:188} INFO - [2024-06-27T14:38:17.130+0000] {dagbag.py:545} INFO - Filling up the DagBag from /home/airflow/.local/lib/python3.12/site-packages/airflow/example_dags/example_task_group.py
[2024-06-27T14:38:17.140+0000] {processor.py:840} INFO - DAG(s) 'example_task_group' retrieved from /home/airflow/.local/lib/python3.12/site-packages/airflow/example_dags/example_task_group.py
[2024-06-27T14:38:17.176+0000] {logging_mixin.py:188} INFO - [2024-06-27T14:38:17.176+0000] {dag.py:3096} INFO - Sync 1 DAGs
[2024-06-27T14:38:17.211+0000] {logging_mixin.py:188} INFO - [2024-06-27T14:38:17.211+0000] {dag.py:3954} INFO - Setting next_dagrun for example_task_group to 2024-06-26 00:00:00+00:00, run_after=2024-06-27 00:00:00+00:00
[2024-06-27T14:38:17.243+0000] {processor.py:183} INFO - Processing /home/airflow/.local/lib/python3.12/site-packages/airflow/example_dags/example_task_group.py took 0.123 seconds
[2024-06-27T14:39:53.587+0000] {processor.py:161} INFO - Started process (PID=78) to work on /home/airflow/.local/lib/python3.12/site-packages/airflow/example_dags/example_task_group.py
[2024-06-27T14:39:53.592+0000] {processor.py:830} INFO - Processing file /home/airflow/.local/lib/python3.12/site-packages/airflow/example_dags/example_task_group.py for tasks to queue
[2024-06-27T14:39:53.604+0000] {logging_mixin.py:188} INFO - [2024-06-27T14:39:53.601+0000] {dagbag.py:545} INFO - Filling up the DagBag from /home/airflow/.local/lib/python3.12/site-packages/airflow/example_dags/example_task_group.py
[2024-06-27T14:39:53.680+0000] {processor.py:840} INFO - DAG(s) 'example_task_group' retrieved from /home/airflow/.local/lib/python3.12/site-packages/airflow/example_dags/example_task_group.py
[2024-06-27T14:39:54.328+0000] {logging_mixin.py:188} INFO - [2024-06-27T14:39:54.327+0000] {dag.py:3096} INFO - Sync 1 DAGs
[2024-06-27T14:39:54.433+0000] {logging_mixin.py:188} INFO - [2024-06-27T14:39:54.432+0000] {dag.py:3954} INFO - Setting next_dagrun for example_task_group to 2024-06-26 00:00:00+00:00, run_after=2024-06-27 00:00:00+00:00
[2024-06-27T14:39:54.577+0000] {processor.py:183} INFO - Processing /home/airflow/.local/lib/python3.12/site-packages/airflow/example_dags/example_task_group.py took 1.045 seconds
[2024-06-27T14:40:25.185+0000] {processor.py:161} INFO - Started process (PID=137) to work on /home/airflow/.local/lib/python3.12/site-packages/airflow/example_dags/example_task_group.py
[2024-06-27T14:40:25.186+0000] {processor.py:830} INFO - Processing file /home/airflow/.local/lib/python3.12/site-packages/airflow/example_dags/example_task_group.py for tasks to queue
[2024-06-27T14:40:25.189+0000] {logging_mixin.py:188} INFO - [2024-06-27T14:40:25.188+0000] {dagbag.py:545} INFO - Filling up the DagBag from /home/airflow/.local/lib/python3.12/site-packages/airflow/example_dags/example_task_group.py
[2024-06-27T14:40:25.198+0000] {processor.py:840} INFO - DAG(s) 'example_task_group' retrieved from /home/airflow/.local/lib/python3.12/site-packages/airflow/example_dags/example_task_group.py
[2024-06-27T14:40:25.230+0000] {logging_mixin.py:188} INFO - [2024-06-27T14:40:25.230+0000] {dag.py:3096} INFO - Sync 1 DAGs
[2024-06-27T14:40:25.259+0000] {logging_mixin.py:188} INFO - [2024-06-27T14:40:25.259+0000] {dag.py:3954} INFO - Setting next_dagrun for example_task_group to 2024-06-26 00:00:00+00:00, run_after=2024-06-27 00:00:00+00:00
[2024-06-27T14:40:25.293+0000] {processor.py:183} INFO - Processing /home/airflow/.local/lib/python3.12/site-packages/airflow/example_dags/example_task_group.py took 0.115 seconds
[2024-06-27T14:40:55.611+0000] {processor.py:161} INFO - Started process (PID=196) to work on /home/airflow/.local/lib/python3.12/site-packages/airflow/example_dags/example_task_group.py
[2024-06-27T14:40:55.612+0000] {processor.py:830} INFO - Processing file /home/airflow/.local/lib/python3.12/site-packages/airflow/example_dags/example_task_group.py for tasks to queue
[2024-06-27T14:40:55.615+0000] {logging_mixin.py:188} INFO - [2024-06-27T14:40:55.615+0000] {dagbag.py:545} INFO - Filling up the DagBag from /home/airflow/.local/lib/python3.12/site-packages/airflow/example_dags/example_task_group.py
[2024-06-27T14:40:55.624+0000] {processor.py:840} INFO - DAG(s) 'example_task_group' retrieved from /home/airflow/.local/lib/python3.12/site-packages/airflow/example_dags/example_task_group.py
[2024-06-27T14:40:55.657+0000] {logging_mixin.py:188} INFO - [2024-06-27T14:40:55.656+0000] {dag.py:3096} INFO - Sync 1 DAGs
[2024-06-27T14:40:55.687+0000] {logging_mixin.py:188} INFO - [2024-06-27T14:40:55.687+0000] {dag.py:3954} INFO - Setting next_dagrun for example_task_group to 2024-06-26 00:00:00+00:00, run_after=2024-06-27 00:00:00+00:00
[2024-06-27T14:40:55.713+0000] {processor.py:183} INFO - Processing /home/airflow/.local/lib/python3.12/site-packages/airflow/example_dags/example_task_group.py took 0.112 seconds
[2024-06-27T14:41:25.982+0000] {processor.py:161} INFO - Started process (PID=255) to work on /home/airflow/.local/lib/python3.12/site-packages/airflow/example_dags/example_task_group.py
[2024-06-27T14:41:25.984+0000] {processor.py:830} INFO - Processing file /home/airflow/.local/lib/python3.12/site-packages/airflow/example_dags/example_task_group.py for tasks to queue
[2024-06-27T14:41:25.987+0000] {logging_mixin.py:188} INFO - [2024-06-27T14:41:25.986+0000] {dagbag.py:545} INFO - Filling up the DagBag from /home/airflow/.local/lib/python3.12/site-packages/airflow/example_dags/example_task_group.py
[2024-06-27T14:41:25.998+0000] {processor.py:840} INFO - DAG(s) 'example_task_group' retrieved from /home/airflow/.local/lib/python3.12/site-packages/airflow/example_dags/example_task_group.py
[2024-06-27T14:41:26.029+0000] {logging_mixin.py:188} INFO - [2024-06-27T14:41:26.029+0000] {dag.py:3096} INFO - Sync 1 DAGs
[2024-06-27T14:41:26.058+0000] {logging_mixin.py:188} INFO - [2024-06-27T14:41:26.058+0000] {dag.py:3954} INFO - Setting next_dagrun for example_task_group to 2024-06-26 00:00:00+00:00, run_after=2024-06-27 00:00:00+00:00
[2024-06-27T14:41:26.086+0000] {processor.py:183} INFO - Processing /home/airflow/.local/lib/python3.12/site-packages/airflow/example_dags/example_task_group.py took 0.114 seconds
[2024-06-27T14:41:56.299+0000] {processor.py:161} INFO - Started process (PID=314) to work on /home/airflow/.local/lib/python3.12/site-packages/airflow/example_dags/example_task_group.py
[2024-06-27T14:41:56.301+0000] {processor.py:830} INFO - Processing file /home/airflow/.local/lib/python3.12/site-packages/airflow/example_dags/example_task_group.py for tasks to queue
[2024-06-27T14:41:56.303+0000] {logging_mixin.py:188} INFO - [2024-06-27T14:41:56.303+0000] {dagbag.py:545} INFO - Filling up the DagBag from /home/airflow/.local/lib/python3.12/site-packages/airflow/example_dags/example_task_group.py
[2024-06-27T14:41:56.313+0000] {processor.py:840} INFO - DAG(s) 'example_task_group' retrieved from /home/airflow/.local/lib/python3.12/site-packages/airflow/example_dags/example_task_group.py
[2024-06-27T14:41:56.343+0000] {logging_mixin.py:188} INFO - [2024-06-27T14:41:56.343+0000] {dag.py:3096} INFO - Sync 1 DAGs
[2024-06-27T14:41:56.372+0000] {logging_mixin.py:188} INFO - [2024-06-27T14:41:56.372+0000] {dag.py:3954} INFO - Setting next_dagrun for example_task_group to 2024-06-26 00:00:00+00:00, run_after=2024-06-27 00:00:00+00:00
[2024-06-27T14:41:56.403+0000] {processor.py:183} INFO - Processing /home/airflow/.local/lib/python3.12/site-packages/airflow/example_dags/example_task_group.py took 0.112 seconds
[2024-06-27T14:42:26.606+0000] {processor.py:161} INFO - Started process (PID=373) to work on /home/airflow/.local/lib/python3.12/site-packages/airflow/example_dags/example_task_group.py
[2024-06-27T14:42:26.608+0000] {processor.py:830} INFO - Processing file /home/airflow/.local/lib/python3.12/site-packages/airflow/example_dags/example_task_group.py for tasks to queue
[2024-06-27T14:42:26.611+0000] {logging_mixin.py:188} INFO - [2024-06-27T14:42:26.610+0000] {dagbag.py:545} INFO - Filling up the DagBag from /home/airflow/.local/lib/python3.12/site-packages/airflow/example_dags/example_task_group.py
[2024-06-27T14:42:26.621+0000] {processor.py:840} INFO - DAG(s) 'example_task_group' retrieved from /home/airflow/.local/lib/python3.12/site-packages/airflow/example_dags/example_task_group.py
[2024-06-27T14:42:26.651+0000] {logging_mixin.py:188} INFO - [2024-06-27T14:42:26.651+0000] {dag.py:3096} INFO - Sync 1 DAGs
[2024-06-27T14:42:26.681+0000] {logging_mixin.py:188} INFO - [2024-06-27T14:42:26.680+0000] {dag.py:3954} INFO - Setting next_dagrun for example_task_group to 2024-06-26 00:00:00+00:00, run_after=2024-06-27 00:00:00+00:00
[2024-06-27T14:42:26.712+0000] {processor.py:183} INFO - Processing /home/airflow/.local/lib/python3.12/site-packages/airflow/example_dags/example_task_group.py took 0.116 seconds
[2024-06-27T14:44:28.583+0000] {processor.py:161} INFO - Started process (PID=72) to work on /home/airflow/.local/lib/python3.12/site-packages/airflow/example_dags/example_task_group.py
[2024-06-27T14:44:28.585+0000] {processor.py:830} INFO - Processing file /home/airflow/.local/lib/python3.12/site-packages/airflow/example_dags/example_task_group.py for tasks to queue
[2024-06-27T14:44:28.589+0000] {logging_mixin.py:188} INFO - [2024-06-27T14:44:28.588+0000] {dagbag.py:545} INFO - Filling up the DagBag from /home/airflow/.local/lib/python3.12/site-packages/airflow/example_dags/example_task_group.py
[2024-06-27T14:44:28.602+0000] {processor.py:840} INFO - DAG(s) 'example_task_group' retrieved from /home/airflow/.local/lib/python3.12/site-packages/airflow/example_dags/example_task_group.py
[2024-06-27T14:44:28.776+0000] {logging_mixin.py:188} INFO - [2024-06-27T14:44:28.776+0000] {dag.py:3096} INFO - Sync 1 DAGs
[2024-06-27T14:44:28.812+0000] {logging_mixin.py:188} INFO - [2024-06-27T14:44:28.812+0000] {dag.py:3954} INFO - Setting next_dagrun for example_task_group to 2024-06-26 00:00:00+00:00, run_after=2024-06-27 00:00:00+00:00
[2024-06-27T14:44:28.846+0000] {processor.py:183} INFO - Processing /home/airflow/.local/lib/python3.12/site-packages/airflow/example_dags/example_task_group.py took 0.271 seconds
[2024-06-27T14:44:59.375+0000] {processor.py:161} INFO - Started process (PID=131) to work on /home/airflow/.local/lib/python3.12/site-packages/airflow/example_dags/example_task_group.py
[2024-06-27T14:44:59.377+0000] {processor.py:830} INFO - Processing file /home/airflow/.local/lib/python3.12/site-packages/airflow/example_dags/example_task_group.py for tasks to queue
[2024-06-27T14:44:59.380+0000] {logging_mixin.py:188} INFO - [2024-06-27T14:44:59.379+0000] {dagbag.py:545} INFO - Filling up the DagBag from /home/airflow/.local/lib/python3.12/site-packages/airflow/example_dags/example_task_group.py
[2024-06-27T14:44:59.392+0000] {processor.py:840} INFO - DAG(s) 'example_task_group' retrieved from /home/airflow/.local/lib/python3.12/site-packages/airflow/example_dags/example_task_group.py
[2024-06-27T14:44:59.428+0000] {logging_mixin.py:188} INFO - [2024-06-27T14:44:59.427+0000] {dag.py:3096} INFO - Sync 1 DAGs
[2024-06-27T14:44:59.464+0000] {logging_mixin.py:188} INFO - [2024-06-27T14:44:59.463+0000] {dag.py:3954} INFO - Setting next_dagrun for example_task_group to 2024-06-26 00:00:00+00:00, run_after=2024-06-27 00:00:00+00:00
[2024-06-27T14:44:59.495+0000] {processor.py:183} INFO - Processing /home/airflow/.local/lib/python3.12/site-packages/airflow/example_dags/example_task_group.py took 0.129 seconds
[2024-06-27T14:45:29.672+0000] {processor.py:161} INFO - Started process (PID=190) to work on /home/airflow/.local/lib/python3.12/site-packages/airflow/example_dags/example_task_group.py
[2024-06-27T14:45:29.675+0000] {processor.py:830} INFO - Processing file /home/airflow/.local/lib/python3.12/site-packages/airflow/example_dags/example_task_group.py for tasks to queue
[2024-06-27T14:45:29.678+0000] {logging_mixin.py:188} INFO - [2024-06-27T14:45:29.677+0000] {dagbag.py:545} INFO - Filling up the DagBag from /home/airflow/.local/lib/python3.12/site-packages/airflow/example_dags/example_task_group.py
[2024-06-27T14:45:29.688+0000] {processor.py:840} INFO - DAG(s) 'example_task_group' retrieved from /home/airflow/.local/lib/python3.12/site-packages/airflow/example_dags/example_task_group.py
[2024-06-27T14:45:29.719+0000] {logging_mixin.py:188} INFO - [2024-06-27T14:45:29.718+0000] {dag.py:3096} INFO - Sync 1 DAGs
[2024-06-27T14:45:29.748+0000] {logging_mixin.py:188} INFO - [2024-06-27T14:45:29.748+0000] {dag.py:3954} INFO - Setting next_dagrun for example_task_group to 2024-06-26 00:00:00+00:00, run_after=2024-06-27 00:00:00+00:00
[2024-06-27T14:45:29.779+0000] {processor.py:183} INFO - Processing /home/airflow/.local/lib/python3.12/site-packages/airflow/example_dags/example_task_group.py took 0.114 seconds
[2024-06-27T14:45:59.943+0000] {processor.py:161} INFO - Started process (PID=249) to work on /home/airflow/.local/lib/python3.12/site-packages/airflow/example_dags/example_task_group.py
[2024-06-27T14:45:59.945+0000] {processor.py:830} INFO - Processing file /home/airflow/.local/lib/python3.12/site-packages/airflow/example_dags/example_task_group.py for tasks to queue
[2024-06-27T14:45:59.948+0000] {logging_mixin.py:188} INFO - [2024-06-27T14:45:59.947+0000] {dagbag.py:545} INFO - Filling up the DagBag from /home/airflow/.local/lib/python3.12/site-packages/airflow/example_dags/example_task_group.py
[2024-06-27T14:45:59.960+0000] {processor.py:840} INFO - DAG(s) 'example_task_group' retrieved from /home/airflow/.local/lib/python3.12/site-packages/airflow/example_dags/example_task_group.py
[2024-06-27T14:45:59.992+0000] {logging_mixin.py:188} INFO - [2024-06-27T14:45:59.991+0000] {dag.py:3096} INFO - Sync 1 DAGs
[2024-06-27T14:46:00.027+0000] {logging_mixin.py:188} INFO - [2024-06-27T14:46:00.027+0000] {dag.py:3954} INFO - Setting next_dagrun for example_task_group to 2024-06-26 00:00:00+00:00, run_after=2024-06-27 00:00:00+00:00
[2024-06-27T14:46:00.058+0000] {processor.py:183} INFO - Processing /home/airflow/.local/lib/python3.12/site-packages/airflow/example_dags/example_task_group.py took 0.122 seconds
[2024-06-27T14:46:30.156+0000] {processor.py:161} INFO - Started process (PID=308) to work on /home/airflow/.local/lib/python3.12/site-packages/airflow/example_dags/example_task_group.py
[2024-06-27T14:46:30.158+0000] {processor.py:830} INFO - Processing file /home/airflow/.local/lib/python3.12/site-packages/airflow/example_dags/example_task_group.py for tasks to queue
[2024-06-27T14:46:30.161+0000] {logging_mixin.py:188} INFO - [2024-06-27T14:46:30.161+0000] {dagbag.py:545} INFO - Filling up the DagBag from /home/airflow/.local/lib/python3.12/site-packages/airflow/example_dags/example_task_group.py
[2024-06-27T14:46:30.172+0000] {processor.py:840} INFO - DAG(s) 'example_task_group' retrieved from /home/airflow/.local/lib/python3.12/site-packages/airflow/example_dags/example_task_group.py
[2024-06-27T14:46:30.203+0000] {logging_mixin.py:188} INFO - [2024-06-27T14:46:30.203+0000] {dag.py:3096} INFO - Sync 1 DAGs
[2024-06-27T14:46:30.233+0000] {logging_mixin.py:188} INFO - [2024-06-27T14:46:30.233+0000] {dag.py:3954} INFO - Setting next_dagrun for example_task_group to 2024-06-26 00:00:00+00:00, run_after=2024-06-27 00:00:00+00:00
[2024-06-27T14:46:30.264+0000] {processor.py:183} INFO - Processing /home/airflow/.local/lib/python3.12/site-packages/airflow/example_dags/example_task_group.py took 0.116 seconds
[2024-06-27T14:59:01.597+0000] {processor.py:161} INFO - Started process (PID=77) to work on /home/airflow/.local/lib/python3.12/site-packages/airflow/example_dags/example_task_group.py
[2024-06-27T14:59:01.600+0000] {processor.py:830} INFO - Processing file /home/airflow/.local/lib/python3.12/site-packages/airflow/example_dags/example_task_group.py for tasks to queue
[2024-06-27T14:59:01.606+0000] {logging_mixin.py:188} INFO - [2024-06-27T14:59:01.605+0000] {dagbag.py:545} INFO - Filling up the DagBag from /home/airflow/.local/lib/python3.12/site-packages/airflow/example_dags/example_task_group.py
[2024-06-27T14:59:01.634+0000] {processor.py:840} INFO - DAG(s) 'example_task_group' retrieved from /home/airflow/.local/lib/python3.12/site-packages/airflow/example_dags/example_task_group.py
[2024-06-27T14:59:01.675+0000] {logging_mixin.py:188} INFO - [2024-06-27T14:59:01.674+0000] {dag.py:3096} INFO - Sync 1 DAGs
[2024-06-27T14:59:01.733+0000] {logging_mixin.py:188} INFO - [2024-06-27T14:59:01.732+0000] {dag.py:3954} INFO - Setting next_dagrun for example_task_group to 2024-06-26 00:00:00+00:00, run_after=2024-06-27 00:00:00+00:00
[2024-06-27T14:59:01.800+0000] {processor.py:183} INFO - Processing /home/airflow/.local/lib/python3.12/site-packages/airflow/example_dags/example_task_group.py took 0.219 seconds
[2024-06-27T14:59:34.227+0000] {processor.py:161} INFO - Started process (PID=136) to work on /home/airflow/.local/lib/python3.12/site-packages/airflow/example_dags/example_task_group.py
[2024-06-27T14:59:34.229+0000] {processor.py:830} INFO - Processing file /home/airflow/.local/lib/python3.12/site-packages/airflow/example_dags/example_task_group.py for tasks to queue
[2024-06-27T14:59:34.232+0000] {logging_mixin.py:188} INFO - [2024-06-27T14:59:34.231+0000] {dagbag.py:545} INFO - Filling up the DagBag from /home/airflow/.local/lib/python3.12/site-packages/airflow/example_dags/example_task_group.py
[2024-06-27T14:59:34.241+0000] {processor.py:840} INFO - DAG(s) 'example_task_group' retrieved from /home/airflow/.local/lib/python3.12/site-packages/airflow/example_dags/example_task_group.py
[2024-06-27T14:59:34.381+0000] {logging_mixin.py:188} INFO - [2024-06-27T14:59:34.380+0000] {dag.py:3096} INFO - Sync 1 DAGs
[2024-06-27T14:59:34.409+0000] {logging_mixin.py:188} INFO - [2024-06-27T14:59:34.408+0000] {dag.py:3954} INFO - Setting next_dagrun for example_task_group to 2024-06-26 00:00:00+00:00, run_after=2024-06-27 00:00:00+00:00
[2024-06-27T14:59:34.438+0000] {processor.py:183} INFO - Processing /home/airflow/.local/lib/python3.12/site-packages/airflow/example_dags/example_task_group.py took 0.219 seconds
[2024-06-27T15:00:04.655+0000] {processor.py:161} INFO - Started process (PID=195) to work on /home/airflow/.local/lib/python3.12/site-packages/airflow/example_dags/example_task_group.py
[2024-06-27T15:00:04.656+0000] {processor.py:830} INFO - Processing file /home/airflow/.local/lib/python3.12/site-packages/airflow/example_dags/example_task_group.py for tasks to queue
[2024-06-27T15:00:04.660+0000] {logging_mixin.py:188} INFO - [2024-06-27T15:00:04.659+0000] {dagbag.py:545} INFO - Filling up the DagBag from /home/airflow/.local/lib/python3.12/site-packages/airflow/example_dags/example_task_group.py
[2024-06-27T15:00:04.670+0000] {processor.py:840} INFO - DAG(s) 'example_task_group' retrieved from /home/airflow/.local/lib/python3.12/site-packages/airflow/example_dags/example_task_group.py
[2024-06-27T15:00:04.702+0000] {logging_mixin.py:188} INFO - [2024-06-27T15:00:04.702+0000] {dag.py:3096} INFO - Sync 1 DAGs
[2024-06-27T15:00:04.734+0000] {logging_mixin.py:188} INFO - [2024-06-27T15:00:04.733+0000] {dag.py:3954} INFO - Setting next_dagrun for example_task_group to 2024-06-26 00:00:00+00:00, run_after=2024-06-27 00:00:00+00:00
[2024-06-27T15:00:04.765+0000] {processor.py:183} INFO - Processing /home/airflow/.local/lib/python3.12/site-packages/airflow/example_dags/example_task_group.py took 0.118 seconds
[2024-06-27T15:00:36.103+0000] {processor.py:161} INFO - Started process (PID=254) to work on /home/airflow/.local/lib/python3.12/site-packages/airflow/example_dags/example_task_group.py
[2024-06-27T15:00:36.105+0000] {processor.py:830} INFO - Processing file /home/airflow/.local/lib/python3.12/site-packages/airflow/example_dags/example_task_group.py for tasks to queue
[2024-06-27T15:00:36.107+0000] {logging_mixin.py:188} INFO - [2024-06-27T15:00:36.107+0000] {dagbag.py:545} INFO - Filling up the DagBag from /home/airflow/.local/lib/python3.12/site-packages/airflow/example_dags/example_task_group.py
[2024-06-27T15:00:36.122+0000] {processor.py:840} INFO - DAG(s) 'example_task_group' retrieved from /home/airflow/.local/lib/python3.12/site-packages/airflow/example_dags/example_task_group.py
[2024-06-27T15:00:36.159+0000] {logging_mixin.py:188} INFO - [2024-06-27T15:00:36.159+0000] {dag.py:3096} INFO - Sync 1 DAGs
[2024-06-27T15:00:36.198+0000] {logging_mixin.py:188} INFO - [2024-06-27T15:00:36.198+0000] {dag.py:3954} INFO - Setting next_dagrun for example_task_group to 2024-06-26 00:00:00+00:00, run_after=2024-06-27 00:00:00+00:00
[2024-06-27T15:00:36.232+0000] {processor.py:183} INFO - Processing /home/airflow/.local/lib/python3.12/site-packages/airflow/example_dags/example_task_group.py took 0.137 seconds
[2024-06-27T15:02:20.434+0000] {processor.py:161} INFO - Started process (PID=88) to work on /home/airflow/.local/lib/python3.12/site-packages/airflow/example_dags/example_task_group.py
[2024-06-27T15:02:20.436+0000] {processor.py:830} INFO - Processing file /home/airflow/.local/lib/python3.12/site-packages/airflow/example_dags/example_task_group.py for tasks to queue
[2024-06-27T15:02:20.440+0000] {logging_mixin.py:188} INFO - [2024-06-27T15:02:20.439+0000] {dagbag.py:545} INFO - Filling up the DagBag from /home/airflow/.local/lib/python3.12/site-packages/airflow/example_dags/example_task_group.py
[2024-06-27T15:02:20.452+0000] {processor.py:840} INFO - DAG(s) 'example_task_group' retrieved from /home/airflow/.local/lib/python3.12/site-packages/airflow/example_dags/example_task_group.py
[2024-06-27T15:02:20.596+0000] {logging_mixin.py:188} INFO - [2024-06-27T15:02:20.596+0000] {dag.py:3096} INFO - Sync 1 DAGs
[2024-06-27T15:02:20.621+0000] {logging_mixin.py:188} INFO - [2024-06-27T15:02:20.621+0000] {dag.py:3954} INFO - Setting next_dagrun for example_task_group to 2024-06-26 00:00:00+00:00, run_after=2024-06-27 00:00:00+00:00
[2024-06-27T15:02:20.652+0000] {processor.py:183} INFO - Processing /home/airflow/.local/lib/python3.12/site-packages/airflow/example_dags/example_task_group.py took 0.225 seconds
[2024-06-27T15:02:51.162+0000] {processor.py:161} INFO - Started process (PID=156) to work on /home/airflow/.local/lib/python3.12/site-packages/airflow/example_dags/example_task_group.py
[2024-06-27T15:02:51.164+0000] {processor.py:830} INFO - Processing file /home/airflow/.local/lib/python3.12/site-packages/airflow/example_dags/example_task_group.py for tasks to queue
[2024-06-27T15:02:51.167+0000] {logging_mixin.py:188} INFO - [2024-06-27T15:02:51.167+0000] {dagbag.py:545} INFO - Filling up the DagBag from /home/airflow/.local/lib/python3.12/site-packages/airflow/example_dags/example_task_group.py
[2024-06-27T15:02:51.181+0000] {processor.py:840} INFO - DAG(s) 'example_task_group' retrieved from /home/airflow/.local/lib/python3.12/site-packages/airflow/example_dags/example_task_group.py
[2024-06-27T15:02:51.215+0000] {logging_mixin.py:188} INFO - [2024-06-27T15:02:51.215+0000] {dag.py:3096} INFO - Sync 1 DAGs
[2024-06-27T15:02:51.270+0000] {logging_mixin.py:188} INFO - [2024-06-27T15:02:51.269+0000] {dag.py:3954} INFO - Setting next_dagrun for example_task_group to 2024-06-26 00:00:00+00:00, run_after=2024-06-27 00:00:00+00:00
[2024-06-27T15:02:51.312+0000] {processor.py:183} INFO - Processing /home/airflow/.local/lib/python3.12/site-packages/airflow/example_dags/example_task_group.py took 0.161 seconds
[2024-06-27T15:03:21.371+0000] {processor.py:161} INFO - Started process (PID=224) to work on /home/airflow/.local/lib/python3.12/site-packages/airflow/example_dags/example_task_group.py
[2024-06-27T15:03:21.373+0000] {processor.py:830} INFO - Processing file /home/airflow/.local/lib/python3.12/site-packages/airflow/example_dags/example_task_group.py for tasks to queue
[2024-06-27T15:03:21.378+0000] {logging_mixin.py:188} INFO - [2024-06-27T15:03:21.378+0000] {dagbag.py:545} INFO - Filling up the DagBag from /home/airflow/.local/lib/python3.12/site-packages/airflow/example_dags/example_task_group.py
[2024-06-27T15:03:21.387+0000] {processor.py:840} INFO - DAG(s) 'example_task_group' retrieved from /home/airflow/.local/lib/python3.12/site-packages/airflow/example_dags/example_task_group.py
[2024-06-27T15:03:21.418+0000] {logging_mixin.py:188} INFO - [2024-06-27T15:03:21.418+0000] {dag.py:3096} INFO - Sync 1 DAGs
[2024-06-27T15:03:21.452+0000] {logging_mixin.py:188} INFO - [2024-06-27T15:03:21.451+0000] {dag.py:3954} INFO - Setting next_dagrun for example_task_group to 2024-06-26 00:00:00+00:00, run_after=2024-06-27 00:00:00+00:00
[2024-06-27T15:03:21.487+0000] {processor.py:183} INFO - Processing /home/airflow/.local/lib/python3.12/site-packages/airflow/example_dags/example_task_group.py took 0.123 seconds
[2024-06-27T15:04:01.976+0000] {processor.py:161} INFO - Started process (PID=292) to work on /home/airflow/.local/lib/python3.12/site-packages/airflow/example_dags/example_task_group.py
[2024-06-27T15:04:02.002+0000] {processor.py:830} INFO - Processing file /home/airflow/.local/lib/python3.12/site-packages/airflow/example_dags/example_task_group.py for tasks to queue
[2024-06-27T15:04:02.020+0000] {logging_mixin.py:188} INFO - [2024-06-27T15:04:02.018+0000] {dagbag.py:545} INFO - Filling up the DagBag from /home/airflow/.local/lib/python3.12/site-packages/airflow/example_dags/example_task_group.py
[2024-06-27T15:04:02.115+0000] {processor.py:840} INFO - DAG(s) 'example_task_group' retrieved from /home/airflow/.local/lib/python3.12/site-packages/airflow/example_dags/example_task_group.py
[2024-06-27T15:04:02.478+0000] {logging_mixin.py:188} INFO - [2024-06-27T15:04:02.473+0000] {dag.py:3096} INFO - Sync 1 DAGs
[2024-06-27T15:04:02.762+0000] {logging_mixin.py:188} INFO - [2024-06-27T15:04:02.762+0000] {dag.py:3954} INFO - Setting next_dagrun for example_task_group to 2024-06-26 00:00:00+00:00, run_after=2024-06-27 00:00:00+00:00
[2024-06-27T15:04:02.823+0000] {processor.py:183} INFO - Processing /home/airflow/.local/lib/python3.12/site-packages/airflow/example_dags/example_task_group.py took 1.064 seconds
[2024-06-27T15:04:33.379+0000] {processor.py:161} INFO - Started process (PID=377) to work on /home/airflow/.local/lib/python3.12/site-packages/airflow/example_dags/example_task_group.py
[2024-06-27T15:04:33.385+0000] {processor.py:830} INFO - Processing file /home/airflow/.local/lib/python3.12/site-packages/airflow/example_dags/example_task_group.py for tasks to queue
[2024-06-27T15:04:33.399+0000] {logging_mixin.py:188} INFO - [2024-06-27T15:04:33.398+0000] {dagbag.py:545} INFO - Filling up the DagBag from /home/airflow/.local/lib/python3.12/site-packages/airflow/example_dags/example_task_group.py
[2024-06-27T15:04:33.429+0000] {processor.py:840} INFO - DAG(s) 'example_task_group' retrieved from /home/airflow/.local/lib/python3.12/site-packages/airflow/example_dags/example_task_group.py
[2024-06-27T15:04:33.514+0000] {logging_mixin.py:188} INFO - [2024-06-27T15:04:33.514+0000] {dag.py:3096} INFO - Sync 1 DAGs
[2024-06-27T15:04:33.588+0000] {logging_mixin.py:188} INFO - [2024-06-27T15:04:33.587+0000] {dag.py:3954} INFO - Setting next_dagrun for example_task_group to 2024-06-26 00:00:00+00:00, run_after=2024-06-27 00:00:00+00:00
[2024-06-27T15:04:33.679+0000] {processor.py:183} INFO - Processing /home/airflow/.local/lib/python3.12/site-packages/airflow/example_dags/example_task_group.py took 0.322 seconds
[2024-06-27T15:05:05.488+0000] {processor.py:161} INFO - Started process (PID=449) to work on /home/airflow/.local/lib/python3.12/site-packages/airflow/example_dags/example_task_group.py
[2024-06-27T15:05:05.494+0000] {processor.py:830} INFO - Processing file /home/airflow/.local/lib/python3.12/site-packages/airflow/example_dags/example_task_group.py for tasks to queue
[2024-06-27T15:05:05.506+0000] {logging_mixin.py:188} INFO - [2024-06-27T15:05:05.505+0000] {dagbag.py:545} INFO - Filling up the DagBag from /home/airflow/.local/lib/python3.12/site-packages/airflow/example_dags/example_task_group.py
[2024-06-27T15:05:05.545+0000] {processor.py:840} INFO - DAG(s) 'example_task_group' retrieved from /home/airflow/.local/lib/python3.12/site-packages/airflow/example_dags/example_task_group.py
[2024-06-27T15:05:05.600+0000] {logging_mixin.py:188} INFO - [2024-06-27T15:05:05.599+0000] {dag.py:3096} INFO - Sync 1 DAGs
[2024-06-27T15:05:05.671+0000] {logging_mixin.py:188} INFO - [2024-06-27T15:05:05.671+0000] {dag.py:3954} INFO - Setting next_dagrun for example_task_group to 2024-06-26 00:00:00+00:00, run_after=2024-06-27 00:00:00+00:00
[2024-06-27T15:05:05.725+0000] {processor.py:183} INFO - Processing /home/airflow/.local/lib/python3.12/site-packages/airflow/example_dags/example_task_group.py took 0.255 seconds
[2024-06-27T15:05:38.753+0000] {processor.py:161} INFO - Started process (PID=540) to work on /home/airflow/.local/lib/python3.12/site-packages/airflow/example_dags/example_task_group.py
[2024-06-27T15:05:38.756+0000] {processor.py:830} INFO - Processing file /home/airflow/.local/lib/python3.12/site-packages/airflow/example_dags/example_task_group.py for tasks to queue
[2024-06-27T15:05:38.764+0000] {logging_mixin.py:188} INFO - [2024-06-27T15:05:38.763+0000] {dagbag.py:545} INFO - Filling up the DagBag from /home/airflow/.local/lib/python3.12/site-packages/airflow/example_dags/example_task_group.py
[2024-06-27T15:05:38.789+0000] {processor.py:840} INFO - DAG(s) 'example_task_group' retrieved from /home/airflow/.local/lib/python3.12/site-packages/airflow/example_dags/example_task_group.py
[2024-06-27T15:05:38.849+0000] {logging_mixin.py:188} INFO - [2024-06-27T15:05:38.848+0000] {dag.py:3096} INFO - Sync 1 DAGs
[2024-06-27T15:05:38.916+0000] {logging_mixin.py:188} INFO - [2024-06-27T15:05:38.916+0000] {dag.py:3954} INFO - Setting next_dagrun for example_task_group to 2024-06-26 00:00:00+00:00, run_after=2024-06-27 00:00:00+00:00
[2024-06-27T15:05:38.971+0000] {processor.py:183} INFO - Processing /home/airflow/.local/lib/python3.12/site-packages/airflow/example_dags/example_task_group.py took 0.232 seconds
[2024-06-27T15:06:13.141+0000] {processor.py:161} INFO - Started process (PID=614) to work on /home/airflow/.local/lib/python3.12/site-packages/airflow/example_dags/example_task_group.py
[2024-06-27T15:06:13.146+0000] {processor.py:830} INFO - Processing file /home/airflow/.local/lib/python3.12/site-packages/airflow/example_dags/example_task_group.py for tasks to queue
[2024-06-27T15:06:13.154+0000] {logging_mixin.py:188} INFO - [2024-06-27T15:06:13.153+0000] {dagbag.py:545} INFO - Filling up the DagBag from /home/airflow/.local/lib/python3.12/site-packages/airflow/example_dags/example_task_group.py
[2024-06-27T15:06:13.253+0000] {processor.py:840} INFO - DAG(s) 'example_task_group' retrieved from /home/airflow/.local/lib/python3.12/site-packages/airflow/example_dags/example_task_group.py
[2024-06-27T15:06:13.458+0000] {logging_mixin.py:188} INFO - [2024-06-27T15:06:13.457+0000] {dag.py:3096} INFO - Sync 1 DAGs
[2024-06-27T15:06:13.664+0000] {logging_mixin.py:188} INFO - [2024-06-27T15:06:13.663+0000] {dag.py:3954} INFO - Setting next_dagrun for example_task_group to 2024-06-26 00:00:00+00:00, run_after=2024-06-27 00:00:00+00:00
[2024-06-27T15:06:13.888+0000] {processor.py:183} INFO - Processing /home/airflow/.local/lib/python3.12/site-packages/airflow/example_dags/example_task_group.py took 0.789 seconds
[2024-06-27T15:06:45.886+0000] {processor.py:161} INFO - Started process (PID=698) to work on /home/airflow/.local/lib/python3.12/site-packages/airflow/example_dags/example_task_group.py
[2024-06-27T15:06:45.890+0000] {processor.py:830} INFO - Processing file /home/airflow/.local/lib/python3.12/site-packages/airflow/example_dags/example_task_group.py for tasks to queue
[2024-06-27T15:06:45.901+0000] {logging_mixin.py:188} INFO - [2024-06-27T15:06:45.900+0000] {dagbag.py:545} INFO - Filling up the DagBag from /home/airflow/.local/lib/python3.12/site-packages/airflow/example_dags/example_task_group.py
[2024-06-27T15:06:45.931+0000] {processor.py:840} INFO - DAG(s) 'example_task_group' retrieved from /home/airflow/.local/lib/python3.12/site-packages/airflow/example_dags/example_task_group.py
[2024-06-27T15:06:46.052+0000] {logging_mixin.py:188} INFO - [2024-06-27T15:06:46.051+0000] {dag.py:3096} INFO - Sync 1 DAGs
[2024-06-27T15:06:46.221+0000] {logging_mixin.py:188} INFO - [2024-06-27T15:06:46.220+0000] {dag.py:3954} INFO - Setting next_dagrun for example_task_group to 2024-06-26 00:00:00+00:00, run_after=2024-06-27 00:00:00+00:00
[2024-06-27T15:06:46.312+0000] {processor.py:183} INFO - Processing /home/airflow/.local/lib/python3.12/site-packages/airflow/example_dags/example_task_group.py took 0.454 seconds
[2024-06-27T15:07:16.669+0000] {processor.py:161} INFO - Started process (PID=787) to work on /home/airflow/.local/lib/python3.12/site-packages/airflow/example_dags/example_task_group.py
[2024-06-27T15:07:16.671+0000] {processor.py:830} INFO - Processing file /home/airflow/.local/lib/python3.12/site-packages/airflow/example_dags/example_task_group.py for tasks to queue
[2024-06-27T15:07:16.676+0000] {logging_mixin.py:188} INFO - [2024-06-27T15:07:16.675+0000] {dagbag.py:545} INFO - Filling up the DagBag from /home/airflow/.local/lib/python3.12/site-packages/airflow/example_dags/example_task_group.py
[2024-06-27T15:07:16.693+0000] {processor.py:840} INFO - DAG(s) 'example_task_group' retrieved from /home/airflow/.local/lib/python3.12/site-packages/airflow/example_dags/example_task_group.py
[2024-06-27T15:07:16.754+0000] {logging_mixin.py:188} INFO - [2024-06-27T15:07:16.753+0000] {dag.py:3096} INFO - Sync 1 DAGs
[2024-06-27T15:07:16.809+0000] {logging_mixin.py:188} INFO - [2024-06-27T15:07:16.809+0000] {dag.py:3954} INFO - Setting next_dagrun for example_task_group to 2024-06-26 00:00:00+00:00, run_after=2024-06-27 00:00:00+00:00
[2024-06-27T15:07:16.860+0000] {processor.py:183} INFO - Processing /home/airflow/.local/lib/python3.12/site-packages/airflow/example_dags/example_task_group.py took 0.212 seconds
[2024-06-27T15:07:51.185+0000] {processor.py:161} INFO - Started process (PID=871) to work on /home/airflow/.local/lib/python3.12/site-packages/airflow/example_dags/example_task_group.py
[2024-06-27T15:07:51.191+0000] {processor.py:830} INFO - Processing file /home/airflow/.local/lib/python3.12/site-packages/airflow/example_dags/example_task_group.py for tasks to queue
[2024-06-27T15:07:51.202+0000] {logging_mixin.py:188} INFO - [2024-06-27T15:07:51.200+0000] {dagbag.py:545} INFO - Filling up the DagBag from /home/airflow/.local/lib/python3.12/site-packages/airflow/example_dags/example_task_group.py
[2024-06-27T15:07:51.252+0000] {processor.py:840} INFO - DAG(s) 'example_task_group' retrieved from /home/airflow/.local/lib/python3.12/site-packages/airflow/example_dags/example_task_group.py
[2024-06-27T15:07:51.461+0000] {logging_mixin.py:188} INFO - [2024-06-27T15:07:51.460+0000] {dag.py:3096} INFO - Sync 1 DAGs
[2024-06-27T15:07:51.836+0000] {logging_mixin.py:188} INFO - [2024-06-27T15:07:51.835+0000] {dag.py:3954} INFO - Setting next_dagrun for example_task_group to 2024-06-26 00:00:00+00:00, run_after=2024-06-27 00:00:00+00:00
[2024-06-27T15:07:51.975+0000] {processor.py:183} INFO - Processing /home/airflow/.local/lib/python3.12/site-packages/airflow/example_dags/example_task_group.py took 0.836 seconds
