[2024-06-27T14:36:45.159+0000] {processor.py:161} INFO - Started process (PID=78) to work on /home/airflow/.local/lib/python3.12/site-packages/airflow/example_dags/example_trigger_target_dag.py
[2024-06-27T14:36:45.162+0000] {processor.py:830} INFO - Processing file /home/airflow/.local/lib/python3.12/site-packages/airflow/example_dags/example_trigger_target_dag.py for tasks to queue
[2024-06-27T14:36:45.167+0000] {logging_mixin.py:188} INFO - [2024-06-27T14:36:45.166+0000] {dagbag.py:545} INFO - Filling up the DagBag from /home/airflow/.local/lib/python3.12/site-packages/airflow/example_dags/example_trigger_target_dag.py
[2024-06-27T14:36:45.191+0000] {processor.py:840} INFO - DAG(s) 'example_trigger_target_dag' retrieved from /home/airflow/.local/lib/python3.12/site-packages/airflow/example_dags/example_trigger_target_dag.py
[2024-06-27T14:36:45.489+0000] {logging_mixin.py:188} INFO - [2024-06-27T14:36:45.488+0000] {override.py:1829} INFO - Created Permission View: can edit on DAG:example_trigger_target_dag
[2024-06-27T14:36:45.507+0000] {logging_mixin.py:188} INFO - [2024-06-27T14:36:45.507+0000] {override.py:1829} INFO - Created Permission View: can delete on DAG:example_trigger_target_dag
[2024-06-27T14:36:45.520+0000] {logging_mixin.py:188} INFO - [2024-06-27T14:36:45.519+0000] {override.py:1829} INFO - Created Permission View: can read on DAG:example_trigger_target_dag
[2024-06-27T14:36:45.521+0000] {logging_mixin.py:188} INFO - [2024-06-27T14:36:45.521+0000] {dag.py:3096} INFO - Sync 1 DAGs
[2024-06-27T14:36:45.540+0000] {logging_mixin.py:188} INFO - [2024-06-27T14:36:45.539+0000] {dag.py:3118} INFO - Creating ORM DAG for example_trigger_target_dag
[2024-06-27T14:36:45.541+0000] {logging_mixin.py:188} INFO - [2024-06-27T14:36:45.541+0000] {dag.py:3954} INFO - Setting next_dagrun for example_trigger_target_dag to None, run_after=None
[2024-06-27T14:36:45.675+0000] {processor.py:183} INFO - Processing /home/airflow/.local/lib/python3.12/site-packages/airflow/example_dags/example_trigger_target_dag.py took 0.543 seconds
[2024-06-27T14:37:15.731+0000] {processor.py:161} INFO - Started process (PID=136) to work on /home/airflow/.local/lib/python3.12/site-packages/airflow/example_dags/example_trigger_target_dag.py
[2024-06-27T14:37:15.733+0000] {processor.py:830} INFO - Processing file /home/airflow/.local/lib/python3.12/site-packages/airflow/example_dags/example_trigger_target_dag.py for tasks to queue
[2024-06-27T14:37:15.735+0000] {logging_mixin.py:188} INFO - [2024-06-27T14:37:15.735+0000] {dagbag.py:545} INFO - Filling up the DagBag from /home/airflow/.local/lib/python3.12/site-packages/airflow/example_dags/example_trigger_target_dag.py
[2024-06-27T14:37:15.744+0000] {processor.py:840} INFO - DAG(s) 'example_trigger_target_dag' retrieved from /home/airflow/.local/lib/python3.12/site-packages/airflow/example_dags/example_trigger_target_dag.py
[2024-06-27T14:37:15.774+0000] {logging_mixin.py:188} INFO - [2024-06-27T14:37:15.773+0000] {dag.py:3096} INFO - Sync 1 DAGs
[2024-06-27T14:37:15.792+0000] {logging_mixin.py:188} INFO - [2024-06-27T14:37:15.792+0000] {dag.py:3954} INFO - Setting next_dagrun for example_trigger_target_dag to None, run_after=None
[2024-06-27T14:37:15.821+0000] {processor.py:183} INFO - Processing /home/airflow/.local/lib/python3.12/site-packages/airflow/example_dags/example_trigger_target_dag.py took 0.097 seconds
[2024-06-27T14:37:46.518+0000] {processor.py:161} INFO - Started process (PID=194) to work on /home/airflow/.local/lib/python3.12/site-packages/airflow/example_dags/example_trigger_target_dag.py
[2024-06-27T14:37:46.519+0000] {processor.py:830} INFO - Processing file /home/airflow/.local/lib/python3.12/site-packages/airflow/example_dags/example_trigger_target_dag.py for tasks to queue
[2024-06-27T14:37:46.522+0000] {logging_mixin.py:188} INFO - [2024-06-27T14:37:46.522+0000] {dagbag.py:545} INFO - Filling up the DagBag from /home/airflow/.local/lib/python3.12/site-packages/airflow/example_dags/example_trigger_target_dag.py
[2024-06-27T14:37:46.535+0000] {processor.py:840} INFO - DAG(s) 'example_trigger_target_dag' retrieved from /home/airflow/.local/lib/python3.12/site-packages/airflow/example_dags/example_trigger_target_dag.py
[2024-06-27T14:37:46.574+0000] {logging_mixin.py:188} INFO - [2024-06-27T14:37:46.573+0000] {dag.py:3096} INFO - Sync 1 DAGs
[2024-06-27T14:37:46.600+0000] {logging_mixin.py:188} INFO - [2024-06-27T14:37:46.600+0000] {dag.py:3954} INFO - Setting next_dagrun for example_trigger_target_dag to None, run_after=None
[2024-06-27T14:37:46.639+0000] {processor.py:183} INFO - Processing /home/airflow/.local/lib/python3.12/site-packages/airflow/example_dags/example_trigger_target_dag.py took 0.135 seconds
[2024-06-27T14:38:17.409+0000] {processor.py:161} INFO - Started process (PID=253) to work on /home/airflow/.local/lib/python3.12/site-packages/airflow/example_dags/example_trigger_target_dag.py
[2024-06-27T14:38:17.411+0000] {processor.py:830} INFO - Processing file /home/airflow/.local/lib/python3.12/site-packages/airflow/example_dags/example_trigger_target_dag.py for tasks to queue
[2024-06-27T14:38:17.415+0000] {logging_mixin.py:188} INFO - [2024-06-27T14:38:17.414+0000] {dagbag.py:545} INFO - Filling up the DagBag from /home/airflow/.local/lib/python3.12/site-packages/airflow/example_dags/example_trigger_target_dag.py
[2024-06-27T14:38:17.424+0000] {processor.py:840} INFO - DAG(s) 'example_trigger_target_dag' retrieved from /home/airflow/.local/lib/python3.12/site-packages/airflow/example_dags/example_trigger_target_dag.py
[2024-06-27T14:38:17.454+0000] {logging_mixin.py:188} INFO - [2024-06-27T14:38:17.453+0000] {dag.py:3096} INFO - Sync 1 DAGs
[2024-06-27T14:38:17.471+0000] {logging_mixin.py:188} INFO - [2024-06-27T14:38:17.470+0000] {dag.py:3954} INFO - Setting next_dagrun for example_trigger_target_dag to None, run_after=None
[2024-06-27T14:38:17.496+0000] {processor.py:183} INFO - Processing /home/airflow/.local/lib/python3.12/site-packages/airflow/example_dags/example_trigger_target_dag.py took 0.094 seconds
[2024-06-27T14:39:55.275+0000] {processor.py:161} INFO - Started process (PID=81) to work on /home/airflow/.local/lib/python3.12/site-packages/airflow/example_dags/example_trigger_target_dag.py
[2024-06-27T14:39:55.280+0000] {processor.py:830} INFO - Processing file /home/airflow/.local/lib/python3.12/site-packages/airflow/example_dags/example_trigger_target_dag.py for tasks to queue
[2024-06-27T14:39:55.289+0000] {logging_mixin.py:188} INFO - [2024-06-27T14:39:55.287+0000] {dagbag.py:545} INFO - Filling up the DagBag from /home/airflow/.local/lib/python3.12/site-packages/airflow/example_dags/example_trigger_target_dag.py
[2024-06-27T14:39:55.328+0000] {processor.py:840} INFO - DAG(s) 'example_trigger_target_dag' retrieved from /home/airflow/.local/lib/python3.12/site-packages/airflow/example_dags/example_trigger_target_dag.py
[2024-06-27T14:39:55.880+0000] {logging_mixin.py:188} INFO - [2024-06-27T14:39:55.879+0000] {dag.py:3096} INFO - Sync 1 DAGs
[2024-06-27T14:39:55.935+0000] {logging_mixin.py:188} INFO - [2024-06-27T14:39:55.934+0000] {dag.py:3954} INFO - Setting next_dagrun for example_trigger_target_dag to None, run_after=None
[2024-06-27T14:39:56.034+0000] {processor.py:183} INFO - Processing /home/airflow/.local/lib/python3.12/site-packages/airflow/example_dags/example_trigger_target_dag.py took 0.788 seconds
[2024-06-27T14:40:26.335+0000] {processor.py:161} INFO - Started process (PID=140) to work on /home/airflow/.local/lib/python3.12/site-packages/airflow/example_dags/example_trigger_target_dag.py
[2024-06-27T14:40:26.336+0000] {processor.py:830} INFO - Processing file /home/airflow/.local/lib/python3.12/site-packages/airflow/example_dags/example_trigger_target_dag.py for tasks to queue
[2024-06-27T14:40:26.339+0000] {logging_mixin.py:188} INFO - [2024-06-27T14:40:26.339+0000] {dagbag.py:545} INFO - Filling up the DagBag from /home/airflow/.local/lib/python3.12/site-packages/airflow/example_dags/example_trigger_target_dag.py
[2024-06-27T14:40:26.347+0000] {processor.py:840} INFO - DAG(s) 'example_trigger_target_dag' retrieved from /home/airflow/.local/lib/python3.12/site-packages/airflow/example_dags/example_trigger_target_dag.py
[2024-06-27T14:40:26.374+0000] {logging_mixin.py:188} INFO - [2024-06-27T14:40:26.374+0000] {dag.py:3096} INFO - Sync 1 DAGs
[2024-06-27T14:40:26.390+0000] {logging_mixin.py:188} INFO - [2024-06-27T14:40:26.389+0000] {dag.py:3954} INFO - Setting next_dagrun for example_trigger_target_dag to None, run_after=None
[2024-06-27T14:40:26.418+0000] {processor.py:183} INFO - Processing /home/airflow/.local/lib/python3.12/site-packages/airflow/example_dags/example_trigger_target_dag.py took 0.089 seconds
[2024-06-27T14:40:56.712+0000] {processor.py:161} INFO - Started process (PID=199) to work on /home/airflow/.local/lib/python3.12/site-packages/airflow/example_dags/example_trigger_target_dag.py
[2024-06-27T14:40:56.713+0000] {processor.py:830} INFO - Processing file /home/airflow/.local/lib/python3.12/site-packages/airflow/example_dags/example_trigger_target_dag.py for tasks to queue
[2024-06-27T14:40:56.716+0000] {logging_mixin.py:188} INFO - [2024-06-27T14:40:56.716+0000] {dagbag.py:545} INFO - Filling up the DagBag from /home/airflow/.local/lib/python3.12/site-packages/airflow/example_dags/example_trigger_target_dag.py
[2024-06-27T14:40:56.724+0000] {processor.py:840} INFO - DAG(s) 'example_trigger_target_dag' retrieved from /home/airflow/.local/lib/python3.12/site-packages/airflow/example_dags/example_trigger_target_dag.py
[2024-06-27T14:40:56.752+0000] {logging_mixin.py:188} INFO - [2024-06-27T14:40:56.752+0000] {dag.py:3096} INFO - Sync 1 DAGs
[2024-06-27T14:40:56.769+0000] {logging_mixin.py:188} INFO - [2024-06-27T14:40:56.768+0000] {dag.py:3954} INFO - Setting next_dagrun for example_trigger_target_dag to None, run_after=None
[2024-06-27T14:40:56.795+0000] {processor.py:183} INFO - Processing /home/airflow/.local/lib/python3.12/site-packages/airflow/example_dags/example_trigger_target_dag.py took 0.091 seconds
[2024-06-27T14:41:27.126+0000] {processor.py:161} INFO - Started process (PID=258) to work on /home/airflow/.local/lib/python3.12/site-packages/airflow/example_dags/example_trigger_target_dag.py
[2024-06-27T14:41:27.127+0000] {processor.py:830} INFO - Processing file /home/airflow/.local/lib/python3.12/site-packages/airflow/example_dags/example_trigger_target_dag.py for tasks to queue
[2024-06-27T14:41:27.130+0000] {logging_mixin.py:188} INFO - [2024-06-27T14:41:27.129+0000] {dagbag.py:545} INFO - Filling up the DagBag from /home/airflow/.local/lib/python3.12/site-packages/airflow/example_dags/example_trigger_target_dag.py
[2024-06-27T14:41:27.137+0000] {processor.py:840} INFO - DAG(s) 'example_trigger_target_dag' retrieved from /home/airflow/.local/lib/python3.12/site-packages/airflow/example_dags/example_trigger_target_dag.py
[2024-06-27T14:41:27.167+0000] {logging_mixin.py:188} INFO - [2024-06-27T14:41:27.166+0000] {dag.py:3096} INFO - Sync 1 DAGs
[2024-06-27T14:41:27.184+0000] {logging_mixin.py:188} INFO - [2024-06-27T14:41:27.183+0000] {dag.py:3954} INFO - Setting next_dagrun for example_trigger_target_dag to None, run_after=None
[2024-06-27T14:41:27.214+0000] {processor.py:183} INFO - Processing /home/airflow/.local/lib/python3.12/site-packages/airflow/example_dags/example_trigger_target_dag.py took 0.097 seconds
[2024-06-27T14:41:57.434+0000] {processor.py:161} INFO - Started process (PID=317) to work on /home/airflow/.local/lib/python3.12/site-packages/airflow/example_dags/example_trigger_target_dag.py
[2024-06-27T14:41:57.436+0000] {processor.py:830} INFO - Processing file /home/airflow/.local/lib/python3.12/site-packages/airflow/example_dags/example_trigger_target_dag.py for tasks to queue
[2024-06-27T14:41:57.439+0000] {logging_mixin.py:188} INFO - [2024-06-27T14:41:57.438+0000] {dagbag.py:545} INFO - Filling up the DagBag from /home/airflow/.local/lib/python3.12/site-packages/airflow/example_dags/example_trigger_target_dag.py
[2024-06-27T14:41:57.447+0000] {processor.py:840} INFO - DAG(s) 'example_trigger_target_dag' retrieved from /home/airflow/.local/lib/python3.12/site-packages/airflow/example_dags/example_trigger_target_dag.py
[2024-06-27T14:41:57.475+0000] {logging_mixin.py:188} INFO - [2024-06-27T14:41:57.475+0000] {dag.py:3096} INFO - Sync 1 DAGs
[2024-06-27T14:41:57.493+0000] {logging_mixin.py:188} INFO - [2024-06-27T14:41:57.493+0000] {dag.py:3954} INFO - Setting next_dagrun for example_trigger_target_dag to None, run_after=None
[2024-06-27T14:41:57.526+0000] {processor.py:183} INFO - Processing /home/airflow/.local/lib/python3.12/site-packages/airflow/example_dags/example_trigger_target_dag.py took 0.100 seconds
[2024-06-27T14:42:27.717+0000] {processor.py:161} INFO - Started process (PID=376) to work on /home/airflow/.local/lib/python3.12/site-packages/airflow/example_dags/example_trigger_target_dag.py
[2024-06-27T14:42:27.718+0000] {processor.py:830} INFO - Processing file /home/airflow/.local/lib/python3.12/site-packages/airflow/example_dags/example_trigger_target_dag.py for tasks to queue
[2024-06-27T14:42:27.720+0000] {logging_mixin.py:188} INFO - [2024-06-27T14:42:27.720+0000] {dagbag.py:545} INFO - Filling up the DagBag from /home/airflow/.local/lib/python3.12/site-packages/airflow/example_dags/example_trigger_target_dag.py
[2024-06-27T14:42:27.728+0000] {processor.py:840} INFO - DAG(s) 'example_trigger_target_dag' retrieved from /home/airflow/.local/lib/python3.12/site-packages/airflow/example_dags/example_trigger_target_dag.py
[2024-06-27T14:42:27.756+0000] {logging_mixin.py:188} INFO - [2024-06-27T14:42:27.756+0000] {dag.py:3096} INFO - Sync 1 DAGs
[2024-06-27T14:42:27.773+0000] {logging_mixin.py:188} INFO - [2024-06-27T14:42:27.773+0000] {dag.py:3954} INFO - Setting next_dagrun for example_trigger_target_dag to None, run_after=None
[2024-06-27T14:42:27.804+0000] {processor.py:183} INFO - Processing /home/airflow/.local/lib/python3.12/site-packages/airflow/example_dags/example_trigger_target_dag.py took 0.094 seconds
[2024-06-27T14:44:28.983+0000] {processor.py:161} INFO - Started process (PID=75) to work on /home/airflow/.local/lib/python3.12/site-packages/airflow/example_dags/example_trigger_target_dag.py
[2024-06-27T14:44:28.985+0000] {processor.py:830} INFO - Processing file /home/airflow/.local/lib/python3.12/site-packages/airflow/example_dags/example_trigger_target_dag.py for tasks to queue
[2024-06-27T14:44:28.989+0000] {logging_mixin.py:188} INFO - [2024-06-27T14:44:28.988+0000] {dagbag.py:545} INFO - Filling up the DagBag from /home/airflow/.local/lib/python3.12/site-packages/airflow/example_dags/example_trigger_target_dag.py
[2024-06-27T14:44:29.000+0000] {processor.py:840} INFO - DAG(s) 'example_trigger_target_dag' retrieved from /home/airflow/.local/lib/python3.12/site-packages/airflow/example_dags/example_trigger_target_dag.py
[2024-06-27T14:44:29.161+0000] {logging_mixin.py:188} INFO - [2024-06-27T14:44:29.160+0000] {dag.py:3096} INFO - Sync 1 DAGs
[2024-06-27T14:44:29.180+0000] {logging_mixin.py:188} INFO - [2024-06-27T14:44:29.179+0000] {dag.py:3954} INFO - Setting next_dagrun for example_trigger_target_dag to None, run_after=None
[2024-06-27T14:44:29.213+0000] {processor.py:183} INFO - Processing /home/airflow/.local/lib/python3.12/site-packages/airflow/example_dags/example_trigger_target_dag.py took 0.239 seconds
[2024-06-27T14:44:59.637+0000] {processor.py:161} INFO - Started process (PID=134) to work on /home/airflow/.local/lib/python3.12/site-packages/airflow/example_dags/example_trigger_target_dag.py
[2024-06-27T14:44:59.639+0000] {processor.py:830} INFO - Processing file /home/airflow/.local/lib/python3.12/site-packages/airflow/example_dags/example_trigger_target_dag.py for tasks to queue
[2024-06-27T14:44:59.642+0000] {logging_mixin.py:188} INFO - [2024-06-27T14:44:59.642+0000] {dagbag.py:545} INFO - Filling up the DagBag from /home/airflow/.local/lib/python3.12/site-packages/airflow/example_dags/example_trigger_target_dag.py
[2024-06-27T14:44:59.652+0000] {processor.py:840} INFO - DAG(s) 'example_trigger_target_dag' retrieved from /home/airflow/.local/lib/python3.12/site-packages/airflow/example_dags/example_trigger_target_dag.py
[2024-06-27T14:44:59.681+0000] {logging_mixin.py:188} INFO - [2024-06-27T14:44:59.681+0000] {dag.py:3096} INFO - Sync 1 DAGs
[2024-06-27T14:44:59.699+0000] {logging_mixin.py:188} INFO - [2024-06-27T14:44:59.698+0000] {dag.py:3954} INFO - Setting next_dagrun for example_trigger_target_dag to None, run_after=None
[2024-06-27T14:44:59.729+0000] {processor.py:183} INFO - Processing /home/airflow/.local/lib/python3.12/site-packages/airflow/example_dags/example_trigger_target_dag.py took 0.099 seconds
[2024-06-27T14:45:29.910+0000] {processor.py:161} INFO - Started process (PID=193) to work on /home/airflow/.local/lib/python3.12/site-packages/airflow/example_dags/example_trigger_target_dag.py
[2024-06-27T14:45:29.914+0000] {processor.py:830} INFO - Processing file /home/airflow/.local/lib/python3.12/site-packages/airflow/example_dags/example_trigger_target_dag.py for tasks to queue
[2024-06-27T14:45:29.919+0000] {logging_mixin.py:188} INFO - [2024-06-27T14:45:29.919+0000] {dagbag.py:545} INFO - Filling up the DagBag from /home/airflow/.local/lib/python3.12/site-packages/airflow/example_dags/example_trigger_target_dag.py
[2024-06-27T14:45:29.930+0000] {processor.py:840} INFO - DAG(s) 'example_trigger_target_dag' retrieved from /home/airflow/.local/lib/python3.12/site-packages/airflow/example_dags/example_trigger_target_dag.py
[2024-06-27T14:45:29.959+0000] {logging_mixin.py:188} INFO - [2024-06-27T14:45:29.959+0000] {dag.py:3096} INFO - Sync 1 DAGs
[2024-06-27T14:45:29.976+0000] {logging_mixin.py:188} INFO - [2024-06-27T14:45:29.975+0000] {dag.py:3954} INFO - Setting next_dagrun for example_trigger_target_dag to None, run_after=None
[2024-06-27T14:45:30.007+0000] {processor.py:183} INFO - Processing /home/airflow/.local/lib/python3.12/site-packages/airflow/example_dags/example_trigger_target_dag.py took 0.105 seconds
[2024-06-27T14:46:00.192+0000] {processor.py:161} INFO - Started process (PID=252) to work on /home/airflow/.local/lib/python3.12/site-packages/airflow/example_dags/example_trigger_target_dag.py
[2024-06-27T14:46:00.194+0000] {processor.py:830} INFO - Processing file /home/airflow/.local/lib/python3.12/site-packages/airflow/example_dags/example_trigger_target_dag.py for tasks to queue
[2024-06-27T14:46:00.197+0000] {logging_mixin.py:188} INFO - [2024-06-27T14:46:00.196+0000] {dagbag.py:545} INFO - Filling up the DagBag from /home/airflow/.local/lib/python3.12/site-packages/airflow/example_dags/example_trigger_target_dag.py
[2024-06-27T14:46:00.205+0000] {processor.py:840} INFO - DAG(s) 'example_trigger_target_dag' retrieved from /home/airflow/.local/lib/python3.12/site-packages/airflow/example_dags/example_trigger_target_dag.py
[2024-06-27T14:46:00.236+0000] {logging_mixin.py:188} INFO - [2024-06-27T14:46:00.235+0000] {dag.py:3096} INFO - Sync 1 DAGs
[2024-06-27T14:46:00.254+0000] {logging_mixin.py:188} INFO - [2024-06-27T14:46:00.254+0000] {dag.py:3954} INFO - Setting next_dagrun for example_trigger_target_dag to None, run_after=None
[2024-06-27T14:46:00.286+0000] {processor.py:183} INFO - Processing /home/airflow/.local/lib/python3.12/site-packages/airflow/example_dags/example_trigger_target_dag.py took 0.101 seconds
[2024-06-27T14:46:30.396+0000] {processor.py:161} INFO - Started process (PID=311) to work on /home/airflow/.local/lib/python3.12/site-packages/airflow/example_dags/example_trigger_target_dag.py
[2024-06-27T14:46:30.397+0000] {processor.py:830} INFO - Processing file /home/airflow/.local/lib/python3.12/site-packages/airflow/example_dags/example_trigger_target_dag.py for tasks to queue
[2024-06-27T14:46:30.400+0000] {logging_mixin.py:188} INFO - [2024-06-27T14:46:30.400+0000] {dagbag.py:545} INFO - Filling up the DagBag from /home/airflow/.local/lib/python3.12/site-packages/airflow/example_dags/example_trigger_target_dag.py
[2024-06-27T14:46:30.409+0000] {processor.py:840} INFO - DAG(s) 'example_trigger_target_dag' retrieved from /home/airflow/.local/lib/python3.12/site-packages/airflow/example_dags/example_trigger_target_dag.py
[2024-06-27T14:46:30.435+0000] {logging_mixin.py:188} INFO - [2024-06-27T14:46:30.434+0000] {dag.py:3096} INFO - Sync 1 DAGs
[2024-06-27T14:46:30.451+0000] {logging_mixin.py:188} INFO - [2024-06-27T14:46:30.450+0000] {dag.py:3954} INFO - Setting next_dagrun for example_trigger_target_dag to None, run_after=None
[2024-06-27T14:46:30.479+0000] {processor.py:183} INFO - Processing /home/airflow/.local/lib/python3.12/site-packages/airflow/example_dags/example_trigger_target_dag.py took 0.090 seconds
[2024-06-27T14:59:01.942+0000] {processor.py:161} INFO - Started process (PID=80) to work on /home/airflow/.local/lib/python3.12/site-packages/airflow/example_dags/example_trigger_target_dag.py
[2024-06-27T14:59:01.943+0000] {processor.py:830} INFO - Processing file /home/airflow/.local/lib/python3.12/site-packages/airflow/example_dags/example_trigger_target_dag.py for tasks to queue
[2024-06-27T14:59:01.947+0000] {logging_mixin.py:188} INFO - [2024-06-27T14:59:01.946+0000] {dagbag.py:545} INFO - Filling up the DagBag from /home/airflow/.local/lib/python3.12/site-packages/airflow/example_dags/example_trigger_target_dag.py
[2024-06-27T14:59:01.960+0000] {processor.py:840} INFO - DAG(s) 'example_trigger_target_dag' retrieved from /home/airflow/.local/lib/python3.12/site-packages/airflow/example_dags/example_trigger_target_dag.py
[2024-06-27T14:59:01.988+0000] {logging_mixin.py:188} INFO - [2024-06-27T14:59:01.988+0000] {dag.py:3096} INFO - Sync 1 DAGs
[2024-06-27T14:59:02.013+0000] {logging_mixin.py:188} INFO - [2024-06-27T14:59:02.013+0000] {dag.py:3954} INFO - Setting next_dagrun for example_trigger_target_dag to None, run_after=None
[2024-06-27T14:59:02.054+0000] {processor.py:183} INFO - Processing /home/airflow/.local/lib/python3.12/site-packages/airflow/example_dags/example_trigger_target_dag.py took 0.122 seconds
[2024-06-27T14:59:34.493+0000] {processor.py:161} INFO - Started process (PID=139) to work on /home/airflow/.local/lib/python3.12/site-packages/airflow/example_dags/example_trigger_target_dag.py
[2024-06-27T14:59:34.495+0000] {processor.py:830} INFO - Processing file /home/airflow/.local/lib/python3.12/site-packages/airflow/example_dags/example_trigger_target_dag.py for tasks to queue
[2024-06-27T14:59:34.498+0000] {logging_mixin.py:188} INFO - [2024-06-27T14:59:34.498+0000] {dagbag.py:545} INFO - Filling up the DagBag from /home/airflow/.local/lib/python3.12/site-packages/airflow/example_dags/example_trigger_target_dag.py
[2024-06-27T14:59:34.508+0000] {processor.py:840} INFO - DAG(s) 'example_trigger_target_dag' retrieved from /home/airflow/.local/lib/python3.12/site-packages/airflow/example_dags/example_trigger_target_dag.py
[2024-06-27T14:59:34.656+0000] {logging_mixin.py:188} INFO - [2024-06-27T14:59:34.656+0000] {dag.py:3096} INFO - Sync 1 DAGs
[2024-06-27T14:59:34.671+0000] {logging_mixin.py:188} INFO - [2024-06-27T14:59:34.670+0000] {dag.py:3954} INFO - Setting next_dagrun for example_trigger_target_dag to None, run_after=None
[2024-06-27T14:59:34.701+0000] {processor.py:183} INFO - Processing /home/airflow/.local/lib/python3.12/site-packages/airflow/example_dags/example_trigger_target_dag.py took 0.216 seconds
[2024-06-27T15:00:04.892+0000] {processor.py:161} INFO - Started process (PID=198) to work on /home/airflow/.local/lib/python3.12/site-packages/airflow/example_dags/example_trigger_target_dag.py
[2024-06-27T15:00:04.894+0000] {processor.py:830} INFO - Processing file /home/airflow/.local/lib/python3.12/site-packages/airflow/example_dags/example_trigger_target_dag.py for tasks to queue
[2024-06-27T15:00:04.897+0000] {logging_mixin.py:188} INFO - [2024-06-27T15:00:04.896+0000] {dagbag.py:545} INFO - Filling up the DagBag from /home/airflow/.local/lib/python3.12/site-packages/airflow/example_dags/example_trigger_target_dag.py
[2024-06-27T15:00:04.905+0000] {processor.py:840} INFO - DAG(s) 'example_trigger_target_dag' retrieved from /home/airflow/.local/lib/python3.12/site-packages/airflow/example_dags/example_trigger_target_dag.py
[2024-06-27T15:00:04.937+0000] {logging_mixin.py:188} INFO - [2024-06-27T15:00:04.936+0000] {dag.py:3096} INFO - Sync 1 DAGs
[2024-06-27T15:00:04.954+0000] {logging_mixin.py:188} INFO - [2024-06-27T15:00:04.954+0000] {dag.py:3954} INFO - Setting next_dagrun for example_trigger_target_dag to None, run_after=None
[2024-06-27T15:00:04.984+0000] {processor.py:183} INFO - Processing /home/airflow/.local/lib/python3.12/site-packages/airflow/example_dags/example_trigger_target_dag.py took 0.100 seconds
[2024-06-27T15:00:36.427+0000] {processor.py:161} INFO - Started process (PID=257) to work on /home/airflow/.local/lib/python3.12/site-packages/airflow/example_dags/example_trigger_target_dag.py
[2024-06-27T15:00:36.429+0000] {processor.py:830} INFO - Processing file /home/airflow/.local/lib/python3.12/site-packages/airflow/example_dags/example_trigger_target_dag.py for tasks to queue
[2024-06-27T15:00:36.433+0000] {logging_mixin.py:188} INFO - [2024-06-27T15:00:36.432+0000] {dagbag.py:545} INFO - Filling up the DagBag from /home/airflow/.local/lib/python3.12/site-packages/airflow/example_dags/example_trigger_target_dag.py
[2024-06-27T15:00:36.444+0000] {processor.py:840} INFO - DAG(s) 'example_trigger_target_dag' retrieved from /home/airflow/.local/lib/python3.12/site-packages/airflow/example_dags/example_trigger_target_dag.py
[2024-06-27T15:00:36.487+0000] {logging_mixin.py:188} INFO - [2024-06-27T15:00:36.487+0000] {dag.py:3096} INFO - Sync 1 DAGs
[2024-06-27T15:00:36.512+0000] {logging_mixin.py:188} INFO - [2024-06-27T15:00:36.512+0000] {dag.py:3954} INFO - Setting next_dagrun for example_trigger_target_dag to None, run_after=None
[2024-06-27T15:00:36.559+0000] {processor.py:183} INFO - Processing /home/airflow/.local/lib/python3.12/site-packages/airflow/example_dags/example_trigger_target_dag.py took 0.143 seconds
[2024-06-27T15:02:20.954+0000] {processor.py:161} INFO - Started process (PID=91) to work on /home/airflow/.local/lib/python3.12/site-packages/airflow/example_dags/example_trigger_target_dag.py
[2024-06-27T15:02:20.956+0000] {processor.py:830} INFO - Processing file /home/airflow/.local/lib/python3.12/site-packages/airflow/example_dags/example_trigger_target_dag.py for tasks to queue
[2024-06-27T15:02:20.960+0000] {logging_mixin.py:188} INFO - [2024-06-27T15:02:20.960+0000] {dagbag.py:545} INFO - Filling up the DagBag from /home/airflow/.local/lib/python3.12/site-packages/airflow/example_dags/example_trigger_target_dag.py
[2024-06-27T15:02:20.971+0000] {processor.py:840} INFO - DAG(s) 'example_trigger_target_dag' retrieved from /home/airflow/.local/lib/python3.12/site-packages/airflow/example_dags/example_trigger_target_dag.py
[2024-06-27T15:02:21.109+0000] {logging_mixin.py:188} INFO - [2024-06-27T15:02:21.109+0000] {dag.py:3096} INFO - Sync 1 DAGs
[2024-06-27T15:02:21.125+0000] {logging_mixin.py:188} INFO - [2024-06-27T15:02:21.125+0000] {dag.py:3954} INFO - Setting next_dagrun for example_trigger_target_dag to None, run_after=None
[2024-06-27T15:02:21.153+0000] {processor.py:183} INFO - Processing /home/airflow/.local/lib/python3.12/site-packages/airflow/example_dags/example_trigger_target_dag.py took 0.206 seconds
[2024-06-27T15:02:51.848+0000] {processor.py:161} INFO - Started process (PID=159) to work on /home/airflow/.local/lib/python3.12/site-packages/airflow/example_dags/example_trigger_target_dag.py
[2024-06-27T15:02:51.849+0000] {processor.py:830} INFO - Processing file /home/airflow/.local/lib/python3.12/site-packages/airflow/example_dags/example_trigger_target_dag.py for tasks to queue
[2024-06-27T15:02:51.852+0000] {logging_mixin.py:188} INFO - [2024-06-27T15:02:51.852+0000] {dagbag.py:545} INFO - Filling up the DagBag from /home/airflow/.local/lib/python3.12/site-packages/airflow/example_dags/example_trigger_target_dag.py
[2024-06-27T15:02:51.863+0000] {processor.py:840} INFO - DAG(s) 'example_trigger_target_dag' retrieved from /home/airflow/.local/lib/python3.12/site-packages/airflow/example_dags/example_trigger_target_dag.py
[2024-06-27T15:02:51.911+0000] {logging_mixin.py:188} INFO - [2024-06-27T15:02:51.910+0000] {dag.py:3096} INFO - Sync 1 DAGs
[2024-06-27T15:02:51.945+0000] {logging_mixin.py:188} INFO - [2024-06-27T15:02:51.944+0000] {dag.py:3954} INFO - Setting next_dagrun for example_trigger_target_dag to None, run_after=None
[2024-06-27T15:02:51.985+0000] {processor.py:183} INFO - Processing /home/airflow/.local/lib/python3.12/site-packages/airflow/example_dags/example_trigger_target_dag.py took 0.147 seconds
[2024-06-27T15:03:22.601+0000] {processor.py:161} INFO - Started process (PID=227) to work on /home/airflow/.local/lib/python3.12/site-packages/airflow/example_dags/example_trigger_target_dag.py
[2024-06-27T15:03:22.606+0000] {processor.py:830} INFO - Processing file /home/airflow/.local/lib/python3.12/site-packages/airflow/example_dags/example_trigger_target_dag.py for tasks to queue
[2024-06-27T15:03:22.611+0000] {logging_mixin.py:188} INFO - [2024-06-27T15:03:22.610+0000] {dagbag.py:545} INFO - Filling up the DagBag from /home/airflow/.local/lib/python3.12/site-packages/airflow/example_dags/example_trigger_target_dag.py
[2024-06-27T15:03:22.622+0000] {processor.py:840} INFO - DAG(s) 'example_trigger_target_dag' retrieved from /home/airflow/.local/lib/python3.12/site-packages/airflow/example_dags/example_trigger_target_dag.py
[2024-06-27T15:03:22.654+0000] {logging_mixin.py:188} INFO - [2024-06-27T15:03:22.653+0000] {dag.py:3096} INFO - Sync 1 DAGs
[2024-06-27T15:03:22.676+0000] {logging_mixin.py:188} INFO - [2024-06-27T15:03:22.676+0000] {dag.py:3954} INFO - Setting next_dagrun for example_trigger_target_dag to None, run_after=None
[2024-06-27T15:03:22.708+0000] {processor.py:183} INFO - Processing /home/airflow/.local/lib/python3.12/site-packages/airflow/example_dags/example_trigger_target_dag.py took 0.116 seconds
[2024-06-27T15:04:03.246+0000] {processor.py:161} INFO - Started process (PID=295) to work on /home/airflow/.local/lib/python3.12/site-packages/airflow/example_dags/example_trigger_target_dag.py
[2024-06-27T15:04:03.250+0000] {processor.py:830} INFO - Processing file /home/airflow/.local/lib/python3.12/site-packages/airflow/example_dags/example_trigger_target_dag.py for tasks to queue
[2024-06-27T15:04:03.266+0000] {logging_mixin.py:188} INFO - [2024-06-27T15:04:03.265+0000] {dagbag.py:545} INFO - Filling up the DagBag from /home/airflow/.local/lib/python3.12/site-packages/airflow/example_dags/example_trigger_target_dag.py
[2024-06-27T15:04:03.306+0000] {processor.py:840} INFO - DAG(s) 'example_trigger_target_dag' retrieved from /home/airflow/.local/lib/python3.12/site-packages/airflow/example_dags/example_trigger_target_dag.py
[2024-06-27T15:04:03.428+0000] {logging_mixin.py:188} INFO - [2024-06-27T15:04:03.427+0000] {dag.py:3096} INFO - Sync 1 DAGs
[2024-06-27T15:04:03.498+0000] {logging_mixin.py:188} INFO - [2024-06-27T15:04:03.497+0000] {dag.py:3954} INFO - Setting next_dagrun for example_trigger_target_dag to None, run_after=None
[2024-06-27T15:04:03.556+0000] {processor.py:183} INFO - Processing /home/airflow/.local/lib/python3.12/site-packages/airflow/example_dags/example_trigger_target_dag.py took 0.327 seconds
[2024-06-27T15:04:34.122+0000] {processor.py:161} INFO - Started process (PID=380) to work on /home/airflow/.local/lib/python3.12/site-packages/airflow/example_dags/example_trigger_target_dag.py
[2024-06-27T15:04:34.131+0000] {processor.py:830} INFO - Processing file /home/airflow/.local/lib/python3.12/site-packages/airflow/example_dags/example_trigger_target_dag.py for tasks to queue
[2024-06-27T15:04:34.138+0000] {logging_mixin.py:188} INFO - [2024-06-27T15:04:34.137+0000] {dagbag.py:545} INFO - Filling up the DagBag from /home/airflow/.local/lib/python3.12/site-packages/airflow/example_dags/example_trigger_target_dag.py
[2024-06-27T15:04:34.165+0000] {processor.py:840} INFO - DAG(s) 'example_trigger_target_dag' retrieved from /home/airflow/.local/lib/python3.12/site-packages/airflow/example_dags/example_trigger_target_dag.py
[2024-06-27T15:04:34.262+0000] {logging_mixin.py:188} INFO - [2024-06-27T15:04:34.261+0000] {dag.py:3096} INFO - Sync 1 DAGs
[2024-06-27T15:04:34.302+0000] {logging_mixin.py:188} INFO - [2024-06-27T15:04:34.301+0000] {dag.py:3954} INFO - Setting next_dagrun for example_trigger_target_dag to None, run_after=None
[2024-06-27T15:04:34.379+0000] {processor.py:183} INFO - Processing /home/airflow/.local/lib/python3.12/site-packages/airflow/example_dags/example_trigger_target_dag.py took 0.286 seconds
[2024-06-27T15:05:06.007+0000] {processor.py:161} INFO - Started process (PID=452) to work on /home/airflow/.local/lib/python3.12/site-packages/airflow/example_dags/example_trigger_target_dag.py
[2024-06-27T15:05:06.014+0000] {processor.py:830} INFO - Processing file /home/airflow/.local/lib/python3.12/site-packages/airflow/example_dags/example_trigger_target_dag.py for tasks to queue
[2024-06-27T15:05:06.040+0000] {logging_mixin.py:188} INFO - [2024-06-27T15:05:06.039+0000] {dagbag.py:545} INFO - Filling up the DagBag from /home/airflow/.local/lib/python3.12/site-packages/airflow/example_dags/example_trigger_target_dag.py
[2024-06-27T15:05:06.070+0000] {processor.py:840} INFO - DAG(s) 'example_trigger_target_dag' retrieved from /home/airflow/.local/lib/python3.12/site-packages/airflow/example_dags/example_trigger_target_dag.py
[2024-06-27T15:05:06.138+0000] {logging_mixin.py:188} INFO - [2024-06-27T15:05:06.138+0000] {dag.py:3096} INFO - Sync 1 DAGs
[2024-06-27T15:05:06.182+0000] {logging_mixin.py:188} INFO - [2024-06-27T15:05:06.181+0000] {dag.py:3954} INFO - Setting next_dagrun for example_trigger_target_dag to None, run_after=None
[2024-06-27T15:05:06.246+0000] {processor.py:183} INFO - Processing /home/airflow/.local/lib/python3.12/site-packages/airflow/example_dags/example_trigger_target_dag.py took 0.261 seconds
[2024-06-27T15:05:39.043+0000] {processor.py:161} INFO - Started process (PID=543) to work on /home/airflow/.local/lib/python3.12/site-packages/airflow/example_dags/example_trigger_target_dag.py
[2024-06-27T15:05:39.045+0000] {processor.py:830} INFO - Processing file /home/airflow/.local/lib/python3.12/site-packages/airflow/example_dags/example_trigger_target_dag.py for tasks to queue
[2024-06-27T15:05:39.049+0000] {logging_mixin.py:188} INFO - [2024-06-27T15:05:39.049+0000] {dagbag.py:545} INFO - Filling up the DagBag from /home/airflow/.local/lib/python3.12/site-packages/airflow/example_dags/example_trigger_target_dag.py
[2024-06-27T15:05:39.063+0000] {processor.py:840} INFO - DAG(s) 'example_trigger_target_dag' retrieved from /home/airflow/.local/lib/python3.12/site-packages/airflow/example_dags/example_trigger_target_dag.py
[2024-06-27T15:05:39.110+0000] {logging_mixin.py:188} INFO - [2024-06-27T15:05:39.110+0000] {dag.py:3096} INFO - Sync 1 DAGs
[2024-06-27T15:05:39.144+0000] {logging_mixin.py:188} INFO - [2024-06-27T15:05:39.143+0000] {dag.py:3954} INFO - Setting next_dagrun for example_trigger_target_dag to None, run_after=None
[2024-06-27T15:05:39.198+0000] {processor.py:183} INFO - Processing /home/airflow/.local/lib/python3.12/site-packages/airflow/example_dags/example_trigger_target_dag.py took 0.171 seconds
[2024-06-27T15:06:16.736+0000] {processor.py:161} INFO - Started process (PID=637) to work on /home/airflow/.local/lib/python3.12/site-packages/airflow/example_dags/example_trigger_target_dag.py
[2024-06-27T15:06:16.743+0000] {processor.py:830} INFO - Processing file /home/airflow/.local/lib/python3.12/site-packages/airflow/example_dags/example_trigger_target_dag.py for tasks to queue
[2024-06-27T15:06:16.751+0000] {logging_mixin.py:188} INFO - [2024-06-27T15:06:16.750+0000] {dagbag.py:545} INFO - Filling up the DagBag from /home/airflow/.local/lib/python3.12/site-packages/airflow/example_dags/example_trigger_target_dag.py
[2024-06-27T15:06:16.776+0000] {processor.py:840} INFO - DAG(s) 'example_trigger_target_dag' retrieved from /home/airflow/.local/lib/python3.12/site-packages/airflow/example_dags/example_trigger_target_dag.py
[2024-06-27T15:06:16.859+0000] {logging_mixin.py:188} INFO - [2024-06-27T15:06:16.858+0000] {dag.py:3096} INFO - Sync 1 DAGs
[2024-06-27T15:06:16.929+0000] {logging_mixin.py:188} INFO - [2024-06-27T15:06:16.928+0000] {dag.py:3954} INFO - Setting next_dagrun for example_trigger_target_dag to None, run_after=None
[2024-06-27T15:06:17.024+0000] {processor.py:183} INFO - Processing /home/airflow/.local/lib/python3.12/site-packages/airflow/example_dags/example_trigger_target_dag.py took 0.318 seconds
[2024-06-27T15:06:48.693+0000] {processor.py:161} INFO - Started process (PID=710) to work on /home/airflow/.local/lib/python3.12/site-packages/airflow/example_dags/example_trigger_target_dag.py
[2024-06-27T15:06:48.706+0000] {processor.py:830} INFO - Processing file /home/airflow/.local/lib/python3.12/site-packages/airflow/example_dags/example_trigger_target_dag.py for tasks to queue
[2024-06-27T15:06:48.726+0000] {logging_mixin.py:188} INFO - [2024-06-27T15:06:48.722+0000] {dagbag.py:545} INFO - Filling up the DagBag from /home/airflow/.local/lib/python3.12/site-packages/airflow/example_dags/example_trigger_target_dag.py
[2024-06-27T15:06:48.775+0000] {processor.py:840} INFO - DAG(s) 'example_trigger_target_dag' retrieved from /home/airflow/.local/lib/python3.12/site-packages/airflow/example_dags/example_trigger_target_dag.py
[2024-06-27T15:06:48.937+0000] {logging_mixin.py:188} INFO - [2024-06-27T15:06:48.936+0000] {dag.py:3096} INFO - Sync 1 DAGs
[2024-06-27T15:06:48.994+0000] {logging_mixin.py:188} INFO - [2024-06-27T15:06:48.993+0000] {dag.py:3954} INFO - Setting next_dagrun for example_trigger_target_dag to None, run_after=None
[2024-06-27T15:06:49.075+0000] {processor.py:183} INFO - Processing /home/airflow/.local/lib/python3.12/site-packages/airflow/example_dags/example_trigger_target_dag.py took 0.480 seconds
[2024-06-27T15:07:19.276+0000] {processor.py:161} INFO - Started process (PID=792) to work on /home/airflow/.local/lib/python3.12/site-packages/airflow/example_dags/example_trigger_target_dag.py
[2024-06-27T15:07:19.280+0000] {processor.py:830} INFO - Processing file /home/airflow/.local/lib/python3.12/site-packages/airflow/example_dags/example_trigger_target_dag.py for tasks to queue
[2024-06-27T15:07:19.291+0000] {logging_mixin.py:188} INFO - [2024-06-27T15:07:19.290+0000] {dagbag.py:545} INFO - Filling up the DagBag from /home/airflow/.local/lib/python3.12/site-packages/airflow/example_dags/example_trigger_target_dag.py
[2024-06-27T15:07:19.323+0000] {processor.py:840} INFO - DAG(s) 'example_trigger_target_dag' retrieved from /home/airflow/.local/lib/python3.12/site-packages/airflow/example_dags/example_trigger_target_dag.py
[2024-06-27T15:07:19.443+0000] {logging_mixin.py:188} INFO - [2024-06-27T15:07:19.443+0000] {dag.py:3096} INFO - Sync 1 DAGs
[2024-06-27T15:07:19.538+0000] {logging_mixin.py:188} INFO - [2024-06-27T15:07:19.538+0000] {dag.py:3954} INFO - Setting next_dagrun for example_trigger_target_dag to None, run_after=None
[2024-06-27T15:07:19.626+0000] {processor.py:183} INFO - Processing /home/airflow/.local/lib/python3.12/site-packages/airflow/example_dags/example_trigger_target_dag.py took 0.386 seconds
[2024-06-27T15:07:52.244+0000] {processor.py:161} INFO - Started process (PID=874) to work on /home/airflow/.local/lib/python3.12/site-packages/airflow/example_dags/example_trigger_target_dag.py
[2024-06-27T15:07:52.252+0000] {processor.py:830} INFO - Processing file /home/airflow/.local/lib/python3.12/site-packages/airflow/example_dags/example_trigger_target_dag.py for tasks to queue
[2024-06-27T15:07:52.260+0000] {logging_mixin.py:188} INFO - [2024-06-27T15:07:52.259+0000] {dagbag.py:545} INFO - Filling up the DagBag from /home/airflow/.local/lib/python3.12/site-packages/airflow/example_dags/example_trigger_target_dag.py
[2024-06-27T15:07:52.400+0000] {processor.py:840} INFO - DAG(s) 'example_trigger_target_dag' retrieved from /home/airflow/.local/lib/python3.12/site-packages/airflow/example_dags/example_trigger_target_dag.py
[2024-06-27T15:07:52.731+0000] {logging_mixin.py:188} INFO - [2024-06-27T15:07:52.725+0000] {dag.py:3096} INFO - Sync 1 DAGs
[2024-06-27T15:07:53.705+0000] {logging_mixin.py:188} INFO - [2024-06-27T15:07:53.690+0000] {dag.py:3954} INFO - Setting next_dagrun for example_trigger_target_dag to None, run_after=None
[2024-06-27T15:07:56.044+0000] {processor.py:183} INFO - Processing /home/airflow/.local/lib/python3.12/site-packages/airflow/example_dags/example_trigger_target_dag.py took 3.845 seconds
