[2024-06-27T14:36:24.971+0000] {processor.py:161} INFO - Started process (PID=36) to work on /home/airflow/.local/lib/python3.12/site-packages/airflow/example_dags/example_dynamic_task_mapping_with_no_taskflow_operators.py
[2024-06-27T14:36:24.975+0000] {processor.py:830} INFO - Processing file /home/airflow/.local/lib/python3.12/site-packages/airflow/example_dags/example_dynamic_task_mapping_with_no_taskflow_operators.py for tasks to queue
[2024-06-27T14:36:24.982+0000] {logging_mixin.py:188} INFO - [2024-06-27T14:36:24.981+0000] {dagbag.py:545} INFO - Filling up the DagBag from /home/airflow/.local/lib/python3.12/site-packages/airflow/example_dags/example_dynamic_task_mapping_with_no_taskflow_operators.py
[2024-06-27T14:36:25.038+0000] {processor.py:840} INFO - DAG(s) 'example_dynamic_task_mapping_with_no_taskflow_operators' retrieved from /home/airflow/.local/lib/python3.12/site-packages/airflow/example_dags/example_dynamic_task_mapping_with_no_taskflow_operators.py
[2024-06-27T14:36:25.593+0000] {logging_mixin.py:188} INFO - [2024-06-27T14:36:25.591+0000] {override.py:1829} INFO - Created Permission View: can edit on DAG:example_dynamic_task_mapping_with_no_taskflow_operators
[2024-06-27T14:36:25.650+0000] {logging_mixin.py:188} INFO - [2024-06-27T14:36:25.649+0000] {override.py:1829} INFO - Created Permission View: can delete on DAG:example_dynamic_task_mapping_with_no_taskflow_operators
[2024-06-27T14:36:25.688+0000] {logging_mixin.py:188} INFO - [2024-06-27T14:36:25.686+0000] {override.py:1829} INFO - Created Permission View: can read on DAG:example_dynamic_task_mapping_with_no_taskflow_operators
[2024-06-27T14:36:25.692+0000] {logging_mixin.py:188} INFO - [2024-06-27T14:36:25.690+0000] {dag.py:3096} INFO - Sync 1 DAGs
[2024-06-27T14:36:25.758+0000] {logging_mixin.py:188} INFO - [2024-06-27T14:36:25.757+0000] {dag.py:3118} INFO - Creating ORM DAG for example_dynamic_task_mapping_with_no_taskflow_operators
[2024-06-27T14:36:25.938+0000] {logging_mixin.py:188} INFO - [2024-06-27T14:36:25.937+0000] {dag.py:3954} INFO - Setting next_dagrun for example_dynamic_task_mapping_with_no_taskflow_operators to 2024-06-26 00:00:00+00:00, run_after=2024-06-27 00:00:00+00:00
[2024-06-27T14:36:26.032+0000] {processor.py:183} INFO - Processing /home/airflow/.local/lib/python3.12/site-packages/airflow/example_dags/example_dynamic_task_mapping_with_no_taskflow_operators.py took 1.087 seconds
[2024-06-27T14:36:56.232+0000] {processor.py:161} INFO - Started process (PID=94) to work on /home/airflow/.local/lib/python3.12/site-packages/airflow/example_dags/example_dynamic_task_mapping_with_no_taskflow_operators.py
[2024-06-27T14:36:56.233+0000] {processor.py:830} INFO - Processing file /home/airflow/.local/lib/python3.12/site-packages/airflow/example_dags/example_dynamic_task_mapping_with_no_taskflow_operators.py for tasks to queue
[2024-06-27T14:36:56.236+0000] {logging_mixin.py:188} INFO - [2024-06-27T14:36:56.235+0000] {dagbag.py:545} INFO - Filling up the DagBag from /home/airflow/.local/lib/python3.12/site-packages/airflow/example_dags/example_dynamic_task_mapping_with_no_taskflow_operators.py
[2024-06-27T14:36:56.244+0000] {processor.py:840} INFO - DAG(s) 'example_dynamic_task_mapping_with_no_taskflow_operators' retrieved from /home/airflow/.local/lib/python3.12/site-packages/airflow/example_dags/example_dynamic_task_mapping_with_no_taskflow_operators.py
[2024-06-27T14:36:56.269+0000] {logging_mixin.py:188} INFO - [2024-06-27T14:36:56.269+0000] {dag.py:3096} INFO - Sync 1 DAGs
[2024-06-27T14:36:56.296+0000] {logging_mixin.py:188} INFO - [2024-06-27T14:36:56.296+0000] {dag.py:3954} INFO - Setting next_dagrun for example_dynamic_task_mapping_with_no_taskflow_operators to 2024-06-26 00:00:00+00:00, run_after=2024-06-27 00:00:00+00:00
[2024-06-27T14:36:56.324+0000] {processor.py:183} INFO - Processing /home/airflow/.local/lib/python3.12/site-packages/airflow/example_dags/example_dynamic_task_mapping_with_no_taskflow_operators.py took 0.100 seconds
[2024-06-27T14:37:26.790+0000] {processor.py:161} INFO - Started process (PID=152) to work on /home/airflow/.local/lib/python3.12/site-packages/airflow/example_dags/example_dynamic_task_mapping_with_no_taskflow_operators.py
[2024-06-27T14:37:26.792+0000] {processor.py:830} INFO - Processing file /home/airflow/.local/lib/python3.12/site-packages/airflow/example_dags/example_dynamic_task_mapping_with_no_taskflow_operators.py for tasks to queue
[2024-06-27T14:37:26.795+0000] {logging_mixin.py:188} INFO - [2024-06-27T14:37:26.794+0000] {dagbag.py:545} INFO - Filling up the DagBag from /home/airflow/.local/lib/python3.12/site-packages/airflow/example_dags/example_dynamic_task_mapping_with_no_taskflow_operators.py
[2024-06-27T14:37:26.803+0000] {processor.py:840} INFO - DAG(s) 'example_dynamic_task_mapping_with_no_taskflow_operators' retrieved from /home/airflow/.local/lib/python3.12/site-packages/airflow/example_dags/example_dynamic_task_mapping_with_no_taskflow_operators.py
[2024-06-27T14:37:26.830+0000] {logging_mixin.py:188} INFO - [2024-06-27T14:37:26.830+0000] {dag.py:3096} INFO - Sync 1 DAGs
[2024-06-27T14:37:26.858+0000] {logging_mixin.py:188} INFO - [2024-06-27T14:37:26.857+0000] {dag.py:3954} INFO - Setting next_dagrun for example_dynamic_task_mapping_with_no_taskflow_operators to 2024-06-26 00:00:00+00:00, run_after=2024-06-27 00:00:00+00:00
[2024-06-27T14:37:26.885+0000] {processor.py:183} INFO - Processing /home/airflow/.local/lib/python3.12/site-packages/airflow/example_dags/example_dynamic_task_mapping_with_no_taskflow_operators.py took 0.101 seconds
[2024-06-27T14:37:57.042+0000] {processor.py:161} INFO - Started process (PID=211) to work on /home/airflow/.local/lib/python3.12/site-packages/airflow/example_dags/example_dynamic_task_mapping_with_no_taskflow_operators.py
[2024-06-27T14:37:57.043+0000] {processor.py:830} INFO - Processing file /home/airflow/.local/lib/python3.12/site-packages/airflow/example_dags/example_dynamic_task_mapping_with_no_taskflow_operators.py for tasks to queue
[2024-06-27T14:37:57.046+0000] {logging_mixin.py:188} INFO - [2024-06-27T14:37:57.046+0000] {dagbag.py:545} INFO - Filling up the DagBag from /home/airflow/.local/lib/python3.12/site-packages/airflow/example_dags/example_dynamic_task_mapping_with_no_taskflow_operators.py
[2024-06-27T14:37:57.055+0000] {processor.py:840} INFO - DAG(s) 'example_dynamic_task_mapping_with_no_taskflow_operators' retrieved from /home/airflow/.local/lib/python3.12/site-packages/airflow/example_dags/example_dynamic_task_mapping_with_no_taskflow_operators.py
[2024-06-27T14:37:57.085+0000] {logging_mixin.py:188} INFO - [2024-06-27T14:37:57.084+0000] {dag.py:3096} INFO - Sync 1 DAGs
[2024-06-27T14:37:57.117+0000] {logging_mixin.py:188} INFO - [2024-06-27T14:37:57.117+0000] {dag.py:3954} INFO - Setting next_dagrun for example_dynamic_task_mapping_with_no_taskflow_operators to 2024-06-26 00:00:00+00:00, run_after=2024-06-27 00:00:00+00:00
[2024-06-27T14:37:57.149+0000] {processor.py:183} INFO - Processing /home/airflow/.local/lib/python3.12/site-packages/airflow/example_dags/example_dynamic_task_mapping_with_no_taskflow_operators.py took 0.116 seconds
[2024-06-27T14:38:27.516+0000] {processor.py:161} INFO - Started process (PID=269) to work on /home/airflow/.local/lib/python3.12/site-packages/airflow/example_dags/example_dynamic_task_mapping_with_no_taskflow_operators.py
[2024-06-27T14:38:27.517+0000] {processor.py:830} INFO - Processing file /home/airflow/.local/lib/python3.12/site-packages/airflow/example_dags/example_dynamic_task_mapping_with_no_taskflow_operators.py for tasks to queue
[2024-06-27T14:38:27.519+0000] {logging_mixin.py:188} INFO - [2024-06-27T14:38:27.519+0000] {dagbag.py:545} INFO - Filling up the DagBag from /home/airflow/.local/lib/python3.12/site-packages/airflow/example_dags/example_dynamic_task_mapping_with_no_taskflow_operators.py
[2024-06-27T14:38:27.526+0000] {processor.py:840} INFO - DAG(s) 'example_dynamic_task_mapping_with_no_taskflow_operators' retrieved from /home/airflow/.local/lib/python3.12/site-packages/airflow/example_dags/example_dynamic_task_mapping_with_no_taskflow_operators.py
[2024-06-27T14:38:27.551+0000] {logging_mixin.py:188} INFO - [2024-06-27T14:38:27.551+0000] {dag.py:3096} INFO - Sync 1 DAGs
[2024-06-27T14:38:27.576+0000] {logging_mixin.py:188} INFO - [2024-06-27T14:38:27.576+0000] {dag.py:3954} INFO - Setting next_dagrun for example_dynamic_task_mapping_with_no_taskflow_operators to 2024-06-26 00:00:00+00:00, run_after=2024-06-27 00:00:00+00:00
[2024-06-27T14:38:27.603+0000] {processor.py:183} INFO - Processing /home/airflow/.local/lib/python3.12/site-packages/airflow/example_dags/example_dynamic_task_mapping_with_no_taskflow_operators.py took 0.095 seconds
[2024-06-27T14:39:39.937+0000] {processor.py:161} INFO - Started process (PID=33) to work on /home/airflow/.local/lib/python3.12/site-packages/airflow/example_dags/example_dynamic_task_mapping_with_no_taskflow_operators.py
[2024-06-27T14:39:39.940+0000] {processor.py:830} INFO - Processing file /home/airflow/.local/lib/python3.12/site-packages/airflow/example_dags/example_dynamic_task_mapping_with_no_taskflow_operators.py for tasks to queue
[2024-06-27T14:39:39.944+0000] {logging_mixin.py:188} INFO - [2024-06-27T14:39:39.943+0000] {dagbag.py:545} INFO - Filling up the DagBag from /home/airflow/.local/lib/python3.12/site-packages/airflow/example_dags/example_dynamic_task_mapping_with_no_taskflow_operators.py
[2024-06-27T14:39:39.961+0000] {processor.py:840} INFO - DAG(s) 'example_dynamic_task_mapping_with_no_taskflow_operators' retrieved from /home/airflow/.local/lib/python3.12/site-packages/airflow/example_dags/example_dynamic_task_mapping_with_no_taskflow_operators.py
[2024-06-27T14:39:40.179+0000] {logging_mixin.py:188} INFO - [2024-06-27T14:39:40.179+0000] {dag.py:3096} INFO - Sync 1 DAGs
[2024-06-27T14:39:40.213+0000] {logging_mixin.py:188} INFO - [2024-06-27T14:39:40.212+0000] {dag.py:3954} INFO - Setting next_dagrun for example_dynamic_task_mapping_with_no_taskflow_operators to 2024-06-26 00:00:00+00:00, run_after=2024-06-27 00:00:00+00:00
[2024-06-27T14:39:40.257+0000] {processor.py:183} INFO - Processing /home/airflow/.local/lib/python3.12/site-packages/airflow/example_dags/example_dynamic_task_mapping_with_no_taskflow_operators.py took 0.329 seconds
[2024-06-27T14:40:10.662+0000] {processor.py:161} INFO - Started process (PID=92) to work on /home/airflow/.local/lib/python3.12/site-packages/airflow/example_dags/example_dynamic_task_mapping_with_no_taskflow_operators.py
[2024-06-27T14:40:10.663+0000] {processor.py:830} INFO - Processing file /home/airflow/.local/lib/python3.12/site-packages/airflow/example_dags/example_dynamic_task_mapping_with_no_taskflow_operators.py for tasks to queue
[2024-06-27T14:40:10.666+0000] {logging_mixin.py:188} INFO - [2024-06-27T14:40:10.666+0000] {dagbag.py:545} INFO - Filling up the DagBag from /home/airflow/.local/lib/python3.12/site-packages/airflow/example_dags/example_dynamic_task_mapping_with_no_taskflow_operators.py
[2024-06-27T14:40:10.676+0000] {processor.py:840} INFO - DAG(s) 'example_dynamic_task_mapping_with_no_taskflow_operators' retrieved from /home/airflow/.local/lib/python3.12/site-packages/airflow/example_dags/example_dynamic_task_mapping_with_no_taskflow_operators.py
[2024-06-27T14:40:10.702+0000] {logging_mixin.py:188} INFO - [2024-06-27T14:40:10.702+0000] {dag.py:3096} INFO - Sync 1 DAGs
[2024-06-27T14:40:10.732+0000] {logging_mixin.py:188} INFO - [2024-06-27T14:40:10.731+0000] {dag.py:3954} INFO - Setting next_dagrun for example_dynamic_task_mapping_with_no_taskflow_operators to 2024-06-26 00:00:00+00:00, run_after=2024-06-27 00:00:00+00:00
[2024-06-27T14:40:10.758+0000] {processor.py:183} INFO - Processing /home/airflow/.local/lib/python3.12/site-packages/airflow/example_dags/example_dynamic_task_mapping_with_no_taskflow_operators.py took 0.105 seconds
[2024-06-27T14:40:40.973+0000] {processor.py:161} INFO - Started process (PID=151) to work on /home/airflow/.local/lib/python3.12/site-packages/airflow/example_dags/example_dynamic_task_mapping_with_no_taskflow_operators.py
[2024-06-27T14:40:40.974+0000] {processor.py:830} INFO - Processing file /home/airflow/.local/lib/python3.12/site-packages/airflow/example_dags/example_dynamic_task_mapping_with_no_taskflow_operators.py for tasks to queue
[2024-06-27T14:40:40.978+0000] {logging_mixin.py:188} INFO - [2024-06-27T14:40:40.977+0000] {dagbag.py:545} INFO - Filling up the DagBag from /home/airflow/.local/lib/python3.12/site-packages/airflow/example_dags/example_dynamic_task_mapping_with_no_taskflow_operators.py
[2024-06-27T14:40:40.986+0000] {processor.py:840} INFO - DAG(s) 'example_dynamic_task_mapping_with_no_taskflow_operators' retrieved from /home/airflow/.local/lib/python3.12/site-packages/airflow/example_dags/example_dynamic_task_mapping_with_no_taskflow_operators.py
[2024-06-27T14:40:41.015+0000] {logging_mixin.py:188} INFO - [2024-06-27T14:40:41.014+0000] {dag.py:3096} INFO - Sync 1 DAGs
[2024-06-27T14:40:41.045+0000] {logging_mixin.py:188} INFO - [2024-06-27T14:40:41.044+0000] {dag.py:3954} INFO - Setting next_dagrun for example_dynamic_task_mapping_with_no_taskflow_operators to 2024-06-26 00:00:00+00:00, run_after=2024-06-27 00:00:00+00:00
[2024-06-27T14:40:41.072+0000] {processor.py:183} INFO - Processing /home/airflow/.local/lib/python3.12/site-packages/airflow/example_dags/example_dynamic_task_mapping_with_no_taskflow_operators.py took 0.106 seconds
[2024-06-27T14:41:11.361+0000] {processor.py:161} INFO - Started process (PID=210) to work on /home/airflow/.local/lib/python3.12/site-packages/airflow/example_dags/example_dynamic_task_mapping_with_no_taskflow_operators.py
[2024-06-27T14:41:11.362+0000] {processor.py:830} INFO - Processing file /home/airflow/.local/lib/python3.12/site-packages/airflow/example_dags/example_dynamic_task_mapping_with_no_taskflow_operators.py for tasks to queue
[2024-06-27T14:41:11.367+0000] {logging_mixin.py:188} INFO - [2024-06-27T14:41:11.367+0000] {dagbag.py:545} INFO - Filling up the DagBag from /home/airflow/.local/lib/python3.12/site-packages/airflow/example_dags/example_dynamic_task_mapping_with_no_taskflow_operators.py
[2024-06-27T14:41:11.375+0000] {processor.py:840} INFO - DAG(s) 'example_dynamic_task_mapping_with_no_taskflow_operators' retrieved from /home/airflow/.local/lib/python3.12/site-packages/airflow/example_dags/example_dynamic_task_mapping_with_no_taskflow_operators.py
[2024-06-27T14:41:11.400+0000] {logging_mixin.py:188} INFO - [2024-06-27T14:41:11.400+0000] {dag.py:3096} INFO - Sync 1 DAGs
[2024-06-27T14:41:11.432+0000] {logging_mixin.py:188} INFO - [2024-06-27T14:41:11.431+0000] {dag.py:3954} INFO - Setting next_dagrun for example_dynamic_task_mapping_with_no_taskflow_operators to 2024-06-26 00:00:00+00:00, run_after=2024-06-27 00:00:00+00:00
[2024-06-27T14:41:11.459+0000] {processor.py:183} INFO - Processing /home/airflow/.local/lib/python3.12/site-packages/airflow/example_dags/example_dynamic_task_mapping_with_no_taskflow_operators.py took 0.106 seconds
[2024-06-27T14:41:41.533+0000] {processor.py:161} INFO - Started process (PID=269) to work on /home/airflow/.local/lib/python3.12/site-packages/airflow/example_dags/example_dynamic_task_mapping_with_no_taskflow_operators.py
[2024-06-27T14:41:41.534+0000] {processor.py:830} INFO - Processing file /home/airflow/.local/lib/python3.12/site-packages/airflow/example_dags/example_dynamic_task_mapping_with_no_taskflow_operators.py for tasks to queue
[2024-06-27T14:41:41.537+0000] {logging_mixin.py:188} INFO - [2024-06-27T14:41:41.537+0000] {dagbag.py:545} INFO - Filling up the DagBag from /home/airflow/.local/lib/python3.12/site-packages/airflow/example_dags/example_dynamic_task_mapping_with_no_taskflow_operators.py
[2024-06-27T14:41:41.547+0000] {processor.py:840} INFO - DAG(s) 'example_dynamic_task_mapping_with_no_taskflow_operators' retrieved from /home/airflow/.local/lib/python3.12/site-packages/airflow/example_dags/example_dynamic_task_mapping_with_no_taskflow_operators.py
[2024-06-27T14:41:41.580+0000] {logging_mixin.py:188} INFO - [2024-06-27T14:41:41.579+0000] {dag.py:3096} INFO - Sync 1 DAGs
[2024-06-27T14:41:41.612+0000] {logging_mixin.py:188} INFO - [2024-06-27T14:41:41.612+0000] {dag.py:3954} INFO - Setting next_dagrun for example_dynamic_task_mapping_with_no_taskflow_operators to 2024-06-26 00:00:00+00:00, run_after=2024-06-27 00:00:00+00:00
[2024-06-27T14:41:41.642+0000] {processor.py:183} INFO - Processing /home/airflow/.local/lib/python3.12/site-packages/airflow/example_dags/example_dynamic_task_mapping_with_no_taskflow_operators.py took 0.117 seconds
[2024-06-27T14:42:12.018+0000] {processor.py:161} INFO - Started process (PID=328) to work on /home/airflow/.local/lib/python3.12/site-packages/airflow/example_dags/example_dynamic_task_mapping_with_no_taskflow_operators.py
[2024-06-27T14:42:12.020+0000] {processor.py:830} INFO - Processing file /home/airflow/.local/lib/python3.12/site-packages/airflow/example_dags/example_dynamic_task_mapping_with_no_taskflow_operators.py for tasks to queue
[2024-06-27T14:42:12.023+0000] {logging_mixin.py:188} INFO - [2024-06-27T14:42:12.023+0000] {dagbag.py:545} INFO - Filling up the DagBag from /home/airflow/.local/lib/python3.12/site-packages/airflow/example_dags/example_dynamic_task_mapping_with_no_taskflow_operators.py
[2024-06-27T14:42:12.033+0000] {processor.py:840} INFO - DAG(s) 'example_dynamic_task_mapping_with_no_taskflow_operators' retrieved from /home/airflow/.local/lib/python3.12/site-packages/airflow/example_dags/example_dynamic_task_mapping_with_no_taskflow_operators.py
[2024-06-27T14:42:12.062+0000] {logging_mixin.py:188} INFO - [2024-06-27T14:42:12.061+0000] {dag.py:3096} INFO - Sync 1 DAGs
[2024-06-27T14:42:12.094+0000] {logging_mixin.py:188} INFO - [2024-06-27T14:42:12.093+0000] {dag.py:3954} INFO - Setting next_dagrun for example_dynamic_task_mapping_with_no_taskflow_operators to 2024-06-26 00:00:00+00:00, run_after=2024-06-27 00:00:00+00:00
[2024-06-27T14:42:12.121+0000] {processor.py:183} INFO - Processing /home/airflow/.local/lib/python3.12/site-packages/airflow/example_dags/example_dynamic_task_mapping_with_no_taskflow_operators.py took 0.110 seconds
[2024-06-27T14:42:42.436+0000] {processor.py:161} INFO - Started process (PID=387) to work on /home/airflow/.local/lib/python3.12/site-packages/airflow/example_dags/example_dynamic_task_mapping_with_no_taskflow_operators.py
[2024-06-27T14:42:42.440+0000] {processor.py:830} INFO - Processing file /home/airflow/.local/lib/python3.12/site-packages/airflow/example_dags/example_dynamic_task_mapping_with_no_taskflow_operators.py for tasks to queue
[2024-06-27T14:42:42.451+0000] {logging_mixin.py:188} INFO - [2024-06-27T14:42:42.450+0000] {dagbag.py:545} INFO - Filling up the DagBag from /home/airflow/.local/lib/python3.12/site-packages/airflow/example_dags/example_dynamic_task_mapping_with_no_taskflow_operators.py
[2024-06-27T14:42:42.473+0000] {processor.py:840} INFO - DAG(s) 'example_dynamic_task_mapping_with_no_taskflow_operators' retrieved from /home/airflow/.local/lib/python3.12/site-packages/airflow/example_dags/example_dynamic_task_mapping_with_no_taskflow_operators.py
[2024-06-27T14:42:42.526+0000] {logging_mixin.py:188} INFO - [2024-06-27T14:42:42.526+0000] {dag.py:3096} INFO - Sync 1 DAGs
[2024-06-27T14:42:42.638+0000] {logging_mixin.py:188} INFO - [2024-06-27T14:42:42.637+0000] {dag.py:3954} INFO - Setting next_dagrun for example_dynamic_task_mapping_with_no_taskflow_operators to 2024-06-26 00:00:00+00:00, run_after=2024-06-27 00:00:00+00:00
[2024-06-27T14:42:42.703+0000] {processor.py:183} INFO - Processing /home/airflow/.local/lib/python3.12/site-packages/airflow/example_dags/example_dynamic_task_mapping_with_no_taskflow_operators.py took 0.285 seconds
[2024-06-27T14:43:55.131+0000] {processor.py:161} INFO - Started process (PID=33) to work on /home/airflow/.local/lib/python3.12/site-packages/airflow/example_dags/example_dynamic_task_mapping_with_no_taskflow_operators.py
[2024-06-27T14:43:55.134+0000] {processor.py:830} INFO - Processing file /home/airflow/.local/lib/python3.12/site-packages/airflow/example_dags/example_dynamic_task_mapping_with_no_taskflow_operators.py for tasks to queue
[2024-06-27T14:43:55.138+0000] {logging_mixin.py:188} INFO - [2024-06-27T14:43:55.138+0000] {dagbag.py:545} INFO - Filling up the DagBag from /home/airflow/.local/lib/python3.12/site-packages/airflow/example_dags/example_dynamic_task_mapping_with_no_taskflow_operators.py
[2024-06-27T14:43:55.164+0000] {processor.py:840} INFO - DAG(s) 'example_dynamic_task_mapping_with_no_taskflow_operators' retrieved from /home/airflow/.local/lib/python3.12/site-packages/airflow/example_dags/example_dynamic_task_mapping_with_no_taskflow_operators.py
[2024-06-27T14:43:55.355+0000] {logging_mixin.py:188} INFO - [2024-06-27T14:43:55.354+0000] {dag.py:3096} INFO - Sync 1 DAGs
[2024-06-27T14:43:55.386+0000] {logging_mixin.py:188} INFO - [2024-06-27T14:43:55.386+0000] {dag.py:3954} INFO - Setting next_dagrun for example_dynamic_task_mapping_with_no_taskflow_operators to 2024-06-26 00:00:00+00:00, run_after=2024-06-27 00:00:00+00:00
[2024-06-27T14:43:55.421+0000] {processor.py:183} INFO - Processing /home/airflow/.local/lib/python3.12/site-packages/airflow/example_dags/example_dynamic_task_mapping_with_no_taskflow_operators.py took 0.302 seconds
[2024-06-27T14:44:22.117+0000] {processor.py:161} INFO - Started process (PID=33) to work on /home/airflow/.local/lib/python3.12/site-packages/airflow/example_dags/example_dynamic_task_mapping_with_no_taskflow_operators.py
[2024-06-27T14:44:22.120+0000] {processor.py:830} INFO - Processing file /home/airflow/.local/lib/python3.12/site-packages/airflow/example_dags/example_dynamic_task_mapping_with_no_taskflow_operators.py for tasks to queue
[2024-06-27T14:44:22.125+0000] {logging_mixin.py:188} INFO - [2024-06-27T14:44:22.124+0000] {dagbag.py:545} INFO - Filling up the DagBag from /home/airflow/.local/lib/python3.12/site-packages/airflow/example_dags/example_dynamic_task_mapping_with_no_taskflow_operators.py
[2024-06-27T14:44:22.147+0000] {processor.py:840} INFO - DAG(s) 'example_dynamic_task_mapping_with_no_taskflow_operators' retrieved from /home/airflow/.local/lib/python3.12/site-packages/airflow/example_dags/example_dynamic_task_mapping_with_no_taskflow_operators.py
[2024-06-27T14:44:22.183+0000] {logging_mixin.py:188} INFO - [2024-06-27T14:44:22.182+0000] {dag.py:3096} INFO - Sync 1 DAGs
[2024-06-27T14:44:22.256+0000] {logging_mixin.py:188} INFO - [2024-06-27T14:44:22.255+0000] {dag.py:3954} INFO - Setting next_dagrun for example_dynamic_task_mapping_with_no_taskflow_operators to 2024-06-26 00:00:00+00:00, run_after=2024-06-27 00:00:00+00:00
[2024-06-27T14:44:22.317+0000] {processor.py:183} INFO - Processing /home/airflow/.local/lib/python3.12/site-packages/airflow/example_dags/example_dynamic_task_mapping_with_no_taskflow_operators.py took 0.214 seconds
[2024-06-27T14:44:52.834+0000] {processor.py:161} INFO - Started process (PID=92) to work on /home/airflow/.local/lib/python3.12/site-packages/airflow/example_dags/example_dynamic_task_mapping_with_no_taskflow_operators.py
[2024-06-27T14:44:52.836+0000] {processor.py:830} INFO - Processing file /home/airflow/.local/lib/python3.12/site-packages/airflow/example_dags/example_dynamic_task_mapping_with_no_taskflow_operators.py for tasks to queue
[2024-06-27T14:44:52.839+0000] {logging_mixin.py:188} INFO - [2024-06-27T14:44:52.839+0000] {dagbag.py:545} INFO - Filling up the DagBag from /home/airflow/.local/lib/python3.12/site-packages/airflow/example_dags/example_dynamic_task_mapping_with_no_taskflow_operators.py
[2024-06-27T14:44:52.849+0000] {processor.py:840} INFO - DAG(s) 'example_dynamic_task_mapping_with_no_taskflow_operators' retrieved from /home/airflow/.local/lib/python3.12/site-packages/airflow/example_dags/example_dynamic_task_mapping_with_no_taskflow_operators.py
[2024-06-27T14:44:52.880+0000] {logging_mixin.py:188} INFO - [2024-06-27T14:44:52.880+0000] {dag.py:3096} INFO - Sync 1 DAGs
[2024-06-27T14:44:52.918+0000] {logging_mixin.py:188} INFO - [2024-06-27T14:44:52.917+0000] {dag.py:3954} INFO - Setting next_dagrun for example_dynamic_task_mapping_with_no_taskflow_operators to 2024-06-26 00:00:00+00:00, run_after=2024-06-27 00:00:00+00:00
[2024-06-27T14:44:52.963+0000] {processor.py:183} INFO - Processing /home/airflow/.local/lib/python3.12/site-packages/airflow/example_dags/example_dynamic_task_mapping_with_no_taskflow_operators.py took 0.137 seconds
[2024-06-27T14:45:23.094+0000] {processor.py:161} INFO - Started process (PID=151) to work on /home/airflow/.local/lib/python3.12/site-packages/airflow/example_dags/example_dynamic_task_mapping_with_no_taskflow_operators.py
[2024-06-27T14:45:23.096+0000] {processor.py:830} INFO - Processing file /home/airflow/.local/lib/python3.12/site-packages/airflow/example_dags/example_dynamic_task_mapping_with_no_taskflow_operators.py for tasks to queue
[2024-06-27T14:45:23.099+0000] {logging_mixin.py:188} INFO - [2024-06-27T14:45:23.098+0000] {dagbag.py:545} INFO - Filling up the DagBag from /home/airflow/.local/lib/python3.12/site-packages/airflow/example_dags/example_dynamic_task_mapping_with_no_taskflow_operators.py
[2024-06-27T14:45:23.108+0000] {processor.py:840} INFO - DAG(s) 'example_dynamic_task_mapping_with_no_taskflow_operators' retrieved from /home/airflow/.local/lib/python3.12/site-packages/airflow/example_dags/example_dynamic_task_mapping_with_no_taskflow_operators.py
[2024-06-27T14:45:23.135+0000] {logging_mixin.py:188} INFO - [2024-06-27T14:45:23.135+0000] {dag.py:3096} INFO - Sync 1 DAGs
[2024-06-27T14:45:23.167+0000] {logging_mixin.py:188} INFO - [2024-06-27T14:45:23.167+0000] {dag.py:3954} INFO - Setting next_dagrun for example_dynamic_task_mapping_with_no_taskflow_operators to 2024-06-26 00:00:00+00:00, run_after=2024-06-27 00:00:00+00:00
[2024-06-27T14:45:23.193+0000] {processor.py:183} INFO - Processing /home/airflow/.local/lib/python3.12/site-packages/airflow/example_dags/example_dynamic_task_mapping_with_no_taskflow_operators.py took 0.106 seconds
[2024-06-27T14:45:53.660+0000] {processor.py:161} INFO - Started process (PID=210) to work on /home/airflow/.local/lib/python3.12/site-packages/airflow/example_dags/example_dynamic_task_mapping_with_no_taskflow_operators.py
[2024-06-27T14:45:53.663+0000] {processor.py:830} INFO - Processing file /home/airflow/.local/lib/python3.12/site-packages/airflow/example_dags/example_dynamic_task_mapping_with_no_taskflow_operators.py for tasks to queue
[2024-06-27T14:45:53.668+0000] {logging_mixin.py:188} INFO - [2024-06-27T14:45:53.667+0000] {dagbag.py:545} INFO - Filling up the DagBag from /home/airflow/.local/lib/python3.12/site-packages/airflow/example_dags/example_dynamic_task_mapping_with_no_taskflow_operators.py
[2024-06-27T14:45:53.680+0000] {processor.py:840} INFO - DAG(s) 'example_dynamic_task_mapping_with_no_taskflow_operators' retrieved from /home/airflow/.local/lib/python3.12/site-packages/airflow/example_dags/example_dynamic_task_mapping_with_no_taskflow_operators.py
[2024-06-27T14:45:53.722+0000] {logging_mixin.py:188} INFO - [2024-06-27T14:45:53.722+0000] {dag.py:3096} INFO - Sync 1 DAGs
[2024-06-27T14:45:53.776+0000] {logging_mixin.py:188} INFO - [2024-06-27T14:45:53.775+0000] {dag.py:3954} INFO - Setting next_dagrun for example_dynamic_task_mapping_with_no_taskflow_operators to 2024-06-26 00:00:00+00:00, run_after=2024-06-27 00:00:00+00:00
[2024-06-27T14:45:53.816+0000] {processor.py:183} INFO - Processing /home/airflow/.local/lib/python3.12/site-packages/airflow/example_dags/example_dynamic_task_mapping_with_no_taskflow_operators.py took 0.165 seconds
[2024-06-27T14:46:23.843+0000] {processor.py:161} INFO - Started process (PID=269) to work on /home/airflow/.local/lib/python3.12/site-packages/airflow/example_dags/example_dynamic_task_mapping_with_no_taskflow_operators.py
[2024-06-27T14:46:23.845+0000] {processor.py:830} INFO - Processing file /home/airflow/.local/lib/python3.12/site-packages/airflow/example_dags/example_dynamic_task_mapping_with_no_taskflow_operators.py for tasks to queue
[2024-06-27T14:46:23.848+0000] {logging_mixin.py:188} INFO - [2024-06-27T14:46:23.847+0000] {dagbag.py:545} INFO - Filling up the DagBag from /home/airflow/.local/lib/python3.12/site-packages/airflow/example_dags/example_dynamic_task_mapping_with_no_taskflow_operators.py
[2024-06-27T14:46:23.856+0000] {processor.py:840} INFO - DAG(s) 'example_dynamic_task_mapping_with_no_taskflow_operators' retrieved from /home/airflow/.local/lib/python3.12/site-packages/airflow/example_dags/example_dynamic_task_mapping_with_no_taskflow_operators.py
[2024-06-27T14:46:23.887+0000] {logging_mixin.py:188} INFO - [2024-06-27T14:46:23.887+0000] {dag.py:3096} INFO - Sync 1 DAGs
[2024-06-27T14:46:23.929+0000] {logging_mixin.py:188} INFO - [2024-06-27T14:46:23.929+0000] {dag.py:3954} INFO - Setting next_dagrun for example_dynamic_task_mapping_with_no_taskflow_operators to 2024-06-26 00:00:00+00:00, run_after=2024-06-27 00:00:00+00:00
[2024-06-27T14:46:23.962+0000] {processor.py:183} INFO - Processing /home/airflow/.local/lib/python3.12/site-packages/airflow/example_dags/example_dynamic_task_mapping_with_no_taskflow_operators.py took 0.126 seconds
[2024-06-27T14:58:55.332+0000] {processor.py:161} INFO - Started process (PID=38) to work on /home/airflow/.local/lib/python3.12/site-packages/airflow/example_dags/example_dynamic_task_mapping_with_no_taskflow_operators.py
[2024-06-27T14:58:55.334+0000] {processor.py:830} INFO - Processing file /home/airflow/.local/lib/python3.12/site-packages/airflow/example_dags/example_dynamic_task_mapping_with_no_taskflow_operators.py for tasks to queue
[2024-06-27T14:58:55.340+0000] {logging_mixin.py:188} INFO - [2024-06-27T14:58:55.338+0000] {dagbag.py:545} INFO - Filling up the DagBag from /home/airflow/.local/lib/python3.12/site-packages/airflow/example_dags/example_dynamic_task_mapping_with_no_taskflow_operators.py
[2024-06-27T14:58:55.369+0000] {processor.py:840} INFO - DAG(s) 'example_dynamic_task_mapping_with_no_taskflow_operators' retrieved from /home/airflow/.local/lib/python3.12/site-packages/airflow/example_dags/example_dynamic_task_mapping_with_no_taskflow_operators.py
[2024-06-27T14:58:55.413+0000] {logging_mixin.py:188} INFO - [2024-06-27T14:58:55.413+0000] {dag.py:3096} INFO - Sync 1 DAGs
[2024-06-27T14:58:55.481+0000] {logging_mixin.py:188} INFO - [2024-06-27T14:58:55.481+0000] {dag.py:3954} INFO - Setting next_dagrun for example_dynamic_task_mapping_with_no_taskflow_operators to 2024-06-26 00:00:00+00:00, run_after=2024-06-27 00:00:00+00:00
[2024-06-27T14:58:55.527+0000] {processor.py:183} INFO - Processing /home/airflow/.local/lib/python3.12/site-packages/airflow/example_dags/example_dynamic_task_mapping_with_no_taskflow_operators.py took 0.209 seconds
[2024-06-27T14:59:26.586+0000] {processor.py:161} INFO - Started process (PID=97) to work on /home/airflow/.local/lib/python3.12/site-packages/airflow/example_dags/example_dynamic_task_mapping_with_no_taskflow_operators.py
[2024-06-27T14:59:26.588+0000] {processor.py:830} INFO - Processing file /home/airflow/.local/lib/python3.12/site-packages/airflow/example_dags/example_dynamic_task_mapping_with_no_taskflow_operators.py for tasks to queue
[2024-06-27T14:59:26.593+0000] {logging_mixin.py:188} INFO - [2024-06-27T14:59:26.592+0000] {dagbag.py:545} INFO - Filling up the DagBag from /home/airflow/.local/lib/python3.12/site-packages/airflow/example_dags/example_dynamic_task_mapping_with_no_taskflow_operators.py
[2024-06-27T14:59:26.603+0000] {processor.py:840} INFO - DAG(s) 'example_dynamic_task_mapping_with_no_taskflow_operators' retrieved from /home/airflow/.local/lib/python3.12/site-packages/airflow/example_dags/example_dynamic_task_mapping_with_no_taskflow_operators.py
[2024-06-27T14:59:26.798+0000] {logging_mixin.py:188} INFO - [2024-06-27T14:59:26.797+0000] {dag.py:3096} INFO - Sync 1 DAGs
[2024-06-27T14:59:26.833+0000] {logging_mixin.py:188} INFO - [2024-06-27T14:59:26.832+0000] {dag.py:3954} INFO - Setting next_dagrun for example_dynamic_task_mapping_with_no_taskflow_operators to 2024-06-26 00:00:00+00:00, run_after=2024-06-27 00:00:00+00:00
[2024-06-27T14:59:26.876+0000] {processor.py:183} INFO - Processing /home/airflow/.local/lib/python3.12/site-packages/airflow/example_dags/example_dynamic_task_mapping_with_no_taskflow_operators.py took 0.303 seconds
[2024-06-27T14:59:57.510+0000] {processor.py:161} INFO - Started process (PID=156) to work on /home/airflow/.local/lib/python3.12/site-packages/airflow/example_dags/example_dynamic_task_mapping_with_no_taskflow_operators.py
[2024-06-27T14:59:57.512+0000] {processor.py:830} INFO - Processing file /home/airflow/.local/lib/python3.12/site-packages/airflow/example_dags/example_dynamic_task_mapping_with_no_taskflow_operators.py for tasks to queue
[2024-06-27T14:59:57.515+0000] {logging_mixin.py:188} INFO - [2024-06-27T14:59:57.514+0000] {dagbag.py:545} INFO - Filling up the DagBag from /home/airflow/.local/lib/python3.12/site-packages/airflow/example_dags/example_dynamic_task_mapping_with_no_taskflow_operators.py
[2024-06-27T14:59:57.523+0000] {processor.py:840} INFO - DAG(s) 'example_dynamic_task_mapping_with_no_taskflow_operators' retrieved from /home/airflow/.local/lib/python3.12/site-packages/airflow/example_dags/example_dynamic_task_mapping_with_no_taskflow_operators.py
[2024-06-27T14:59:57.548+0000] {logging_mixin.py:188} INFO - [2024-06-27T14:59:57.547+0000] {dag.py:3096} INFO - Sync 1 DAGs
[2024-06-27T14:59:57.577+0000] {logging_mixin.py:188} INFO - [2024-06-27T14:59:57.577+0000] {dag.py:3954} INFO - Setting next_dagrun for example_dynamic_task_mapping_with_no_taskflow_operators to 2024-06-26 00:00:00+00:00, run_after=2024-06-27 00:00:00+00:00
[2024-06-27T14:59:57.605+0000] {processor.py:183} INFO - Processing /home/airflow/.local/lib/python3.12/site-packages/airflow/example_dags/example_dynamic_task_mapping_with_no_taskflow_operators.py took 0.103 seconds
[2024-06-27T15:00:28.253+0000] {processor.py:161} INFO - Started process (PID=215) to work on /home/airflow/.local/lib/python3.12/site-packages/airflow/example_dags/example_dynamic_task_mapping_with_no_taskflow_operators.py
[2024-06-27T15:00:28.254+0000] {processor.py:830} INFO - Processing file /home/airflow/.local/lib/python3.12/site-packages/airflow/example_dags/example_dynamic_task_mapping_with_no_taskflow_operators.py for tasks to queue
[2024-06-27T15:00:28.258+0000] {logging_mixin.py:188} INFO - [2024-06-27T15:00:28.257+0000] {dagbag.py:545} INFO - Filling up the DagBag from /home/airflow/.local/lib/python3.12/site-packages/airflow/example_dags/example_dynamic_task_mapping_with_no_taskflow_operators.py
[2024-06-27T15:00:28.268+0000] {processor.py:840} INFO - DAG(s) 'example_dynamic_task_mapping_with_no_taskflow_operators' retrieved from /home/airflow/.local/lib/python3.12/site-packages/airflow/example_dags/example_dynamic_task_mapping_with_no_taskflow_operators.py
[2024-06-27T15:00:28.310+0000] {logging_mixin.py:188} INFO - [2024-06-27T15:00:28.309+0000] {dag.py:3096} INFO - Sync 1 DAGs
[2024-06-27T15:00:28.356+0000] {logging_mixin.py:188} INFO - [2024-06-27T15:00:28.356+0000] {dag.py:3954} INFO - Setting next_dagrun for example_dynamic_task_mapping_with_no_taskflow_operators to 2024-06-26 00:00:00+00:00, run_after=2024-06-27 00:00:00+00:00
[2024-06-27T15:00:28.390+0000] {processor.py:183} INFO - Processing /home/airflow/.local/lib/python3.12/site-packages/airflow/example_dags/example_dynamic_task_mapping_with_no_taskflow_operators.py took 0.145 seconds
[2024-06-27T15:02:09.589+0000] {processor.py:161} INFO - Started process (PID=35) to work on /home/airflow/.local/lib/python3.12/site-packages/airflow/example_dags/example_dynamic_task_mapping_with_no_taskflow_operators.py
[2024-06-27T15:02:09.591+0000] {processor.py:830} INFO - Processing file /home/airflow/.local/lib/python3.12/site-packages/airflow/example_dags/example_dynamic_task_mapping_with_no_taskflow_operators.py for tasks to queue
[2024-06-27T15:02:09.595+0000] {logging_mixin.py:188} INFO - [2024-06-27T15:02:09.594+0000] {dagbag.py:545} INFO - Filling up the DagBag from /home/airflow/.local/lib/python3.12/site-packages/airflow/example_dags/example_dynamic_task_mapping_with_no_taskflow_operators.py
[2024-06-27T15:02:09.610+0000] {processor.py:840} INFO - DAG(s) 'example_dynamic_task_mapping_with_no_taskflow_operators' retrieved from /home/airflow/.local/lib/python3.12/site-packages/airflow/example_dags/example_dynamic_task_mapping_with_no_taskflow_operators.py
[2024-06-27T15:02:09.803+0000] {logging_mixin.py:188} INFO - [2024-06-27T15:02:09.802+0000] {dag.py:3096} INFO - Sync 1 DAGs
[2024-06-27T15:02:09.837+0000] {logging_mixin.py:188} INFO - [2024-06-27T15:02:09.836+0000] {dag.py:3954} INFO - Setting next_dagrun for example_dynamic_task_mapping_with_no_taskflow_operators to 2024-06-26 00:00:00+00:00, run_after=2024-06-27 00:00:00+00:00
[2024-06-27T15:02:09.876+0000] {processor.py:183} INFO - Processing /home/airflow/.local/lib/python3.12/site-packages/airflow/example_dags/example_dynamic_task_mapping_with_no_taskflow_operators.py took 0.296 seconds
[2024-06-27T15:02:40.750+0000] {processor.py:161} INFO - Started process (PID=101) to work on /home/airflow/.local/lib/python3.12/site-packages/airflow/example_dags/example_dynamic_task_mapping_with_no_taskflow_operators.py
[2024-06-27T15:02:40.752+0000] {processor.py:830} INFO - Processing file /home/airflow/.local/lib/python3.12/site-packages/airflow/example_dags/example_dynamic_task_mapping_with_no_taskflow_operators.py for tasks to queue
[2024-06-27T15:02:40.755+0000] {logging_mixin.py:188} INFO - [2024-06-27T15:02:40.755+0000] {dagbag.py:545} INFO - Filling up the DagBag from /home/airflow/.local/lib/python3.12/site-packages/airflow/example_dags/example_dynamic_task_mapping_with_no_taskflow_operators.py
[2024-06-27T15:02:40.765+0000] {processor.py:840} INFO - DAG(s) 'example_dynamic_task_mapping_with_no_taskflow_operators' retrieved from /home/airflow/.local/lib/python3.12/site-packages/airflow/example_dags/example_dynamic_task_mapping_with_no_taskflow_operators.py
[2024-06-27T15:02:40.795+0000] {logging_mixin.py:188} INFO - [2024-06-27T15:02:40.794+0000] {dag.py:3096} INFO - Sync 1 DAGs
[2024-06-27T15:02:40.823+0000] {logging_mixin.py:188} INFO - [2024-06-27T15:02:40.823+0000] {dag.py:3954} INFO - Setting next_dagrun for example_dynamic_task_mapping_with_no_taskflow_operators to 2024-06-26 00:00:00+00:00, run_after=2024-06-27 00:00:00+00:00
[2024-06-27T15:02:40.852+0000] {processor.py:183} INFO - Processing /home/airflow/.local/lib/python3.12/site-packages/airflow/example_dags/example_dynamic_task_mapping_with_no_taskflow_operators.py took 0.109 seconds
[2024-06-27T15:03:11.112+0000] {processor.py:161} INFO - Started process (PID=169) to work on /home/airflow/.local/lib/python3.12/site-packages/airflow/example_dags/example_dynamic_task_mapping_with_no_taskflow_operators.py
[2024-06-27T15:03:11.114+0000] {processor.py:830} INFO - Processing file /home/airflow/.local/lib/python3.12/site-packages/airflow/example_dags/example_dynamic_task_mapping_with_no_taskflow_operators.py for tasks to queue
[2024-06-27T15:03:11.117+0000] {logging_mixin.py:188} INFO - [2024-06-27T15:03:11.116+0000] {dagbag.py:545} INFO - Filling up the DagBag from /home/airflow/.local/lib/python3.12/site-packages/airflow/example_dags/example_dynamic_task_mapping_with_no_taskflow_operators.py
[2024-06-27T15:03:11.126+0000] {processor.py:840} INFO - DAG(s) 'example_dynamic_task_mapping_with_no_taskflow_operators' retrieved from /home/airflow/.local/lib/python3.12/site-packages/airflow/example_dags/example_dynamic_task_mapping_with_no_taskflow_operators.py
[2024-06-27T15:03:11.157+0000] {logging_mixin.py:188} INFO - [2024-06-27T15:03:11.156+0000] {dag.py:3096} INFO - Sync 1 DAGs
[2024-06-27T15:03:11.188+0000] {logging_mixin.py:188} INFO - [2024-06-27T15:03:11.187+0000] {dag.py:3954} INFO - Setting next_dagrun for example_dynamic_task_mapping_with_no_taskflow_operators to 2024-06-26 00:00:00+00:00, run_after=2024-06-27 00:00:00+00:00
[2024-06-27T15:03:11.218+0000] {processor.py:183} INFO - Processing /home/airflow/.local/lib/python3.12/site-packages/airflow/example_dags/example_dynamic_task_mapping_with_no_taskflow_operators.py took 0.113 seconds
[2024-06-27T15:03:42.151+0000] {processor.py:161} INFO - Started process (PID=243) to work on /home/airflow/.local/lib/python3.12/site-packages/airflow/example_dags/example_dynamic_task_mapping_with_no_taskflow_operators.py
[2024-06-27T15:03:42.152+0000] {processor.py:830} INFO - Processing file /home/airflow/.local/lib/python3.12/site-packages/airflow/example_dags/example_dynamic_task_mapping_with_no_taskflow_operators.py for tasks to queue
[2024-06-27T15:03:42.155+0000] {logging_mixin.py:188} INFO - [2024-06-27T15:03:42.155+0000] {dagbag.py:545} INFO - Filling up the DagBag from /home/airflow/.local/lib/python3.12/site-packages/airflow/example_dags/example_dynamic_task_mapping_with_no_taskflow_operators.py
[2024-06-27T15:03:42.166+0000] {processor.py:840} INFO - DAG(s) 'example_dynamic_task_mapping_with_no_taskflow_operators' retrieved from /home/airflow/.local/lib/python3.12/site-packages/airflow/example_dags/example_dynamic_task_mapping_with_no_taskflow_operators.py
[2024-06-27T15:03:42.197+0000] {logging_mixin.py:188} INFO - [2024-06-27T15:03:42.197+0000] {dag.py:3096} INFO - Sync 1 DAGs
[2024-06-27T15:03:42.230+0000] {logging_mixin.py:188} INFO - [2024-06-27T15:03:42.229+0000] {dag.py:3954} INFO - Setting next_dagrun for example_dynamic_task_mapping_with_no_taskflow_operators to 2024-06-26 00:00:00+00:00, run_after=2024-06-27 00:00:00+00:00
[2024-06-27T15:03:42.282+0000] {processor.py:183} INFO - Processing /home/airflow/.local/lib/python3.12/site-packages/airflow/example_dags/example_dynamic_task_mapping_with_no_taskflow_operators.py took 0.141 seconds
[2024-06-27T15:04:13.109+0000] {processor.py:161} INFO - Started process (PID=311) to work on /home/airflow/.local/lib/python3.12/site-packages/airflow/example_dags/example_dynamic_task_mapping_with_no_taskflow_operators.py
[2024-06-27T15:04:13.115+0000] {processor.py:830} INFO - Processing file /home/airflow/.local/lib/python3.12/site-packages/airflow/example_dags/example_dynamic_task_mapping_with_no_taskflow_operators.py for tasks to queue
[2024-06-27T15:04:13.124+0000] {logging_mixin.py:188} INFO - [2024-06-27T15:04:13.123+0000] {dagbag.py:545} INFO - Filling up the DagBag from /home/airflow/.local/lib/python3.12/site-packages/airflow/example_dags/example_dynamic_task_mapping_with_no_taskflow_operators.py
[2024-06-27T15:04:13.145+0000] {processor.py:840} INFO - DAG(s) 'example_dynamic_task_mapping_with_no_taskflow_operators' retrieved from /home/airflow/.local/lib/python3.12/site-packages/airflow/example_dags/example_dynamic_task_mapping_with_no_taskflow_operators.py
[2024-06-27T15:04:13.190+0000] {logging_mixin.py:188} INFO - [2024-06-27T15:04:13.190+0000] {dag.py:3096} INFO - Sync 1 DAGs
[2024-06-27T15:04:13.311+0000] {logging_mixin.py:188} INFO - [2024-06-27T15:04:13.310+0000] {dag.py:3954} INFO - Setting next_dagrun for example_dynamic_task_mapping_with_no_taskflow_operators to 2024-06-26 00:00:00+00:00, run_after=2024-06-27 00:00:00+00:00
[2024-06-27T15:04:13.359+0000] {processor.py:183} INFO - Processing /home/airflow/.local/lib/python3.12/site-packages/airflow/example_dags/example_dynamic_task_mapping_with_no_taskflow_operators.py took 0.272 seconds
[2024-06-27T15:04:43.832+0000] {processor.py:161} INFO - Started process (PID=396) to work on /home/airflow/.local/lib/python3.12/site-packages/airflow/example_dags/example_dynamic_task_mapping_with_no_taskflow_operators.py
[2024-06-27T15:04:43.844+0000] {processor.py:830} INFO - Processing file /home/airflow/.local/lib/python3.12/site-packages/airflow/example_dags/example_dynamic_task_mapping_with_no_taskflow_operators.py for tasks to queue
[2024-06-27T15:04:43.875+0000] {logging_mixin.py:188} INFO - [2024-06-27T15:04:43.871+0000] {dagbag.py:545} INFO - Filling up the DagBag from /home/airflow/.local/lib/python3.12/site-packages/airflow/example_dags/example_dynamic_task_mapping_with_no_taskflow_operators.py
[2024-06-27T15:04:43.927+0000] {processor.py:840} INFO - DAG(s) 'example_dynamic_task_mapping_with_no_taskflow_operators' retrieved from /home/airflow/.local/lib/python3.12/site-packages/airflow/example_dags/example_dynamic_task_mapping_with_no_taskflow_operators.py
[2024-06-27T15:04:44.257+0000] {logging_mixin.py:188} INFO - [2024-06-27T15:04:44.256+0000] {dag.py:3096} INFO - Sync 1 DAGs
[2024-06-27T15:04:44.460+0000] {logging_mixin.py:188} INFO - [2024-06-27T15:04:44.459+0000] {dag.py:3954} INFO - Setting next_dagrun for example_dynamic_task_mapping_with_no_taskflow_operators to 2024-06-26 00:00:00+00:00, run_after=2024-06-27 00:00:00+00:00
[2024-06-27T15:04:44.573+0000] {processor.py:183} INFO - Processing /home/airflow/.local/lib/python3.12/site-packages/airflow/example_dags/example_dynamic_task_mapping_with_no_taskflow_operators.py took 0.785 seconds
[2024-06-27T15:05:15.226+0000] {processor.py:161} INFO - Started process (PID=482) to work on /home/airflow/.local/lib/python3.12/site-packages/airflow/example_dags/example_dynamic_task_mapping_with_no_taskflow_operators.py
[2024-06-27T15:05:15.233+0000] {processor.py:830} INFO - Processing file /home/airflow/.local/lib/python3.12/site-packages/airflow/example_dags/example_dynamic_task_mapping_with_no_taskflow_operators.py for tasks to queue
[2024-06-27T15:05:15.249+0000] {logging_mixin.py:188} INFO - [2024-06-27T15:05:15.248+0000] {dagbag.py:545} INFO - Filling up the DagBag from /home/airflow/.local/lib/python3.12/site-packages/airflow/example_dags/example_dynamic_task_mapping_with_no_taskflow_operators.py
[2024-06-27T15:05:15.289+0000] {processor.py:840} INFO - DAG(s) 'example_dynamic_task_mapping_with_no_taskflow_operators' retrieved from /home/airflow/.local/lib/python3.12/site-packages/airflow/example_dags/example_dynamic_task_mapping_with_no_taskflow_operators.py
[2024-06-27T15:05:15.353+0000] {logging_mixin.py:188} INFO - [2024-06-27T15:05:15.352+0000] {dag.py:3096} INFO - Sync 1 DAGs
[2024-06-27T15:05:15.499+0000] {logging_mixin.py:188} INFO - [2024-06-27T15:05:15.498+0000] {dag.py:3954} INFO - Setting next_dagrun for example_dynamic_task_mapping_with_no_taskflow_operators to 2024-06-26 00:00:00+00:00, run_after=2024-06-27 00:00:00+00:00
[2024-06-27T15:05:15.593+0000] {processor.py:183} INFO - Processing /home/airflow/.local/lib/python3.12/site-packages/airflow/example_dags/example_dynamic_task_mapping_with_no_taskflow_operators.py took 0.395 seconds
[2024-06-27T15:05:45.874+0000] {processor.py:161} INFO - Started process (PID=563) to work on /home/airflow/.local/lib/python3.12/site-packages/airflow/example_dags/example_dynamic_task_mapping_with_no_taskflow_operators.py
[2024-06-27T15:05:45.876+0000] {processor.py:830} INFO - Processing file /home/airflow/.local/lib/python3.12/site-packages/airflow/example_dags/example_dynamic_task_mapping_with_no_taskflow_operators.py for tasks to queue
[2024-06-27T15:05:45.880+0000] {logging_mixin.py:188} INFO - [2024-06-27T15:05:45.879+0000] {dagbag.py:545} INFO - Filling up the DagBag from /home/airflow/.local/lib/python3.12/site-packages/airflow/example_dags/example_dynamic_task_mapping_with_no_taskflow_operators.py
[2024-06-27T15:05:45.897+0000] {processor.py:840} INFO - DAG(s) 'example_dynamic_task_mapping_with_no_taskflow_operators' retrieved from /home/airflow/.local/lib/python3.12/site-packages/airflow/example_dags/example_dynamic_task_mapping_with_no_taskflow_operators.py
[2024-06-27T15:05:45.962+0000] {logging_mixin.py:188} INFO - [2024-06-27T15:05:45.962+0000] {dag.py:3096} INFO - Sync 1 DAGs
[2024-06-27T15:05:46.018+0000] {logging_mixin.py:188} INFO - [2024-06-27T15:05:46.017+0000] {dag.py:3954} INFO - Setting next_dagrun for example_dynamic_task_mapping_with_no_taskflow_operators to 2024-06-26 00:00:00+00:00, run_after=2024-06-27 00:00:00+00:00
[2024-06-27T15:05:46.061+0000] {processor.py:183} INFO - Processing /home/airflow/.local/lib/python3.12/site-packages/airflow/example_dags/example_dynamic_task_mapping_with_no_taskflow_operators.py took 0.206 seconds
[2024-06-27T15:06:17.802+0000] {processor.py:161} INFO - Started process (PID=643) to work on /home/airflow/.local/lib/python3.12/site-packages/airflow/example_dags/example_dynamic_task_mapping_with_no_taskflow_operators.py
[2024-06-27T15:06:17.812+0000] {processor.py:830} INFO - Processing file /home/airflow/.local/lib/python3.12/site-packages/airflow/example_dags/example_dynamic_task_mapping_with_no_taskflow_operators.py for tasks to queue
[2024-06-27T15:06:17.839+0000] {logging_mixin.py:188} INFO - [2024-06-27T15:06:17.838+0000] {dagbag.py:545} INFO - Filling up the DagBag from /home/airflow/.local/lib/python3.12/site-packages/airflow/example_dags/example_dynamic_task_mapping_with_no_taskflow_operators.py
[2024-06-27T15:06:17.912+0000] {processor.py:840} INFO - DAG(s) 'example_dynamic_task_mapping_with_no_taskflow_operators' retrieved from /home/airflow/.local/lib/python3.12/site-packages/airflow/example_dags/example_dynamic_task_mapping_with_no_taskflow_operators.py
[2024-06-27T15:06:18.035+0000] {logging_mixin.py:188} INFO - [2024-06-27T15:06:18.034+0000] {dag.py:3096} INFO - Sync 1 DAGs
[2024-06-27T15:06:18.165+0000] {logging_mixin.py:188} INFO - [2024-06-27T15:06:18.165+0000] {dag.py:3954} INFO - Setting next_dagrun for example_dynamic_task_mapping_with_no_taskflow_operators to 2024-06-26 00:00:00+00:00, run_after=2024-06-27 00:00:00+00:00
[2024-06-27T15:06:18.252+0000] {processor.py:183} INFO - Processing /home/airflow/.local/lib/python3.12/site-packages/airflow/example_dags/example_dynamic_task_mapping_with_no_taskflow_operators.py took 0.482 seconds
[2024-06-27T15:06:51.142+0000] {processor.py:161} INFO - Started process (PID=723) to work on /home/airflow/.local/lib/python3.12/site-packages/airflow/example_dags/example_dynamic_task_mapping_with_no_taskflow_operators.py
[2024-06-27T15:06:51.160+0000] {processor.py:830} INFO - Processing file /home/airflow/.local/lib/python3.12/site-packages/airflow/example_dags/example_dynamic_task_mapping_with_no_taskflow_operators.py for tasks to queue
[2024-06-27T15:06:51.184+0000] {logging_mixin.py:188} INFO - [2024-06-27T15:06:51.181+0000] {dagbag.py:545} INFO - Filling up the DagBag from /home/airflow/.local/lib/python3.12/site-packages/airflow/example_dags/example_dynamic_task_mapping_with_no_taskflow_operators.py
[2024-06-27T15:06:51.267+0000] {processor.py:840} INFO - DAG(s) 'example_dynamic_task_mapping_with_no_taskflow_operators' retrieved from /home/airflow/.local/lib/python3.12/site-packages/airflow/example_dags/example_dynamic_task_mapping_with_no_taskflow_operators.py
[2024-06-27T15:06:51.495+0000] {logging_mixin.py:188} INFO - [2024-06-27T15:06:51.495+0000] {dag.py:3096} INFO - Sync 1 DAGs
[2024-06-27T15:06:51.716+0000] {logging_mixin.py:188} INFO - [2024-06-27T15:06:51.711+0000] {dag.py:3954} INFO - Setting next_dagrun for example_dynamic_task_mapping_with_no_taskflow_operators to 2024-06-26 00:00:00+00:00, run_after=2024-06-27 00:00:00+00:00
[2024-06-27T15:06:51.872+0000] {processor.py:183} INFO - Processing /home/airflow/.local/lib/python3.12/site-packages/airflow/example_dags/example_dynamic_task_mapping_with_no_taskflow_operators.py took 0.805 seconds
[2024-06-27T15:07:22.906+0000] {processor.py:161} INFO - Started process (PID=798) to work on /home/airflow/.local/lib/python3.12/site-packages/airflow/example_dags/example_dynamic_task_mapping_with_no_taskflow_operators.py
[2024-06-27T15:07:22.909+0000] {processor.py:830} INFO - Processing file /home/airflow/.local/lib/python3.12/site-packages/airflow/example_dags/example_dynamic_task_mapping_with_no_taskflow_operators.py for tasks to queue
[2024-06-27T15:07:22.916+0000] {logging_mixin.py:188} INFO - [2024-06-27T15:07:22.915+0000] {dagbag.py:545} INFO - Filling up the DagBag from /home/airflow/.local/lib/python3.12/site-packages/airflow/example_dags/example_dynamic_task_mapping_with_no_taskflow_operators.py
[2024-06-27T15:07:22.955+0000] {processor.py:840} INFO - DAG(s) 'example_dynamic_task_mapping_with_no_taskflow_operators' retrieved from /home/airflow/.local/lib/python3.12/site-packages/airflow/example_dags/example_dynamic_task_mapping_with_no_taskflow_operators.py
[2024-06-27T15:07:23.024+0000] {logging_mixin.py:188} INFO - [2024-06-27T15:07:23.024+0000] {dag.py:3096} INFO - Sync 1 DAGs
[2024-06-27T15:07:23.118+0000] {logging_mixin.py:188} INFO - [2024-06-27T15:07:23.118+0000] {dag.py:3954} INFO - Setting next_dagrun for example_dynamic_task_mapping_with_no_taskflow_operators to 2024-06-26 00:00:00+00:00, run_after=2024-06-27 00:00:00+00:00
[2024-06-27T15:07:23.197+0000] {processor.py:183} INFO - Processing /home/airflow/.local/lib/python3.12/site-packages/airflow/example_dags/example_dynamic_task_mapping_with_no_taskflow_operators.py took 0.314 seconds
[2024-06-27T15:07:57.517+0000] {processor.py:161} INFO - Started process (PID=884) to work on /home/airflow/.local/lib/python3.12/site-packages/airflow/example_dags/example_dynamic_task_mapping_with_no_taskflow_operators.py
[2024-06-27T15:07:57.546+0000] {processor.py:830} INFO - Processing file /home/airflow/.local/lib/python3.12/site-packages/airflow/example_dags/example_dynamic_task_mapping_with_no_taskflow_operators.py for tasks to queue
[2024-06-27T15:07:57.564+0000] {logging_mixin.py:188} INFO - [2024-06-27T15:07:57.562+0000] {dagbag.py:545} INFO - Filling up the DagBag from /home/airflow/.local/lib/python3.12/site-packages/airflow/example_dags/example_dynamic_task_mapping_with_no_taskflow_operators.py
[2024-06-27T15:07:57.606+0000] {processor.py:840} INFO - DAG(s) 'example_dynamic_task_mapping_with_no_taskflow_operators' retrieved from /home/airflow/.local/lib/python3.12/site-packages/airflow/example_dags/example_dynamic_task_mapping_with_no_taskflow_operators.py
[2024-06-27T15:07:58.009+0000] {logging_mixin.py:188} INFO - [2024-06-27T15:07:57.999+0000] {dag.py:3096} INFO - Sync 1 DAGs
[2024-06-27T15:07:58.717+0000] {logging_mixin.py:188} INFO - [2024-06-27T15:07:58.716+0000] {dag.py:3954} INFO - Setting next_dagrun for example_dynamic_task_mapping_with_no_taskflow_operators to 2024-06-26 00:00:00+00:00, run_after=2024-06-27 00:00:00+00:00
[2024-06-27T15:07:59.011+0000] {processor.py:183} INFO - Processing /home/airflow/.local/lib/python3.12/site-packages/airflow/example_dags/example_dynamic_task_mapping_with_no_taskflow_operators.py took 1.536 seconds
