[2024-06-27T14:36:44.013+0000] {processor.py:161} INFO - Started process (PID=72) to work on /home/airflow/.local/lib/python3.12/site-packages/airflow/example_dags/example_python_operator.py
[2024-06-27T14:36:44.015+0000] {processor.py:830} INFO - Processing file /home/airflow/.local/lib/python3.12/site-packages/airflow/example_dags/example_python_operator.py for tasks to queue
[2024-06-27T14:36:44.020+0000] {logging_mixin.py:188} INFO - [2024-06-27T14:36:44.019+0000] {dagbag.py:545} INFO - Filling up the DagBag from /home/airflow/.local/lib/python3.12/site-packages/airflow/example_dags/example_python_operator.py
[2024-06-27T14:36:44.046+0000] {processor.py:840} INFO - DAG(s) 'example_python_operator' retrieved from /home/airflow/.local/lib/python3.12/site-packages/airflow/example_dags/example_python_operator.py
[2024-06-27T14:36:44.269+0000] {logging_mixin.py:188} INFO - [2024-06-27T14:36:44.268+0000] {override.py:1829} INFO - Created Permission View: can edit on DAG:example_python_operator
[2024-06-27T14:36:44.299+0000] {logging_mixin.py:188} INFO - [2024-06-27T14:36:44.298+0000] {override.py:1829} INFO - Created Permission View: can delete on DAG:example_python_operator
[2024-06-27T14:36:44.317+0000] {logging_mixin.py:188} INFO - [2024-06-27T14:36:44.317+0000] {override.py:1829} INFO - Created Permission View: can read on DAG:example_python_operator
[2024-06-27T14:36:44.318+0000] {logging_mixin.py:188} INFO - [2024-06-27T14:36:44.318+0000] {dag.py:3096} INFO - Sync 1 DAGs
[2024-06-27T14:36:44.346+0000] {logging_mixin.py:188} INFO - [2024-06-27T14:36:44.346+0000] {dag.py:3118} INFO - Creating ORM DAG for example_python_operator
[2024-06-27T14:36:44.349+0000] {logging_mixin.py:188} INFO - [2024-06-27T14:36:44.349+0000] {dag.py:3954} INFO - Setting next_dagrun for example_python_operator to None, run_after=None
[2024-06-27T14:36:44.384+0000] {processor.py:183} INFO - Processing /home/airflow/.local/lib/python3.12/site-packages/airflow/example_dags/example_python_operator.py took 0.381 seconds
[2024-06-27T14:37:15.068+0000] {processor.py:161} INFO - Started process (PID=130) to work on /home/airflow/.local/lib/python3.12/site-packages/airflow/example_dags/example_python_operator.py
[2024-06-27T14:37:15.070+0000] {processor.py:830} INFO - Processing file /home/airflow/.local/lib/python3.12/site-packages/airflow/example_dags/example_python_operator.py for tasks to queue
[2024-06-27T14:37:15.073+0000] {logging_mixin.py:188} INFO - [2024-06-27T14:37:15.072+0000] {dagbag.py:545} INFO - Filling up the DagBag from /home/airflow/.local/lib/python3.12/site-packages/airflow/example_dags/example_python_operator.py
[2024-06-27T14:37:15.090+0000] {processor.py:840} INFO - DAG(s) 'example_python_operator' retrieved from /home/airflow/.local/lib/python3.12/site-packages/airflow/example_dags/example_python_operator.py
[2024-06-27T14:37:15.126+0000] {logging_mixin.py:188} INFO - [2024-06-27T14:37:15.125+0000] {dag.py:3096} INFO - Sync 1 DAGs
[2024-06-27T14:37:15.146+0000] {logging_mixin.py:188} INFO - [2024-06-27T14:37:15.146+0000] {dag.py:3954} INFO - Setting next_dagrun for example_python_operator to None, run_after=None
[2024-06-27T14:37:15.181+0000] {processor.py:183} INFO - Processing /home/airflow/.local/lib/python3.12/site-packages/airflow/example_dags/example_python_operator.py took 0.122 seconds
[2024-06-27T14:37:45.898+0000] {processor.py:161} INFO - Started process (PID=188) to work on /home/airflow/.local/lib/python3.12/site-packages/airflow/example_dags/example_python_operator.py
[2024-06-27T14:37:45.900+0000] {processor.py:830} INFO - Processing file /home/airflow/.local/lib/python3.12/site-packages/airflow/example_dags/example_python_operator.py for tasks to queue
[2024-06-27T14:37:45.903+0000] {logging_mixin.py:188} INFO - [2024-06-27T14:37:45.902+0000] {dagbag.py:545} INFO - Filling up the DagBag from /home/airflow/.local/lib/python3.12/site-packages/airflow/example_dags/example_python_operator.py
[2024-06-27T14:37:45.917+0000] {processor.py:840} INFO - DAG(s) 'example_python_operator' retrieved from /home/airflow/.local/lib/python3.12/site-packages/airflow/example_dags/example_python_operator.py
[2024-06-27T14:37:45.948+0000] {logging_mixin.py:188} INFO - [2024-06-27T14:37:45.947+0000] {dag.py:3096} INFO - Sync 1 DAGs
[2024-06-27T14:37:45.964+0000] {logging_mixin.py:188} INFO - [2024-06-27T14:37:45.964+0000] {dag.py:3954} INFO - Setting next_dagrun for example_python_operator to None, run_after=None
[2024-06-27T14:37:45.993+0000] {processor.py:183} INFO - Processing /home/airflow/.local/lib/python3.12/site-packages/airflow/example_dags/example_python_operator.py took 0.103 seconds
[2024-06-27T14:38:16.856+0000] {processor.py:161} INFO - Started process (PID=247) to work on /home/airflow/.local/lib/python3.12/site-packages/airflow/example_dags/example_python_operator.py
[2024-06-27T14:38:16.857+0000] {processor.py:830} INFO - Processing file /home/airflow/.local/lib/python3.12/site-packages/airflow/example_dags/example_python_operator.py for tasks to queue
[2024-06-27T14:38:16.860+0000] {logging_mixin.py:188} INFO - [2024-06-27T14:38:16.860+0000] {dagbag.py:545} INFO - Filling up the DagBag from /home/airflow/.local/lib/python3.12/site-packages/airflow/example_dags/example_python_operator.py
[2024-06-27T14:38:16.876+0000] {processor.py:840} INFO - DAG(s) 'example_python_operator' retrieved from /home/airflow/.local/lib/python3.12/site-packages/airflow/example_dags/example_python_operator.py
[2024-06-27T14:38:16.907+0000] {logging_mixin.py:188} INFO - [2024-06-27T14:38:16.907+0000] {dag.py:3096} INFO - Sync 1 DAGs
[2024-06-27T14:38:16.923+0000] {logging_mixin.py:188} INFO - [2024-06-27T14:38:16.923+0000] {dag.py:3954} INFO - Setting next_dagrun for example_python_operator to None, run_after=None
[2024-06-27T14:38:16.953+0000] {processor.py:183} INFO - Processing /home/airflow/.local/lib/python3.12/site-packages/airflow/example_dags/example_python_operator.py took 0.105 seconds
[2024-06-27T14:39:52.152+0000] {processor.py:161} INFO - Started process (PID=75) to work on /home/airflow/.local/lib/python3.12/site-packages/airflow/example_dags/example_python_operator.py
[2024-06-27T14:39:52.157+0000] {processor.py:830} INFO - Processing file /home/airflow/.local/lib/python3.12/site-packages/airflow/example_dags/example_python_operator.py for tasks to queue
[2024-06-27T14:39:52.165+0000] {logging_mixin.py:188} INFO - [2024-06-27T14:39:52.164+0000] {dagbag.py:545} INFO - Filling up the DagBag from /home/airflow/.local/lib/python3.12/site-packages/airflow/example_dags/example_python_operator.py
[2024-06-27T14:39:52.226+0000] {processor.py:840} INFO - DAG(s) 'example_python_operator' retrieved from /home/airflow/.local/lib/python3.12/site-packages/airflow/example_dags/example_python_operator.py
[2024-06-27T14:39:52.794+0000] {logging_mixin.py:188} INFO - [2024-06-27T14:39:52.793+0000] {dag.py:3096} INFO - Sync 1 DAGs
[2024-06-27T14:39:52.848+0000] {logging_mixin.py:188} INFO - [2024-06-27T14:39:52.848+0000] {dag.py:3954} INFO - Setting next_dagrun for example_python_operator to None, run_after=None
[2024-06-27T14:39:53.025+0000] {processor.py:183} INFO - Processing /home/airflow/.local/lib/python3.12/site-packages/airflow/example_dags/example_python_operator.py took 0.897 seconds
[2024-06-27T14:40:24.036+0000] {processor.py:161} INFO - Started process (PID=134) to work on /home/airflow/.local/lib/python3.12/site-packages/airflow/example_dags/example_python_operator.py
[2024-06-27T14:40:24.038+0000] {processor.py:830} INFO - Processing file /home/airflow/.local/lib/python3.12/site-packages/airflow/example_dags/example_python_operator.py for tasks to queue
[2024-06-27T14:40:24.040+0000] {logging_mixin.py:188} INFO - [2024-06-27T14:40:24.040+0000] {dagbag.py:545} INFO - Filling up the DagBag from /home/airflow/.local/lib/python3.12/site-packages/airflow/example_dags/example_python_operator.py
[2024-06-27T14:40:24.055+0000] {processor.py:840} INFO - DAG(s) 'example_python_operator' retrieved from /home/airflow/.local/lib/python3.12/site-packages/airflow/example_dags/example_python_operator.py
[2024-06-27T14:40:24.094+0000] {logging_mixin.py:188} INFO - [2024-06-27T14:40:24.094+0000] {dag.py:3096} INFO - Sync 1 DAGs
[2024-06-27T14:40:24.114+0000] {logging_mixin.py:188} INFO - [2024-06-27T14:40:24.114+0000] {dag.py:3954} INFO - Setting next_dagrun for example_python_operator to None, run_after=None
[2024-06-27T14:40:24.145+0000] {processor.py:183} INFO - Processing /home/airflow/.local/lib/python3.12/site-packages/airflow/example_dags/example_python_operator.py took 0.118 seconds
[2024-06-27T14:40:54.463+0000] {processor.py:161} INFO - Started process (PID=193) to work on /home/airflow/.local/lib/python3.12/site-packages/airflow/example_dags/example_python_operator.py
[2024-06-27T14:40:54.464+0000] {processor.py:830} INFO - Processing file /home/airflow/.local/lib/python3.12/site-packages/airflow/example_dags/example_python_operator.py for tasks to queue
[2024-06-27T14:40:54.467+0000] {logging_mixin.py:188} INFO - [2024-06-27T14:40:54.467+0000] {dagbag.py:545} INFO - Filling up the DagBag from /home/airflow/.local/lib/python3.12/site-packages/airflow/example_dags/example_python_operator.py
[2024-06-27T14:40:54.481+0000] {processor.py:840} INFO - DAG(s) 'example_python_operator' retrieved from /home/airflow/.local/lib/python3.12/site-packages/airflow/example_dags/example_python_operator.py
[2024-06-27T14:40:54.512+0000] {logging_mixin.py:188} INFO - [2024-06-27T14:40:54.512+0000] {dag.py:3096} INFO - Sync 1 DAGs
[2024-06-27T14:40:54.529+0000] {logging_mixin.py:188} INFO - [2024-06-27T14:40:54.529+0000] {dag.py:3954} INFO - Setting next_dagrun for example_python_operator to None, run_after=None
[2024-06-27T14:40:54.557+0000] {processor.py:183} INFO - Processing /home/airflow/.local/lib/python3.12/site-packages/airflow/example_dags/example_python_operator.py took 0.101 seconds
[2024-06-27T14:41:24.823+0000] {processor.py:161} INFO - Started process (PID=252) to work on /home/airflow/.local/lib/python3.12/site-packages/airflow/example_dags/example_python_operator.py
[2024-06-27T14:41:24.825+0000] {processor.py:830} INFO - Processing file /home/airflow/.local/lib/python3.12/site-packages/airflow/example_dags/example_python_operator.py for tasks to queue
[2024-06-27T14:41:24.828+0000] {logging_mixin.py:188} INFO - [2024-06-27T14:41:24.827+0000] {dagbag.py:545} INFO - Filling up the DagBag from /home/airflow/.local/lib/python3.12/site-packages/airflow/example_dags/example_python_operator.py
[2024-06-27T14:41:24.841+0000] {processor.py:840} INFO - DAG(s) 'example_python_operator' retrieved from /home/airflow/.local/lib/python3.12/site-packages/airflow/example_dags/example_python_operator.py
[2024-06-27T14:41:24.875+0000] {logging_mixin.py:188} INFO - [2024-06-27T14:41:24.874+0000] {dag.py:3096} INFO - Sync 1 DAGs
[2024-06-27T14:41:24.894+0000] {logging_mixin.py:188} INFO - [2024-06-27T14:41:24.894+0000] {dag.py:3954} INFO - Setting next_dagrun for example_python_operator to None, run_after=None
[2024-06-27T14:41:24.926+0000] {processor.py:183} INFO - Processing /home/airflow/.local/lib/python3.12/site-packages/airflow/example_dags/example_python_operator.py took 0.112 seconds
[2024-06-27T14:41:55.109+0000] {processor.py:161} INFO - Started process (PID=311) to work on /home/airflow/.local/lib/python3.12/site-packages/airflow/example_dags/example_python_operator.py
[2024-06-27T14:41:55.111+0000] {processor.py:830} INFO - Processing file /home/airflow/.local/lib/python3.12/site-packages/airflow/example_dags/example_python_operator.py for tasks to queue
[2024-06-27T14:41:55.114+0000] {logging_mixin.py:188} INFO - [2024-06-27T14:41:55.114+0000] {dagbag.py:545} INFO - Filling up the DagBag from /home/airflow/.local/lib/python3.12/site-packages/airflow/example_dags/example_python_operator.py
[2024-06-27T14:41:55.134+0000] {processor.py:840} INFO - DAG(s) 'example_python_operator' retrieved from /home/airflow/.local/lib/python3.12/site-packages/airflow/example_dags/example_python_operator.py
[2024-06-27T14:41:55.183+0000] {logging_mixin.py:188} INFO - [2024-06-27T14:41:55.183+0000] {dag.py:3096} INFO - Sync 1 DAGs
[2024-06-27T14:41:55.203+0000] {logging_mixin.py:188} INFO - [2024-06-27T14:41:55.203+0000] {dag.py:3954} INFO - Setting next_dagrun for example_python_operator to None, run_after=None
[2024-06-27T14:41:55.238+0000] {processor.py:183} INFO - Processing /home/airflow/.local/lib/python3.12/site-packages/airflow/example_dags/example_python_operator.py took 0.142 seconds
[2024-06-27T14:42:25.452+0000] {processor.py:161} INFO - Started process (PID=370) to work on /home/airflow/.local/lib/python3.12/site-packages/airflow/example_dags/example_python_operator.py
[2024-06-27T14:42:25.453+0000] {processor.py:830} INFO - Processing file /home/airflow/.local/lib/python3.12/site-packages/airflow/example_dags/example_python_operator.py for tasks to queue
[2024-06-27T14:42:25.456+0000] {logging_mixin.py:188} INFO - [2024-06-27T14:42:25.456+0000] {dagbag.py:545} INFO - Filling up the DagBag from /home/airflow/.local/lib/python3.12/site-packages/airflow/example_dags/example_python_operator.py
[2024-06-27T14:42:25.470+0000] {processor.py:840} INFO - DAG(s) 'example_python_operator' retrieved from /home/airflow/.local/lib/python3.12/site-packages/airflow/example_dags/example_python_operator.py
[2024-06-27T14:42:25.501+0000] {logging_mixin.py:188} INFO - [2024-06-27T14:42:25.501+0000] {dag.py:3096} INFO - Sync 1 DAGs
[2024-06-27T14:42:25.518+0000] {logging_mixin.py:188} INFO - [2024-06-27T14:42:25.518+0000] {dag.py:3954} INFO - Setting next_dagrun for example_python_operator to None, run_after=None
[2024-06-27T14:42:25.549+0000] {processor.py:183} INFO - Processing /home/airflow/.local/lib/python3.12/site-packages/airflow/example_dags/example_python_operator.py took 0.106 seconds
[2024-06-27T14:44:28.077+0000] {processor.py:161} INFO - Started process (PID=69) to work on /home/airflow/.local/lib/python3.12/site-packages/airflow/example_dags/example_python_operator.py
[2024-06-27T14:44:28.080+0000] {processor.py:830} INFO - Processing file /home/airflow/.local/lib/python3.12/site-packages/airflow/example_dags/example_python_operator.py for tasks to queue
[2024-06-27T14:44:28.086+0000] {logging_mixin.py:188} INFO - [2024-06-27T14:44:28.084+0000] {dagbag.py:545} INFO - Filling up the DagBag from /home/airflow/.local/lib/python3.12/site-packages/airflow/example_dags/example_python_operator.py
[2024-06-27T14:44:28.116+0000] {processor.py:840} INFO - DAG(s) 'example_python_operator' retrieved from /home/airflow/.local/lib/python3.12/site-packages/airflow/example_dags/example_python_operator.py
[2024-06-27T14:44:28.314+0000] {logging_mixin.py:188} INFO - [2024-06-27T14:44:28.313+0000] {dag.py:3096} INFO - Sync 1 DAGs
[2024-06-27T14:44:28.332+0000] {logging_mixin.py:188} INFO - [2024-06-27T14:44:28.331+0000] {dag.py:3954} INFO - Setting next_dagrun for example_python_operator to None, run_after=None
[2024-06-27T14:44:28.365+0000] {processor.py:183} INFO - Processing /home/airflow/.local/lib/python3.12/site-packages/airflow/example_dags/example_python_operator.py took 0.300 seconds
[2024-06-27T14:44:59.093+0000] {processor.py:161} INFO - Started process (PID=128) to work on /home/airflow/.local/lib/python3.12/site-packages/airflow/example_dags/example_python_operator.py
[2024-06-27T14:44:59.095+0000] {processor.py:830} INFO - Processing file /home/airflow/.local/lib/python3.12/site-packages/airflow/example_dags/example_python_operator.py for tasks to queue
[2024-06-27T14:44:59.098+0000] {logging_mixin.py:188} INFO - [2024-06-27T14:44:59.097+0000] {dagbag.py:545} INFO - Filling up the DagBag from /home/airflow/.local/lib/python3.12/site-packages/airflow/example_dags/example_python_operator.py
[2024-06-27T14:44:59.112+0000] {processor.py:840} INFO - DAG(s) 'example_python_operator' retrieved from /home/airflow/.local/lib/python3.12/site-packages/airflow/example_dags/example_python_operator.py
[2024-06-27T14:44:59.145+0000] {logging_mixin.py:188} INFO - [2024-06-27T14:44:59.145+0000] {dag.py:3096} INFO - Sync 1 DAGs
[2024-06-27T14:44:59.163+0000] {logging_mixin.py:188} INFO - [2024-06-27T14:44:59.163+0000] {dag.py:3954} INFO - Setting next_dagrun for example_python_operator to None, run_after=None
[2024-06-27T14:44:59.194+0000] {processor.py:183} INFO - Processing /home/airflow/.local/lib/python3.12/site-packages/airflow/example_dags/example_python_operator.py took 0.109 seconds
[2024-06-27T14:45:29.416+0000] {processor.py:161} INFO - Started process (PID=187) to work on /home/airflow/.local/lib/python3.12/site-packages/airflow/example_dags/example_python_operator.py
[2024-06-27T14:45:29.418+0000] {processor.py:830} INFO - Processing file /home/airflow/.local/lib/python3.12/site-packages/airflow/example_dags/example_python_operator.py for tasks to queue
[2024-06-27T14:45:29.421+0000] {logging_mixin.py:188} INFO - [2024-06-27T14:45:29.421+0000] {dagbag.py:545} INFO - Filling up the DagBag from /home/airflow/.local/lib/python3.12/site-packages/airflow/example_dags/example_python_operator.py
[2024-06-27T14:45:29.434+0000] {processor.py:840} INFO - DAG(s) 'example_python_operator' retrieved from /home/airflow/.local/lib/python3.12/site-packages/airflow/example_dags/example_python_operator.py
[2024-06-27T14:45:29.461+0000] {logging_mixin.py:188} INFO - [2024-06-27T14:45:29.461+0000] {dag.py:3096} INFO - Sync 1 DAGs
[2024-06-27T14:45:29.479+0000] {logging_mixin.py:188} INFO - [2024-06-27T14:45:29.478+0000] {dag.py:3954} INFO - Setting next_dagrun for example_python_operator to None, run_after=None
[2024-06-27T14:45:29.510+0000] {processor.py:183} INFO - Processing /home/airflow/.local/lib/python3.12/site-packages/airflow/example_dags/example_python_operator.py took 0.101 seconds
[2024-06-27T14:45:59.623+0000] {processor.py:161} INFO - Started process (PID=246) to work on /home/airflow/.local/lib/python3.12/site-packages/airflow/example_dags/example_python_operator.py
[2024-06-27T14:45:59.625+0000] {processor.py:830} INFO - Processing file /home/airflow/.local/lib/python3.12/site-packages/airflow/example_dags/example_python_operator.py for tasks to queue
[2024-06-27T14:45:59.627+0000] {logging_mixin.py:188} INFO - [2024-06-27T14:45:59.627+0000] {dagbag.py:545} INFO - Filling up the DagBag from /home/airflow/.local/lib/python3.12/site-packages/airflow/example_dags/example_python_operator.py
[2024-06-27T14:45:59.643+0000] {processor.py:840} INFO - DAG(s) 'example_python_operator' retrieved from /home/airflow/.local/lib/python3.12/site-packages/airflow/example_dags/example_python_operator.py
[2024-06-27T14:45:59.684+0000] {logging_mixin.py:188} INFO - [2024-06-27T14:45:59.684+0000] {dag.py:3096} INFO - Sync 1 DAGs
[2024-06-27T14:45:59.707+0000] {logging_mixin.py:188} INFO - [2024-06-27T14:45:59.707+0000] {dag.py:3954} INFO - Setting next_dagrun for example_python_operator to None, run_after=None
[2024-06-27T14:45:59.745+0000] {processor.py:183} INFO - Processing /home/airflow/.local/lib/python3.12/site-packages/airflow/example_dags/example_python_operator.py took 0.130 seconds
[2024-06-27T14:46:29.910+0000] {processor.py:161} INFO - Started process (PID=305) to work on /home/airflow/.local/lib/python3.12/site-packages/airflow/example_dags/example_python_operator.py
[2024-06-27T14:46:29.911+0000] {processor.py:830} INFO - Processing file /home/airflow/.local/lib/python3.12/site-packages/airflow/example_dags/example_python_operator.py for tasks to queue
[2024-06-27T14:46:29.913+0000] {logging_mixin.py:188} INFO - [2024-06-27T14:46:29.913+0000] {dagbag.py:545} INFO - Filling up the DagBag from /home/airflow/.local/lib/python3.12/site-packages/airflow/example_dags/example_python_operator.py
[2024-06-27T14:46:29.928+0000] {processor.py:840} INFO - DAG(s) 'example_python_operator' retrieved from /home/airflow/.local/lib/python3.12/site-packages/airflow/example_dags/example_python_operator.py
[2024-06-27T14:46:29.957+0000] {logging_mixin.py:188} INFO - [2024-06-27T14:46:29.957+0000] {dag.py:3096} INFO - Sync 1 DAGs
[2024-06-27T14:46:29.973+0000] {logging_mixin.py:188} INFO - [2024-06-27T14:46:29.973+0000] {dag.py:3954} INFO - Setting next_dagrun for example_python_operator to None, run_after=None
[2024-06-27T14:46:30.002+0000] {processor.py:183} INFO - Processing /home/airflow/.local/lib/python3.12/site-packages/airflow/example_dags/example_python_operator.py took 0.101 seconds
[2024-06-27T14:59:01.250+0000] {processor.py:161} INFO - Started process (PID=74) to work on /home/airflow/.local/lib/python3.12/site-packages/airflow/example_dags/example_python_operator.py
[2024-06-27T14:59:01.252+0000] {processor.py:830} INFO - Processing file /home/airflow/.local/lib/python3.12/site-packages/airflow/example_dags/example_python_operator.py for tasks to queue
[2024-06-27T14:59:01.260+0000] {logging_mixin.py:188} INFO - [2024-06-27T14:59:01.258+0000] {dagbag.py:545} INFO - Filling up the DagBag from /home/airflow/.local/lib/python3.12/site-packages/airflow/example_dags/example_python_operator.py
[2024-06-27T14:59:01.304+0000] {processor.py:840} INFO - DAG(s) 'example_python_operator' retrieved from /home/airflow/.local/lib/python3.12/site-packages/airflow/example_dags/example_python_operator.py
[2024-06-27T14:59:01.339+0000] {logging_mixin.py:188} INFO - [2024-06-27T14:59:01.339+0000] {dag.py:3096} INFO - Sync 1 DAGs
[2024-06-27T14:59:01.376+0000] {logging_mixin.py:188} INFO - [2024-06-27T14:59:01.375+0000] {dag.py:3954} INFO - Setting next_dagrun for example_python_operator to None, run_after=None
[2024-06-27T14:59:01.422+0000] {processor.py:183} INFO - Processing /home/airflow/.local/lib/python3.12/site-packages/airflow/example_dags/example_python_operator.py took 0.184 seconds
[2024-06-27T14:59:33.646+0000] {processor.py:161} INFO - Started process (PID=133) to work on /home/airflow/.local/lib/python3.12/site-packages/airflow/example_dags/example_python_operator.py
[2024-06-27T14:59:33.649+0000] {processor.py:830} INFO - Processing file /home/airflow/.local/lib/python3.12/site-packages/airflow/example_dags/example_python_operator.py for tasks to queue
[2024-06-27T14:59:33.652+0000] {logging_mixin.py:188} INFO - [2024-06-27T14:59:33.652+0000] {dagbag.py:545} INFO - Filling up the DagBag from /home/airflow/.local/lib/python3.12/site-packages/airflow/example_dags/example_python_operator.py
[2024-06-27T14:59:33.675+0000] {processor.py:840} INFO - DAG(s) 'example_python_operator' retrieved from /home/airflow/.local/lib/python3.12/site-packages/airflow/example_dags/example_python_operator.py
[2024-06-27T14:59:33.887+0000] {logging_mixin.py:188} INFO - [2024-06-27T14:59:33.887+0000] {dag.py:3096} INFO - Sync 1 DAGs
[2024-06-27T14:59:33.906+0000] {logging_mixin.py:188} INFO - [2024-06-27T14:59:33.905+0000] {dag.py:3954} INFO - Setting next_dagrun for example_python_operator to None, run_after=None
[2024-06-27T14:59:33.949+0000] {processor.py:183} INFO - Processing /home/airflow/.local/lib/python3.12/site-packages/airflow/example_dags/example_python_operator.py took 0.312 seconds
[2024-06-27T15:00:04.507+0000] {processor.py:161} INFO - Started process (PID=192) to work on /home/airflow/.local/lib/python3.12/site-packages/airflow/example_dags/example_python_operator.py
[2024-06-27T15:00:04.509+0000] {processor.py:830} INFO - Processing file /home/airflow/.local/lib/python3.12/site-packages/airflow/example_dags/example_python_operator.py for tasks to queue
[2024-06-27T15:00:04.511+0000] {logging_mixin.py:188} INFO - [2024-06-27T15:00:04.511+0000] {dagbag.py:545} INFO - Filling up the DagBag from /home/airflow/.local/lib/python3.12/site-packages/airflow/example_dags/example_python_operator.py
[2024-06-27T15:00:04.526+0000] {processor.py:840} INFO - DAG(s) 'example_python_operator' retrieved from /home/airflow/.local/lib/python3.12/site-packages/airflow/example_dags/example_python_operator.py
[2024-06-27T15:00:04.558+0000] {logging_mixin.py:188} INFO - [2024-06-27T15:00:04.558+0000] {dag.py:3096} INFO - Sync 1 DAGs
[2024-06-27T15:00:04.576+0000] {logging_mixin.py:188} INFO - [2024-06-27T15:00:04.575+0000] {dag.py:3954} INFO - Setting next_dagrun for example_python_operator to None, run_after=None
[2024-06-27T15:00:04.605+0000] {processor.py:183} INFO - Processing /home/airflow/.local/lib/python3.12/site-packages/airflow/example_dags/example_python_operator.py took 0.106 seconds
[2024-06-27T15:00:35.776+0000] {processor.py:161} INFO - Started process (PID=251) to work on /home/airflow/.local/lib/python3.12/site-packages/airflow/example_dags/example_python_operator.py
[2024-06-27T15:00:35.779+0000] {processor.py:830} INFO - Processing file /home/airflow/.local/lib/python3.12/site-packages/airflow/example_dags/example_python_operator.py for tasks to queue
[2024-06-27T15:00:35.783+0000] {logging_mixin.py:188} INFO - [2024-06-27T15:00:35.782+0000] {dagbag.py:545} INFO - Filling up the DagBag from /home/airflow/.local/lib/python3.12/site-packages/airflow/example_dags/example_python_operator.py
[2024-06-27T15:00:35.799+0000] {processor.py:840} INFO - DAG(s) 'example_python_operator' retrieved from /home/airflow/.local/lib/python3.12/site-packages/airflow/example_dags/example_python_operator.py
[2024-06-27T15:00:35.844+0000] {logging_mixin.py:188} INFO - [2024-06-27T15:00:35.843+0000] {dag.py:3096} INFO - Sync 1 DAGs
[2024-06-27T15:00:35.869+0000] {logging_mixin.py:188} INFO - [2024-06-27T15:00:35.868+0000] {dag.py:3954} INFO - Setting next_dagrun for example_python_operator to None, run_after=None
[2024-06-27T15:00:35.910+0000] {processor.py:183} INFO - Processing /home/airflow/.local/lib/python3.12/site-packages/airflow/example_dags/example_python_operator.py took 0.147 seconds
[2024-06-27T15:02:19.913+0000] {processor.py:161} INFO - Started process (PID=85) to work on /home/airflow/.local/lib/python3.12/site-packages/airflow/example_dags/example_python_operator.py
[2024-06-27T15:02:19.915+0000] {processor.py:830} INFO - Processing file /home/airflow/.local/lib/python3.12/site-packages/airflow/example_dags/example_python_operator.py for tasks to queue
[2024-06-27T15:02:19.919+0000] {logging_mixin.py:188} INFO - [2024-06-27T15:02:19.919+0000] {dagbag.py:545} INFO - Filling up the DagBag from /home/airflow/.local/lib/python3.12/site-packages/airflow/example_dags/example_python_operator.py
[2024-06-27T15:02:19.943+0000] {processor.py:840} INFO - DAG(s) 'example_python_operator' retrieved from /home/airflow/.local/lib/python3.12/site-packages/airflow/example_dags/example_python_operator.py
[2024-06-27T15:02:20.120+0000] {logging_mixin.py:188} INFO - [2024-06-27T15:02:20.120+0000] {dag.py:3096} INFO - Sync 1 DAGs
[2024-06-27T15:02:20.139+0000] {logging_mixin.py:188} INFO - [2024-06-27T15:02:20.138+0000] {dag.py:3954} INFO - Setting next_dagrun for example_python_operator to None, run_after=None
[2024-06-27T15:02:20.171+0000] {processor.py:183} INFO - Processing /home/airflow/.local/lib/python3.12/site-packages/airflow/example_dags/example_python_operator.py took 0.267 seconds
[2024-06-27T15:02:50.942+0000] {processor.py:161} INFO - Started process (PID=153) to work on /home/airflow/.local/lib/python3.12/site-packages/airflow/example_dags/example_python_operator.py
[2024-06-27T15:02:50.945+0000] {processor.py:830} INFO - Processing file /home/airflow/.local/lib/python3.12/site-packages/airflow/example_dags/example_python_operator.py for tasks to queue
[2024-06-27T15:02:50.949+0000] {logging_mixin.py:188} INFO - [2024-06-27T15:02:50.948+0000] {dagbag.py:545} INFO - Filling up the DagBag from /home/airflow/.local/lib/python3.12/site-packages/airflow/example_dags/example_python_operator.py
[2024-06-27T15:02:50.972+0000] {processor.py:840} INFO - DAG(s) 'example_python_operator' retrieved from /home/airflow/.local/lib/python3.12/site-packages/airflow/example_dags/example_python_operator.py
[2024-06-27T15:02:51.014+0000] {logging_mixin.py:188} INFO - [2024-06-27T15:02:51.014+0000] {dag.py:3096} INFO - Sync 1 DAGs
[2024-06-27T15:02:51.047+0000] {logging_mixin.py:188} INFO - [2024-06-27T15:02:51.046+0000] {dag.py:3954} INFO - Setting next_dagrun for example_python_operator to None, run_after=None
[2024-06-27T15:02:51.088+0000] {processor.py:183} INFO - Processing /home/airflow/.local/lib/python3.12/site-packages/airflow/example_dags/example_python_operator.py took 0.158 seconds
[2024-06-27T15:03:21.224+0000] {processor.py:161} INFO - Started process (PID=221) to work on /home/airflow/.local/lib/python3.12/site-packages/airflow/example_dags/example_python_operator.py
[2024-06-27T15:03:21.226+0000] {processor.py:830} INFO - Processing file /home/airflow/.local/lib/python3.12/site-packages/airflow/example_dags/example_python_operator.py for tasks to queue
[2024-06-27T15:03:21.230+0000] {logging_mixin.py:188} INFO - [2024-06-27T15:03:21.229+0000] {dagbag.py:545} INFO - Filling up the DagBag from /home/airflow/.local/lib/python3.12/site-packages/airflow/example_dags/example_python_operator.py
[2024-06-27T15:03:21.242+0000] {processor.py:840} INFO - DAG(s) 'example_python_operator' retrieved from /home/airflow/.local/lib/python3.12/site-packages/airflow/example_dags/example_python_operator.py
[2024-06-27T15:03:21.273+0000] {logging_mixin.py:188} INFO - [2024-06-27T15:03:21.272+0000] {dag.py:3096} INFO - Sync 1 DAGs
[2024-06-27T15:03:21.288+0000] {logging_mixin.py:188} INFO - [2024-06-27T15:03:21.287+0000] {dag.py:3954} INFO - Setting next_dagrun for example_python_operator to None, run_after=None
[2024-06-27T15:03:21.314+0000] {processor.py:183} INFO - Processing /home/airflow/.local/lib/python3.12/site-packages/airflow/example_dags/example_python_operator.py took 0.097 seconds
[2024-06-27T15:04:00.871+0000] {processor.py:161} INFO - Started process (PID=289) to work on /home/airflow/.local/lib/python3.12/site-packages/airflow/example_dags/example_python_operator.py
[2024-06-27T15:04:00.878+0000] {processor.py:830} INFO - Processing file /home/airflow/.local/lib/python3.12/site-packages/airflow/example_dags/example_python_operator.py for tasks to queue
[2024-06-27T15:04:00.888+0000] {logging_mixin.py:188} INFO - [2024-06-27T15:04:00.886+0000] {dagbag.py:545} INFO - Filling up the DagBag from /home/airflow/.local/lib/python3.12/site-packages/airflow/example_dags/example_python_operator.py
[2024-06-27T15:04:00.949+0000] {processor.py:840} INFO - DAG(s) 'example_python_operator' retrieved from /home/airflow/.local/lib/python3.12/site-packages/airflow/example_dags/example_python_operator.py
[2024-06-27T15:04:01.043+0000] {logging_mixin.py:188} INFO - [2024-06-27T15:04:01.042+0000] {dag.py:3096} INFO - Sync 1 DAGs
[2024-06-27T15:04:01.098+0000] {logging_mixin.py:188} INFO - [2024-06-27T15:04:01.098+0000] {dag.py:3954} INFO - Setting next_dagrun for example_python_operator to None, run_after=None
[2024-06-27T15:04:01.189+0000] {processor.py:183} INFO - Processing /home/airflow/.local/lib/python3.12/site-packages/airflow/example_dags/example_python_operator.py took 0.377 seconds
[2024-06-27T15:04:32.066+0000] {processor.py:161} INFO - Started process (PID=374) to work on /home/airflow/.local/lib/python3.12/site-packages/airflow/example_dags/example_python_operator.py
[2024-06-27T15:04:32.092+0000] {processor.py:830} INFO - Processing file /home/airflow/.local/lib/python3.12/site-packages/airflow/example_dags/example_python_operator.py for tasks to queue
[2024-06-27T15:04:32.105+0000] {logging_mixin.py:188} INFO - [2024-06-27T15:04:32.103+0000] {dagbag.py:545} INFO - Filling up the DagBag from /home/airflow/.local/lib/python3.12/site-packages/airflow/example_dags/example_python_operator.py
[2024-06-27T15:04:32.612+0000] {processor.py:840} INFO - DAG(s) 'example_python_operator' retrieved from /home/airflow/.local/lib/python3.12/site-packages/airflow/example_dags/example_python_operator.py
[2024-06-27T15:04:32.756+0000] {logging_mixin.py:188} INFO - [2024-06-27T15:04:32.756+0000] {dag.py:3096} INFO - Sync 1 DAGs
[2024-06-27T15:04:32.907+0000] {logging_mixin.py:188} INFO - [2024-06-27T15:04:32.898+0000] {dag.py:3954} INFO - Setting next_dagrun for example_python_operator to None, run_after=None
[2024-06-27T15:04:33.024+0000] {processor.py:183} INFO - Processing /home/airflow/.local/lib/python3.12/site-packages/airflow/example_dags/example_python_operator.py took 1.005 seconds
[2024-06-27T15:05:05.091+0000] {processor.py:161} INFO - Started process (PID=446) to work on /home/airflow/.local/lib/python3.12/site-packages/airflow/example_dags/example_python_operator.py
[2024-06-27T15:05:05.099+0000] {processor.py:830} INFO - Processing file /home/airflow/.local/lib/python3.12/site-packages/airflow/example_dags/example_python_operator.py for tasks to queue
[2024-06-27T15:05:05.105+0000] {logging_mixin.py:188} INFO - [2024-06-27T15:05:05.104+0000] {dagbag.py:545} INFO - Filling up the DagBag from /home/airflow/.local/lib/python3.12/site-packages/airflow/example_dags/example_python_operator.py
[2024-06-27T15:05:05.142+0000] {processor.py:840} INFO - DAG(s) 'example_python_operator' retrieved from /home/airflow/.local/lib/python3.12/site-packages/airflow/example_dags/example_python_operator.py
[2024-06-27T15:05:05.225+0000] {logging_mixin.py:188} INFO - [2024-06-27T15:05:05.224+0000] {dag.py:3096} INFO - Sync 1 DAGs
[2024-06-27T15:05:05.263+0000] {logging_mixin.py:188} INFO - [2024-06-27T15:05:05.263+0000] {dag.py:3954} INFO - Setting next_dagrun for example_python_operator to None, run_after=None
[2024-06-27T15:05:05.331+0000] {processor.py:183} INFO - Processing /home/airflow/.local/lib/python3.12/site-packages/airflow/example_dags/example_python_operator.py took 0.253 seconds
[2024-06-27T15:05:37.942+0000] {processor.py:161} INFO - Started process (PID=537) to work on /home/airflow/.local/lib/python3.12/site-packages/airflow/example_dags/example_python_operator.py
[2024-06-27T15:05:37.946+0000] {processor.py:830} INFO - Processing file /home/airflow/.local/lib/python3.12/site-packages/airflow/example_dags/example_python_operator.py for tasks to queue
[2024-06-27T15:05:37.953+0000] {logging_mixin.py:188} INFO - [2024-06-27T15:05:37.952+0000] {dagbag.py:545} INFO - Filling up the DagBag from /home/airflow/.local/lib/python3.12/site-packages/airflow/example_dags/example_python_operator.py
[2024-06-27T15:05:37.992+0000] {processor.py:840} INFO - DAG(s) 'example_python_operator' retrieved from /home/airflow/.local/lib/python3.12/site-packages/airflow/example_dags/example_python_operator.py
[2024-06-27T15:05:38.082+0000] {logging_mixin.py:188} INFO - [2024-06-27T15:05:38.080+0000] {dag.py:3096} INFO - Sync 1 DAGs
[2024-06-27T15:05:38.118+0000] {logging_mixin.py:188} INFO - [2024-06-27T15:05:38.117+0000] {dag.py:3954} INFO - Setting next_dagrun for example_python_operator to None, run_after=None
[2024-06-27T15:05:38.172+0000] {processor.py:183} INFO - Processing /home/airflow/.local/lib/python3.12/site-packages/airflow/example_dags/example_python_operator.py took 0.261 seconds
[2024-06-27T15:06:11.047+0000] {processor.py:161} INFO - Started process (PID=611) to work on /home/airflow/.local/lib/python3.12/site-packages/airflow/example_dags/example_python_operator.py
[2024-06-27T15:06:11.061+0000] {processor.py:830} INFO - Processing file /home/airflow/.local/lib/python3.12/site-packages/airflow/example_dags/example_python_operator.py for tasks to queue
[2024-06-27T15:06:11.077+0000] {logging_mixin.py:188} INFO - [2024-06-27T15:06:11.076+0000] {dagbag.py:545} INFO - Filling up the DagBag from /home/airflow/.local/lib/python3.12/site-packages/airflow/example_dags/example_python_operator.py
[2024-06-27T15:06:11.206+0000] {processor.py:840} INFO - DAG(s) 'example_python_operator' retrieved from /home/airflow/.local/lib/python3.12/site-packages/airflow/example_dags/example_python_operator.py
[2024-06-27T15:06:11.535+0000] {logging_mixin.py:188} INFO - [2024-06-27T15:06:11.534+0000] {dag.py:3096} INFO - Sync 1 DAGs
[2024-06-27T15:06:11.675+0000] {logging_mixin.py:188} INFO - [2024-06-27T15:06:11.675+0000] {dag.py:3954} INFO - Setting next_dagrun for example_python_operator to None, run_after=None
[2024-06-27T15:06:11.834+0000] {processor.py:183} INFO - Processing /home/airflow/.local/lib/python3.12/site-packages/airflow/example_dags/example_python_operator.py took 0.856 seconds
[2024-06-27T15:06:42.651+0000] {processor.py:161} INFO - Started process (PID=689) to work on /home/airflow/.local/lib/python3.12/site-packages/airflow/example_dags/example_python_operator.py
[2024-06-27T15:06:42.656+0000] {processor.py:830} INFO - Processing file /home/airflow/.local/lib/python3.12/site-packages/airflow/example_dags/example_python_operator.py for tasks to queue
[2024-06-27T15:06:42.667+0000] {logging_mixin.py:188} INFO - [2024-06-27T15:06:42.666+0000] {dagbag.py:545} INFO - Filling up the DagBag from /home/airflow/.local/lib/python3.12/site-packages/airflow/example_dags/example_python_operator.py
[2024-06-27T15:06:42.761+0000] {processor.py:840} INFO - DAG(s) 'example_python_operator' retrieved from /home/airflow/.local/lib/python3.12/site-packages/airflow/example_dags/example_python_operator.py
[2024-06-27T15:06:44.001+0000] {logging_mixin.py:188} INFO - [2024-06-27T15:06:43.910+0000] {dag.py:3096} INFO - Sync 1 DAGs
[2024-06-27T15:06:44.840+0000] {logging_mixin.py:188} INFO - [2024-06-27T15:06:44.834+0000] {dag.py:3954} INFO - Setting next_dagrun for example_python_operator to None, run_after=None
[2024-06-27T15:06:45.091+0000] {processor.py:183} INFO - Processing /home/airflow/.local/lib/python3.12/site-packages/airflow/example_dags/example_python_operator.py took 2.484 seconds
[2024-06-27T15:07:15.367+0000] {processor.py:161} INFO - Started process (PID=784) to work on /home/airflow/.local/lib/python3.12/site-packages/airflow/example_dags/example_python_operator.py
[2024-06-27T15:07:15.373+0000] {processor.py:830} INFO - Processing file /home/airflow/.local/lib/python3.12/site-packages/airflow/example_dags/example_python_operator.py for tasks to queue
[2024-06-27T15:07:15.378+0000] {logging_mixin.py:188} INFO - [2024-06-27T15:07:15.378+0000] {dagbag.py:545} INFO - Filling up the DagBag from /home/airflow/.local/lib/python3.12/site-packages/airflow/example_dags/example_python_operator.py
[2024-06-27T15:07:15.405+0000] {processor.py:840} INFO - DAG(s) 'example_python_operator' retrieved from /home/airflow/.local/lib/python3.12/site-packages/airflow/example_dags/example_python_operator.py
[2024-06-27T15:07:15.487+0000] {logging_mixin.py:188} INFO - [2024-06-27T15:07:15.486+0000] {dag.py:3096} INFO - Sync 1 DAGs
[2024-06-27T15:07:15.532+0000] {logging_mixin.py:188} INFO - [2024-06-27T15:07:15.529+0000] {dag.py:3954} INFO - Setting next_dagrun for example_python_operator to None, run_after=None
[2024-06-27T15:07:15.592+0000] {processor.py:183} INFO - Processing /home/airflow/.local/lib/python3.12/site-packages/airflow/example_dags/example_python_operator.py took 0.247 seconds
[2024-06-27T15:07:46.918+0000] {processor.py:161} INFO - Started process (PID=866) to work on /home/airflow/.local/lib/python3.12/site-packages/airflow/example_dags/example_python_operator.py
[2024-06-27T15:07:46.961+0000] {processor.py:830} INFO - Processing file /home/airflow/.local/lib/python3.12/site-packages/airflow/example_dags/example_python_operator.py for tasks to queue
[2024-06-27T15:07:46.989+0000] {logging_mixin.py:188} INFO - [2024-06-27T15:07:46.982+0000] {dagbag.py:545} INFO - Filling up the DagBag from /home/airflow/.local/lib/python3.12/site-packages/airflow/example_dags/example_python_operator.py
[2024-06-27T15:07:47.142+0000] {processor.py:840} INFO - DAG(s) 'example_python_operator' retrieved from /home/airflow/.local/lib/python3.12/site-packages/airflow/example_dags/example_python_operator.py
[2024-06-27T15:07:47.534+0000] {logging_mixin.py:188} INFO - [2024-06-27T15:07:47.529+0000] {dag.py:3096} INFO - Sync 1 DAGs
[2024-06-27T15:07:47.680+0000] {logging_mixin.py:188} INFO - [2024-06-27T15:07:47.679+0000] {dag.py:3954} INFO - Setting next_dagrun for example_python_operator to None, run_after=None
[2024-06-27T15:07:47.899+0000] {processor.py:183} INFO - Processing /home/airflow/.local/lib/python3.12/site-packages/airflow/example_dags/example_python_operator.py took 1.275 seconds
