[2024-06-27T14:36:43.412+0000] {processor.py:161} INFO - Started process (PID=69) to work on /home/airflow/.local/lib/python3.12/site-packages/airflow/example_dags/example_xcomargs.py
[2024-06-27T14:36:43.414+0000] {processor.py:830} INFO - Processing file /home/airflow/.local/lib/python3.12/site-packages/airflow/example_dags/example_xcomargs.py for tasks to queue
[2024-06-27T14:36:43.419+0000] {logging_mixin.py:188} INFO - [2024-06-27T14:36:43.418+0000] {dagbag.py:545} INFO - Filling up the DagBag from /home/airflow/.local/lib/python3.12/site-packages/airflow/example_dags/example_xcomargs.py
[2024-06-27T14:36:43.436+0000] {processor.py:840} INFO - DAG(s) 'example_xcom_args_with_operators', 'example_xcom_args' retrieved from /home/airflow/.local/lib/python3.12/site-packages/airflow/example_dags/example_xcomargs.py
[2024-06-27T14:36:43.642+0000] {logging_mixin.py:188} INFO - [2024-06-27T14:36:43.640+0000] {override.py:1829} INFO - Created Permission View: can edit on DAG:example_xcom_args_with_operators
[2024-06-27T14:36:43.668+0000] {logging_mixin.py:188} INFO - [2024-06-27T14:36:43.667+0000] {override.py:1829} INFO - Created Permission View: can delete on DAG:example_xcom_args_with_operators
[2024-06-27T14:36:43.682+0000] {logging_mixin.py:188} INFO - [2024-06-27T14:36:43.681+0000] {override.py:1829} INFO - Created Permission View: can read on DAG:example_xcom_args_with_operators
[2024-06-27T14:36:43.710+0000] {logging_mixin.py:188} INFO - [2024-06-27T14:36:43.709+0000] {override.py:1829} INFO - Created Permission View: can edit on DAG:example_xcom_args
[2024-06-27T14:36:43.737+0000] {logging_mixin.py:188} INFO - [2024-06-27T14:36:43.737+0000] {override.py:1829} INFO - Created Permission View: can delete on DAG:example_xcom_args
[2024-06-27T14:36:43.760+0000] {logging_mixin.py:188} INFO - [2024-06-27T14:36:43.758+0000] {override.py:1829} INFO - Created Permission View: can read on DAG:example_xcom_args
[2024-06-27T14:36:43.762+0000] {logging_mixin.py:188} INFO - [2024-06-27T14:36:43.762+0000] {dag.py:3096} INFO - Sync 2 DAGs
[2024-06-27T14:36:43.795+0000] {logging_mixin.py:188} INFO - [2024-06-27T14:36:43.795+0000] {dag.py:3118} INFO - Creating ORM DAG for example_xcom_args_with_operators
[2024-06-27T14:36:43.798+0000] {logging_mixin.py:188} INFO - [2024-06-27T14:36:43.797+0000] {dag.py:3118} INFO - Creating ORM DAG for example_xcom_args
[2024-06-27T14:36:43.801+0000] {logging_mixin.py:188} INFO - [2024-06-27T14:36:43.801+0000] {dag.py:3954} INFO - Setting next_dagrun for example_xcom_args to None, run_after=None
[2024-06-27T14:36:43.803+0000] {logging_mixin.py:188} INFO - [2024-06-27T14:36:43.803+0000] {dag.py:3954} INFO - Setting next_dagrun for example_xcom_args_with_operators to None, run_after=None
[2024-06-27T14:36:43.840+0000] {processor.py:183} INFO - Processing /home/airflow/.local/lib/python3.12/site-packages/airflow/example_dags/example_xcomargs.py took 0.438 seconds
[2024-06-27T14:37:13.895+0000] {processor.py:161} INFO - Started process (PID=127) to work on /home/airflow/.local/lib/python3.12/site-packages/airflow/example_dags/example_xcomargs.py
[2024-06-27T14:37:13.897+0000] {processor.py:830} INFO - Processing file /home/airflow/.local/lib/python3.12/site-packages/airflow/example_dags/example_xcomargs.py for tasks to queue
[2024-06-27T14:37:13.903+0000] {logging_mixin.py:188} INFO - [2024-06-27T14:37:13.902+0000] {dagbag.py:545} INFO - Filling up the DagBag from /home/airflow/.local/lib/python3.12/site-packages/airflow/example_dags/example_xcomargs.py
[2024-06-27T14:37:13.919+0000] {processor.py:840} INFO - DAG(s) 'example_xcom_args_with_operators', 'example_xcom_args' retrieved from /home/airflow/.local/lib/python3.12/site-packages/airflow/example_dags/example_xcomargs.py
[2024-06-27T14:37:13.962+0000] {logging_mixin.py:188} INFO - [2024-06-27T14:37:13.961+0000] {dag.py:3096} INFO - Sync 2 DAGs
[2024-06-27T14:37:13.984+0000] {logging_mixin.py:188} INFO - [2024-06-27T14:37:13.984+0000] {dag.py:3954} INFO - Setting next_dagrun for example_xcom_args to None, run_after=None
[2024-06-27T14:37:13.990+0000] {logging_mixin.py:188} INFO - [2024-06-27T14:37:13.990+0000] {dag.py:3954} INFO - Setting next_dagrun for example_xcom_args_with_operators to None, run_after=None
[2024-06-27T14:37:14.017+0000] {processor.py:183} INFO - Processing /home/airflow/.local/lib/python3.12/site-packages/airflow/example_dags/example_xcomargs.py took 0.131 seconds
[2024-06-27T14:37:44.737+0000] {processor.py:161} INFO - Started process (PID=185) to work on /home/airflow/.local/lib/python3.12/site-packages/airflow/example_dags/example_xcomargs.py
[2024-06-27T14:37:44.739+0000] {processor.py:830} INFO - Processing file /home/airflow/.local/lib/python3.12/site-packages/airflow/example_dags/example_xcomargs.py for tasks to queue
[2024-06-27T14:37:44.742+0000] {logging_mixin.py:188} INFO - [2024-06-27T14:37:44.741+0000] {dagbag.py:545} INFO - Filling up the DagBag from /home/airflow/.local/lib/python3.12/site-packages/airflow/example_dags/example_xcomargs.py
[2024-06-27T14:37:44.755+0000] {processor.py:840} INFO - DAG(s) 'example_xcom_args', 'example_xcom_args_with_operators' retrieved from /home/airflow/.local/lib/python3.12/site-packages/airflow/example_dags/example_xcomargs.py
[2024-06-27T14:37:44.791+0000] {logging_mixin.py:188} INFO - [2024-06-27T14:37:44.790+0000] {dag.py:3096} INFO - Sync 2 DAGs
[2024-06-27T14:37:44.810+0000] {logging_mixin.py:188} INFO - [2024-06-27T14:37:44.810+0000] {dag.py:3954} INFO - Setting next_dagrun for example_xcom_args to None, run_after=None
[2024-06-27T14:37:44.816+0000] {logging_mixin.py:188} INFO - [2024-06-27T14:37:44.816+0000] {dag.py:3954} INFO - Setting next_dagrun for example_xcom_args_with_operators to None, run_after=None
[2024-06-27T14:37:44.845+0000] {processor.py:183} INFO - Processing /home/airflow/.local/lib/python3.12/site-packages/airflow/example_dags/example_xcomargs.py took 0.114 seconds
[2024-06-27T14:38:15.689+0000] {processor.py:161} INFO - Started process (PID=244) to work on /home/airflow/.local/lib/python3.12/site-packages/airflow/example_dags/example_xcomargs.py
[2024-06-27T14:38:15.691+0000] {processor.py:830} INFO - Processing file /home/airflow/.local/lib/python3.12/site-packages/airflow/example_dags/example_xcomargs.py for tasks to queue
[2024-06-27T14:38:15.693+0000] {logging_mixin.py:188} INFO - [2024-06-27T14:38:15.693+0000] {dagbag.py:545} INFO - Filling up the DagBag from /home/airflow/.local/lib/python3.12/site-packages/airflow/example_dags/example_xcomargs.py
[2024-06-27T14:38:15.705+0000] {processor.py:840} INFO - DAG(s) 'example_xcom_args_with_operators', 'example_xcom_args' retrieved from /home/airflow/.local/lib/python3.12/site-packages/airflow/example_dags/example_xcomargs.py
[2024-06-27T14:38:15.742+0000] {logging_mixin.py:188} INFO - [2024-06-27T14:38:15.741+0000] {dag.py:3096} INFO - Sync 2 DAGs
[2024-06-27T14:38:15.761+0000] {logging_mixin.py:188} INFO - [2024-06-27T14:38:15.760+0000] {dag.py:3954} INFO - Setting next_dagrun for example_xcom_args to None, run_after=None
[2024-06-27T14:38:15.769+0000] {logging_mixin.py:188} INFO - [2024-06-27T14:38:15.768+0000] {dag.py:3954} INFO - Setting next_dagrun for example_xcom_args_with_operators to None, run_after=None
[2024-06-27T14:38:15.797+0000] {processor.py:183} INFO - Processing /home/airflow/.local/lib/python3.12/site-packages/airflow/example_dags/example_xcomargs.py took 0.116 seconds
[2024-06-27T14:39:50.766+0000] {processor.py:161} INFO - Started process (PID=72) to work on /home/airflow/.local/lib/python3.12/site-packages/airflow/example_dags/example_xcomargs.py
[2024-06-27T14:39:50.771+0000] {processor.py:830} INFO - Processing file /home/airflow/.local/lib/python3.12/site-packages/airflow/example_dags/example_xcomargs.py for tasks to queue
[2024-06-27T14:39:50.778+0000] {logging_mixin.py:188} INFO - [2024-06-27T14:39:50.777+0000] {dagbag.py:545} INFO - Filling up the DagBag from /home/airflow/.local/lib/python3.12/site-packages/airflow/example_dags/example_xcomargs.py
[2024-06-27T14:39:50.811+0000] {processor.py:840} INFO - DAG(s) 'example_xcom_args_with_operators', 'example_xcom_args' retrieved from /home/airflow/.local/lib/python3.12/site-packages/airflow/example_dags/example_xcomargs.py
[2024-06-27T14:39:51.329+0000] {logging_mixin.py:188} INFO - [2024-06-27T14:39:51.328+0000] {dag.py:3096} INFO - Sync 2 DAGs
[2024-06-27T14:39:51.389+0000] {logging_mixin.py:188} INFO - [2024-06-27T14:39:51.388+0000] {dag.py:3954} INFO - Setting next_dagrun for example_xcom_args to None, run_after=None
[2024-06-27T14:39:51.410+0000] {logging_mixin.py:188} INFO - [2024-06-27T14:39:51.409+0000] {dag.py:3954} INFO - Setting next_dagrun for example_xcom_args_with_operators to None, run_after=None
[2024-06-27T14:39:51.507+0000] {processor.py:183} INFO - Processing /home/airflow/.local/lib/python3.12/site-packages/airflow/example_dags/example_xcomargs.py took 0.760 seconds
[2024-06-27T14:40:21.774+0000] {processor.py:161} INFO - Started process (PID=131) to work on /home/airflow/.local/lib/python3.12/site-packages/airflow/example_dags/example_xcomargs.py
[2024-06-27T14:40:21.775+0000] {processor.py:830} INFO - Processing file /home/airflow/.local/lib/python3.12/site-packages/airflow/example_dags/example_xcomargs.py for tasks to queue
[2024-06-27T14:40:21.777+0000] {logging_mixin.py:188} INFO - [2024-06-27T14:40:21.777+0000] {dagbag.py:545} INFO - Filling up the DagBag from /home/airflow/.local/lib/python3.12/site-packages/airflow/example_dags/example_xcomargs.py
[2024-06-27T14:40:21.788+0000] {processor.py:840} INFO - DAG(s) 'example_xcom_args', 'example_xcom_args_with_operators' retrieved from /home/airflow/.local/lib/python3.12/site-packages/airflow/example_dags/example_xcomargs.py
[2024-06-27T14:40:21.824+0000] {logging_mixin.py:188} INFO - [2024-06-27T14:40:21.824+0000] {dag.py:3096} INFO - Sync 2 DAGs
[2024-06-27T14:40:21.841+0000] {logging_mixin.py:188} INFO - [2024-06-27T14:40:21.841+0000] {dag.py:3954} INFO - Setting next_dagrun for example_xcom_args to None, run_after=None
[2024-06-27T14:40:21.847+0000] {logging_mixin.py:188} INFO - [2024-06-27T14:40:21.846+0000] {dag.py:3954} INFO - Setting next_dagrun for example_xcom_args_with_operators to None, run_after=None
[2024-06-27T14:40:21.868+0000] {processor.py:183} INFO - Processing /home/airflow/.local/lib/python3.12/site-packages/airflow/example_dags/example_xcomargs.py took 0.101 seconds
[2024-06-27T14:40:52.230+0000] {processor.py:161} INFO - Started process (PID=190) to work on /home/airflow/.local/lib/python3.12/site-packages/airflow/example_dags/example_xcomargs.py
[2024-06-27T14:40:52.232+0000] {processor.py:830} INFO - Processing file /home/airflow/.local/lib/python3.12/site-packages/airflow/example_dags/example_xcomargs.py for tasks to queue
[2024-06-27T14:40:52.234+0000] {logging_mixin.py:188} INFO - [2024-06-27T14:40:52.234+0000] {dagbag.py:545} INFO - Filling up the DagBag from /home/airflow/.local/lib/python3.12/site-packages/airflow/example_dags/example_xcomargs.py
[2024-06-27T14:40:52.245+0000] {processor.py:840} INFO - DAG(s) 'example_xcom_args', 'example_xcom_args_with_operators' retrieved from /home/airflow/.local/lib/python3.12/site-packages/airflow/example_dags/example_xcomargs.py
[2024-06-27T14:40:52.280+0000] {logging_mixin.py:188} INFO - [2024-06-27T14:40:52.279+0000] {dag.py:3096} INFO - Sync 2 DAGs
[2024-06-27T14:40:52.297+0000] {logging_mixin.py:188} INFO - [2024-06-27T14:40:52.297+0000] {dag.py:3954} INFO - Setting next_dagrun for example_xcom_args to None, run_after=None
[2024-06-27T14:40:52.303+0000] {logging_mixin.py:188} INFO - [2024-06-27T14:40:52.303+0000] {dag.py:3954} INFO - Setting next_dagrun for example_xcom_args_with_operators to None, run_after=None
[2024-06-27T14:40:52.329+0000] {processor.py:183} INFO - Processing /home/airflow/.local/lib/python3.12/site-packages/airflow/example_dags/example_xcomargs.py took 0.107 seconds
[2024-06-27T14:41:22.526+0000] {processor.py:161} INFO - Started process (PID=249) to work on /home/airflow/.local/lib/python3.12/site-packages/airflow/example_dags/example_xcomargs.py
[2024-06-27T14:41:22.528+0000] {processor.py:830} INFO - Processing file /home/airflow/.local/lib/python3.12/site-packages/airflow/example_dags/example_xcomargs.py for tasks to queue
[2024-06-27T14:41:22.531+0000] {logging_mixin.py:188} INFO - [2024-06-27T14:41:22.530+0000] {dagbag.py:545} INFO - Filling up the DagBag from /home/airflow/.local/lib/python3.12/site-packages/airflow/example_dags/example_xcomargs.py
[2024-06-27T14:41:22.544+0000] {processor.py:840} INFO - DAG(s) 'example_xcom_args', 'example_xcom_args_with_operators' retrieved from /home/airflow/.local/lib/python3.12/site-packages/airflow/example_dags/example_xcomargs.py
[2024-06-27T14:41:22.605+0000] {logging_mixin.py:188} INFO - [2024-06-27T14:41:22.605+0000] {dag.py:3096} INFO - Sync 2 DAGs
[2024-06-27T14:41:22.630+0000] {logging_mixin.py:188} INFO - [2024-06-27T14:41:22.630+0000] {dag.py:3954} INFO - Setting next_dagrun for example_xcom_args to None, run_after=None
[2024-06-27T14:41:22.638+0000] {logging_mixin.py:188} INFO - [2024-06-27T14:41:22.638+0000] {dag.py:3954} INFO - Setting next_dagrun for example_xcom_args_with_operators to None, run_after=None
[2024-06-27T14:41:22.672+0000] {processor.py:183} INFO - Processing /home/airflow/.local/lib/python3.12/site-packages/airflow/example_dags/example_xcomargs.py took 0.154 seconds
[2024-06-27T14:41:52.927+0000] {processor.py:161} INFO - Started process (PID=308) to work on /home/airflow/.local/lib/python3.12/site-packages/airflow/example_dags/example_xcomargs.py
[2024-06-27T14:41:52.929+0000] {processor.py:830} INFO - Processing file /home/airflow/.local/lib/python3.12/site-packages/airflow/example_dags/example_xcomargs.py for tasks to queue
[2024-06-27T14:41:52.932+0000] {logging_mixin.py:188} INFO - [2024-06-27T14:41:52.931+0000] {dagbag.py:545} INFO - Filling up the DagBag from /home/airflow/.local/lib/python3.12/site-packages/airflow/example_dags/example_xcomargs.py
[2024-06-27T14:41:52.948+0000] {processor.py:840} INFO - DAG(s) 'example_xcom_args_with_operators', 'example_xcom_args' retrieved from /home/airflow/.local/lib/python3.12/site-packages/airflow/example_dags/example_xcomargs.py
[2024-06-27T14:41:52.990+0000] {logging_mixin.py:188} INFO - [2024-06-27T14:41:52.989+0000] {dag.py:3096} INFO - Sync 2 DAGs
[2024-06-27T14:41:53.012+0000] {logging_mixin.py:188} INFO - [2024-06-27T14:41:53.012+0000] {dag.py:3954} INFO - Setting next_dagrun for example_xcom_args to None, run_after=None
[2024-06-27T14:41:53.019+0000] {logging_mixin.py:188} INFO - [2024-06-27T14:41:53.019+0000] {dag.py:3954} INFO - Setting next_dagrun for example_xcom_args_with_operators to None, run_after=None
[2024-06-27T14:41:53.053+0000] {processor.py:183} INFO - Processing /home/airflow/.local/lib/python3.12/site-packages/airflow/example_dags/example_xcomargs.py took 0.134 seconds
[2024-06-27T14:42:23.251+0000] {processor.py:161} INFO - Started process (PID=367) to work on /home/airflow/.local/lib/python3.12/site-packages/airflow/example_dags/example_xcomargs.py
[2024-06-27T14:42:23.253+0000] {processor.py:830} INFO - Processing file /home/airflow/.local/lib/python3.12/site-packages/airflow/example_dags/example_xcomargs.py for tasks to queue
[2024-06-27T14:42:23.256+0000] {logging_mixin.py:188} INFO - [2024-06-27T14:42:23.255+0000] {dagbag.py:545} INFO - Filling up the DagBag from /home/airflow/.local/lib/python3.12/site-packages/airflow/example_dags/example_xcomargs.py
[2024-06-27T14:42:23.268+0000] {processor.py:840} INFO - DAG(s) 'example_xcom_args', 'example_xcom_args_with_operators' retrieved from /home/airflow/.local/lib/python3.12/site-packages/airflow/example_dags/example_xcomargs.py
[2024-06-27T14:42:23.298+0000] {logging_mixin.py:188} INFO - [2024-06-27T14:42:23.298+0000] {dag.py:3096} INFO - Sync 2 DAGs
[2024-06-27T14:42:23.314+0000] {logging_mixin.py:188} INFO - [2024-06-27T14:42:23.314+0000] {dag.py:3954} INFO - Setting next_dagrun for example_xcom_args to None, run_after=None
[2024-06-27T14:42:23.320+0000] {logging_mixin.py:188} INFO - [2024-06-27T14:42:23.320+0000] {dag.py:3954} INFO - Setting next_dagrun for example_xcom_args_with_operators to None, run_after=None
[2024-06-27T14:42:23.345+0000] {processor.py:183} INFO - Processing /home/airflow/.local/lib/python3.12/site-packages/airflow/example_dags/example_xcomargs.py took 0.102 seconds
[2024-06-27T14:44:27.233+0000] {processor.py:161} INFO - Started process (PID=66) to work on /home/airflow/.local/lib/python3.12/site-packages/airflow/example_dags/example_xcomargs.py
[2024-06-27T14:44:27.257+0000] {processor.py:830} INFO - Processing file /home/airflow/.local/lib/python3.12/site-packages/airflow/example_dags/example_xcomargs.py for tasks to queue
[2024-06-27T14:44:27.262+0000] {logging_mixin.py:188} INFO - [2024-06-27T14:44:27.261+0000] {dagbag.py:545} INFO - Filling up the DagBag from /home/airflow/.local/lib/python3.12/site-packages/airflow/example_dags/example_xcomargs.py
[2024-06-27T14:44:27.285+0000] {processor.py:840} INFO - DAG(s) 'example_xcom_args_with_operators', 'example_xcom_args' retrieved from /home/airflow/.local/lib/python3.12/site-packages/airflow/example_dags/example_xcomargs.py
[2024-06-27T14:44:27.729+0000] {logging_mixin.py:188} INFO - [2024-06-27T14:44:27.729+0000] {dag.py:3096} INFO - Sync 2 DAGs
[2024-06-27T14:44:27.759+0000] {logging_mixin.py:188} INFO - [2024-06-27T14:44:27.758+0000] {dag.py:3954} INFO - Setting next_dagrun for example_xcom_args to None, run_after=None
[2024-06-27T14:44:27.768+0000] {logging_mixin.py:188} INFO - [2024-06-27T14:44:27.767+0000] {dag.py:3954} INFO - Setting next_dagrun for example_xcom_args_with_operators to None, run_after=None
[2024-06-27T14:44:27.819+0000] {processor.py:183} INFO - Processing /home/airflow/.local/lib/python3.12/site-packages/airflow/example_dags/example_xcomargs.py took 0.603 seconds
[2024-06-27T14:44:58.061+0000] {processor.py:161} INFO - Started process (PID=125) to work on /home/airflow/.local/lib/python3.12/site-packages/airflow/example_dags/example_xcomargs.py
[2024-06-27T14:44:58.064+0000] {processor.py:830} INFO - Processing file /home/airflow/.local/lib/python3.12/site-packages/airflow/example_dags/example_xcomargs.py for tasks to queue
[2024-06-27T14:44:58.066+0000] {logging_mixin.py:188} INFO - [2024-06-27T14:44:58.066+0000] {dagbag.py:545} INFO - Filling up the DagBag from /home/airflow/.local/lib/python3.12/site-packages/airflow/example_dags/example_xcomargs.py
[2024-06-27T14:44:58.085+0000] {processor.py:840} INFO - DAG(s) 'example_xcom_args', 'example_xcom_args_with_operators' retrieved from /home/airflow/.local/lib/python3.12/site-packages/airflow/example_dags/example_xcomargs.py
[2024-06-27T14:44:58.121+0000] {logging_mixin.py:188} INFO - [2024-06-27T14:44:58.121+0000] {dag.py:3096} INFO - Sync 2 DAGs
[2024-06-27T14:44:58.139+0000] {logging_mixin.py:188} INFO - [2024-06-27T14:44:58.138+0000] {dag.py:3954} INFO - Setting next_dagrun for example_xcom_args to None, run_after=None
[2024-06-27T14:44:58.144+0000] {logging_mixin.py:188} INFO - [2024-06-27T14:44:58.144+0000] {dag.py:3954} INFO - Setting next_dagrun for example_xcom_args_with_operators to None, run_after=None
[2024-06-27T14:44:58.172+0000] {processor.py:183} INFO - Processing /home/airflow/.local/lib/python3.12/site-packages/airflow/example_dags/example_xcomargs.py took 0.119 seconds
[2024-06-27T14:45:28.253+0000] {processor.py:161} INFO - Started process (PID=184) to work on /home/airflow/.local/lib/python3.12/site-packages/airflow/example_dags/example_xcomargs.py
[2024-06-27T14:45:28.255+0000] {processor.py:830} INFO - Processing file /home/airflow/.local/lib/python3.12/site-packages/airflow/example_dags/example_xcomargs.py for tasks to queue
[2024-06-27T14:45:28.258+0000] {logging_mixin.py:188} INFO - [2024-06-27T14:45:28.258+0000] {dagbag.py:545} INFO - Filling up the DagBag from /home/airflow/.local/lib/python3.12/site-packages/airflow/example_dags/example_xcomargs.py
[2024-06-27T14:45:28.270+0000] {processor.py:840} INFO - DAG(s) 'example_xcom_args', 'example_xcom_args_with_operators' retrieved from /home/airflow/.local/lib/python3.12/site-packages/airflow/example_dags/example_xcomargs.py
[2024-06-27T14:45:28.314+0000] {logging_mixin.py:188} INFO - [2024-06-27T14:45:28.314+0000] {dag.py:3096} INFO - Sync 2 DAGs
[2024-06-27T14:45:28.331+0000] {logging_mixin.py:188} INFO - [2024-06-27T14:45:28.330+0000] {dag.py:3954} INFO - Setting next_dagrun for example_xcom_args to None, run_after=None
[2024-06-27T14:45:28.337+0000] {logging_mixin.py:188} INFO - [2024-06-27T14:45:28.337+0000] {dag.py:3954} INFO - Setting next_dagrun for example_xcom_args_with_operators to None, run_after=None
[2024-06-27T14:45:28.362+0000] {processor.py:183} INFO - Processing /home/airflow/.local/lib/python3.12/site-packages/airflow/example_dags/example_xcomargs.py took 0.116 seconds
[2024-06-27T14:45:58.461+0000] {processor.py:161} INFO - Started process (PID=243) to work on /home/airflow/.local/lib/python3.12/site-packages/airflow/example_dags/example_xcomargs.py
[2024-06-27T14:45:58.462+0000] {processor.py:830} INFO - Processing file /home/airflow/.local/lib/python3.12/site-packages/airflow/example_dags/example_xcomargs.py for tasks to queue
[2024-06-27T14:45:58.465+0000] {logging_mixin.py:188} INFO - [2024-06-27T14:45:58.464+0000] {dagbag.py:545} INFO - Filling up the DagBag from /home/airflow/.local/lib/python3.12/site-packages/airflow/example_dags/example_xcomargs.py
[2024-06-27T14:45:58.477+0000] {processor.py:840} INFO - DAG(s) 'example_xcom_args_with_operators', 'example_xcom_args' retrieved from /home/airflow/.local/lib/python3.12/site-packages/airflow/example_dags/example_xcomargs.py
[2024-06-27T14:45:58.512+0000] {logging_mixin.py:188} INFO - [2024-06-27T14:45:58.511+0000] {dag.py:3096} INFO - Sync 2 DAGs
[2024-06-27T14:45:58.531+0000] {logging_mixin.py:188} INFO - [2024-06-27T14:45:58.530+0000] {dag.py:3954} INFO - Setting next_dagrun for example_xcom_args to None, run_after=None
[2024-06-27T14:45:58.537+0000] {logging_mixin.py:188} INFO - [2024-06-27T14:45:58.537+0000] {dag.py:3954} INFO - Setting next_dagrun for example_xcom_args_with_operators to None, run_after=None
[2024-06-27T14:45:58.568+0000] {processor.py:183} INFO - Processing /home/airflow/.local/lib/python3.12/site-packages/airflow/example_dags/example_xcomargs.py took 0.115 seconds
[2024-06-27T14:46:28.743+0000] {processor.py:161} INFO - Started process (PID=302) to work on /home/airflow/.local/lib/python3.12/site-packages/airflow/example_dags/example_xcomargs.py
[2024-06-27T14:46:28.744+0000] {processor.py:830} INFO - Processing file /home/airflow/.local/lib/python3.12/site-packages/airflow/example_dags/example_xcomargs.py for tasks to queue
[2024-06-27T14:46:28.746+0000] {logging_mixin.py:188} INFO - [2024-06-27T14:46:28.746+0000] {dagbag.py:545} INFO - Filling up the DagBag from /home/airflow/.local/lib/python3.12/site-packages/airflow/example_dags/example_xcomargs.py
[2024-06-27T14:46:28.757+0000] {processor.py:840} INFO - DAG(s) 'example_xcom_args_with_operators', 'example_xcom_args' retrieved from /home/airflow/.local/lib/python3.12/site-packages/airflow/example_dags/example_xcomargs.py
[2024-06-27T14:46:28.789+0000] {logging_mixin.py:188} INFO - [2024-06-27T14:46:28.788+0000] {dag.py:3096} INFO - Sync 2 DAGs
[2024-06-27T14:46:28.806+0000] {logging_mixin.py:188} INFO - [2024-06-27T14:46:28.806+0000] {dag.py:3954} INFO - Setting next_dagrun for example_xcom_args to None, run_after=None
[2024-06-27T14:46:28.812+0000] {logging_mixin.py:188} INFO - [2024-06-27T14:46:28.812+0000] {dag.py:3954} INFO - Setting next_dagrun for example_xcom_args_with_operators to None, run_after=None
[2024-06-27T14:46:28.840+0000] {processor.py:183} INFO - Processing /home/airflow/.local/lib/python3.12/site-packages/airflow/example_dags/example_xcomargs.py took 0.104 seconds
[2024-06-27T14:59:00.887+0000] {processor.py:161} INFO - Started process (PID=71) to work on /home/airflow/.local/lib/python3.12/site-packages/airflow/example_dags/example_xcomargs.py
[2024-06-27T14:59:00.891+0000] {processor.py:830} INFO - Processing file /home/airflow/.local/lib/python3.12/site-packages/airflow/example_dags/example_xcomargs.py for tasks to queue
[2024-06-27T14:59:00.897+0000] {logging_mixin.py:188} INFO - [2024-06-27T14:59:00.896+0000] {dagbag.py:545} INFO - Filling up the DagBag from /home/airflow/.local/lib/python3.12/site-packages/airflow/example_dags/example_xcomargs.py
[2024-06-27T14:59:00.925+0000] {processor.py:840} INFO - DAG(s) 'example_xcom_args_with_operators', 'example_xcom_args' retrieved from /home/airflow/.local/lib/python3.12/site-packages/airflow/example_dags/example_xcomargs.py
[2024-06-27T14:59:00.957+0000] {logging_mixin.py:188} INFO - [2024-06-27T14:59:00.956+0000] {dag.py:3096} INFO - Sync 2 DAGs
[2024-06-27T14:59:01.001+0000] {logging_mixin.py:188} INFO - [2024-06-27T14:59:01.000+0000] {dag.py:3954} INFO - Setting next_dagrun for example_xcom_args to None, run_after=None
[2024-06-27T14:59:01.011+0000] {logging_mixin.py:188} INFO - [2024-06-27T14:59:01.010+0000] {dag.py:3954} INFO - Setting next_dagrun for example_xcom_args_with_operators to None, run_after=None
[2024-06-27T14:59:01.058+0000] {processor.py:183} INFO - Processing /home/airflow/.local/lib/python3.12/site-packages/airflow/example_dags/example_xcomargs.py took 0.188 seconds
[2024-06-27T14:59:33.053+0000] {processor.py:161} INFO - Started process (PID=130) to work on /home/airflow/.local/lib/python3.12/site-packages/airflow/example_dags/example_xcomargs.py
[2024-06-27T14:59:33.070+0000] {processor.py:830} INFO - Processing file /home/airflow/.local/lib/python3.12/site-packages/airflow/example_dags/example_xcomargs.py for tasks to queue
[2024-06-27T14:59:33.101+0000] {logging_mixin.py:188} INFO - [2024-06-27T14:59:33.099+0000] {dagbag.py:545} INFO - Filling up the DagBag from /home/airflow/.local/lib/python3.12/site-packages/airflow/example_dags/example_xcomargs.py
[2024-06-27T14:59:33.161+0000] {processor.py:840} INFO - DAG(s) 'example_xcom_args', 'example_xcom_args_with_operators' retrieved from /home/airflow/.local/lib/python3.12/site-packages/airflow/example_dags/example_xcomargs.py
[2024-06-27T14:59:33.497+0000] {logging_mixin.py:188} INFO - [2024-06-27T14:59:33.497+0000] {dag.py:3096} INFO - Sync 2 DAGs
[2024-06-27T14:59:33.528+0000] {logging_mixin.py:188} INFO - [2024-06-27T14:59:33.528+0000] {dag.py:3954} INFO - Setting next_dagrun for example_xcom_args to None, run_after=None
[2024-06-27T14:59:33.538+0000] {logging_mixin.py:188} INFO - [2024-06-27T14:59:33.538+0000] {dag.py:3954} INFO - Setting next_dagrun for example_xcom_args_with_operators to None, run_after=None
[2024-06-27T14:59:33.579+0000] {processor.py:183} INFO - Processing /home/airflow/.local/lib/python3.12/site-packages/airflow/example_dags/example_xcomargs.py took 0.598 seconds
[2024-06-27T15:00:04.228+0000] {processor.py:161} INFO - Started process (PID=189) to work on /home/airflow/.local/lib/python3.12/site-packages/airflow/example_dags/example_xcomargs.py
[2024-06-27T15:00:04.230+0000] {processor.py:830} INFO - Processing file /home/airflow/.local/lib/python3.12/site-packages/airflow/example_dags/example_xcomargs.py for tasks to queue
[2024-06-27T15:00:04.233+0000] {logging_mixin.py:188} INFO - [2024-06-27T15:00:04.232+0000] {dagbag.py:545} INFO - Filling up the DagBag from /home/airflow/.local/lib/python3.12/site-packages/airflow/example_dags/example_xcomargs.py
[2024-06-27T15:00:04.245+0000] {processor.py:840} INFO - DAG(s) 'example_xcom_args', 'example_xcom_args_with_operators' retrieved from /home/airflow/.local/lib/python3.12/site-packages/airflow/example_dags/example_xcomargs.py
[2024-06-27T15:00:04.280+0000] {logging_mixin.py:188} INFO - [2024-06-27T15:00:04.280+0000] {dag.py:3096} INFO - Sync 2 DAGs
[2024-06-27T15:00:04.300+0000] {logging_mixin.py:188} INFO - [2024-06-27T15:00:04.300+0000] {dag.py:3954} INFO - Setting next_dagrun for example_xcom_args to None, run_after=None
[2024-06-27T15:00:04.305+0000] {logging_mixin.py:188} INFO - [2024-06-27T15:00:04.305+0000] {dag.py:3954} INFO - Setting next_dagrun for example_xcom_args_with_operators to None, run_after=None
[2024-06-27T15:00:04.332+0000] {processor.py:183} INFO - Processing /home/airflow/.local/lib/python3.12/site-packages/airflow/example_dags/example_xcomargs.py took 0.112 seconds
[2024-06-27T15:00:35.540+0000] {processor.py:161} INFO - Started process (PID=248) to work on /home/airflow/.local/lib/python3.12/site-packages/airflow/example_dags/example_xcomargs.py
[2024-06-27T15:00:35.544+0000] {processor.py:830} INFO - Processing file /home/airflow/.local/lib/python3.12/site-packages/airflow/example_dags/example_xcomargs.py for tasks to queue
[2024-06-27T15:00:35.551+0000] {logging_mixin.py:188} INFO - [2024-06-27T15:00:35.550+0000] {dagbag.py:545} INFO - Filling up the DagBag from /home/airflow/.local/lib/python3.12/site-packages/airflow/example_dags/example_xcomargs.py
[2024-06-27T15:00:35.579+0000] {processor.py:840} INFO - DAG(s) 'example_xcom_args_with_operators', 'example_xcom_args' retrieved from /home/airflow/.local/lib/python3.12/site-packages/airflow/example_dags/example_xcomargs.py
[2024-06-27T15:00:35.626+0000] {logging_mixin.py:188} INFO - [2024-06-27T15:00:35.626+0000] {dag.py:3096} INFO - Sync 2 DAGs
[2024-06-27T15:00:35.652+0000] {logging_mixin.py:188} INFO - [2024-06-27T15:00:35.652+0000] {dag.py:3954} INFO - Setting next_dagrun for example_xcom_args to None, run_after=None
[2024-06-27T15:00:35.660+0000] {logging_mixin.py:188} INFO - [2024-06-27T15:00:35.659+0000] {dag.py:3954} INFO - Setting next_dagrun for example_xcom_args_with_operators to None, run_after=None
[2024-06-27T15:00:35.697+0000] {processor.py:183} INFO - Processing /home/airflow/.local/lib/python3.12/site-packages/airflow/example_dags/example_xcomargs.py took 0.178 seconds
[2024-06-27T15:02:19.298+0000] {processor.py:161} INFO - Started process (PID=82) to work on /home/airflow/.local/lib/python3.12/site-packages/airflow/example_dags/example_xcomargs.py
[2024-06-27T15:02:19.300+0000] {processor.py:830} INFO - Processing file /home/airflow/.local/lib/python3.12/site-packages/airflow/example_dags/example_xcomargs.py for tasks to queue
[2024-06-27T15:02:19.304+0000] {logging_mixin.py:188} INFO - [2024-06-27T15:02:19.303+0000] {dagbag.py:545} INFO - Filling up the DagBag from /home/airflow/.local/lib/python3.12/site-packages/airflow/example_dags/example_xcomargs.py
[2024-06-27T15:02:19.319+0000] {processor.py:840} INFO - DAG(s) 'example_xcom_args_with_operators', 'example_xcom_args' retrieved from /home/airflow/.local/lib/python3.12/site-packages/airflow/example_dags/example_xcomargs.py
[2024-06-27T15:02:19.509+0000] {logging_mixin.py:188} INFO - [2024-06-27T15:02:19.508+0000] {dag.py:3096} INFO - Sync 2 DAGs
[2024-06-27T15:02:19.524+0000] {logging_mixin.py:188} INFO - [2024-06-27T15:02:19.524+0000] {dag.py:3954} INFO - Setting next_dagrun for example_xcom_args to None, run_after=None
[2024-06-27T15:02:19.529+0000] {logging_mixin.py:188} INFO - [2024-06-27T15:02:19.529+0000] {dag.py:3954} INFO - Setting next_dagrun for example_xcom_args_with_operators to None, run_after=None
[2024-06-27T15:02:19.558+0000] {processor.py:183} INFO - Processing /home/airflow/.local/lib/python3.12/site-packages/airflow/example_dags/example_xcomargs.py took 0.270 seconds
[2024-06-27T15:02:49.713+0000] {processor.py:161} INFO - Started process (PID=150) to work on /home/airflow/.local/lib/python3.12/site-packages/airflow/example_dags/example_xcomargs.py
[2024-06-27T15:02:49.715+0000] {processor.py:830} INFO - Processing file /home/airflow/.local/lib/python3.12/site-packages/airflow/example_dags/example_xcomargs.py for tasks to queue
[2024-06-27T15:02:49.718+0000] {logging_mixin.py:188} INFO - [2024-06-27T15:02:49.717+0000] {dagbag.py:545} INFO - Filling up the DagBag from /home/airflow/.local/lib/python3.12/site-packages/airflow/example_dags/example_xcomargs.py
[2024-06-27T15:02:49.731+0000] {processor.py:840} INFO - DAG(s) 'example_xcom_args_with_operators', 'example_xcom_args' retrieved from /home/airflow/.local/lib/python3.12/site-packages/airflow/example_dags/example_xcomargs.py
[2024-06-27T15:02:49.766+0000] {logging_mixin.py:188} INFO - [2024-06-27T15:02:49.766+0000] {dag.py:3096} INFO - Sync 2 DAGs
[2024-06-27T15:02:49.788+0000] {logging_mixin.py:188} INFO - [2024-06-27T15:02:49.787+0000] {dag.py:3954} INFO - Setting next_dagrun for example_xcom_args to None, run_after=None
[2024-06-27T15:02:49.795+0000] {logging_mixin.py:188} INFO - [2024-06-27T15:02:49.794+0000] {dag.py:3954} INFO - Setting next_dagrun for example_xcom_args_with_operators to None, run_after=None
[2024-06-27T15:02:49.819+0000] {processor.py:183} INFO - Processing /home/airflow/.local/lib/python3.12/site-packages/airflow/example_dags/example_xcomargs.py took 0.113 seconds
[2024-06-27T15:03:20.086+0000] {processor.py:161} INFO - Started process (PID=218) to work on /home/airflow/.local/lib/python3.12/site-packages/airflow/example_dags/example_xcomargs.py
[2024-06-27T15:03:20.087+0000] {processor.py:830} INFO - Processing file /home/airflow/.local/lib/python3.12/site-packages/airflow/example_dags/example_xcomargs.py for tasks to queue
[2024-06-27T15:03:20.090+0000] {logging_mixin.py:188} INFO - [2024-06-27T15:03:20.090+0000] {dagbag.py:545} INFO - Filling up the DagBag from /home/airflow/.local/lib/python3.12/site-packages/airflow/example_dags/example_xcomargs.py
[2024-06-27T15:03:20.100+0000] {processor.py:840} INFO - DAG(s) 'example_xcom_args_with_operators', 'example_xcom_args' retrieved from /home/airflow/.local/lib/python3.12/site-packages/airflow/example_dags/example_xcomargs.py
[2024-06-27T15:03:20.137+0000] {logging_mixin.py:188} INFO - [2024-06-27T15:03:20.136+0000] {dag.py:3096} INFO - Sync 2 DAGs
[2024-06-27T15:03:20.158+0000] {logging_mixin.py:188} INFO - [2024-06-27T15:03:20.157+0000] {dag.py:3954} INFO - Setting next_dagrun for example_xcom_args to None, run_after=None
[2024-06-27T15:03:20.163+0000] {logging_mixin.py:188} INFO - [2024-06-27T15:03:20.163+0000] {dag.py:3954} INFO - Setting next_dagrun for example_xcom_args_with_operators to None, run_after=None
[2024-06-27T15:03:20.190+0000] {processor.py:183} INFO - Processing /home/airflow/.local/lib/python3.12/site-packages/airflow/example_dags/example_xcomargs.py took 0.112 seconds
[2024-06-27T15:04:00.151+0000] {processor.py:161} INFO - Started process (PID=286) to work on /home/airflow/.local/lib/python3.12/site-packages/airflow/example_dags/example_xcomargs.py
[2024-06-27T15:04:00.157+0000] {processor.py:830} INFO - Processing file /home/airflow/.local/lib/python3.12/site-packages/airflow/example_dags/example_xcomargs.py for tasks to queue
[2024-06-27T15:04:00.166+0000] {logging_mixin.py:188} INFO - [2024-06-27T15:04:00.165+0000] {dagbag.py:545} INFO - Filling up the DagBag from /home/airflow/.local/lib/python3.12/site-packages/airflow/example_dags/example_xcomargs.py
[2024-06-27T15:04:00.197+0000] {processor.py:840} INFO - DAG(s) 'example_xcom_args_with_operators', 'example_xcom_args' retrieved from /home/airflow/.local/lib/python3.12/site-packages/airflow/example_dags/example_xcomargs.py
[2024-06-27T15:04:00.295+0000] {logging_mixin.py:188} INFO - [2024-06-27T15:04:00.294+0000] {dag.py:3096} INFO - Sync 2 DAGs
[2024-06-27T15:04:00.416+0000] {logging_mixin.py:188} INFO - [2024-06-27T15:04:00.416+0000] {dag.py:3954} INFO - Setting next_dagrun for example_xcom_args to None, run_after=None
[2024-06-27T15:04:00.437+0000] {logging_mixin.py:188} INFO - [2024-06-27T15:04:00.437+0000] {dag.py:3954} INFO - Setting next_dagrun for example_xcom_args_with_operators to None, run_after=None
[2024-06-27T15:04:00.527+0000] {processor.py:183} INFO - Processing /home/airflow/.local/lib/python3.12/site-packages/airflow/example_dags/example_xcomargs.py took 0.390 seconds
[2024-06-27T15:04:31.335+0000] {processor.py:161} INFO - Started process (PID=371) to work on /home/airflow/.local/lib/python3.12/site-packages/airflow/example_dags/example_xcomargs.py
[2024-06-27T15:04:31.337+0000] {processor.py:830} INFO - Processing file /home/airflow/.local/lib/python3.12/site-packages/airflow/example_dags/example_xcomargs.py for tasks to queue
[2024-06-27T15:04:31.342+0000] {logging_mixin.py:188} INFO - [2024-06-27T15:04:31.341+0000] {dagbag.py:545} INFO - Filling up the DagBag from /home/airflow/.local/lib/python3.12/site-packages/airflow/example_dags/example_xcomargs.py
[2024-06-27T15:04:31.376+0000] {processor.py:840} INFO - DAG(s) 'example_xcom_args', 'example_xcom_args_with_operators' retrieved from /home/airflow/.local/lib/python3.12/site-packages/airflow/example_dags/example_xcomargs.py
[2024-06-27T15:04:31.450+0000] {logging_mixin.py:188} INFO - [2024-06-27T15:04:31.449+0000] {dag.py:3096} INFO - Sync 2 DAGs
[2024-06-27T15:04:31.504+0000] {logging_mixin.py:188} INFO - [2024-06-27T15:04:31.504+0000] {dag.py:3954} INFO - Setting next_dagrun for example_xcom_args to None, run_after=None
[2024-06-27T15:04:31.534+0000] {logging_mixin.py:188} INFO - [2024-06-27T15:04:31.533+0000] {dag.py:3954} INFO - Setting next_dagrun for example_xcom_args_with_operators to None, run_after=None
[2024-06-27T15:04:31.586+0000] {processor.py:183} INFO - Processing /home/airflow/.local/lib/python3.12/site-packages/airflow/example_dags/example_xcomargs.py took 0.265 seconds
[2024-06-27T15:05:04.331+0000] {processor.py:161} INFO - Started process (PID=443) to work on /home/airflow/.local/lib/python3.12/site-packages/airflow/example_dags/example_xcomargs.py
[2024-06-27T15:05:04.334+0000] {processor.py:830} INFO - Processing file /home/airflow/.local/lib/python3.12/site-packages/airflow/example_dags/example_xcomargs.py for tasks to queue
[2024-06-27T15:05:04.338+0000] {logging_mixin.py:188} INFO - [2024-06-27T15:05:04.337+0000] {dagbag.py:545} INFO - Filling up the DagBag from /home/airflow/.local/lib/python3.12/site-packages/airflow/example_dags/example_xcomargs.py
[2024-06-27T15:05:04.365+0000] {processor.py:840} INFO - DAG(s) 'example_xcom_args', 'example_xcom_args_with_operators' retrieved from /home/airflow/.local/lib/python3.12/site-packages/airflow/example_dags/example_xcomargs.py
[2024-06-27T15:05:04.445+0000] {logging_mixin.py:188} INFO - [2024-06-27T15:05:04.444+0000] {dag.py:3096} INFO - Sync 2 DAGs
[2024-06-27T15:05:04.482+0000] {logging_mixin.py:188} INFO - [2024-06-27T15:05:04.481+0000] {dag.py:3954} INFO - Setting next_dagrun for example_xcom_args to None, run_after=None
[2024-06-27T15:05:04.491+0000] {logging_mixin.py:188} INFO - [2024-06-27T15:05:04.490+0000] {dag.py:3954} INFO - Setting next_dagrun for example_xcom_args_with_operators to None, run_after=None
[2024-06-27T15:05:04.548+0000] {processor.py:183} INFO - Processing /home/airflow/.local/lib/python3.12/site-packages/airflow/example_dags/example_xcomargs.py took 0.236 seconds
[2024-06-27T15:05:36.733+0000] {processor.py:161} INFO - Started process (PID=533) to work on /home/airflow/.local/lib/python3.12/site-packages/airflow/example_dags/example_xcomargs.py
[2024-06-27T15:05:36.737+0000] {processor.py:830} INFO - Processing file /home/airflow/.local/lib/python3.12/site-packages/airflow/example_dags/example_xcomargs.py for tasks to queue
[2024-06-27T15:05:36.744+0000] {logging_mixin.py:188} INFO - [2024-06-27T15:05:36.743+0000] {dagbag.py:545} INFO - Filling up the DagBag from /home/airflow/.local/lib/python3.12/site-packages/airflow/example_dags/example_xcomargs.py
[2024-06-27T15:05:36.777+0000] {processor.py:840} INFO - DAG(s) 'example_xcom_args', 'example_xcom_args_with_operators' retrieved from /home/airflow/.local/lib/python3.12/site-packages/airflow/example_dags/example_xcomargs.py
[2024-06-27T15:05:36.872+0000] {logging_mixin.py:188} INFO - [2024-06-27T15:05:36.871+0000] {dag.py:3096} INFO - Sync 2 DAGs
[2024-06-27T15:05:36.927+0000] {logging_mixin.py:188} INFO - [2024-06-27T15:05:36.926+0000] {dag.py:3954} INFO - Setting next_dagrun for example_xcom_args to None, run_after=None
[2024-06-27T15:05:36.941+0000] {logging_mixin.py:188} INFO - [2024-06-27T15:05:36.940+0000] {dag.py:3954} INFO - Setting next_dagrun for example_xcom_args_with_operators to None, run_after=None
[2024-06-27T15:05:37.014+0000] {processor.py:183} INFO - Processing /home/airflow/.local/lib/python3.12/site-packages/airflow/example_dags/example_xcomargs.py took 0.314 seconds
[2024-06-27T15:06:08.639+0000] {processor.py:161} INFO - Started process (PID=606) to work on /home/airflow/.local/lib/python3.12/site-packages/airflow/example_dags/example_xcomargs.py
[2024-06-27T15:06:08.648+0000] {processor.py:830} INFO - Processing file /home/airflow/.local/lib/python3.12/site-packages/airflow/example_dags/example_xcomargs.py for tasks to queue
[2024-06-27T15:06:08.699+0000] {logging_mixin.py:188} INFO - [2024-06-27T15:06:08.698+0000] {dagbag.py:545} INFO - Filling up the DagBag from /home/airflow/.local/lib/python3.12/site-packages/airflow/example_dags/example_xcomargs.py
[2024-06-27T15:06:08.862+0000] {processor.py:840} INFO - DAG(s) 'example_xcom_args', 'example_xcom_args_with_operators' retrieved from /home/airflow/.local/lib/python3.12/site-packages/airflow/example_dags/example_xcomargs.py
[2024-06-27T15:06:09.153+0000] {logging_mixin.py:188} INFO - [2024-06-27T15:06:09.152+0000] {dag.py:3096} INFO - Sync 2 DAGs
[2024-06-27T15:06:09.306+0000] {logging_mixin.py:188} INFO - [2024-06-27T15:06:09.305+0000] {dag.py:3954} INFO - Setting next_dagrun for example_xcom_args to None, run_after=None
[2024-06-27T15:06:09.335+0000] {logging_mixin.py:188} INFO - [2024-06-27T15:06:09.334+0000] {dag.py:3954} INFO - Setting next_dagrun for example_xcom_args_with_operators to None, run_after=None
[2024-06-27T15:06:09.500+0000] {processor.py:183} INFO - Processing /home/airflow/.local/lib/python3.12/site-packages/airflow/example_dags/example_xcomargs.py took 0.958 seconds
[2024-06-27T15:06:40.326+0000] {processor.py:161} INFO - Started process (PID=682) to work on /home/airflow/.local/lib/python3.12/site-packages/airflow/example_dags/example_xcomargs.py
[2024-06-27T15:06:40.335+0000] {processor.py:830} INFO - Processing file /home/airflow/.local/lib/python3.12/site-packages/airflow/example_dags/example_xcomargs.py for tasks to queue
[2024-06-27T15:06:40.351+0000] {logging_mixin.py:188} INFO - [2024-06-27T15:06:40.346+0000] {dagbag.py:545} INFO - Filling up the DagBag from /home/airflow/.local/lib/python3.12/site-packages/airflow/example_dags/example_xcomargs.py
[2024-06-27T15:06:40.394+0000] {processor.py:840} INFO - DAG(s) 'example_xcom_args_with_operators', 'example_xcom_args' retrieved from /home/airflow/.local/lib/python3.12/site-packages/airflow/example_dags/example_xcomargs.py
[2024-06-27T15:06:40.556+0000] {logging_mixin.py:188} INFO - [2024-06-27T15:06:40.555+0000] {dag.py:3096} INFO - Sync 2 DAGs
[2024-06-27T15:06:40.611+0000] {logging_mixin.py:188} INFO - [2024-06-27T15:06:40.610+0000] {dag.py:3954} INFO - Setting next_dagrun for example_xcom_args to None, run_after=None
[2024-06-27T15:06:40.638+0000] {logging_mixin.py:188} INFO - [2024-06-27T15:06:40.637+0000] {dag.py:3954} INFO - Setting next_dagrun for example_xcom_args_with_operators to None, run_after=None
[2024-06-27T15:06:40.805+0000] {processor.py:183} INFO - Processing /home/airflow/.local/lib/python3.12/site-packages/airflow/example_dags/example_xcomargs.py took 0.512 seconds
[2024-06-27T15:07:11.888+0000] {processor.py:161} INFO - Started process (PID=767) to work on /home/airflow/.local/lib/python3.12/site-packages/airflow/example_dags/example_xcomargs.py
[2024-06-27T15:07:11.893+0000] {processor.py:830} INFO - Processing file /home/airflow/.local/lib/python3.12/site-packages/airflow/example_dags/example_xcomargs.py for tasks to queue
[2024-06-27T15:07:11.901+0000] {logging_mixin.py:188} INFO - [2024-06-27T15:07:11.900+0000] {dagbag.py:545} INFO - Filling up the DagBag from /home/airflow/.local/lib/python3.12/site-packages/airflow/example_dags/example_xcomargs.py
[2024-06-27T15:07:11.938+0000] {processor.py:840} INFO - DAG(s) 'example_xcom_args_with_operators', 'example_xcom_args' retrieved from /home/airflow/.local/lib/python3.12/site-packages/airflow/example_dags/example_xcomargs.py
[2024-06-27T15:07:12.081+0000] {logging_mixin.py:188} INFO - [2024-06-27T15:07:12.080+0000] {dag.py:3096} INFO - Sync 2 DAGs
[2024-06-27T15:07:12.131+0000] {logging_mixin.py:188} INFO - [2024-06-27T15:07:12.131+0000] {dag.py:3954} INFO - Setting next_dagrun for example_xcom_args to None, run_after=None
[2024-06-27T15:07:12.150+0000] {logging_mixin.py:188} INFO - [2024-06-27T15:07:12.150+0000] {dag.py:3954} INFO - Setting next_dagrun for example_xcom_args_with_operators to None, run_after=None
[2024-06-27T15:07:12.219+0000] {processor.py:183} INFO - Processing /home/airflow/.local/lib/python3.12/site-packages/airflow/example_dags/example_xcomargs.py took 0.364 seconds
[2024-06-27T15:07:42.847+0000] {processor.py:161} INFO - Started process (PID=857) to work on /home/airflow/.local/lib/python3.12/site-packages/airflow/example_dags/example_xcomargs.py
[2024-06-27T15:07:42.856+0000] {processor.py:830} INFO - Processing file /home/airflow/.local/lib/python3.12/site-packages/airflow/example_dags/example_xcomargs.py for tasks to queue
[2024-06-27T15:07:42.881+0000] {logging_mixin.py:188} INFO - [2024-06-27T15:07:42.879+0000] {dagbag.py:545} INFO - Filling up the DagBag from /home/airflow/.local/lib/python3.12/site-packages/airflow/example_dags/example_xcomargs.py
[2024-06-27T15:07:42.967+0000] {processor.py:840} INFO - DAG(s) 'example_xcom_args', 'example_xcom_args_with_operators' retrieved from /home/airflow/.local/lib/python3.12/site-packages/airflow/example_dags/example_xcomargs.py
[2024-06-27T15:07:43.174+0000] {logging_mixin.py:188} INFO - [2024-06-27T15:07:43.170+0000] {dag.py:3096} INFO - Sync 2 DAGs
[2024-06-27T15:07:43.300+0000] {logging_mixin.py:188} INFO - [2024-06-27T15:07:43.298+0000] {dag.py:3954} INFO - Setting next_dagrun for example_xcom_args to None, run_after=None
[2024-06-27T15:07:43.331+0000] {logging_mixin.py:188} INFO - [2024-06-27T15:07:43.328+0000] {dag.py:3954} INFO - Setting next_dagrun for example_xcom_args_with_operators to None, run_after=None
[2024-06-27T15:07:43.460+0000] {processor.py:183} INFO - Processing /home/airflow/.local/lib/python3.12/site-packages/airflow/example_dags/example_xcomargs.py took 0.665 seconds
