[2024-06-27T14:36:41.952+0000] {processor.py:161} INFO - Started process (PID=63) to work on /home/airflow/.local/lib/python3.12/site-packages/airflow/example_dags/example_subdag_operator.py
[2024-06-27T14:36:41.955+0000] {processor.py:830} INFO - Processing file /home/airflow/.local/lib/python3.12/site-packages/airflow/example_dags/example_subdag_operator.py for tasks to queue
[2024-06-27T14:36:41.962+0000] {logging_mixin.py:188} INFO - [2024-06-27T14:36:41.961+0000] {dagbag.py:545} INFO - Filling up the DagBag from /home/airflow/.local/lib/python3.12/site-packages/airflow/example_dags/example_subdag_operator.py
[2024-06-27T14:36:42.024+0000] {processor.py:840} INFO - DAG(s) 'example_subdag_operator.section-1', 'example_subdag_operator.section-2', 'example_subdag_operator' retrieved from /home/airflow/.local/lib/python3.12/site-packages/airflow/example_dags/example_subdag_operator.py
[2024-06-27T14:36:42.235+0000] {logging_mixin.py:188} INFO - [2024-06-27T14:36:42.233+0000] {override.py:1829} INFO - Created Permission View: can edit on DAG:example_subdag_operator
[2024-06-27T14:36:42.256+0000] {logging_mixin.py:188} INFO - [2024-06-27T14:36:42.256+0000] {override.py:1829} INFO - Created Permission View: can delete on DAG:example_subdag_operator
[2024-06-27T14:36:42.271+0000] {logging_mixin.py:188} INFO - [2024-06-27T14:36:42.271+0000] {override.py:1829} INFO - Created Permission View: can read on DAG:example_subdag_operator
[2024-06-27T14:36:42.273+0000] {logging_mixin.py:188} INFO - [2024-06-27T14:36:42.273+0000] {dag.py:3096} INFO - Sync 3 DAGs
[2024-06-27T14:36:42.295+0000] {logging_mixin.py:188} INFO - [2024-06-27T14:36:42.295+0000] {dag.py:3118} INFO - Creating ORM DAG for example_subdag_operator.section-1
[2024-06-27T14:36:42.297+0000] {logging_mixin.py:188} INFO - [2024-06-27T14:36:42.296+0000] {dag.py:3118} INFO - Creating ORM DAG for example_subdag_operator
[2024-06-27T14:36:42.298+0000] {logging_mixin.py:188} INFO - [2024-06-27T14:36:42.298+0000] {dag.py:3118} INFO - Creating ORM DAG for example_subdag_operator.section-2
[2024-06-27T14:36:42.319+0000] {logging_mixin.py:188} INFO - [2024-06-27T14:36:42.319+0000] {dag.py:3954} INFO - Setting next_dagrun for example_subdag_operator to 2022-01-01 00:00:00+00:00, run_after=2022-01-01 00:00:00+00:00
[2024-06-27T14:36:42.321+0000] {logging_mixin.py:188} INFO - [2024-06-27T14:36:42.321+0000] {dag.py:3954} INFO - Setting next_dagrun for example_subdag_operator.section-1 to None, run_after=None
[2024-06-27T14:36:42.323+0000] {logging_mixin.py:188} INFO - [2024-06-27T14:36:42.322+0000] {dag.py:3954} INFO - Setting next_dagrun for example_subdag_operator.section-2 to None, run_after=None
[2024-06-27T14:36:42.342+0000] {logging_mixin.py:188} INFO - [2024-06-27T14:36:42.342+0000] {dag.py:3096} INFO - Sync 2 DAGs
[2024-06-27T14:36:42.354+0000] {logging_mixin.py:188} INFO - [2024-06-27T14:36:42.353+0000] {dag.py:3954} INFO - Setting next_dagrun for example_subdag_operator.section-1 to None, run_after=None
[2024-06-27T14:36:42.360+0000] {logging_mixin.py:188} INFO - [2024-06-27T14:36:42.359+0000] {dag.py:3954} INFO - Setting next_dagrun for example_subdag_operator.section-2 to None, run_after=None
[2024-06-27T14:36:42.386+0000] {processor.py:183} INFO - Processing /home/airflow/.local/lib/python3.12/site-packages/airflow/example_dags/example_subdag_operator.py took 0.456 seconds
[2024-06-27T14:37:12.459+0000] {processor.py:161} INFO - Started process (PID=121) to work on /home/airflow/.local/lib/python3.12/site-packages/airflow/example_dags/example_subdag_operator.py
[2024-06-27T14:37:12.461+0000] {processor.py:830} INFO - Processing file /home/airflow/.local/lib/python3.12/site-packages/airflow/example_dags/example_subdag_operator.py for tasks to queue
[2024-06-27T14:37:12.464+0000] {logging_mixin.py:188} INFO - [2024-06-27T14:37:12.463+0000] {dagbag.py:545} INFO - Filling up the DagBag from /home/airflow/.local/lib/python3.12/site-packages/airflow/example_dags/example_subdag_operator.py
[2024-06-27T14:37:12.496+0000] {processor.py:840} INFO - DAG(s) 'example_subdag_operator.section-1', 'example_subdag_operator.section-2', 'example_subdag_operator' retrieved from /home/airflow/.local/lib/python3.12/site-packages/airflow/example_dags/example_subdag_operator.py
[2024-06-27T14:37:12.517+0000] {logging_mixin.py:188} INFO - [2024-06-27T14:37:12.517+0000] {dag.py:3096} INFO - Sync 3 DAGs
[2024-06-27T14:37:12.548+0000] {logging_mixin.py:188} INFO - [2024-06-27T14:37:12.548+0000] {dag.py:3954} INFO - Setting next_dagrun for example_subdag_operator to 2022-01-01 00:00:00+00:00, run_after=2022-01-01 00:00:00+00:00
[2024-06-27T14:37:12.553+0000] {logging_mixin.py:188} INFO - [2024-06-27T14:37:12.553+0000] {dag.py:3954} INFO - Setting next_dagrun for example_subdag_operator.section-1 to None, run_after=None
[2024-06-27T14:37:12.556+0000] {logging_mixin.py:188} INFO - [2024-06-27T14:37:12.556+0000] {dag.py:3954} INFO - Setting next_dagrun for example_subdag_operator.section-2 to None, run_after=None
[2024-06-27T14:37:12.567+0000] {logging_mixin.py:188} INFO - [2024-06-27T14:37:12.567+0000] {dag.py:3096} INFO - Sync 2 DAGs
[2024-06-27T14:37:12.575+0000] {logging_mixin.py:188} INFO - [2024-06-27T14:37:12.575+0000] {dag.py:3954} INFO - Setting next_dagrun for example_subdag_operator.section-1 to None, run_after=None
[2024-06-27T14:37:12.577+0000] {logging_mixin.py:188} INFO - [2024-06-27T14:37:12.577+0000] {dag.py:3954} INFO - Setting next_dagrun for example_subdag_operator.section-2 to None, run_after=None
[2024-06-27T14:37:12.597+0000] {processor.py:183} INFO - Processing /home/airflow/.local/lib/python3.12/site-packages/airflow/example_dags/example_subdag_operator.py took 0.145 seconds
[2024-06-27T14:37:43.232+0000] {processor.py:161} INFO - Started process (PID=179) to work on /home/airflow/.local/lib/python3.12/site-packages/airflow/example_dags/example_subdag_operator.py
[2024-06-27T14:37:43.234+0000] {processor.py:830} INFO - Processing file /home/airflow/.local/lib/python3.12/site-packages/airflow/example_dags/example_subdag_operator.py for tasks to queue
[2024-06-27T14:37:43.237+0000] {logging_mixin.py:188} INFO - [2024-06-27T14:37:43.236+0000] {dagbag.py:545} INFO - Filling up the DagBag from /home/airflow/.local/lib/python3.12/site-packages/airflow/example_dags/example_subdag_operator.py
[2024-06-27T14:37:43.287+0000] {processor.py:840} INFO - DAG(s) 'example_subdag_operator.section-1', 'example_subdag_operator.section-2', 'example_subdag_operator' retrieved from /home/airflow/.local/lib/python3.12/site-packages/airflow/example_dags/example_subdag_operator.py
[2024-06-27T14:37:43.311+0000] {logging_mixin.py:188} INFO - [2024-06-27T14:37:43.311+0000] {dag.py:3096} INFO - Sync 3 DAGs
[2024-06-27T14:37:43.343+0000] {logging_mixin.py:188} INFO - [2024-06-27T14:37:43.342+0000] {dag.py:3954} INFO - Setting next_dagrun for example_subdag_operator to 2022-01-01 00:00:00+00:00, run_after=2022-01-01 00:00:00+00:00
[2024-06-27T14:37:43.350+0000] {logging_mixin.py:188} INFO - [2024-06-27T14:37:43.349+0000] {dag.py:3954} INFO - Setting next_dagrun for example_subdag_operator.section-1 to None, run_after=None
[2024-06-27T14:37:43.353+0000] {logging_mixin.py:188} INFO - [2024-06-27T14:37:43.353+0000] {dag.py:3954} INFO - Setting next_dagrun for example_subdag_operator.section-2 to None, run_after=None
[2024-06-27T14:37:43.366+0000] {logging_mixin.py:188} INFO - [2024-06-27T14:37:43.365+0000] {dag.py:3096} INFO - Sync 2 DAGs
[2024-06-27T14:37:43.373+0000] {logging_mixin.py:188} INFO - [2024-06-27T14:37:43.373+0000] {dag.py:3954} INFO - Setting next_dagrun for example_subdag_operator.section-1 to None, run_after=None
[2024-06-27T14:37:43.374+0000] {logging_mixin.py:188} INFO - [2024-06-27T14:37:43.374+0000] {dag.py:3954} INFO - Setting next_dagrun for example_subdag_operator.section-2 to None, run_after=None
[2024-06-27T14:37:43.389+0000] {processor.py:183} INFO - Processing /home/airflow/.local/lib/python3.12/site-packages/airflow/example_dags/example_subdag_operator.py took 0.168 seconds
[2024-06-27T14:38:14.219+0000] {processor.py:161} INFO - Started process (PID=238) to work on /home/airflow/.local/lib/python3.12/site-packages/airflow/example_dags/example_subdag_operator.py
[2024-06-27T14:38:14.221+0000] {processor.py:830} INFO - Processing file /home/airflow/.local/lib/python3.12/site-packages/airflow/example_dags/example_subdag_operator.py for tasks to queue
[2024-06-27T14:38:14.224+0000] {logging_mixin.py:188} INFO - [2024-06-27T14:38:14.224+0000] {dagbag.py:545} INFO - Filling up the DagBag from /home/airflow/.local/lib/python3.12/site-packages/airflow/example_dags/example_subdag_operator.py
[2024-06-27T14:38:14.261+0000] {processor.py:840} INFO - DAG(s) 'example_subdag_operator.section-1', 'example_subdag_operator.section-2', 'example_subdag_operator' retrieved from /home/airflow/.local/lib/python3.12/site-packages/airflow/example_dags/example_subdag_operator.py
[2024-06-27T14:38:14.283+0000] {logging_mixin.py:188} INFO - [2024-06-27T14:38:14.282+0000] {dag.py:3096} INFO - Sync 3 DAGs
[2024-06-27T14:38:14.314+0000] {logging_mixin.py:188} INFO - [2024-06-27T14:38:14.314+0000] {dag.py:3954} INFO - Setting next_dagrun for example_subdag_operator to 2022-01-01 00:00:00+00:00, run_after=2022-01-01 00:00:00+00:00
[2024-06-27T14:38:14.320+0000] {logging_mixin.py:188} INFO - [2024-06-27T14:38:14.320+0000] {dag.py:3954} INFO - Setting next_dagrun for example_subdag_operator.section-1 to None, run_after=None
[2024-06-27T14:38:14.323+0000] {logging_mixin.py:188} INFO - [2024-06-27T14:38:14.323+0000] {dag.py:3954} INFO - Setting next_dagrun for example_subdag_operator.section-2 to None, run_after=None
[2024-06-27T14:38:14.333+0000] {logging_mixin.py:188} INFO - [2024-06-27T14:38:14.333+0000] {dag.py:3096} INFO - Sync 2 DAGs
[2024-06-27T14:38:14.342+0000] {logging_mixin.py:188} INFO - [2024-06-27T14:38:14.341+0000] {dag.py:3954} INFO - Setting next_dagrun for example_subdag_operator.section-1 to None, run_after=None
[2024-06-27T14:38:14.343+0000] {logging_mixin.py:188} INFO - [2024-06-27T14:38:14.343+0000] {dag.py:3954} INFO - Setting next_dagrun for example_subdag_operator.section-2 to None, run_after=None
[2024-06-27T14:38:14.359+0000] {processor.py:183} INFO - Processing /home/airflow/.local/lib/python3.12/site-packages/airflow/example_dags/example_subdag_operator.py took 0.149 seconds
[2024-06-27T14:39:47.967+0000] {processor.py:161} INFO - Started process (PID=66) to work on /home/airflow/.local/lib/python3.12/site-packages/airflow/example_dags/example_subdag_operator.py
[2024-06-27T14:39:47.971+0000] {processor.py:830} INFO - Processing file /home/airflow/.local/lib/python3.12/site-packages/airflow/example_dags/example_subdag_operator.py for tasks to queue
[2024-06-27T14:39:47.977+0000] {logging_mixin.py:188} INFO - [2024-06-27T14:39:47.976+0000] {dagbag.py:545} INFO - Filling up the DagBag from /home/airflow/.local/lib/python3.12/site-packages/airflow/example_dags/example_subdag_operator.py
[2024-06-27T14:39:48.060+0000] {processor.py:840} INFO - DAG(s) 'example_subdag_operator.section-1', 'example_subdag_operator.section-2', 'example_subdag_operator' retrieved from /home/airflow/.local/lib/python3.12/site-packages/airflow/example_dags/example_subdag_operator.py
[2024-06-27T14:39:48.550+0000] {logging_mixin.py:188} INFO - [2024-06-27T14:39:48.549+0000] {dag.py:3096} INFO - Sync 3 DAGs
[2024-06-27T14:39:48.655+0000] {logging_mixin.py:188} INFO - [2024-06-27T14:39:48.651+0000] {dag.py:3954} INFO - Setting next_dagrun for example_subdag_operator to 2022-01-01 00:00:00+00:00, run_after=2022-01-01 00:00:00+00:00
[2024-06-27T14:39:48.672+0000] {logging_mixin.py:188} INFO - [2024-06-27T14:39:48.671+0000] {dag.py:3954} INFO - Setting next_dagrun for example_subdag_operator.section-1 to None, run_after=None
[2024-06-27T14:39:48.681+0000] {logging_mixin.py:188} INFO - [2024-06-27T14:39:48.680+0000] {dag.py:3954} INFO - Setting next_dagrun for example_subdag_operator.section-2 to None, run_after=None
[2024-06-27T14:39:48.723+0000] {logging_mixin.py:188} INFO - [2024-06-27T14:39:48.723+0000] {dag.py:3096} INFO - Sync 2 DAGs
[2024-06-27T14:39:48.745+0000] {logging_mixin.py:188} INFO - [2024-06-27T14:39:48.744+0000] {dag.py:3954} INFO - Setting next_dagrun for example_subdag_operator.section-1 to None, run_after=None
[2024-06-27T14:39:48.748+0000] {logging_mixin.py:188} INFO - [2024-06-27T14:39:48.747+0000] {dag.py:3954} INFO - Setting next_dagrun for example_subdag_operator.section-2 to None, run_after=None
[2024-06-27T14:39:48.790+0000] {processor.py:183} INFO - Processing /home/airflow/.local/lib/python3.12/site-packages/airflow/example_dags/example_subdag_operator.py took 0.842 seconds
[2024-06-27T14:40:19.415+0000] {processor.py:161} INFO - Started process (PID=125) to work on /home/airflow/.local/lib/python3.12/site-packages/airflow/example_dags/example_subdag_operator.py
[2024-06-27T14:40:19.417+0000] {processor.py:830} INFO - Processing file /home/airflow/.local/lib/python3.12/site-packages/airflow/example_dags/example_subdag_operator.py for tasks to queue
[2024-06-27T14:40:19.419+0000] {logging_mixin.py:188} INFO - [2024-06-27T14:40:19.419+0000] {dagbag.py:545} INFO - Filling up the DagBag from /home/airflow/.local/lib/python3.12/site-packages/airflow/example_dags/example_subdag_operator.py
[2024-06-27T14:40:19.450+0000] {processor.py:840} INFO - DAG(s) 'example_subdag_operator.section-1', 'example_subdag_operator.section-2', 'example_subdag_operator' retrieved from /home/airflow/.local/lib/python3.12/site-packages/airflow/example_dags/example_subdag_operator.py
[2024-06-27T14:40:19.470+0000] {logging_mixin.py:188} INFO - [2024-06-27T14:40:19.469+0000] {dag.py:3096} INFO - Sync 3 DAGs
[2024-06-27T14:40:19.500+0000] {logging_mixin.py:188} INFO - [2024-06-27T14:40:19.500+0000] {dag.py:3954} INFO - Setting next_dagrun for example_subdag_operator to 2022-01-01 00:00:00+00:00, run_after=2022-01-01 00:00:00+00:00
[2024-06-27T14:40:19.505+0000] {logging_mixin.py:188} INFO - [2024-06-27T14:40:19.505+0000] {dag.py:3954} INFO - Setting next_dagrun for example_subdag_operator.section-1 to None, run_after=None
[2024-06-27T14:40:19.509+0000] {logging_mixin.py:188} INFO - [2024-06-27T14:40:19.508+0000] {dag.py:3954} INFO - Setting next_dagrun for example_subdag_operator.section-2 to None, run_after=None
[2024-06-27T14:40:19.519+0000] {logging_mixin.py:188} INFO - [2024-06-27T14:40:19.519+0000] {dag.py:3096} INFO - Sync 2 DAGs
[2024-06-27T14:40:19.526+0000] {logging_mixin.py:188} INFO - [2024-06-27T14:40:19.526+0000] {dag.py:3954} INFO - Setting next_dagrun for example_subdag_operator.section-1 to None, run_after=None
[2024-06-27T14:40:19.528+0000] {logging_mixin.py:188} INFO - [2024-06-27T14:40:19.527+0000] {dag.py:3954} INFO - Setting next_dagrun for example_subdag_operator.section-2 to None, run_after=None
[2024-06-27T14:40:19.543+0000] {processor.py:183} INFO - Processing /home/airflow/.local/lib/python3.12/site-packages/airflow/example_dags/example_subdag_operator.py took 0.136 seconds
[2024-06-27T14:40:49.856+0000] {processor.py:161} INFO - Started process (PID=184) to work on /home/airflow/.local/lib/python3.12/site-packages/airflow/example_dags/example_subdag_operator.py
[2024-06-27T14:40:49.857+0000] {processor.py:830} INFO - Processing file /home/airflow/.local/lib/python3.12/site-packages/airflow/example_dags/example_subdag_operator.py for tasks to queue
[2024-06-27T14:40:49.860+0000] {logging_mixin.py:188} INFO - [2024-06-27T14:40:49.859+0000] {dagbag.py:545} INFO - Filling up the DagBag from /home/airflow/.local/lib/python3.12/site-packages/airflow/example_dags/example_subdag_operator.py
[2024-06-27T14:40:49.893+0000] {processor.py:840} INFO - DAG(s) 'example_subdag_operator.section-1', 'example_subdag_operator.section-2', 'example_subdag_operator' retrieved from /home/airflow/.local/lib/python3.12/site-packages/airflow/example_dags/example_subdag_operator.py
[2024-06-27T14:40:49.914+0000] {logging_mixin.py:188} INFO - [2024-06-27T14:40:49.913+0000] {dag.py:3096} INFO - Sync 3 DAGs
[2024-06-27T14:40:49.945+0000] {logging_mixin.py:188} INFO - [2024-06-27T14:40:49.945+0000] {dag.py:3954} INFO - Setting next_dagrun for example_subdag_operator to 2022-01-01 00:00:00+00:00, run_after=2022-01-01 00:00:00+00:00
[2024-06-27T14:40:49.951+0000] {logging_mixin.py:188} INFO - [2024-06-27T14:40:49.951+0000] {dag.py:3954} INFO - Setting next_dagrun for example_subdag_operator.section-1 to None, run_after=None
[2024-06-27T14:40:49.954+0000] {logging_mixin.py:188} INFO - [2024-06-27T14:40:49.954+0000] {dag.py:3954} INFO - Setting next_dagrun for example_subdag_operator.section-2 to None, run_after=None
[2024-06-27T14:40:49.965+0000] {logging_mixin.py:188} INFO - [2024-06-27T14:40:49.965+0000] {dag.py:3096} INFO - Sync 2 DAGs
[2024-06-27T14:40:49.972+0000] {logging_mixin.py:188} INFO - [2024-06-27T14:40:49.971+0000] {dag.py:3954} INFO - Setting next_dagrun for example_subdag_operator.section-1 to None, run_after=None
[2024-06-27T14:40:49.973+0000] {logging_mixin.py:188} INFO - [2024-06-27T14:40:49.973+0000] {dag.py:3954} INFO - Setting next_dagrun for example_subdag_operator.section-2 to None, run_after=None
[2024-06-27T14:40:49.990+0000] {processor.py:183} INFO - Processing /home/airflow/.local/lib/python3.12/site-packages/airflow/example_dags/example_subdag_operator.py took 0.142 seconds
[2024-06-27T14:41:20.140+0000] {processor.py:161} INFO - Started process (PID=243) to work on /home/airflow/.local/lib/python3.12/site-packages/airflow/example_dags/example_subdag_operator.py
[2024-06-27T14:41:20.142+0000] {processor.py:830} INFO - Processing file /home/airflow/.local/lib/python3.12/site-packages/airflow/example_dags/example_subdag_operator.py for tasks to queue
[2024-06-27T14:41:20.145+0000] {logging_mixin.py:188} INFO - [2024-06-27T14:41:20.144+0000] {dagbag.py:545} INFO - Filling up the DagBag from /home/airflow/.local/lib/python3.12/site-packages/airflow/example_dags/example_subdag_operator.py
[2024-06-27T14:41:20.179+0000] {processor.py:840} INFO - DAG(s) 'example_subdag_operator.section-1', 'example_subdag_operator.section-2', 'example_subdag_operator' retrieved from /home/airflow/.local/lib/python3.12/site-packages/airflow/example_dags/example_subdag_operator.py
[2024-06-27T14:41:20.200+0000] {logging_mixin.py:188} INFO - [2024-06-27T14:41:20.200+0000] {dag.py:3096} INFO - Sync 3 DAGs
[2024-06-27T14:41:20.233+0000] {logging_mixin.py:188} INFO - [2024-06-27T14:41:20.232+0000] {dag.py:3954} INFO - Setting next_dagrun for example_subdag_operator to 2022-01-01 00:00:00+00:00, run_after=2022-01-01 00:00:00+00:00
[2024-06-27T14:41:20.240+0000] {logging_mixin.py:188} INFO - [2024-06-27T14:41:20.239+0000] {dag.py:3954} INFO - Setting next_dagrun for example_subdag_operator.section-1 to None, run_after=None
[2024-06-27T14:41:20.247+0000] {logging_mixin.py:188} INFO - [2024-06-27T14:41:20.246+0000] {dag.py:3954} INFO - Setting next_dagrun for example_subdag_operator.section-2 to None, run_after=None
[2024-06-27T14:41:20.258+0000] {logging_mixin.py:188} INFO - [2024-06-27T14:41:20.258+0000] {dag.py:3096} INFO - Sync 2 DAGs
[2024-06-27T14:41:20.266+0000] {logging_mixin.py:188} INFO - [2024-06-27T14:41:20.266+0000] {dag.py:3954} INFO - Setting next_dagrun for example_subdag_operator.section-1 to None, run_after=None
[2024-06-27T14:41:20.267+0000] {logging_mixin.py:188} INFO - [2024-06-27T14:41:20.267+0000] {dag.py:3954} INFO - Setting next_dagrun for example_subdag_operator.section-2 to None, run_after=None
[2024-06-27T14:41:20.287+0000] {processor.py:183} INFO - Processing /home/airflow/.local/lib/python3.12/site-packages/airflow/example_dags/example_subdag_operator.py took 0.155 seconds
[2024-06-27T14:41:50.567+0000] {processor.py:161} INFO - Started process (PID=302) to work on /home/airflow/.local/lib/python3.12/site-packages/airflow/example_dags/example_subdag_operator.py
[2024-06-27T14:41:50.568+0000] {processor.py:830} INFO - Processing file /home/airflow/.local/lib/python3.12/site-packages/airflow/example_dags/example_subdag_operator.py for tasks to queue
[2024-06-27T14:41:50.571+0000] {logging_mixin.py:188} INFO - [2024-06-27T14:41:50.570+0000] {dagbag.py:545} INFO - Filling up the DagBag from /home/airflow/.local/lib/python3.12/site-packages/airflow/example_dags/example_subdag_operator.py
[2024-06-27T14:41:50.605+0000] {processor.py:840} INFO - DAG(s) 'example_subdag_operator.section-1', 'example_subdag_operator.section-2', 'example_subdag_operator' retrieved from /home/airflow/.local/lib/python3.12/site-packages/airflow/example_dags/example_subdag_operator.py
[2024-06-27T14:41:50.625+0000] {logging_mixin.py:188} INFO - [2024-06-27T14:41:50.625+0000] {dag.py:3096} INFO - Sync 3 DAGs
[2024-06-27T14:41:50.657+0000] {logging_mixin.py:188} INFO - [2024-06-27T14:41:50.657+0000] {dag.py:3954} INFO - Setting next_dagrun for example_subdag_operator to 2022-01-01 00:00:00+00:00, run_after=2022-01-01 00:00:00+00:00
[2024-06-27T14:41:50.664+0000] {logging_mixin.py:188} INFO - [2024-06-27T14:41:50.664+0000] {dag.py:3954} INFO - Setting next_dagrun for example_subdag_operator.section-1 to None, run_after=None
[2024-06-27T14:41:50.667+0000] {logging_mixin.py:188} INFO - [2024-06-27T14:41:50.667+0000] {dag.py:3954} INFO - Setting next_dagrun for example_subdag_operator.section-2 to None, run_after=None
[2024-06-27T14:41:50.678+0000] {logging_mixin.py:188} INFO - [2024-06-27T14:41:50.678+0000] {dag.py:3096} INFO - Sync 2 DAGs
[2024-06-27T14:41:50.686+0000] {logging_mixin.py:188} INFO - [2024-06-27T14:41:50.686+0000] {dag.py:3954} INFO - Setting next_dagrun for example_subdag_operator.section-1 to None, run_after=None
[2024-06-27T14:41:50.687+0000] {logging_mixin.py:188} INFO - [2024-06-27T14:41:50.687+0000] {dag.py:3954} INFO - Setting next_dagrun for example_subdag_operator.section-2 to None, run_after=None
[2024-06-27T14:41:50.708+0000] {processor.py:183} INFO - Processing /home/airflow/.local/lib/python3.12/site-packages/airflow/example_dags/example_subdag_operator.py took 0.149 seconds
[2024-06-27T14:42:20.776+0000] {processor.py:161} INFO - Started process (PID=361) to work on /home/airflow/.local/lib/python3.12/site-packages/airflow/example_dags/example_subdag_operator.py
[2024-06-27T14:42:20.777+0000] {processor.py:830} INFO - Processing file /home/airflow/.local/lib/python3.12/site-packages/airflow/example_dags/example_subdag_operator.py for tasks to queue
[2024-06-27T14:42:20.780+0000] {logging_mixin.py:188} INFO - [2024-06-27T14:42:20.779+0000] {dagbag.py:545} INFO - Filling up the DagBag from /home/airflow/.local/lib/python3.12/site-packages/airflow/example_dags/example_subdag_operator.py
[2024-06-27T14:42:20.815+0000] {processor.py:840} INFO - DAG(s) 'example_subdag_operator.section-1', 'example_subdag_operator.section-2', 'example_subdag_operator' retrieved from /home/airflow/.local/lib/python3.12/site-packages/airflow/example_dags/example_subdag_operator.py
[2024-06-27T14:42:20.850+0000] {logging_mixin.py:188} INFO - [2024-06-27T14:42:20.849+0000] {dag.py:3096} INFO - Sync 3 DAGs
[2024-06-27T14:42:20.887+0000] {logging_mixin.py:188} INFO - [2024-06-27T14:42:20.886+0000] {dag.py:3954} INFO - Setting next_dagrun for example_subdag_operator to 2022-01-01 00:00:00+00:00, run_after=2022-01-01 00:00:00+00:00
[2024-06-27T14:42:20.894+0000] {logging_mixin.py:188} INFO - [2024-06-27T14:42:20.893+0000] {dag.py:3954} INFO - Setting next_dagrun for example_subdag_operator.section-1 to None, run_after=None
[2024-06-27T14:42:20.896+0000] {logging_mixin.py:188} INFO - [2024-06-27T14:42:20.896+0000] {dag.py:3954} INFO - Setting next_dagrun for example_subdag_operator.section-2 to None, run_after=None
[2024-06-27T14:42:20.909+0000] {logging_mixin.py:188} INFO - [2024-06-27T14:42:20.909+0000] {dag.py:3096} INFO - Sync 2 DAGs
[2024-06-27T14:42:20.916+0000] {logging_mixin.py:188} INFO - [2024-06-27T14:42:20.916+0000] {dag.py:3954} INFO - Setting next_dagrun for example_subdag_operator.section-1 to None, run_after=None
[2024-06-27T14:42:20.918+0000] {logging_mixin.py:188} INFO - [2024-06-27T14:42:20.917+0000] {dag.py:3954} INFO - Setting next_dagrun for example_subdag_operator.section-2 to None, run_after=None
[2024-06-27T14:42:20.934+0000] {processor.py:183} INFO - Processing /home/airflow/.local/lib/python3.12/site-packages/airflow/example_dags/example_subdag_operator.py took 0.167 seconds
[2024-06-27T14:44:00.983+0000] {processor.py:161} INFO - Started process (PID=66) to work on /home/airflow/.local/lib/python3.12/site-packages/airflow/example_dags/example_subdag_operator.py
[2024-06-27T14:44:00.986+0000] {processor.py:830} INFO - Processing file /home/airflow/.local/lib/python3.12/site-packages/airflow/example_dags/example_subdag_operator.py for tasks to queue
[2024-06-27T14:44:00.991+0000] {logging_mixin.py:188} INFO - [2024-06-27T14:44:00.990+0000] {dagbag.py:545} INFO - Filling up the DagBag from /home/airflow/.local/lib/python3.12/site-packages/airflow/example_dags/example_subdag_operator.py
[2024-06-27T14:44:01.050+0000] {processor.py:840} INFO - DAG(s) 'example_subdag_operator.section-1', 'example_subdag_operator.section-2', 'example_subdag_operator' retrieved from /home/airflow/.local/lib/python3.12/site-packages/airflow/example_dags/example_subdag_operator.py
[2024-06-27T14:44:01.254+0000] {logging_mixin.py:188} INFO - [2024-06-27T14:44:01.253+0000] {dag.py:3096} INFO - Sync 3 DAGs
[2024-06-27T14:44:01.289+0000] {logging_mixin.py:188} INFO - [2024-06-27T14:44:01.289+0000] {dag.py:3954} INFO - Setting next_dagrun for example_subdag_operator to 2022-01-01 00:00:00+00:00, run_after=2022-01-01 00:00:00+00:00
[2024-06-27T14:44:01.296+0000] {logging_mixin.py:188} INFO - [2024-06-27T14:44:01.296+0000] {dag.py:3954} INFO - Setting next_dagrun for example_subdag_operator.section-1 to None, run_after=None
[2024-06-27T14:44:01.300+0000] {logging_mixin.py:188} INFO - [2024-06-27T14:44:01.299+0000] {dag.py:3954} INFO - Setting next_dagrun for example_subdag_operator.section-2 to None, run_after=None
[2024-06-27T14:44:01.318+0000] {logging_mixin.py:188} INFO - [2024-06-27T14:44:01.318+0000] {dag.py:3096} INFO - Sync 2 DAGs
[2024-06-27T14:44:01.329+0000] {logging_mixin.py:188} INFO - [2024-06-27T14:44:01.328+0000] {dag.py:3954} INFO - Setting next_dagrun for example_subdag_operator.section-1 to None, run_after=None
[2024-06-27T14:44:01.332+0000] {logging_mixin.py:188} INFO - [2024-06-27T14:44:01.331+0000] {dag.py:3954} INFO - Setting next_dagrun for example_subdag_operator.section-2 to None, run_after=None
[2024-06-27T14:44:01.356+0000] {processor.py:183} INFO - Processing /home/airflow/.local/lib/python3.12/site-packages/airflow/example_dags/example_subdag_operator.py took 0.384 seconds
[2024-06-27T14:44:25.332+0000] {processor.py:161} INFO - Started process (PID=60) to work on /home/airflow/.local/lib/python3.12/site-packages/airflow/example_dags/example_subdag_operator.py
[2024-06-27T14:44:25.335+0000] {processor.py:830} INFO - Processing file /home/airflow/.local/lib/python3.12/site-packages/airflow/example_dags/example_subdag_operator.py for tasks to queue
[2024-06-27T14:44:25.342+0000] {logging_mixin.py:188} INFO - [2024-06-27T14:44:25.340+0000] {dagbag.py:545} INFO - Filling up the DagBag from /home/airflow/.local/lib/python3.12/site-packages/airflow/example_dags/example_subdag_operator.py
[2024-06-27T14:44:25.432+0000] {processor.py:840} INFO - DAG(s) 'example_subdag_operator.section-1', 'example_subdag_operator.section-2', 'example_subdag_operator' retrieved from /home/airflow/.local/lib/python3.12/site-packages/airflow/example_dags/example_subdag_operator.py
[2024-06-27T14:44:25.452+0000] {logging_mixin.py:188} INFO - [2024-06-27T14:44:25.451+0000] {dag.py:3096} INFO - Sync 3 DAGs
[2024-06-27T14:44:25.822+0000] {logging_mixin.py:188} INFO - [2024-06-27T14:44:25.821+0000] {dag.py:3954} INFO - Setting next_dagrun for example_subdag_operator to 2022-01-01 00:00:00+00:00, run_after=2022-01-01 00:00:00+00:00
[2024-06-27T14:44:25.837+0000] {logging_mixin.py:188} INFO - [2024-06-27T14:44:25.836+0000] {dag.py:3954} INFO - Setting next_dagrun for example_subdag_operator.section-1 to None, run_after=None
[2024-06-27T14:44:25.842+0000] {logging_mixin.py:188} INFO - [2024-06-27T14:44:25.841+0000] {dag.py:3954} INFO - Setting next_dagrun for example_subdag_operator.section-2 to None, run_after=None
[2024-06-27T14:44:25.869+0000] {logging_mixin.py:188} INFO - [2024-06-27T14:44:25.868+0000] {dag.py:3096} INFO - Sync 2 DAGs
[2024-06-27T14:44:25.886+0000] {logging_mixin.py:188} INFO - [2024-06-27T14:44:25.885+0000] {dag.py:3954} INFO - Setting next_dagrun for example_subdag_operator.section-1 to None, run_after=None
[2024-06-27T14:44:25.889+0000] {logging_mixin.py:188} INFO - [2024-06-27T14:44:25.888+0000] {dag.py:3954} INFO - Setting next_dagrun for example_subdag_operator.section-2 to None, run_after=None
[2024-06-27T14:44:25.925+0000] {processor.py:183} INFO - Processing /home/airflow/.local/lib/python3.12/site-packages/airflow/example_dags/example_subdag_operator.py took 0.611 seconds
[2024-06-27T14:44:56.613+0000] {processor.py:161} INFO - Started process (PID=119) to work on /home/airflow/.local/lib/python3.12/site-packages/airflow/example_dags/example_subdag_operator.py
[2024-06-27T14:44:56.616+0000] {processor.py:830} INFO - Processing file /home/airflow/.local/lib/python3.12/site-packages/airflow/example_dags/example_subdag_operator.py for tasks to queue
[2024-06-27T14:44:56.618+0000] {logging_mixin.py:188} INFO - [2024-06-27T14:44:56.618+0000] {dagbag.py:545} INFO - Filling up the DagBag from /home/airflow/.local/lib/python3.12/site-packages/airflow/example_dags/example_subdag_operator.py
[2024-06-27T14:44:56.656+0000] {processor.py:840} INFO - DAG(s) 'example_subdag_operator.section-1', 'example_subdag_operator.section-2', 'example_subdag_operator' retrieved from /home/airflow/.local/lib/python3.12/site-packages/airflow/example_dags/example_subdag_operator.py
[2024-06-27T14:44:56.676+0000] {logging_mixin.py:188} INFO - [2024-06-27T14:44:56.675+0000] {dag.py:3096} INFO - Sync 3 DAGs
[2024-06-27T14:44:56.706+0000] {logging_mixin.py:188} INFO - [2024-06-27T14:44:56.706+0000] {dag.py:3954} INFO - Setting next_dagrun for example_subdag_operator to 2022-01-01 00:00:00+00:00, run_after=2022-01-01 00:00:00+00:00
[2024-06-27T14:44:56.713+0000] {logging_mixin.py:188} INFO - [2024-06-27T14:44:56.713+0000] {dag.py:3954} INFO - Setting next_dagrun for example_subdag_operator.section-1 to None, run_after=None
[2024-06-27T14:44:56.716+0000] {logging_mixin.py:188} INFO - [2024-06-27T14:44:56.716+0000] {dag.py:3954} INFO - Setting next_dagrun for example_subdag_operator.section-2 to None, run_after=None
[2024-06-27T14:44:56.726+0000] {logging_mixin.py:188} INFO - [2024-06-27T14:44:56.726+0000] {dag.py:3096} INFO - Sync 2 DAGs
[2024-06-27T14:44:56.735+0000] {logging_mixin.py:188} INFO - [2024-06-27T14:44:56.735+0000] {dag.py:3954} INFO - Setting next_dagrun for example_subdag_operator.section-1 to None, run_after=None
[2024-06-27T14:44:56.736+0000] {logging_mixin.py:188} INFO - [2024-06-27T14:44:56.736+0000] {dag.py:3954} INFO - Setting next_dagrun for example_subdag_operator.section-2 to None, run_after=None
[2024-06-27T14:44:56.753+0000] {processor.py:183} INFO - Processing /home/airflow/.local/lib/python3.12/site-packages/airflow/example_dags/example_subdag_operator.py took 0.148 seconds
[2024-06-27T14:45:27.569+0000] {processor.py:161} INFO - Started process (PID=178) to work on /home/airflow/.local/lib/python3.12/site-packages/airflow/example_dags/example_subdag_operator.py
[2024-06-27T14:45:27.572+0000] {processor.py:830} INFO - Processing file /home/airflow/.local/lib/python3.12/site-packages/airflow/example_dags/example_subdag_operator.py for tasks to queue
[2024-06-27T14:45:27.577+0000] {logging_mixin.py:188} INFO - [2024-06-27T14:45:27.576+0000] {dagbag.py:545} INFO - Filling up the DagBag from /home/airflow/.local/lib/python3.12/site-packages/airflow/example_dags/example_subdag_operator.py
[2024-06-27T14:45:27.635+0000] {processor.py:840} INFO - DAG(s) 'example_subdag_operator.section-1', 'example_subdag_operator.section-2', 'example_subdag_operator' retrieved from /home/airflow/.local/lib/python3.12/site-packages/airflow/example_dags/example_subdag_operator.py
[2024-06-27T14:45:27.672+0000] {logging_mixin.py:188} INFO - [2024-06-27T14:45:27.671+0000] {dag.py:3096} INFO - Sync 3 DAGs
[2024-06-27T14:45:27.715+0000] {logging_mixin.py:188} INFO - [2024-06-27T14:45:27.714+0000] {dag.py:3954} INFO - Setting next_dagrun for example_subdag_operator to 2022-01-01 00:00:00+00:00, run_after=2022-01-01 00:00:00+00:00
[2024-06-27T14:45:27.727+0000] {logging_mixin.py:188} INFO - [2024-06-27T14:45:27.726+0000] {dag.py:3954} INFO - Setting next_dagrun for example_subdag_operator.section-1 to None, run_after=None
[2024-06-27T14:45:27.730+0000] {logging_mixin.py:188} INFO - [2024-06-27T14:45:27.730+0000] {dag.py:3954} INFO - Setting next_dagrun for example_subdag_operator.section-2 to None, run_after=None
[2024-06-27T14:45:27.746+0000] {logging_mixin.py:188} INFO - [2024-06-27T14:45:27.745+0000] {dag.py:3096} INFO - Sync 2 DAGs
[2024-06-27T14:45:27.760+0000] {logging_mixin.py:188} INFO - [2024-06-27T14:45:27.760+0000] {dag.py:3954} INFO - Setting next_dagrun for example_subdag_operator.section-1 to None, run_after=None
[2024-06-27T14:45:27.763+0000] {logging_mixin.py:188} INFO - [2024-06-27T14:45:27.762+0000] {dag.py:3954} INFO - Setting next_dagrun for example_subdag_operator.section-2 to None, run_after=None
[2024-06-27T14:45:27.791+0000] {processor.py:183} INFO - Processing /home/airflow/.local/lib/python3.12/site-packages/airflow/example_dags/example_subdag_operator.py took 0.240 seconds
[2024-06-27T14:45:57.982+0000] {processor.py:161} INFO - Started process (PID=237) to work on /home/airflow/.local/lib/python3.12/site-packages/airflow/example_dags/example_subdag_operator.py
[2024-06-27T14:45:57.984+0000] {processor.py:830} INFO - Processing file /home/airflow/.local/lib/python3.12/site-packages/airflow/example_dags/example_subdag_operator.py for tasks to queue
[2024-06-27T14:45:57.986+0000] {logging_mixin.py:188} INFO - [2024-06-27T14:45:57.986+0000] {dagbag.py:545} INFO - Filling up the DagBag from /home/airflow/.local/lib/python3.12/site-packages/airflow/example_dags/example_subdag_operator.py
[2024-06-27T14:45:58.025+0000] {processor.py:840} INFO - DAG(s) 'example_subdag_operator.section-1', 'example_subdag_operator.section-2', 'example_subdag_operator' retrieved from /home/airflow/.local/lib/python3.12/site-packages/airflow/example_dags/example_subdag_operator.py
[2024-06-27T14:45:58.054+0000] {logging_mixin.py:188} INFO - [2024-06-27T14:45:58.053+0000] {dag.py:3096} INFO - Sync 3 DAGs
[2024-06-27T14:45:58.093+0000] {logging_mixin.py:188} INFO - [2024-06-27T14:45:58.093+0000] {dag.py:3954} INFO - Setting next_dagrun for example_subdag_operator to 2022-01-01 00:00:00+00:00, run_after=2022-01-01 00:00:00+00:00
[2024-06-27T14:45:58.100+0000] {logging_mixin.py:188} INFO - [2024-06-27T14:45:58.099+0000] {dag.py:3954} INFO - Setting next_dagrun for example_subdag_operator.section-1 to None, run_after=None
[2024-06-27T14:45:58.104+0000] {logging_mixin.py:188} INFO - [2024-06-27T14:45:58.103+0000] {dag.py:3954} INFO - Setting next_dagrun for example_subdag_operator.section-2 to None, run_after=None
[2024-06-27T14:45:58.117+0000] {logging_mixin.py:188} INFO - [2024-06-27T14:45:58.116+0000] {dag.py:3096} INFO - Sync 2 DAGs
[2024-06-27T14:45:58.130+0000] {logging_mixin.py:188} INFO - [2024-06-27T14:45:58.130+0000] {dag.py:3954} INFO - Setting next_dagrun for example_subdag_operator.section-1 to None, run_after=None
[2024-06-27T14:45:58.132+0000] {logging_mixin.py:188} INFO - [2024-06-27T14:45:58.132+0000] {dag.py:3954} INFO - Setting next_dagrun for example_subdag_operator.section-2 to None, run_after=None
[2024-06-27T14:45:58.153+0000] {processor.py:183} INFO - Processing /home/airflow/.local/lib/python3.12/site-packages/airflow/example_dags/example_subdag_operator.py took 0.181 seconds
[2024-06-27T14:46:28.257+0000] {processor.py:161} INFO - Started process (PID=296) to work on /home/airflow/.local/lib/python3.12/site-packages/airflow/example_dags/example_subdag_operator.py
[2024-06-27T14:46:28.259+0000] {processor.py:830} INFO - Processing file /home/airflow/.local/lib/python3.12/site-packages/airflow/example_dags/example_subdag_operator.py for tasks to queue
[2024-06-27T14:46:28.262+0000] {logging_mixin.py:188} INFO - [2024-06-27T14:46:28.261+0000] {dagbag.py:545} INFO - Filling up the DagBag from /home/airflow/.local/lib/python3.12/site-packages/airflow/example_dags/example_subdag_operator.py
[2024-06-27T14:46:28.295+0000] {processor.py:840} INFO - DAG(s) 'example_subdag_operator.section-1', 'example_subdag_operator.section-2', 'example_subdag_operator' retrieved from /home/airflow/.local/lib/python3.12/site-packages/airflow/example_dags/example_subdag_operator.py
[2024-06-27T14:46:28.316+0000] {logging_mixin.py:188} INFO - [2024-06-27T14:46:28.316+0000] {dag.py:3096} INFO - Sync 3 DAGs
[2024-06-27T14:46:28.344+0000] {logging_mixin.py:188} INFO - [2024-06-27T14:46:28.344+0000] {dag.py:3954} INFO - Setting next_dagrun for example_subdag_operator to 2022-01-01 00:00:00+00:00, run_after=2022-01-01 00:00:00+00:00
[2024-06-27T14:46:28.350+0000] {logging_mixin.py:188} INFO - [2024-06-27T14:46:28.350+0000] {dag.py:3954} INFO - Setting next_dagrun for example_subdag_operator.section-1 to None, run_after=None
[2024-06-27T14:46:28.353+0000] {logging_mixin.py:188} INFO - [2024-06-27T14:46:28.353+0000] {dag.py:3954} INFO - Setting next_dagrun for example_subdag_operator.section-2 to None, run_after=None
[2024-06-27T14:46:28.366+0000] {logging_mixin.py:188} INFO - [2024-06-27T14:46:28.366+0000] {dag.py:3096} INFO - Sync 2 DAGs
[2024-06-27T14:46:28.375+0000] {logging_mixin.py:188} INFO - [2024-06-27T14:46:28.374+0000] {dag.py:3954} INFO - Setting next_dagrun for example_subdag_operator.section-1 to None, run_after=None
[2024-06-27T14:46:28.376+0000] {logging_mixin.py:188} INFO - [2024-06-27T14:46:28.376+0000] {dag.py:3954} INFO - Setting next_dagrun for example_subdag_operator.section-2 to None, run_after=None
[2024-06-27T14:46:28.399+0000] {processor.py:183} INFO - Processing /home/airflow/.local/lib/python3.12/site-packages/airflow/example_dags/example_subdag_operator.py took 0.151 seconds
[2024-06-27T14:58:59.956+0000] {processor.py:161} INFO - Started process (PID=65) to work on /home/airflow/.local/lib/python3.12/site-packages/airflow/example_dags/example_subdag_operator.py
[2024-06-27T14:58:59.958+0000] {processor.py:830} INFO - Processing file /home/airflow/.local/lib/python3.12/site-packages/airflow/example_dags/example_subdag_operator.py for tasks to queue
[2024-06-27T14:58:59.963+0000] {logging_mixin.py:188} INFO - [2024-06-27T14:58:59.962+0000] {dagbag.py:545} INFO - Filling up the DagBag from /home/airflow/.local/lib/python3.12/site-packages/airflow/example_dags/example_subdag_operator.py
[2024-06-27T14:59:00.044+0000] {processor.py:840} INFO - DAG(s) 'example_subdag_operator.section-1', 'example_subdag_operator.section-2', 'example_subdag_operator' retrieved from /home/airflow/.local/lib/python3.12/site-packages/airflow/example_dags/example_subdag_operator.py
[2024-06-27T14:59:00.059+0000] {logging_mixin.py:188} INFO - [2024-06-27T14:59:00.058+0000] {dag.py:3096} INFO - Sync 3 DAGs
[2024-06-27T14:59:00.131+0000] {logging_mixin.py:188} INFO - [2024-06-27T14:59:00.130+0000] {dag.py:3954} INFO - Setting next_dagrun for example_subdag_operator to 2022-01-01 00:00:00+00:00, run_after=2022-01-01 00:00:00+00:00
[2024-06-27T14:59:00.141+0000] {logging_mixin.py:188} INFO - [2024-06-27T14:59:00.140+0000] {dag.py:3954} INFO - Setting next_dagrun for example_subdag_operator.section-1 to None, run_after=None
[2024-06-27T14:59:00.145+0000] {logging_mixin.py:188} INFO - [2024-06-27T14:59:00.145+0000] {dag.py:3954} INFO - Setting next_dagrun for example_subdag_operator.section-2 to None, run_after=None
[2024-06-27T14:59:00.196+0000] {logging_mixin.py:188} INFO - [2024-06-27T14:59:00.196+0000] {dag.py:3096} INFO - Sync 2 DAGs
[2024-06-27T14:59:00.211+0000] {logging_mixin.py:188} INFO - [2024-06-27T14:59:00.211+0000] {dag.py:3954} INFO - Setting next_dagrun for example_subdag_operator.section-1 to None, run_after=None
[2024-06-27T14:59:00.216+0000] {logging_mixin.py:188} INFO - [2024-06-27T14:59:00.215+0000] {dag.py:3954} INFO - Setting next_dagrun for example_subdag_operator.section-2 to None, run_after=None
[2024-06-27T14:59:00.248+0000] {processor.py:183} INFO - Processing /home/airflow/.local/lib/python3.12/site-packages/airflow/example_dags/example_subdag_operator.py took 0.309 seconds
[2024-06-27T14:59:31.677+0000] {processor.py:161} INFO - Started process (PID=124) to work on /home/airflow/.local/lib/python3.12/site-packages/airflow/example_dags/example_subdag_operator.py
[2024-06-27T14:59:31.679+0000] {processor.py:830} INFO - Processing file /home/airflow/.local/lib/python3.12/site-packages/airflow/example_dags/example_subdag_operator.py for tasks to queue
[2024-06-27T14:59:31.683+0000] {logging_mixin.py:188} INFO - [2024-06-27T14:59:31.682+0000] {dagbag.py:545} INFO - Filling up the DagBag from /home/airflow/.local/lib/python3.12/site-packages/airflow/example_dags/example_subdag_operator.py
[2024-06-27T14:59:31.756+0000] {processor.py:840} INFO - DAG(s) 'example_subdag_operator.section-1', 'example_subdag_operator.section-2', 'example_subdag_operator' retrieved from /home/airflow/.local/lib/python3.12/site-packages/airflow/example_dags/example_subdag_operator.py
[2024-06-27T14:59:31.997+0000] {logging_mixin.py:188} INFO - [2024-06-27T14:59:31.996+0000] {dag.py:3096} INFO - Sync 3 DAGs
[2024-06-27T14:59:32.036+0000] {logging_mixin.py:188} INFO - [2024-06-27T14:59:32.036+0000] {dag.py:3954} INFO - Setting next_dagrun for example_subdag_operator to 2022-01-01 00:00:00+00:00, run_after=2022-01-01 00:00:00+00:00
[2024-06-27T14:59:32.043+0000] {logging_mixin.py:188} INFO - [2024-06-27T14:59:32.043+0000] {dag.py:3954} INFO - Setting next_dagrun for example_subdag_operator.section-1 to None, run_after=None
[2024-06-27T14:59:32.047+0000] {logging_mixin.py:188} INFO - [2024-06-27T14:59:32.046+0000] {dag.py:3954} INFO - Setting next_dagrun for example_subdag_operator.section-2 to None, run_after=None
[2024-06-27T14:59:32.065+0000] {logging_mixin.py:188} INFO - [2024-06-27T14:59:32.064+0000] {dag.py:3096} INFO - Sync 2 DAGs
[2024-06-27T14:59:32.076+0000] {logging_mixin.py:188} INFO - [2024-06-27T14:59:32.076+0000] {dag.py:3954} INFO - Setting next_dagrun for example_subdag_operator.section-1 to None, run_after=None
[2024-06-27T14:59:32.078+0000] {logging_mixin.py:188} INFO - [2024-06-27T14:59:32.078+0000] {dag.py:3954} INFO - Setting next_dagrun for example_subdag_operator.section-2 to None, run_after=None
[2024-06-27T14:59:32.102+0000] {processor.py:183} INFO - Processing /home/airflow/.local/lib/python3.12/site-packages/airflow/example_dags/example_subdag_operator.py took 0.436 seconds
[2024-06-27T15:00:02.654+0000] {processor.py:161} INFO - Started process (PID=183) to work on /home/airflow/.local/lib/python3.12/site-packages/airflow/example_dags/example_subdag_operator.py
[2024-06-27T15:00:02.656+0000] {processor.py:830} INFO - Processing file /home/airflow/.local/lib/python3.12/site-packages/airflow/example_dags/example_subdag_operator.py for tasks to queue
[2024-06-27T15:00:02.659+0000] {logging_mixin.py:188} INFO - [2024-06-27T15:00:02.658+0000] {dagbag.py:545} INFO - Filling up the DagBag from /home/airflow/.local/lib/python3.12/site-packages/airflow/example_dags/example_subdag_operator.py
[2024-06-27T15:00:02.691+0000] {processor.py:840} INFO - DAG(s) 'example_subdag_operator.section-1', 'example_subdag_operator.section-2', 'example_subdag_operator' retrieved from /home/airflow/.local/lib/python3.12/site-packages/airflow/example_dags/example_subdag_operator.py
[2024-06-27T15:00:02.709+0000] {logging_mixin.py:188} INFO - [2024-06-27T15:00:02.708+0000] {dag.py:3096} INFO - Sync 3 DAGs
[2024-06-27T15:00:02.737+0000] {logging_mixin.py:188} INFO - [2024-06-27T15:00:02.737+0000] {dag.py:3954} INFO - Setting next_dagrun for example_subdag_operator to 2022-01-01 00:00:00+00:00, run_after=2022-01-01 00:00:00+00:00
[2024-06-27T15:00:02.743+0000] {logging_mixin.py:188} INFO - [2024-06-27T15:00:02.743+0000] {dag.py:3954} INFO - Setting next_dagrun for example_subdag_operator.section-1 to None, run_after=None
[2024-06-27T15:00:02.746+0000] {logging_mixin.py:188} INFO - [2024-06-27T15:00:02.745+0000] {dag.py:3954} INFO - Setting next_dagrun for example_subdag_operator.section-2 to None, run_after=None
[2024-06-27T15:00:02.756+0000] {logging_mixin.py:188} INFO - [2024-06-27T15:00:02.756+0000] {dag.py:3096} INFO - Sync 2 DAGs
[2024-06-27T15:00:02.764+0000] {logging_mixin.py:188} INFO - [2024-06-27T15:00:02.763+0000] {dag.py:3954} INFO - Setting next_dagrun for example_subdag_operator.section-1 to None, run_after=None
[2024-06-27T15:00:02.765+0000] {logging_mixin.py:188} INFO - [2024-06-27T15:00:02.765+0000] {dag.py:3954} INFO - Setting next_dagrun for example_subdag_operator.section-2 to None, run_after=None
[2024-06-27T15:00:02.785+0000] {processor.py:183} INFO - Processing /home/airflow/.local/lib/python3.12/site-packages/airflow/example_dags/example_subdag_operator.py took 0.137 seconds
[2024-06-27T15:00:34.218+0000] {processor.py:161} INFO - Started process (PID=242) to work on /home/airflow/.local/lib/python3.12/site-packages/airflow/example_dags/example_subdag_operator.py
[2024-06-27T15:00:34.228+0000] {processor.py:830} INFO - Processing file /home/airflow/.local/lib/python3.12/site-packages/airflow/example_dags/example_subdag_operator.py for tasks to queue
[2024-06-27T15:00:34.243+0000] {logging_mixin.py:188} INFO - [2024-06-27T15:00:34.240+0000] {dagbag.py:545} INFO - Filling up the DagBag from /home/airflow/.local/lib/python3.12/site-packages/airflow/example_dags/example_subdag_operator.py
[2024-06-27T15:00:34.346+0000] {processor.py:840} INFO - DAG(s) 'example_subdag_operator.section-1', 'example_subdag_operator.section-2', 'example_subdag_operator' retrieved from /home/airflow/.local/lib/python3.12/site-packages/airflow/example_dags/example_subdag_operator.py
[2024-06-27T15:00:34.405+0000] {logging_mixin.py:188} INFO - [2024-06-27T15:00:34.404+0000] {dag.py:3096} INFO - Sync 3 DAGs
[2024-06-27T15:00:34.495+0000] {logging_mixin.py:188} INFO - [2024-06-27T15:00:34.494+0000] {dag.py:3954} INFO - Setting next_dagrun for example_subdag_operator to 2022-01-01 00:00:00+00:00, run_after=2022-01-01 00:00:00+00:00
[2024-06-27T15:00:34.516+0000] {logging_mixin.py:188} INFO - [2024-06-27T15:00:34.514+0000] {dag.py:3954} INFO - Setting next_dagrun for example_subdag_operator.section-1 to None, run_after=None
[2024-06-27T15:00:34.541+0000] {logging_mixin.py:188} INFO - [2024-06-27T15:00:34.540+0000] {dag.py:3954} INFO - Setting next_dagrun for example_subdag_operator.section-2 to None, run_after=None
[2024-06-27T15:00:34.734+0000] {logging_mixin.py:188} INFO - [2024-06-27T15:00:34.733+0000] {dag.py:3096} INFO - Sync 2 DAGs
[2024-06-27T15:00:34.754+0000] {logging_mixin.py:188} INFO - [2024-06-27T15:00:34.754+0000] {dag.py:3954} INFO - Setting next_dagrun for example_subdag_operator.section-1 to None, run_after=None
[2024-06-27T15:00:34.756+0000] {logging_mixin.py:188} INFO - [2024-06-27T15:00:34.755+0000] {dag.py:3954} INFO - Setting next_dagrun for example_subdag_operator.section-2 to None, run_after=None
[2024-06-27T15:00:34.803+0000] {processor.py:183} INFO - Processing /home/airflow/.local/lib/python3.12/site-packages/airflow/example_dags/example_subdag_operator.py took 0.604 seconds
[2024-06-27T15:02:18.168+0000] {processor.py:161} INFO - Started process (PID=76) to work on /home/airflow/.local/lib/python3.12/site-packages/airflow/example_dags/example_subdag_operator.py
[2024-06-27T15:02:18.170+0000] {processor.py:830} INFO - Processing file /home/airflow/.local/lib/python3.12/site-packages/airflow/example_dags/example_subdag_operator.py for tasks to queue
[2024-06-27T15:02:18.174+0000] {logging_mixin.py:188} INFO - [2024-06-27T15:02:18.173+0000] {dagbag.py:545} INFO - Filling up the DagBag from /home/airflow/.local/lib/python3.12/site-packages/airflow/example_dags/example_subdag_operator.py
[2024-06-27T15:02:18.211+0000] {processor.py:840} INFO - DAG(s) 'example_subdag_operator.section-1', 'example_subdag_operator.section-2', 'example_subdag_operator' retrieved from /home/airflow/.local/lib/python3.12/site-packages/airflow/example_dags/example_subdag_operator.py
[2024-06-27T15:02:18.398+0000] {logging_mixin.py:188} INFO - [2024-06-27T15:02:18.397+0000] {dag.py:3096} INFO - Sync 3 DAGs
[2024-06-27T15:02:18.439+0000] {logging_mixin.py:188} INFO - [2024-06-27T15:02:18.439+0000] {dag.py:3954} INFO - Setting next_dagrun for example_subdag_operator to 2022-01-01 00:00:00+00:00, run_after=2022-01-01 00:00:00+00:00
[2024-06-27T15:02:18.445+0000] {logging_mixin.py:188} INFO - [2024-06-27T15:02:18.445+0000] {dag.py:3954} INFO - Setting next_dagrun for example_subdag_operator.section-1 to None, run_after=None
[2024-06-27T15:02:18.448+0000] {logging_mixin.py:188} INFO - [2024-06-27T15:02:18.448+0000] {dag.py:3954} INFO - Setting next_dagrun for example_subdag_operator.section-2 to None, run_after=None
[2024-06-27T15:02:18.465+0000] {logging_mixin.py:188} INFO - [2024-06-27T15:02:18.465+0000] {dag.py:3096} INFO - Sync 2 DAGs
[2024-06-27T15:02:18.477+0000] {logging_mixin.py:188} INFO - [2024-06-27T15:02:18.476+0000] {dag.py:3954} INFO - Setting next_dagrun for example_subdag_operator.section-1 to None, run_after=None
[2024-06-27T15:02:18.479+0000] {logging_mixin.py:188} INFO - [2024-06-27T15:02:18.478+0000] {dag.py:3954} INFO - Setting next_dagrun for example_subdag_operator.section-2 to None, run_after=None
[2024-06-27T15:02:18.500+0000] {processor.py:183} INFO - Processing /home/airflow/.local/lib/python3.12/site-packages/airflow/example_dags/example_subdag_operator.py took 0.342 seconds
[2024-06-27T15:02:49.035+0000] {processor.py:161} INFO - Started process (PID=144) to work on /home/airflow/.local/lib/python3.12/site-packages/airflow/example_dags/example_subdag_operator.py
[2024-06-27T15:02:49.037+0000] {processor.py:830} INFO - Processing file /home/airflow/.local/lib/python3.12/site-packages/airflow/example_dags/example_subdag_operator.py for tasks to queue
[2024-06-27T15:02:49.041+0000] {logging_mixin.py:188} INFO - [2024-06-27T15:02:49.040+0000] {dagbag.py:545} INFO - Filling up the DagBag from /home/airflow/.local/lib/python3.12/site-packages/airflow/example_dags/example_subdag_operator.py
[2024-06-27T15:02:49.078+0000] {processor.py:840} INFO - DAG(s) 'example_subdag_operator.section-1', 'example_subdag_operator.section-2', 'example_subdag_operator' retrieved from /home/airflow/.local/lib/python3.12/site-packages/airflow/example_dags/example_subdag_operator.py
[2024-06-27T15:02:49.101+0000] {logging_mixin.py:188} INFO - [2024-06-27T15:02:49.100+0000] {dag.py:3096} INFO - Sync 3 DAGs
[2024-06-27T15:02:49.135+0000] {logging_mixin.py:188} INFO - [2024-06-27T15:02:49.134+0000] {dag.py:3954} INFO - Setting next_dagrun for example_subdag_operator to 2022-01-01 00:00:00+00:00, run_after=2022-01-01 00:00:00+00:00
[2024-06-27T15:02:49.144+0000] {logging_mixin.py:188} INFO - [2024-06-27T15:02:49.143+0000] {dag.py:3954} INFO - Setting next_dagrun for example_subdag_operator.section-1 to None, run_after=None
[2024-06-27T15:02:49.147+0000] {logging_mixin.py:188} INFO - [2024-06-27T15:02:49.147+0000] {dag.py:3954} INFO - Setting next_dagrun for example_subdag_operator.section-2 to None, run_after=None
[2024-06-27T15:02:49.159+0000] {logging_mixin.py:188} INFO - [2024-06-27T15:02:49.159+0000] {dag.py:3096} INFO - Sync 2 DAGs
[2024-06-27T15:02:49.169+0000] {logging_mixin.py:188} INFO - [2024-06-27T15:02:49.168+0000] {dag.py:3954} INFO - Setting next_dagrun for example_subdag_operator.section-1 to None, run_after=None
[2024-06-27T15:02:49.170+0000] {logging_mixin.py:188} INFO - [2024-06-27T15:02:49.170+0000] {dag.py:3954} INFO - Setting next_dagrun for example_subdag_operator.section-2 to None, run_after=None
[2024-06-27T15:02:49.194+0000] {processor.py:183} INFO - Processing /home/airflow/.local/lib/python3.12/site-packages/airflow/example_dags/example_subdag_operator.py took 0.177 seconds
[2024-06-27T15:03:19.488+0000] {processor.py:161} INFO - Started process (PID=212) to work on /home/airflow/.local/lib/python3.12/site-packages/airflow/example_dags/example_subdag_operator.py
[2024-06-27T15:03:19.490+0000] {processor.py:830} INFO - Processing file /home/airflow/.local/lib/python3.12/site-packages/airflow/example_dags/example_subdag_operator.py for tasks to queue
[2024-06-27T15:03:19.494+0000] {logging_mixin.py:188} INFO - [2024-06-27T15:03:19.494+0000] {dagbag.py:545} INFO - Filling up the DagBag from /home/airflow/.local/lib/python3.12/site-packages/airflow/example_dags/example_subdag_operator.py
[2024-06-27T15:03:19.539+0000] {processor.py:840} INFO - DAG(s) 'example_subdag_operator.section-1', 'example_subdag_operator.section-2', 'example_subdag_operator' retrieved from /home/airflow/.local/lib/python3.12/site-packages/airflow/example_dags/example_subdag_operator.py
[2024-06-27T15:03:19.566+0000] {logging_mixin.py:188} INFO - [2024-06-27T15:03:19.566+0000] {dag.py:3096} INFO - Sync 3 DAGs
[2024-06-27T15:03:19.606+0000] {logging_mixin.py:188} INFO - [2024-06-27T15:03:19.606+0000] {dag.py:3954} INFO - Setting next_dagrun for example_subdag_operator to 2022-01-01 00:00:00+00:00, run_after=2022-01-01 00:00:00+00:00
[2024-06-27T15:03:19.614+0000] {logging_mixin.py:188} INFO - [2024-06-27T15:03:19.614+0000] {dag.py:3954} INFO - Setting next_dagrun for example_subdag_operator.section-1 to None, run_after=None
[2024-06-27T15:03:19.618+0000] {logging_mixin.py:188} INFO - [2024-06-27T15:03:19.617+0000] {dag.py:3954} INFO - Setting next_dagrun for example_subdag_operator.section-2 to None, run_after=None
[2024-06-27T15:03:19.630+0000] {logging_mixin.py:188} INFO - [2024-06-27T15:03:19.629+0000] {dag.py:3096} INFO - Sync 2 DAGs
[2024-06-27T15:03:19.639+0000] {logging_mixin.py:188} INFO - [2024-06-27T15:03:19.638+0000] {dag.py:3954} INFO - Setting next_dagrun for example_subdag_operator.section-1 to None, run_after=None
[2024-06-27T15:03:19.640+0000] {logging_mixin.py:188} INFO - [2024-06-27T15:03:19.640+0000] {dag.py:3954} INFO - Setting next_dagrun for example_subdag_operator.section-2 to None, run_after=None
[2024-06-27T15:03:19.659+0000] {processor.py:183} INFO - Processing /home/airflow/.local/lib/python3.12/site-packages/airflow/example_dags/example_subdag_operator.py took 0.184 seconds
[2024-06-27T15:03:57.507+0000] {processor.py:161} INFO - Started process (PID=280) to work on /home/airflow/.local/lib/python3.12/site-packages/airflow/example_dags/example_subdag_operator.py
[2024-06-27T15:03:57.510+0000] {processor.py:830} INFO - Processing file /home/airflow/.local/lib/python3.12/site-packages/airflow/example_dags/example_subdag_operator.py for tasks to queue
[2024-06-27T15:03:57.516+0000] {logging_mixin.py:188} INFO - [2024-06-27T15:03:57.516+0000] {dagbag.py:545} INFO - Filling up the DagBag from /home/airflow/.local/lib/python3.12/site-packages/airflow/example_dags/example_subdag_operator.py
[2024-06-27T15:03:57.680+0000] {processor.py:840} INFO - DAG(s) 'example_subdag_operator.section-1', 'example_subdag_operator.section-2', 'example_subdag_operator' retrieved from /home/airflow/.local/lib/python3.12/site-packages/airflow/example_dags/example_subdag_operator.py
[2024-06-27T15:03:57.803+0000] {logging_mixin.py:188} INFO - [2024-06-27T15:03:57.803+0000] {dag.py:3096} INFO - Sync 3 DAGs
[2024-06-27T15:03:57.968+0000] {logging_mixin.py:188} INFO - [2024-06-27T15:03:57.966+0000] {dag.py:3954} INFO - Setting next_dagrun for example_subdag_operator to 2022-01-01 00:00:00+00:00, run_after=2022-01-01 00:00:00+00:00
[2024-06-27T15:03:57.993+0000] {logging_mixin.py:188} INFO - [2024-06-27T15:03:57.993+0000] {dag.py:3954} INFO - Setting next_dagrun for example_subdag_operator.section-1 to None, run_after=None
[2024-06-27T15:03:58.001+0000] {logging_mixin.py:188} INFO - [2024-06-27T15:03:58.001+0000] {dag.py:3954} INFO - Setting next_dagrun for example_subdag_operator.section-2 to None, run_after=None
[2024-06-27T15:03:58.045+0000] {logging_mixin.py:188} INFO - [2024-06-27T15:03:58.044+0000] {dag.py:3096} INFO - Sync 2 DAGs
[2024-06-27T15:03:58.066+0000] {logging_mixin.py:188} INFO - [2024-06-27T15:03:58.066+0000] {dag.py:3954} INFO - Setting next_dagrun for example_subdag_operator.section-1 to None, run_after=None
[2024-06-27T15:03:58.068+0000] {logging_mixin.py:188} INFO - [2024-06-27T15:03:58.068+0000] {dag.py:3954} INFO - Setting next_dagrun for example_subdag_operator.section-2 to None, run_after=None
[2024-06-27T15:03:58.142+0000] {processor.py:183} INFO - Processing /home/airflow/.local/lib/python3.12/site-packages/airflow/example_dags/example_subdag_operator.py took 0.660 seconds
[2024-06-27T15:04:29.739+0000] {processor.py:161} INFO - Started process (PID=365) to work on /home/airflow/.local/lib/python3.12/site-packages/airflow/example_dags/example_subdag_operator.py
[2024-06-27T15:04:29.747+0000] {processor.py:830} INFO - Processing file /home/airflow/.local/lib/python3.12/site-packages/airflow/example_dags/example_subdag_operator.py for tasks to queue
[2024-06-27T15:04:29.758+0000] {logging_mixin.py:188} INFO - [2024-06-27T15:04:29.757+0000] {dagbag.py:545} INFO - Filling up the DagBag from /home/airflow/.local/lib/python3.12/site-packages/airflow/example_dags/example_subdag_operator.py
[2024-06-27T15:04:29.846+0000] {processor.py:840} INFO - DAG(s) 'example_subdag_operator.section-1', 'example_subdag_operator.section-2', 'example_subdag_operator' retrieved from /home/airflow/.local/lib/python3.12/site-packages/airflow/example_dags/example_subdag_operator.py
[2024-06-27T15:04:29.931+0000] {logging_mixin.py:188} INFO - [2024-06-27T15:04:29.930+0000] {dag.py:3096} INFO - Sync 3 DAGs
[2024-06-27T15:04:30.022+0000] {logging_mixin.py:188} INFO - [2024-06-27T15:04:30.021+0000] {dag.py:3954} INFO - Setting next_dagrun for example_subdag_operator to 2022-01-01 00:00:00+00:00, run_after=2022-01-01 00:00:00+00:00
[2024-06-27T15:04:30.033+0000] {logging_mixin.py:188} INFO - [2024-06-27T15:04:30.033+0000] {dag.py:3954} INFO - Setting next_dagrun for example_subdag_operator.section-1 to None, run_after=None
[2024-06-27T15:04:30.041+0000] {logging_mixin.py:188} INFO - [2024-06-27T15:04:30.041+0000] {dag.py:3954} INFO - Setting next_dagrun for example_subdag_operator.section-2 to None, run_after=None
[2024-06-27T15:04:30.061+0000] {logging_mixin.py:188} INFO - [2024-06-27T15:04:30.061+0000] {dag.py:3096} INFO - Sync 2 DAGs
[2024-06-27T15:04:30.078+0000] {logging_mixin.py:188} INFO - [2024-06-27T15:04:30.078+0000] {dag.py:3954} INFO - Setting next_dagrun for example_subdag_operator.section-1 to None, run_after=None
[2024-06-27T15:04:30.080+0000] {logging_mixin.py:188} INFO - [2024-06-27T15:04:30.080+0000] {dag.py:3954} INFO - Setting next_dagrun for example_subdag_operator.section-2 to None, run_after=None
[2024-06-27T15:04:30.121+0000] {processor.py:183} INFO - Processing /home/airflow/.local/lib/python3.12/site-packages/airflow/example_dags/example_subdag_operator.py took 0.415 seconds
[2024-06-27T15:05:02.621+0000] {processor.py:161} INFO - Started process (PID=436) to work on /home/airflow/.local/lib/python3.12/site-packages/airflow/example_dags/example_subdag_operator.py
[2024-06-27T15:05:02.656+0000] {processor.py:830} INFO - Processing file /home/airflow/.local/lib/python3.12/site-packages/airflow/example_dags/example_subdag_operator.py for tasks to queue
[2024-06-27T15:05:02.665+0000] {logging_mixin.py:188} INFO - [2024-06-27T15:05:02.664+0000] {dagbag.py:545} INFO - Filling up the DagBag from /home/airflow/.local/lib/python3.12/site-packages/airflow/example_dags/example_subdag_operator.py
[2024-06-27T15:05:02.753+0000] {processor.py:840} INFO - DAG(s) 'example_subdag_operator.section-1', 'example_subdag_operator.section-2', 'example_subdag_operator' retrieved from /home/airflow/.local/lib/python3.12/site-packages/airflow/example_dags/example_subdag_operator.py
[2024-06-27T15:05:02.812+0000] {logging_mixin.py:188} INFO - [2024-06-27T15:05:02.812+0000] {dag.py:3096} INFO - Sync 3 DAGs
[2024-06-27T15:05:02.900+0000] {logging_mixin.py:188} INFO - [2024-06-27T15:05:02.898+0000] {dag.py:3954} INFO - Setting next_dagrun for example_subdag_operator to 2022-01-01 00:00:00+00:00, run_after=2022-01-01 00:00:00+00:00
[2024-06-27T15:05:02.924+0000] {logging_mixin.py:188} INFO - [2024-06-27T15:05:02.923+0000] {dag.py:3954} INFO - Setting next_dagrun for example_subdag_operator.section-1 to None, run_after=None
[2024-06-27T15:05:02.946+0000] {logging_mixin.py:188} INFO - [2024-06-27T15:05:02.945+0000] {dag.py:3954} INFO - Setting next_dagrun for example_subdag_operator.section-2 to None, run_after=None
[2024-06-27T15:05:02.970+0000] {logging_mixin.py:188} INFO - [2024-06-27T15:05:02.970+0000] {dag.py:3096} INFO - Sync 2 DAGs
[2024-06-27T15:05:02.989+0000] {logging_mixin.py:188} INFO - [2024-06-27T15:05:02.988+0000] {dag.py:3954} INFO - Setting next_dagrun for example_subdag_operator.section-1 to None, run_after=None
[2024-06-27T15:05:02.991+0000] {logging_mixin.py:188} INFO - [2024-06-27T15:05:02.990+0000] {dag.py:3954} INFO - Setting next_dagrun for example_subdag_operator.section-2 to None, run_after=None
[2024-06-27T15:05:03.033+0000] {processor.py:183} INFO - Processing /home/airflow/.local/lib/python3.12/site-packages/airflow/example_dags/example_subdag_operator.py took 0.435 seconds
[2024-06-27T15:05:33.331+0000] {processor.py:161} INFO - Started process (PID=518) to work on /home/airflow/.local/lib/python3.12/site-packages/airflow/example_dags/example_subdag_operator.py
[2024-06-27T15:05:33.335+0000] {processor.py:830} INFO - Processing file /home/airflow/.local/lib/python3.12/site-packages/airflow/example_dags/example_subdag_operator.py for tasks to queue
[2024-06-27T15:05:33.344+0000] {logging_mixin.py:188} INFO - [2024-06-27T15:05:33.343+0000] {dagbag.py:545} INFO - Filling up the DagBag from /home/airflow/.local/lib/python3.12/site-packages/airflow/example_dags/example_subdag_operator.py
[2024-06-27T15:05:33.446+0000] {processor.py:840} INFO - DAG(s) 'example_subdag_operator.section-1', 'example_subdag_operator.section-2', 'example_subdag_operator' retrieved from /home/airflow/.local/lib/python3.12/site-packages/airflow/example_dags/example_subdag_operator.py
[2024-06-27T15:05:33.534+0000] {logging_mixin.py:188} INFO - [2024-06-27T15:05:33.533+0000] {dag.py:3096} INFO - Sync 3 DAGs
[2024-06-27T15:05:33.652+0000] {logging_mixin.py:188} INFO - [2024-06-27T15:05:33.651+0000] {dag.py:3954} INFO - Setting next_dagrun for example_subdag_operator to 2022-01-01 00:00:00+00:00, run_after=2022-01-01 00:00:00+00:00
[2024-06-27T15:05:33.667+0000] {logging_mixin.py:188} INFO - [2024-06-27T15:05:33.666+0000] {dag.py:3954} INFO - Setting next_dagrun for example_subdag_operator.section-1 to None, run_after=None
[2024-06-27T15:05:33.676+0000] {logging_mixin.py:188} INFO - [2024-06-27T15:05:33.675+0000] {dag.py:3954} INFO - Setting next_dagrun for example_subdag_operator.section-2 to None, run_after=None
[2024-06-27T15:05:33.703+0000] {logging_mixin.py:188} INFO - [2024-06-27T15:05:33.702+0000] {dag.py:3096} INFO - Sync 2 DAGs
[2024-06-27T15:05:33.726+0000] {logging_mixin.py:188} INFO - [2024-06-27T15:05:33.725+0000] {dag.py:3954} INFO - Setting next_dagrun for example_subdag_operator.section-1 to None, run_after=None
[2024-06-27T15:05:33.728+0000] {logging_mixin.py:188} INFO - [2024-06-27T15:05:33.728+0000] {dag.py:3954} INFO - Setting next_dagrun for example_subdag_operator.section-2 to None, run_after=None
[2024-06-27T15:05:33.775+0000] {processor.py:183} INFO - Processing /home/airflow/.local/lib/python3.12/site-packages/airflow/example_dags/example_subdag_operator.py took 0.465 seconds
[2024-06-27T15:06:04.341+0000] {processor.py:161} INFO - Started process (PID=595) to work on /home/airflow/.local/lib/python3.12/site-packages/airflow/example_dags/example_subdag_operator.py
[2024-06-27T15:06:04.350+0000] {processor.py:830} INFO - Processing file /home/airflow/.local/lib/python3.12/site-packages/airflow/example_dags/example_subdag_operator.py for tasks to queue
[2024-06-27T15:06:04.368+0000] {logging_mixin.py:188} INFO - [2024-06-27T15:06:04.367+0000] {dagbag.py:545} INFO - Filling up the DagBag from /home/airflow/.local/lib/python3.12/site-packages/airflow/example_dags/example_subdag_operator.py
[2024-06-27T15:06:04.533+0000] {processor.py:840} INFO - DAG(s) 'example_subdag_operator.section-1', 'example_subdag_operator.section-2', 'example_subdag_operator' retrieved from /home/airflow/.local/lib/python3.12/site-packages/airflow/example_dags/example_subdag_operator.py
[2024-06-27T15:06:04.731+0000] {logging_mixin.py:188} INFO - [2024-06-27T15:06:04.730+0000] {dag.py:3096} INFO - Sync 3 DAGs
[2024-06-27T15:06:05.050+0000] {logging_mixin.py:188} INFO - [2024-06-27T15:06:05.049+0000] {dag.py:3954} INFO - Setting next_dagrun for example_subdag_operator to 2022-01-01 00:00:00+00:00, run_after=2022-01-01 00:00:00+00:00
[2024-06-27T15:06:05.104+0000] {logging_mixin.py:188} INFO - [2024-06-27T15:06:05.104+0000] {dag.py:3954} INFO - Setting next_dagrun for example_subdag_operator.section-1 to None, run_after=None
[2024-06-27T15:06:05.118+0000] {logging_mixin.py:188} INFO - [2024-06-27T15:06:05.117+0000] {dag.py:3954} INFO - Setting next_dagrun for example_subdag_operator.section-2 to None, run_after=None
[2024-06-27T15:06:05.208+0000] {logging_mixin.py:188} INFO - [2024-06-27T15:06:05.206+0000] {dag.py:3096} INFO - Sync 2 DAGs
[2024-06-27T15:06:05.327+0000] {logging_mixin.py:188} INFO - [2024-06-27T15:06:05.326+0000] {dag.py:3954} INFO - Setting next_dagrun for example_subdag_operator.section-1 to None, run_after=None
[2024-06-27T15:06:05.332+0000] {logging_mixin.py:188} INFO - [2024-06-27T15:06:05.331+0000] {dag.py:3954} INFO - Setting next_dagrun for example_subdag_operator.section-2 to None, run_after=None
[2024-06-27T15:06:05.458+0000] {processor.py:183} INFO - Processing /home/airflow/.local/lib/python3.12/site-packages/airflow/example_dags/example_subdag_operator.py took 1.155 seconds
[2024-06-27T15:06:36.216+0000] {processor.py:161} INFO - Started process (PID=672) to work on /home/airflow/.local/lib/python3.12/site-packages/airflow/example_dags/example_subdag_operator.py
[2024-06-27T15:06:36.222+0000] {processor.py:830} INFO - Processing file /home/airflow/.local/lib/python3.12/site-packages/airflow/example_dags/example_subdag_operator.py for tasks to queue
[2024-06-27T15:06:36.227+0000] {logging_mixin.py:188} INFO - [2024-06-27T15:06:36.226+0000] {dagbag.py:545} INFO - Filling up the DagBag from /home/airflow/.local/lib/python3.12/site-packages/airflow/example_dags/example_subdag_operator.py
[2024-06-27T15:06:36.315+0000] {processor.py:840} INFO - DAG(s) 'example_subdag_operator.section-1', 'example_subdag_operator.section-2', 'example_subdag_operator' retrieved from /home/airflow/.local/lib/python3.12/site-packages/airflow/example_dags/example_subdag_operator.py
[2024-06-27T15:06:36.361+0000] {logging_mixin.py:188} INFO - [2024-06-27T15:06:36.360+0000] {dag.py:3096} INFO - Sync 3 DAGs
[2024-06-27T15:06:36.418+0000] {logging_mixin.py:188} INFO - [2024-06-27T15:06:36.418+0000] {dag.py:3954} INFO - Setting next_dagrun for example_subdag_operator to 2022-01-01 00:00:00+00:00, run_after=2022-01-01 00:00:00+00:00
[2024-06-27T15:06:36.432+0000] {logging_mixin.py:188} INFO - [2024-06-27T15:06:36.431+0000] {dag.py:3954} INFO - Setting next_dagrun for example_subdag_operator.section-1 to None, run_after=None
[2024-06-27T15:06:36.435+0000] {logging_mixin.py:188} INFO - [2024-06-27T15:06:36.435+0000] {dag.py:3954} INFO - Setting next_dagrun for example_subdag_operator.section-2 to None, run_after=None
[2024-06-27T15:06:36.454+0000] {logging_mixin.py:188} INFO - [2024-06-27T15:06:36.454+0000] {dag.py:3096} INFO - Sync 2 DAGs
[2024-06-27T15:06:36.471+0000] {logging_mixin.py:188} INFO - [2024-06-27T15:06:36.470+0000] {dag.py:3954} INFO - Setting next_dagrun for example_subdag_operator.section-1 to None, run_after=None
[2024-06-27T15:06:36.473+0000] {logging_mixin.py:188} INFO - [2024-06-27T15:06:36.472+0000] {dag.py:3954} INFO - Setting next_dagrun for example_subdag_operator.section-2 to None, run_after=None
[2024-06-27T15:06:36.509+0000] {processor.py:183} INFO - Processing /home/airflow/.local/lib/python3.12/site-packages/airflow/example_dags/example_subdag_operator.py took 0.308 seconds
[2024-06-27T15:07:06.816+0000] {processor.py:161} INFO - Started process (PID=761) to work on /home/airflow/.local/lib/python3.12/site-packages/airflow/example_dags/example_subdag_operator.py
[2024-06-27T15:07:06.820+0000] {processor.py:830} INFO - Processing file /home/airflow/.local/lib/python3.12/site-packages/airflow/example_dags/example_subdag_operator.py for tasks to queue
[2024-06-27T15:07:06.832+0000] {logging_mixin.py:188} INFO - [2024-06-27T15:07:06.831+0000] {dagbag.py:545} INFO - Filling up the DagBag from /home/airflow/.local/lib/python3.12/site-packages/airflow/example_dags/example_subdag_operator.py
[2024-06-27T15:07:06.930+0000] {processor.py:840} INFO - DAG(s) 'example_subdag_operator.section-1', 'example_subdag_operator.section-2', 'example_subdag_operator' retrieved from /home/airflow/.local/lib/python3.12/site-packages/airflow/example_dags/example_subdag_operator.py
[2024-06-27T15:07:06.997+0000] {logging_mixin.py:188} INFO - [2024-06-27T15:07:06.996+0000] {dag.py:3096} INFO - Sync 3 DAGs
[2024-06-27T15:07:07.085+0000] {logging_mixin.py:188} INFO - [2024-06-27T15:07:07.084+0000] {dag.py:3954} INFO - Setting next_dagrun for example_subdag_operator to 2022-01-01 00:00:00+00:00, run_after=2022-01-01 00:00:00+00:00
[2024-06-27T15:07:07.099+0000] {logging_mixin.py:188} INFO - [2024-06-27T15:07:07.098+0000] {dag.py:3954} INFO - Setting next_dagrun for example_subdag_operator.section-1 to None, run_after=None
[2024-06-27T15:07:07.104+0000] {logging_mixin.py:188} INFO - [2024-06-27T15:07:07.104+0000] {dag.py:3954} INFO - Setting next_dagrun for example_subdag_operator.section-2 to None, run_after=None
[2024-06-27T15:07:07.139+0000] {logging_mixin.py:188} INFO - [2024-06-27T15:07:07.138+0000] {dag.py:3096} INFO - Sync 2 DAGs
[2024-06-27T15:07:07.158+0000] {logging_mixin.py:188} INFO - [2024-06-27T15:07:07.157+0000] {dag.py:3954} INFO - Setting next_dagrun for example_subdag_operator.section-1 to None, run_after=None
[2024-06-27T15:07:07.160+0000] {logging_mixin.py:188} INFO - [2024-06-27T15:07:07.159+0000] {dag.py:3954} INFO - Setting next_dagrun for example_subdag_operator.section-2 to None, run_after=None
[2024-06-27T15:07:07.205+0000] {processor.py:183} INFO - Processing /home/airflow/.local/lib/python3.12/site-packages/airflow/example_dags/example_subdag_operator.py took 0.409 seconds
[2024-06-27T15:07:37.898+0000] {processor.py:161} INFO - Started process (PID=851) to work on /home/airflow/.local/lib/python3.12/site-packages/airflow/example_dags/example_subdag_operator.py
[2024-06-27T15:07:37.908+0000] {processor.py:830} INFO - Processing file /home/airflow/.local/lib/python3.12/site-packages/airflow/example_dags/example_subdag_operator.py for tasks to queue
[2024-06-27T15:07:37.916+0000] {logging_mixin.py:188} INFO - [2024-06-27T15:07:37.915+0000] {dagbag.py:545} INFO - Filling up the DagBag from /home/airflow/.local/lib/python3.12/site-packages/airflow/example_dags/example_subdag_operator.py
[2024-06-27T15:07:38.011+0000] {processor.py:840} INFO - DAG(s) 'example_subdag_operator.section-1', 'example_subdag_operator.section-2', 'example_subdag_operator' retrieved from /home/airflow/.local/lib/python3.12/site-packages/airflow/example_dags/example_subdag_operator.py
[2024-06-27T15:07:38.086+0000] {logging_mixin.py:188} INFO - [2024-06-27T15:07:38.085+0000] {dag.py:3096} INFO - Sync 3 DAGs
[2024-06-27T15:07:38.189+0000] {logging_mixin.py:188} INFO - [2024-06-27T15:07:38.189+0000] {dag.py:3954} INFO - Setting next_dagrun for example_subdag_operator to 2022-01-01 00:00:00+00:00, run_after=2022-01-01 00:00:00+00:00
[2024-06-27T15:07:38.214+0000] {logging_mixin.py:188} INFO - [2024-06-27T15:07:38.209+0000] {dag.py:3954} INFO - Setting next_dagrun for example_subdag_operator.section-1 to None, run_after=None
[2024-06-27T15:07:38.219+0000] {logging_mixin.py:188} INFO - [2024-06-27T15:07:38.218+0000] {dag.py:3954} INFO - Setting next_dagrun for example_subdag_operator.section-2 to None, run_after=None
[2024-06-27T15:07:38.262+0000] {logging_mixin.py:188} INFO - [2024-06-27T15:07:38.262+0000] {dag.py:3096} INFO - Sync 2 DAGs
[2024-06-27T15:07:38.298+0000] {logging_mixin.py:188} INFO - [2024-06-27T15:07:38.297+0000] {dag.py:3954} INFO - Setting next_dagrun for example_subdag_operator.section-1 to None, run_after=None
[2024-06-27T15:07:38.305+0000] {logging_mixin.py:188} INFO - [2024-06-27T15:07:38.305+0000] {dag.py:3954} INFO - Setting next_dagrun for example_subdag_operator.section-2 to None, run_after=None
[2024-06-27T15:07:38.393+0000] {processor.py:183} INFO - Processing /home/airflow/.local/lib/python3.12/site-packages/airflow/example_dags/example_subdag_operator.py took 0.521 seconds
