[2024-06-27T14:36:39.468+0000] {processor.py:161} INFO - Started process (PID=55) to work on /home/airflow/.local/lib/python3.12/site-packages/airflow/example_dags/example_short_circuit_operator.py
[2024-06-27T14:36:39.470+0000] {processor.py:830} INFO - Processing file /home/airflow/.local/lib/python3.12/site-packages/airflow/example_dags/example_short_circuit_operator.py for tasks to queue
[2024-06-27T14:36:39.475+0000] {logging_mixin.py:188} INFO - [2024-06-27T14:36:39.474+0000] {dagbag.py:545} INFO - Filling up the DagBag from /home/airflow/.local/lib/python3.12/site-packages/airflow/example_dags/example_short_circuit_operator.py
[2024-06-27T14:36:39.514+0000] {processor.py:840} INFO - DAG(s) 'example_short_circuit_operator' retrieved from /home/airflow/.local/lib/python3.12/site-packages/airflow/example_dags/example_short_circuit_operator.py
[2024-06-27T14:36:39.810+0000] {logging_mixin.py:188} INFO - [2024-06-27T14:36:39.809+0000] {override.py:1829} INFO - Created Permission View: can edit on DAG:example_short_circuit_operator
[2024-06-27T14:36:39.835+0000] {logging_mixin.py:188} INFO - [2024-06-27T14:36:39.834+0000] {override.py:1829} INFO - Created Permission View: can delete on DAG:example_short_circuit_operator
[2024-06-27T14:36:39.852+0000] {logging_mixin.py:188} INFO - [2024-06-27T14:36:39.851+0000] {override.py:1829} INFO - Created Permission View: can read on DAG:example_short_circuit_operator
[2024-06-27T14:36:39.854+0000] {logging_mixin.py:188} INFO - [2024-06-27T14:36:39.854+0000] {dag.py:3096} INFO - Sync 1 DAGs
[2024-06-27T14:36:39.881+0000] {logging_mixin.py:188} INFO - [2024-06-27T14:36:39.881+0000] {dag.py:3118} INFO - Creating ORM DAG for example_short_circuit_operator
[2024-06-27T14:36:39.906+0000] {logging_mixin.py:188} INFO - [2024-06-27T14:36:39.905+0000] {dag.py:3954} INFO - Setting next_dagrun for example_short_circuit_operator to 2024-06-26 00:00:00+00:00, run_after=2024-06-27 00:00:00+00:00
[2024-06-27T14:36:39.951+0000] {processor.py:183} INFO - Processing /home/airflow/.local/lib/python3.12/site-packages/airflow/example_dags/example_short_circuit_operator.py took 0.510 seconds
[2024-06-27T14:37:10.755+0000] {processor.py:161} INFO - Started process (PID=113) to work on /home/airflow/.local/lib/python3.12/site-packages/airflow/example_dags/example_short_circuit_operator.py
[2024-06-27T14:37:10.757+0000] {processor.py:830} INFO - Processing file /home/airflow/.local/lib/python3.12/site-packages/airflow/example_dags/example_short_circuit_operator.py for tasks to queue
[2024-06-27T14:37:10.760+0000] {logging_mixin.py:188} INFO - [2024-06-27T14:37:10.759+0000] {dagbag.py:545} INFO - Filling up the DagBag from /home/airflow/.local/lib/python3.12/site-packages/airflow/example_dags/example_short_circuit_operator.py
[2024-06-27T14:37:10.770+0000] {processor.py:840} INFO - DAG(s) 'example_short_circuit_operator' retrieved from /home/airflow/.local/lib/python3.12/site-packages/airflow/example_dags/example_short_circuit_operator.py
[2024-06-27T14:37:10.801+0000] {logging_mixin.py:188} INFO - [2024-06-27T14:37:10.800+0000] {dag.py:3096} INFO - Sync 1 DAGs
[2024-06-27T14:37:10.831+0000] {logging_mixin.py:188} INFO - [2024-06-27T14:37:10.831+0000] {dag.py:3954} INFO - Setting next_dagrun for example_short_circuit_operator to 2024-06-26 00:00:00+00:00, run_after=2024-06-27 00:00:00+00:00
[2024-06-27T14:37:10.861+0000] {processor.py:183} INFO - Processing /home/airflow/.local/lib/python3.12/site-packages/airflow/example_dags/example_short_circuit_operator.py took 0.114 seconds
[2024-06-27T14:37:41.243+0000] {processor.py:161} INFO - Started process (PID=171) to work on /home/airflow/.local/lib/python3.12/site-packages/airflow/example_dags/example_short_circuit_operator.py
[2024-06-27T14:37:41.245+0000] {processor.py:830} INFO - Processing file /home/airflow/.local/lib/python3.12/site-packages/airflow/example_dags/example_short_circuit_operator.py for tasks to queue
[2024-06-27T14:37:41.248+0000] {logging_mixin.py:188} INFO - [2024-06-27T14:37:41.247+0000] {dagbag.py:545} INFO - Filling up the DagBag from /home/airflow/.local/lib/python3.12/site-packages/airflow/example_dags/example_short_circuit_operator.py
[2024-06-27T14:37:41.259+0000] {processor.py:840} INFO - DAG(s) 'example_short_circuit_operator' retrieved from /home/airflow/.local/lib/python3.12/site-packages/airflow/example_dags/example_short_circuit_operator.py
[2024-06-27T14:37:41.298+0000] {logging_mixin.py:188} INFO - [2024-06-27T14:37:41.297+0000] {dag.py:3096} INFO - Sync 1 DAGs
[2024-06-27T14:37:41.330+0000] {logging_mixin.py:188} INFO - [2024-06-27T14:37:41.330+0000] {dag.py:3954} INFO - Setting next_dagrun for example_short_circuit_operator to 2024-06-26 00:00:00+00:00, run_after=2024-06-27 00:00:00+00:00
[2024-06-27T14:37:41.361+0000] {processor.py:183} INFO - Processing /home/airflow/.local/lib/python3.12/site-packages/airflow/example_dags/example_short_circuit_operator.py took 0.127 seconds
[2024-06-27T14:38:11.480+0000] {processor.py:161} INFO - Started process (PID=230) to work on /home/airflow/.local/lib/python3.12/site-packages/airflow/example_dags/example_short_circuit_operator.py
[2024-06-27T14:38:11.482+0000] {processor.py:830} INFO - Processing file /home/airflow/.local/lib/python3.12/site-packages/airflow/example_dags/example_short_circuit_operator.py for tasks to queue
[2024-06-27T14:38:11.485+0000] {logging_mixin.py:188} INFO - [2024-06-27T14:38:11.485+0000] {dagbag.py:545} INFO - Filling up the DagBag from /home/airflow/.local/lib/python3.12/site-packages/airflow/example_dags/example_short_circuit_operator.py
[2024-06-27T14:38:11.496+0000] {processor.py:840} INFO - DAG(s) 'example_short_circuit_operator' retrieved from /home/airflow/.local/lib/python3.12/site-packages/airflow/example_dags/example_short_circuit_operator.py
[2024-06-27T14:38:11.527+0000] {logging_mixin.py:188} INFO - [2024-06-27T14:38:11.527+0000] {dag.py:3096} INFO - Sync 1 DAGs
[2024-06-27T14:38:11.557+0000] {logging_mixin.py:188} INFO - [2024-06-27T14:38:11.557+0000] {dag.py:3954} INFO - Setting next_dagrun for example_short_circuit_operator to 2024-06-26 00:00:00+00:00, run_after=2024-06-27 00:00:00+00:00
[2024-06-27T14:38:11.590+0000] {processor.py:183} INFO - Processing /home/airflow/.local/lib/python3.12/site-packages/airflow/example_dags/example_short_circuit_operator.py took 0.117 seconds
[2024-06-27T14:39:45.368+0000] {processor.py:161} INFO - Started process (PID=58) to work on /home/airflow/.local/lib/python3.12/site-packages/airflow/example_dags/example_short_circuit_operator.py
[2024-06-27T14:39:45.372+0000] {processor.py:830} INFO - Processing file /home/airflow/.local/lib/python3.12/site-packages/airflow/example_dags/example_short_circuit_operator.py for tasks to queue
[2024-06-27T14:39:45.378+0000] {logging_mixin.py:188} INFO - [2024-06-27T14:39:45.377+0000] {dagbag.py:545} INFO - Filling up the DagBag from /home/airflow/.local/lib/python3.12/site-packages/airflow/example_dags/example_short_circuit_operator.py
[2024-06-27T14:39:45.403+0000] {processor.py:840} INFO - DAG(s) 'example_short_circuit_operator' retrieved from /home/airflow/.local/lib/python3.12/site-packages/airflow/example_dags/example_short_circuit_operator.py
[2024-06-27T14:39:45.732+0000] {logging_mixin.py:188} INFO - [2024-06-27T14:39:45.731+0000] {dag.py:3096} INFO - Sync 1 DAGs
[2024-06-27T14:39:45.858+0000] {logging_mixin.py:188} INFO - [2024-06-27T14:39:45.857+0000] {dag.py:3954} INFO - Setting next_dagrun for example_short_circuit_operator to 2024-06-26 00:00:00+00:00, run_after=2024-06-27 00:00:00+00:00
[2024-06-27T14:39:45.926+0000] {processor.py:183} INFO - Processing /home/airflow/.local/lib/python3.12/site-packages/airflow/example_dags/example_short_circuit_operator.py took 0.574 seconds
[2024-06-27T14:40:16.075+0000] {processor.py:161} INFO - Started process (PID=117) to work on /home/airflow/.local/lib/python3.12/site-packages/airflow/example_dags/example_short_circuit_operator.py
[2024-06-27T14:40:16.077+0000] {processor.py:830} INFO - Processing file /home/airflow/.local/lib/python3.12/site-packages/airflow/example_dags/example_short_circuit_operator.py for tasks to queue
[2024-06-27T14:40:16.080+0000] {logging_mixin.py:188} INFO - [2024-06-27T14:40:16.079+0000] {dagbag.py:545} INFO - Filling up the DagBag from /home/airflow/.local/lib/python3.12/site-packages/airflow/example_dags/example_short_circuit_operator.py
[2024-06-27T14:40:16.090+0000] {processor.py:840} INFO - DAG(s) 'example_short_circuit_operator' retrieved from /home/airflow/.local/lib/python3.12/site-packages/airflow/example_dags/example_short_circuit_operator.py
[2024-06-27T14:40:16.124+0000] {logging_mixin.py:188} INFO - [2024-06-27T14:40:16.124+0000] {dag.py:3096} INFO - Sync 1 DAGs
[2024-06-27T14:40:16.155+0000] {logging_mixin.py:188} INFO - [2024-06-27T14:40:16.154+0000] {dag.py:3954} INFO - Setting next_dagrun for example_short_circuit_operator to 2024-06-26 00:00:00+00:00, run_after=2024-06-27 00:00:00+00:00
[2024-06-27T14:40:16.184+0000] {processor.py:183} INFO - Processing /home/airflow/.local/lib/python3.12/site-packages/airflow/example_dags/example_short_circuit_operator.py took 0.117 seconds
[2024-06-27T14:40:46.387+0000] {processor.py:161} INFO - Started process (PID=176) to work on /home/airflow/.local/lib/python3.12/site-packages/airflow/example_dags/example_short_circuit_operator.py
[2024-06-27T14:40:46.389+0000] {processor.py:830} INFO - Processing file /home/airflow/.local/lib/python3.12/site-packages/airflow/example_dags/example_short_circuit_operator.py for tasks to queue
[2024-06-27T14:40:46.392+0000] {logging_mixin.py:188} INFO - [2024-06-27T14:40:46.392+0000] {dagbag.py:545} INFO - Filling up the DagBag from /home/airflow/.local/lib/python3.12/site-packages/airflow/example_dags/example_short_circuit_operator.py
[2024-06-27T14:40:46.402+0000] {processor.py:840} INFO - DAG(s) 'example_short_circuit_operator' retrieved from /home/airflow/.local/lib/python3.12/site-packages/airflow/example_dags/example_short_circuit_operator.py
[2024-06-27T14:40:46.434+0000] {logging_mixin.py:188} INFO - [2024-06-27T14:40:46.434+0000] {dag.py:3096} INFO - Sync 1 DAGs
[2024-06-27T14:40:46.464+0000] {logging_mixin.py:188} INFO - [2024-06-27T14:40:46.463+0000] {dag.py:3954} INFO - Setting next_dagrun for example_short_circuit_operator to 2024-06-26 00:00:00+00:00, run_after=2024-06-27 00:00:00+00:00
[2024-06-27T14:40:46.493+0000] {processor.py:183} INFO - Processing /home/airflow/.local/lib/python3.12/site-packages/airflow/example_dags/example_short_circuit_operator.py took 0.114 seconds
[2024-06-27T14:41:16.700+0000] {processor.py:161} INFO - Started process (PID=235) to work on /home/airflow/.local/lib/python3.12/site-packages/airflow/example_dags/example_short_circuit_operator.py
[2024-06-27T14:41:16.702+0000] {processor.py:830} INFO - Processing file /home/airflow/.local/lib/python3.12/site-packages/airflow/example_dags/example_short_circuit_operator.py for tasks to queue
[2024-06-27T14:41:16.705+0000] {logging_mixin.py:188} INFO - [2024-06-27T14:41:16.705+0000] {dagbag.py:545} INFO - Filling up the DagBag from /home/airflow/.local/lib/python3.12/site-packages/airflow/example_dags/example_short_circuit_operator.py
[2024-06-27T14:41:16.718+0000] {processor.py:840} INFO - DAG(s) 'example_short_circuit_operator' retrieved from /home/airflow/.local/lib/python3.12/site-packages/airflow/example_dags/example_short_circuit_operator.py
[2024-06-27T14:41:16.772+0000] {logging_mixin.py:188} INFO - [2024-06-27T14:41:16.772+0000] {dag.py:3096} INFO - Sync 1 DAGs
[2024-06-27T14:41:16.815+0000] {logging_mixin.py:188} INFO - [2024-06-27T14:41:16.815+0000] {dag.py:3954} INFO - Setting next_dagrun for example_short_circuit_operator to 2024-06-26 00:00:00+00:00, run_after=2024-06-27 00:00:00+00:00
[2024-06-27T14:41:16.846+0000] {processor.py:183} INFO - Processing /home/airflow/.local/lib/python3.12/site-packages/airflow/example_dags/example_short_circuit_operator.py took 0.154 seconds
[2024-06-27T14:41:47.880+0000] {processor.py:161} INFO - Started process (PID=294) to work on /home/airflow/.local/lib/python3.12/site-packages/airflow/example_dags/example_short_circuit_operator.py
[2024-06-27T14:41:47.882+0000] {processor.py:830} INFO - Processing file /home/airflow/.local/lib/python3.12/site-packages/airflow/example_dags/example_short_circuit_operator.py for tasks to queue
[2024-06-27T14:41:47.885+0000] {logging_mixin.py:188} INFO - [2024-06-27T14:41:47.885+0000] {dagbag.py:545} INFO - Filling up the DagBag from /home/airflow/.local/lib/python3.12/site-packages/airflow/example_dags/example_short_circuit_operator.py
[2024-06-27T14:41:47.897+0000] {processor.py:840} INFO - DAG(s) 'example_short_circuit_operator' retrieved from /home/airflow/.local/lib/python3.12/site-packages/airflow/example_dags/example_short_circuit_operator.py
[2024-06-27T14:41:47.934+0000] {logging_mixin.py:188} INFO - [2024-06-27T14:41:47.933+0000] {dag.py:3096} INFO - Sync 1 DAGs
[2024-06-27T14:41:47.971+0000] {logging_mixin.py:188} INFO - [2024-06-27T14:41:47.970+0000] {dag.py:3954} INFO - Setting next_dagrun for example_short_circuit_operator to 2024-06-26 00:00:00+00:00, run_after=2024-06-27 00:00:00+00:00
[2024-06-27T14:41:48.003+0000] {processor.py:183} INFO - Processing /home/airflow/.local/lib/python3.12/site-packages/airflow/example_dags/example_short_circuit_operator.py took 0.132 seconds
[2024-06-27T14:42:18.312+0000] {processor.py:161} INFO - Started process (PID=353) to work on /home/airflow/.local/lib/python3.12/site-packages/airflow/example_dags/example_short_circuit_operator.py
[2024-06-27T14:42:18.313+0000] {processor.py:830} INFO - Processing file /home/airflow/.local/lib/python3.12/site-packages/airflow/example_dags/example_short_circuit_operator.py for tasks to queue
[2024-06-27T14:42:18.316+0000] {logging_mixin.py:188} INFO - [2024-06-27T14:42:18.316+0000] {dagbag.py:545} INFO - Filling up the DagBag from /home/airflow/.local/lib/python3.12/site-packages/airflow/example_dags/example_short_circuit_operator.py
[2024-06-27T14:42:18.327+0000] {processor.py:840} INFO - DAG(s) 'example_short_circuit_operator' retrieved from /home/airflow/.local/lib/python3.12/site-packages/airflow/example_dags/example_short_circuit_operator.py
[2024-06-27T14:42:18.363+0000] {logging_mixin.py:188} INFO - [2024-06-27T14:42:18.362+0000] {dag.py:3096} INFO - Sync 1 DAGs
[2024-06-27T14:42:18.392+0000] {logging_mixin.py:188} INFO - [2024-06-27T14:42:18.392+0000] {dag.py:3954} INFO - Setting next_dagrun for example_short_circuit_operator to 2024-06-26 00:00:00+00:00, run_after=2024-06-27 00:00:00+00:00
[2024-06-27T14:42:18.418+0000] {processor.py:183} INFO - Processing /home/airflow/.local/lib/python3.12/site-packages/airflow/example_dags/example_short_circuit_operator.py took 0.114 seconds
[2024-06-27T14:43:59.517+0000] {processor.py:161} INFO - Started process (PID=52) to work on /home/airflow/.local/lib/python3.12/site-packages/airflow/example_dags/example_short_circuit_operator.py
[2024-06-27T14:43:59.519+0000] {processor.py:830} INFO - Processing file /home/airflow/.local/lib/python3.12/site-packages/airflow/example_dags/example_short_circuit_operator.py for tasks to queue
[2024-06-27T14:43:59.522+0000] {logging_mixin.py:188} INFO - [2024-06-27T14:43:59.521+0000] {dagbag.py:545} INFO - Filling up the DagBag from /home/airflow/.local/lib/python3.12/site-packages/airflow/example_dags/example_short_circuit_operator.py
[2024-06-27T14:43:59.534+0000] {processor.py:840} INFO - DAG(s) 'example_short_circuit_operator' retrieved from /home/airflow/.local/lib/python3.12/site-packages/airflow/example_dags/example_short_circuit_operator.py
[2024-06-27T14:43:59.684+0000] {logging_mixin.py:188} INFO - [2024-06-27T14:43:59.683+0000] {dag.py:3096} INFO - Sync 1 DAGs
[2024-06-27T14:43:59.711+0000] {logging_mixin.py:188} INFO - [2024-06-27T14:43:59.711+0000] {dag.py:3954} INFO - Setting next_dagrun for example_short_circuit_operator to 2024-06-26 00:00:00+00:00, run_after=2024-06-27 00:00:00+00:00
[2024-06-27T14:43:59.739+0000] {processor.py:183} INFO - Processing /home/airflow/.local/lib/python3.12/site-packages/airflow/example_dags/example_short_circuit_operator.py took 0.229 seconds
[2024-06-27T14:44:24.542+0000] {processor.py:161} INFO - Started process (PID=52) to work on /home/airflow/.local/lib/python3.12/site-packages/airflow/example_dags/example_short_circuit_operator.py
[2024-06-27T14:44:24.545+0000] {processor.py:830} INFO - Processing file /home/airflow/.local/lib/python3.12/site-packages/airflow/example_dags/example_short_circuit_operator.py for tasks to queue
[2024-06-27T14:44:24.548+0000] {logging_mixin.py:188} INFO - [2024-06-27T14:44:24.548+0000] {dagbag.py:545} INFO - Filling up the DagBag from /home/airflow/.local/lib/python3.12/site-packages/airflow/example_dags/example_short_circuit_operator.py
[2024-06-27T14:44:24.568+0000] {processor.py:840} INFO - DAG(s) 'example_short_circuit_operator' retrieved from /home/airflow/.local/lib/python3.12/site-packages/airflow/example_dags/example_short_circuit_operator.py
[2024-06-27T14:44:24.590+0000] {logging_mixin.py:188} INFO - [2024-06-27T14:44:24.589+0000] {dag.py:3096} INFO - Sync 1 DAGs
[2024-06-27T14:44:24.633+0000] {logging_mixin.py:188} INFO - [2024-06-27T14:44:24.632+0000] {dag.py:3954} INFO - Setting next_dagrun for example_short_circuit_operator to 2024-06-26 00:00:00+00:00, run_after=2024-06-27 00:00:00+00:00
[2024-06-27T14:44:24.669+0000] {processor.py:183} INFO - Processing /home/airflow/.local/lib/python3.12/site-packages/airflow/example_dags/example_short_circuit_operator.py took 0.137 seconds
[2024-06-27T14:44:54.841+0000] {processor.py:161} INFO - Started process (PID=111) to work on /home/airflow/.local/lib/python3.12/site-packages/airflow/example_dags/example_short_circuit_operator.py
[2024-06-27T14:44:54.843+0000] {processor.py:830} INFO - Processing file /home/airflow/.local/lib/python3.12/site-packages/airflow/example_dags/example_short_circuit_operator.py for tasks to queue
[2024-06-27T14:44:54.846+0000] {logging_mixin.py:188} INFO - [2024-06-27T14:44:54.846+0000] {dagbag.py:545} INFO - Filling up the DagBag from /home/airflow/.local/lib/python3.12/site-packages/airflow/example_dags/example_short_circuit_operator.py
[2024-06-27T14:44:54.856+0000] {processor.py:840} INFO - DAG(s) 'example_short_circuit_operator' retrieved from /home/airflow/.local/lib/python3.12/site-packages/airflow/example_dags/example_short_circuit_operator.py
[2024-06-27T14:44:54.888+0000] {logging_mixin.py:188} INFO - [2024-06-27T14:44:54.887+0000] {dag.py:3096} INFO - Sync 1 DAGs
[2024-06-27T14:44:54.916+0000] {logging_mixin.py:188} INFO - [2024-06-27T14:44:54.915+0000] {dag.py:3954} INFO - Setting next_dagrun for example_short_circuit_operator to 2024-06-26 00:00:00+00:00, run_after=2024-06-27 00:00:00+00:00
[2024-06-27T14:44:54.946+0000] {processor.py:183} INFO - Processing /home/airflow/.local/lib/python3.12/site-packages/airflow/example_dags/example_short_circuit_operator.py took 0.113 seconds
[2024-06-27T14:45:25.832+0000] {processor.py:161} INFO - Started process (PID=170) to work on /home/airflow/.local/lib/python3.12/site-packages/airflow/example_dags/example_short_circuit_operator.py
[2024-06-27T14:45:25.834+0000] {processor.py:830} INFO - Processing file /home/airflow/.local/lib/python3.12/site-packages/airflow/example_dags/example_short_circuit_operator.py for tasks to queue
[2024-06-27T14:45:25.838+0000] {logging_mixin.py:188} INFO - [2024-06-27T14:45:25.837+0000] {dagbag.py:545} INFO - Filling up the DagBag from /home/airflow/.local/lib/python3.12/site-packages/airflow/example_dags/example_short_circuit_operator.py
[2024-06-27T14:45:25.852+0000] {processor.py:840} INFO - DAG(s) 'example_short_circuit_operator' retrieved from /home/airflow/.local/lib/python3.12/site-packages/airflow/example_dags/example_short_circuit_operator.py
[2024-06-27T14:45:25.889+0000] {logging_mixin.py:188} INFO - [2024-06-27T14:45:25.889+0000] {dag.py:3096} INFO - Sync 1 DAGs
[2024-06-27T14:45:25.928+0000] {logging_mixin.py:188} INFO - [2024-06-27T14:45:25.928+0000] {dag.py:3954} INFO - Setting next_dagrun for example_short_circuit_operator to 2024-06-26 00:00:00+00:00, run_after=2024-06-27 00:00:00+00:00
[2024-06-27T14:45:25.962+0000] {processor.py:183} INFO - Processing /home/airflow/.local/lib/python3.12/site-packages/airflow/example_dags/example_short_circuit_operator.py took 0.137 seconds
[2024-06-27T14:45:56.204+0000] {processor.py:161} INFO - Started process (PID=229) to work on /home/airflow/.local/lib/python3.12/site-packages/airflow/example_dags/example_short_circuit_operator.py
[2024-06-27T14:45:56.207+0000] {processor.py:830} INFO - Processing file /home/airflow/.local/lib/python3.12/site-packages/airflow/example_dags/example_short_circuit_operator.py for tasks to queue
[2024-06-27T14:45:56.211+0000] {logging_mixin.py:188} INFO - [2024-06-27T14:45:56.210+0000] {dagbag.py:545} INFO - Filling up the DagBag from /home/airflow/.local/lib/python3.12/site-packages/airflow/example_dags/example_short_circuit_operator.py
[2024-06-27T14:45:56.227+0000] {processor.py:840} INFO - DAG(s) 'example_short_circuit_operator' retrieved from /home/airflow/.local/lib/python3.12/site-packages/airflow/example_dags/example_short_circuit_operator.py
[2024-06-27T14:45:56.276+0000] {logging_mixin.py:188} INFO - [2024-06-27T14:45:56.276+0000] {dag.py:3096} INFO - Sync 1 DAGs
[2024-06-27T14:45:56.319+0000] {logging_mixin.py:188} INFO - [2024-06-27T14:45:56.318+0000] {dag.py:3954} INFO - Setting next_dagrun for example_short_circuit_operator to 2024-06-26 00:00:00+00:00, run_after=2024-06-27 00:00:00+00:00
[2024-06-27T14:45:56.354+0000] {processor.py:183} INFO - Processing /home/airflow/.local/lib/python3.12/site-packages/airflow/example_dags/example_short_circuit_operator.py took 0.159 seconds
[2024-06-27T14:46:26.529+0000] {processor.py:161} INFO - Started process (PID=288) to work on /home/airflow/.local/lib/python3.12/site-packages/airflow/example_dags/example_short_circuit_operator.py
[2024-06-27T14:46:26.531+0000] {processor.py:830} INFO - Processing file /home/airflow/.local/lib/python3.12/site-packages/airflow/example_dags/example_short_circuit_operator.py for tasks to queue
[2024-06-27T14:46:26.534+0000] {logging_mixin.py:188} INFO - [2024-06-27T14:46:26.534+0000] {dagbag.py:545} INFO - Filling up the DagBag from /home/airflow/.local/lib/python3.12/site-packages/airflow/example_dags/example_short_circuit_operator.py
[2024-06-27T14:46:26.545+0000] {processor.py:840} INFO - DAG(s) 'example_short_circuit_operator' retrieved from /home/airflow/.local/lib/python3.12/site-packages/airflow/example_dags/example_short_circuit_operator.py
[2024-06-27T14:46:26.586+0000] {logging_mixin.py:188} INFO - [2024-06-27T14:46:26.586+0000] {dag.py:3096} INFO - Sync 1 DAGs
[2024-06-27T14:46:26.615+0000] {logging_mixin.py:188} INFO - [2024-06-27T14:46:26.614+0000] {dag.py:3954} INFO - Setting next_dagrun for example_short_circuit_operator to 2024-06-26 00:00:00+00:00, run_after=2024-06-27 00:00:00+00:00
[2024-06-27T14:46:26.643+0000] {processor.py:183} INFO - Processing /home/airflow/.local/lib/python3.12/site-packages/airflow/example_dags/example_short_circuit_operator.py took 0.121 seconds
[2024-06-27T14:58:58.388+0000] {processor.py:161} INFO - Started process (PID=57) to work on /home/airflow/.local/lib/python3.12/site-packages/airflow/example_dags/example_short_circuit_operator.py
[2024-06-27T14:58:58.391+0000] {processor.py:830} INFO - Processing file /home/airflow/.local/lib/python3.12/site-packages/airflow/example_dags/example_short_circuit_operator.py for tasks to queue
[2024-06-27T14:58:58.396+0000] {logging_mixin.py:188} INFO - [2024-06-27T14:58:58.394+0000] {dagbag.py:545} INFO - Filling up the DagBag from /home/airflow/.local/lib/python3.12/site-packages/airflow/example_dags/example_short_circuit_operator.py
[2024-06-27T14:58:58.431+0000] {processor.py:840} INFO - DAG(s) 'example_short_circuit_operator' retrieved from /home/airflow/.local/lib/python3.12/site-packages/airflow/example_dags/example_short_circuit_operator.py
[2024-06-27T14:58:58.469+0000] {logging_mixin.py:188} INFO - [2024-06-27T14:58:58.469+0000] {dag.py:3096} INFO - Sync 1 DAGs
[2024-06-27T14:58:58.546+0000] {logging_mixin.py:188} INFO - [2024-06-27T14:58:58.545+0000] {dag.py:3954} INFO - Setting next_dagrun for example_short_circuit_operator to 2024-06-26 00:00:00+00:00, run_after=2024-06-27 00:00:00+00:00
[2024-06-27T14:58:58.594+0000] {processor.py:183} INFO - Processing /home/airflow/.local/lib/python3.12/site-packages/airflow/example_dags/example_short_circuit_operator.py took 0.221 seconds
[2024-06-27T14:59:30.118+0000] {processor.py:161} INFO - Started process (PID=116) to work on /home/airflow/.local/lib/python3.12/site-packages/airflow/example_dags/example_short_circuit_operator.py
[2024-06-27T14:59:30.121+0000] {processor.py:830} INFO - Processing file /home/airflow/.local/lib/python3.12/site-packages/airflow/example_dags/example_short_circuit_operator.py for tasks to queue
[2024-06-27T14:59:30.125+0000] {logging_mixin.py:188} INFO - [2024-06-27T14:59:30.124+0000] {dagbag.py:545} INFO - Filling up the DagBag from /home/airflow/.local/lib/python3.12/site-packages/airflow/example_dags/example_short_circuit_operator.py
[2024-06-27T14:59:30.138+0000] {processor.py:840} INFO - DAG(s) 'example_short_circuit_operator' retrieved from /home/airflow/.local/lib/python3.12/site-packages/airflow/example_dags/example_short_circuit_operator.py
[2024-06-27T14:59:30.340+0000] {logging_mixin.py:188} INFO - [2024-06-27T14:59:30.339+0000] {dag.py:3096} INFO - Sync 1 DAGs
[2024-06-27T14:59:30.390+0000] {logging_mixin.py:188} INFO - [2024-06-27T14:59:30.389+0000] {dag.py:3954} INFO - Setting next_dagrun for example_short_circuit_operator to 2024-06-26 00:00:00+00:00, run_after=2024-06-27 00:00:00+00:00
[2024-06-27T14:59:30.431+0000] {processor.py:183} INFO - Processing /home/airflow/.local/lib/python3.12/site-packages/airflow/example_dags/example_short_circuit_operator.py took 0.325 seconds
[2024-06-27T15:00:00.991+0000] {processor.py:161} INFO - Started process (PID=175) to work on /home/airflow/.local/lib/python3.12/site-packages/airflow/example_dags/example_short_circuit_operator.py
[2024-06-27T15:00:00.993+0000] {processor.py:830} INFO - Processing file /home/airflow/.local/lib/python3.12/site-packages/airflow/example_dags/example_short_circuit_operator.py for tasks to queue
[2024-06-27T15:00:00.995+0000] {logging_mixin.py:188} INFO - [2024-06-27T15:00:00.995+0000] {dagbag.py:545} INFO - Filling up the DagBag from /home/airflow/.local/lib/python3.12/site-packages/airflow/example_dags/example_short_circuit_operator.py
[2024-06-27T15:00:01.004+0000] {processor.py:840} INFO - DAG(s) 'example_short_circuit_operator' retrieved from /home/airflow/.local/lib/python3.12/site-packages/airflow/example_dags/example_short_circuit_operator.py
[2024-06-27T15:00:01.038+0000] {logging_mixin.py:188} INFO - [2024-06-27T15:00:01.037+0000] {dag.py:3096} INFO - Sync 1 DAGs
[2024-06-27T15:00:01.068+0000] {logging_mixin.py:188} INFO - [2024-06-27T15:00:01.067+0000] {dag.py:3954} INFO - Setting next_dagrun for example_short_circuit_operator to 2024-06-26 00:00:00+00:00, run_after=2024-06-27 00:00:00+00:00
[2024-06-27T15:00:01.098+0000] {processor.py:183} INFO - Processing /home/airflow/.local/lib/python3.12/site-packages/airflow/example_dags/example_short_circuit_operator.py took 0.114 seconds
[2024-06-27T15:00:31.794+0000] {processor.py:161} INFO - Started process (PID=234) to work on /home/airflow/.local/lib/python3.12/site-packages/airflow/example_dags/example_short_circuit_operator.py
[2024-06-27T15:00:31.795+0000] {processor.py:830} INFO - Processing file /home/airflow/.local/lib/python3.12/site-packages/airflow/example_dags/example_short_circuit_operator.py for tasks to queue
[2024-06-27T15:00:31.799+0000] {logging_mixin.py:188} INFO - [2024-06-27T15:00:31.798+0000] {dagbag.py:545} INFO - Filling up the DagBag from /home/airflow/.local/lib/python3.12/site-packages/airflow/example_dags/example_short_circuit_operator.py
[2024-06-27T15:00:31.810+0000] {processor.py:840} INFO - DAG(s) 'example_short_circuit_operator' retrieved from /home/airflow/.local/lib/python3.12/site-packages/airflow/example_dags/example_short_circuit_operator.py
[2024-06-27T15:00:31.844+0000] {logging_mixin.py:188} INFO - [2024-06-27T15:00:31.844+0000] {dag.py:3096} INFO - Sync 1 DAGs
[2024-06-27T15:00:31.872+0000] {logging_mixin.py:188} INFO - [2024-06-27T15:00:31.872+0000] {dag.py:3954} INFO - Setting next_dagrun for example_short_circuit_operator to 2024-06-26 00:00:00+00:00, run_after=2024-06-27 00:00:00+00:00
[2024-06-27T15:00:31.902+0000] {processor.py:183} INFO - Processing /home/airflow/.local/lib/python3.12/site-packages/airflow/example_dags/example_short_circuit_operator.py took 0.115 seconds
[2024-06-27T15:02:16.344+0000] {processor.py:161} INFO - Started process (PID=68) to work on /home/airflow/.local/lib/python3.12/site-packages/airflow/example_dags/example_short_circuit_operator.py
[2024-06-27T15:02:16.348+0000] {processor.py:830} INFO - Processing file /home/airflow/.local/lib/python3.12/site-packages/airflow/example_dags/example_short_circuit_operator.py for tasks to queue
[2024-06-27T15:02:16.354+0000] {logging_mixin.py:188} INFO - [2024-06-27T15:02:16.353+0000] {dagbag.py:545} INFO - Filling up the DagBag from /home/airflow/.local/lib/python3.12/site-packages/airflow/example_dags/example_short_circuit_operator.py
[2024-06-27T15:02:16.372+0000] {processor.py:840} INFO - DAG(s) 'example_short_circuit_operator' retrieved from /home/airflow/.local/lib/python3.12/site-packages/airflow/example_dags/example_short_circuit_operator.py
[2024-06-27T15:02:16.573+0000] {logging_mixin.py:188} INFO - [2024-06-27T15:02:16.573+0000] {dag.py:3096} INFO - Sync 1 DAGs
[2024-06-27T15:02:16.611+0000] {logging_mixin.py:188} INFO - [2024-06-27T15:02:16.611+0000] {dag.py:3954} INFO - Setting next_dagrun for example_short_circuit_operator to 2024-06-26 00:00:00+00:00, run_after=2024-06-27 00:00:00+00:00
[2024-06-27T15:02:16.648+0000] {processor.py:183} INFO - Processing /home/airflow/.local/lib/python3.12/site-packages/airflow/example_dags/example_short_circuit_operator.py took 0.319 seconds
[2024-06-27T15:02:47.190+0000] {processor.py:161} INFO - Started process (PID=136) to work on /home/airflow/.local/lib/python3.12/site-packages/airflow/example_dags/example_short_circuit_operator.py
[2024-06-27T15:02:47.193+0000] {processor.py:830} INFO - Processing file /home/airflow/.local/lib/python3.12/site-packages/airflow/example_dags/example_short_circuit_operator.py for tasks to queue
[2024-06-27T15:02:47.196+0000] {logging_mixin.py:188} INFO - [2024-06-27T15:02:47.196+0000] {dagbag.py:545} INFO - Filling up the DagBag from /home/airflow/.local/lib/python3.12/site-packages/airflow/example_dags/example_short_circuit_operator.py
[2024-06-27T15:02:47.210+0000] {processor.py:840} INFO - DAG(s) 'example_short_circuit_operator' retrieved from /home/airflow/.local/lib/python3.12/site-packages/airflow/example_dags/example_short_circuit_operator.py
[2024-06-27T15:02:47.250+0000] {logging_mixin.py:188} INFO - [2024-06-27T15:02:47.249+0000] {dag.py:3096} INFO - Sync 1 DAGs
[2024-06-27T15:02:47.282+0000] {logging_mixin.py:188} INFO - [2024-06-27T15:02:47.282+0000] {dag.py:3954} INFO - Setting next_dagrun for example_short_circuit_operator to 2024-06-26 00:00:00+00:00, run_after=2024-06-27 00:00:00+00:00
[2024-06-27T15:02:47.311+0000] {processor.py:183} INFO - Processing /home/airflow/.local/lib/python3.12/site-packages/airflow/example_dags/example_short_circuit_operator.py took 0.132 seconds
[2024-06-27T15:03:17.713+0000] {processor.py:161} INFO - Started process (PID=204) to work on /home/airflow/.local/lib/python3.12/site-packages/airflow/example_dags/example_short_circuit_operator.py
[2024-06-27T15:03:17.715+0000] {processor.py:830} INFO - Processing file /home/airflow/.local/lib/python3.12/site-packages/airflow/example_dags/example_short_circuit_operator.py for tasks to queue
[2024-06-27T15:03:17.718+0000] {logging_mixin.py:188} INFO - [2024-06-27T15:03:17.718+0000] {dagbag.py:545} INFO - Filling up the DagBag from /home/airflow/.local/lib/python3.12/site-packages/airflow/example_dags/example_short_circuit_operator.py
[2024-06-27T15:03:17.730+0000] {processor.py:840} INFO - DAG(s) 'example_short_circuit_operator' retrieved from /home/airflow/.local/lib/python3.12/site-packages/airflow/example_dags/example_short_circuit_operator.py
[2024-06-27T15:03:17.762+0000] {logging_mixin.py:188} INFO - [2024-06-27T15:03:17.762+0000] {dag.py:3096} INFO - Sync 1 DAGs
[2024-06-27T15:03:17.791+0000] {logging_mixin.py:188} INFO - [2024-06-27T15:03:17.790+0000] {dag.py:3954} INFO - Setting next_dagrun for example_short_circuit_operator to 2024-06-26 00:00:00+00:00, run_after=2024-06-27 00:00:00+00:00
[2024-06-27T15:03:17.822+0000] {processor.py:183} INFO - Processing /home/airflow/.local/lib/python3.12/site-packages/airflow/example_dags/example_short_circuit_operator.py took 0.116 seconds
[2024-06-27T15:03:51.783+0000] {processor.py:161} INFO - Started process (PID=271) to work on /home/airflow/.local/lib/python3.12/site-packages/airflow/example_dags/example_short_circuit_operator.py
[2024-06-27T15:03:51.792+0000] {processor.py:830} INFO - Processing file /home/airflow/.local/lib/python3.12/site-packages/airflow/example_dags/example_short_circuit_operator.py for tasks to queue
[2024-06-27T15:03:51.798+0000] {logging_mixin.py:188} INFO - [2024-06-27T15:03:51.796+0000] {dagbag.py:545} INFO - Filling up the DagBag from /home/airflow/.local/lib/python3.12/site-packages/airflow/example_dags/example_short_circuit_operator.py
[2024-06-27T15:03:51.855+0000] {processor.py:840} INFO - DAG(s) 'example_short_circuit_operator' retrieved from /home/airflow/.local/lib/python3.12/site-packages/airflow/example_dags/example_short_circuit_operator.py
[2024-06-27T15:03:52.723+0000] {logging_mixin.py:188} INFO - [2024-06-27T15:03:52.718+0000] {dag.py:3096} INFO - Sync 1 DAGs
[2024-06-27T15:03:52.871+0000] {logging_mixin.py:188} INFO - [2024-06-27T15:03:52.870+0000] {dag.py:3954} INFO - Setting next_dagrun for example_short_circuit_operator to 2024-06-26 00:00:00+00:00, run_after=2024-06-27 00:00:00+00:00
[2024-06-27T15:03:53.015+0000] {processor.py:183} INFO - Processing /home/airflow/.local/lib/python3.12/site-packages/airflow/example_dags/example_short_circuit_operator.py took 1.326 seconds
[2024-06-27T15:04:23.357+0000] {processor.py:161} INFO - Started process (PID=347) to work on /home/airflow/.local/lib/python3.12/site-packages/airflow/example_dags/example_short_circuit_operator.py
[2024-06-27T15:04:23.363+0000] {processor.py:830} INFO - Processing file /home/airflow/.local/lib/python3.12/site-packages/airflow/example_dags/example_short_circuit_operator.py for tasks to queue
[2024-06-27T15:04:23.397+0000] {logging_mixin.py:188} INFO - [2024-06-27T15:04:23.394+0000] {dagbag.py:545} INFO - Filling up the DagBag from /home/airflow/.local/lib/python3.12/site-packages/airflow/example_dags/example_short_circuit_operator.py
[2024-06-27T15:04:23.538+0000] {processor.py:840} INFO - DAG(s) 'example_short_circuit_operator' retrieved from /home/airflow/.local/lib/python3.12/site-packages/airflow/example_dags/example_short_circuit_operator.py
[2024-06-27T15:04:23.714+0000] {logging_mixin.py:188} INFO - [2024-06-27T15:04:23.714+0000] {dag.py:3096} INFO - Sync 1 DAGs
[2024-06-27T15:04:23.844+0000] {logging_mixin.py:188} INFO - [2024-06-27T15:04:23.840+0000] {dag.py:3954} INFO - Setting next_dagrun for example_short_circuit_operator to 2024-06-26 00:00:00+00:00, run_after=2024-06-27 00:00:00+00:00
[2024-06-27T15:04:23.982+0000] {processor.py:183} INFO - Processing /home/airflow/.local/lib/python3.12/site-packages/airflow/example_dags/example_short_circuit_operator.py took 0.695 seconds
[2024-06-27T15:04:54.107+0000] {processor.py:161} INFO - Started process (PID=415) to work on /home/airflow/.local/lib/python3.12/site-packages/airflow/example_dags/example_short_circuit_operator.py
[2024-06-27T15:04:54.114+0000] {processor.py:830} INFO - Processing file /home/airflow/.local/lib/python3.12/site-packages/airflow/example_dags/example_short_circuit_operator.py for tasks to queue
[2024-06-27T15:04:54.128+0000] {logging_mixin.py:188} INFO - [2024-06-27T15:04:54.126+0000] {dagbag.py:545} INFO - Filling up the DagBag from /home/airflow/.local/lib/python3.12/site-packages/airflow/example_dags/example_short_circuit_operator.py
[2024-06-27T15:04:54.176+0000] {processor.py:840} INFO - DAG(s) 'example_short_circuit_operator' retrieved from /home/airflow/.local/lib/python3.12/site-packages/airflow/example_dags/example_short_circuit_operator.py
[2024-06-27T15:04:54.308+0000] {logging_mixin.py:188} INFO - [2024-06-27T15:04:54.307+0000] {dag.py:3096} INFO - Sync 1 DAGs
[2024-06-27T15:04:54.425+0000] {logging_mixin.py:188} INFO - [2024-06-27T15:04:54.424+0000] {dag.py:3954} INFO - Setting next_dagrun for example_short_circuit_operator to 2024-06-26 00:00:00+00:00, run_after=2024-06-27 00:00:00+00:00
[2024-06-27T15:04:54.520+0000] {processor.py:183} INFO - Processing /home/airflow/.local/lib/python3.12/site-packages/airflow/example_dags/example_short_circuit_operator.py took 0.442 seconds
[2024-06-27T15:05:25.014+0000] {processor.py:161} INFO - Started process (PID=510) to work on /home/airflow/.local/lib/python3.12/site-packages/airflow/example_dags/example_short_circuit_operator.py
[2024-06-27T15:05:25.020+0000] {processor.py:830} INFO - Processing file /home/airflow/.local/lib/python3.12/site-packages/airflow/example_dags/example_short_circuit_operator.py for tasks to queue
[2024-06-27T15:05:25.027+0000] {logging_mixin.py:188} INFO - [2024-06-27T15:05:25.026+0000] {dagbag.py:545} INFO - Filling up the DagBag from /home/airflow/.local/lib/python3.12/site-packages/airflow/example_dags/example_short_circuit_operator.py
[2024-06-27T15:05:25.059+0000] {processor.py:840} INFO - DAG(s) 'example_short_circuit_operator' retrieved from /home/airflow/.local/lib/python3.12/site-packages/airflow/example_dags/example_short_circuit_operator.py
[2024-06-27T15:05:25.163+0000] {logging_mixin.py:188} INFO - [2024-06-27T15:05:25.163+0000] {dag.py:3096} INFO - Sync 1 DAGs
[2024-06-27T15:05:25.253+0000] {logging_mixin.py:188} INFO - [2024-06-27T15:05:25.252+0000] {dag.py:3954} INFO - Setting next_dagrun for example_short_circuit_operator to 2024-06-26 00:00:00+00:00, run_after=2024-06-27 00:00:00+00:00
[2024-06-27T15:05:25.363+0000] {processor.py:183} INFO - Processing /home/airflow/.local/lib/python3.12/site-packages/airflow/example_dags/example_short_circuit_operator.py took 0.404 seconds
[2024-06-27T15:05:56.035+0000] {processor.py:161} INFO - Started process (PID=587) to work on /home/airflow/.local/lib/python3.12/site-packages/airflow/example_dags/example_short_circuit_operator.py
[2024-06-27T15:05:56.044+0000] {processor.py:830} INFO - Processing file /home/airflow/.local/lib/python3.12/site-packages/airflow/example_dags/example_short_circuit_operator.py for tasks to queue
[2024-06-27T15:05:56.055+0000] {logging_mixin.py:188} INFO - [2024-06-27T15:05:56.054+0000] {dagbag.py:545} INFO - Filling up the DagBag from /home/airflow/.local/lib/python3.12/site-packages/airflow/example_dags/example_short_circuit_operator.py
[2024-06-27T15:05:56.101+0000] {processor.py:840} INFO - DAG(s) 'example_short_circuit_operator' retrieved from /home/airflow/.local/lib/python3.12/site-packages/airflow/example_dags/example_short_circuit_operator.py
[2024-06-27T15:05:56.235+0000] {logging_mixin.py:188} INFO - [2024-06-27T15:05:56.234+0000] {dag.py:3096} INFO - Sync 1 DAGs
[2024-06-27T15:05:56.352+0000] {logging_mixin.py:188} INFO - [2024-06-27T15:05:56.352+0000] {dag.py:3954} INFO - Setting next_dagrun for example_short_circuit_operator to 2024-06-26 00:00:00+00:00, run_after=2024-06-27 00:00:00+00:00
[2024-06-27T15:05:56.467+0000] {processor.py:183} INFO - Processing /home/airflow/.local/lib/python3.12/site-packages/airflow/example_dags/example_short_circuit_operator.py took 0.456 seconds
[2024-06-27T15:06:26.793+0000] {processor.py:161} INFO - Started process (PID=664) to work on /home/airflow/.local/lib/python3.12/site-packages/airflow/example_dags/example_short_circuit_operator.py
[2024-06-27T15:06:26.802+0000] {processor.py:830} INFO - Processing file /home/airflow/.local/lib/python3.12/site-packages/airflow/example_dags/example_short_circuit_operator.py for tasks to queue
[2024-06-27T15:06:26.818+0000] {logging_mixin.py:188} INFO - [2024-06-27T15:06:26.810+0000] {dagbag.py:545} INFO - Filling up the DagBag from /home/airflow/.local/lib/python3.12/site-packages/airflow/example_dags/example_short_circuit_operator.py
[2024-06-27T15:06:26.853+0000] {processor.py:840} INFO - DAG(s) 'example_short_circuit_operator' retrieved from /home/airflow/.local/lib/python3.12/site-packages/airflow/example_dags/example_short_circuit_operator.py
[2024-06-27T15:06:26.995+0000] {logging_mixin.py:188} INFO - [2024-06-27T15:06:26.994+0000] {dag.py:3096} INFO - Sync 1 DAGs
[2024-06-27T15:06:27.100+0000] {logging_mixin.py:188} INFO - [2024-06-27T15:06:27.099+0000] {dag.py:3954} INFO - Setting next_dagrun for example_short_circuit_operator to 2024-06-26 00:00:00+00:00, run_after=2024-06-27 00:00:00+00:00
[2024-06-27T15:06:27.180+0000] {processor.py:183} INFO - Processing /home/airflow/.local/lib/python3.12/site-packages/airflow/example_dags/example_short_circuit_operator.py took 0.431 seconds
[2024-06-27T15:07:01.792+0000] {processor.py:161} INFO - Started process (PID=753) to work on /home/airflow/.local/lib/python3.12/site-packages/airflow/example_dags/example_short_circuit_operator.py
[2024-06-27T15:07:01.805+0000] {processor.py:830} INFO - Processing file /home/airflow/.local/lib/python3.12/site-packages/airflow/example_dags/example_short_circuit_operator.py for tasks to queue
[2024-06-27T15:07:01.820+0000] {logging_mixin.py:188} INFO - [2024-06-27T15:07:01.818+0000] {dagbag.py:545} INFO - Filling up the DagBag from /home/airflow/.local/lib/python3.12/site-packages/airflow/example_dags/example_short_circuit_operator.py
[2024-06-27T15:07:01.891+0000] {processor.py:840} INFO - DAG(s) 'example_short_circuit_operator' retrieved from /home/airflow/.local/lib/python3.12/site-packages/airflow/example_dags/example_short_circuit_operator.py
[2024-06-27T15:07:02.012+0000] {logging_mixin.py:188} INFO - [2024-06-27T15:07:02.011+0000] {dag.py:3096} INFO - Sync 1 DAGs
[2024-06-27T15:07:02.125+0000] {logging_mixin.py:188} INFO - [2024-06-27T15:07:02.124+0000] {dag.py:3954} INFO - Setting next_dagrun for example_short_circuit_operator to 2024-06-26 00:00:00+00:00, run_after=2024-06-27 00:00:00+00:00
[2024-06-27T15:07:02.237+0000] {processor.py:183} INFO - Processing /home/airflow/.local/lib/python3.12/site-packages/airflow/example_dags/example_short_circuit_operator.py took 0.498 seconds
[2024-06-27T15:07:32.769+0000] {processor.py:161} INFO - Started process (PID=841) to work on /home/airflow/.local/lib/python3.12/site-packages/airflow/example_dags/example_short_circuit_operator.py
[2024-06-27T15:07:32.775+0000] {processor.py:830} INFO - Processing file /home/airflow/.local/lib/python3.12/site-packages/airflow/example_dags/example_short_circuit_operator.py for tasks to queue
[2024-06-27T15:07:32.785+0000] {logging_mixin.py:188} INFO - [2024-06-27T15:07:32.784+0000] {dagbag.py:545} INFO - Filling up the DagBag from /home/airflow/.local/lib/python3.12/site-packages/airflow/example_dags/example_short_circuit_operator.py
[2024-06-27T15:07:32.836+0000] {processor.py:840} INFO - DAG(s) 'example_short_circuit_operator' retrieved from /home/airflow/.local/lib/python3.12/site-packages/airflow/example_dags/example_short_circuit_operator.py
[2024-06-27T15:07:33.056+0000] {logging_mixin.py:188} INFO - [2024-06-27T15:07:33.055+0000] {dag.py:3096} INFO - Sync 1 DAGs
[2024-06-27T15:07:33.284+0000] {logging_mixin.py:188} INFO - [2024-06-27T15:07:33.283+0000] {dag.py:3954} INFO - Setting next_dagrun for example_short_circuit_operator to 2024-06-26 00:00:00+00:00, run_after=2024-06-27 00:00:00+00:00
[2024-06-27T15:07:33.431+0000] {processor.py:183} INFO - Processing /home/airflow/.local/lib/python3.12/site-packages/airflow/example_dags/example_short_circuit_operator.py took 0.719 seconds
