[2024-06-27T14:36:33.159+0000] {processor.py:161} INFO - Started process (PID=46) to work on /home/airflow/.local/lib/python3.12/site-packages/airflow/example_dags/example_branch_labels.py
[2024-06-27T14:36:33.166+0000] {processor.py:830} INFO - Processing file /home/airflow/.local/lib/python3.12/site-packages/airflow/example_dags/example_branch_labels.py for tasks to queue
[2024-06-27T14:36:33.182+0000] {logging_mixin.py:188} INFO - [2024-06-27T14:36:33.180+0000] {dagbag.py:545} INFO - Filling up the DagBag from /home/airflow/.local/lib/python3.12/site-packages/airflow/example_dags/example_branch_labels.py
[2024-06-27T14:36:33.279+0000] {processor.py:840} INFO - DAG(s) 'example_branch_labels' retrieved from /home/airflow/.local/lib/python3.12/site-packages/airflow/example_dags/example_branch_labels.py
[2024-06-27T14:36:34.369+0000] {logging_mixin.py:188} INFO - [2024-06-27T14:36:34.366+0000] {override.py:1829} INFO - Created Permission View: can edit on DAG:example_branch_labels
[2024-06-27T14:36:34.422+0000] {logging_mixin.py:188} INFO - [2024-06-27T14:36:34.420+0000] {override.py:1829} INFO - Created Permission View: can delete on DAG:example_branch_labels
[2024-06-27T14:36:34.457+0000] {logging_mixin.py:188} INFO - [2024-06-27T14:36:34.456+0000] {override.py:1829} INFO - Created Permission View: can read on DAG:example_branch_labels
[2024-06-27T14:36:34.460+0000] {logging_mixin.py:188} INFO - [2024-06-27T14:36:34.459+0000] {dag.py:3096} INFO - Sync 1 DAGs
[2024-06-27T14:36:34.529+0000] {logging_mixin.py:188} INFO - [2024-06-27T14:36:34.529+0000] {dag.py:3118} INFO - Creating ORM DAG for example_branch_labels
[2024-06-27T14:36:34.588+0000] {logging_mixin.py:188} INFO - [2024-06-27T14:36:34.587+0000] {dag.py:3954} INFO - Setting next_dagrun for example_branch_labels to 2024-06-26 00:00:00+00:00, run_after=2024-06-27 00:00:00+00:00
[2024-06-27T14:36:34.659+0000] {processor.py:183} INFO - Processing /home/airflow/.local/lib/python3.12/site-packages/airflow/example_dags/example_branch_labels.py took 1.526 seconds
[2024-06-27T14:37:05.075+0000] {processor.py:161} INFO - Started process (PID=104) to work on /home/airflow/.local/lib/python3.12/site-packages/airflow/example_dags/example_branch_labels.py
[2024-06-27T14:37:05.077+0000] {processor.py:830} INFO - Processing file /home/airflow/.local/lib/python3.12/site-packages/airflow/example_dags/example_branch_labels.py for tasks to queue
[2024-06-27T14:37:05.080+0000] {logging_mixin.py:188} INFO - [2024-06-27T14:37:05.079+0000] {dagbag.py:545} INFO - Filling up the DagBag from /home/airflow/.local/lib/python3.12/site-packages/airflow/example_dags/example_branch_labels.py
[2024-06-27T14:37:05.090+0000] {processor.py:840} INFO - DAG(s) 'example_branch_labels' retrieved from /home/airflow/.local/lib/python3.12/site-packages/airflow/example_dags/example_branch_labels.py
[2024-06-27T14:37:05.121+0000] {logging_mixin.py:188} INFO - [2024-06-27T14:37:05.121+0000] {dag.py:3096} INFO - Sync 1 DAGs
[2024-06-27T14:37:05.157+0000] {logging_mixin.py:188} INFO - [2024-06-27T14:37:05.157+0000] {dag.py:3954} INFO - Setting next_dagrun for example_branch_labels to 2024-06-26 00:00:00+00:00, run_after=2024-06-27 00:00:00+00:00
[2024-06-27T14:37:05.190+0000] {processor.py:183} INFO - Processing /home/airflow/.local/lib/python3.12/site-packages/airflow/example_dags/example_branch_labels.py took 0.125 seconds
[2024-06-27T14:37:35.460+0000] {processor.py:161} INFO - Started process (PID=162) to work on /home/airflow/.local/lib/python3.12/site-packages/airflow/example_dags/example_branch_labels.py
[2024-06-27T14:37:35.461+0000] {processor.py:830} INFO - Processing file /home/airflow/.local/lib/python3.12/site-packages/airflow/example_dags/example_branch_labels.py for tasks to queue
[2024-06-27T14:37:35.464+0000] {logging_mixin.py:188} INFO - [2024-06-27T14:37:35.464+0000] {dagbag.py:545} INFO - Filling up the DagBag from /home/airflow/.local/lib/python3.12/site-packages/airflow/example_dags/example_branch_labels.py
[2024-06-27T14:37:35.482+0000] {processor.py:840} INFO - DAG(s) 'example_branch_labels' retrieved from /home/airflow/.local/lib/python3.12/site-packages/airflow/example_dags/example_branch_labels.py
[2024-06-27T14:37:35.535+0000] {logging_mixin.py:188} INFO - [2024-06-27T14:37:35.535+0000] {dag.py:3096} INFO - Sync 1 DAGs
[2024-06-27T14:37:35.581+0000] {logging_mixin.py:188} INFO - [2024-06-27T14:37:35.580+0000] {dag.py:3954} INFO - Setting next_dagrun for example_branch_labels to 2024-06-26 00:00:00+00:00, run_after=2024-06-27 00:00:00+00:00
[2024-06-27T14:37:35.616+0000] {processor.py:183} INFO - Processing /home/airflow/.local/lib/python3.12/site-packages/airflow/example_dags/example_branch_labels.py took 0.166 seconds
[2024-06-27T14:38:05.746+0000] {processor.py:161} INFO - Started process (PID=221) to work on /home/airflow/.local/lib/python3.12/site-packages/airflow/example_dags/example_branch_labels.py
[2024-06-27T14:38:05.748+0000] {processor.py:830} INFO - Processing file /home/airflow/.local/lib/python3.12/site-packages/airflow/example_dags/example_branch_labels.py for tasks to queue
[2024-06-27T14:38:05.751+0000] {logging_mixin.py:188} INFO - [2024-06-27T14:38:05.750+0000] {dagbag.py:545} INFO - Filling up the DagBag from /home/airflow/.local/lib/python3.12/site-packages/airflow/example_dags/example_branch_labels.py
[2024-06-27T14:38:05.761+0000] {processor.py:840} INFO - DAG(s) 'example_branch_labels' retrieved from /home/airflow/.local/lib/python3.12/site-packages/airflow/example_dags/example_branch_labels.py
[2024-06-27T14:38:05.789+0000] {logging_mixin.py:188} INFO - [2024-06-27T14:38:05.789+0000] {dag.py:3096} INFO - Sync 1 DAGs
[2024-06-27T14:38:05.816+0000] {logging_mixin.py:188} INFO - [2024-06-27T14:38:05.816+0000] {dag.py:3954} INFO - Setting next_dagrun for example_branch_labels to 2024-06-26 00:00:00+00:00, run_after=2024-06-27 00:00:00+00:00
[2024-06-27T14:38:05.842+0000] {processor.py:183} INFO - Processing /home/airflow/.local/lib/python3.12/site-packages/airflow/example_dags/example_branch_labels.py took 0.105 seconds
[2024-06-27T14:39:42.203+0000] {processor.py:161} INFO - Started process (PID=43) to work on /home/airflow/.local/lib/python3.12/site-packages/airflow/example_dags/example_branch_labels.py
[2024-06-27T14:39:42.206+0000] {processor.py:830} INFO - Processing file /home/airflow/.local/lib/python3.12/site-packages/airflow/example_dags/example_branch_labels.py for tasks to queue
[2024-06-27T14:39:42.209+0000] {logging_mixin.py:188} INFO - [2024-06-27T14:39:42.209+0000] {dagbag.py:545} INFO - Filling up the DagBag from /home/airflow/.local/lib/python3.12/site-packages/airflow/example_dags/example_branch_labels.py
[2024-06-27T14:39:42.228+0000] {processor.py:840} INFO - DAG(s) 'example_branch_labels' retrieved from /home/airflow/.local/lib/python3.12/site-packages/airflow/example_dags/example_branch_labels.py
[2024-06-27T14:39:42.452+0000] {logging_mixin.py:188} INFO - [2024-06-27T14:39:42.451+0000] {dag.py:3096} INFO - Sync 1 DAGs
[2024-06-27T14:39:42.487+0000] {logging_mixin.py:188} INFO - [2024-06-27T14:39:42.487+0000] {dag.py:3954} INFO - Setting next_dagrun for example_branch_labels to 2024-06-26 00:00:00+00:00, run_after=2024-06-27 00:00:00+00:00
[2024-06-27T14:39:42.522+0000] {processor.py:183} INFO - Processing /home/airflow/.local/lib/python3.12/site-packages/airflow/example_dags/example_branch_labels.py took 0.328 seconds
[2024-06-27T14:40:13.376+0000] {processor.py:161} INFO - Started process (PID=102) to work on /home/airflow/.local/lib/python3.12/site-packages/airflow/example_dags/example_branch_labels.py
[2024-06-27T14:40:13.378+0000] {processor.py:830} INFO - Processing file /home/airflow/.local/lib/python3.12/site-packages/airflow/example_dags/example_branch_labels.py for tasks to queue
[2024-06-27T14:40:13.381+0000] {logging_mixin.py:188} INFO - [2024-06-27T14:40:13.381+0000] {dagbag.py:545} INFO - Filling up the DagBag from /home/airflow/.local/lib/python3.12/site-packages/airflow/example_dags/example_branch_labels.py
[2024-06-27T14:40:13.391+0000] {processor.py:840} INFO - DAG(s) 'example_branch_labels' retrieved from /home/airflow/.local/lib/python3.12/site-packages/airflow/example_dags/example_branch_labels.py
[2024-06-27T14:40:13.423+0000] {logging_mixin.py:188} INFO - [2024-06-27T14:40:13.423+0000] {dag.py:3096} INFO - Sync 1 DAGs
[2024-06-27T14:40:13.453+0000] {logging_mixin.py:188} INFO - [2024-06-27T14:40:13.453+0000] {dag.py:3954} INFO - Setting next_dagrun for example_branch_labels to 2024-06-26 00:00:00+00:00, run_after=2024-06-27 00:00:00+00:00
[2024-06-27T14:40:13.481+0000] {processor.py:183} INFO - Processing /home/airflow/.local/lib/python3.12/site-packages/airflow/example_dags/example_branch_labels.py took 0.113 seconds
[2024-06-27T14:40:43.671+0000] {processor.py:161} INFO - Started process (PID=161) to work on /home/airflow/.local/lib/python3.12/site-packages/airflow/example_dags/example_branch_labels.py
[2024-06-27T14:40:43.672+0000] {processor.py:830} INFO - Processing file /home/airflow/.local/lib/python3.12/site-packages/airflow/example_dags/example_branch_labels.py for tasks to queue
[2024-06-27T14:40:43.675+0000] {logging_mixin.py:188} INFO - [2024-06-27T14:40:43.675+0000] {dagbag.py:545} INFO - Filling up the DagBag from /home/airflow/.local/lib/python3.12/site-packages/airflow/example_dags/example_branch_labels.py
[2024-06-27T14:40:43.686+0000] {processor.py:840} INFO - DAG(s) 'example_branch_labels' retrieved from /home/airflow/.local/lib/python3.12/site-packages/airflow/example_dags/example_branch_labels.py
[2024-06-27T14:40:43.716+0000] {logging_mixin.py:188} INFO - [2024-06-27T14:40:43.715+0000] {dag.py:3096} INFO - Sync 1 DAGs
[2024-06-27T14:40:43.748+0000] {logging_mixin.py:188} INFO - [2024-06-27T14:40:43.748+0000] {dag.py:3954} INFO - Setting next_dagrun for example_branch_labels to 2024-06-26 00:00:00+00:00, run_after=2024-06-27 00:00:00+00:00
[2024-06-27T14:40:43.786+0000] {processor.py:183} INFO - Processing /home/airflow/.local/lib/python3.12/site-packages/airflow/example_dags/example_branch_labels.py took 0.123 seconds
[2024-06-27T14:41:14.124+0000] {processor.py:161} INFO - Started process (PID=226) to work on /home/airflow/.local/lib/python3.12/site-packages/airflow/example_dags/example_branch_labels.py
[2024-06-27T14:41:14.126+0000] {processor.py:830} INFO - Processing file /home/airflow/.local/lib/python3.12/site-packages/airflow/example_dags/example_branch_labels.py for tasks to queue
[2024-06-27T14:41:14.128+0000] {logging_mixin.py:188} INFO - [2024-06-27T14:41:14.128+0000] {dagbag.py:545} INFO - Filling up the DagBag from /home/airflow/.local/lib/python3.12/site-packages/airflow/example_dags/example_branch_labels.py
[2024-06-27T14:41:14.138+0000] {processor.py:840} INFO - DAG(s) 'example_branch_labels' retrieved from /home/airflow/.local/lib/python3.12/site-packages/airflow/example_dags/example_branch_labels.py
[2024-06-27T14:41:14.169+0000] {logging_mixin.py:188} INFO - [2024-06-27T14:41:14.169+0000] {dag.py:3096} INFO - Sync 1 DAGs
[2024-06-27T14:41:14.198+0000] {logging_mixin.py:188} INFO - [2024-06-27T14:41:14.198+0000] {dag.py:3954} INFO - Setting next_dagrun for example_branch_labels to 2024-06-26 00:00:00+00:00, run_after=2024-06-27 00:00:00+00:00
[2024-06-27T14:41:14.227+0000] {processor.py:183} INFO - Processing /home/airflow/.local/lib/python3.12/site-packages/airflow/example_dags/example_branch_labels.py took 0.113 seconds
[2024-06-27T14:41:44.303+0000] {processor.py:161} INFO - Started process (PID=285) to work on /home/airflow/.local/lib/python3.12/site-packages/airflow/example_dags/example_branch_labels.py
[2024-06-27T14:41:44.305+0000] {processor.py:830} INFO - Processing file /home/airflow/.local/lib/python3.12/site-packages/airflow/example_dags/example_branch_labels.py for tasks to queue
[2024-06-27T14:41:44.308+0000] {logging_mixin.py:188} INFO - [2024-06-27T14:41:44.307+0000] {dagbag.py:545} INFO - Filling up the DagBag from /home/airflow/.local/lib/python3.12/site-packages/airflow/example_dags/example_branch_labels.py
[2024-06-27T14:41:44.319+0000] {processor.py:840} INFO - DAG(s) 'example_branch_labels' retrieved from /home/airflow/.local/lib/python3.12/site-packages/airflow/example_dags/example_branch_labels.py
[2024-06-27T14:41:44.352+0000] {logging_mixin.py:188} INFO - [2024-06-27T14:41:44.352+0000] {dag.py:3096} INFO - Sync 1 DAGs
[2024-06-27T14:41:44.385+0000] {logging_mixin.py:188} INFO - [2024-06-27T14:41:44.385+0000] {dag.py:3954} INFO - Setting next_dagrun for example_branch_labels to 2024-06-26 00:00:00+00:00, run_after=2024-06-27 00:00:00+00:00
[2024-06-27T14:41:44.421+0000] {processor.py:183} INFO - Processing /home/airflow/.local/lib/python3.12/site-packages/airflow/example_dags/example_branch_labels.py took 0.127 seconds
[2024-06-27T14:42:14.745+0000] {processor.py:161} INFO - Started process (PID=344) to work on /home/airflow/.local/lib/python3.12/site-packages/airflow/example_dags/example_branch_labels.py
[2024-06-27T14:42:14.747+0000] {processor.py:830} INFO - Processing file /home/airflow/.local/lib/python3.12/site-packages/airflow/example_dags/example_branch_labels.py for tasks to queue
[2024-06-27T14:42:14.750+0000] {logging_mixin.py:188} INFO - [2024-06-27T14:42:14.749+0000] {dagbag.py:545} INFO - Filling up the DagBag from /home/airflow/.local/lib/python3.12/site-packages/airflow/example_dags/example_branch_labels.py
[2024-06-27T14:42:14.761+0000] {processor.py:840} INFO - DAG(s) 'example_branch_labels' retrieved from /home/airflow/.local/lib/python3.12/site-packages/airflow/example_dags/example_branch_labels.py
[2024-06-27T14:42:14.790+0000] {logging_mixin.py:188} INFO - [2024-06-27T14:42:14.790+0000] {dag.py:3096} INFO - Sync 1 DAGs
[2024-06-27T14:42:14.822+0000] {logging_mixin.py:188} INFO - [2024-06-27T14:42:14.821+0000] {dag.py:3954} INFO - Setting next_dagrun for example_branch_labels to 2024-06-26 00:00:00+00:00, run_after=2024-06-27 00:00:00+00:00
[2024-06-27T14:42:14.851+0000] {processor.py:183} INFO - Processing /home/airflow/.local/lib/python3.12/site-packages/airflow/example_dags/example_branch_labels.py took 0.117 seconds
[2024-06-27T14:43:57.547+0000] {processor.py:161} INFO - Started process (PID=43) to work on /home/airflow/.local/lib/python3.12/site-packages/airflow/example_dags/example_branch_labels.py
[2024-06-27T14:43:57.550+0000] {processor.py:830} INFO - Processing file /home/airflow/.local/lib/python3.12/site-packages/airflow/example_dags/example_branch_labels.py for tasks to queue
[2024-06-27T14:43:57.555+0000] {logging_mixin.py:188} INFO - [2024-06-27T14:43:57.554+0000] {dagbag.py:545} INFO - Filling up the DagBag from /home/airflow/.local/lib/python3.12/site-packages/airflow/example_dags/example_branch_labels.py
[2024-06-27T14:43:57.582+0000] {processor.py:840} INFO - DAG(s) 'example_branch_labels' retrieved from /home/airflow/.local/lib/python3.12/site-packages/airflow/example_dags/example_branch_labels.py
[2024-06-27T14:43:57.863+0000] {logging_mixin.py:188} INFO - [2024-06-27T14:43:57.863+0000] {dag.py:3096} INFO - Sync 1 DAGs
[2024-06-27T14:43:57.909+0000] {logging_mixin.py:188} INFO - [2024-06-27T14:43:57.908+0000] {dag.py:3954} INFO - Setting next_dagrun for example_branch_labels to 2024-06-26 00:00:00+00:00, run_after=2024-06-27 00:00:00+00:00
[2024-06-27T14:43:57.946+0000] {processor.py:183} INFO - Processing /home/airflow/.local/lib/python3.12/site-packages/airflow/example_dags/example_branch_labels.py took 0.413 seconds
[2024-06-27T14:44:23.151+0000] {processor.py:161} INFO - Started process (PID=43) to work on /home/airflow/.local/lib/python3.12/site-packages/airflow/example_dags/example_branch_labels.py
[2024-06-27T14:44:23.153+0000] {processor.py:830} INFO - Processing file /home/airflow/.local/lib/python3.12/site-packages/airflow/example_dags/example_branch_labels.py for tasks to queue
[2024-06-27T14:44:23.158+0000] {logging_mixin.py:188} INFO - [2024-06-27T14:44:23.157+0000] {dagbag.py:545} INFO - Filling up the DagBag from /home/airflow/.local/lib/python3.12/site-packages/airflow/example_dags/example_branch_labels.py
[2024-06-27T14:44:23.184+0000] {processor.py:840} INFO - DAG(s) 'example_branch_labels' retrieved from /home/airflow/.local/lib/python3.12/site-packages/airflow/example_dags/example_branch_labels.py
[2024-06-27T14:44:23.215+0000] {logging_mixin.py:188} INFO - [2024-06-27T14:44:23.214+0000] {dag.py:3096} INFO - Sync 1 DAGs
[2024-06-27T14:44:23.278+0000] {logging_mixin.py:188} INFO - [2024-06-27T14:44:23.278+0000] {dag.py:3954} INFO - Setting next_dagrun for example_branch_labels to 2024-06-26 00:00:00+00:00, run_after=2024-06-27 00:00:00+00:00
[2024-06-27T14:44:23.329+0000] {processor.py:183} INFO - Processing /home/airflow/.local/lib/python3.12/site-packages/airflow/example_dags/example_branch_labels.py took 0.192 seconds
[2024-06-27T14:44:53.690+0000] {processor.py:161} INFO - Started process (PID=102) to work on /home/airflow/.local/lib/python3.12/site-packages/airflow/example_dags/example_branch_labels.py
[2024-06-27T14:44:53.692+0000] {processor.py:830} INFO - Processing file /home/airflow/.local/lib/python3.12/site-packages/airflow/example_dags/example_branch_labels.py for tasks to queue
[2024-06-27T14:44:53.695+0000] {logging_mixin.py:188} INFO - [2024-06-27T14:44:53.694+0000] {dagbag.py:545} INFO - Filling up the DagBag from /home/airflow/.local/lib/python3.12/site-packages/airflow/example_dags/example_branch_labels.py
[2024-06-27T14:44:53.709+0000] {processor.py:840} INFO - DAG(s) 'example_branch_labels' retrieved from /home/airflow/.local/lib/python3.12/site-packages/airflow/example_dags/example_branch_labels.py
[2024-06-27T14:44:53.743+0000] {logging_mixin.py:188} INFO - [2024-06-27T14:44:53.743+0000] {dag.py:3096} INFO - Sync 1 DAGs
[2024-06-27T14:44:53.775+0000] {logging_mixin.py:188} INFO - [2024-06-27T14:44:53.775+0000] {dag.py:3954} INFO - Setting next_dagrun for example_branch_labels to 2024-06-26 00:00:00+00:00, run_after=2024-06-27 00:00:00+00:00
[2024-06-27T14:44:53.803+0000] {processor.py:183} INFO - Processing /home/airflow/.local/lib/python3.12/site-packages/airflow/example_dags/example_branch_labels.py took 0.122 seconds
[2024-06-27T14:45:23.887+0000] {processor.py:161} INFO - Started process (PID=161) to work on /home/airflow/.local/lib/python3.12/site-packages/airflow/example_dags/example_branch_labels.py
[2024-06-27T14:45:23.889+0000] {processor.py:830} INFO - Processing file /home/airflow/.local/lib/python3.12/site-packages/airflow/example_dags/example_branch_labels.py for tasks to queue
[2024-06-27T14:45:23.892+0000] {logging_mixin.py:188} INFO - [2024-06-27T14:45:23.891+0000] {dagbag.py:545} INFO - Filling up the DagBag from /home/airflow/.local/lib/python3.12/site-packages/airflow/example_dags/example_branch_labels.py
[2024-06-27T14:45:23.901+0000] {processor.py:840} INFO - DAG(s) 'example_branch_labels' retrieved from /home/airflow/.local/lib/python3.12/site-packages/airflow/example_dags/example_branch_labels.py
[2024-06-27T14:45:23.932+0000] {logging_mixin.py:188} INFO - [2024-06-27T14:45:23.931+0000] {dag.py:3096} INFO - Sync 1 DAGs
[2024-06-27T14:45:23.959+0000] {logging_mixin.py:188} INFO - [2024-06-27T14:45:23.958+0000] {dag.py:3954} INFO - Setting next_dagrun for example_branch_labels to 2024-06-26 00:00:00+00:00, run_after=2024-06-27 00:00:00+00:00
[2024-06-27T14:45:23.983+0000] {processor.py:183} INFO - Processing /home/airflow/.local/lib/python3.12/site-packages/airflow/example_dags/example_branch_labels.py took 0.103 seconds
[2024-06-27T14:45:54.554+0000] {processor.py:161} INFO - Started process (PID=220) to work on /home/airflow/.local/lib/python3.12/site-packages/airflow/example_dags/example_branch_labels.py
[2024-06-27T14:45:54.556+0000] {processor.py:830} INFO - Processing file /home/airflow/.local/lib/python3.12/site-packages/airflow/example_dags/example_branch_labels.py for tasks to queue
[2024-06-27T14:45:54.560+0000] {logging_mixin.py:188} INFO - [2024-06-27T14:45:54.559+0000] {dagbag.py:545} INFO - Filling up the DagBag from /home/airflow/.local/lib/python3.12/site-packages/airflow/example_dags/example_branch_labels.py
[2024-06-27T14:45:54.571+0000] {processor.py:840} INFO - DAG(s) 'example_branch_labels' retrieved from /home/airflow/.local/lib/python3.12/site-packages/airflow/example_dags/example_branch_labels.py
[2024-06-27T14:45:54.602+0000] {logging_mixin.py:188} INFO - [2024-06-27T14:45:54.602+0000] {dag.py:3096} INFO - Sync 1 DAGs
[2024-06-27T14:45:54.633+0000] {logging_mixin.py:188} INFO - [2024-06-27T14:45:54.633+0000] {dag.py:3954} INFO - Setting next_dagrun for example_branch_labels to 2024-06-26 00:00:00+00:00, run_after=2024-06-27 00:00:00+00:00
[2024-06-27T14:45:54.661+0000] {processor.py:183} INFO - Processing /home/airflow/.local/lib/python3.12/site-packages/airflow/example_dags/example_branch_labels.py took 0.115 seconds
[2024-06-27T14:46:24.735+0000] {processor.py:161} INFO - Started process (PID=279) to work on /home/airflow/.local/lib/python3.12/site-packages/airflow/example_dags/example_branch_labels.py
[2024-06-27T14:46:24.737+0000] {processor.py:830} INFO - Processing file /home/airflow/.local/lib/python3.12/site-packages/airflow/example_dags/example_branch_labels.py for tasks to queue
[2024-06-27T14:46:24.739+0000] {logging_mixin.py:188} INFO - [2024-06-27T14:46:24.739+0000] {dagbag.py:545} INFO - Filling up the DagBag from /home/airflow/.local/lib/python3.12/site-packages/airflow/example_dags/example_branch_labels.py
[2024-06-27T14:46:24.750+0000] {processor.py:840} INFO - DAG(s) 'example_branch_labels' retrieved from /home/airflow/.local/lib/python3.12/site-packages/airflow/example_dags/example_branch_labels.py
[2024-06-27T14:46:24.778+0000] {logging_mixin.py:188} INFO - [2024-06-27T14:46:24.778+0000] {dag.py:3096} INFO - Sync 1 DAGs
[2024-06-27T14:46:24.807+0000] {logging_mixin.py:188} INFO - [2024-06-27T14:46:24.807+0000] {dag.py:3954} INFO - Setting next_dagrun for example_branch_labels to 2024-06-26 00:00:00+00:00, run_after=2024-06-27 00:00:00+00:00
[2024-06-27T14:46:24.834+0000] {processor.py:183} INFO - Processing /home/airflow/.local/lib/python3.12/site-packages/airflow/example_dags/example_branch_labels.py took 0.106 seconds
[2024-06-27T14:58:56.623+0000] {processor.py:161} INFO - Started process (PID=48) to work on /home/airflow/.local/lib/python3.12/site-packages/airflow/example_dags/example_branch_labels.py
[2024-06-27T14:58:56.627+0000] {processor.py:830} INFO - Processing file /home/airflow/.local/lib/python3.12/site-packages/airflow/example_dags/example_branch_labels.py for tasks to queue
[2024-06-27T14:58:56.632+0000] {logging_mixin.py:188} INFO - [2024-06-27T14:58:56.631+0000] {dagbag.py:545} INFO - Filling up the DagBag from /home/airflow/.local/lib/python3.12/site-packages/airflow/example_dags/example_branch_labels.py
[2024-06-27T14:58:56.672+0000] {processor.py:840} INFO - DAG(s) 'example_branch_labels' retrieved from /home/airflow/.local/lib/python3.12/site-packages/airflow/example_dags/example_branch_labels.py
[2024-06-27T14:58:56.709+0000] {logging_mixin.py:188} INFO - [2024-06-27T14:58:56.708+0000] {dag.py:3096} INFO - Sync 1 DAGs
[2024-06-27T14:58:56.776+0000] {logging_mixin.py:188} INFO - [2024-06-27T14:58:56.775+0000] {dag.py:3954} INFO - Setting next_dagrun for example_branch_labels to 2024-06-26 00:00:00+00:00, run_after=2024-06-27 00:00:00+00:00
[2024-06-27T14:58:56.828+0000] {processor.py:183} INFO - Processing /home/airflow/.local/lib/python3.12/site-packages/airflow/example_dags/example_branch_labels.py took 0.222 seconds
[2024-06-27T14:59:28.384+0000] {processor.py:161} INFO - Started process (PID=107) to work on /home/airflow/.local/lib/python3.12/site-packages/airflow/example_dags/example_branch_labels.py
[2024-06-27T14:59:28.387+0000] {processor.py:830} INFO - Processing file /home/airflow/.local/lib/python3.12/site-packages/airflow/example_dags/example_branch_labels.py for tasks to queue
[2024-06-27T14:59:28.391+0000] {logging_mixin.py:188} INFO - [2024-06-27T14:59:28.390+0000] {dagbag.py:545} INFO - Filling up the DagBag from /home/airflow/.local/lib/python3.12/site-packages/airflow/example_dags/example_branch_labels.py
[2024-06-27T14:59:28.411+0000] {processor.py:840} INFO - DAG(s) 'example_branch_labels' retrieved from /home/airflow/.local/lib/python3.12/site-packages/airflow/example_dags/example_branch_labels.py
[2024-06-27T14:59:28.721+0000] {logging_mixin.py:188} INFO - [2024-06-27T14:59:28.720+0000] {dag.py:3096} INFO - Sync 1 DAGs
[2024-06-27T14:59:28.752+0000] {logging_mixin.py:188} INFO - [2024-06-27T14:59:28.752+0000] {dag.py:3954} INFO - Setting next_dagrun for example_branch_labels to 2024-06-26 00:00:00+00:00, run_after=2024-06-27 00:00:00+00:00
[2024-06-27T14:59:28.789+0000] {processor.py:183} INFO - Processing /home/airflow/.local/lib/python3.12/site-packages/airflow/example_dags/example_branch_labels.py took 0.418 seconds
[2024-06-27T14:59:59.229+0000] {processor.py:161} INFO - Started process (PID=166) to work on /home/airflow/.local/lib/python3.12/site-packages/airflow/example_dags/example_branch_labels.py
[2024-06-27T14:59:59.231+0000] {processor.py:830} INFO - Processing file /home/airflow/.local/lib/python3.12/site-packages/airflow/example_dags/example_branch_labels.py for tasks to queue
[2024-06-27T14:59:59.234+0000] {logging_mixin.py:188} INFO - [2024-06-27T14:59:59.234+0000] {dagbag.py:545} INFO - Filling up the DagBag from /home/airflow/.local/lib/python3.12/site-packages/airflow/example_dags/example_branch_labels.py
[2024-06-27T14:59:59.244+0000] {processor.py:840} INFO - DAG(s) 'example_branch_labels' retrieved from /home/airflow/.local/lib/python3.12/site-packages/airflow/example_dags/example_branch_labels.py
[2024-06-27T14:59:59.275+0000] {logging_mixin.py:188} INFO - [2024-06-27T14:59:59.275+0000] {dag.py:3096} INFO - Sync 1 DAGs
[2024-06-27T14:59:59.307+0000] {logging_mixin.py:188} INFO - [2024-06-27T14:59:59.307+0000] {dag.py:3954} INFO - Setting next_dagrun for example_branch_labels to 2024-06-26 00:00:00+00:00, run_after=2024-06-27 00:00:00+00:00
[2024-06-27T14:59:59.339+0000] {processor.py:183} INFO - Processing /home/airflow/.local/lib/python3.12/site-packages/airflow/example_dags/example_branch_labels.py took 0.121 seconds
[2024-06-27T15:00:30.026+0000] {processor.py:161} INFO - Started process (PID=225) to work on /home/airflow/.local/lib/python3.12/site-packages/airflow/example_dags/example_branch_labels.py
[2024-06-27T15:00:30.032+0000] {processor.py:830} INFO - Processing file /home/airflow/.local/lib/python3.12/site-packages/airflow/example_dags/example_branch_labels.py for tasks to queue
[2024-06-27T15:00:30.035+0000] {logging_mixin.py:188} INFO - [2024-06-27T15:00:30.035+0000] {dagbag.py:545} INFO - Filling up the DagBag from /home/airflow/.local/lib/python3.12/site-packages/airflow/example_dags/example_branch_labels.py
[2024-06-27T15:00:30.046+0000] {processor.py:840} INFO - DAG(s) 'example_branch_labels' retrieved from /home/airflow/.local/lib/python3.12/site-packages/airflow/example_dags/example_branch_labels.py
[2024-06-27T15:00:30.077+0000] {logging_mixin.py:188} INFO - [2024-06-27T15:00:30.077+0000] {dag.py:3096} INFO - Sync 1 DAGs
[2024-06-27T15:00:30.110+0000] {logging_mixin.py:188} INFO - [2024-06-27T15:00:30.110+0000] {dag.py:3954} INFO - Setting next_dagrun for example_branch_labels to 2024-06-26 00:00:00+00:00, run_after=2024-06-27 00:00:00+00:00
[2024-06-27T15:00:30.139+0000] {processor.py:183} INFO - Processing /home/airflow/.local/lib/python3.12/site-packages/airflow/example_dags/example_branch_labels.py took 0.120 seconds
[2024-06-27T15:02:13.735+0000] {processor.py:161} INFO - Started process (PID=59) to work on /home/airflow/.local/lib/python3.12/site-packages/airflow/example_dags/example_branch_labels.py
[2024-06-27T15:02:13.739+0000] {processor.py:830} INFO - Processing file /home/airflow/.local/lib/python3.12/site-packages/airflow/example_dags/example_branch_labels.py for tasks to queue
[2024-06-27T15:02:13.744+0000] {logging_mixin.py:188} INFO - [2024-06-27T15:02:13.743+0000] {dagbag.py:545} INFO - Filling up the DagBag from /home/airflow/.local/lib/python3.12/site-packages/airflow/example_dags/example_branch_labels.py
[2024-06-27T15:02:13.778+0000] {processor.py:840} INFO - DAG(s) 'example_branch_labels' retrieved from /home/airflow/.local/lib/python3.12/site-packages/airflow/example_dags/example_branch_labels.py
[2024-06-27T15:02:14.117+0000] {logging_mixin.py:188} INFO - [2024-06-27T15:02:14.117+0000] {dag.py:3096} INFO - Sync 1 DAGs
[2024-06-27T15:02:14.170+0000] {logging_mixin.py:188} INFO - [2024-06-27T15:02:14.169+0000] {dag.py:3954} INFO - Setting next_dagrun for example_branch_labels to 2024-06-26 00:00:00+00:00, run_after=2024-06-27 00:00:00+00:00
[2024-06-27T15:02:14.212+0000] {processor.py:183} INFO - Processing /home/airflow/.local/lib/python3.12/site-packages/airflow/example_dags/example_branch_labels.py took 0.492 seconds
[2024-06-27T15:02:44.518+0000] {processor.py:161} INFO - Started process (PID=127) to work on /home/airflow/.local/lib/python3.12/site-packages/airflow/example_dags/example_branch_labels.py
[2024-06-27T15:02:44.520+0000] {processor.py:830} INFO - Processing file /home/airflow/.local/lib/python3.12/site-packages/airflow/example_dags/example_branch_labels.py for tasks to queue
[2024-06-27T15:02:44.523+0000] {logging_mixin.py:188} INFO - [2024-06-27T15:02:44.522+0000] {dagbag.py:545} INFO - Filling up the DagBag from /home/airflow/.local/lib/python3.12/site-packages/airflow/example_dags/example_branch_labels.py
[2024-06-27T15:02:44.535+0000] {processor.py:840} INFO - DAG(s) 'example_branch_labels' retrieved from /home/airflow/.local/lib/python3.12/site-packages/airflow/example_dags/example_branch_labels.py
[2024-06-27T15:02:44.570+0000] {logging_mixin.py:188} INFO - [2024-06-27T15:02:44.569+0000] {dag.py:3096} INFO - Sync 1 DAGs
[2024-06-27T15:02:44.604+0000] {logging_mixin.py:188} INFO - [2024-06-27T15:02:44.603+0000] {dag.py:3954} INFO - Setting next_dagrun for example_branch_labels to 2024-06-26 00:00:00+00:00, run_after=2024-06-27 00:00:00+00:00
[2024-06-27T15:02:44.635+0000] {processor.py:183} INFO - Processing /home/airflow/.local/lib/python3.12/site-packages/airflow/example_dags/example_branch_labels.py took 0.124 seconds
[2024-06-27T15:03:15.053+0000] {processor.py:161} INFO - Started process (PID=187) to work on /home/airflow/.local/lib/python3.12/site-packages/airflow/example_dags/example_branch_labels.py
[2024-06-27T15:03:15.055+0000] {processor.py:830} INFO - Processing file /home/airflow/.local/lib/python3.12/site-packages/airflow/example_dags/example_branch_labels.py for tasks to queue
[2024-06-27T15:03:15.060+0000] {logging_mixin.py:188} INFO - [2024-06-27T15:03:15.060+0000] {dagbag.py:545} INFO - Filling up the DagBag from /home/airflow/.local/lib/python3.12/site-packages/airflow/example_dags/example_branch_labels.py
[2024-06-27T15:03:15.072+0000] {processor.py:840} INFO - DAG(s) 'example_branch_labels' retrieved from /home/airflow/.local/lib/python3.12/site-packages/airflow/example_dags/example_branch_labels.py
[2024-06-27T15:03:15.110+0000] {logging_mixin.py:188} INFO - [2024-06-27T15:03:15.110+0000] {dag.py:3096} INFO - Sync 1 DAGs
[2024-06-27T15:03:15.155+0000] {logging_mixin.py:188} INFO - [2024-06-27T15:03:15.154+0000] {dag.py:3954} INFO - Setting next_dagrun for example_branch_labels to 2024-06-26 00:00:00+00:00, run_after=2024-06-27 00:00:00+00:00
[2024-06-27T15:03:15.197+0000] {processor.py:183} INFO - Processing /home/airflow/.local/lib/python3.12/site-packages/airflow/example_dags/example_branch_labels.py took 0.151 seconds
[2024-06-27T15:03:45.366+0000] {processor.py:161} INFO - Started process (PID=253) to work on /home/airflow/.local/lib/python3.12/site-packages/airflow/example_dags/example_branch_labels.py
[2024-06-27T15:03:45.368+0000] {processor.py:830} INFO - Processing file /home/airflow/.local/lib/python3.12/site-packages/airflow/example_dags/example_branch_labels.py for tasks to queue
[2024-06-27T15:03:45.372+0000] {logging_mixin.py:188} INFO - [2024-06-27T15:03:45.371+0000] {dagbag.py:545} INFO - Filling up the DagBag from /home/airflow/.local/lib/python3.12/site-packages/airflow/example_dags/example_branch_labels.py
[2024-06-27T15:03:45.385+0000] {processor.py:840} INFO - DAG(s) 'example_branch_labels' retrieved from /home/airflow/.local/lib/python3.12/site-packages/airflow/example_dags/example_branch_labels.py
[2024-06-27T15:03:45.425+0000] {logging_mixin.py:188} INFO - [2024-06-27T15:03:45.425+0000] {dag.py:3096} INFO - Sync 1 DAGs
[2024-06-27T15:03:45.471+0000] {logging_mixin.py:188} INFO - [2024-06-27T15:03:45.471+0000] {dag.py:3954} INFO - Setting next_dagrun for example_branch_labels to 2024-06-26 00:00:00+00:00, run_after=2024-06-27 00:00:00+00:00
[2024-06-27T15:03:45.507+0000] {processor.py:183} INFO - Processing /home/airflow/.local/lib/python3.12/site-packages/airflow/example_dags/example_branch_labels.py took 0.151 seconds
[2024-06-27T15:04:15.982+0000] {processor.py:161} INFO - Started process (PID=338) to work on /home/airflow/.local/lib/python3.12/site-packages/airflow/example_dags/example_branch_labels.py
[2024-06-27T15:04:15.985+0000] {processor.py:830} INFO - Processing file /home/airflow/.local/lib/python3.12/site-packages/airflow/example_dags/example_branch_labels.py for tasks to queue
[2024-06-27T15:04:15.995+0000] {logging_mixin.py:188} INFO - [2024-06-27T15:04:15.994+0000] {dagbag.py:545} INFO - Filling up the DagBag from /home/airflow/.local/lib/python3.12/site-packages/airflow/example_dags/example_branch_labels.py
[2024-06-27T15:04:16.022+0000] {processor.py:840} INFO - DAG(s) 'example_branch_labels' retrieved from /home/airflow/.local/lib/python3.12/site-packages/airflow/example_dags/example_branch_labels.py
[2024-06-27T15:04:16.120+0000] {logging_mixin.py:188} INFO - [2024-06-27T15:04:16.120+0000] {dag.py:3096} INFO - Sync 1 DAGs
[2024-06-27T15:04:16.204+0000] {logging_mixin.py:188} INFO - [2024-06-27T15:04:16.202+0000] {dag.py:3954} INFO - Setting next_dagrun for example_branch_labels to 2024-06-26 00:00:00+00:00, run_after=2024-06-27 00:00:00+00:00
[2024-06-27T15:04:16.256+0000] {processor.py:183} INFO - Processing /home/airflow/.local/lib/python3.12/site-packages/airflow/example_dags/example_branch_labels.py took 0.295 seconds
[2024-06-27T15:04:47.242+0000] {processor.py:161} INFO - Started process (PID=406) to work on /home/airflow/.local/lib/python3.12/site-packages/airflow/example_dags/example_branch_labels.py
[2024-06-27T15:04:47.249+0000] {processor.py:830} INFO - Processing file /home/airflow/.local/lib/python3.12/site-packages/airflow/example_dags/example_branch_labels.py for tasks to queue
[2024-06-27T15:04:47.265+0000] {logging_mixin.py:188} INFO - [2024-06-27T15:04:47.262+0000] {dagbag.py:545} INFO - Filling up the DagBag from /home/airflow/.local/lib/python3.12/site-packages/airflow/example_dags/example_branch_labels.py
[2024-06-27T15:04:47.321+0000] {processor.py:840} INFO - DAG(s) 'example_branch_labels' retrieved from /home/airflow/.local/lib/python3.12/site-packages/airflow/example_dags/example_branch_labels.py
[2024-06-27T15:04:47.470+0000] {logging_mixin.py:188} INFO - [2024-06-27T15:04:47.469+0000] {dag.py:3096} INFO - Sync 1 DAGs
[2024-06-27T15:04:47.632+0000] {logging_mixin.py:188} INFO - [2024-06-27T15:04:47.631+0000] {dag.py:3954} INFO - Setting next_dagrun for example_branch_labels to 2024-06-26 00:00:00+00:00, run_after=2024-06-27 00:00:00+00:00
[2024-06-27T15:04:47.763+0000] {processor.py:183} INFO - Processing /home/airflow/.local/lib/python3.12/site-packages/airflow/example_dags/example_branch_labels.py took 0.569 seconds
[2024-06-27T15:05:18.726+0000] {processor.py:161} INFO - Started process (PID=501) to work on /home/airflow/.local/lib/python3.12/site-packages/airflow/example_dags/example_branch_labels.py
[2024-06-27T15:05:18.738+0000] {processor.py:830} INFO - Processing file /home/airflow/.local/lib/python3.12/site-packages/airflow/example_dags/example_branch_labels.py for tasks to queue
[2024-06-27T15:05:18.759+0000] {logging_mixin.py:188} INFO - [2024-06-27T15:05:18.758+0000] {dagbag.py:545} INFO - Filling up the DagBag from /home/airflow/.local/lib/python3.12/site-packages/airflow/example_dags/example_branch_labels.py
[2024-06-27T15:05:18.851+0000] {processor.py:840} INFO - DAG(s) 'example_branch_labels' retrieved from /home/airflow/.local/lib/python3.12/site-packages/airflow/example_dags/example_branch_labels.py
[2024-06-27T15:05:19.022+0000] {logging_mixin.py:188} INFO - [2024-06-27T15:05:19.022+0000] {dag.py:3096} INFO - Sync 1 DAGs
[2024-06-27T15:05:19.148+0000] {logging_mixin.py:188} INFO - [2024-06-27T15:05:19.148+0000] {dag.py:3954} INFO - Setting next_dagrun for example_branch_labels to 2024-06-26 00:00:00+00:00, run_after=2024-06-27 00:00:00+00:00
[2024-06-27T15:05:19.336+0000] {processor.py:183} INFO - Processing /home/airflow/.local/lib/python3.12/site-packages/airflow/example_dags/example_branch_labels.py took 0.652 seconds
[2024-06-27T15:05:50.462+0000] {processor.py:161} INFO - Started process (PID=573) to work on /home/airflow/.local/lib/python3.12/site-packages/airflow/example_dags/example_branch_labels.py
[2024-06-27T15:05:50.472+0000] {processor.py:830} INFO - Processing file /home/airflow/.local/lib/python3.12/site-packages/airflow/example_dags/example_branch_labels.py for tasks to queue
[2024-06-27T15:05:50.483+0000] {logging_mixin.py:188} INFO - [2024-06-27T15:05:50.482+0000] {dagbag.py:545} INFO - Filling up the DagBag from /home/airflow/.local/lib/python3.12/site-packages/airflow/example_dags/example_branch_labels.py
[2024-06-27T15:05:50.516+0000] {processor.py:840} INFO - DAG(s) 'example_branch_labels' retrieved from /home/airflow/.local/lib/python3.12/site-packages/airflow/example_dags/example_branch_labels.py
[2024-06-27T15:05:50.615+0000] {logging_mixin.py:188} INFO - [2024-06-27T15:05:50.614+0000] {dag.py:3096} INFO - Sync 1 DAGs
[2024-06-27T15:05:50.744+0000] {logging_mixin.py:188} INFO - [2024-06-27T15:05:50.743+0000] {dag.py:3954} INFO - Setting next_dagrun for example_branch_labels to 2024-06-26 00:00:00+00:00, run_after=2024-06-27 00:00:00+00:00
[2024-06-27T15:05:50.805+0000] {processor.py:183} INFO - Processing /home/airflow/.local/lib/python3.12/site-packages/airflow/example_dags/example_branch_labels.py took 0.376 seconds
[2024-06-27T15:06:21.454+0000] {processor.py:161} INFO - Started process (PID=655) to work on /home/airflow/.local/lib/python3.12/site-packages/airflow/example_dags/example_branch_labels.py
[2024-06-27T15:06:21.458+0000] {processor.py:830} INFO - Processing file /home/airflow/.local/lib/python3.12/site-packages/airflow/example_dags/example_branch_labels.py for tasks to queue
[2024-06-27T15:06:21.464+0000] {logging_mixin.py:188} INFO - [2024-06-27T15:06:21.463+0000] {dagbag.py:545} INFO - Filling up the DagBag from /home/airflow/.local/lib/python3.12/site-packages/airflow/example_dags/example_branch_labels.py
[2024-06-27T15:06:21.498+0000] {processor.py:840} INFO - DAG(s) 'example_branch_labels' retrieved from /home/airflow/.local/lib/python3.12/site-packages/airflow/example_dags/example_branch_labels.py
[2024-06-27T15:06:21.597+0000] {logging_mixin.py:188} INFO - [2024-06-27T15:06:21.596+0000] {dag.py:3096} INFO - Sync 1 DAGs
[2024-06-27T15:06:21.710+0000] {logging_mixin.py:188} INFO - [2024-06-27T15:06:21.709+0000] {dag.py:3954} INFO - Setting next_dagrun for example_branch_labels to 2024-06-26 00:00:00+00:00, run_after=2024-06-27 00:00:00+00:00
[2024-06-27T15:06:21.782+0000] {processor.py:183} INFO - Processing /home/airflow/.local/lib/python3.12/site-packages/airflow/example_dags/example_branch_labels.py took 0.354 seconds
[2024-06-27T15:06:56.324+0000] {processor.py:161} INFO - Started process (PID=742) to work on /home/airflow/.local/lib/python3.12/site-packages/airflow/example_dags/example_branch_labels.py
[2024-06-27T15:06:56.329+0000] {processor.py:830} INFO - Processing file /home/airflow/.local/lib/python3.12/site-packages/airflow/example_dags/example_branch_labels.py for tasks to queue
[2024-06-27T15:06:56.338+0000] {logging_mixin.py:188} INFO - [2024-06-27T15:06:56.336+0000] {dagbag.py:545} INFO - Filling up the DagBag from /home/airflow/.local/lib/python3.12/site-packages/airflow/example_dags/example_branch_labels.py
[2024-06-27T15:06:56.388+0000] {processor.py:840} INFO - DAG(s) 'example_branch_labels' retrieved from /home/airflow/.local/lib/python3.12/site-packages/airflow/example_dags/example_branch_labels.py
[2024-06-27T15:06:56.545+0000] {logging_mixin.py:188} INFO - [2024-06-27T15:06:56.544+0000] {dag.py:3096} INFO - Sync 1 DAGs
[2024-06-27T15:06:56.726+0000] {logging_mixin.py:188} INFO - [2024-06-27T15:06:56.725+0000] {dag.py:3954} INFO - Setting next_dagrun for example_branch_labels to 2024-06-26 00:00:00+00:00, run_after=2024-06-27 00:00:00+00:00
[2024-06-27T15:06:56.880+0000] {processor.py:183} INFO - Processing /home/airflow/.local/lib/python3.12/site-packages/airflow/example_dags/example_branch_labels.py took 0.579 seconds
[2024-06-27T15:07:27.315+0000] {processor.py:161} INFO - Started process (PID=817) to work on /home/airflow/.local/lib/python3.12/site-packages/airflow/example_dags/example_branch_labels.py
[2024-06-27T15:07:27.317+0000] {processor.py:830} INFO - Processing file /home/airflow/.local/lib/python3.12/site-packages/airflow/example_dags/example_branch_labels.py for tasks to queue
[2024-06-27T15:07:27.323+0000] {logging_mixin.py:188} INFO - [2024-06-27T15:07:27.322+0000] {dagbag.py:545} INFO - Filling up the DagBag from /home/airflow/.local/lib/python3.12/site-packages/airflow/example_dags/example_branch_labels.py
[2024-06-27T15:07:27.346+0000] {processor.py:840} INFO - DAG(s) 'example_branch_labels' retrieved from /home/airflow/.local/lib/python3.12/site-packages/airflow/example_dags/example_branch_labels.py
[2024-06-27T15:07:27.415+0000] {logging_mixin.py:188} INFO - [2024-06-27T15:07:27.413+0000] {dag.py:3096} INFO - Sync 1 DAGs
[2024-06-27T15:07:27.493+0000] {logging_mixin.py:188} INFO - [2024-06-27T15:07:27.492+0000] {dag.py:3954} INFO - Setting next_dagrun for example_branch_labels to 2024-06-26 00:00:00+00:00, run_after=2024-06-27 00:00:00+00:00
[2024-06-27T15:07:27.548+0000] {processor.py:183} INFO - Processing /home/airflow/.local/lib/python3.12/site-packages/airflow/example_dags/example_branch_labels.py took 0.249 seconds
