[2024-06-27T14:36:45.567+0000] {processor.py:161} INFO - Started process (PID=79) to work on /home/airflow/.local/lib/python3.12/site-packages/airflow/example_dags/example_bash_operator.py
[2024-06-27T14:36:45.570+0000] {processor.py:830} INFO - Processing file /home/airflow/.local/lib/python3.12/site-packages/airflow/example_dags/example_bash_operator.py for tasks to queue
[2024-06-27T14:36:45.575+0000] {logging_mixin.py:188} INFO - [2024-06-27T14:36:45.574+0000] {dagbag.py:545} INFO - Filling up the DagBag from /home/airflow/.local/lib/python3.12/site-packages/airflow/example_dags/example_bash_operator.py
[2024-06-27T14:36:45.716+0000] {processor.py:840} INFO - DAG(s) 'example_bash_operator' retrieved from /home/airflow/.local/lib/python3.12/site-packages/airflow/example_dags/example_bash_operator.py
[2024-06-27T14:36:46.059+0000] {logging_mixin.py:188} INFO - [2024-06-27T14:36:46.058+0000] {override.py:1829} INFO - Created Permission View: can edit on DAG:example_bash_operator
[2024-06-27T14:36:46.079+0000] {logging_mixin.py:188} INFO - [2024-06-27T14:36:46.079+0000] {override.py:1829} INFO - Created Permission View: can delete on DAG:example_bash_operator
[2024-06-27T14:36:46.093+0000] {logging_mixin.py:188} INFO - [2024-06-27T14:36:46.093+0000] {override.py:1829} INFO - Created Permission View: can read on DAG:example_bash_operator
[2024-06-27T14:36:46.095+0000] {logging_mixin.py:188} INFO - [2024-06-27T14:36:46.094+0000] {dag.py:3096} INFO - Sync 1 DAGs
[2024-06-27T14:36:46.115+0000] {logging_mixin.py:188} INFO - [2024-06-27T14:36:46.115+0000] {dag.py:3118} INFO - Creating ORM DAG for example_bash_operator
[2024-06-27T14:36:46.134+0000] {logging_mixin.py:188} INFO - [2024-06-27T14:36:46.134+0000] {dag.py:3954} INFO - Setting next_dagrun for example_bash_operator to 2024-06-26 00:00:00+00:00, run_after=2024-06-27 00:00:00+00:00
[2024-06-27T14:36:46.171+0000] {processor.py:183} INFO - Processing /home/airflow/.local/lib/python3.12/site-packages/airflow/example_dags/example_bash_operator.py took 0.618 seconds
[2024-06-27T14:37:16.759+0000] {processor.py:161} INFO - Started process (PID=137) to work on /home/airflow/.local/lib/python3.12/site-packages/airflow/example_dags/example_bash_operator.py
[2024-06-27T14:37:16.761+0000] {processor.py:830} INFO - Processing file /home/airflow/.local/lib/python3.12/site-packages/airflow/example_dags/example_bash_operator.py for tasks to queue
[2024-06-27T14:37:16.765+0000] {logging_mixin.py:188} INFO - [2024-06-27T14:37:16.765+0000] {dagbag.py:545} INFO - Filling up the DagBag from /home/airflow/.local/lib/python3.12/site-packages/airflow/example_dags/example_bash_operator.py
[2024-06-27T14:37:16.781+0000] {processor.py:840} INFO - DAG(s) 'example_bash_operator' retrieved from /home/airflow/.local/lib/python3.12/site-packages/airflow/example_dags/example_bash_operator.py
[2024-06-27T14:37:16.828+0000] {logging_mixin.py:188} INFO - [2024-06-27T14:37:16.827+0000] {dag.py:3096} INFO - Sync 1 DAGs
[2024-06-27T14:37:16.860+0000] {logging_mixin.py:188} INFO - [2024-06-27T14:37:16.859+0000] {dag.py:3954} INFO - Setting next_dagrun for example_bash_operator to 2024-06-26 00:00:00+00:00, run_after=2024-06-27 00:00:00+00:00
[2024-06-27T14:37:16.891+0000] {processor.py:183} INFO - Processing /home/airflow/.local/lib/python3.12/site-packages/airflow/example_dags/example_bash_operator.py took 0.148 seconds
[2024-06-27T14:37:47.581+0000] {processor.py:161} INFO - Started process (PID=195) to work on /home/airflow/.local/lib/python3.12/site-packages/airflow/example_dags/example_bash_operator.py
[2024-06-27T14:37:47.583+0000] {processor.py:830} INFO - Processing file /home/airflow/.local/lib/python3.12/site-packages/airflow/example_dags/example_bash_operator.py for tasks to queue
[2024-06-27T14:37:47.586+0000] {logging_mixin.py:188} INFO - [2024-06-27T14:37:47.585+0000] {dagbag.py:545} INFO - Filling up the DagBag from /home/airflow/.local/lib/python3.12/site-packages/airflow/example_dags/example_bash_operator.py
[2024-06-27T14:37:47.602+0000] {processor.py:840} INFO - DAG(s) 'example_bash_operator' retrieved from /home/airflow/.local/lib/python3.12/site-packages/airflow/example_dags/example_bash_operator.py
[2024-06-27T14:37:47.645+0000] {logging_mixin.py:188} INFO - [2024-06-27T14:37:47.645+0000] {dag.py:3096} INFO - Sync 1 DAGs
[2024-06-27T14:37:47.679+0000] {logging_mixin.py:188} INFO - [2024-06-27T14:37:47.678+0000] {dag.py:3954} INFO - Setting next_dagrun for example_bash_operator to 2024-06-26 00:00:00+00:00, run_after=2024-06-27 00:00:00+00:00
[2024-06-27T14:37:47.707+0000] {processor.py:183} INFO - Processing /home/airflow/.local/lib/python3.12/site-packages/airflow/example_dags/example_bash_operator.py took 0.136 seconds
[2024-06-27T14:38:18.465+0000] {processor.py:161} INFO - Started process (PID=254) to work on /home/airflow/.local/lib/python3.12/site-packages/airflow/example_dags/example_bash_operator.py
[2024-06-27T14:38:18.466+0000] {processor.py:830} INFO - Processing file /home/airflow/.local/lib/python3.12/site-packages/airflow/example_dags/example_bash_operator.py for tasks to queue
[2024-06-27T14:38:18.469+0000] {logging_mixin.py:188} INFO - [2024-06-27T14:38:18.469+0000] {dagbag.py:545} INFO - Filling up the DagBag from /home/airflow/.local/lib/python3.12/site-packages/airflow/example_dags/example_bash_operator.py
[2024-06-27T14:38:18.485+0000] {processor.py:840} INFO - DAG(s) 'example_bash_operator' retrieved from /home/airflow/.local/lib/python3.12/site-packages/airflow/example_dags/example_bash_operator.py
[2024-06-27T14:38:18.530+0000] {logging_mixin.py:188} INFO - [2024-06-27T14:38:18.530+0000] {dag.py:3096} INFO - Sync 1 DAGs
[2024-06-27T14:38:18.566+0000] {logging_mixin.py:188} INFO - [2024-06-27T14:38:18.565+0000] {dag.py:3954} INFO - Setting next_dagrun for example_bash_operator to 2024-06-26 00:00:00+00:00, run_after=2024-06-27 00:00:00+00:00
[2024-06-27T14:38:18.596+0000] {processor.py:183} INFO - Processing /home/airflow/.local/lib/python3.12/site-packages/airflow/example_dags/example_bash_operator.py took 0.140 seconds
[2024-06-27T14:39:55.724+0000] {processor.py:161} INFO - Started process (PID=82) to work on /home/airflow/.local/lib/python3.12/site-packages/airflow/example_dags/example_bash_operator.py
[2024-06-27T14:39:55.730+0000] {processor.py:830} INFO - Processing file /home/airflow/.local/lib/python3.12/site-packages/airflow/example_dags/example_bash_operator.py for tasks to queue
[2024-06-27T14:39:55.739+0000] {logging_mixin.py:188} INFO - [2024-06-27T14:39:55.738+0000] {dagbag.py:545} INFO - Filling up the DagBag from /home/airflow/.local/lib/python3.12/site-packages/airflow/example_dags/example_bash_operator.py
[2024-06-27T14:39:55.803+0000] {processor.py:840} INFO - DAG(s) 'example_bash_operator' retrieved from /home/airflow/.local/lib/python3.12/site-packages/airflow/example_dags/example_bash_operator.py
[2024-06-27T14:39:56.432+0000] {logging_mixin.py:188} INFO - [2024-06-27T14:39:56.431+0000] {dag.py:3096} INFO - Sync 1 DAGs
[2024-06-27T14:39:56.562+0000] {logging_mixin.py:188} INFO - [2024-06-27T14:39:56.560+0000] {dag.py:3954} INFO - Setting next_dagrun for example_bash_operator to 2024-06-26 00:00:00+00:00, run_after=2024-06-27 00:00:00+00:00
[2024-06-27T14:39:56.667+0000] {processor.py:183} INFO - Processing /home/airflow/.local/lib/python3.12/site-packages/airflow/example_dags/example_bash_operator.py took 0.970 seconds
[2024-06-27T14:40:27.492+0000] {processor.py:161} INFO - Started process (PID=142) to work on /home/airflow/.local/lib/python3.12/site-packages/airflow/example_dags/example_bash_operator.py
[2024-06-27T14:40:27.494+0000] {processor.py:830} INFO - Processing file /home/airflow/.local/lib/python3.12/site-packages/airflow/example_dags/example_bash_operator.py for tasks to queue
[2024-06-27T14:40:27.497+0000] {logging_mixin.py:188} INFO - [2024-06-27T14:40:27.496+0000] {dagbag.py:545} INFO - Filling up the DagBag from /home/airflow/.local/lib/python3.12/site-packages/airflow/example_dags/example_bash_operator.py
[2024-06-27T14:40:27.512+0000] {processor.py:840} INFO - DAG(s) 'example_bash_operator' retrieved from /home/airflow/.local/lib/python3.12/site-packages/airflow/example_dags/example_bash_operator.py
[2024-06-27T14:40:27.552+0000] {logging_mixin.py:188} INFO - [2024-06-27T14:40:27.551+0000] {dag.py:3096} INFO - Sync 1 DAGs
[2024-06-27T14:40:27.583+0000] {logging_mixin.py:188} INFO - [2024-06-27T14:40:27.583+0000] {dag.py:3954} INFO - Setting next_dagrun for example_bash_operator to 2024-06-26 00:00:00+00:00, run_after=2024-06-27 00:00:00+00:00
[2024-06-27T14:40:27.612+0000] {processor.py:183} INFO - Processing /home/airflow/.local/lib/python3.12/site-packages/airflow/example_dags/example_bash_operator.py took 0.129 seconds
[2024-06-27T14:40:57.860+0000] {processor.py:161} INFO - Started process (PID=201) to work on /home/airflow/.local/lib/python3.12/site-packages/airflow/example_dags/example_bash_operator.py
[2024-06-27T14:40:57.863+0000] {processor.py:830} INFO - Processing file /home/airflow/.local/lib/python3.12/site-packages/airflow/example_dags/example_bash_operator.py for tasks to queue
[2024-06-27T14:40:57.870+0000] {logging_mixin.py:188} INFO - [2024-06-27T14:40:57.869+0000] {dagbag.py:545} INFO - Filling up the DagBag from /home/airflow/.local/lib/python3.12/site-packages/airflow/example_dags/example_bash_operator.py
[2024-06-27T14:40:57.899+0000] {processor.py:840} INFO - DAG(s) 'example_bash_operator' retrieved from /home/airflow/.local/lib/python3.12/site-packages/airflow/example_dags/example_bash_operator.py
[2024-06-27T14:40:57.956+0000] {logging_mixin.py:188} INFO - [2024-06-27T14:40:57.955+0000] {dag.py:3096} INFO - Sync 1 DAGs
[2024-06-27T14:40:57.994+0000] {logging_mixin.py:188} INFO - [2024-06-27T14:40:57.993+0000] {dag.py:3954} INFO - Setting next_dagrun for example_bash_operator to 2024-06-26 00:00:00+00:00, run_after=2024-06-27 00:00:00+00:00
[2024-06-27T14:40:58.026+0000] {processor.py:183} INFO - Processing /home/airflow/.local/lib/python3.12/site-packages/airflow/example_dags/example_bash_operator.py took 0.182 seconds
[2024-06-27T14:41:28.279+0000] {processor.py:161} INFO - Started process (PID=260) to work on /home/airflow/.local/lib/python3.12/site-packages/airflow/example_dags/example_bash_operator.py
[2024-06-27T14:41:28.280+0000] {processor.py:830} INFO - Processing file /home/airflow/.local/lib/python3.12/site-packages/airflow/example_dags/example_bash_operator.py for tasks to queue
[2024-06-27T14:41:28.283+0000] {logging_mixin.py:188} INFO - [2024-06-27T14:41:28.283+0000] {dagbag.py:545} INFO - Filling up the DagBag from /home/airflow/.local/lib/python3.12/site-packages/airflow/example_dags/example_bash_operator.py
[2024-06-27T14:41:28.299+0000] {processor.py:840} INFO - DAG(s) 'example_bash_operator' retrieved from /home/airflow/.local/lib/python3.12/site-packages/airflow/example_dags/example_bash_operator.py
[2024-06-27T14:41:28.340+0000] {logging_mixin.py:188} INFO - [2024-06-27T14:41:28.340+0000] {dag.py:3096} INFO - Sync 1 DAGs
[2024-06-27T14:41:28.373+0000] {logging_mixin.py:188} INFO - [2024-06-27T14:41:28.373+0000] {dag.py:3954} INFO - Setting next_dagrun for example_bash_operator to 2024-06-26 00:00:00+00:00, run_after=2024-06-27 00:00:00+00:00
[2024-06-27T14:41:28.404+0000] {processor.py:183} INFO - Processing /home/airflow/.local/lib/python3.12/site-packages/airflow/example_dags/example_bash_operator.py took 0.133 seconds
[2024-06-27T14:41:58.594+0000] {processor.py:161} INFO - Started process (PID=319) to work on /home/airflow/.local/lib/python3.12/site-packages/airflow/example_dags/example_bash_operator.py
[2024-06-27T14:41:58.595+0000] {processor.py:830} INFO - Processing file /home/airflow/.local/lib/python3.12/site-packages/airflow/example_dags/example_bash_operator.py for tasks to queue
[2024-06-27T14:41:58.598+0000] {logging_mixin.py:188} INFO - [2024-06-27T14:41:58.598+0000] {dagbag.py:545} INFO - Filling up the DagBag from /home/airflow/.local/lib/python3.12/site-packages/airflow/example_dags/example_bash_operator.py
[2024-06-27T14:41:58.615+0000] {processor.py:840} INFO - DAG(s) 'example_bash_operator' retrieved from /home/airflow/.local/lib/python3.12/site-packages/airflow/example_dags/example_bash_operator.py
[2024-06-27T14:41:58.654+0000] {logging_mixin.py:188} INFO - [2024-06-27T14:41:58.653+0000] {dag.py:3096} INFO - Sync 1 DAGs
[2024-06-27T14:41:58.687+0000] {logging_mixin.py:188} INFO - [2024-06-27T14:41:58.687+0000] {dag.py:3954} INFO - Setting next_dagrun for example_bash_operator to 2024-06-26 00:00:00+00:00, run_after=2024-06-27 00:00:00+00:00
[2024-06-27T14:41:58.717+0000] {processor.py:183} INFO - Processing /home/airflow/.local/lib/python3.12/site-packages/airflow/example_dags/example_bash_operator.py took 0.133 seconds
[2024-06-27T14:42:28.863+0000] {processor.py:161} INFO - Started process (PID=378) to work on /home/airflow/.local/lib/python3.12/site-packages/airflow/example_dags/example_bash_operator.py
[2024-06-27T14:42:28.864+0000] {processor.py:830} INFO - Processing file /home/airflow/.local/lib/python3.12/site-packages/airflow/example_dags/example_bash_operator.py for tasks to queue
[2024-06-27T14:42:28.867+0000] {logging_mixin.py:188} INFO - [2024-06-27T14:42:28.867+0000] {dagbag.py:545} INFO - Filling up the DagBag from /home/airflow/.local/lib/python3.12/site-packages/airflow/example_dags/example_bash_operator.py
[2024-06-27T14:42:28.885+0000] {processor.py:840} INFO - DAG(s) 'example_bash_operator' retrieved from /home/airflow/.local/lib/python3.12/site-packages/airflow/example_dags/example_bash_operator.py
[2024-06-27T14:42:28.942+0000] {logging_mixin.py:188} INFO - [2024-06-27T14:42:28.941+0000] {dag.py:3096} INFO - Sync 1 DAGs
[2024-06-27T14:42:28.976+0000] {logging_mixin.py:188} INFO - [2024-06-27T14:42:28.976+0000] {dag.py:3954} INFO - Setting next_dagrun for example_bash_operator to 2024-06-26 00:00:00+00:00, run_after=2024-06-27 00:00:00+00:00
[2024-06-27T14:42:29.008+0000] {processor.py:183} INFO - Processing /home/airflow/.local/lib/python3.12/site-packages/airflow/example_dags/example_bash_operator.py took 0.153 seconds
[2024-06-27T14:44:29.178+0000] {processor.py:161} INFO - Started process (PID=76) to work on /home/airflow/.local/lib/python3.12/site-packages/airflow/example_dags/example_bash_operator.py
[2024-06-27T14:44:29.181+0000] {processor.py:830} INFO - Processing file /home/airflow/.local/lib/python3.12/site-packages/airflow/example_dags/example_bash_operator.py for tasks to queue
[2024-06-27T14:44:29.184+0000] {logging_mixin.py:188} INFO - [2024-06-27T14:44:29.183+0000] {dagbag.py:545} INFO - Filling up the DagBag from /home/airflow/.local/lib/python3.12/site-packages/airflow/example_dags/example_bash_operator.py
[2024-06-27T14:44:29.203+0000] {processor.py:840} INFO - DAG(s) 'example_bash_operator' retrieved from /home/airflow/.local/lib/python3.12/site-packages/airflow/example_dags/example_bash_operator.py
[2024-06-27T14:44:29.387+0000] {logging_mixin.py:188} INFO - [2024-06-27T14:44:29.386+0000] {dag.py:3096} INFO - Sync 1 DAGs
[2024-06-27T14:44:29.424+0000] {logging_mixin.py:188} INFO - [2024-06-27T14:44:29.423+0000] {dag.py:3954} INFO - Setting next_dagrun for example_bash_operator to 2024-06-26 00:00:00+00:00, run_after=2024-06-27 00:00:00+00:00
[2024-06-27T14:44:29.465+0000] {processor.py:183} INFO - Processing /home/airflow/.local/lib/python3.12/site-packages/airflow/example_dags/example_bash_operator.py took 0.295 seconds
[2024-06-27T14:44:59.673+0000] {processor.py:161} INFO - Started process (PID=135) to work on /home/airflow/.local/lib/python3.12/site-packages/airflow/example_dags/example_bash_operator.py
[2024-06-27T14:44:59.675+0000] {processor.py:830} INFO - Processing file /home/airflow/.local/lib/python3.12/site-packages/airflow/example_dags/example_bash_operator.py for tasks to queue
[2024-06-27T14:44:59.678+0000] {logging_mixin.py:188} INFO - [2024-06-27T14:44:59.677+0000] {dagbag.py:545} INFO - Filling up the DagBag from /home/airflow/.local/lib/python3.12/site-packages/airflow/example_dags/example_bash_operator.py
[2024-06-27T14:44:59.692+0000] {processor.py:840} INFO - DAG(s) 'example_bash_operator' retrieved from /home/airflow/.local/lib/python3.12/site-packages/airflow/example_dags/example_bash_operator.py
[2024-06-27T14:44:59.733+0000] {logging_mixin.py:188} INFO - [2024-06-27T14:44:59.733+0000] {dag.py:3096} INFO - Sync 1 DAGs
[2024-06-27T14:44:59.768+0000] {logging_mixin.py:188} INFO - [2024-06-27T14:44:59.767+0000] {dag.py:3954} INFO - Setting next_dagrun for example_bash_operator to 2024-06-26 00:00:00+00:00, run_after=2024-06-27 00:00:00+00:00
[2024-06-27T14:44:59.799+0000] {processor.py:183} INFO - Processing /home/airflow/.local/lib/python3.12/site-packages/airflow/example_dags/example_bash_operator.py took 0.134 seconds
[2024-06-27T14:45:29.952+0000] {processor.py:161} INFO - Started process (PID=194) to work on /home/airflow/.local/lib/python3.12/site-packages/airflow/example_dags/example_bash_operator.py
[2024-06-27T14:45:29.954+0000] {processor.py:830} INFO - Processing file /home/airflow/.local/lib/python3.12/site-packages/airflow/example_dags/example_bash_operator.py for tasks to queue
[2024-06-27T14:45:29.957+0000] {logging_mixin.py:188} INFO - [2024-06-27T14:45:29.957+0000] {dagbag.py:545} INFO - Filling up the DagBag from /home/airflow/.local/lib/python3.12/site-packages/airflow/example_dags/example_bash_operator.py
[2024-06-27T14:45:29.972+0000] {processor.py:840} INFO - DAG(s) 'example_bash_operator' retrieved from /home/airflow/.local/lib/python3.12/site-packages/airflow/example_dags/example_bash_operator.py
[2024-06-27T14:45:30.015+0000] {logging_mixin.py:188} INFO - [2024-06-27T14:45:30.015+0000] {dag.py:3096} INFO - Sync 1 DAGs
[2024-06-27T14:45:30.052+0000] {logging_mixin.py:188} INFO - [2024-06-27T14:45:30.052+0000] {dag.py:3954} INFO - Setting next_dagrun for example_bash_operator to 2024-06-26 00:00:00+00:00, run_after=2024-06-27 00:00:00+00:00
[2024-06-27T14:45:30.090+0000] {processor.py:183} INFO - Processing /home/airflow/.local/lib/python3.12/site-packages/airflow/example_dags/example_bash_operator.py took 0.145 seconds
[2024-06-27T14:46:00.238+0000] {processor.py:161} INFO - Started process (PID=253) to work on /home/airflow/.local/lib/python3.12/site-packages/airflow/example_dags/example_bash_operator.py
[2024-06-27T14:46:00.240+0000] {processor.py:830} INFO - Processing file /home/airflow/.local/lib/python3.12/site-packages/airflow/example_dags/example_bash_operator.py for tasks to queue
[2024-06-27T14:46:00.243+0000] {logging_mixin.py:188} INFO - [2024-06-27T14:46:00.242+0000] {dagbag.py:545} INFO - Filling up the DagBag from /home/airflow/.local/lib/python3.12/site-packages/airflow/example_dags/example_bash_operator.py
[2024-06-27T14:46:00.257+0000] {processor.py:840} INFO - DAG(s) 'example_bash_operator' retrieved from /home/airflow/.local/lib/python3.12/site-packages/airflow/example_dags/example_bash_operator.py
[2024-06-27T14:46:00.297+0000] {logging_mixin.py:188} INFO - [2024-06-27T14:46:00.296+0000] {dag.py:3096} INFO - Sync 1 DAGs
[2024-06-27T14:46:00.330+0000] {logging_mixin.py:188} INFO - [2024-06-27T14:46:00.329+0000] {dag.py:3954} INFO - Setting next_dagrun for example_bash_operator to 2024-06-26 00:00:00+00:00, run_after=2024-06-27 00:00:00+00:00
[2024-06-27T14:46:00.359+0000] {processor.py:183} INFO - Processing /home/airflow/.local/lib/python3.12/site-packages/airflow/example_dags/example_bash_operator.py took 0.128 seconds
[2024-06-27T14:46:30.426+0000] {processor.py:161} INFO - Started process (PID=312) to work on /home/airflow/.local/lib/python3.12/site-packages/airflow/example_dags/example_bash_operator.py
[2024-06-27T14:46:30.427+0000] {processor.py:830} INFO - Processing file /home/airflow/.local/lib/python3.12/site-packages/airflow/example_dags/example_bash_operator.py for tasks to queue
[2024-06-27T14:46:30.429+0000] {logging_mixin.py:188} INFO - [2024-06-27T14:46:30.429+0000] {dagbag.py:545} INFO - Filling up the DagBag from /home/airflow/.local/lib/python3.12/site-packages/airflow/example_dags/example_bash_operator.py
[2024-06-27T14:46:30.443+0000] {processor.py:840} INFO - DAG(s) 'example_bash_operator' retrieved from /home/airflow/.local/lib/python3.12/site-packages/airflow/example_dags/example_bash_operator.py
[2024-06-27T14:46:30.485+0000] {logging_mixin.py:188} INFO - [2024-06-27T14:46:30.485+0000] {dag.py:3096} INFO - Sync 1 DAGs
[2024-06-27T14:46:30.530+0000] {logging_mixin.py:188} INFO - [2024-06-27T14:46:30.529+0000] {dag.py:3954} INFO - Setting next_dagrun for example_bash_operator to 2024-06-26 00:00:00+00:00, run_after=2024-06-27 00:00:00+00:00
[2024-06-27T14:46:30.565+0000] {processor.py:183} INFO - Processing /home/airflow/.local/lib/python3.12/site-packages/airflow/example_dags/example_bash_operator.py took 0.146 seconds
[2024-06-27T14:59:02.050+0000] {processor.py:161} INFO - Started process (PID=81) to work on /home/airflow/.local/lib/python3.12/site-packages/airflow/example_dags/example_bash_operator.py
[2024-06-27T14:59:02.052+0000] {processor.py:830} INFO - Processing file /home/airflow/.local/lib/python3.12/site-packages/airflow/example_dags/example_bash_operator.py for tasks to queue
[2024-06-27T14:59:02.056+0000] {logging_mixin.py:188} INFO - [2024-06-27T14:59:02.055+0000] {dagbag.py:545} INFO - Filling up the DagBag from /home/airflow/.local/lib/python3.12/site-packages/airflow/example_dags/example_bash_operator.py
[2024-06-27T14:59:02.084+0000] {processor.py:840} INFO - DAG(s) 'example_bash_operator' retrieved from /home/airflow/.local/lib/python3.12/site-packages/airflow/example_dags/example_bash_operator.py
[2024-06-27T14:59:02.107+0000] {logging_mixin.py:188} INFO - [2024-06-27T14:59:02.106+0000] {dag.py:3096} INFO - Sync 1 DAGs
[2024-06-27T14:59:02.156+0000] {logging_mixin.py:188} INFO - [2024-06-27T14:59:02.155+0000] {dag.py:3954} INFO - Setting next_dagrun for example_bash_operator to 2024-06-26 00:00:00+00:00, run_after=2024-06-27 00:00:00+00:00
[2024-06-27T14:59:02.201+0000] {processor.py:183} INFO - Processing /home/airflow/.local/lib/python3.12/site-packages/airflow/example_dags/example_bash_operator.py took 0.161 seconds
[2024-06-27T14:59:34.731+0000] {processor.py:161} INFO - Started process (PID=140) to work on /home/airflow/.local/lib/python3.12/site-packages/airflow/example_dags/example_bash_operator.py
[2024-06-27T14:59:34.733+0000] {processor.py:830} INFO - Processing file /home/airflow/.local/lib/python3.12/site-packages/airflow/example_dags/example_bash_operator.py for tasks to queue
[2024-06-27T14:59:34.736+0000] {logging_mixin.py:188} INFO - [2024-06-27T14:59:34.736+0000] {dagbag.py:545} INFO - Filling up the DagBag from /home/airflow/.local/lib/python3.12/site-packages/airflow/example_dags/example_bash_operator.py
[2024-06-27T14:59:34.749+0000] {processor.py:840} INFO - DAG(s) 'example_bash_operator' retrieved from /home/airflow/.local/lib/python3.12/site-packages/airflow/example_dags/example_bash_operator.py
[2024-06-27T14:59:34.889+0000] {logging_mixin.py:188} INFO - [2024-06-27T14:59:34.889+0000] {dag.py:3096} INFO - Sync 1 DAGs
[2024-06-27T14:59:34.914+0000] {logging_mixin.py:188} INFO - [2024-06-27T14:59:34.914+0000] {dag.py:3954} INFO - Setting next_dagrun for example_bash_operator to 2024-06-26 00:00:00+00:00, run_after=2024-06-27 00:00:00+00:00
[2024-06-27T14:59:34.943+0000] {processor.py:183} INFO - Processing /home/airflow/.local/lib/python3.12/site-packages/airflow/example_dags/example_bash_operator.py took 0.219 seconds
[2024-06-27T15:00:05.016+0000] {processor.py:161} INFO - Started process (PID=199) to work on /home/airflow/.local/lib/python3.12/site-packages/airflow/example_dags/example_bash_operator.py
[2024-06-27T15:00:05.018+0000] {processor.py:830} INFO - Processing file /home/airflow/.local/lib/python3.12/site-packages/airflow/example_dags/example_bash_operator.py for tasks to queue
[2024-06-27T15:00:05.021+0000] {logging_mixin.py:188} INFO - [2024-06-27T15:00:05.021+0000] {dagbag.py:545} INFO - Filling up the DagBag from /home/airflow/.local/lib/python3.12/site-packages/airflow/example_dags/example_bash_operator.py
[2024-06-27T15:00:05.038+0000] {processor.py:840} INFO - DAG(s) 'example_bash_operator' retrieved from /home/airflow/.local/lib/python3.12/site-packages/airflow/example_dags/example_bash_operator.py
[2024-06-27T15:00:05.077+0000] {logging_mixin.py:188} INFO - [2024-06-27T15:00:05.077+0000] {dag.py:3096} INFO - Sync 1 DAGs
[2024-06-27T15:00:05.108+0000] {logging_mixin.py:188} INFO - [2024-06-27T15:00:05.108+0000] {dag.py:3954} INFO - Setting next_dagrun for example_bash_operator to 2024-06-26 00:00:00+00:00, run_after=2024-06-27 00:00:00+00:00
[2024-06-27T15:00:05.140+0000] {processor.py:183} INFO - Processing /home/airflow/.local/lib/python3.12/site-packages/airflow/example_dags/example_bash_operator.py took 0.133 seconds
[2024-06-27T15:00:36.450+0000] {processor.py:161} INFO - Started process (PID=258) to work on /home/airflow/.local/lib/python3.12/site-packages/airflow/example_dags/example_bash_operator.py
[2024-06-27T15:00:36.453+0000] {processor.py:830} INFO - Processing file /home/airflow/.local/lib/python3.12/site-packages/airflow/example_dags/example_bash_operator.py for tasks to queue
[2024-06-27T15:00:36.460+0000] {logging_mixin.py:188} INFO - [2024-06-27T15:00:36.459+0000] {dagbag.py:545} INFO - Filling up the DagBag from /home/airflow/.local/lib/python3.12/site-packages/airflow/example_dags/example_bash_operator.py
[2024-06-27T15:00:36.485+0000] {processor.py:840} INFO - DAG(s) 'example_bash_operator' retrieved from /home/airflow/.local/lib/python3.12/site-packages/airflow/example_dags/example_bash_operator.py
[2024-06-27T15:00:36.548+0000] {logging_mixin.py:188} INFO - [2024-06-27T15:00:36.547+0000] {dag.py:3096} INFO - Sync 1 DAGs
[2024-06-27T15:00:36.599+0000] {logging_mixin.py:188} INFO - [2024-06-27T15:00:36.598+0000] {dag.py:3954} INFO - Setting next_dagrun for example_bash_operator to 2024-06-26 00:00:00+00:00, run_after=2024-06-27 00:00:00+00:00
[2024-06-27T15:00:36.644+0000] {processor.py:183} INFO - Processing /home/airflow/.local/lib/python3.12/site-packages/airflow/example_dags/example_bash_operator.py took 0.207 seconds
[2024-06-27T15:02:20.971+0000] {processor.py:161} INFO - Started process (PID=92) to work on /home/airflow/.local/lib/python3.12/site-packages/airflow/example_dags/example_bash_operator.py
[2024-06-27T15:02:20.973+0000] {processor.py:830} INFO - Processing file /home/airflow/.local/lib/python3.12/site-packages/airflow/example_dags/example_bash_operator.py for tasks to queue
[2024-06-27T15:02:20.977+0000] {logging_mixin.py:188} INFO - [2024-06-27T15:02:20.976+0000] {dagbag.py:545} INFO - Filling up the DagBag from /home/airflow/.local/lib/python3.12/site-packages/airflow/example_dags/example_bash_operator.py
[2024-06-27T15:02:20.994+0000] {processor.py:840} INFO - DAG(s) 'example_bash_operator' retrieved from /home/airflow/.local/lib/python3.12/site-packages/airflow/example_dags/example_bash_operator.py
[2024-06-27T15:02:21.145+0000] {logging_mixin.py:188} INFO - [2024-06-27T15:02:21.145+0000] {dag.py:3096} INFO - Sync 1 DAGs
[2024-06-27T15:02:21.174+0000] {logging_mixin.py:188} INFO - [2024-06-27T15:02:21.173+0000] {dag.py:3954} INFO - Setting next_dagrun for example_bash_operator to 2024-06-26 00:00:00+00:00, run_after=2024-06-27 00:00:00+00:00
[2024-06-27T15:02:21.203+0000] {processor.py:183} INFO - Processing /home/airflow/.local/lib/python3.12/site-packages/airflow/example_dags/example_bash_operator.py took 0.240 seconds
[2024-06-27T15:02:51.943+0000] {processor.py:161} INFO - Started process (PID=160) to work on /home/airflow/.local/lib/python3.12/site-packages/airflow/example_dags/example_bash_operator.py
[2024-06-27T15:02:51.945+0000] {processor.py:830} INFO - Processing file /home/airflow/.local/lib/python3.12/site-packages/airflow/example_dags/example_bash_operator.py for tasks to queue
[2024-06-27T15:02:51.948+0000] {logging_mixin.py:188} INFO - [2024-06-27T15:02:51.948+0000] {dagbag.py:545} INFO - Filling up the DagBag from /home/airflow/.local/lib/python3.12/site-packages/airflow/example_dags/example_bash_operator.py
[2024-06-27T15:02:51.970+0000] {processor.py:840} INFO - DAG(s) 'example_bash_operator' retrieved from /home/airflow/.local/lib/python3.12/site-packages/airflow/example_dags/example_bash_operator.py
[2024-06-27T15:02:52.021+0000] {logging_mixin.py:188} INFO - [2024-06-27T15:02:52.020+0000] {dag.py:3096} INFO - Sync 1 DAGs
[2024-06-27T15:02:52.061+0000] {logging_mixin.py:188} INFO - [2024-06-27T15:02:52.060+0000] {dag.py:3954} INFO - Setting next_dagrun for example_bash_operator to 2024-06-26 00:00:00+00:00, run_after=2024-06-27 00:00:00+00:00
[2024-06-27T15:02:52.100+0000] {processor.py:183} INFO - Processing /home/airflow/.local/lib/python3.12/site-packages/airflow/example_dags/example_bash_operator.py took 0.169 seconds
[2024-06-27T15:03:22.625+0000] {processor.py:161} INFO - Started process (PID=228) to work on /home/airflow/.local/lib/python3.12/site-packages/airflow/example_dags/example_bash_operator.py
[2024-06-27T15:03:22.627+0000] {processor.py:830} INFO - Processing file /home/airflow/.local/lib/python3.12/site-packages/airflow/example_dags/example_bash_operator.py for tasks to queue
[2024-06-27T15:03:22.631+0000] {logging_mixin.py:188} INFO - [2024-06-27T15:03:22.630+0000] {dagbag.py:545} INFO - Filling up the DagBag from /home/airflow/.local/lib/python3.12/site-packages/airflow/example_dags/example_bash_operator.py
[2024-06-27T15:03:22.649+0000] {processor.py:840} INFO - DAG(s) 'example_bash_operator' retrieved from /home/airflow/.local/lib/python3.12/site-packages/airflow/example_dags/example_bash_operator.py
[2024-06-27T15:03:22.696+0000] {logging_mixin.py:188} INFO - [2024-06-27T15:03:22.695+0000] {dag.py:3096} INFO - Sync 1 DAGs
[2024-06-27T15:03:22.739+0000] {logging_mixin.py:188} INFO - [2024-06-27T15:03:22.738+0000] {dag.py:3954} INFO - Setting next_dagrun for example_bash_operator to 2024-06-26 00:00:00+00:00, run_after=2024-06-27 00:00:00+00:00
[2024-06-27T15:03:22.778+0000] {processor.py:183} INFO - Processing /home/airflow/.local/lib/python3.12/site-packages/airflow/example_dags/example_bash_operator.py took 0.163 seconds
[2024-06-27T15:04:03.593+0000] {processor.py:161} INFO - Started process (PID=296) to work on /home/airflow/.local/lib/python3.12/site-packages/airflow/example_dags/example_bash_operator.py
[2024-06-27T15:04:03.595+0000] {processor.py:830} INFO - Processing file /home/airflow/.local/lib/python3.12/site-packages/airflow/example_dags/example_bash_operator.py for tasks to queue
[2024-06-27T15:04:03.599+0000] {logging_mixin.py:188} INFO - [2024-06-27T15:04:03.599+0000] {dagbag.py:545} INFO - Filling up the DagBag from /home/airflow/.local/lib/python3.12/site-packages/airflow/example_dags/example_bash_operator.py
[2024-06-27T15:04:03.648+0000] {processor.py:840} INFO - DAG(s) 'example_bash_operator' retrieved from /home/airflow/.local/lib/python3.12/site-packages/airflow/example_dags/example_bash_operator.py
[2024-06-27T15:04:03.807+0000] {logging_mixin.py:188} INFO - [2024-06-27T15:04:03.807+0000] {dag.py:3096} INFO - Sync 1 DAGs
[2024-06-27T15:04:03.971+0000] {logging_mixin.py:188} INFO - [2024-06-27T15:04:03.970+0000] {dag.py:3954} INFO - Setting next_dagrun for example_bash_operator to 2024-06-26 00:00:00+00:00, run_after=2024-06-27 00:00:00+00:00
[2024-06-27T15:04:04.071+0000] {processor.py:183} INFO - Processing /home/airflow/.local/lib/python3.12/site-packages/airflow/example_dags/example_bash_operator.py took 0.494 seconds
[2024-06-27T15:04:34.483+0000] {processor.py:161} INFO - Started process (PID=381) to work on /home/airflow/.local/lib/python3.12/site-packages/airflow/example_dags/example_bash_operator.py
[2024-06-27T15:04:34.501+0000] {processor.py:830} INFO - Processing file /home/airflow/.local/lib/python3.12/site-packages/airflow/example_dags/example_bash_operator.py for tasks to queue
[2024-06-27T15:04:34.529+0000] {logging_mixin.py:188} INFO - [2024-06-27T15:04:34.529+0000] {dagbag.py:545} INFO - Filling up the DagBag from /home/airflow/.local/lib/python3.12/site-packages/airflow/example_dags/example_bash_operator.py
[2024-06-27T15:04:34.589+0000] {processor.py:840} INFO - DAG(s) 'example_bash_operator' retrieved from /home/airflow/.local/lib/python3.12/site-packages/airflow/example_dags/example_bash_operator.py
[2024-06-27T15:04:34.742+0000] {logging_mixin.py:188} INFO - [2024-06-27T15:04:34.737+0000] {dag.py:3096} INFO - Sync 1 DAGs
[2024-06-27T15:04:34.838+0000] {logging_mixin.py:188} INFO - [2024-06-27T15:04:34.838+0000] {dag.py:3954} INFO - Setting next_dagrun for example_bash_operator to 2024-06-26 00:00:00+00:00, run_after=2024-06-27 00:00:00+00:00
[2024-06-27T15:04:34.938+0000] {processor.py:183} INFO - Processing /home/airflow/.local/lib/python3.12/site-packages/airflow/example_dags/example_bash_operator.py took 0.490 seconds
[2024-06-27T15:05:06.193+0000] {processor.py:161} INFO - Started process (PID=453) to work on /home/airflow/.local/lib/python3.12/site-packages/airflow/example_dags/example_bash_operator.py
[2024-06-27T15:05:06.195+0000] {processor.py:830} INFO - Processing file /home/airflow/.local/lib/python3.12/site-packages/airflow/example_dags/example_bash_operator.py for tasks to queue
[2024-06-27T15:05:06.203+0000] {logging_mixin.py:188} INFO - [2024-06-27T15:05:06.202+0000] {dagbag.py:545} INFO - Filling up the DagBag from /home/airflow/.local/lib/python3.12/site-packages/airflow/example_dags/example_bash_operator.py
[2024-06-27T15:05:06.249+0000] {processor.py:840} INFO - DAG(s) 'example_bash_operator' retrieved from /home/airflow/.local/lib/python3.12/site-packages/airflow/example_dags/example_bash_operator.py
[2024-06-27T15:05:06.357+0000] {logging_mixin.py:188} INFO - [2024-06-27T15:05:06.356+0000] {dag.py:3096} INFO - Sync 1 DAGs
[2024-06-27T15:05:06.450+0000] {logging_mixin.py:188} INFO - [2024-06-27T15:05:06.450+0000] {dag.py:3954} INFO - Setting next_dagrun for example_bash_operator to 2024-06-26 00:00:00+00:00, run_after=2024-06-27 00:00:00+00:00
[2024-06-27T15:05:06.501+0000] {processor.py:183} INFO - Processing /home/airflow/.local/lib/python3.12/site-packages/airflow/example_dags/example_bash_operator.py took 0.328 seconds
[2024-06-27T15:05:39.251+0000] {processor.py:161} INFO - Started process (PID=544) to work on /home/airflow/.local/lib/python3.12/site-packages/airflow/example_dags/example_bash_operator.py
[2024-06-27T15:05:39.254+0000] {processor.py:830} INFO - Processing file /home/airflow/.local/lib/python3.12/site-packages/airflow/example_dags/example_bash_operator.py for tasks to queue
[2024-06-27T15:05:39.261+0000] {logging_mixin.py:188} INFO - [2024-06-27T15:05:39.260+0000] {dagbag.py:545} INFO - Filling up the DagBag from /home/airflow/.local/lib/python3.12/site-packages/airflow/example_dags/example_bash_operator.py
[2024-06-27T15:05:39.291+0000] {processor.py:840} INFO - DAG(s) 'example_bash_operator' retrieved from /home/airflow/.local/lib/python3.12/site-packages/airflow/example_dags/example_bash_operator.py
[2024-06-27T15:05:39.355+0000] {logging_mixin.py:188} INFO - [2024-06-27T15:05:39.354+0000] {dag.py:3096} INFO - Sync 1 DAGs
[2024-06-27T15:05:39.407+0000] {logging_mixin.py:188} INFO - [2024-06-27T15:05:39.407+0000] {dag.py:3954} INFO - Setting next_dagrun for example_bash_operator to 2024-06-26 00:00:00+00:00, run_after=2024-06-27 00:00:00+00:00
[2024-06-27T15:05:39.455+0000] {processor.py:183} INFO - Processing /home/airflow/.local/lib/python3.12/site-packages/airflow/example_dags/example_bash_operator.py took 0.220 seconds
[2024-06-27T15:06:16.981+0000] {processor.py:161} INFO - Started process (PID=638) to work on /home/airflow/.local/lib/python3.12/site-packages/airflow/example_dags/example_bash_operator.py
[2024-06-27T15:06:16.988+0000] {processor.py:830} INFO - Processing file /home/airflow/.local/lib/python3.12/site-packages/airflow/example_dags/example_bash_operator.py for tasks to queue
[2024-06-27T15:06:16.996+0000] {logging_mixin.py:188} INFO - [2024-06-27T15:06:16.995+0000] {dagbag.py:545} INFO - Filling up the DagBag from /home/airflow/.local/lib/python3.12/site-packages/airflow/example_dags/example_bash_operator.py
[2024-06-27T15:06:17.070+0000] {processor.py:840} INFO - DAG(s) 'example_bash_operator' retrieved from /home/airflow/.local/lib/python3.12/site-packages/airflow/example_dags/example_bash_operator.py
[2024-06-27T15:06:17.236+0000] {logging_mixin.py:188} INFO - [2024-06-27T15:06:17.235+0000] {dag.py:3096} INFO - Sync 1 DAGs
[2024-06-27T15:06:17.385+0000] {logging_mixin.py:188} INFO - [2024-06-27T15:06:17.384+0000] {dag.py:3954} INFO - Setting next_dagrun for example_bash_operator to 2024-06-26 00:00:00+00:00, run_after=2024-06-27 00:00:00+00:00
[2024-06-27T15:06:17.504+0000] {processor.py:183} INFO - Processing /home/airflow/.local/lib/python3.12/site-packages/airflow/example_dags/example_bash_operator.py took 0.565 seconds
[2024-06-27T15:06:49.175+0000] {processor.py:161} INFO - Started process (PID=711) to work on /home/airflow/.local/lib/python3.12/site-packages/airflow/example_dags/example_bash_operator.py
[2024-06-27T15:06:49.183+0000] {processor.py:830} INFO - Processing file /home/airflow/.local/lib/python3.12/site-packages/airflow/example_dags/example_bash_operator.py for tasks to queue
[2024-06-27T15:06:49.196+0000] {logging_mixin.py:188} INFO - [2024-06-27T15:06:49.195+0000] {dagbag.py:545} INFO - Filling up the DagBag from /home/airflow/.local/lib/python3.12/site-packages/airflow/example_dags/example_bash_operator.py
[2024-06-27T15:06:49.257+0000] {processor.py:840} INFO - DAG(s) 'example_bash_operator' retrieved from /home/airflow/.local/lib/python3.12/site-packages/airflow/example_dags/example_bash_operator.py
[2024-06-27T15:06:49.403+0000] {logging_mixin.py:188} INFO - [2024-06-27T15:06:49.401+0000] {dag.py:3096} INFO - Sync 1 DAGs
[2024-06-27T15:06:49.531+0000] {logging_mixin.py:188} INFO - [2024-06-27T15:06:49.530+0000] {dag.py:3954} INFO - Setting next_dagrun for example_bash_operator to 2024-06-26 00:00:00+00:00, run_after=2024-06-27 00:00:00+00:00
[2024-06-27T15:06:49.639+0000] {processor.py:183} INFO - Processing /home/airflow/.local/lib/python3.12/site-packages/airflow/example_dags/example_bash_operator.py took 0.491 seconds
[2024-06-27T15:07:19.930+0000] {processor.py:161} INFO - Started process (PID=793) to work on /home/airflow/.local/lib/python3.12/site-packages/airflow/example_dags/example_bash_operator.py
[2024-06-27T15:07:19.934+0000] {processor.py:830} INFO - Processing file /home/airflow/.local/lib/python3.12/site-packages/airflow/example_dags/example_bash_operator.py for tasks to queue
[2024-06-27T15:07:19.943+0000] {logging_mixin.py:188} INFO - [2024-06-27T15:07:19.942+0000] {dagbag.py:545} INFO - Filling up the DagBag from /home/airflow/.local/lib/python3.12/site-packages/airflow/example_dags/example_bash_operator.py
[2024-06-27T15:07:19.986+0000] {processor.py:840} INFO - DAG(s) 'example_bash_operator' retrieved from /home/airflow/.local/lib/python3.12/site-packages/airflow/example_dags/example_bash_operator.py
[2024-06-27T15:07:20.089+0000] {logging_mixin.py:188} INFO - [2024-06-27T15:07:20.088+0000] {dag.py:3096} INFO - Sync 1 DAGs
[2024-06-27T15:07:20.186+0000] {logging_mixin.py:188} INFO - [2024-06-27T15:07:20.185+0000] {dag.py:3954} INFO - Setting next_dagrun for example_bash_operator to 2024-06-26 00:00:00+00:00, run_after=2024-06-27 00:00:00+00:00
[2024-06-27T15:07:20.253+0000] {processor.py:183} INFO - Processing /home/airflow/.local/lib/python3.12/site-packages/airflow/example_dags/example_bash_operator.py took 0.348 seconds
[2024-06-27T15:07:56.368+0000] {processor.py:161} INFO - Started process (PID=879) to work on /home/airflow/.local/lib/python3.12/site-packages/airflow/example_dags/example_bash_operator.py
[2024-06-27T15:07:56.386+0000] {processor.py:830} INFO - Processing file /home/airflow/.local/lib/python3.12/site-packages/airflow/example_dags/example_bash_operator.py for tasks to queue
[2024-06-27T15:07:56.417+0000] {logging_mixin.py:188} INFO - [2024-06-27T15:07:56.409+0000] {dagbag.py:545} INFO - Filling up the DagBag from /home/airflow/.local/lib/python3.12/site-packages/airflow/example_dags/example_bash_operator.py
[2024-06-27T15:07:56.615+0000] {processor.py:840} INFO - DAG(s) 'example_bash_operator' retrieved from /home/airflow/.local/lib/python3.12/site-packages/airflow/example_dags/example_bash_operator.py
[2024-06-27T15:07:56.854+0000] {logging_mixin.py:188} INFO - [2024-06-27T15:07:56.853+0000] {dag.py:3096} INFO - Sync 1 DAGs
[2024-06-27T15:07:57.004+0000] {logging_mixin.py:188} INFO - [2024-06-27T15:07:57.003+0000] {dag.py:3954} INFO - Setting next_dagrun for example_bash_operator to 2024-06-26 00:00:00+00:00, run_after=2024-06-27 00:00:00+00:00
[2024-06-27T15:07:57.183+0000] {processor.py:183} INFO - Processing /home/airflow/.local/lib/python3.12/site-packages/airflow/example_dags/example_bash_operator.py took 0.925 seconds
