[2024-06-27T14:36:38.903+0000] {processor.py:161} INFO - Started process (PID=54) to work on /home/airflow/.local/lib/python3.12/site-packages/airflow/example_dags/example_time_delta_sensor_async.py
[2024-06-27T14:36:38.906+0000] {processor.py:830} INFO - Processing file /home/airflow/.local/lib/python3.12/site-packages/airflow/example_dags/example_time_delta_sensor_async.py for tasks to queue
[2024-06-27T14:36:38.912+0000] {logging_mixin.py:188} INFO - [2024-06-27T14:36:38.912+0000] {dagbag.py:545} INFO - Filling up the DagBag from /home/airflow/.local/lib/python3.12/site-packages/airflow/example_dags/example_time_delta_sensor_async.py
[2024-06-27T14:36:38.935+0000] {processor.py:840} INFO - DAG(s) 'example_time_delta_sensor_async' retrieved from /home/airflow/.local/lib/python3.12/site-packages/airflow/example_dags/example_time_delta_sensor_async.py
[2024-06-27T14:36:39.605+0000] {logging_mixin.py:188} INFO - [2024-06-27T14:36:39.603+0000] {override.py:1829} INFO - Created Permission View: can edit on DAG:example_time_delta_sensor_async
[2024-06-27T14:36:39.628+0000] {logging_mixin.py:188} INFO - [2024-06-27T14:36:39.627+0000] {override.py:1829} INFO - Created Permission View: can delete on DAG:example_time_delta_sensor_async
[2024-06-27T14:36:39.646+0000] {logging_mixin.py:188} INFO - [2024-06-27T14:36:39.645+0000] {override.py:1829} INFO - Created Permission View: can read on DAG:example_time_delta_sensor_async
[2024-06-27T14:36:39.648+0000] {logging_mixin.py:188} INFO - [2024-06-27T14:36:39.647+0000] {dag.py:3096} INFO - Sync 1 DAGs
[2024-06-27T14:36:39.678+0000] {logging_mixin.py:188} INFO - [2024-06-27T14:36:39.678+0000] {dag.py:3118} INFO - Creating ORM DAG for example_time_delta_sensor_async
[2024-06-27T14:36:39.681+0000] {logging_mixin.py:188} INFO - [2024-06-27T14:36:39.680+0000] {dag.py:3954} INFO - Setting next_dagrun for example_time_delta_sensor_async to None, run_after=None
[2024-06-27T14:36:39.728+0000] {processor.py:183} INFO - Processing /home/airflow/.local/lib/python3.12/site-packages/airflow/example_dags/example_time_delta_sensor_async.py took 0.844 seconds
[2024-06-27T14:37:10.750+0000] {processor.py:161} INFO - Started process (PID=112) to work on /home/airflow/.local/lib/python3.12/site-packages/airflow/example_dags/example_time_delta_sensor_async.py
[2024-06-27T14:37:10.752+0000] {processor.py:830} INFO - Processing file /home/airflow/.local/lib/python3.12/site-packages/airflow/example_dags/example_time_delta_sensor_async.py for tasks to queue
[2024-06-27T14:37:10.755+0000] {logging_mixin.py:188} INFO - [2024-06-27T14:37:10.754+0000] {dagbag.py:545} INFO - Filling up the DagBag from /home/airflow/.local/lib/python3.12/site-packages/airflow/example_dags/example_time_delta_sensor_async.py
[2024-06-27T14:37:10.761+0000] {processor.py:840} INFO - DAG(s) 'example_time_delta_sensor_async' retrieved from /home/airflow/.local/lib/python3.12/site-packages/airflow/example_dags/example_time_delta_sensor_async.py
[2024-06-27T14:37:10.789+0000] {logging_mixin.py:188} INFO - [2024-06-27T14:37:10.789+0000] {dag.py:3096} INFO - Sync 1 DAGs
[2024-06-27T14:37:10.806+0000] {logging_mixin.py:188} INFO - [2024-06-27T14:37:10.806+0000] {dag.py:3954} INFO - Setting next_dagrun for example_time_delta_sensor_async to None, run_after=None
[2024-06-27T14:37:10.835+0000] {processor.py:183} INFO - Processing /home/airflow/.local/lib/python3.12/site-packages/airflow/example_dags/example_time_delta_sensor_async.py took 0.096 seconds
[2024-06-27T14:37:41.238+0000] {processor.py:161} INFO - Started process (PID=170) to work on /home/airflow/.local/lib/python3.12/site-packages/airflow/example_dags/example_time_delta_sensor_async.py
[2024-06-27T14:37:41.239+0000] {processor.py:830} INFO - Processing file /home/airflow/.local/lib/python3.12/site-packages/airflow/example_dags/example_time_delta_sensor_async.py for tasks to queue
[2024-06-27T14:37:41.242+0000] {logging_mixin.py:188} INFO - [2024-06-27T14:37:41.242+0000] {dagbag.py:545} INFO - Filling up the DagBag from /home/airflow/.local/lib/python3.12/site-packages/airflow/example_dags/example_time_delta_sensor_async.py
[2024-06-27T14:37:41.250+0000] {processor.py:840} INFO - DAG(s) 'example_time_delta_sensor_async' retrieved from /home/airflow/.local/lib/python3.12/site-packages/airflow/example_dags/example_time_delta_sensor_async.py
[2024-06-27T14:37:41.285+0000] {logging_mixin.py:188} INFO - [2024-06-27T14:37:41.285+0000] {dag.py:3096} INFO - Sync 1 DAGs
[2024-06-27T14:37:41.305+0000] {logging_mixin.py:188} INFO - [2024-06-27T14:37:41.305+0000] {dag.py:3954} INFO - Setting next_dagrun for example_time_delta_sensor_async to None, run_after=None
[2024-06-27T14:37:41.336+0000] {processor.py:183} INFO - Processing /home/airflow/.local/lib/python3.12/site-packages/airflow/example_dags/example_time_delta_sensor_async.py took 0.109 seconds
[2024-06-27T14:38:11.475+0000] {processor.py:161} INFO - Started process (PID=229) to work on /home/airflow/.local/lib/python3.12/site-packages/airflow/example_dags/example_time_delta_sensor_async.py
[2024-06-27T14:38:11.477+0000] {processor.py:830} INFO - Processing file /home/airflow/.local/lib/python3.12/site-packages/airflow/example_dags/example_time_delta_sensor_async.py for tasks to queue
[2024-06-27T14:38:11.480+0000] {logging_mixin.py:188} INFO - [2024-06-27T14:38:11.479+0000] {dagbag.py:545} INFO - Filling up the DagBag from /home/airflow/.local/lib/python3.12/site-packages/airflow/example_dags/example_time_delta_sensor_async.py
[2024-06-27T14:38:11.486+0000] {processor.py:840} INFO - DAG(s) 'example_time_delta_sensor_async' retrieved from /home/airflow/.local/lib/python3.12/site-packages/airflow/example_dags/example_time_delta_sensor_async.py
[2024-06-27T14:38:11.516+0000] {logging_mixin.py:188} INFO - [2024-06-27T14:38:11.515+0000] {dag.py:3096} INFO - Sync 1 DAGs
[2024-06-27T14:38:11.532+0000] {logging_mixin.py:188} INFO - [2024-06-27T14:38:11.532+0000] {dag.py:3954} INFO - Setting next_dagrun for example_time_delta_sensor_async to None, run_after=None
[2024-06-27T14:38:11.561+0000] {processor.py:183} INFO - Processing /home/airflow/.local/lib/python3.12/site-packages/airflow/example_dags/example_time_delta_sensor_async.py took 0.096 seconds
[2024-06-27T14:39:44.822+0000] {processor.py:161} INFO - Started process (PID=57) to work on /home/airflow/.local/lib/python3.12/site-packages/airflow/example_dags/example_time_delta_sensor_async.py
[2024-06-27T14:39:44.825+0000] {processor.py:830} INFO - Processing file /home/airflow/.local/lib/python3.12/site-packages/airflow/example_dags/example_time_delta_sensor_async.py for tasks to queue
[2024-06-27T14:39:44.832+0000] {logging_mixin.py:188} INFO - [2024-06-27T14:39:44.830+0000] {dagbag.py:545} INFO - Filling up the DagBag from /home/airflow/.local/lib/python3.12/site-packages/airflow/example_dags/example_time_delta_sensor_async.py
[2024-06-27T14:39:44.854+0000] {processor.py:840} INFO - DAG(s) 'example_time_delta_sensor_async' retrieved from /home/airflow/.local/lib/python3.12/site-packages/airflow/example_dags/example_time_delta_sensor_async.py
[2024-06-27T14:39:45.182+0000] {logging_mixin.py:188} INFO - [2024-06-27T14:39:45.181+0000] {dag.py:3096} INFO - Sync 1 DAGs
[2024-06-27T14:39:45.221+0000] {logging_mixin.py:188} INFO - [2024-06-27T14:39:45.221+0000] {dag.py:3954} INFO - Setting next_dagrun for example_time_delta_sensor_async to None, run_after=None
[2024-06-27T14:39:45.309+0000] {processor.py:183} INFO - Processing /home/airflow/.local/lib/python3.12/site-packages/airflow/example_dags/example_time_delta_sensor_async.py took 0.504 seconds
[2024-06-27T14:40:16.013+0000] {processor.py:161} INFO - Started process (PID=116) to work on /home/airflow/.local/lib/python3.12/site-packages/airflow/example_dags/example_time_delta_sensor_async.py
[2024-06-27T14:40:16.015+0000] {processor.py:830} INFO - Processing file /home/airflow/.local/lib/python3.12/site-packages/airflow/example_dags/example_time_delta_sensor_async.py for tasks to queue
[2024-06-27T14:40:16.017+0000] {logging_mixin.py:188} INFO - [2024-06-27T14:40:16.017+0000] {dagbag.py:545} INFO - Filling up the DagBag from /home/airflow/.local/lib/python3.12/site-packages/airflow/example_dags/example_time_delta_sensor_async.py
[2024-06-27T14:40:16.024+0000] {processor.py:840} INFO - DAG(s) 'example_time_delta_sensor_async' retrieved from /home/airflow/.local/lib/python3.12/site-packages/airflow/example_dags/example_time_delta_sensor_async.py
[2024-06-27T14:40:16.056+0000] {logging_mixin.py:188} INFO - [2024-06-27T14:40:16.056+0000] {dag.py:3096} INFO - Sync 1 DAGs
[2024-06-27T14:40:16.073+0000] {logging_mixin.py:188} INFO - [2024-06-27T14:40:16.073+0000] {dag.py:3954} INFO - Setting next_dagrun for example_time_delta_sensor_async to None, run_after=None
[2024-06-27T14:40:16.103+0000] {processor.py:183} INFO - Processing /home/airflow/.local/lib/python3.12/site-packages/airflow/example_dags/example_time_delta_sensor_async.py took 0.097 seconds
[2024-06-27T14:40:46.302+0000] {processor.py:161} INFO - Started process (PID=175) to work on /home/airflow/.local/lib/python3.12/site-packages/airflow/example_dags/example_time_delta_sensor_async.py
[2024-06-27T14:40:46.303+0000] {processor.py:830} INFO - Processing file /home/airflow/.local/lib/python3.12/site-packages/airflow/example_dags/example_time_delta_sensor_async.py for tasks to queue
[2024-06-27T14:40:46.306+0000] {logging_mixin.py:188} INFO - [2024-06-27T14:40:46.306+0000] {dagbag.py:545} INFO - Filling up the DagBag from /home/airflow/.local/lib/python3.12/site-packages/airflow/example_dags/example_time_delta_sensor_async.py
[2024-06-27T14:40:46.313+0000] {processor.py:840} INFO - DAG(s) 'example_time_delta_sensor_async' retrieved from /home/airflow/.local/lib/python3.12/site-packages/airflow/example_dags/example_time_delta_sensor_async.py
[2024-06-27T14:40:46.344+0000] {logging_mixin.py:188} INFO - [2024-06-27T14:40:46.344+0000] {dag.py:3096} INFO - Sync 1 DAGs
[2024-06-27T14:40:46.361+0000] {logging_mixin.py:188} INFO - [2024-06-27T14:40:46.361+0000] {dag.py:3954} INFO - Setting next_dagrun for example_time_delta_sensor_async to None, run_after=None
[2024-06-27T14:40:46.390+0000] {processor.py:183} INFO - Processing /home/airflow/.local/lib/python3.12/site-packages/airflow/example_dags/example_time_delta_sensor_async.py took 0.096 seconds
[2024-06-27T14:41:16.659+0000] {processor.py:161} INFO - Started process (PID=234) to work on /home/airflow/.local/lib/python3.12/site-packages/airflow/example_dags/example_time_delta_sensor_async.py
[2024-06-27T14:41:16.661+0000] {processor.py:830} INFO - Processing file /home/airflow/.local/lib/python3.12/site-packages/airflow/example_dags/example_time_delta_sensor_async.py for tasks to queue
[2024-06-27T14:41:16.663+0000] {logging_mixin.py:188} INFO - [2024-06-27T14:41:16.663+0000] {dagbag.py:545} INFO - Filling up the DagBag from /home/airflow/.local/lib/python3.12/site-packages/airflow/example_dags/example_time_delta_sensor_async.py
[2024-06-27T14:41:16.671+0000] {processor.py:840} INFO - DAG(s) 'example_time_delta_sensor_async' retrieved from /home/airflow/.local/lib/python3.12/site-packages/airflow/example_dags/example_time_delta_sensor_async.py
[2024-06-27T14:41:16.701+0000] {logging_mixin.py:188} INFO - [2024-06-27T14:41:16.701+0000] {dag.py:3096} INFO - Sync 1 DAGs
[2024-06-27T14:41:16.725+0000] {logging_mixin.py:188} INFO - [2024-06-27T14:41:16.724+0000] {dag.py:3954} INFO - Setting next_dagrun for example_time_delta_sensor_async to None, run_after=None
[2024-06-27T14:41:16.776+0000] {processor.py:183} INFO - Processing /home/airflow/.local/lib/python3.12/site-packages/airflow/example_dags/example_time_delta_sensor_async.py took 0.127 seconds
[2024-06-27T14:41:47.791+0000] {processor.py:161} INFO - Started process (PID=293) to work on /home/airflow/.local/lib/python3.12/site-packages/airflow/example_dags/example_time_delta_sensor_async.py
[2024-06-27T14:41:47.793+0000] {processor.py:830} INFO - Processing file /home/airflow/.local/lib/python3.12/site-packages/airflow/example_dags/example_time_delta_sensor_async.py for tasks to queue
[2024-06-27T14:41:47.796+0000] {logging_mixin.py:188} INFO - [2024-06-27T14:41:47.795+0000] {dagbag.py:545} INFO - Filling up the DagBag from /home/airflow/.local/lib/python3.12/site-packages/airflow/example_dags/example_time_delta_sensor_async.py
[2024-06-27T14:41:47.802+0000] {processor.py:840} INFO - DAG(s) 'example_time_delta_sensor_async' retrieved from /home/airflow/.local/lib/python3.12/site-packages/airflow/example_dags/example_time_delta_sensor_async.py
[2024-06-27T14:41:47.828+0000] {logging_mixin.py:188} INFO - [2024-06-27T14:41:47.828+0000] {dag.py:3096} INFO - Sync 1 DAGs
[2024-06-27T14:41:47.845+0000] {logging_mixin.py:188} INFO - [2024-06-27T14:41:47.845+0000] {dag.py:3954} INFO - Setting next_dagrun for example_time_delta_sensor_async to None, run_after=None
[2024-06-27T14:41:47.877+0000] {processor.py:183} INFO - Processing /home/airflow/.local/lib/python3.12/site-packages/airflow/example_dags/example_time_delta_sensor_async.py took 0.092 seconds
[2024-06-27T14:42:18.225+0000] {processor.py:161} INFO - Started process (PID=352) to work on /home/airflow/.local/lib/python3.12/site-packages/airflow/example_dags/example_time_delta_sensor_async.py
[2024-06-27T14:42:18.227+0000] {processor.py:830} INFO - Processing file /home/airflow/.local/lib/python3.12/site-packages/airflow/example_dags/example_time_delta_sensor_async.py for tasks to queue
[2024-06-27T14:42:18.229+0000] {logging_mixin.py:188} INFO - [2024-06-27T14:42:18.229+0000] {dagbag.py:545} INFO - Filling up the DagBag from /home/airflow/.local/lib/python3.12/site-packages/airflow/example_dags/example_time_delta_sensor_async.py
[2024-06-27T14:42:18.236+0000] {processor.py:840} INFO - DAG(s) 'example_time_delta_sensor_async' retrieved from /home/airflow/.local/lib/python3.12/site-packages/airflow/example_dags/example_time_delta_sensor_async.py
[2024-06-27T14:42:18.265+0000] {logging_mixin.py:188} INFO - [2024-06-27T14:42:18.265+0000] {dag.py:3096} INFO - Sync 1 DAGs
[2024-06-27T14:42:18.284+0000] {logging_mixin.py:188} INFO - [2024-06-27T14:42:18.284+0000] {dag.py:3954} INFO - Setting next_dagrun for example_time_delta_sensor_async to None, run_after=None
[2024-06-27T14:42:18.314+0000] {processor.py:183} INFO - Processing /home/airflow/.local/lib/python3.12/site-packages/airflow/example_dags/example_time_delta_sensor_async.py took 0.096 seconds
[2024-06-27T14:43:59.429+0000] {processor.py:161} INFO - Started process (PID=51) to work on /home/airflow/.local/lib/python3.12/site-packages/airflow/example_dags/example_time_delta_sensor_async.py
[2024-06-27T14:43:59.432+0000] {processor.py:830} INFO - Processing file /home/airflow/.local/lib/python3.12/site-packages/airflow/example_dags/example_time_delta_sensor_async.py for tasks to queue
[2024-06-27T14:43:59.438+0000] {logging_mixin.py:188} INFO - [2024-06-27T14:43:59.438+0000] {dagbag.py:545} INFO - Filling up the DagBag from /home/airflow/.local/lib/python3.12/site-packages/airflow/example_dags/example_time_delta_sensor_async.py
[2024-06-27T14:43:59.449+0000] {processor.py:840} INFO - DAG(s) 'example_time_delta_sensor_async' retrieved from /home/airflow/.local/lib/python3.12/site-packages/airflow/example_dags/example_time_delta_sensor_async.py
[2024-06-27T14:43:59.587+0000] {logging_mixin.py:188} INFO - [2024-06-27T14:43:59.587+0000] {dag.py:3096} INFO - Sync 1 DAGs
[2024-06-27T14:43:59.600+0000] {logging_mixin.py:188} INFO - [2024-06-27T14:43:59.600+0000] {dag.py:3954} INFO - Setting next_dagrun for example_time_delta_sensor_async to None, run_after=None
[2024-06-27T14:43:59.631+0000] {processor.py:183} INFO - Processing /home/airflow/.local/lib/python3.12/site-packages/airflow/example_dags/example_time_delta_sensor_async.py took 0.210 seconds
[2024-06-27T14:44:24.409+0000] {processor.py:161} INFO - Started process (PID=51) to work on /home/airflow/.local/lib/python3.12/site-packages/airflow/example_dags/example_time_delta_sensor_async.py
[2024-06-27T14:44:24.411+0000] {processor.py:830} INFO - Processing file /home/airflow/.local/lib/python3.12/site-packages/airflow/example_dags/example_time_delta_sensor_async.py for tasks to queue
[2024-06-27T14:44:24.415+0000] {logging_mixin.py:188} INFO - [2024-06-27T14:44:24.414+0000] {dagbag.py:545} INFO - Filling up the DagBag from /home/airflow/.local/lib/python3.12/site-packages/airflow/example_dags/example_time_delta_sensor_async.py
[2024-06-27T14:44:24.429+0000] {processor.py:840} INFO - DAG(s) 'example_time_delta_sensor_async' retrieved from /home/airflow/.local/lib/python3.12/site-packages/airflow/example_dags/example_time_delta_sensor_async.py
[2024-06-27T14:44:24.455+0000] {logging_mixin.py:188} INFO - [2024-06-27T14:44:24.454+0000] {dag.py:3096} INFO - Sync 1 DAGs
[2024-06-27T14:44:24.481+0000] {logging_mixin.py:188} INFO - [2024-06-27T14:44:24.481+0000] {dag.py:3954} INFO - Setting next_dagrun for example_time_delta_sensor_async to None, run_after=None
[2024-06-27T14:44:24.529+0000] {processor.py:183} INFO - Processing /home/airflow/.local/lib/python3.12/site-packages/airflow/example_dags/example_time_delta_sensor_async.py took 0.131 seconds
[2024-06-27T14:44:54.726+0000] {processor.py:161} INFO - Started process (PID=110) to work on /home/airflow/.local/lib/python3.12/site-packages/airflow/example_dags/example_time_delta_sensor_async.py
[2024-06-27T14:44:54.728+0000] {processor.py:830} INFO - Processing file /home/airflow/.local/lib/python3.12/site-packages/airflow/example_dags/example_time_delta_sensor_async.py for tasks to queue
[2024-06-27T14:44:54.731+0000] {logging_mixin.py:188} INFO - [2024-06-27T14:44:54.731+0000] {dagbag.py:545} INFO - Filling up the DagBag from /home/airflow/.local/lib/python3.12/site-packages/airflow/example_dags/example_time_delta_sensor_async.py
[2024-06-27T14:44:54.737+0000] {processor.py:840} INFO - DAG(s) 'example_time_delta_sensor_async' retrieved from /home/airflow/.local/lib/python3.12/site-packages/airflow/example_dags/example_time_delta_sensor_async.py
[2024-06-27T14:44:54.766+0000] {logging_mixin.py:188} INFO - [2024-06-27T14:44:54.766+0000] {dag.py:3096} INFO - Sync 1 DAGs
[2024-06-27T14:44:54.782+0000] {logging_mixin.py:188} INFO - [2024-06-27T14:44:54.782+0000] {dag.py:3954} INFO - Setting next_dagrun for example_time_delta_sensor_async to None, run_after=None
[2024-06-27T14:44:54.812+0000] {processor.py:183} INFO - Processing /home/airflow/.local/lib/python3.12/site-packages/airflow/example_dags/example_time_delta_sensor_async.py took 0.092 seconds
[2024-06-27T14:45:25.744+0000] {processor.py:161} INFO - Started process (PID=169) to work on /home/airflow/.local/lib/python3.12/site-packages/airflow/example_dags/example_time_delta_sensor_async.py
[2024-06-27T14:45:25.746+0000] {processor.py:830} INFO - Processing file /home/airflow/.local/lib/python3.12/site-packages/airflow/example_dags/example_time_delta_sensor_async.py for tasks to queue
[2024-06-27T14:45:25.749+0000] {logging_mixin.py:188} INFO - [2024-06-27T14:45:25.749+0000] {dagbag.py:545} INFO - Filling up the DagBag from /home/airflow/.local/lib/python3.12/site-packages/airflow/example_dags/example_time_delta_sensor_async.py
[2024-06-27T14:45:25.759+0000] {processor.py:840} INFO - DAG(s) 'example_time_delta_sensor_async' retrieved from /home/airflow/.local/lib/python3.12/site-packages/airflow/example_dags/example_time_delta_sensor_async.py
[2024-06-27T14:45:25.794+0000] {logging_mixin.py:188} INFO - [2024-06-27T14:45:25.793+0000] {dag.py:3096} INFO - Sync 1 DAGs
[2024-06-27T14:45:25.824+0000] {logging_mixin.py:188} INFO - [2024-06-27T14:45:25.824+0000] {dag.py:3954} INFO - Setting next_dagrun for example_time_delta_sensor_async to None, run_after=None
[2024-06-27T14:45:25.857+0000] {processor.py:183} INFO - Processing /home/airflow/.local/lib/python3.12/site-packages/airflow/example_dags/example_time_delta_sensor_async.py took 0.120 seconds
[2024-06-27T14:45:56.127+0000] {processor.py:161} INFO - Started process (PID=228) to work on /home/airflow/.local/lib/python3.12/site-packages/airflow/example_dags/example_time_delta_sensor_async.py
[2024-06-27T14:45:56.129+0000] {processor.py:830} INFO - Processing file /home/airflow/.local/lib/python3.12/site-packages/airflow/example_dags/example_time_delta_sensor_async.py for tasks to queue
[2024-06-27T14:45:56.132+0000] {logging_mixin.py:188} INFO - [2024-06-27T14:45:56.131+0000] {dagbag.py:545} INFO - Filling up the DagBag from /home/airflow/.local/lib/python3.12/site-packages/airflow/example_dags/example_time_delta_sensor_async.py
[2024-06-27T14:45:56.138+0000] {processor.py:840} INFO - DAG(s) 'example_time_delta_sensor_async' retrieved from /home/airflow/.local/lib/python3.12/site-packages/airflow/example_dags/example_time_delta_sensor_async.py
[2024-06-27T14:45:56.171+0000] {logging_mixin.py:188} INFO - [2024-06-27T14:45:56.170+0000] {dag.py:3096} INFO - Sync 1 DAGs
[2024-06-27T14:45:56.188+0000] {logging_mixin.py:188} INFO - [2024-06-27T14:45:56.187+0000] {dag.py:3954} INFO - Setting next_dagrun for example_time_delta_sensor_async to None, run_after=None
[2024-06-27T14:45:56.222+0000] {processor.py:183} INFO - Processing /home/airflow/.local/lib/python3.12/site-packages/airflow/example_dags/example_time_delta_sensor_async.py took 0.102 seconds
[2024-06-27T14:46:26.407+0000] {processor.py:161} INFO - Started process (PID=287) to work on /home/airflow/.local/lib/python3.12/site-packages/airflow/example_dags/example_time_delta_sensor_async.py
[2024-06-27T14:46:26.409+0000] {processor.py:830} INFO - Processing file /home/airflow/.local/lib/python3.12/site-packages/airflow/example_dags/example_time_delta_sensor_async.py for tasks to queue
[2024-06-27T14:46:26.412+0000] {logging_mixin.py:188} INFO - [2024-06-27T14:46:26.411+0000] {dagbag.py:545} INFO - Filling up the DagBag from /home/airflow/.local/lib/python3.12/site-packages/airflow/example_dags/example_time_delta_sensor_async.py
[2024-06-27T14:46:26.418+0000] {processor.py:840} INFO - DAG(s) 'example_time_delta_sensor_async' retrieved from /home/airflow/.local/lib/python3.12/site-packages/airflow/example_dags/example_time_delta_sensor_async.py
[2024-06-27T14:46:26.448+0000] {logging_mixin.py:188} INFO - [2024-06-27T14:46:26.448+0000] {dag.py:3096} INFO - Sync 1 DAGs
[2024-06-27T14:46:26.470+0000] {logging_mixin.py:188} INFO - [2024-06-27T14:46:26.470+0000] {dag.py:3954} INFO - Setting next_dagrun for example_time_delta_sensor_async to None, run_after=None
[2024-06-27T14:46:26.499+0000] {processor.py:183} INFO - Processing /home/airflow/.local/lib/python3.12/site-packages/airflow/example_dags/example_time_delta_sensor_async.py took 0.100 seconds
[2024-06-27T14:58:58.188+0000] {processor.py:161} INFO - Started process (PID=56) to work on /home/airflow/.local/lib/python3.12/site-packages/airflow/example_dags/example_time_delta_sensor_async.py
[2024-06-27T14:58:58.191+0000] {processor.py:830} INFO - Processing file /home/airflow/.local/lib/python3.12/site-packages/airflow/example_dags/example_time_delta_sensor_async.py for tasks to queue
[2024-06-27T14:58:58.199+0000] {logging_mixin.py:188} INFO - [2024-06-27T14:58:58.198+0000] {dagbag.py:545} INFO - Filling up the DagBag from /home/airflow/.local/lib/python3.12/site-packages/airflow/example_dags/example_time_delta_sensor_async.py
[2024-06-27T14:58:58.219+0000] {processor.py:840} INFO - DAG(s) 'example_time_delta_sensor_async' retrieved from /home/airflow/.local/lib/python3.12/site-packages/airflow/example_dags/example_time_delta_sensor_async.py
[2024-06-27T14:58:58.254+0000] {logging_mixin.py:188} INFO - [2024-06-27T14:58:58.254+0000] {dag.py:3096} INFO - Sync 1 DAGs
[2024-06-27T14:58:58.298+0000] {logging_mixin.py:188} INFO - [2024-06-27T14:58:58.298+0000] {dag.py:3954} INFO - Setting next_dagrun for example_time_delta_sensor_async to None, run_after=None
[2024-06-27T14:58:58.342+0000] {processor.py:183} INFO - Processing /home/airflow/.local/lib/python3.12/site-packages/airflow/example_dags/example_time_delta_sensor_async.py took 0.170 seconds
[2024-06-27T14:59:29.985+0000] {processor.py:161} INFO - Started process (PID=115) to work on /home/airflow/.local/lib/python3.12/site-packages/airflow/example_dags/example_time_delta_sensor_async.py
[2024-06-27T14:59:29.987+0000] {processor.py:830} INFO - Processing file /home/airflow/.local/lib/python3.12/site-packages/airflow/example_dags/example_time_delta_sensor_async.py for tasks to queue
[2024-06-27T14:59:29.990+0000] {logging_mixin.py:188} INFO - [2024-06-27T14:59:29.990+0000] {dagbag.py:545} INFO - Filling up the DagBag from /home/airflow/.local/lib/python3.12/site-packages/airflow/example_dags/example_time_delta_sensor_async.py
[2024-06-27T14:59:29.997+0000] {processor.py:840} INFO - DAG(s) 'example_time_delta_sensor_async' retrieved from /home/airflow/.local/lib/python3.12/site-packages/airflow/example_dags/example_time_delta_sensor_async.py
[2024-06-27T14:59:30.193+0000] {logging_mixin.py:188} INFO - [2024-06-27T14:59:30.193+0000] {dag.py:3096} INFO - Sync 1 DAGs
[2024-06-27T14:59:30.213+0000] {logging_mixin.py:188} INFO - [2024-06-27T14:59:30.212+0000] {dag.py:3954} INFO - Setting next_dagrun for example_time_delta_sensor_async to None, run_after=None
[2024-06-27T14:59:30.249+0000] {processor.py:183} INFO - Processing /home/airflow/.local/lib/python3.12/site-packages/airflow/example_dags/example_time_delta_sensor_async.py took 0.272 seconds
[2024-06-27T15:00:00.871+0000] {processor.py:161} INFO - Started process (PID=174) to work on /home/airflow/.local/lib/python3.12/site-packages/airflow/example_dags/example_time_delta_sensor_async.py
[2024-06-27T15:00:00.873+0000] {processor.py:830} INFO - Processing file /home/airflow/.local/lib/python3.12/site-packages/airflow/example_dags/example_time_delta_sensor_async.py for tasks to queue
[2024-06-27T15:00:00.877+0000] {logging_mixin.py:188} INFO - [2024-06-27T15:00:00.876+0000] {dagbag.py:545} INFO - Filling up the DagBag from /home/airflow/.local/lib/python3.12/site-packages/airflow/example_dags/example_time_delta_sensor_async.py
[2024-06-27T15:00:00.884+0000] {processor.py:840} INFO - DAG(s) 'example_time_delta_sensor_async' retrieved from /home/airflow/.local/lib/python3.12/site-packages/airflow/example_dags/example_time_delta_sensor_async.py
[2024-06-27T15:00:00.915+0000] {logging_mixin.py:188} INFO - [2024-06-27T15:00:00.915+0000] {dag.py:3096} INFO - Sync 1 DAGs
[2024-06-27T15:00:00.933+0000] {logging_mixin.py:188} INFO - [2024-06-27T15:00:00.933+0000] {dag.py:3954} INFO - Setting next_dagrun for example_time_delta_sensor_async to None, run_after=None
[2024-06-27T15:00:00.961+0000] {processor.py:183} INFO - Processing /home/airflow/.local/lib/python3.12/site-packages/airflow/example_dags/example_time_delta_sensor_async.py took 0.097 seconds
[2024-06-27T15:00:31.679+0000] {processor.py:161} INFO - Started process (PID=233) to work on /home/airflow/.local/lib/python3.12/site-packages/airflow/example_dags/example_time_delta_sensor_async.py
[2024-06-27T15:00:31.681+0000] {processor.py:830} INFO - Processing file /home/airflow/.local/lib/python3.12/site-packages/airflow/example_dags/example_time_delta_sensor_async.py for tasks to queue
[2024-06-27T15:00:31.684+0000] {logging_mixin.py:188} INFO - [2024-06-27T15:00:31.684+0000] {dagbag.py:545} INFO - Filling up the DagBag from /home/airflow/.local/lib/python3.12/site-packages/airflow/example_dags/example_time_delta_sensor_async.py
[2024-06-27T15:00:31.691+0000] {processor.py:840} INFO - DAG(s) 'example_time_delta_sensor_async' retrieved from /home/airflow/.local/lib/python3.12/site-packages/airflow/example_dags/example_time_delta_sensor_async.py
[2024-06-27T15:00:31.720+0000] {logging_mixin.py:188} INFO - [2024-06-27T15:00:31.719+0000] {dag.py:3096} INFO - Sync 1 DAGs
[2024-06-27T15:00:31.736+0000] {logging_mixin.py:188} INFO - [2024-06-27T15:00:31.735+0000] {dag.py:3954} INFO - Setting next_dagrun for example_time_delta_sensor_async to None, run_after=None
[2024-06-27T15:00:31.765+0000] {processor.py:183} INFO - Processing /home/airflow/.local/lib/python3.12/site-packages/airflow/example_dags/example_time_delta_sensor_async.py took 0.092 seconds
[2024-06-27T15:02:16.017+0000] {processor.py:161} INFO - Started process (PID=67) to work on /home/airflow/.local/lib/python3.12/site-packages/airflow/example_dags/example_time_delta_sensor_async.py
[2024-06-27T15:02:16.019+0000] {processor.py:830} INFO - Processing file /home/airflow/.local/lib/python3.12/site-packages/airflow/example_dags/example_time_delta_sensor_async.py for tasks to queue
[2024-06-27T15:02:16.024+0000] {logging_mixin.py:188} INFO - [2024-06-27T15:02:16.023+0000] {dagbag.py:545} INFO - Filling up the DagBag from /home/airflow/.local/lib/python3.12/site-packages/airflow/example_dags/example_time_delta_sensor_async.py
[2024-06-27T15:02:16.037+0000] {processor.py:840} INFO - DAG(s) 'example_time_delta_sensor_async' retrieved from /home/airflow/.local/lib/python3.12/site-packages/airflow/example_dags/example_time_delta_sensor_async.py
[2024-06-27T15:02:16.234+0000] {logging_mixin.py:188} INFO - [2024-06-27T15:02:16.233+0000] {dag.py:3096} INFO - Sync 1 DAGs
[2024-06-27T15:02:16.254+0000] {logging_mixin.py:188} INFO - [2024-06-27T15:02:16.253+0000] {dag.py:3954} INFO - Setting next_dagrun for example_time_delta_sensor_async to None, run_after=None
[2024-06-27T15:02:16.297+0000] {processor.py:183} INFO - Processing /home/airflow/.local/lib/python3.12/site-packages/airflow/example_dags/example_time_delta_sensor_async.py took 0.290 seconds
[2024-06-27T15:02:47.098+0000] {processor.py:161} INFO - Started process (PID=135) to work on /home/airflow/.local/lib/python3.12/site-packages/airflow/example_dags/example_time_delta_sensor_async.py
[2024-06-27T15:02:47.100+0000] {processor.py:830} INFO - Processing file /home/airflow/.local/lib/python3.12/site-packages/airflow/example_dags/example_time_delta_sensor_async.py for tasks to queue
[2024-06-27T15:02:47.104+0000] {logging_mixin.py:188} INFO - [2024-06-27T15:02:47.103+0000] {dagbag.py:545} INFO - Filling up the DagBag from /home/airflow/.local/lib/python3.12/site-packages/airflow/example_dags/example_time_delta_sensor_async.py
[2024-06-27T15:02:47.110+0000] {processor.py:840} INFO - DAG(s) 'example_time_delta_sensor_async' retrieved from /home/airflow/.local/lib/python3.12/site-packages/airflow/example_dags/example_time_delta_sensor_async.py
[2024-06-27T15:02:47.142+0000] {logging_mixin.py:188} INFO - [2024-06-27T15:02:47.141+0000] {dag.py:3096} INFO - Sync 1 DAGs
[2024-06-27T15:02:47.161+0000] {logging_mixin.py:188} INFO - [2024-06-27T15:02:47.161+0000] {dag.py:3954} INFO - Setting next_dagrun for example_time_delta_sensor_async to None, run_after=None
[2024-06-27T15:02:47.198+0000] {processor.py:183} INFO - Processing /home/airflow/.local/lib/python3.12/site-packages/airflow/example_dags/example_time_delta_sensor_async.py took 0.108 seconds
[2024-06-27T15:03:17.646+0000] {processor.py:161} INFO - Started process (PID=203) to work on /home/airflow/.local/lib/python3.12/site-packages/airflow/example_dags/example_time_delta_sensor_async.py
[2024-06-27T15:03:17.647+0000] {processor.py:830} INFO - Processing file /home/airflow/.local/lib/python3.12/site-packages/airflow/example_dags/example_time_delta_sensor_async.py for tasks to queue
[2024-06-27T15:03:17.650+0000] {logging_mixin.py:188} INFO - [2024-06-27T15:03:17.650+0000] {dagbag.py:545} INFO - Filling up the DagBag from /home/airflow/.local/lib/python3.12/site-packages/airflow/example_dags/example_time_delta_sensor_async.py
[2024-06-27T15:03:17.657+0000] {processor.py:840} INFO - DAG(s) 'example_time_delta_sensor_async' retrieved from /home/airflow/.local/lib/python3.12/site-packages/airflow/example_dags/example_time_delta_sensor_async.py
[2024-06-27T15:03:17.686+0000] {logging_mixin.py:188} INFO - [2024-06-27T15:03:17.686+0000] {dag.py:3096} INFO - Sync 1 DAGs
[2024-06-27T15:03:17.705+0000] {logging_mixin.py:188} INFO - [2024-06-27T15:03:17.704+0000] {dag.py:3954} INFO - Setting next_dagrun for example_time_delta_sensor_async to None, run_after=None
[2024-06-27T15:03:17.734+0000] {processor.py:183} INFO - Processing /home/airflow/.local/lib/python3.12/site-packages/airflow/example_dags/example_time_delta_sensor_async.py took 0.096 seconds
[2024-06-27T15:03:51.261+0000] {processor.py:161} INFO - Started process (PID=270) to work on /home/airflow/.local/lib/python3.12/site-packages/airflow/example_dags/example_time_delta_sensor_async.py
[2024-06-27T15:03:51.269+0000] {processor.py:830} INFO - Processing file /home/airflow/.local/lib/python3.12/site-packages/airflow/example_dags/example_time_delta_sensor_async.py for tasks to queue
[2024-06-27T15:03:51.286+0000] {logging_mixin.py:188} INFO - [2024-06-27T15:03:51.285+0000] {dagbag.py:545} INFO - Filling up the DagBag from /home/airflow/.local/lib/python3.12/site-packages/airflow/example_dags/example_time_delta_sensor_async.py
[2024-06-27T15:03:51.310+0000] {processor.py:840} INFO - DAG(s) 'example_time_delta_sensor_async' retrieved from /home/airflow/.local/lib/python3.12/site-packages/airflow/example_dags/example_time_delta_sensor_async.py
[2024-06-27T15:03:51.459+0000] {logging_mixin.py:188} INFO - [2024-06-27T15:03:51.458+0000] {dag.py:3096} INFO - Sync 1 DAGs
[2024-06-27T15:03:51.553+0000] {logging_mixin.py:188} INFO - [2024-06-27T15:03:51.553+0000] {dag.py:3954} INFO - Setting next_dagrun for example_time_delta_sensor_async to None, run_after=None
[2024-06-27T15:03:51.622+0000] {processor.py:183} INFO - Processing /home/airflow/.local/lib/python3.12/site-packages/airflow/example_dags/example_time_delta_sensor_async.py took 0.394 seconds
[2024-06-27T15:04:22.215+0000] {processor.py:161} INFO - Started process (PID=346) to work on /home/airflow/.local/lib/python3.12/site-packages/airflow/example_dags/example_time_delta_sensor_async.py
[2024-06-27T15:04:22.220+0000] {processor.py:830} INFO - Processing file /home/airflow/.local/lib/python3.12/site-packages/airflow/example_dags/example_time_delta_sensor_async.py for tasks to queue
[2024-06-27T15:04:22.240+0000] {logging_mixin.py:188} INFO - [2024-06-27T15:04:22.240+0000] {dagbag.py:545} INFO - Filling up the DagBag from /home/airflow/.local/lib/python3.12/site-packages/airflow/example_dags/example_time_delta_sensor_async.py
[2024-06-27T15:04:22.341+0000] {processor.py:840} INFO - DAG(s) 'example_time_delta_sensor_async' retrieved from /home/airflow/.local/lib/python3.12/site-packages/airflow/example_dags/example_time_delta_sensor_async.py
[2024-06-27T15:04:22.502+0000] {logging_mixin.py:188} INFO - [2024-06-27T15:04:22.501+0000] {dag.py:3096} INFO - Sync 1 DAGs
[2024-06-27T15:04:22.744+0000] {logging_mixin.py:188} INFO - [2024-06-27T15:04:22.735+0000] {dag.py:3954} INFO - Setting next_dagrun for example_time_delta_sensor_async to None, run_after=None
[2024-06-27T15:04:23.259+0000] {processor.py:183} INFO - Processing /home/airflow/.local/lib/python3.12/site-packages/airflow/example_dags/example_time_delta_sensor_async.py took 1.062 seconds
[2024-06-27T15:04:54.083+0000] {processor.py:161} INFO - Started process (PID=414) to work on /home/airflow/.local/lib/python3.12/site-packages/airflow/example_dags/example_time_delta_sensor_async.py
[2024-06-27T15:04:54.088+0000] {processor.py:830} INFO - Processing file /home/airflow/.local/lib/python3.12/site-packages/airflow/example_dags/example_time_delta_sensor_async.py for tasks to queue
[2024-06-27T15:04:54.096+0000] {logging_mixin.py:188} INFO - [2024-06-27T15:04:54.095+0000] {dagbag.py:545} INFO - Filling up the DagBag from /home/airflow/.local/lib/python3.12/site-packages/airflow/example_dags/example_time_delta_sensor_async.py
[2024-06-27T15:04:54.119+0000] {processor.py:840} INFO - DAG(s) 'example_time_delta_sensor_async' retrieved from /home/airflow/.local/lib/python3.12/site-packages/airflow/example_dags/example_time_delta_sensor_async.py
[2024-06-27T15:04:54.235+0000] {logging_mixin.py:188} INFO - [2024-06-27T15:04:54.234+0000] {dag.py:3096} INFO - Sync 1 DAGs
[2024-06-27T15:04:54.302+0000] {logging_mixin.py:188} INFO - [2024-06-27T15:04:54.301+0000] {dag.py:3954} INFO - Setting next_dagrun for example_time_delta_sensor_async to None, run_after=None
[2024-06-27T15:04:54.394+0000] {processor.py:183} INFO - Processing /home/airflow/.local/lib/python3.12/site-packages/airflow/example_dags/example_time_delta_sensor_async.py took 0.343 seconds
[2024-06-27T15:05:25.027+0000] {processor.py:161} INFO - Started process (PID=509) to work on /home/airflow/.local/lib/python3.12/site-packages/airflow/example_dags/example_time_delta_sensor_async.py
[2024-06-27T15:05:25.036+0000] {processor.py:830} INFO - Processing file /home/airflow/.local/lib/python3.12/site-packages/airflow/example_dags/example_time_delta_sensor_async.py for tasks to queue
[2024-06-27T15:05:25.055+0000] {logging_mixin.py:188} INFO - [2024-06-27T15:05:25.054+0000] {dagbag.py:545} INFO - Filling up the DagBag from /home/airflow/.local/lib/python3.12/site-packages/airflow/example_dags/example_time_delta_sensor_async.py
[2024-06-27T15:05:25.097+0000] {processor.py:840} INFO - DAG(s) 'example_time_delta_sensor_async' retrieved from /home/airflow/.local/lib/python3.12/site-packages/airflow/example_dags/example_time_delta_sensor_async.py
[2024-06-27T15:05:25.238+0000] {logging_mixin.py:188} INFO - [2024-06-27T15:05:25.237+0000] {dag.py:3096} INFO - Sync 1 DAGs
[2024-06-27T15:05:25.303+0000] {logging_mixin.py:188} INFO - [2024-06-27T15:05:25.302+0000] {dag.py:3954} INFO - Setting next_dagrun for example_time_delta_sensor_async to None, run_after=None
[2024-06-27T15:05:25.429+0000] {processor.py:183} INFO - Processing /home/airflow/.local/lib/python3.12/site-packages/airflow/example_dags/example_time_delta_sensor_async.py took 0.551 seconds
[2024-06-27T15:05:56.037+0000] {processor.py:161} INFO - Started process (PID=586) to work on /home/airflow/.local/lib/python3.12/site-packages/airflow/example_dags/example_time_delta_sensor_async.py
[2024-06-27T15:05:56.046+0000] {processor.py:830} INFO - Processing file /home/airflow/.local/lib/python3.12/site-packages/airflow/example_dags/example_time_delta_sensor_async.py for tasks to queue
[2024-06-27T15:05:56.055+0000] {logging_mixin.py:188} INFO - [2024-06-27T15:05:56.054+0000] {dagbag.py:545} INFO - Filling up the DagBag from /home/airflow/.local/lib/python3.12/site-packages/airflow/example_dags/example_time_delta_sensor_async.py
[2024-06-27T15:05:56.082+0000] {processor.py:840} INFO - DAG(s) 'example_time_delta_sensor_async' retrieved from /home/airflow/.local/lib/python3.12/site-packages/airflow/example_dags/example_time_delta_sensor_async.py
[2024-06-27T15:05:56.258+0000] {logging_mixin.py:188} INFO - [2024-06-27T15:05:56.257+0000] {dag.py:3096} INFO - Sync 1 DAGs
[2024-06-27T15:05:56.351+0000] {logging_mixin.py:188} INFO - [2024-06-27T15:05:56.351+0000] {dag.py:3954} INFO - Setting next_dagrun for example_time_delta_sensor_async to None, run_after=None
[2024-06-27T15:05:56.493+0000] {processor.py:183} INFO - Processing /home/airflow/.local/lib/python3.12/site-packages/airflow/example_dags/example_time_delta_sensor_async.py took 0.497 seconds
[2024-06-27T15:06:26.757+0000] {processor.py:161} INFO - Started process (PID=663) to work on /home/airflow/.local/lib/python3.12/site-packages/airflow/example_dags/example_time_delta_sensor_async.py
[2024-06-27T15:06:26.761+0000] {processor.py:830} INFO - Processing file /home/airflow/.local/lib/python3.12/site-packages/airflow/example_dags/example_time_delta_sensor_async.py for tasks to queue
[2024-06-27T15:06:26.770+0000] {logging_mixin.py:188} INFO - [2024-06-27T15:06:26.769+0000] {dagbag.py:545} INFO - Filling up the DagBag from /home/airflow/.local/lib/python3.12/site-packages/airflow/example_dags/example_time_delta_sensor_async.py
[2024-06-27T15:06:26.815+0000] {processor.py:840} INFO - DAG(s) 'example_time_delta_sensor_async' retrieved from /home/airflow/.local/lib/python3.12/site-packages/airflow/example_dags/example_time_delta_sensor_async.py
[2024-06-27T15:06:26.908+0000] {logging_mixin.py:188} INFO - [2024-06-27T15:06:26.907+0000] {dag.py:3096} INFO - Sync 1 DAGs
[2024-06-27T15:06:26.987+0000] {logging_mixin.py:188} INFO - [2024-06-27T15:06:26.986+0000] {dag.py:3954} INFO - Setting next_dagrun for example_time_delta_sensor_async to None, run_after=None
[2024-06-27T15:06:27.085+0000] {processor.py:183} INFO - Processing /home/airflow/.local/lib/python3.12/site-packages/airflow/example_dags/example_time_delta_sensor_async.py took 0.364 seconds
[2024-06-27T15:07:01.273+0000] {processor.py:161} INFO - Started process (PID=752) to work on /home/airflow/.local/lib/python3.12/site-packages/airflow/example_dags/example_time_delta_sensor_async.py
[2024-06-27T15:07:01.279+0000] {processor.py:830} INFO - Processing file /home/airflow/.local/lib/python3.12/site-packages/airflow/example_dags/example_time_delta_sensor_async.py for tasks to queue
[2024-06-27T15:07:01.296+0000] {logging_mixin.py:188} INFO - [2024-06-27T15:07:01.295+0000] {dagbag.py:545} INFO - Filling up the DagBag from /home/airflow/.local/lib/python3.12/site-packages/airflow/example_dags/example_time_delta_sensor_async.py
[2024-06-27T15:07:01.317+0000] {processor.py:840} INFO - DAG(s) 'example_time_delta_sensor_async' retrieved from /home/airflow/.local/lib/python3.12/site-packages/airflow/example_dags/example_time_delta_sensor_async.py
[2024-06-27T15:07:01.437+0000] {logging_mixin.py:188} INFO - [2024-06-27T15:07:01.436+0000] {dag.py:3096} INFO - Sync 1 DAGs
[2024-06-27T15:07:01.530+0000] {logging_mixin.py:188} INFO - [2024-06-27T15:07:01.529+0000] {dag.py:3954} INFO - Setting next_dagrun for example_time_delta_sensor_async to None, run_after=None
[2024-06-27T15:07:01.620+0000] {processor.py:183} INFO - Processing /home/airflow/.local/lib/python3.12/site-packages/airflow/example_dags/example_time_delta_sensor_async.py took 0.372 seconds
[2024-06-27T15:07:32.114+0000] {processor.py:161} INFO - Started process (PID=840) to work on /home/airflow/.local/lib/python3.12/site-packages/airflow/example_dags/example_time_delta_sensor_async.py
[2024-06-27T15:07:32.120+0000] {processor.py:830} INFO - Processing file /home/airflow/.local/lib/python3.12/site-packages/airflow/example_dags/example_time_delta_sensor_async.py for tasks to queue
[2024-06-27T15:07:32.145+0000] {logging_mixin.py:188} INFO - [2024-06-27T15:07:32.144+0000] {dagbag.py:545} INFO - Filling up the DagBag from /home/airflow/.local/lib/python3.12/site-packages/airflow/example_dags/example_time_delta_sensor_async.py
[2024-06-27T15:07:32.195+0000] {processor.py:840} INFO - DAG(s) 'example_time_delta_sensor_async' retrieved from /home/airflow/.local/lib/python3.12/site-packages/airflow/example_dags/example_time_delta_sensor_async.py
[2024-06-27T15:07:32.449+0000] {logging_mixin.py:188} INFO - [2024-06-27T15:07:32.443+0000] {dag.py:3096} INFO - Sync 1 DAGs
[2024-06-27T15:07:32.554+0000] {logging_mixin.py:188} INFO - [2024-06-27T15:07:32.553+0000] {dag.py:3954} INFO - Setting next_dagrun for example_time_delta_sensor_async to None, run_after=None
[2024-06-27T15:07:32.645+0000] {processor.py:183} INFO - Processing /home/airflow/.local/lib/python3.12/site-packages/airflow/example_dags/example_time_delta_sensor_async.py took 0.575 seconds
