[2024-06-27T14:36:27.879+0000] {processor.py:161} INFO - Started process (PID=40) to work on /home/airflow/.local/lib/python3.12/site-packages/airflow/example_dags/example_latest_only_with_trigger.py
[2024-06-27T14:36:27.885+0000] {processor.py:830} INFO - Processing file /home/airflow/.local/lib/python3.12/site-packages/airflow/example_dags/example_latest_only_with_trigger.py for tasks to queue
[2024-06-27T14:36:27.901+0000] {logging_mixin.py:188} INFO - [2024-06-27T14:36:27.899+0000] {dagbag.py:545} INFO - Filling up the DagBag from /home/airflow/.local/lib/python3.12/site-packages/airflow/example_dags/example_latest_only_with_trigger.py
[2024-06-27T14:36:27.952+0000] {processor.py:840} INFO - DAG(s) 'latest_only_with_trigger' retrieved from /home/airflow/.local/lib/python3.12/site-packages/airflow/example_dags/example_latest_only_with_trigger.py
[2024-06-27T14:36:28.958+0000] {logging_mixin.py:188} INFO - [2024-06-27T14:36:28.956+0000] {override.py:1829} INFO - Created Permission View: can edit on DAG:latest_only_with_trigger
[2024-06-27T14:36:29.027+0000] {logging_mixin.py:188} INFO - [2024-06-27T14:36:29.025+0000] {override.py:1829} INFO - Created Permission View: can delete on DAG:latest_only_with_trigger
[2024-06-27T14:36:29.070+0000] {logging_mixin.py:188} INFO - [2024-06-27T14:36:29.069+0000] {override.py:1829} INFO - Created Permission View: can read on DAG:latest_only_with_trigger
[2024-06-27T14:36:29.074+0000] {logging_mixin.py:188} INFO - [2024-06-27T14:36:29.072+0000] {dag.py:3096} INFO - Sync 1 DAGs
[2024-06-27T14:36:29.135+0000] {logging_mixin.py:188} INFO - [2024-06-27T14:36:29.134+0000] {dag.py:3118} INFO - Creating ORM DAG for latest_only_with_trigger
[2024-06-27T14:36:29.205+0000] {logging_mixin.py:188} INFO - [2024-06-27T14:36:29.204+0000] {dag.py:3954} INFO - Setting next_dagrun for latest_only_with_trigger to 2024-06-27 08:00:00+00:00, run_after=2024-06-27 12:00:00+00:00
[2024-06-27T14:36:29.373+0000] {processor.py:183} INFO - Processing /home/airflow/.local/lib/python3.12/site-packages/airflow/example_dags/example_latest_only_with_trigger.py took 1.519 seconds
[2024-06-27T14:36:59.502+0000] {processor.py:161} INFO - Started process (PID=98) to work on /home/airflow/.local/lib/python3.12/site-packages/airflow/example_dags/example_latest_only_with_trigger.py
[2024-06-27T14:36:59.504+0000] {processor.py:830} INFO - Processing file /home/airflow/.local/lib/python3.12/site-packages/airflow/example_dags/example_latest_only_with_trigger.py for tasks to queue
[2024-06-27T14:36:59.507+0000] {logging_mixin.py:188} INFO - [2024-06-27T14:36:59.506+0000] {dagbag.py:545} INFO - Filling up the DagBag from /home/airflow/.local/lib/python3.12/site-packages/airflow/example_dags/example_latest_only_with_trigger.py
[2024-06-27T14:36:59.515+0000] {processor.py:840} INFO - DAG(s) 'latest_only_with_trigger' retrieved from /home/airflow/.local/lib/python3.12/site-packages/airflow/example_dags/example_latest_only_with_trigger.py
[2024-06-27T14:36:59.548+0000] {logging_mixin.py:188} INFO - [2024-06-27T14:36:59.548+0000] {dag.py:3096} INFO - Sync 1 DAGs
[2024-06-27T14:36:59.577+0000] {logging_mixin.py:188} INFO - [2024-06-27T14:36:59.577+0000] {dag.py:3954} INFO - Setting next_dagrun for latest_only_with_trigger to 2024-06-27 08:00:00+00:00, run_after=2024-06-27 12:00:00+00:00
[2024-06-27T14:36:59.602+0000] {processor.py:183} INFO - Processing /home/airflow/.local/lib/python3.12/site-packages/airflow/example_dags/example_latest_only_with_trigger.py took 0.109 seconds
[2024-06-27T14:37:30.002+0000] {processor.py:161} INFO - Started process (PID=156) to work on /home/airflow/.local/lib/python3.12/site-packages/airflow/example_dags/example_latest_only_with_trigger.py
[2024-06-27T14:37:30.004+0000] {processor.py:830} INFO - Processing file /home/airflow/.local/lib/python3.12/site-packages/airflow/example_dags/example_latest_only_with_trigger.py for tasks to queue
[2024-06-27T14:37:30.007+0000] {logging_mixin.py:188} INFO - [2024-06-27T14:37:30.007+0000] {dagbag.py:545} INFO - Filling up the DagBag from /home/airflow/.local/lib/python3.12/site-packages/airflow/example_dags/example_latest_only_with_trigger.py
[2024-06-27T14:37:30.014+0000] {processor.py:840} INFO - DAG(s) 'latest_only_with_trigger' retrieved from /home/airflow/.local/lib/python3.12/site-packages/airflow/example_dags/example_latest_only_with_trigger.py
[2024-06-27T14:37:30.043+0000] {logging_mixin.py:188} INFO - [2024-06-27T14:37:30.042+0000] {dag.py:3096} INFO - Sync 1 DAGs
[2024-06-27T14:37:30.072+0000] {logging_mixin.py:188} INFO - [2024-06-27T14:37:30.072+0000] {dag.py:3954} INFO - Setting next_dagrun for latest_only_with_trigger to 2024-06-27 08:00:00+00:00, run_after=2024-06-27 12:00:00+00:00
[2024-06-27T14:37:30.103+0000] {processor.py:183} INFO - Processing /home/airflow/.local/lib/python3.12/site-packages/airflow/example_dags/example_latest_only_with_trigger.py took 0.110 seconds
[2024-06-27T14:38:00.231+0000] {processor.py:161} INFO - Started process (PID=215) to work on /home/airflow/.local/lib/python3.12/site-packages/airflow/example_dags/example_latest_only_with_trigger.py
[2024-06-27T14:38:00.233+0000] {processor.py:830} INFO - Processing file /home/airflow/.local/lib/python3.12/site-packages/airflow/example_dags/example_latest_only_with_trigger.py for tasks to queue
[2024-06-27T14:38:00.235+0000] {logging_mixin.py:188} INFO - [2024-06-27T14:38:00.235+0000] {dagbag.py:545} INFO - Filling up the DagBag from /home/airflow/.local/lib/python3.12/site-packages/airflow/example_dags/example_latest_only_with_trigger.py
[2024-06-27T14:38:00.242+0000] {processor.py:840} INFO - DAG(s) 'latest_only_with_trigger' retrieved from /home/airflow/.local/lib/python3.12/site-packages/airflow/example_dags/example_latest_only_with_trigger.py
[2024-06-27T14:38:00.273+0000] {logging_mixin.py:188} INFO - [2024-06-27T14:38:00.273+0000] {dag.py:3096} INFO - Sync 1 DAGs
[2024-06-27T14:38:00.299+0000] {logging_mixin.py:188} INFO - [2024-06-27T14:38:00.299+0000] {dag.py:3954} INFO - Setting next_dagrun for latest_only_with_trigger to 2024-06-27 08:00:00+00:00, run_after=2024-06-27 12:00:00+00:00
[2024-06-27T14:38:00.327+0000] {processor.py:183} INFO - Processing /home/airflow/.local/lib/python3.12/site-packages/airflow/example_dags/example_latest_only_with_trigger.py took 0.103 seconds
[2024-06-27T14:39:41.133+0000] {processor.py:161} INFO - Started process (PID=37) to work on /home/airflow/.local/lib/python3.12/site-packages/airflow/example_dags/example_latest_only_with_trigger.py
[2024-06-27T14:39:41.136+0000] {processor.py:830} INFO - Processing file /home/airflow/.local/lib/python3.12/site-packages/airflow/example_dags/example_latest_only_with_trigger.py for tasks to queue
[2024-06-27T14:39:41.140+0000] {logging_mixin.py:188} INFO - [2024-06-27T14:39:41.139+0000] {dagbag.py:545} INFO - Filling up the DagBag from /home/airflow/.local/lib/python3.12/site-packages/airflow/example_dags/example_latest_only_with_trigger.py
[2024-06-27T14:39:41.155+0000] {processor.py:840} INFO - DAG(s) 'latest_only_with_trigger' retrieved from /home/airflow/.local/lib/python3.12/site-packages/airflow/example_dags/example_latest_only_with_trigger.py
[2024-06-27T14:39:41.360+0000] {logging_mixin.py:188} INFO - [2024-06-27T14:39:41.360+0000] {dag.py:3096} INFO - Sync 1 DAGs
[2024-06-27T14:39:41.395+0000] {logging_mixin.py:188} INFO - [2024-06-27T14:39:41.395+0000] {dag.py:3954} INFO - Setting next_dagrun for latest_only_with_trigger to 2024-06-27 08:00:00+00:00, run_after=2024-06-27 12:00:00+00:00
[2024-06-27T14:39:41.428+0000] {processor.py:183} INFO - Processing /home/airflow/.local/lib/python3.12/site-packages/airflow/example_dags/example_latest_only_with_trigger.py took 0.303 seconds
[2024-06-27T14:40:11.936+0000] {processor.py:161} INFO - Started process (PID=96) to work on /home/airflow/.local/lib/python3.12/site-packages/airflow/example_dags/example_latest_only_with_trigger.py
[2024-06-27T14:40:11.937+0000] {processor.py:830} INFO - Processing file /home/airflow/.local/lib/python3.12/site-packages/airflow/example_dags/example_latest_only_with_trigger.py for tasks to queue
[2024-06-27T14:40:11.940+0000] {logging_mixin.py:188} INFO - [2024-06-27T14:40:11.940+0000] {dagbag.py:545} INFO - Filling up the DagBag from /home/airflow/.local/lib/python3.12/site-packages/airflow/example_dags/example_latest_only_with_trigger.py
[2024-06-27T14:40:11.949+0000] {processor.py:840} INFO - DAG(s) 'latest_only_with_trigger' retrieved from /home/airflow/.local/lib/python3.12/site-packages/airflow/example_dags/example_latest_only_with_trigger.py
[2024-06-27T14:40:11.979+0000] {logging_mixin.py:188} INFO - [2024-06-27T14:40:11.979+0000] {dag.py:3096} INFO - Sync 1 DAGs
[2024-06-27T14:40:12.009+0000] {logging_mixin.py:188} INFO - [2024-06-27T14:40:12.008+0000] {dag.py:3954} INFO - Setting next_dagrun for latest_only_with_trigger to 2024-06-27 08:00:00+00:00, run_after=2024-06-27 12:00:00+00:00
[2024-06-27T14:40:12.038+0000] {processor.py:183} INFO - Processing /home/airflow/.local/lib/python3.12/site-packages/airflow/example_dags/example_latest_only_with_trigger.py took 0.109 seconds
[2024-06-27T14:40:42.247+0000] {processor.py:161} INFO - Started process (PID=155) to work on /home/airflow/.local/lib/python3.12/site-packages/airflow/example_dags/example_latest_only_with_trigger.py
[2024-06-27T14:40:42.248+0000] {processor.py:830} INFO - Processing file /home/airflow/.local/lib/python3.12/site-packages/airflow/example_dags/example_latest_only_with_trigger.py for tasks to queue
[2024-06-27T14:40:42.251+0000] {logging_mixin.py:188} INFO - [2024-06-27T14:40:42.251+0000] {dagbag.py:545} INFO - Filling up the DagBag from /home/airflow/.local/lib/python3.12/site-packages/airflow/example_dags/example_latest_only_with_trigger.py
[2024-06-27T14:40:42.258+0000] {processor.py:840} INFO - DAG(s) 'latest_only_with_trigger' retrieved from /home/airflow/.local/lib/python3.12/site-packages/airflow/example_dags/example_latest_only_with_trigger.py
[2024-06-27T14:40:42.286+0000] {logging_mixin.py:188} INFO - [2024-06-27T14:40:42.286+0000] {dag.py:3096} INFO - Sync 1 DAGs
[2024-06-27T14:40:42.318+0000] {logging_mixin.py:188} INFO - [2024-06-27T14:40:42.317+0000] {dag.py:3954} INFO - Setting next_dagrun for latest_only_with_trigger to 2024-06-27 08:00:00+00:00, run_after=2024-06-27 12:00:00+00:00
[2024-06-27T14:40:42.345+0000] {processor.py:183} INFO - Processing /home/airflow/.local/lib/python3.12/site-packages/airflow/example_dags/example_latest_only_with_trigger.py took 0.106 seconds
[2024-06-27T14:41:12.656+0000] {processor.py:161} INFO - Started process (PID=214) to work on /home/airflow/.local/lib/python3.12/site-packages/airflow/example_dags/example_latest_only_with_trigger.py
[2024-06-27T14:41:12.659+0000] {processor.py:830} INFO - Processing file /home/airflow/.local/lib/python3.12/site-packages/airflow/example_dags/example_latest_only_with_trigger.py for tasks to queue
[2024-06-27T14:41:12.663+0000] {logging_mixin.py:188} INFO - [2024-06-27T14:41:12.662+0000] {dagbag.py:545} INFO - Filling up the DagBag from /home/airflow/.local/lib/python3.12/site-packages/airflow/example_dags/example_latest_only_with_trigger.py
[2024-06-27T14:41:12.673+0000] {processor.py:840} INFO - DAG(s) 'latest_only_with_trigger' retrieved from /home/airflow/.local/lib/python3.12/site-packages/airflow/example_dags/example_latest_only_with_trigger.py
[2024-06-27T14:41:12.706+0000] {logging_mixin.py:188} INFO - [2024-06-27T14:41:12.706+0000] {dag.py:3096} INFO - Sync 1 DAGs
[2024-06-27T14:41:12.736+0000] {logging_mixin.py:188} INFO - [2024-06-27T14:41:12.735+0000] {dag.py:3954} INFO - Setting next_dagrun for latest_only_with_trigger to 2024-06-27 08:00:00+00:00, run_after=2024-06-27 12:00:00+00:00
[2024-06-27T14:41:12.765+0000] {processor.py:183} INFO - Processing /home/airflow/.local/lib/python3.12/site-packages/airflow/example_dags/example_latest_only_with_trigger.py took 0.121 seconds
[2024-06-27T14:41:42.820+0000] {processor.py:161} INFO - Started process (PID=273) to work on /home/airflow/.local/lib/python3.12/site-packages/airflow/example_dags/example_latest_only_with_trigger.py
[2024-06-27T14:41:42.821+0000] {processor.py:830} INFO - Processing file /home/airflow/.local/lib/python3.12/site-packages/airflow/example_dags/example_latest_only_with_trigger.py for tasks to queue
[2024-06-27T14:41:42.825+0000] {logging_mixin.py:188} INFO - [2024-06-27T14:41:42.824+0000] {dagbag.py:545} INFO - Filling up the DagBag from /home/airflow/.local/lib/python3.12/site-packages/airflow/example_dags/example_latest_only_with_trigger.py
[2024-06-27T14:41:42.832+0000] {processor.py:840} INFO - DAG(s) 'latest_only_with_trigger' retrieved from /home/airflow/.local/lib/python3.12/site-packages/airflow/example_dags/example_latest_only_with_trigger.py
[2024-06-27T14:41:42.861+0000] {logging_mixin.py:188} INFO - [2024-06-27T14:41:42.861+0000] {dag.py:3096} INFO - Sync 1 DAGs
[2024-06-27T14:41:42.890+0000] {logging_mixin.py:188} INFO - [2024-06-27T14:41:42.890+0000] {dag.py:3954} INFO - Setting next_dagrun for latest_only_with_trigger to 2024-06-27 08:00:00+00:00, run_after=2024-06-27 12:00:00+00:00
[2024-06-27T14:41:42.923+0000] {processor.py:183} INFO - Processing /home/airflow/.local/lib/python3.12/site-packages/airflow/example_dags/example_latest_only_with_trigger.py took 0.110 seconds
[2024-06-27T14:42:13.297+0000] {processor.py:161} INFO - Started process (PID=332) to work on /home/airflow/.local/lib/python3.12/site-packages/airflow/example_dags/example_latest_only_with_trigger.py
[2024-06-27T14:42:13.299+0000] {processor.py:830} INFO - Processing file /home/airflow/.local/lib/python3.12/site-packages/airflow/example_dags/example_latest_only_with_trigger.py for tasks to queue
[2024-06-27T14:42:13.301+0000] {logging_mixin.py:188} INFO - [2024-06-27T14:42:13.301+0000] {dagbag.py:545} INFO - Filling up the DagBag from /home/airflow/.local/lib/python3.12/site-packages/airflow/example_dags/example_latest_only_with_trigger.py
[2024-06-27T14:42:13.309+0000] {processor.py:840} INFO - DAG(s) 'latest_only_with_trigger' retrieved from /home/airflow/.local/lib/python3.12/site-packages/airflow/example_dags/example_latest_only_with_trigger.py
[2024-06-27T14:42:13.335+0000] {logging_mixin.py:188} INFO - [2024-06-27T14:42:13.335+0000] {dag.py:3096} INFO - Sync 1 DAGs
[2024-06-27T14:42:13.365+0000] {logging_mixin.py:188} INFO - [2024-06-27T14:42:13.364+0000] {dag.py:3954} INFO - Setting next_dagrun for latest_only_with_trigger to 2024-06-27 08:00:00+00:00, run_after=2024-06-27 12:00:00+00:00
[2024-06-27T14:42:13.393+0000] {processor.py:183} INFO - Processing /home/airflow/.local/lib/python3.12/site-packages/airflow/example_dags/example_latest_only_with_trigger.py took 0.104 seconds
[2024-06-27T14:43:56.118+0000] {processor.py:161} INFO - Started process (PID=37) to work on /home/airflow/.local/lib/python3.12/site-packages/airflow/example_dags/example_latest_only_with_trigger.py
[2024-06-27T14:43:56.120+0000] {processor.py:830} INFO - Processing file /home/airflow/.local/lib/python3.12/site-packages/airflow/example_dags/example_latest_only_with_trigger.py for tasks to queue
[2024-06-27T14:43:56.124+0000] {logging_mixin.py:188} INFO - [2024-06-27T14:43:56.124+0000] {dagbag.py:545} INFO - Filling up the DagBag from /home/airflow/.local/lib/python3.12/site-packages/airflow/example_dags/example_latest_only_with_trigger.py
[2024-06-27T14:43:56.142+0000] {processor.py:840} INFO - DAG(s) 'latest_only_with_trigger' retrieved from /home/airflow/.local/lib/python3.12/site-packages/airflow/example_dags/example_latest_only_with_trigger.py
[2024-06-27T14:43:56.440+0000] {logging_mixin.py:188} INFO - [2024-06-27T14:43:56.439+0000] {dag.py:3096} INFO - Sync 1 DAGs
[2024-06-27T14:43:56.478+0000] {logging_mixin.py:188} INFO - [2024-06-27T14:43:56.478+0000] {dag.py:3954} INFO - Setting next_dagrun for latest_only_with_trigger to 2024-06-27 08:00:00+00:00, run_after=2024-06-27 12:00:00+00:00
[2024-06-27T14:43:56.516+0000] {processor.py:183} INFO - Processing /home/airflow/.local/lib/python3.12/site-packages/airflow/example_dags/example_latest_only_with_trigger.py took 0.408 seconds
[2024-06-27T14:44:22.550+0000] {processor.py:161} INFO - Started process (PID=37) to work on /home/airflow/.local/lib/python3.12/site-packages/airflow/example_dags/example_latest_only_with_trigger.py
[2024-06-27T14:44:22.553+0000] {processor.py:830} INFO - Processing file /home/airflow/.local/lib/python3.12/site-packages/airflow/example_dags/example_latest_only_with_trigger.py for tasks to queue
[2024-06-27T14:44:22.557+0000] {logging_mixin.py:188} INFO - [2024-06-27T14:44:22.556+0000] {dagbag.py:545} INFO - Filling up the DagBag from /home/airflow/.local/lib/python3.12/site-packages/airflow/example_dags/example_latest_only_with_trigger.py
[2024-06-27T14:44:22.573+0000] {processor.py:840} INFO - DAG(s) 'latest_only_with_trigger' retrieved from /home/airflow/.local/lib/python3.12/site-packages/airflow/example_dags/example_latest_only_with_trigger.py
[2024-06-27T14:44:22.597+0000] {logging_mixin.py:188} INFO - [2024-06-27T14:44:22.597+0000] {dag.py:3096} INFO - Sync 1 DAGs
[2024-06-27T14:44:22.651+0000] {logging_mixin.py:188} INFO - [2024-06-27T14:44:22.650+0000] {dag.py:3954} INFO - Setting next_dagrun for latest_only_with_trigger to 2024-06-27 08:00:00+00:00, run_after=2024-06-27 12:00:00+00:00
[2024-06-27T14:44:22.693+0000] {processor.py:183} INFO - Processing /home/airflow/.local/lib/python3.12/site-packages/airflow/example_dags/example_latest_only_with_trigger.py took 0.152 seconds
[2024-06-27T14:44:53.144+0000] {processor.py:161} INFO - Started process (PID=96) to work on /home/airflow/.local/lib/python3.12/site-packages/airflow/example_dags/example_latest_only_with_trigger.py
[2024-06-27T14:44:53.145+0000] {processor.py:830} INFO - Processing file /home/airflow/.local/lib/python3.12/site-packages/airflow/example_dags/example_latest_only_with_trigger.py for tasks to queue
[2024-06-27T14:44:53.148+0000] {logging_mixin.py:188} INFO - [2024-06-27T14:44:53.148+0000] {dagbag.py:545} INFO - Filling up the DagBag from /home/airflow/.local/lib/python3.12/site-packages/airflow/example_dags/example_latest_only_with_trigger.py
[2024-06-27T14:44:53.156+0000] {processor.py:840} INFO - DAG(s) 'latest_only_with_trigger' retrieved from /home/airflow/.local/lib/python3.12/site-packages/airflow/example_dags/example_latest_only_with_trigger.py
[2024-06-27T14:44:53.190+0000] {logging_mixin.py:188} INFO - [2024-06-27T14:44:53.189+0000] {dag.py:3096} INFO - Sync 1 DAGs
[2024-06-27T14:44:53.222+0000] {logging_mixin.py:188} INFO - [2024-06-27T14:44:53.222+0000] {dag.py:3954} INFO - Setting next_dagrun for latest_only_with_trigger to 2024-06-27 08:00:00+00:00, run_after=2024-06-27 12:00:00+00:00
[2024-06-27T14:44:53.252+0000] {processor.py:183} INFO - Processing /home/airflow/.local/lib/python3.12/site-packages/airflow/example_dags/example_latest_only_with_trigger.py took 0.114 seconds
[2024-06-27T14:45:23.376+0000] {processor.py:161} INFO - Started process (PID=155) to work on /home/airflow/.local/lib/python3.12/site-packages/airflow/example_dags/example_latest_only_with_trigger.py
[2024-06-27T14:45:23.378+0000] {processor.py:830} INFO - Processing file /home/airflow/.local/lib/python3.12/site-packages/airflow/example_dags/example_latest_only_with_trigger.py for tasks to queue
[2024-06-27T14:45:23.381+0000] {logging_mixin.py:188} INFO - [2024-06-27T14:45:23.381+0000] {dagbag.py:545} INFO - Filling up the DagBag from /home/airflow/.local/lib/python3.12/site-packages/airflow/example_dags/example_latest_only_with_trigger.py
[2024-06-27T14:45:23.388+0000] {processor.py:840} INFO - DAG(s) 'latest_only_with_trigger' retrieved from /home/airflow/.local/lib/python3.12/site-packages/airflow/example_dags/example_latest_only_with_trigger.py
[2024-06-27T14:45:23.418+0000] {logging_mixin.py:188} INFO - [2024-06-27T14:45:23.418+0000] {dag.py:3096} INFO - Sync 1 DAGs
[2024-06-27T14:45:23.450+0000] {logging_mixin.py:188} INFO - [2024-06-27T14:45:23.450+0000] {dag.py:3954} INFO - Setting next_dagrun for latest_only_with_trigger to 2024-06-27 08:00:00+00:00, run_after=2024-06-27 12:00:00+00:00
[2024-06-27T14:45:23.480+0000] {processor.py:183} INFO - Processing /home/airflow/.local/lib/python3.12/site-packages/airflow/example_dags/example_latest_only_with_trigger.py took 0.112 seconds
[2024-06-27T14:45:54.036+0000] {processor.py:161} INFO - Started process (PID=214) to work on /home/airflow/.local/lib/python3.12/site-packages/airflow/example_dags/example_latest_only_with_trigger.py
[2024-06-27T14:45:54.038+0000] {processor.py:830} INFO - Processing file /home/airflow/.local/lib/python3.12/site-packages/airflow/example_dags/example_latest_only_with_trigger.py for tasks to queue
[2024-06-27T14:45:54.043+0000] {logging_mixin.py:188} INFO - [2024-06-27T14:45:54.042+0000] {dagbag.py:545} INFO - Filling up the DagBag from /home/airflow/.local/lib/python3.12/site-packages/airflow/example_dags/example_latest_only_with_trigger.py
[2024-06-27T14:45:54.051+0000] {processor.py:840} INFO - DAG(s) 'latest_only_with_trigger' retrieved from /home/airflow/.local/lib/python3.12/site-packages/airflow/example_dags/example_latest_only_with_trigger.py
[2024-06-27T14:45:54.081+0000] {logging_mixin.py:188} INFO - [2024-06-27T14:45:54.080+0000] {dag.py:3096} INFO - Sync 1 DAGs
[2024-06-27T14:45:54.113+0000] {logging_mixin.py:188} INFO - [2024-06-27T14:45:54.112+0000] {dag.py:3954} INFO - Setting next_dagrun for latest_only_with_trigger to 2024-06-27 08:00:00+00:00, run_after=2024-06-27 12:00:00+00:00
[2024-06-27T14:45:54.140+0000] {processor.py:183} INFO - Processing /home/airflow/.local/lib/python3.12/site-packages/airflow/example_dags/example_latest_only_with_trigger.py took 0.110 seconds
[2024-06-27T14:46:24.302+0000] {processor.py:161} INFO - Started process (PID=273) to work on /home/airflow/.local/lib/python3.12/site-packages/airflow/example_dags/example_latest_only_with_trigger.py
[2024-06-27T14:46:24.304+0000] {processor.py:830} INFO - Processing file /home/airflow/.local/lib/python3.12/site-packages/airflow/example_dags/example_latest_only_with_trigger.py for tasks to queue
[2024-06-27T14:46:24.307+0000] {logging_mixin.py:188} INFO - [2024-06-27T14:46:24.306+0000] {dagbag.py:545} INFO - Filling up the DagBag from /home/airflow/.local/lib/python3.12/site-packages/airflow/example_dags/example_latest_only_with_trigger.py
[2024-06-27T14:46:24.314+0000] {processor.py:840} INFO - DAG(s) 'latest_only_with_trigger' retrieved from /home/airflow/.local/lib/python3.12/site-packages/airflow/example_dags/example_latest_only_with_trigger.py
[2024-06-27T14:46:24.344+0000] {logging_mixin.py:188} INFO - [2024-06-27T14:46:24.343+0000] {dag.py:3096} INFO - Sync 1 DAGs
[2024-06-27T14:46:24.373+0000] {logging_mixin.py:188} INFO - [2024-06-27T14:46:24.373+0000] {dag.py:3954} INFO - Setting next_dagrun for latest_only_with_trigger to 2024-06-27 08:00:00+00:00, run_after=2024-06-27 12:00:00+00:00
[2024-06-27T14:46:24.404+0000] {processor.py:183} INFO - Processing /home/airflow/.local/lib/python3.12/site-packages/airflow/example_dags/example_latest_only_with_trigger.py took 0.109 seconds
[2024-06-27T14:58:55.877+0000] {processor.py:161} INFO - Started process (PID=42) to work on /home/airflow/.local/lib/python3.12/site-packages/airflow/example_dags/example_latest_only_with_trigger.py
[2024-06-27T14:58:55.881+0000] {processor.py:830} INFO - Processing file /home/airflow/.local/lib/python3.12/site-packages/airflow/example_dags/example_latest_only_with_trigger.py for tasks to queue
[2024-06-27T14:58:55.884+0000] {logging_mixin.py:188} INFO - [2024-06-27T14:58:55.884+0000] {dagbag.py:545} INFO - Filling up the DagBag from /home/airflow/.local/lib/python3.12/site-packages/airflow/example_dags/example_latest_only_with_trigger.py
[2024-06-27T14:58:55.902+0000] {processor.py:840} INFO - DAG(s) 'latest_only_with_trigger' retrieved from /home/airflow/.local/lib/python3.12/site-packages/airflow/example_dags/example_latest_only_with_trigger.py
[2024-06-27T14:58:55.933+0000] {logging_mixin.py:188} INFO - [2024-06-27T14:58:55.933+0000] {dag.py:3096} INFO - Sync 1 DAGs
[2024-06-27T14:58:55.999+0000] {logging_mixin.py:188} INFO - [2024-06-27T14:58:55.998+0000] {dag.py:3954} INFO - Setting next_dagrun for latest_only_with_trigger to 2024-06-27 08:00:00+00:00, run_after=2024-06-27 12:00:00+00:00
[2024-06-27T14:58:56.048+0000] {processor.py:183} INFO - Processing /home/airflow/.local/lib/python3.12/site-packages/airflow/example_dags/example_latest_only_with_trigger.py took 0.185 seconds
[2024-06-27T14:59:27.587+0000] {processor.py:161} INFO - Started process (PID=101) to work on /home/airflow/.local/lib/python3.12/site-packages/airflow/example_dags/example_latest_only_with_trigger.py
[2024-06-27T14:59:27.589+0000] {processor.py:830} INFO - Processing file /home/airflow/.local/lib/python3.12/site-packages/airflow/example_dags/example_latest_only_with_trigger.py for tasks to queue
[2024-06-27T14:59:27.591+0000] {logging_mixin.py:188} INFO - [2024-06-27T14:59:27.591+0000] {dagbag.py:545} INFO - Filling up the DagBag from /home/airflow/.local/lib/python3.12/site-packages/airflow/example_dags/example_latest_only_with_trigger.py
[2024-06-27T14:59:27.600+0000] {processor.py:840} INFO - DAG(s) 'latest_only_with_trigger' retrieved from /home/airflow/.local/lib/python3.12/site-packages/airflow/example_dags/example_latest_only_with_trigger.py
[2024-06-27T14:59:27.773+0000] {logging_mixin.py:188} INFO - [2024-06-27T14:59:27.772+0000] {dag.py:3096} INFO - Sync 1 DAGs
[2024-06-27T14:59:27.798+0000] {logging_mixin.py:188} INFO - [2024-06-27T14:59:27.798+0000] {dag.py:3954} INFO - Setting next_dagrun for latest_only_with_trigger to 2024-06-27 08:00:00+00:00, run_after=2024-06-27 12:00:00+00:00
[2024-06-27T14:59:27.825+0000] {processor.py:183} INFO - Processing /home/airflow/.local/lib/python3.12/site-packages/airflow/example_dags/example_latest_only_with_trigger.py took 0.246 seconds
[2024-06-27T14:59:58.779+0000] {processor.py:161} INFO - Started process (PID=160) to work on /home/airflow/.local/lib/python3.12/site-packages/airflow/example_dags/example_latest_only_with_trigger.py
[2024-06-27T14:59:58.780+0000] {processor.py:830} INFO - Processing file /home/airflow/.local/lib/python3.12/site-packages/airflow/example_dags/example_latest_only_with_trigger.py for tasks to queue
[2024-06-27T14:59:58.784+0000] {logging_mixin.py:188} INFO - [2024-06-27T14:59:58.783+0000] {dagbag.py:545} INFO - Filling up the DagBag from /home/airflow/.local/lib/python3.12/site-packages/airflow/example_dags/example_latest_only_with_trigger.py
[2024-06-27T14:59:58.791+0000] {processor.py:840} INFO - DAG(s) 'latest_only_with_trigger' retrieved from /home/airflow/.local/lib/python3.12/site-packages/airflow/example_dags/example_latest_only_with_trigger.py
[2024-06-27T14:59:58.823+0000] {logging_mixin.py:188} INFO - [2024-06-27T14:59:58.822+0000] {dag.py:3096} INFO - Sync 1 DAGs
[2024-06-27T14:59:58.856+0000] {logging_mixin.py:188} INFO - [2024-06-27T14:59:58.856+0000] {dag.py:3954} INFO - Setting next_dagrun for latest_only_with_trigger to 2024-06-27 08:00:00+00:00, run_after=2024-06-27 12:00:00+00:00
[2024-06-27T14:59:58.888+0000] {processor.py:183} INFO - Processing /home/airflow/.local/lib/python3.12/site-packages/airflow/example_dags/example_latest_only_with_trigger.py took 0.117 seconds
[2024-06-27T15:00:29.569+0000] {processor.py:161} INFO - Started process (PID=219) to work on /home/airflow/.local/lib/python3.12/site-packages/airflow/example_dags/example_latest_only_with_trigger.py
[2024-06-27T15:00:29.571+0000] {processor.py:830} INFO - Processing file /home/airflow/.local/lib/python3.12/site-packages/airflow/example_dags/example_latest_only_with_trigger.py for tasks to queue
[2024-06-27T15:00:29.575+0000] {logging_mixin.py:188} INFO - [2024-06-27T15:00:29.574+0000] {dagbag.py:545} INFO - Filling up the DagBag from /home/airflow/.local/lib/python3.12/site-packages/airflow/example_dags/example_latest_only_with_trigger.py
[2024-06-27T15:00:29.584+0000] {processor.py:840} INFO - DAG(s) 'latest_only_with_trigger' retrieved from /home/airflow/.local/lib/python3.12/site-packages/airflow/example_dags/example_latest_only_with_trigger.py
[2024-06-27T15:00:29.616+0000] {logging_mixin.py:188} INFO - [2024-06-27T15:00:29.615+0000] {dag.py:3096} INFO - Sync 1 DAGs
[2024-06-27T15:00:29.649+0000] {logging_mixin.py:188} INFO - [2024-06-27T15:00:29.648+0000] {dag.py:3954} INFO - Setting next_dagrun for latest_only_with_trigger to 2024-06-27 08:00:00+00:00, run_after=2024-06-27 12:00:00+00:00
[2024-06-27T15:00:29.681+0000] {processor.py:183} INFO - Processing /home/airflow/.local/lib/python3.12/site-packages/airflow/example_dags/example_latest_only_with_trigger.py took 0.120 seconds
[2024-06-27T15:02:11.227+0000] {processor.py:161} INFO - Started process (PID=46) to work on /home/airflow/.local/lib/python3.12/site-packages/airflow/example_dags/example_latest_only_with_trigger.py
[2024-06-27T15:02:11.230+0000] {processor.py:830} INFO - Processing file /home/airflow/.local/lib/python3.12/site-packages/airflow/example_dags/example_latest_only_with_trigger.py for tasks to queue
[2024-06-27T15:02:11.233+0000] {logging_mixin.py:188} INFO - [2024-06-27T15:02:11.233+0000] {dagbag.py:545} INFO - Filling up the DagBag from /home/airflow/.local/lib/python3.12/site-packages/airflow/example_dags/example_latest_only_with_trigger.py
[2024-06-27T15:02:11.255+0000] {processor.py:840} INFO - DAG(s) 'latest_only_with_trigger' retrieved from /home/airflow/.local/lib/python3.12/site-packages/airflow/example_dags/example_latest_only_with_trigger.py
[2024-06-27T15:02:11.668+0000] {logging_mixin.py:188} INFO - [2024-06-27T15:02:11.667+0000] {dag.py:3096} INFO - Sync 1 DAGs
[2024-06-27T15:02:11.879+0000] {logging_mixin.py:188} INFO - [2024-06-27T15:02:11.878+0000] {dag.py:3954} INFO - Setting next_dagrun for latest_only_with_trigger to 2024-06-27 08:00:00+00:00, run_after=2024-06-27 12:00:00+00:00
[2024-06-27T15:02:11.954+0000] {processor.py:183} INFO - Processing /home/airflow/.local/lib/python3.12/site-packages/airflow/example_dags/example_latest_only_with_trigger.py took 0.740 seconds
[2024-06-27T15:02:42.027+0000] {processor.py:161} INFO - Started process (PID=111) to work on /home/airflow/.local/lib/python3.12/site-packages/airflow/example_dags/example_latest_only_with_trigger.py
[2024-06-27T15:02:42.029+0000] {processor.py:830} INFO - Processing file /home/airflow/.local/lib/python3.12/site-packages/airflow/example_dags/example_latest_only_with_trigger.py for tasks to queue
[2024-06-27T15:02:42.032+0000] {logging_mixin.py:188} INFO - [2024-06-27T15:02:42.031+0000] {dagbag.py:545} INFO - Filling up the DagBag from /home/airflow/.local/lib/python3.12/site-packages/airflow/example_dags/example_latest_only_with_trigger.py
[2024-06-27T15:02:42.043+0000] {processor.py:840} INFO - DAG(s) 'latest_only_with_trigger' retrieved from /home/airflow/.local/lib/python3.12/site-packages/airflow/example_dags/example_latest_only_with_trigger.py
[2024-06-27T15:02:42.088+0000] {logging_mixin.py:188} INFO - [2024-06-27T15:02:42.087+0000] {dag.py:3096} INFO - Sync 1 DAGs
[2024-06-27T15:02:42.130+0000] {logging_mixin.py:188} INFO - [2024-06-27T15:02:42.130+0000] {dag.py:3954} INFO - Setting next_dagrun for latest_only_with_trigger to 2024-06-27 08:00:00+00:00, run_after=2024-06-27 12:00:00+00:00
[2024-06-27T15:02:42.174+0000] {processor.py:183} INFO - Processing /home/airflow/.local/lib/python3.12/site-packages/airflow/example_dags/example_latest_only_with_trigger.py took 0.157 seconds
[2024-06-27T15:03:12.285+0000] {processor.py:161} INFO - Started process (PID=179) to work on /home/airflow/.local/lib/python3.12/site-packages/airflow/example_dags/example_latest_only_with_trigger.py
[2024-06-27T15:03:12.287+0000] {processor.py:830} INFO - Processing file /home/airflow/.local/lib/python3.12/site-packages/airflow/example_dags/example_latest_only_with_trigger.py for tasks to queue
[2024-06-27T15:03:12.290+0000] {logging_mixin.py:188} INFO - [2024-06-27T15:03:12.289+0000] {dagbag.py:545} INFO - Filling up the DagBag from /home/airflow/.local/lib/python3.12/site-packages/airflow/example_dags/example_latest_only_with_trigger.py
[2024-06-27T15:03:12.297+0000] {processor.py:840} INFO - DAG(s) 'latest_only_with_trigger' retrieved from /home/airflow/.local/lib/python3.12/site-packages/airflow/example_dags/example_latest_only_with_trigger.py
[2024-06-27T15:03:12.326+0000] {logging_mixin.py:188} INFO - [2024-06-27T15:03:12.325+0000] {dag.py:3096} INFO - Sync 1 DAGs
[2024-06-27T15:03:12.354+0000] {logging_mixin.py:188} INFO - [2024-06-27T15:03:12.354+0000] {dag.py:3954} INFO - Setting next_dagrun for latest_only_with_trigger to 2024-06-27 08:00:00+00:00, run_after=2024-06-27 12:00:00+00:00
[2024-06-27T15:03:12.384+0000] {processor.py:183} INFO - Processing /home/airflow/.local/lib/python3.12/site-packages/airflow/example_dags/example_latest_only_with_trigger.py took 0.107 seconds
[2024-06-27T15:03:42.463+0000] {processor.py:161} INFO - Started process (PID=247) to work on /home/airflow/.local/lib/python3.12/site-packages/airflow/example_dags/example_latest_only_with_trigger.py
[2024-06-27T15:03:42.465+0000] {processor.py:830} INFO - Processing file /home/airflow/.local/lib/python3.12/site-packages/airflow/example_dags/example_latest_only_with_trigger.py for tasks to queue
[2024-06-27T15:03:42.468+0000] {logging_mixin.py:188} INFO - [2024-06-27T15:03:42.468+0000] {dagbag.py:545} INFO - Filling up the DagBag from /home/airflow/.local/lib/python3.12/site-packages/airflow/example_dags/example_latest_only_with_trigger.py
[2024-06-27T15:03:42.476+0000] {processor.py:840} INFO - DAG(s) 'latest_only_with_trigger' retrieved from /home/airflow/.local/lib/python3.12/site-packages/airflow/example_dags/example_latest_only_with_trigger.py
[2024-06-27T15:03:42.506+0000] {logging_mixin.py:188} INFO - [2024-06-27T15:03:42.506+0000] {dag.py:3096} INFO - Sync 1 DAGs
[2024-06-27T15:03:42.538+0000] {logging_mixin.py:188} INFO - [2024-06-27T15:03:42.537+0000] {dag.py:3954} INFO - Setting next_dagrun for latest_only_with_trigger to 2024-06-27 08:00:00+00:00, run_after=2024-06-27 12:00:00+00:00
[2024-06-27T15:03:42.569+0000] {processor.py:183} INFO - Processing /home/airflow/.local/lib/python3.12/site-packages/airflow/example_dags/example_latest_only_with_trigger.py took 0.115 seconds
[2024-06-27T15:04:13.758+0000] {processor.py:161} INFO - Started process (PID=316) to work on /home/airflow/.local/lib/python3.12/site-packages/airflow/example_dags/example_latest_only_with_trigger.py
[2024-06-27T15:04:13.765+0000] {processor.py:830} INFO - Processing file /home/airflow/.local/lib/python3.12/site-packages/airflow/example_dags/example_latest_only_with_trigger.py for tasks to queue
[2024-06-27T15:04:13.770+0000] {logging_mixin.py:188} INFO - [2024-06-27T15:04:13.769+0000] {dagbag.py:545} INFO - Filling up the DagBag from /home/airflow/.local/lib/python3.12/site-packages/airflow/example_dags/example_latest_only_with_trigger.py
[2024-06-27T15:04:13.826+0000] {processor.py:840} INFO - DAG(s) 'latest_only_with_trigger' retrieved from /home/airflow/.local/lib/python3.12/site-packages/airflow/example_dags/example_latest_only_with_trigger.py
[2024-06-27T15:04:13.950+0000] {logging_mixin.py:188} INFO - [2024-06-27T15:04:13.949+0000] {dag.py:3096} INFO - Sync 1 DAGs
[2024-06-27T15:04:14.120+0000] {logging_mixin.py:188} INFO - [2024-06-27T15:04:14.115+0000] {dag.py:3954} INFO - Setting next_dagrun for latest_only_with_trigger to 2024-06-27 08:00:00+00:00, run_after=2024-06-27 12:00:00+00:00
[2024-06-27T15:04:14.185+0000] {processor.py:183} INFO - Processing /home/airflow/.local/lib/python3.12/site-packages/airflow/example_dags/example_latest_only_with_trigger.py took 0.454 seconds
[2024-06-27T15:04:45.227+0000] {processor.py:161} INFO - Started process (PID=400) to work on /home/airflow/.local/lib/python3.12/site-packages/airflow/example_dags/example_latest_only_with_trigger.py
[2024-06-27T15:04:45.231+0000] {processor.py:830} INFO - Processing file /home/airflow/.local/lib/python3.12/site-packages/airflow/example_dags/example_latest_only_with_trigger.py for tasks to queue
[2024-06-27T15:04:45.241+0000] {logging_mixin.py:188} INFO - [2024-06-27T15:04:45.238+0000] {dagbag.py:545} INFO - Filling up the DagBag from /home/airflow/.local/lib/python3.12/site-packages/airflow/example_dags/example_latest_only_with_trigger.py
[2024-06-27T15:04:45.270+0000] {processor.py:840} INFO - DAG(s) 'latest_only_with_trigger' retrieved from /home/airflow/.local/lib/python3.12/site-packages/airflow/example_dags/example_latest_only_with_trigger.py
[2024-06-27T15:04:45.407+0000] {logging_mixin.py:188} INFO - [2024-06-27T15:04:45.406+0000] {dag.py:3096} INFO - Sync 1 DAGs
[2024-06-27T15:04:45.561+0000] {logging_mixin.py:188} INFO - [2024-06-27T15:04:45.560+0000] {dag.py:3954} INFO - Setting next_dagrun for latest_only_with_trigger to 2024-06-27 08:00:00+00:00, run_after=2024-06-27 12:00:00+00:00
[2024-06-27T15:04:45.696+0000] {processor.py:183} INFO - Processing /home/airflow/.local/lib/python3.12/site-packages/airflow/example_dags/example_latest_only_with_trigger.py took 0.500 seconds
[2024-06-27T15:05:16.101+0000] {processor.py:161} INFO - Started process (PID=490) to work on /home/airflow/.local/lib/python3.12/site-packages/airflow/example_dags/example_latest_only_with_trigger.py
[2024-06-27T15:05:16.103+0000] {processor.py:830} INFO - Processing file /home/airflow/.local/lib/python3.12/site-packages/airflow/example_dags/example_latest_only_with_trigger.py for tasks to queue
[2024-06-27T15:05:16.109+0000] {logging_mixin.py:188} INFO - [2024-06-27T15:05:16.108+0000] {dagbag.py:545} INFO - Filling up the DagBag from /home/airflow/.local/lib/python3.12/site-packages/airflow/example_dags/example_latest_only_with_trigger.py
[2024-06-27T15:05:16.124+0000] {processor.py:840} INFO - DAG(s) 'latest_only_with_trigger' retrieved from /home/airflow/.local/lib/python3.12/site-packages/airflow/example_dags/example_latest_only_with_trigger.py
[2024-06-27T15:05:16.182+0000] {logging_mixin.py:188} INFO - [2024-06-27T15:05:16.182+0000] {dag.py:3096} INFO - Sync 1 DAGs
[2024-06-27T15:05:16.265+0000] {logging_mixin.py:188} INFO - [2024-06-27T15:05:16.264+0000] {dag.py:3954} INFO - Setting next_dagrun for latest_only_with_trigger to 2024-06-27 08:00:00+00:00, run_after=2024-06-27 12:00:00+00:00
[2024-06-27T15:05:16.334+0000] {processor.py:183} INFO - Processing /home/airflow/.local/lib/python3.12/site-packages/airflow/example_dags/example_latest_only_with_trigger.py took 0.250 seconds
[2024-06-27T15:05:47.235+0000] {processor.py:161} INFO - Started process (PID=567) to work on /home/airflow/.local/lib/python3.12/site-packages/airflow/example_dags/example_latest_only_with_trigger.py
[2024-06-27T15:05:47.237+0000] {processor.py:830} INFO - Processing file /home/airflow/.local/lib/python3.12/site-packages/airflow/example_dags/example_latest_only_with_trigger.py for tasks to queue
[2024-06-27T15:05:47.241+0000] {logging_mixin.py:188} INFO - [2024-06-27T15:05:47.240+0000] {dagbag.py:545} INFO - Filling up the DagBag from /home/airflow/.local/lib/python3.12/site-packages/airflow/example_dags/example_latest_only_with_trigger.py
[2024-06-27T15:05:47.253+0000] {processor.py:840} INFO - DAG(s) 'latest_only_with_trigger' retrieved from /home/airflow/.local/lib/python3.12/site-packages/airflow/example_dags/example_latest_only_with_trigger.py
[2024-06-27T15:05:47.305+0000] {logging_mixin.py:188} INFO - [2024-06-27T15:05:47.304+0000] {dag.py:3096} INFO - Sync 1 DAGs
[2024-06-27T15:05:47.368+0000] {logging_mixin.py:188} INFO - [2024-06-27T15:05:47.368+0000] {dag.py:3954} INFO - Setting next_dagrun for latest_only_with_trigger to 2024-06-27 08:00:00+00:00, run_after=2024-06-27 12:00:00+00:00
[2024-06-27T15:05:47.441+0000] {processor.py:183} INFO - Processing /home/airflow/.local/lib/python3.12/site-packages/airflow/example_dags/example_latest_only_with_trigger.py took 0.218 seconds
[2024-06-27T15:06:18.892+0000] {processor.py:161} INFO - Started process (PID=647) to work on /home/airflow/.local/lib/python3.12/site-packages/airflow/example_dags/example_latest_only_with_trigger.py
[2024-06-27T15:06:18.906+0000] {processor.py:830} INFO - Processing file /home/airflow/.local/lib/python3.12/site-packages/airflow/example_dags/example_latest_only_with_trigger.py for tasks to queue
[2024-06-27T15:06:18.921+0000] {logging_mixin.py:188} INFO - [2024-06-27T15:06:18.919+0000] {dagbag.py:545} INFO - Filling up the DagBag from /home/airflow/.local/lib/python3.12/site-packages/airflow/example_dags/example_latest_only_with_trigger.py
[2024-06-27T15:06:18.978+0000] {processor.py:840} INFO - DAG(s) 'latest_only_with_trigger' retrieved from /home/airflow/.local/lib/python3.12/site-packages/airflow/example_dags/example_latest_only_with_trigger.py
[2024-06-27T15:06:19.135+0000] {logging_mixin.py:188} INFO - [2024-06-27T15:06:19.134+0000] {dag.py:3096} INFO - Sync 1 DAGs
[2024-06-27T15:06:19.261+0000] {logging_mixin.py:188} INFO - [2024-06-27T15:06:19.260+0000] {dag.py:3954} INFO - Setting next_dagrun for latest_only_with_trigger to 2024-06-27 08:00:00+00:00, run_after=2024-06-27 12:00:00+00:00
[2024-06-27T15:06:19.336+0000] {processor.py:183} INFO - Processing /home/airflow/.local/lib/python3.12/site-packages/airflow/example_dags/example_latest_only_with_trigger.py took 0.488 seconds
[2024-06-27T15:06:53.744+0000] {processor.py:161} INFO - Started process (PID=736) to work on /home/airflow/.local/lib/python3.12/site-packages/airflow/example_dags/example_latest_only_with_trigger.py
[2024-06-27T15:06:53.749+0000] {processor.py:830} INFO - Processing file /home/airflow/.local/lib/python3.12/site-packages/airflow/example_dags/example_latest_only_with_trigger.py for tasks to queue
[2024-06-27T15:06:53.756+0000] {logging_mixin.py:188} INFO - [2024-06-27T15:06:53.755+0000] {dagbag.py:545} INFO - Filling up the DagBag from /home/airflow/.local/lib/python3.12/site-packages/airflow/example_dags/example_latest_only_with_trigger.py
[2024-06-27T15:06:53.790+0000] {processor.py:840} INFO - DAG(s) 'latest_only_with_trigger' retrieved from /home/airflow/.local/lib/python3.12/site-packages/airflow/example_dags/example_latest_only_with_trigger.py
[2024-06-27T15:06:53.947+0000] {logging_mixin.py:188} INFO - [2024-06-27T15:06:53.946+0000] {dag.py:3096} INFO - Sync 1 DAGs
[2024-06-27T15:06:54.106+0000] {logging_mixin.py:188} INFO - [2024-06-27T15:06:54.105+0000] {dag.py:3954} INFO - Setting next_dagrun for latest_only_with_trigger to 2024-06-27 08:00:00+00:00, run_after=2024-06-27 12:00:00+00:00
[2024-06-27T15:06:54.306+0000] {processor.py:183} INFO - Processing /home/airflow/.local/lib/python3.12/site-packages/airflow/example_dags/example_latest_only_with_trigger.py took 0.609 seconds
[2024-06-27T15:07:24.758+0000] {processor.py:161} INFO - Started process (PID=804) to work on /home/airflow/.local/lib/python3.12/site-packages/airflow/example_dags/example_latest_only_with_trigger.py
[2024-06-27T15:07:24.761+0000] {processor.py:830} INFO - Processing file /home/airflow/.local/lib/python3.12/site-packages/airflow/example_dags/example_latest_only_with_trigger.py for tasks to queue
[2024-06-27T15:07:24.766+0000] {logging_mixin.py:188} INFO - [2024-06-27T15:07:24.765+0000] {dagbag.py:545} INFO - Filling up the DagBag from /home/airflow/.local/lib/python3.12/site-packages/airflow/example_dags/example_latest_only_with_trigger.py
[2024-06-27T15:07:24.786+0000] {processor.py:840} INFO - DAG(s) 'latest_only_with_trigger' retrieved from /home/airflow/.local/lib/python3.12/site-packages/airflow/example_dags/example_latest_only_with_trigger.py
[2024-06-27T15:07:24.882+0000] {logging_mixin.py:188} INFO - [2024-06-27T15:07:24.881+0000] {dag.py:3096} INFO - Sync 1 DAGs
[2024-06-27T15:07:24.962+0000] {logging_mixin.py:188} INFO - [2024-06-27T15:07:24.962+0000] {dag.py:3954} INFO - Setting next_dagrun for latest_only_with_trigger to 2024-06-27 08:00:00+00:00, run_after=2024-06-27 12:00:00+00:00
[2024-06-27T15:07:25.015+0000] {processor.py:183} INFO - Processing /home/airflow/.local/lib/python3.12/site-packages/airflow/example_dags/example_latest_only_with_trigger.py took 0.273 seconds
