[2024-06-27T14:36:44.759+0000] {processor.py:161} INFO - Started process (PID=76) to work on /home/airflow/.local/lib/python3.12/site-packages/airflow/example_dags/example_latest_only.py
[2024-06-27T14:36:44.761+0000] {processor.py:830} INFO - Processing file /home/airflow/.local/lib/python3.12/site-packages/airflow/example_dags/example_latest_only.py for tasks to queue
[2024-06-27T14:36:44.764+0000] {logging_mixin.py:188} INFO - [2024-06-27T14:36:44.764+0000] {dagbag.py:545} INFO - Filling up the DagBag from /home/airflow/.local/lib/python3.12/site-packages/airflow/example_dags/example_latest_only.py
[2024-06-27T14:36:44.774+0000] {processor.py:840} INFO - DAG(s) 'latest_only' retrieved from /home/airflow/.local/lib/python3.12/site-packages/airflow/example_dags/example_latest_only.py
[2024-06-27T14:36:44.954+0000] {logging_mixin.py:188} INFO - [2024-06-27T14:36:44.953+0000] {override.py:1829} INFO - Created Permission View: can edit on DAG:latest_only
[2024-06-27T14:36:44.972+0000] {logging_mixin.py:188} INFO - [2024-06-27T14:36:44.972+0000] {override.py:1829} INFO - Created Permission View: can delete on DAG:latest_only
[2024-06-27T14:36:44.986+0000] {logging_mixin.py:188} INFO - [2024-06-27T14:36:44.985+0000] {override.py:1829} INFO - Created Permission View: can read on DAG:latest_only
[2024-06-27T14:36:44.988+0000] {logging_mixin.py:188} INFO - [2024-06-27T14:36:44.987+0000] {dag.py:3096} INFO - Sync 1 DAGs
[2024-06-27T14:36:45.016+0000] {logging_mixin.py:188} INFO - [2024-06-27T14:36:45.016+0000] {dag.py:3118} INFO - Creating ORM DAG for latest_only
[2024-06-27T14:36:45.039+0000] {logging_mixin.py:188} INFO - [2024-06-27T14:36:45.038+0000] {dag.py:3954} INFO - Setting next_dagrun for latest_only to 2024-06-27 08:00:00+00:00, run_after=2024-06-27 12:00:00+00:00
[2024-06-27T14:36:45.075+0000] {processor.py:183} INFO - Processing /home/airflow/.local/lib/python3.12/site-packages/airflow/example_dags/example_latest_only.py took 0.328 seconds
[2024-06-27T14:37:15.562+0000] {processor.py:161} INFO - Started process (PID=134) to work on /home/airflow/.local/lib/python3.12/site-packages/airflow/example_dags/example_latest_only.py
[2024-06-27T14:37:15.563+0000] {processor.py:830} INFO - Processing file /home/airflow/.local/lib/python3.12/site-packages/airflow/example_dags/example_latest_only.py for tasks to queue
[2024-06-27T14:37:15.566+0000] {logging_mixin.py:188} INFO - [2024-06-27T14:37:15.566+0000] {dagbag.py:545} INFO - Filling up the DagBag from /home/airflow/.local/lib/python3.12/site-packages/airflow/example_dags/example_latest_only.py
[2024-06-27T14:37:15.574+0000] {processor.py:840} INFO - DAG(s) 'latest_only' retrieved from /home/airflow/.local/lib/python3.12/site-packages/airflow/example_dags/example_latest_only.py
[2024-06-27T14:37:15.605+0000] {logging_mixin.py:188} INFO - [2024-06-27T14:37:15.604+0000] {dag.py:3096} INFO - Sync 1 DAGs
[2024-06-27T14:37:15.638+0000] {logging_mixin.py:188} INFO - [2024-06-27T14:37:15.637+0000] {dag.py:3954} INFO - Setting next_dagrun for latest_only to 2024-06-27 08:00:00+00:00, run_after=2024-06-27 12:00:00+00:00
[2024-06-27T14:37:15.669+0000] {processor.py:183} INFO - Processing /home/airflow/.local/lib/python3.12/site-packages/airflow/example_dags/example_latest_only.py took 0.115 seconds
[2024-06-27T14:37:46.327+0000] {processor.py:161} INFO - Started process (PID=192) to work on /home/airflow/.local/lib/python3.12/site-packages/airflow/example_dags/example_latest_only.py
[2024-06-27T14:37:46.329+0000] {processor.py:830} INFO - Processing file /home/airflow/.local/lib/python3.12/site-packages/airflow/example_dags/example_latest_only.py for tasks to queue
[2024-06-27T14:37:46.335+0000] {logging_mixin.py:188} INFO - [2024-06-27T14:37:46.334+0000] {dagbag.py:545} INFO - Filling up the DagBag from /home/airflow/.local/lib/python3.12/site-packages/airflow/example_dags/example_latest_only.py
[2024-06-27T14:37:46.343+0000] {processor.py:840} INFO - DAG(s) 'latest_only' retrieved from /home/airflow/.local/lib/python3.12/site-packages/airflow/example_dags/example_latest_only.py
[2024-06-27T14:37:46.393+0000] {logging_mixin.py:188} INFO - [2024-06-27T14:37:46.392+0000] {dag.py:3096} INFO - Sync 1 DAGs
[2024-06-27T14:37:46.438+0000] {logging_mixin.py:188} INFO - [2024-06-27T14:37:46.437+0000] {dag.py:3954} INFO - Setting next_dagrun for latest_only to 2024-06-27 08:00:00+00:00, run_after=2024-06-27 12:00:00+00:00
[2024-06-27T14:37:46.473+0000] {processor.py:183} INFO - Processing /home/airflow/.local/lib/python3.12/site-packages/airflow/example_dags/example_latest_only.py took 0.158 seconds
[2024-06-27T14:38:17.249+0000] {processor.py:161} INFO - Started process (PID=251) to work on /home/airflow/.local/lib/python3.12/site-packages/airflow/example_dags/example_latest_only.py
[2024-06-27T14:38:17.251+0000] {processor.py:830} INFO - Processing file /home/airflow/.local/lib/python3.12/site-packages/airflow/example_dags/example_latest_only.py for tasks to queue
[2024-06-27T14:38:17.254+0000] {logging_mixin.py:188} INFO - [2024-06-27T14:38:17.253+0000] {dagbag.py:545} INFO - Filling up the DagBag from /home/airflow/.local/lib/python3.12/site-packages/airflow/example_dags/example_latest_only.py
[2024-06-27T14:38:17.261+0000] {processor.py:840} INFO - DAG(s) 'latest_only' retrieved from /home/airflow/.local/lib/python3.12/site-packages/airflow/example_dags/example_latest_only.py
[2024-06-27T14:38:17.294+0000] {logging_mixin.py:188} INFO - [2024-06-27T14:38:17.293+0000] {dag.py:3096} INFO - Sync 1 DAGs
[2024-06-27T14:38:17.340+0000] {logging_mixin.py:188} INFO - [2024-06-27T14:38:17.340+0000] {dag.py:3954} INFO - Setting next_dagrun for latest_only to 2024-06-27 08:00:00+00:00, run_after=2024-06-27 12:00:00+00:00
[2024-06-27T14:38:17.375+0000] {processor.py:183} INFO - Processing /home/airflow/.local/lib/python3.12/site-packages/airflow/example_dags/example_latest_only.py took 0.135 seconds
[2024-06-27T14:39:54.181+0000] {processor.py:161} INFO - Started process (PID=79) to work on /home/airflow/.local/lib/python3.12/site-packages/airflow/example_dags/example_latest_only.py
[2024-06-27T14:39:54.188+0000] {processor.py:830} INFO - Processing file /home/airflow/.local/lib/python3.12/site-packages/airflow/example_dags/example_latest_only.py for tasks to queue
[2024-06-27T14:39:54.199+0000] {logging_mixin.py:188} INFO - [2024-06-27T14:39:54.197+0000] {dagbag.py:545} INFO - Filling up the DagBag from /home/airflow/.local/lib/python3.12/site-packages/airflow/example_dags/example_latest_only.py
[2024-06-27T14:39:54.226+0000] {processor.py:840} INFO - DAG(s) 'latest_only' retrieved from /home/airflow/.local/lib/python3.12/site-packages/airflow/example_dags/example_latest_only.py
[2024-06-27T14:39:54.961+0000] {logging_mixin.py:188} INFO - [2024-06-27T14:39:54.960+0000] {dag.py:3096} INFO - Sync 1 DAGs
[2024-06-27T14:39:55.073+0000] {logging_mixin.py:188} INFO - [2024-06-27T14:39:55.072+0000] {dag.py:3954} INFO - Setting next_dagrun for latest_only to 2024-06-27 08:00:00+00:00, run_after=2024-06-27 12:00:00+00:00
[2024-06-27T14:39:55.174+0000] {processor.py:183} INFO - Processing /home/airflow/.local/lib/python3.12/site-packages/airflow/example_dags/example_latest_only.py took 1.024 seconds
[2024-06-27T14:40:25.293+0000] {processor.py:161} INFO - Started process (PID=138) to work on /home/airflow/.local/lib/python3.12/site-packages/airflow/example_dags/example_latest_only.py
[2024-06-27T14:40:25.294+0000] {processor.py:830} INFO - Processing file /home/airflow/.local/lib/python3.12/site-packages/airflow/example_dags/example_latest_only.py for tasks to queue
[2024-06-27T14:40:25.297+0000] {logging_mixin.py:188} INFO - [2024-06-27T14:40:25.296+0000] {dagbag.py:545} INFO - Filling up the DagBag from /home/airflow/.local/lib/python3.12/site-packages/airflow/example_dags/example_latest_only.py
[2024-06-27T14:40:25.306+0000] {processor.py:840} INFO - DAG(s) 'latest_only' retrieved from /home/airflow/.local/lib/python3.12/site-packages/airflow/example_dags/example_latest_only.py
[2024-06-27T14:40:25.334+0000] {logging_mixin.py:188} INFO - [2024-06-27T14:40:25.334+0000] {dag.py:3096} INFO - Sync 1 DAGs
[2024-06-27T14:40:25.362+0000] {logging_mixin.py:188} INFO - [2024-06-27T14:40:25.361+0000] {dag.py:3954} INFO - Setting next_dagrun for latest_only to 2024-06-27 08:00:00+00:00, run_after=2024-06-27 12:00:00+00:00
[2024-06-27T14:40:25.388+0000] {processor.py:183} INFO - Processing /home/airflow/.local/lib/python3.12/site-packages/airflow/example_dags/example_latest_only.py took 0.103 seconds
[2024-06-27T14:40:55.615+0000] {processor.py:161} INFO - Started process (PID=197) to work on /home/airflow/.local/lib/python3.12/site-packages/airflow/example_dags/example_latest_only.py
[2024-06-27T14:40:55.617+0000] {processor.py:830} INFO - Processing file /home/airflow/.local/lib/python3.12/site-packages/airflow/example_dags/example_latest_only.py for tasks to queue
[2024-06-27T14:40:55.619+0000] {logging_mixin.py:188} INFO - [2024-06-27T14:40:55.619+0000] {dagbag.py:545} INFO - Filling up the DagBag from /home/airflow/.local/lib/python3.12/site-packages/airflow/example_dags/example_latest_only.py
[2024-06-27T14:40:55.626+0000] {processor.py:840} INFO - DAG(s) 'latest_only' retrieved from /home/airflow/.local/lib/python3.12/site-packages/airflow/example_dags/example_latest_only.py
[2024-06-27T14:40:55.655+0000] {logging_mixin.py:188} INFO - [2024-06-27T14:40:55.655+0000] {dag.py:3096} INFO - Sync 1 DAGs
[2024-06-27T14:40:55.687+0000] {logging_mixin.py:188} INFO - [2024-06-27T14:40:55.687+0000] {dag.py:3954} INFO - Setting next_dagrun for latest_only to 2024-06-27 08:00:00+00:00, run_after=2024-06-27 12:00:00+00:00
[2024-06-27T14:40:55.713+0000] {processor.py:183} INFO - Processing /home/airflow/.local/lib/python3.12/site-packages/airflow/example_dags/example_latest_only.py took 0.106 seconds
[2024-06-27T14:41:25.987+0000] {processor.py:161} INFO - Started process (PID=256) to work on /home/airflow/.local/lib/python3.12/site-packages/airflow/example_dags/example_latest_only.py
[2024-06-27T14:41:25.989+0000] {processor.py:830} INFO - Processing file /home/airflow/.local/lib/python3.12/site-packages/airflow/example_dags/example_latest_only.py for tasks to queue
[2024-06-27T14:41:25.991+0000] {logging_mixin.py:188} INFO - [2024-06-27T14:41:25.991+0000] {dagbag.py:545} INFO - Filling up the DagBag from /home/airflow/.local/lib/python3.12/site-packages/airflow/example_dags/example_latest_only.py
[2024-06-27T14:41:26.000+0000] {processor.py:840} INFO - DAG(s) 'latest_only' retrieved from /home/airflow/.local/lib/python3.12/site-packages/airflow/example_dags/example_latest_only.py
[2024-06-27T14:41:26.027+0000] {logging_mixin.py:188} INFO - [2024-06-27T14:41:26.027+0000] {dag.py:3096} INFO - Sync 1 DAGs
[2024-06-27T14:41:26.057+0000] {logging_mixin.py:188} INFO - [2024-06-27T14:41:26.057+0000] {dag.py:3954} INFO - Setting next_dagrun for latest_only to 2024-06-27 08:00:00+00:00, run_after=2024-06-27 12:00:00+00:00
[2024-06-27T14:41:26.086+0000] {processor.py:183} INFO - Processing /home/airflow/.local/lib/python3.12/site-packages/airflow/example_dags/example_latest_only.py took 0.109 seconds
[2024-06-27T14:41:56.304+0000] {processor.py:161} INFO - Started process (PID=315) to work on /home/airflow/.local/lib/python3.12/site-packages/airflow/example_dags/example_latest_only.py
[2024-06-27T14:41:56.306+0000] {processor.py:830} INFO - Processing file /home/airflow/.local/lib/python3.12/site-packages/airflow/example_dags/example_latest_only.py for tasks to queue
[2024-06-27T14:41:56.308+0000] {logging_mixin.py:188} INFO - [2024-06-27T14:41:56.308+0000] {dagbag.py:545} INFO - Filling up the DagBag from /home/airflow/.local/lib/python3.12/site-packages/airflow/example_dags/example_latest_only.py
[2024-06-27T14:41:56.315+0000] {processor.py:840} INFO - DAG(s) 'latest_only' retrieved from /home/airflow/.local/lib/python3.12/site-packages/airflow/example_dags/example_latest_only.py
[2024-06-27T14:41:56.343+0000] {logging_mixin.py:188} INFO - [2024-06-27T14:41:56.342+0000] {dag.py:3096} INFO - Sync 1 DAGs
[2024-06-27T14:41:56.372+0000] {logging_mixin.py:188} INFO - [2024-06-27T14:41:56.372+0000] {dag.py:3954} INFO - Setting next_dagrun for latest_only to 2024-06-27 08:00:00+00:00, run_after=2024-06-27 12:00:00+00:00
[2024-06-27T14:41:56.403+0000] {processor.py:183} INFO - Processing /home/airflow/.local/lib/python3.12/site-packages/airflow/example_dags/example_latest_only.py took 0.107 seconds
[2024-06-27T14:42:26.611+0000] {processor.py:161} INFO - Started process (PID=374) to work on /home/airflow/.local/lib/python3.12/site-packages/airflow/example_dags/example_latest_only.py
[2024-06-27T14:42:26.613+0000] {processor.py:830} INFO - Processing file /home/airflow/.local/lib/python3.12/site-packages/airflow/example_dags/example_latest_only.py for tasks to queue
[2024-06-27T14:42:26.616+0000] {logging_mixin.py:188} INFO - [2024-06-27T14:42:26.616+0000] {dagbag.py:545} INFO - Filling up the DagBag from /home/airflow/.local/lib/python3.12/site-packages/airflow/example_dags/example_latest_only.py
[2024-06-27T14:42:26.623+0000] {processor.py:840} INFO - DAG(s) 'latest_only' retrieved from /home/airflow/.local/lib/python3.12/site-packages/airflow/example_dags/example_latest_only.py
[2024-06-27T14:42:26.650+0000] {logging_mixin.py:188} INFO - [2024-06-27T14:42:26.650+0000] {dag.py:3096} INFO - Sync 1 DAGs
[2024-06-27T14:42:26.681+0000] {logging_mixin.py:188} INFO - [2024-06-27T14:42:26.680+0000] {dag.py:3954} INFO - Setting next_dagrun for latest_only to 2024-06-27 08:00:00+00:00, run_after=2024-06-27 12:00:00+00:00
[2024-06-27T14:42:26.712+0000] {processor.py:183} INFO - Processing /home/airflow/.local/lib/python3.12/site-packages/airflow/example_dags/example_latest_only.py took 0.110 seconds
[2024-06-27T14:44:28.685+0000] {processor.py:161} INFO - Started process (PID=73) to work on /home/airflow/.local/lib/python3.12/site-packages/airflow/example_dags/example_latest_only.py
[2024-06-27T14:44:28.687+0000] {processor.py:830} INFO - Processing file /home/airflow/.local/lib/python3.12/site-packages/airflow/example_dags/example_latest_only.py for tasks to queue
[2024-06-27T14:44:28.691+0000] {logging_mixin.py:188} INFO - [2024-06-27T14:44:28.691+0000] {dagbag.py:545} INFO - Filling up the DagBag from /home/airflow/.local/lib/python3.12/site-packages/airflow/example_dags/example_latest_only.py
[2024-06-27T14:44:28.701+0000] {processor.py:840} INFO - DAG(s) 'latest_only' retrieved from /home/airflow/.local/lib/python3.12/site-packages/airflow/example_dags/example_latest_only.py
[2024-06-27T14:44:28.879+0000] {logging_mixin.py:188} INFO - [2024-06-27T14:44:28.879+0000] {dag.py:3096} INFO - Sync 1 DAGs
[2024-06-27T14:44:28.913+0000] {logging_mixin.py:188} INFO - [2024-06-27T14:44:28.913+0000] {dag.py:3954} INFO - Setting next_dagrun for latest_only to 2024-06-27 08:00:00+00:00, run_after=2024-06-27 12:00:00+00:00
[2024-06-27T14:44:28.949+0000] {processor.py:183} INFO - Processing /home/airflow/.local/lib/python3.12/site-packages/airflow/example_dags/example_latest_only.py took 0.273 seconds
[2024-06-27T14:44:59.507+0000] {processor.py:161} INFO - Started process (PID=132) to work on /home/airflow/.local/lib/python3.12/site-packages/airflow/example_dags/example_latest_only.py
[2024-06-27T14:44:59.510+0000] {processor.py:830} INFO - Processing file /home/airflow/.local/lib/python3.12/site-packages/airflow/example_dags/example_latest_only.py for tasks to queue
[2024-06-27T14:44:59.514+0000] {logging_mixin.py:188} INFO - [2024-06-27T14:44:59.513+0000] {dagbag.py:545} INFO - Filling up the DagBag from /home/airflow/.local/lib/python3.12/site-packages/airflow/example_dags/example_latest_only.py
[2024-06-27T14:44:59.522+0000] {processor.py:840} INFO - DAG(s) 'latest_only' retrieved from /home/airflow/.local/lib/python3.12/site-packages/airflow/example_dags/example_latest_only.py
[2024-06-27T14:44:59.550+0000] {logging_mixin.py:188} INFO - [2024-06-27T14:44:59.550+0000] {dag.py:3096} INFO - Sync 1 DAGs
[2024-06-27T14:44:59.580+0000] {logging_mixin.py:188} INFO - [2024-06-27T14:44:59.580+0000] {dag.py:3954} INFO - Setting next_dagrun for latest_only to 2024-06-27 08:00:00+00:00, run_after=2024-06-27 12:00:00+00:00
[2024-06-27T14:44:59.608+0000] {processor.py:183} INFO - Processing /home/airflow/.local/lib/python3.12/site-packages/airflow/example_dags/example_latest_only.py took 0.111 seconds
[2024-06-27T14:45:29.780+0000] {processor.py:161} INFO - Started process (PID=191) to work on /home/airflow/.local/lib/python3.12/site-packages/airflow/example_dags/example_latest_only.py
[2024-06-27T14:45:29.782+0000] {processor.py:830} INFO - Processing file /home/airflow/.local/lib/python3.12/site-packages/airflow/example_dags/example_latest_only.py for tasks to queue
[2024-06-27T14:45:29.786+0000] {logging_mixin.py:188} INFO - [2024-06-27T14:45:29.785+0000] {dagbag.py:545} INFO - Filling up the DagBag from /home/airflow/.local/lib/python3.12/site-packages/airflow/example_dags/example_latest_only.py
[2024-06-27T14:45:29.794+0000] {processor.py:840} INFO - DAG(s) 'latest_only' retrieved from /home/airflow/.local/lib/python3.12/site-packages/airflow/example_dags/example_latest_only.py
[2024-06-27T14:45:29.818+0000] {logging_mixin.py:188} INFO - [2024-06-27T14:45:29.818+0000] {dag.py:3096} INFO - Sync 1 DAGs
[2024-06-27T14:45:29.846+0000] {logging_mixin.py:188} INFO - [2024-06-27T14:45:29.846+0000] {dag.py:3954} INFO - Setting next_dagrun for latest_only to 2024-06-27 08:00:00+00:00, run_after=2024-06-27 12:00:00+00:00
[2024-06-27T14:45:29.879+0000] {processor.py:183} INFO - Processing /home/airflow/.local/lib/python3.12/site-packages/airflow/example_dags/example_latest_only.py took 0.106 seconds
[2024-06-27T14:46:00.063+0000] {processor.py:161} INFO - Started process (PID=250) to work on /home/airflow/.local/lib/python3.12/site-packages/airflow/example_dags/example_latest_only.py
[2024-06-27T14:46:00.065+0000] {processor.py:830} INFO - Processing file /home/airflow/.local/lib/python3.12/site-packages/airflow/example_dags/example_latest_only.py for tasks to queue
[2024-06-27T14:46:00.068+0000] {logging_mixin.py:188} INFO - [2024-06-27T14:46:00.068+0000] {dagbag.py:545} INFO - Filling up the DagBag from /home/airflow/.local/lib/python3.12/site-packages/airflow/example_dags/example_latest_only.py
[2024-06-27T14:46:00.075+0000] {processor.py:840} INFO - DAG(s) 'latest_only' retrieved from /home/airflow/.local/lib/python3.12/site-packages/airflow/example_dags/example_latest_only.py
[2024-06-27T14:46:00.107+0000] {logging_mixin.py:188} INFO - [2024-06-27T14:46:00.107+0000] {dag.py:3096} INFO - Sync 1 DAGs
[2024-06-27T14:46:00.138+0000] {logging_mixin.py:188} INFO - [2024-06-27T14:46:00.138+0000] {dag.py:3954} INFO - Setting next_dagrun for latest_only to 2024-06-27 08:00:00+00:00, run_after=2024-06-27 12:00:00+00:00
[2024-06-27T14:46:00.165+0000] {processor.py:183} INFO - Processing /home/airflow/.local/lib/python3.12/site-packages/airflow/example_dags/example_latest_only.py took 0.110 seconds
[2024-06-27T14:46:30.271+0000] {processor.py:161} INFO - Started process (PID=309) to work on /home/airflow/.local/lib/python3.12/site-packages/airflow/example_dags/example_latest_only.py
[2024-06-27T14:46:30.272+0000] {processor.py:830} INFO - Processing file /home/airflow/.local/lib/python3.12/site-packages/airflow/example_dags/example_latest_only.py for tasks to queue
[2024-06-27T14:46:30.276+0000] {logging_mixin.py:188} INFO - [2024-06-27T14:46:30.275+0000] {dagbag.py:545} INFO - Filling up the DagBag from /home/airflow/.local/lib/python3.12/site-packages/airflow/example_dags/example_latest_only.py
[2024-06-27T14:46:30.282+0000] {processor.py:840} INFO - DAG(s) 'latest_only' retrieved from /home/airflow/.local/lib/python3.12/site-packages/airflow/example_dags/example_latest_only.py
[2024-06-27T14:46:30.311+0000] {logging_mixin.py:188} INFO - [2024-06-27T14:46:30.311+0000] {dag.py:3096} INFO - Sync 1 DAGs
[2024-06-27T14:46:30.340+0000] {logging_mixin.py:188} INFO - [2024-06-27T14:46:30.340+0000] {dag.py:3954} INFO - Setting next_dagrun for latest_only to 2024-06-27 08:00:00+00:00, run_after=2024-06-27 12:00:00+00:00
[2024-06-27T14:46:30.369+0000] {processor.py:183} INFO - Processing /home/airflow/.local/lib/python3.12/site-packages/airflow/example_dags/example_latest_only.py took 0.105 seconds
[2024-06-27T14:59:01.714+0000] {processor.py:161} INFO - Started process (PID=78) to work on /home/airflow/.local/lib/python3.12/site-packages/airflow/example_dags/example_latest_only.py
[2024-06-27T14:59:01.717+0000] {processor.py:830} INFO - Processing file /home/airflow/.local/lib/python3.12/site-packages/airflow/example_dags/example_latest_only.py for tasks to queue
[2024-06-27T14:59:01.722+0000] {logging_mixin.py:188} INFO - [2024-06-27T14:59:01.721+0000] {dagbag.py:545} INFO - Filling up the DagBag from /home/airflow/.local/lib/python3.12/site-packages/airflow/example_dags/example_latest_only.py
[2024-06-27T14:59:01.738+0000] {processor.py:840} INFO - DAG(s) 'latest_only' retrieved from /home/airflow/.local/lib/python3.12/site-packages/airflow/example_dags/example_latest_only.py
[2024-06-27T14:59:01.792+0000] {logging_mixin.py:188} INFO - [2024-06-27T14:59:01.791+0000] {dag.py:3096} INFO - Sync 1 DAGs
[2024-06-27T14:59:01.854+0000] {logging_mixin.py:188} INFO - [2024-06-27T14:59:01.853+0000] {dag.py:3954} INFO - Setting next_dagrun for latest_only to 2024-06-27 08:00:00+00:00, run_after=2024-06-27 12:00:00+00:00
[2024-06-27T14:59:01.896+0000] {processor.py:183} INFO - Processing /home/airflow/.local/lib/python3.12/site-packages/airflow/example_dags/example_latest_only.py took 0.193 seconds
[2024-06-27T14:59:34.246+0000] {processor.py:161} INFO - Started process (PID=137) to work on /home/airflow/.local/lib/python3.12/site-packages/airflow/example_dags/example_latest_only.py
[2024-06-27T14:59:34.248+0000] {processor.py:830} INFO - Processing file /home/airflow/.local/lib/python3.12/site-packages/airflow/example_dags/example_latest_only.py for tasks to queue
[2024-06-27T14:59:34.250+0000] {logging_mixin.py:188} INFO - [2024-06-27T14:59:34.250+0000] {dagbag.py:545} INFO - Filling up the DagBag from /home/airflow/.local/lib/python3.12/site-packages/airflow/example_dags/example_latest_only.py
[2024-06-27T14:59:34.256+0000] {processor.py:840} INFO - DAG(s) 'latest_only' retrieved from /home/airflow/.local/lib/python3.12/site-packages/airflow/example_dags/example_latest_only.py
[2024-06-27T14:59:34.403+0000] {logging_mixin.py:188} INFO - [2024-06-27T14:59:34.403+0000] {dag.py:3096} INFO - Sync 1 DAGs
[2024-06-27T14:59:34.430+0000] {logging_mixin.py:188} INFO - [2024-06-27T14:59:34.430+0000] {dag.py:3954} INFO - Setting next_dagrun for latest_only to 2024-06-27 08:00:00+00:00, run_after=2024-06-27 12:00:00+00:00
[2024-06-27T14:59:34.460+0000] {processor.py:183} INFO - Processing /home/airflow/.local/lib/python3.12/site-packages/airflow/example_dags/example_latest_only.py took 0.222 seconds
[2024-06-27T15:00:04.756+0000] {processor.py:161} INFO - Started process (PID=196) to work on /home/airflow/.local/lib/python3.12/site-packages/airflow/example_dags/example_latest_only.py
[2024-06-27T15:00:04.757+0000] {processor.py:830} INFO - Processing file /home/airflow/.local/lib/python3.12/site-packages/airflow/example_dags/example_latest_only.py for tasks to queue
[2024-06-27T15:00:04.760+0000] {logging_mixin.py:188} INFO - [2024-06-27T15:00:04.760+0000] {dagbag.py:545} INFO - Filling up the DagBag from /home/airflow/.local/lib/python3.12/site-packages/airflow/example_dags/example_latest_only.py
[2024-06-27T15:00:04.768+0000] {processor.py:840} INFO - DAG(s) 'latest_only' retrieved from /home/airflow/.local/lib/python3.12/site-packages/airflow/example_dags/example_latest_only.py
[2024-06-27T15:00:04.799+0000] {logging_mixin.py:188} INFO - [2024-06-27T15:00:04.799+0000] {dag.py:3096} INFO - Sync 1 DAGs
[2024-06-27T15:00:04.830+0000] {logging_mixin.py:188} INFO - [2024-06-27T15:00:04.829+0000] {dag.py:3954} INFO - Setting next_dagrun for latest_only to 2024-06-27 08:00:00+00:00, run_after=2024-06-27 12:00:00+00:00
[2024-06-27T15:00:04.858+0000] {processor.py:183} INFO - Processing /home/airflow/.local/lib/python3.12/site-packages/airflow/example_dags/example_latest_only.py took 0.111 seconds
[2024-06-27T15:00:36.262+0000] {processor.py:161} INFO - Started process (PID=255) to work on /home/airflow/.local/lib/python3.12/site-packages/airflow/example_dags/example_latest_only.py
[2024-06-27T15:00:36.264+0000] {processor.py:830} INFO - Processing file /home/airflow/.local/lib/python3.12/site-packages/airflow/example_dags/example_latest_only.py for tasks to queue
[2024-06-27T15:00:36.270+0000] {logging_mixin.py:188} INFO - [2024-06-27T15:00:36.269+0000] {dagbag.py:545} INFO - Filling up the DagBag from /home/airflow/.local/lib/python3.12/site-packages/airflow/example_dags/example_latest_only.py
[2024-06-27T15:00:36.279+0000] {processor.py:840} INFO - DAG(s) 'latest_only' retrieved from /home/airflow/.local/lib/python3.12/site-packages/airflow/example_dags/example_latest_only.py
[2024-06-27T15:00:36.314+0000] {logging_mixin.py:188} INFO - [2024-06-27T15:00:36.313+0000] {dag.py:3096} INFO - Sync 1 DAGs
[2024-06-27T15:00:36.349+0000] {logging_mixin.py:188} INFO - [2024-06-27T15:00:36.349+0000] {dag.py:3954} INFO - Setting next_dagrun for latest_only to 2024-06-27 08:00:00+00:00, run_after=2024-06-27 12:00:00+00:00
[2024-06-27T15:00:36.384+0000] {processor.py:183} INFO - Processing /home/airflow/.local/lib/python3.12/site-packages/airflow/example_dags/example_latest_only.py took 0.130 seconds
[2024-06-27T15:02:20.682+0000] {processor.py:161} INFO - Started process (PID=89) to work on /home/airflow/.local/lib/python3.12/site-packages/airflow/example_dags/example_latest_only.py
[2024-06-27T15:02:20.684+0000] {processor.py:830} INFO - Processing file /home/airflow/.local/lib/python3.12/site-packages/airflow/example_dags/example_latest_only.py for tasks to queue
[2024-06-27T15:02:20.687+0000] {logging_mixin.py:188} INFO - [2024-06-27T15:02:20.686+0000] {dagbag.py:545} INFO - Filling up the DagBag from /home/airflow/.local/lib/python3.12/site-packages/airflow/example_dags/example_latest_only.py
[2024-06-27T15:02:20.695+0000] {processor.py:840} INFO - DAG(s) 'latest_only' retrieved from /home/airflow/.local/lib/python3.12/site-packages/airflow/example_dags/example_latest_only.py
[2024-06-27T15:02:20.859+0000] {logging_mixin.py:188} INFO - [2024-06-27T15:02:20.859+0000] {dag.py:3096} INFO - Sync 1 DAGs
[2024-06-27T15:02:20.893+0000] {logging_mixin.py:188} INFO - [2024-06-27T15:02:20.893+0000] {dag.py:3954} INFO - Setting next_dagrun for latest_only to 2024-06-27 08:00:00+00:00, run_after=2024-06-27 12:00:00+00:00
[2024-06-27T15:02:20.924+0000] {processor.py:183} INFO - Processing /home/airflow/.local/lib/python3.12/site-packages/airflow/example_dags/example_latest_only.py took 0.249 seconds
[2024-06-27T15:02:51.296+0000] {processor.py:161} INFO - Started process (PID=157) to work on /home/airflow/.local/lib/python3.12/site-packages/airflow/example_dags/example_latest_only.py
[2024-06-27T15:02:51.298+0000] {processor.py:830} INFO - Processing file /home/airflow/.local/lib/python3.12/site-packages/airflow/example_dags/example_latest_only.py for tasks to queue
[2024-06-27T15:02:51.304+0000] {logging_mixin.py:188} INFO - [2024-06-27T15:02:51.302+0000] {dagbag.py:545} INFO - Filling up the DagBag from /home/airflow/.local/lib/python3.12/site-packages/airflow/example_dags/example_latest_only.py
[2024-06-27T15:02:51.313+0000] {processor.py:840} INFO - DAG(s) 'latest_only' retrieved from /home/airflow/.local/lib/python3.12/site-packages/airflow/example_dags/example_latest_only.py
[2024-06-27T15:02:51.354+0000] {logging_mixin.py:188} INFO - [2024-06-27T15:02:51.353+0000] {dag.py:3096} INFO - Sync 1 DAGs
[2024-06-27T15:02:51.464+0000] {logging_mixin.py:188} INFO - [2024-06-27T15:02:51.457+0000] {dag.py:3954} INFO - Setting next_dagrun for latest_only to 2024-06-27 08:00:00+00:00, run_after=2024-06-27 12:00:00+00:00
[2024-06-27T15:02:51.750+0000] {processor.py:183} INFO - Processing /home/airflow/.local/lib/python3.12/site-packages/airflow/example_dags/example_latest_only.py took 0.462 seconds
[2024-06-27T15:03:22.466+0000] {processor.py:161} INFO - Started process (PID=225) to work on /home/airflow/.local/lib/python3.12/site-packages/airflow/example_dags/example_latest_only.py
[2024-06-27T15:03:22.467+0000] {processor.py:830} INFO - Processing file /home/airflow/.local/lib/python3.12/site-packages/airflow/example_dags/example_latest_only.py for tasks to queue
[2024-06-27T15:03:22.470+0000] {logging_mixin.py:188} INFO - [2024-06-27T15:03:22.470+0000] {dagbag.py:545} INFO - Filling up the DagBag from /home/airflow/.local/lib/python3.12/site-packages/airflow/example_dags/example_latest_only.py
[2024-06-27T15:03:22.477+0000] {processor.py:840} INFO - DAG(s) 'latest_only' retrieved from /home/airflow/.local/lib/python3.12/site-packages/airflow/example_dags/example_latest_only.py
[2024-06-27T15:03:22.508+0000] {logging_mixin.py:188} INFO - [2024-06-27T15:03:22.508+0000] {dag.py:3096} INFO - Sync 1 DAGs
[2024-06-27T15:03:22.539+0000] {logging_mixin.py:188} INFO - [2024-06-27T15:03:22.538+0000] {dag.py:3954} INFO - Setting next_dagrun for latest_only to 2024-06-27 08:00:00+00:00, run_after=2024-06-27 12:00:00+00:00
[2024-06-27T15:03:22.569+0000] {processor.py:183} INFO - Processing /home/airflow/.local/lib/python3.12/site-packages/airflow/example_dags/example_latest_only.py took 0.111 seconds
[2024-06-27T15:04:02.844+0000] {processor.py:161} INFO - Started process (PID=293) to work on /home/airflow/.local/lib/python3.12/site-packages/airflow/example_dags/example_latest_only.py
[2024-06-27T15:04:02.847+0000] {processor.py:830} INFO - Processing file /home/airflow/.local/lib/python3.12/site-packages/airflow/example_dags/example_latest_only.py for tasks to queue
[2024-06-27T15:04:02.852+0000] {logging_mixin.py:188} INFO - [2024-06-27T15:04:02.851+0000] {dagbag.py:545} INFO - Filling up the DagBag from /home/airflow/.local/lib/python3.12/site-packages/airflow/example_dags/example_latest_only.py
[2024-06-27T15:04:02.866+0000] {processor.py:840} INFO - DAG(s) 'latest_only' retrieved from /home/airflow/.local/lib/python3.12/site-packages/airflow/example_dags/example_latest_only.py
[2024-06-27T15:04:03.000+0000] {logging_mixin.py:188} INFO - [2024-06-27T15:04:02.999+0000] {dag.py:3096} INFO - Sync 1 DAGs
[2024-06-27T15:04:03.101+0000] {logging_mixin.py:188} INFO - [2024-06-27T15:04:03.101+0000] {dag.py:3954} INFO - Setting next_dagrun for latest_only to 2024-06-27 08:00:00+00:00, run_after=2024-06-27 12:00:00+00:00
[2024-06-27T15:04:03.171+0000] {processor.py:183} INFO - Processing /home/airflow/.local/lib/python3.12/site-packages/airflow/example_dags/example_latest_only.py took 0.339 seconds
[2024-06-27T15:04:33.755+0000] {processor.py:161} INFO - Started process (PID=378) to work on /home/airflow/.local/lib/python3.12/site-packages/airflow/example_dags/example_latest_only.py
[2024-06-27T15:04:33.761+0000] {processor.py:830} INFO - Processing file /home/airflow/.local/lib/python3.12/site-packages/airflow/example_dags/example_latest_only.py for tasks to queue
[2024-06-27T15:04:33.770+0000] {logging_mixin.py:188} INFO - [2024-06-27T15:04:33.769+0000] {dagbag.py:545} INFO - Filling up the DagBag from /home/airflow/.local/lib/python3.12/site-packages/airflow/example_dags/example_latest_only.py
[2024-06-27T15:04:33.793+0000] {processor.py:840} INFO - DAG(s) 'latest_only' retrieved from /home/airflow/.local/lib/python3.12/site-packages/airflow/example_dags/example_latest_only.py
[2024-06-27T15:04:33.875+0000] {logging_mixin.py:188} INFO - [2024-06-27T15:04:33.875+0000] {dag.py:3096} INFO - Sync 1 DAGs
[2024-06-27T15:04:33.952+0000] {logging_mixin.py:188} INFO - [2024-06-27T15:04:33.951+0000] {dag.py:3954} INFO - Setting next_dagrun for latest_only to 2024-06-27 08:00:00+00:00, run_after=2024-06-27 12:00:00+00:00
[2024-06-27T15:04:34.033+0000] {processor.py:183} INFO - Processing /home/airflow/.local/lib/python3.12/site-packages/airflow/example_dags/example_latest_only.py took 0.293 seconds
[2024-06-27T15:05:05.668+0000] {processor.py:161} INFO - Started process (PID=450) to work on /home/airflow/.local/lib/python3.12/site-packages/airflow/example_dags/example_latest_only.py
[2024-06-27T15:05:05.672+0000] {processor.py:830} INFO - Processing file /home/airflow/.local/lib/python3.12/site-packages/airflow/example_dags/example_latest_only.py for tasks to queue
[2024-06-27T15:05:05.682+0000] {logging_mixin.py:188} INFO - [2024-06-27T15:05:05.681+0000] {dagbag.py:545} INFO - Filling up the DagBag from /home/airflow/.local/lib/python3.12/site-packages/airflow/example_dags/example_latest_only.py
[2024-06-27T15:05:05.694+0000] {processor.py:840} INFO - DAG(s) 'latest_only' retrieved from /home/airflow/.local/lib/python3.12/site-packages/airflow/example_dags/example_latest_only.py
[2024-06-27T15:05:05.762+0000] {logging_mixin.py:188} INFO - [2024-06-27T15:05:05.762+0000] {dag.py:3096} INFO - Sync 1 DAGs
[2024-06-27T15:05:05.847+0000] {logging_mixin.py:188} INFO - [2024-06-27T15:05:05.846+0000] {dag.py:3954} INFO - Setting next_dagrun for latest_only to 2024-06-27 08:00:00+00:00, run_after=2024-06-27 12:00:00+00:00
[2024-06-27T15:05:05.919+0000] {processor.py:183} INFO - Processing /home/airflow/.local/lib/python3.12/site-packages/airflow/example_dags/example_latest_only.py took 0.268 seconds
[2024-06-27T15:05:38.765+0000] {processor.py:161} INFO - Started process (PID=541) to work on /home/airflow/.local/lib/python3.12/site-packages/airflow/example_dags/example_latest_only.py
[2024-06-27T15:05:38.769+0000] {processor.py:830} INFO - Processing file /home/airflow/.local/lib/python3.12/site-packages/airflow/example_dags/example_latest_only.py for tasks to queue
[2024-06-27T15:05:38.777+0000] {logging_mixin.py:188} INFO - [2024-06-27T15:05:38.776+0000] {dagbag.py:545} INFO - Filling up the DagBag from /home/airflow/.local/lib/python3.12/site-packages/airflow/example_dags/example_latest_only.py
[2024-06-27T15:05:38.791+0000] {processor.py:840} INFO - DAG(s) 'latest_only' retrieved from /home/airflow/.local/lib/python3.12/site-packages/airflow/example_dags/example_latest_only.py
[2024-06-27T15:05:38.847+0000] {logging_mixin.py:188} INFO - [2024-06-27T15:05:38.847+0000] {dag.py:3096} INFO - Sync 1 DAGs
[2024-06-27T15:05:38.916+0000] {logging_mixin.py:188} INFO - [2024-06-27T15:05:38.915+0000] {dag.py:3954} INFO - Setting next_dagrun for latest_only to 2024-06-27 08:00:00+00:00, run_after=2024-06-27 12:00:00+00:00
[2024-06-27T15:05:38.975+0000] {processor.py:183} INFO - Processing /home/airflow/.local/lib/python3.12/site-packages/airflow/example_dags/example_latest_only.py took 0.225 seconds
[2024-06-27T15:06:14.086+0000] {processor.py:161} INFO - Started process (PID=628) to work on /home/airflow/.local/lib/python3.12/site-packages/airflow/example_dags/example_latest_only.py
[2024-06-27T15:06:14.096+0000] {processor.py:830} INFO - Processing file /home/airflow/.local/lib/python3.12/site-packages/airflow/example_dags/example_latest_only.py for tasks to queue
[2024-06-27T15:06:14.111+0000] {logging_mixin.py:188} INFO - [2024-06-27T15:06:14.110+0000] {dagbag.py:545} INFO - Filling up the DagBag from /home/airflow/.local/lib/python3.12/site-packages/airflow/example_dags/example_latest_only.py
[2024-06-27T15:06:14.163+0000] {processor.py:840} INFO - DAG(s) 'latest_only' retrieved from /home/airflow/.local/lib/python3.12/site-packages/airflow/example_dags/example_latest_only.py
[2024-06-27T15:06:14.354+0000] {logging_mixin.py:188} INFO - [2024-06-27T15:06:14.353+0000] {dag.py:3096} INFO - Sync 1 DAGs
[2024-06-27T15:06:14.574+0000] {logging_mixin.py:188} INFO - [2024-06-27T15:06:14.570+0000] {dag.py:3954} INFO - Setting next_dagrun for latest_only to 2024-06-27 08:00:00+00:00, run_after=2024-06-27 12:00:00+00:00
[2024-06-27T15:06:14.745+0000] {processor.py:183} INFO - Processing /home/airflow/.local/lib/python3.12/site-packages/airflow/example_dags/example_latest_only.py took 0.712 seconds
[2024-06-27T15:06:46.293+0000] {processor.py:161} INFO - Started process (PID=699) to work on /home/airflow/.local/lib/python3.12/site-packages/airflow/example_dags/example_latest_only.py
[2024-06-27T15:06:46.298+0000] {processor.py:830} INFO - Processing file /home/airflow/.local/lib/python3.12/site-packages/airflow/example_dags/example_latest_only.py for tasks to queue
[2024-06-27T15:06:46.314+0000] {logging_mixin.py:188} INFO - [2024-06-27T15:06:46.313+0000] {dagbag.py:545} INFO - Filling up the DagBag from /home/airflow/.local/lib/python3.12/site-packages/airflow/example_dags/example_latest_only.py
[2024-06-27T15:06:46.378+0000] {processor.py:840} INFO - DAG(s) 'latest_only' retrieved from /home/airflow/.local/lib/python3.12/site-packages/airflow/example_dags/example_latest_only.py
[2024-06-27T15:06:46.510+0000] {logging_mixin.py:188} INFO - [2024-06-27T15:06:46.509+0000] {dag.py:3096} INFO - Sync 1 DAGs
[2024-06-27T15:06:46.660+0000] {logging_mixin.py:188} INFO - [2024-06-27T15:06:46.659+0000] {dag.py:3954} INFO - Setting next_dagrun for latest_only to 2024-06-27 08:00:00+00:00, run_after=2024-06-27 12:00:00+00:00
[2024-06-27T15:06:46.796+0000] {processor.py:183} INFO - Processing /home/airflow/.local/lib/python3.12/site-packages/airflow/example_dags/example_latest_only.py took 0.528 seconds
[2024-06-27T15:07:16.932+0000] {processor.py:161} INFO - Started process (PID=788) to work on /home/airflow/.local/lib/python3.12/site-packages/airflow/example_dags/example_latest_only.py
[2024-06-27T15:07:16.937+0000] {processor.py:830} INFO - Processing file /home/airflow/.local/lib/python3.12/site-packages/airflow/example_dags/example_latest_only.py for tasks to queue
[2024-06-27T15:07:16.945+0000] {logging_mixin.py:188} INFO - [2024-06-27T15:07:16.944+0000] {dagbag.py:545} INFO - Filling up the DagBag from /home/airflow/.local/lib/python3.12/site-packages/airflow/example_dags/example_latest_only.py
[2024-06-27T15:07:16.958+0000] {processor.py:840} INFO - DAG(s) 'latest_only' retrieved from /home/airflow/.local/lib/python3.12/site-packages/airflow/example_dags/example_latest_only.py
[2024-06-27T15:07:17.010+0000] {logging_mixin.py:188} INFO - [2024-06-27T15:07:17.010+0000] {dag.py:3096} INFO - Sync 1 DAGs
[2024-06-27T15:07:17.071+0000] {logging_mixin.py:188} INFO - [2024-06-27T15:07:17.070+0000] {dag.py:3954} INFO - Setting next_dagrun for latest_only to 2024-06-27 08:00:00+00:00, run_after=2024-06-27 12:00:00+00:00
[2024-06-27T15:07:17.118+0000] {processor.py:183} INFO - Processing /home/airflow/.local/lib/python3.12/site-packages/airflow/example_dags/example_latest_only.py took 0.203 seconds
[2024-06-27T15:07:51.358+0000] {processor.py:161} INFO - Started process (PID=872) to work on /home/airflow/.local/lib/python3.12/site-packages/airflow/example_dags/example_latest_only.py
[2024-06-27T15:07:51.368+0000] {processor.py:830} INFO - Processing file /home/airflow/.local/lib/python3.12/site-packages/airflow/example_dags/example_latest_only.py for tasks to queue
[2024-06-27T15:07:51.384+0000] {logging_mixin.py:188} INFO - [2024-06-27T15:07:51.382+0000] {dagbag.py:545} INFO - Filling up the DagBag from /home/airflow/.local/lib/python3.12/site-packages/airflow/example_dags/example_latest_only.py
[2024-06-27T15:07:51.459+0000] {processor.py:840} INFO - DAG(s) 'latest_only' retrieved from /home/airflow/.local/lib/python3.12/site-packages/airflow/example_dags/example_latest_only.py
[2024-06-27T15:07:51.789+0000] {logging_mixin.py:188} INFO - [2024-06-27T15:07:51.783+0000] {dag.py:3096} INFO - Sync 1 DAGs
[2024-06-27T15:07:51.969+0000] {logging_mixin.py:188} INFO - [2024-06-27T15:07:51.968+0000] {dag.py:3954} INFO - Setting next_dagrun for latest_only to 2024-06-27 08:00:00+00:00, run_after=2024-06-27 12:00:00+00:00
[2024-06-27T15:07:52.090+0000] {processor.py:183} INFO - Processing /home/airflow/.local/lib/python3.12/site-packages/airflow/example_dags/example_latest_only.py took 0.838 seconds
