[2024-06-27T14:36:44.429+0000] {processor.py:161} INFO - Started process (PID=74) to work on /home/airflow/.local/lib/python3.12/site-packages/airflow/example_dags/tutorial_dag.py
[2024-06-27T14:36:44.431+0000] {processor.py:830} INFO - Processing file /home/airflow/.local/lib/python3.12/site-packages/airflow/example_dags/tutorial_dag.py for tasks to queue
[2024-06-27T14:36:44.435+0000] {logging_mixin.py:188} INFO - [2024-06-27T14:36:44.435+0000] {dagbag.py:545} INFO - Filling up the DagBag from /home/airflow/.local/lib/python3.12/site-packages/airflow/example_dags/tutorial_dag.py
[2024-06-27T14:36:44.449+0000] {processor.py:840} INFO - DAG(s) 'tutorial_dag' retrieved from /home/airflow/.local/lib/python3.12/site-packages/airflow/example_dags/tutorial_dag.py
[2024-06-27T14:36:44.624+0000] {logging_mixin.py:188} INFO - [2024-06-27T14:36:44.623+0000] {override.py:1829} INFO - Created Permission View: can edit on DAG:tutorial_dag
[2024-06-27T14:36:44.645+0000] {logging_mixin.py:188} INFO - [2024-06-27T14:36:44.644+0000] {override.py:1829} INFO - Created Permission View: can delete on DAG:tutorial_dag
[2024-06-27T14:36:44.659+0000] {logging_mixin.py:188} INFO - [2024-06-27T14:36:44.659+0000] {override.py:1829} INFO - Created Permission View: can read on DAG:tutorial_dag
[2024-06-27T14:36:44.661+0000] {logging_mixin.py:188} INFO - [2024-06-27T14:36:44.660+0000] {dag.py:3096} INFO - Sync 1 DAGs
[2024-06-27T14:36:44.683+0000] {logging_mixin.py:188} INFO - [2024-06-27T14:36:44.682+0000] {dag.py:3118} INFO - Creating ORM DAG for tutorial_dag
[2024-06-27T14:36:44.684+0000] {logging_mixin.py:188} INFO - [2024-06-27T14:36:44.684+0000] {dag.py:3954} INFO - Setting next_dagrun for tutorial_dag to None, run_after=None
[2024-06-27T14:36:44.717+0000] {processor.py:183} INFO - Processing /home/airflow/.local/lib/python3.12/site-packages/airflow/example_dags/tutorial_dag.py took 0.298 seconds
[2024-06-27T14:37:15.404+0000] {processor.py:161} INFO - Started process (PID=132) to work on /home/airflow/.local/lib/python3.12/site-packages/airflow/example_dags/tutorial_dag.py
[2024-06-27T14:37:15.409+0000] {processor.py:830} INFO - Processing file /home/airflow/.local/lib/python3.12/site-packages/airflow/example_dags/tutorial_dag.py for tasks to queue
[2024-06-27T14:37:15.413+0000] {logging_mixin.py:188} INFO - [2024-06-27T14:37:15.412+0000] {dagbag.py:545} INFO - Filling up the DagBag from /home/airflow/.local/lib/python3.12/site-packages/airflow/example_dags/tutorial_dag.py
[2024-06-27T14:37:15.421+0000] {processor.py:840} INFO - DAG(s) 'tutorial_dag' retrieved from /home/airflow/.local/lib/python3.12/site-packages/airflow/example_dags/tutorial_dag.py
[2024-06-27T14:37:15.467+0000] {logging_mixin.py:188} INFO - [2024-06-27T14:37:15.467+0000] {dag.py:3096} INFO - Sync 1 DAGs
[2024-06-27T14:37:15.492+0000] {logging_mixin.py:188} INFO - [2024-06-27T14:37:15.492+0000] {dag.py:3954} INFO - Setting next_dagrun for tutorial_dag to None, run_after=None
[2024-06-27T14:37:15.527+0000] {processor.py:183} INFO - Processing /home/airflow/.local/lib/python3.12/site-packages/airflow/example_dags/tutorial_dag.py took 0.134 seconds
[2024-06-27T14:37:46.142+0000] {processor.py:161} INFO - Started process (PID=190) to work on /home/airflow/.local/lib/python3.12/site-packages/airflow/example_dags/tutorial_dag.py
[2024-06-27T14:37:46.144+0000] {processor.py:830} INFO - Processing file /home/airflow/.local/lib/python3.12/site-packages/airflow/example_dags/tutorial_dag.py for tasks to queue
[2024-06-27T14:37:46.148+0000] {logging_mixin.py:188} INFO - [2024-06-27T14:37:46.147+0000] {dagbag.py:545} INFO - Filling up the DagBag from /home/airflow/.local/lib/python3.12/site-packages/airflow/example_dags/tutorial_dag.py
[2024-06-27T14:37:46.160+0000] {processor.py:840} INFO - DAG(s) 'tutorial_dag' retrieved from /home/airflow/.local/lib/python3.12/site-packages/airflow/example_dags/tutorial_dag.py
[2024-06-27T14:37:46.212+0000] {logging_mixin.py:188} INFO - [2024-06-27T14:37:46.211+0000] {dag.py:3096} INFO - Sync 1 DAGs
[2024-06-27T14:37:46.236+0000] {logging_mixin.py:188} INFO - [2024-06-27T14:37:46.235+0000] {dag.py:3954} INFO - Setting next_dagrun for tutorial_dag to None, run_after=None
[2024-06-27T14:37:46.280+0000] {processor.py:183} INFO - Processing /home/airflow/.local/lib/python3.12/site-packages/airflow/example_dags/tutorial_dag.py took 0.145 seconds
[2024-06-27T14:38:17.120+0000] {processor.py:161} INFO - Started process (PID=249) to work on /home/airflow/.local/lib/python3.12/site-packages/airflow/example_dags/tutorial_dag.py
[2024-06-27T14:38:17.122+0000] {processor.py:830} INFO - Processing file /home/airflow/.local/lib/python3.12/site-packages/airflow/example_dags/tutorial_dag.py for tasks to queue
[2024-06-27T14:38:17.124+0000] {logging_mixin.py:188} INFO - [2024-06-27T14:38:17.124+0000] {dagbag.py:545} INFO - Filling up the DagBag from /home/airflow/.local/lib/python3.12/site-packages/airflow/example_dags/tutorial_dag.py
[2024-06-27T14:38:17.131+0000] {processor.py:840} INFO - DAG(s) 'tutorial_dag' retrieved from /home/airflow/.local/lib/python3.12/site-packages/airflow/example_dags/tutorial_dag.py
[2024-06-27T14:38:17.166+0000] {logging_mixin.py:188} INFO - [2024-06-27T14:38:17.166+0000] {dag.py:3096} INFO - Sync 1 DAGs
[2024-06-27T14:38:17.184+0000] {logging_mixin.py:188} INFO - [2024-06-27T14:38:17.184+0000] {dag.py:3954} INFO - Setting next_dagrun for tutorial_dag to None, run_after=None
[2024-06-27T14:38:17.217+0000] {processor.py:183} INFO - Processing /home/airflow/.local/lib/python3.12/site-packages/airflow/example_dags/tutorial_dag.py took 0.105 seconds
[2024-06-27T14:39:53.112+0000] {processor.py:161} INFO - Started process (PID=77) to work on /home/airflow/.local/lib/python3.12/site-packages/airflow/example_dags/tutorial_dag.py
[2024-06-27T14:39:53.117+0000] {processor.py:830} INFO - Processing file /home/airflow/.local/lib/python3.12/site-packages/airflow/example_dags/tutorial_dag.py for tasks to queue
[2024-06-27T14:39:53.124+0000] {logging_mixin.py:188} INFO - [2024-06-27T14:39:53.123+0000] {dagbag.py:545} INFO - Filling up the DagBag from /home/airflow/.local/lib/python3.12/site-packages/airflow/example_dags/tutorial_dag.py
[2024-06-27T14:39:53.157+0000] {processor.py:840} INFO - DAG(s) 'tutorial_dag' retrieved from /home/airflow/.local/lib/python3.12/site-packages/airflow/example_dags/tutorial_dag.py
[2024-06-27T14:39:53.894+0000] {logging_mixin.py:188} INFO - [2024-06-27T14:39:53.893+0000] {dag.py:3096} INFO - Sync 1 DAGs
[2024-06-27T14:39:53.954+0000] {logging_mixin.py:188} INFO - [2024-06-27T14:39:53.953+0000] {dag.py:3954} INFO - Setting next_dagrun for tutorial_dag to None, run_after=None
[2024-06-27T14:39:54.075+0000] {processor.py:183} INFO - Processing /home/airflow/.local/lib/python3.12/site-packages/airflow/example_dags/tutorial_dag.py took 0.989 seconds
[2024-06-27T14:40:24.178+0000] {processor.py:161} INFO - Started process (PID=136) to work on /home/airflow/.local/lib/python3.12/site-packages/airflow/example_dags/tutorial_dag.py
[2024-06-27T14:40:24.179+0000] {processor.py:830} INFO - Processing file /home/airflow/.local/lib/python3.12/site-packages/airflow/example_dags/tutorial_dag.py for tasks to queue
[2024-06-27T14:40:24.181+0000] {logging_mixin.py:188} INFO - [2024-06-27T14:40:24.181+0000] {dagbag.py:545} INFO - Filling up the DagBag from /home/airflow/.local/lib/python3.12/site-packages/airflow/example_dags/tutorial_dag.py
[2024-06-27T14:40:24.187+0000] {processor.py:840} INFO - DAG(s) 'tutorial_dag' retrieved from /home/airflow/.local/lib/python3.12/site-packages/airflow/example_dags/tutorial_dag.py
[2024-06-27T14:40:24.214+0000] {logging_mixin.py:188} INFO - [2024-06-27T14:40:24.214+0000] {dag.py:3096} INFO - Sync 1 DAGs
[2024-06-27T14:40:24.230+0000] {logging_mixin.py:188} INFO - [2024-06-27T14:40:24.229+0000] {dag.py:3954} INFO - Setting next_dagrun for tutorial_dag to None, run_after=None
[2024-06-27T14:40:24.257+0000] {processor.py:183} INFO - Processing /home/airflow/.local/lib/python3.12/site-packages/airflow/example_dags/tutorial_dag.py took 0.086 seconds
[2024-06-27T14:40:54.585+0000] {processor.py:161} INFO - Started process (PID=195) to work on /home/airflow/.local/lib/python3.12/site-packages/airflow/example_dags/tutorial_dag.py
[2024-06-27T14:40:54.587+0000] {processor.py:830} INFO - Processing file /home/airflow/.local/lib/python3.12/site-packages/airflow/example_dags/tutorial_dag.py for tasks to queue
[2024-06-27T14:40:54.589+0000] {logging_mixin.py:188} INFO - [2024-06-27T14:40:54.589+0000] {dagbag.py:545} INFO - Filling up the DagBag from /home/airflow/.local/lib/python3.12/site-packages/airflow/example_dags/tutorial_dag.py
[2024-06-27T14:40:54.596+0000] {processor.py:840} INFO - DAG(s) 'tutorial_dag' retrieved from /home/airflow/.local/lib/python3.12/site-packages/airflow/example_dags/tutorial_dag.py
[2024-06-27T14:40:54.624+0000] {logging_mixin.py:188} INFO - [2024-06-27T14:40:54.624+0000] {dag.py:3096} INFO - Sync 1 DAGs
[2024-06-27T14:40:54.640+0000] {logging_mixin.py:188} INFO - [2024-06-27T14:40:54.640+0000] {dag.py:3954} INFO - Setting next_dagrun for tutorial_dag to None, run_after=None
[2024-06-27T14:40:54.669+0000] {processor.py:183} INFO - Processing /home/airflow/.local/lib/python3.12/site-packages/airflow/example_dags/tutorial_dag.py took 0.091 seconds
[2024-06-27T14:41:24.957+0000] {processor.py:161} INFO - Started process (PID=254) to work on /home/airflow/.local/lib/python3.12/site-packages/airflow/example_dags/tutorial_dag.py
[2024-06-27T14:41:24.959+0000] {processor.py:830} INFO - Processing file /home/airflow/.local/lib/python3.12/site-packages/airflow/example_dags/tutorial_dag.py for tasks to queue
[2024-06-27T14:41:24.962+0000] {logging_mixin.py:188} INFO - [2024-06-27T14:41:24.961+0000] {dagbag.py:545} INFO - Filling up the DagBag from /home/airflow/.local/lib/python3.12/site-packages/airflow/example_dags/tutorial_dag.py
[2024-06-27T14:41:24.972+0000] {processor.py:840} INFO - DAG(s) 'tutorial_dag' retrieved from /home/airflow/.local/lib/python3.12/site-packages/airflow/example_dags/tutorial_dag.py
[2024-06-27T14:41:25.008+0000] {logging_mixin.py:188} INFO - [2024-06-27T14:41:25.007+0000] {dag.py:3096} INFO - Sync 1 DAGs
[2024-06-27T14:41:25.027+0000] {logging_mixin.py:188} INFO - [2024-06-27T14:41:25.027+0000] {dag.py:3954} INFO - Setting next_dagrun for tutorial_dag to None, run_after=None
[2024-06-27T14:41:25.059+0000] {processor.py:183} INFO - Processing /home/airflow/.local/lib/python3.12/site-packages/airflow/example_dags/tutorial_dag.py took 0.112 seconds
[2024-06-27T14:41:55.274+0000] {processor.py:161} INFO - Started process (PID=313) to work on /home/airflow/.local/lib/python3.12/site-packages/airflow/example_dags/tutorial_dag.py
[2024-06-27T14:41:55.275+0000] {processor.py:830} INFO - Processing file /home/airflow/.local/lib/python3.12/site-packages/airflow/example_dags/tutorial_dag.py for tasks to queue
[2024-06-27T14:41:55.279+0000] {logging_mixin.py:188} INFO - [2024-06-27T14:41:55.278+0000] {dagbag.py:545} INFO - Filling up the DagBag from /home/airflow/.local/lib/python3.12/site-packages/airflow/example_dags/tutorial_dag.py
[2024-06-27T14:41:55.286+0000] {processor.py:840} INFO - DAG(s) 'tutorial_dag' retrieved from /home/airflow/.local/lib/python3.12/site-packages/airflow/example_dags/tutorial_dag.py
[2024-06-27T14:41:55.321+0000] {logging_mixin.py:188} INFO - [2024-06-27T14:41:55.320+0000] {dag.py:3096} INFO - Sync 1 DAGs
[2024-06-27T14:41:55.340+0000] {logging_mixin.py:188} INFO - [2024-06-27T14:41:55.340+0000] {dag.py:3954} INFO - Setting next_dagrun for tutorial_dag to None, run_after=None
[2024-06-27T14:41:55.373+0000] {processor.py:183} INFO - Processing /home/airflow/.local/lib/python3.12/site-packages/airflow/example_dags/tutorial_dag.py took 0.110 seconds
[2024-06-27T14:42:25.576+0000] {processor.py:161} INFO - Started process (PID=372) to work on /home/airflow/.local/lib/python3.12/site-packages/airflow/example_dags/tutorial_dag.py
[2024-06-27T14:42:25.578+0000] {processor.py:830} INFO - Processing file /home/airflow/.local/lib/python3.12/site-packages/airflow/example_dags/tutorial_dag.py for tasks to queue
[2024-06-27T14:42:25.581+0000] {logging_mixin.py:188} INFO - [2024-06-27T14:42:25.580+0000] {dagbag.py:545} INFO - Filling up the DagBag from /home/airflow/.local/lib/python3.12/site-packages/airflow/example_dags/tutorial_dag.py
[2024-06-27T14:42:25.587+0000] {processor.py:840} INFO - DAG(s) 'tutorial_dag' retrieved from /home/airflow/.local/lib/python3.12/site-packages/airflow/example_dags/tutorial_dag.py
[2024-06-27T14:42:25.613+0000] {logging_mixin.py:188} INFO - [2024-06-27T14:42:25.613+0000] {dag.py:3096} INFO - Sync 1 DAGs
[2024-06-27T14:42:25.629+0000] {logging_mixin.py:188} INFO - [2024-06-27T14:42:25.629+0000] {dag.py:3954} INFO - Setting next_dagrun for tutorial_dag to None, run_after=None
[2024-06-27T14:42:25.658+0000] {processor.py:183} INFO - Processing /home/airflow/.local/lib/python3.12/site-packages/airflow/example_dags/tutorial_dag.py took 0.089 seconds
[2024-06-27T14:44:28.404+0000] {processor.py:161} INFO - Started process (PID=71) to work on /home/airflow/.local/lib/python3.12/site-packages/airflow/example_dags/tutorial_dag.py
[2024-06-27T14:44:28.406+0000] {processor.py:830} INFO - Processing file /home/airflow/.local/lib/python3.12/site-packages/airflow/example_dags/tutorial_dag.py for tasks to queue
[2024-06-27T14:44:28.410+0000] {logging_mixin.py:188} INFO - [2024-06-27T14:44:28.410+0000] {dagbag.py:545} INFO - Filling up the DagBag from /home/airflow/.local/lib/python3.12/site-packages/airflow/example_dags/tutorial_dag.py
[2024-06-27T14:44:28.422+0000] {processor.py:840} INFO - DAG(s) 'tutorial_dag' retrieved from /home/airflow/.local/lib/python3.12/site-packages/airflow/example_dags/tutorial_dag.py
[2024-06-27T14:44:28.598+0000] {logging_mixin.py:188} INFO - [2024-06-27T14:44:28.597+0000] {dag.py:3096} INFO - Sync 1 DAGs
[2024-06-27T14:44:28.617+0000] {logging_mixin.py:188} INFO - [2024-06-27T14:44:28.617+0000] {dag.py:3954} INFO - Setting next_dagrun for tutorial_dag to None, run_after=None
[2024-06-27T14:44:28.649+0000] {processor.py:183} INFO - Processing /home/airflow/.local/lib/python3.12/site-packages/airflow/example_dags/tutorial_dag.py took 0.254 seconds
[2024-06-27T14:44:59.367+0000] {processor.py:161} INFO - Started process (PID=130) to work on /home/airflow/.local/lib/python3.12/site-packages/airflow/example_dags/tutorial_dag.py
[2024-06-27T14:44:59.369+0000] {processor.py:830} INFO - Processing file /home/airflow/.local/lib/python3.12/site-packages/airflow/example_dags/tutorial_dag.py for tasks to queue
[2024-06-27T14:44:59.373+0000] {logging_mixin.py:188} INFO - [2024-06-27T14:44:59.372+0000] {dagbag.py:545} INFO - Filling up the DagBag from /home/airflow/.local/lib/python3.12/site-packages/airflow/example_dags/tutorial_dag.py
[2024-06-27T14:44:59.380+0000] {processor.py:840} INFO - DAG(s) 'tutorial_dag' retrieved from /home/airflow/.local/lib/python3.12/site-packages/airflow/example_dags/tutorial_dag.py
[2024-06-27T14:44:59.416+0000] {logging_mixin.py:188} INFO - [2024-06-27T14:44:59.415+0000] {dag.py:3096} INFO - Sync 1 DAGs
[2024-06-27T14:44:59.438+0000] {logging_mixin.py:188} INFO - [2024-06-27T14:44:59.438+0000] {dag.py:3954} INFO - Setting next_dagrun for tutorial_dag to None, run_after=None
[2024-06-27T14:44:59.475+0000] {processor.py:183} INFO - Processing /home/airflow/.local/lib/python3.12/site-packages/airflow/example_dags/tutorial_dag.py took 0.116 seconds
[2024-06-27T14:45:29.665+0000] {processor.py:161} INFO - Started process (PID=189) to work on /home/airflow/.local/lib/python3.12/site-packages/airflow/example_dags/tutorial_dag.py
[2024-06-27T14:45:29.668+0000] {processor.py:830} INFO - Processing file /home/airflow/.local/lib/python3.12/site-packages/airflow/example_dags/tutorial_dag.py for tasks to queue
[2024-06-27T14:45:29.670+0000] {logging_mixin.py:188} INFO - [2024-06-27T14:45:29.670+0000] {dagbag.py:545} INFO - Filling up the DagBag from /home/airflow/.local/lib/python3.12/site-packages/airflow/example_dags/tutorial_dag.py
[2024-06-27T14:45:29.678+0000] {processor.py:840} INFO - DAG(s) 'tutorial_dag' retrieved from /home/airflow/.local/lib/python3.12/site-packages/airflow/example_dags/tutorial_dag.py
[2024-06-27T14:45:29.707+0000] {logging_mixin.py:188} INFO - [2024-06-27T14:45:29.707+0000] {dag.py:3096} INFO - Sync 1 DAGs
[2024-06-27T14:45:29.723+0000] {logging_mixin.py:188} INFO - [2024-06-27T14:45:29.723+0000] {dag.py:3954} INFO - Setting next_dagrun for tutorial_dag to None, run_after=None
[2024-06-27T14:45:29.752+0000] {processor.py:183} INFO - Processing /home/airflow/.local/lib/python3.12/site-packages/airflow/example_dags/tutorial_dag.py took 0.094 seconds
[2024-06-27T14:45:59.937+0000] {processor.py:161} INFO - Started process (PID=248) to work on /home/airflow/.local/lib/python3.12/site-packages/airflow/example_dags/tutorial_dag.py
[2024-06-27T14:45:59.939+0000] {processor.py:830} INFO - Processing file /home/airflow/.local/lib/python3.12/site-packages/airflow/example_dags/tutorial_dag.py for tasks to queue
[2024-06-27T14:45:59.942+0000] {logging_mixin.py:188} INFO - [2024-06-27T14:45:59.941+0000] {dagbag.py:545} INFO - Filling up the DagBag from /home/airflow/.local/lib/python3.12/site-packages/airflow/example_dags/tutorial_dag.py
[2024-06-27T14:45:59.949+0000] {processor.py:840} INFO - DAG(s) 'tutorial_dag' retrieved from /home/airflow/.local/lib/python3.12/site-packages/airflow/example_dags/tutorial_dag.py
[2024-06-27T14:45:59.982+0000] {logging_mixin.py:188} INFO - [2024-06-27T14:45:59.981+0000] {dag.py:3096} INFO - Sync 1 DAGs
[2024-06-27T14:45:59.998+0000] {logging_mixin.py:188} INFO - [2024-06-27T14:45:59.998+0000] {dag.py:3954} INFO - Setting next_dagrun for tutorial_dag to None, run_after=None
[2024-06-27T14:46:00.032+0000] {processor.py:183} INFO - Processing /home/airflow/.local/lib/python3.12/site-packages/airflow/example_dags/tutorial_dag.py took 0.103 seconds
[2024-06-27T14:46:30.150+0000] {processor.py:161} INFO - Started process (PID=307) to work on /home/airflow/.local/lib/python3.12/site-packages/airflow/example_dags/tutorial_dag.py
[2024-06-27T14:46:30.152+0000] {processor.py:830} INFO - Processing file /home/airflow/.local/lib/python3.12/site-packages/airflow/example_dags/tutorial_dag.py for tasks to queue
[2024-06-27T14:46:30.155+0000] {logging_mixin.py:188} INFO - [2024-06-27T14:46:30.155+0000] {dagbag.py:545} INFO - Filling up the DagBag from /home/airflow/.local/lib/python3.12/site-packages/airflow/example_dags/tutorial_dag.py
[2024-06-27T14:46:30.163+0000] {processor.py:840} INFO - DAG(s) 'tutorial_dag' retrieved from /home/airflow/.local/lib/python3.12/site-packages/airflow/example_dags/tutorial_dag.py
[2024-06-27T14:46:30.194+0000] {logging_mixin.py:188} INFO - [2024-06-27T14:46:30.193+0000] {dag.py:3096} INFO - Sync 1 DAGs
[2024-06-27T14:46:30.212+0000] {logging_mixin.py:188} INFO - [2024-06-27T14:46:30.211+0000] {dag.py:3954} INFO - Setting next_dagrun for tutorial_dag to None, run_after=None
[2024-06-27T14:46:30.242+0000] {processor.py:183} INFO - Processing /home/airflow/.local/lib/python3.12/site-packages/airflow/example_dags/tutorial_dag.py took 0.098 seconds
[2024-06-27T14:59:01.489+0000] {processor.py:161} INFO - Started process (PID=76) to work on /home/airflow/.local/lib/python3.12/site-packages/airflow/example_dags/tutorial_dag.py
[2024-06-27T14:59:01.491+0000] {processor.py:830} INFO - Processing file /home/airflow/.local/lib/python3.12/site-packages/airflow/example_dags/tutorial_dag.py for tasks to queue
[2024-06-27T14:59:01.497+0000] {logging_mixin.py:188} INFO - [2024-06-27T14:59:01.496+0000] {dagbag.py:545} INFO - Filling up the DagBag from /home/airflow/.local/lib/python3.12/site-packages/airflow/example_dags/tutorial_dag.py
[2024-06-27T14:59:01.536+0000] {processor.py:840} INFO - DAG(s) 'tutorial_dag' retrieved from /home/airflow/.local/lib/python3.12/site-packages/airflow/example_dags/tutorial_dag.py
[2024-06-27T14:59:01.576+0000] {logging_mixin.py:188} INFO - [2024-06-27T14:59:01.575+0000] {dag.py:3096} INFO - Sync 1 DAGs
[2024-06-27T14:59:01.611+0000] {logging_mixin.py:188} INFO - [2024-06-27T14:59:01.611+0000] {dag.py:3954} INFO - Setting next_dagrun for tutorial_dag to None, run_after=None
[2024-06-27T14:59:01.662+0000] {processor.py:183} INFO - Processing /home/airflow/.local/lib/python3.12/site-packages/airflow/example_dags/tutorial_dag.py took 0.205 seconds
[2024-06-27T14:59:33.987+0000] {processor.py:161} INFO - Started process (PID=135) to work on /home/airflow/.local/lib/python3.12/site-packages/airflow/example_dags/tutorial_dag.py
[2024-06-27T14:59:33.991+0000] {processor.py:830} INFO - Processing file /home/airflow/.local/lib/python3.12/site-packages/airflow/example_dags/tutorial_dag.py for tasks to queue
[2024-06-27T14:59:33.995+0000] {logging_mixin.py:188} INFO - [2024-06-27T14:59:33.994+0000] {dagbag.py:545} INFO - Filling up the DagBag from /home/airflow/.local/lib/python3.12/site-packages/airflow/example_dags/tutorial_dag.py
[2024-06-27T14:59:34.003+0000] {processor.py:840} INFO - DAG(s) 'tutorial_dag' retrieved from /home/airflow/.local/lib/python3.12/site-packages/airflow/example_dags/tutorial_dag.py
[2024-06-27T14:59:34.164+0000] {logging_mixin.py:188} INFO - [2024-06-27T14:59:34.164+0000] {dag.py:3096} INFO - Sync 1 DAGs
[2024-06-27T14:59:34.179+0000] {logging_mixin.py:188} INFO - [2024-06-27T14:59:34.179+0000] {dag.py:3954} INFO - Setting next_dagrun for tutorial_dag to None, run_after=None
[2024-06-27T14:59:34.208+0000] {processor.py:183} INFO - Processing /home/airflow/.local/lib/python3.12/site-packages/airflow/example_dags/tutorial_dag.py took 0.230 seconds
[2024-06-27T15:00:04.636+0000] {processor.py:161} INFO - Started process (PID=194) to work on /home/airflow/.local/lib/python3.12/site-packages/airflow/example_dags/tutorial_dag.py
[2024-06-27T15:00:04.638+0000] {processor.py:830} INFO - Processing file /home/airflow/.local/lib/python3.12/site-packages/airflow/example_dags/tutorial_dag.py for tasks to queue
[2024-06-27T15:00:04.640+0000] {logging_mixin.py:188} INFO - [2024-06-27T15:00:04.640+0000] {dagbag.py:545} INFO - Filling up the DagBag from /home/airflow/.local/lib/python3.12/site-packages/airflow/example_dags/tutorial_dag.py
[2024-06-27T15:00:04.648+0000] {processor.py:840} INFO - DAG(s) 'tutorial_dag' retrieved from /home/airflow/.local/lib/python3.12/site-packages/airflow/example_dags/tutorial_dag.py
[2024-06-27T15:00:04.678+0000] {logging_mixin.py:188} INFO - [2024-06-27T15:00:04.677+0000] {dag.py:3096} INFO - Sync 1 DAGs
[2024-06-27T15:00:04.696+0000] {logging_mixin.py:188} INFO - [2024-06-27T15:00:04.696+0000] {dag.py:3954} INFO - Setting next_dagrun for tutorial_dag to None, run_after=None
[2024-06-27T15:00:04.724+0000] {processor.py:183} INFO - Processing /home/airflow/.local/lib/python3.12/site-packages/airflow/example_dags/tutorial_dag.py took 0.096 seconds
[2024-06-27T15:00:35.949+0000] {processor.py:161} INFO - Started process (PID=253) to work on /home/airflow/.local/lib/python3.12/site-packages/airflow/example_dags/tutorial_dag.py
[2024-06-27T15:00:35.951+0000] {processor.py:830} INFO - Processing file /home/airflow/.local/lib/python3.12/site-packages/airflow/example_dags/tutorial_dag.py for tasks to queue
[2024-06-27T15:00:35.957+0000] {logging_mixin.py:188} INFO - [2024-06-27T15:00:35.954+0000] {dagbag.py:545} INFO - Filling up the DagBag from /home/airflow/.local/lib/python3.12/site-packages/airflow/example_dags/tutorial_dag.py
[2024-06-27T15:00:35.969+0000] {processor.py:840} INFO - DAG(s) 'tutorial_dag' retrieved from /home/airflow/.local/lib/python3.12/site-packages/airflow/example_dags/tutorial_dag.py
[2024-06-27T15:00:36.013+0000] {logging_mixin.py:188} INFO - [2024-06-27T15:00:36.012+0000] {dag.py:3096} INFO - Sync 1 DAGs
[2024-06-27T15:00:36.039+0000] {logging_mixin.py:188} INFO - [2024-06-27T15:00:36.039+0000] {dag.py:3954} INFO - Setting next_dagrun for tutorial_dag to None, run_after=None
[2024-06-27T15:00:36.077+0000] {processor.py:183} INFO - Processing /home/airflow/.local/lib/python3.12/site-packages/airflow/example_dags/tutorial_dag.py took 0.136 seconds
[2024-06-27T15:02:20.209+0000] {processor.py:161} INFO - Started process (PID=87) to work on /home/airflow/.local/lib/python3.12/site-packages/airflow/example_dags/tutorial_dag.py
[2024-06-27T15:02:20.211+0000] {processor.py:830} INFO - Processing file /home/airflow/.local/lib/python3.12/site-packages/airflow/example_dags/tutorial_dag.py for tasks to queue
[2024-06-27T15:02:20.214+0000] {logging_mixin.py:188} INFO - [2024-06-27T15:02:20.214+0000] {dagbag.py:545} INFO - Filling up the DagBag from /home/airflow/.local/lib/python3.12/site-packages/airflow/example_dags/tutorial_dag.py
[2024-06-27T15:02:20.224+0000] {processor.py:840} INFO - DAG(s) 'tutorial_dag' retrieved from /home/airflow/.local/lib/python3.12/site-packages/airflow/example_dags/tutorial_dag.py
[2024-06-27T15:02:20.361+0000] {logging_mixin.py:188} INFO - [2024-06-27T15:02:20.360+0000] {dag.py:3096} INFO - Sync 1 DAGs
[2024-06-27T15:02:20.377+0000] {logging_mixin.py:188} INFO - [2024-06-27T15:02:20.376+0000] {dag.py:3954} INFO - Setting next_dagrun for tutorial_dag to None, run_after=None
[2024-06-27T15:02:20.403+0000] {processor.py:183} INFO - Processing /home/airflow/.local/lib/python3.12/site-packages/airflow/example_dags/tutorial_dag.py took 0.200 seconds
[2024-06-27T15:02:51.131+0000] {processor.py:161} INFO - Started process (PID=155) to work on /home/airflow/.local/lib/python3.12/site-packages/airflow/example_dags/tutorial_dag.py
[2024-06-27T15:02:51.133+0000] {processor.py:830} INFO - Processing file /home/airflow/.local/lib/python3.12/site-packages/airflow/example_dags/tutorial_dag.py for tasks to queue
[2024-06-27T15:02:51.137+0000] {logging_mixin.py:188} INFO - [2024-06-27T15:02:51.136+0000] {dagbag.py:545} INFO - Filling up the DagBag from /home/airflow/.local/lib/python3.12/site-packages/airflow/example_dags/tutorial_dag.py
[2024-06-27T15:02:51.149+0000] {processor.py:840} INFO - DAG(s) 'tutorial_dag' retrieved from /home/airflow/.local/lib/python3.12/site-packages/airflow/example_dags/tutorial_dag.py
[2024-06-27T15:02:51.184+0000] {logging_mixin.py:188} INFO - [2024-06-27T15:02:51.183+0000] {dag.py:3096} INFO - Sync 1 DAGs
[2024-06-27T15:02:51.203+0000] {logging_mixin.py:188} INFO - [2024-06-27T15:02:51.203+0000] {dag.py:3954} INFO - Setting next_dagrun for tutorial_dag to None, run_after=None
[2024-06-27T15:02:51.242+0000] {processor.py:183} INFO - Processing /home/airflow/.local/lib/python3.12/site-packages/airflow/example_dags/tutorial_dag.py took 0.124 seconds
[2024-06-27T15:03:21.346+0000] {processor.py:161} INFO - Started process (PID=223) to work on /home/airflow/.local/lib/python3.12/site-packages/airflow/example_dags/tutorial_dag.py
[2024-06-27T15:03:21.347+0000] {processor.py:830} INFO - Processing file /home/airflow/.local/lib/python3.12/site-packages/airflow/example_dags/tutorial_dag.py for tasks to queue
[2024-06-27T15:03:21.350+0000] {logging_mixin.py:188} INFO - [2024-06-27T15:03:21.349+0000] {dagbag.py:545} INFO - Filling up the DagBag from /home/airflow/.local/lib/python3.12/site-packages/airflow/example_dags/tutorial_dag.py
[2024-06-27T15:03:21.356+0000] {processor.py:840} INFO - DAG(s) 'tutorial_dag' retrieved from /home/airflow/.local/lib/python3.12/site-packages/airflow/example_dags/tutorial_dag.py
[2024-06-27T15:03:21.386+0000] {logging_mixin.py:188} INFO - [2024-06-27T15:03:21.386+0000] {dag.py:3096} INFO - Sync 1 DAGs
[2024-06-27T15:03:21.403+0000] {logging_mixin.py:188} INFO - [2024-06-27T15:03:21.403+0000] {dag.py:3954} INFO - Setting next_dagrun for tutorial_dag to None, run_after=None
[2024-06-27T15:03:21.429+0000] {processor.py:183} INFO - Processing /home/airflow/.local/lib/python3.12/site-packages/airflow/example_dags/tutorial_dag.py took 0.093 seconds
[2024-06-27T15:04:01.783+0000] {processor.py:161} INFO - Started process (PID=291) to work on /home/airflow/.local/lib/python3.12/site-packages/airflow/example_dags/tutorial_dag.py
[2024-06-27T15:04:01.811+0000] {processor.py:830} INFO - Processing file /home/airflow/.local/lib/python3.12/site-packages/airflow/example_dags/tutorial_dag.py for tasks to queue
[2024-06-27T15:04:01.942+0000] {logging_mixin.py:188} INFO - [2024-06-27T15:04:01.939+0000] {dagbag.py:545} INFO - Filling up the DagBag from /home/airflow/.local/lib/python3.12/site-packages/airflow/example_dags/tutorial_dag.py
[2024-06-27T15:04:02.032+0000] {processor.py:840} INFO - DAG(s) 'tutorial_dag' retrieved from /home/airflow/.local/lib/python3.12/site-packages/airflow/example_dags/tutorial_dag.py
[2024-06-27T15:04:02.293+0000] {logging_mixin.py:188} INFO - [2024-06-27T15:04:02.290+0000] {dag.py:3096} INFO - Sync 1 DAGs
[2024-06-27T15:04:02.545+0000] {logging_mixin.py:188} INFO - [2024-06-27T15:04:02.541+0000] {dag.py:3954} INFO - Setting next_dagrun for tutorial_dag to None, run_after=None
[2024-06-27T15:04:02.776+0000] {processor.py:183} INFO - Processing /home/airflow/.local/lib/python3.12/site-packages/airflow/example_dags/tutorial_dag.py took 1.080 seconds
[2024-06-27T15:04:33.107+0000] {processor.py:161} INFO - Started process (PID=376) to work on /home/airflow/.local/lib/python3.12/site-packages/airflow/example_dags/tutorial_dag.py
[2024-06-27T15:04:33.111+0000] {processor.py:830} INFO - Processing file /home/airflow/.local/lib/python3.12/site-packages/airflow/example_dags/tutorial_dag.py for tasks to queue
[2024-06-27T15:04:33.122+0000] {logging_mixin.py:188} INFO - [2024-06-27T15:04:33.121+0000] {dagbag.py:545} INFO - Filling up the DagBag from /home/airflow/.local/lib/python3.12/site-packages/airflow/example_dags/tutorial_dag.py
[2024-06-27T15:04:33.138+0000] {processor.py:840} INFO - DAG(s) 'tutorial_dag' retrieved from /home/airflow/.local/lib/python3.12/site-packages/airflow/example_dags/tutorial_dag.py
[2024-06-27T15:04:33.196+0000] {logging_mixin.py:188} INFO - [2024-06-27T15:04:33.196+0000] {dag.py:3096} INFO - Sync 1 DAGs
[2024-06-27T15:04:33.232+0000] {logging_mixin.py:188} INFO - [2024-06-27T15:04:33.231+0000] {dag.py:3954} INFO - Setting next_dagrun for tutorial_dag to None, run_after=None
[2024-06-27T15:04:33.292+0000] {processor.py:183} INFO - Processing /home/airflow/.local/lib/python3.12/site-packages/airflow/example_dags/tutorial_dag.py took 0.204 seconds
[2024-06-27T15:05:05.396+0000] {processor.py:161} INFO - Started process (PID=448) to work on /home/airflow/.local/lib/python3.12/site-packages/airflow/example_dags/tutorial_dag.py
[2024-06-27T15:05:05.400+0000] {processor.py:830} INFO - Processing file /home/airflow/.local/lib/python3.12/site-packages/airflow/example_dags/tutorial_dag.py for tasks to queue
[2024-06-27T15:05:05.404+0000] {logging_mixin.py:188} INFO - [2024-06-27T15:05:05.404+0000] {dagbag.py:545} INFO - Filling up the DagBag from /home/airflow/.local/lib/python3.12/site-packages/airflow/example_dags/tutorial_dag.py
[2024-06-27T15:05:05.423+0000] {processor.py:840} INFO - DAG(s) 'tutorial_dag' retrieved from /home/airflow/.local/lib/python3.12/site-packages/airflow/example_dags/tutorial_dag.py
[2024-06-27T15:05:05.474+0000] {logging_mixin.py:188} INFO - [2024-06-27T15:05:05.474+0000] {dag.py:3096} INFO - Sync 1 DAGs
[2024-06-27T15:05:05.512+0000] {logging_mixin.py:188} INFO - [2024-06-27T15:05:05.511+0000] {dag.py:3954} INFO - Setting next_dagrun for tutorial_dag to None, run_after=None
[2024-06-27T15:05:05.589+0000] {processor.py:183} INFO - Processing /home/airflow/.local/lib/python3.12/site-packages/airflow/example_dags/tutorial_dag.py took 0.209 seconds
[2024-06-27T15:05:38.483+0000] {processor.py:161} INFO - Started process (PID=539) to work on /home/airflow/.local/lib/python3.12/site-packages/airflow/example_dags/tutorial_dag.py
[2024-06-27T15:05:38.487+0000] {processor.py:830} INFO - Processing file /home/airflow/.local/lib/python3.12/site-packages/airflow/example_dags/tutorial_dag.py for tasks to queue
[2024-06-27T15:05:38.495+0000] {logging_mixin.py:188} INFO - [2024-06-27T15:05:38.493+0000] {dagbag.py:545} INFO - Filling up the DagBag from /home/airflow/.local/lib/python3.12/site-packages/airflow/example_dags/tutorial_dag.py
[2024-06-27T15:05:38.514+0000] {processor.py:840} INFO - DAG(s) 'tutorial_dag' retrieved from /home/airflow/.local/lib/python3.12/site-packages/airflow/example_dags/tutorial_dag.py
[2024-06-27T15:05:38.594+0000] {logging_mixin.py:188} INFO - [2024-06-27T15:05:38.593+0000] {dag.py:3096} INFO - Sync 1 DAGs
[2024-06-27T15:05:38.645+0000] {logging_mixin.py:188} INFO - [2024-06-27T15:05:38.644+0000] {dag.py:3954} INFO - Setting next_dagrun for tutorial_dag to None, run_after=None
[2024-06-27T15:05:38.702+0000] {processor.py:183} INFO - Processing /home/airflow/.local/lib/python3.12/site-packages/airflow/example_dags/tutorial_dag.py took 0.242 seconds
[2024-06-27T15:06:12.598+0000] {processor.py:161} INFO - Started process (PID=613) to work on /home/airflow/.local/lib/python3.12/site-packages/airflow/example_dags/tutorial_dag.py
[2024-06-27T15:06:12.602+0000] {processor.py:830} INFO - Processing file /home/airflow/.local/lib/python3.12/site-packages/airflow/example_dags/tutorial_dag.py for tasks to queue
[2024-06-27T15:06:12.612+0000] {logging_mixin.py:188} INFO - [2024-06-27T15:06:12.611+0000] {dagbag.py:545} INFO - Filling up the DagBag from /home/airflow/.local/lib/python3.12/site-packages/airflow/example_dags/tutorial_dag.py
[2024-06-27T15:06:12.645+0000] {processor.py:840} INFO - DAG(s) 'tutorial_dag' retrieved from /home/airflow/.local/lib/python3.12/site-packages/airflow/example_dags/tutorial_dag.py
[2024-06-27T15:06:12.759+0000] {logging_mixin.py:188} INFO - [2024-06-27T15:06:12.758+0000] {dag.py:3096} INFO - Sync 1 DAGs
[2024-06-27T15:06:12.857+0000] {logging_mixin.py:188} INFO - [2024-06-27T15:06:12.856+0000] {dag.py:3954} INFO - Setting next_dagrun for tutorial_dag to None, run_after=None
[2024-06-27T15:06:12.990+0000] {processor.py:183} INFO - Processing /home/airflow/.local/lib/python3.12/site-packages/airflow/example_dags/tutorial_dag.py took 0.425 seconds
[2024-06-27T15:06:45.269+0000] {processor.py:161} INFO - Started process (PID=697) to work on /home/airflow/.local/lib/python3.12/site-packages/airflow/example_dags/tutorial_dag.py
[2024-06-27T15:06:45.272+0000] {processor.py:830} INFO - Processing file /home/airflow/.local/lib/python3.12/site-packages/airflow/example_dags/tutorial_dag.py for tasks to queue
[2024-06-27T15:06:45.286+0000] {logging_mixin.py:188} INFO - [2024-06-27T15:06:45.285+0000] {dagbag.py:545} INFO - Filling up the DagBag from /home/airflow/.local/lib/python3.12/site-packages/airflow/example_dags/tutorial_dag.py
[2024-06-27T15:06:45.328+0000] {processor.py:840} INFO - DAG(s) 'tutorial_dag' retrieved from /home/airflow/.local/lib/python3.12/site-packages/airflow/example_dags/tutorial_dag.py
[2024-06-27T15:06:45.616+0000] {logging_mixin.py:188} INFO - [2024-06-27T15:06:45.615+0000] {dag.py:3096} INFO - Sync 1 DAGs
[2024-06-27T15:06:45.685+0000] {logging_mixin.py:188} INFO - [2024-06-27T15:06:45.684+0000] {dag.py:3954} INFO - Setting next_dagrun for tutorial_dag to None, run_after=None
[2024-06-27T15:06:45.817+0000] {processor.py:183} INFO - Processing /home/airflow/.local/lib/python3.12/site-packages/airflow/example_dags/tutorial_dag.py took 0.576 seconds
[2024-06-27T15:07:16.416+0000] {processor.py:161} INFO - Started process (PID=786) to work on /home/airflow/.local/lib/python3.12/site-packages/airflow/example_dags/tutorial_dag.py
[2024-06-27T15:07:16.419+0000] {processor.py:830} INFO - Processing file /home/airflow/.local/lib/python3.12/site-packages/airflow/example_dags/tutorial_dag.py for tasks to queue
[2024-06-27T15:07:16.424+0000] {logging_mixin.py:188} INFO - [2024-06-27T15:07:16.423+0000] {dagbag.py:545} INFO - Filling up the DagBag from /home/airflow/.local/lib/python3.12/site-packages/airflow/example_dags/tutorial_dag.py
[2024-06-27T15:07:16.439+0000] {processor.py:840} INFO - DAG(s) 'tutorial_dag' retrieved from /home/airflow/.local/lib/python3.12/site-packages/airflow/example_dags/tutorial_dag.py
[2024-06-27T15:07:16.496+0000] {logging_mixin.py:188} INFO - [2024-06-27T15:07:16.495+0000] {dag.py:3096} INFO - Sync 1 DAGs
[2024-06-27T15:07:16.535+0000] {logging_mixin.py:188} INFO - [2024-06-27T15:07:16.534+0000] {dag.py:3954} INFO - Setting next_dagrun for tutorial_dag to None, run_after=None
[2024-06-27T15:07:16.585+0000] {processor.py:183} INFO - Processing /home/airflow/.local/lib/python3.12/site-packages/airflow/example_dags/tutorial_dag.py took 0.188 seconds
[2024-06-27T15:07:48.174+0000] {processor.py:161} INFO - Started process (PID=867) to work on /home/airflow/.local/lib/python3.12/site-packages/airflow/example_dags/tutorial_dag.py
[2024-06-27T15:07:48.188+0000] {processor.py:830} INFO - Processing file /home/airflow/.local/lib/python3.12/site-packages/airflow/example_dags/tutorial_dag.py for tasks to queue
[2024-06-27T15:07:48.211+0000] {logging_mixin.py:188} INFO - [2024-06-27T15:07:48.208+0000] {dagbag.py:545} INFO - Filling up the DagBag from /home/airflow/.local/lib/python3.12/site-packages/airflow/example_dags/tutorial_dag.py
[2024-06-27T15:07:48.259+0000] {processor.py:840} INFO - DAG(s) 'tutorial_dag' retrieved from /home/airflow/.local/lib/python3.12/site-packages/airflow/example_dags/tutorial_dag.py
[2024-06-27T15:07:48.501+0000] {logging_mixin.py:188} INFO - [2024-06-27T15:07:48.499+0000] {dag.py:3096} INFO - Sync 1 DAGs
[2024-06-27T15:07:48.598+0000] {logging_mixin.py:188} INFO - [2024-06-27T15:07:48.597+0000] {dag.py:3954} INFO - Setting next_dagrun for tutorial_dag to None, run_after=None
[2024-06-27T15:07:48.689+0000] {processor.py:183} INFO - Processing /home/airflow/.local/lib/python3.12/site-packages/airflow/example_dags/tutorial_dag.py took 0.583 seconds
