[2024-06-27T15:07:28.510+0000] {local_task_job_runner.py:120} INFO - ::group::Pre task execution logs
[2024-06-27T15:07:28.564+0000] {taskinstance.py:2076} INFO - Dependencies all met for dep_context=non-requeueable deps ti=<TaskInstance: my_sample_dag.task_from_script1 scheduled__2023-03-09T00:00:00+00:00 [queued]>
[2024-06-27T15:07:28.586+0000] {taskinstance.py:2076} INFO - Dependencies all met for dep_context=requeueable deps ti=<TaskInstance: my_sample_dag.task_from_script1 scheduled__2023-03-09T00:00:00+00:00 [queued]>
[2024-06-27T15:07:28.588+0000] {taskinstance.py:2306} INFO - Starting attempt 1 of 2
[2024-06-27T15:07:28.615+0000] {taskinstance.py:2330} INFO - Executing <Task(PythonOperator): task_from_script1> on 2023-03-09 00:00:00+00:00
[2024-06-27T15:07:28.632+0000] {warnings.py:112} WARNING - /home/***/.local/lib/python3.12/site-packages/***/task/task_runner/standard_task_runner.py:61: DeprecationWarning: This process (pid=1958) is multi-threaded, use of fork() may lead to deadlocks in the child.
  pid = os.fork()

[2024-06-27T15:07:28.637+0000] {standard_task_runner.py:63} INFO - Started process 2046 to run task
[2024-06-27T15:07:28.636+0000] {standard_task_runner.py:90} INFO - Running: ['***', 'tasks', 'run', 'my_sample_dag', 'task_from_script1', 'scheduled__2023-03-09T00:00:00+00:00', '--job-id', '144', '--raw', '--subdir', 'DAGS_FOLDER/my_dag.py', '--cfg-path', '/tmp/tmpwu41s1no']
[2024-06-27T15:07:28.642+0000] {standard_task_runner.py:91} INFO - Job 144: Subtask task_from_script1
[2024-06-27T15:07:28.763+0000] {task_command.py:426} INFO - Running <TaskInstance: my_sample_dag.task_from_script1 scheduled__2023-03-09T00:00:00+00:00 [running]> on host dccfc2b642a8
[2024-06-27T15:07:29.031+0000] {taskinstance.py:2648} INFO - Exporting env vars: AIRFLOW_CTX_DAG_OWNER='***' AIRFLOW_CTX_DAG_ID='my_sample_dag' AIRFLOW_CTX_TASK_ID='task_from_script1' AIRFLOW_CTX_EXECUTION_DATE='2023-03-09T00:00:00+00:00' AIRFLOW_CTX_TRY_NUMBER='1' AIRFLOW_CTX_DAG_RUN_ID='scheduled__2023-03-09T00:00:00+00:00'
[2024-06-27T15:07:29.038+0000] {taskinstance.py:430} INFO - ::endgroup::
[2024-06-27T15:07:29.633+0000] {logging_mixin.py:188} INFO - Données API ok..
[2024-06-27T15:07:29.947+0000] {logging_mixin.py:188} INFO - Sauvegarde ok ..
[2024-06-27T15:07:29.966+0000] {python.py:237} INFO - Done. Returned value was: None
[2024-06-27T15:07:29.971+0000] {taskinstance.py:441} INFO - ::group::Post task execution logs
[2024-06-27T15:07:29.999+0000] {taskinstance.py:1206} INFO - Marking task as SUCCESS. dag_id=my_sample_dag, task_id=task_from_script1, run_id=scheduled__2023-03-09T00:00:00+00:00, execution_date=20230309T000000, start_date=20240627T150728, end_date=20240627T150729
[2024-06-27T15:07:30.068+0000] {local_task_job_runner.py:240} INFO - Task exited with return code 0
[2024-06-27T15:07:30.132+0000] {taskinstance.py:3503} INFO - 1 downstream tasks scheduled from follow-on schedule check
[2024-06-27T15:07:30.139+0000] {local_task_job_runner.py:222} INFO - ::endgroup::
