[2024-06-27T15:04:06.011+0000] {local_task_job_runner.py:120} INFO - ::group::Pre task execution logs
[2024-06-27T15:04:06.455+0000] {taskinstance.py:2076} INFO - Dependencies all met for dep_context=non-requeueable deps ti=<TaskInstance: my_sample_dag.task_from_script1 scheduled__2023-01-04T00:00:00+00:00 [queued]>
[2024-06-27T15:04:06.666+0000] {taskinstance.py:2076} INFO - Dependencies all met for dep_context=requeueable deps ti=<TaskInstance: my_sample_dag.task_from_script1 scheduled__2023-01-04T00:00:00+00:00 [queued]>
[2024-06-27T15:04:06.681+0000] {taskinstance.py:2306} INFO - Starting attempt 1 of 2
[2024-06-27T15:04:07.258+0000] {taskinstance.py:2330} INFO - Executing <Task(PythonOperator): task_from_script1> on 2023-01-04 00:00:00+00:00
[2024-06-27T15:04:07.455+0000] {warnings.py:112} WARNING - /home/***/.local/lib/python3.12/site-packages/***/task/task_runner/standard_task_runner.py:61: DeprecationWarning: This process (pid=73) is multi-threaded, use of fork() may lead to deadlocks in the child.
  pid = os.fork()

[2024-06-27T15:04:07.466+0000] {standard_task_runner.py:63} INFO - Started process 235 to run task
[2024-06-27T15:04:07.437+0000] {standard_task_runner.py:90} INFO - Running: ['***', 'tasks', 'run', 'my_sample_dag', 'task_from_script1', 'scheduled__2023-01-04T00:00:00+00:00', '--job-id', '13', '--raw', '--subdir', 'DAGS_FOLDER/my_dag.py', '--cfg-path', '/tmp/tmpuvvbefr6']
[2024-06-27T15:04:07.496+0000] {standard_task_runner.py:91} INFO - Job 13: Subtask task_from_script1
[2024-06-27T15:04:08.189+0000] {task_command.py:426} INFO - Running <TaskInstance: my_sample_dag.task_from_script1 scheduled__2023-01-04T00:00:00+00:00 [running]> on host dccfc2b642a8
[2024-06-27T15:04:09.136+0000] {taskinstance.py:2648} INFO - Exporting env vars: AIRFLOW_CTX_DAG_OWNER='***' AIRFLOW_CTX_DAG_ID='my_sample_dag' AIRFLOW_CTX_TASK_ID='task_from_script1' AIRFLOW_CTX_EXECUTION_DATE='2023-01-04T00:00:00+00:00' AIRFLOW_CTX_TRY_NUMBER='1' AIRFLOW_CTX_DAG_RUN_ID='scheduled__2023-01-04T00:00:00+00:00'
[2024-06-27T15:04:09.160+0000] {taskinstance.py:430} INFO - ::endgroup::
[2024-06-27T15:04:10.540+0000] {logging_mixin.py:188} INFO - Données API ok..
[2024-06-27T15:04:11.501+0000] {logging_mixin.py:188} INFO - Sauvegarde ok ..
[2024-06-27T15:04:11.533+0000] {python.py:237} INFO - Done. Returned value was: None
[2024-06-27T15:04:11.554+0000] {taskinstance.py:441} INFO - ::group::Post task execution logs
[2024-06-27T15:04:11.637+0000] {taskinstance.py:1206} INFO - Marking task as SUCCESS. dag_id=my_sample_dag, task_id=task_from_script1, run_id=scheduled__2023-01-04T00:00:00+00:00, execution_date=20230104T000000, start_date=20240627T150406, end_date=20240627T150411
[2024-06-27T15:04:13.692+0000] {local_task_job_runner.py:240} INFO - Task exited with return code 0
[2024-06-27T15:04:13.813+0000] {taskinstance.py:3503} INFO - 1 downstream tasks scheduled from follow-on schedule check
[2024-06-27T15:04:13.820+0000] {local_task_job_runner.py:222} INFO - ::endgroup::
