[2024-06-27T15:05:57.692+0000] {local_task_job_runner.py:120} INFO - ::group::Pre task execution logs
[2024-06-27T15:05:58.100+0000] {taskinstance.py:2076} INFO - Dependencies all met for dep_context=non-requeueable deps ti=<TaskInstance: my_sample_dag.task_from_script1 scheduled__2023-02-12T00:00:00+00:00 [queued]>
[2024-06-27T15:05:58.196+0000] {taskinstance.py:2076} INFO - Dependencies all met for dep_context=requeueable deps ti=<TaskInstance: my_sample_dag.task_from_script1 scheduled__2023-02-12T00:00:00+00:00 [queued]>
[2024-06-27T15:05:58.204+0000] {taskinstance.py:2306} INFO - Starting attempt 1 of 2
[2024-06-27T15:05:58.298+0000] {taskinstance.py:2330} INFO - Executing <Task(PythonOperator): task_from_script1> on 2023-02-12 00:00:00+00:00
[2024-06-27T15:05:58.368+0000] {warnings.py:112} WARNING - /home/***/.local/lib/python3.12/site-packages/***/task/task_runner/standard_task_runner.py:61: DeprecationWarning: This process (pid=1089) is multi-threaded, use of fork() may lead to deadlocks in the child.
  pid = os.fork()

[2024-06-27T15:05:58.388+0000] {standard_task_runner.py:63} INFO - Started process 1221 to run task
[2024-06-27T15:05:58.403+0000] {standard_task_runner.py:90} INFO - Running: ['***', 'tasks', 'run', 'my_sample_dag', 'task_from_script1', 'scheduled__2023-02-12T00:00:00+00:00', '--job-id', '87', '--raw', '--subdir', 'DAGS_FOLDER/my_dag.py', '--cfg-path', '/tmp/tmprpl_0_sj']
[2024-06-27T15:05:58.425+0000] {standard_task_runner.py:91} INFO - Job 87: Subtask task_from_script1
[2024-06-27T15:05:58.868+0000] {task_command.py:426} INFO - Running <TaskInstance: my_sample_dag.task_from_script1 scheduled__2023-02-12T00:00:00+00:00 [running]> on host dccfc2b642a8
[2024-06-27T15:06:00.119+0000] {taskinstance.py:2648} INFO - Exporting env vars: AIRFLOW_CTX_DAG_OWNER='***' AIRFLOW_CTX_DAG_ID='my_sample_dag' AIRFLOW_CTX_TASK_ID='task_from_script1' AIRFLOW_CTX_EXECUTION_DATE='2023-02-12T00:00:00+00:00' AIRFLOW_CTX_TRY_NUMBER='1' AIRFLOW_CTX_DAG_RUN_ID='scheduled__2023-02-12T00:00:00+00:00'
[2024-06-27T15:06:00.129+0000] {taskinstance.py:430} INFO - ::endgroup::
[2024-06-27T15:06:02.690+0000] {logging_mixin.py:188} INFO - Données API ok..
[2024-06-27T15:06:04.335+0000] {logging_mixin.py:188} INFO - Sauvegarde ok ..
[2024-06-27T15:06:04.465+0000] {python.py:237} INFO - Done. Returned value was: None
[2024-06-27T15:06:04.499+0000] {taskinstance.py:441} INFO - ::group::Post task execution logs
[2024-06-27T15:06:04.588+0000] {taskinstance.py:1206} INFO - Marking task as SUCCESS. dag_id=my_sample_dag, task_id=task_from_script1, run_id=scheduled__2023-02-12T00:00:00+00:00, execution_date=20230212T000000, start_date=20240627T150558, end_date=20240627T150604
[2024-06-27T15:06:05.691+0000] {local_task_job_runner.py:240} INFO - Task exited with return code 0
[2024-06-27T15:06:05.850+0000] {taskinstance.py:3503} INFO - 1 downstream tasks scheduled from follow-on schedule check
[2024-06-27T15:06:05.917+0000] {local_task_job_runner.py:222} INFO - ::endgroup::
