[2024-06-27T15:07:57.629+0000] {local_task_job_runner.py:120} INFO - ::group::Pre task execution logs
[2024-06-27T15:07:58.503+0000] {taskinstance.py:2076} INFO - Dependencies all met for dep_context=non-requeueable deps ti=<TaskInstance: my_sample_dag.task_from_script2 scheduled__2023-03-08T00:00:00+00:00 [queued]>
[2024-06-27T15:07:59.350+0000] {taskinstance.py:2076} INFO - Dependencies all met for dep_context=requeueable deps ti=<TaskInstance: my_sample_dag.task_from_script2 scheduled__2023-03-08T00:00:00+00:00 [queued]>
[2024-06-27T15:07:59.382+0000] {taskinstance.py:2306} INFO - Starting attempt 1 of 2
[2024-06-27T15:08:00.460+0000] {taskinstance.py:2330} INFO - Executing <Task(PythonOperator): task_from_script2> on 2023-03-08 00:00:00+00:00
[2024-06-27T15:08:00.730+0000] {warnings.py:112} WARNING - /home/***/.local/lib/python3.12/site-packages/***/task/task_runner/standard_task_runner.py:61: DeprecationWarning: This process (pid=2053) is multi-threaded, use of fork() may lead to deadlocks in the child.
  pid = os.fork()

[2024-06-27T15:08:00.902+0000] {standard_task_runner.py:63} INFO - Started process 2248 to run task
[2024-06-27T15:08:00.942+0000] {standard_task_runner.py:90} INFO - Running: ['***', 'tasks', 'run', 'my_sample_dag', 'task_from_script2', 'scheduled__2023-03-08T00:00:00+00:00', '--job-id', '156', '--raw', '--subdir', 'DAGS_FOLDER/my_dag.py', '--cfg-path', '/tmp/tmp5_9rh74m']
[2024-06-27T15:08:01.083+0000] {standard_task_runner.py:91} INFO - Job 156: Subtask task_from_script2
[2024-06-27T15:08:02.109+0000] {task_command.py:426} INFO - Running <TaskInstance: my_sample_dag.task_from_script2 scheduled__2023-03-08T00:00:00+00:00 [running]> on host dccfc2b642a8
[2024-06-27T15:08:03.386+0000] {taskinstance.py:2648} INFO - Exporting env vars: AIRFLOW_CTX_DAG_OWNER='***' AIRFLOW_CTX_DAG_ID='my_sample_dag' AIRFLOW_CTX_TASK_ID='task_from_script2' AIRFLOW_CTX_EXECUTION_DATE='2023-03-08T00:00:00+00:00' AIRFLOW_CTX_TRY_NUMBER='1' AIRFLOW_CTX_DAG_RUN_ID='scheduled__2023-03-08T00:00:00+00:00'
[2024-06-27T15:08:03.401+0000] {taskinstance.py:430} INFO - ::endgroup::
[2024-06-27T15:08:04.907+0000] {logging_mixin.py:188} INFO - Accuracy: 0.9985802176999526
[2024-06-27T15:08:04.920+0000] {python.py:237} INFO - Done. Returned value was: None
[2024-06-27T15:08:04.926+0000] {taskinstance.py:441} INFO - ::group::Post task execution logs
[2024-06-27T15:08:04.999+0000] {taskinstance.py:1206} INFO - Marking task as SUCCESS. dag_id=my_sample_dag, task_id=task_from_script2, run_id=scheduled__2023-03-08T00:00:00+00:00, execution_date=20230308T000000, start_date=20240627T150758, end_date=20240627T150804
[2024-06-27T15:08:05.432+0000] {local_task_job_runner.py:240} INFO - Task exited with return code 0
[2024-06-27T15:08:05.663+0000] {taskinstance.py:3503} INFO - 0 downstream tasks scheduled from follow-on schedule check
[2024-06-27T15:08:05.689+0000] {local_task_job_runner.py:222} INFO - ::endgroup::
