[2024-06-27T15:04:09.335+0000] {local_task_job_runner.py:120} INFO - ::group::Pre task execution logs
[2024-06-27T15:04:09.599+0000] {taskinstance.py:2076} INFO - Dependencies all met for dep_context=non-requeueable deps ti=<TaskInstance: my_sample_dag.task_from_script1 scheduled__2023-01-06T00:00:00+00:00 [queued]>
[2024-06-27T15:04:09.708+0000] {taskinstance.py:2076} INFO - Dependencies all met for dep_context=requeueable deps ti=<TaskInstance: my_sample_dag.task_from_script1 scheduled__2023-01-06T00:00:00+00:00 [queued]>
[2024-06-27T15:04:09.710+0000] {taskinstance.py:2306} INFO - Starting attempt 1 of 2
[2024-06-27T15:04:10.023+0000] {taskinstance.py:2330} INFO - Executing <Task(PythonOperator): task_from_script1> on 2023-01-06 00:00:00+00:00
[2024-06-27T15:04:10.194+0000] {warnings.py:112} WARNING - /home/***/.local/lib/python3.12/site-packages/***/task/task_runner/standard_task_runner.py:61: DeprecationWarning: This process (pid=77) is multi-threaded, use of fork() may lead to deadlocks in the child.
  pid = os.fork()

[2024-06-27T15:04:10.227+0000] {standard_task_runner.py:63} INFO - Started process 244 to run task
[2024-06-27T15:04:10.203+0000] {standard_task_runner.py:90} INFO - Running: ['***', 'tasks', 'run', 'my_sample_dag', 'task_from_script1', 'scheduled__2023-01-06T00:00:00+00:00', '--job-id', '22', '--raw', '--subdir', 'DAGS_FOLDER/my_dag.py', '--cfg-path', '/tmp/tmpk0v7blpu']
[2024-06-27T15:04:10.243+0000] {standard_task_runner.py:91} INFO - Job 22: Subtask task_from_script1
[2024-06-27T15:04:10.477+0000] {task_command.py:426} INFO - Running <TaskInstance: my_sample_dag.task_from_script1 scheduled__2023-01-06T00:00:00+00:00 [running]> on host dccfc2b642a8
[2024-06-27T15:04:11.571+0000] {taskinstance.py:2648} INFO - Exporting env vars: AIRFLOW_CTX_DAG_OWNER='***' AIRFLOW_CTX_DAG_ID='my_sample_dag' AIRFLOW_CTX_TASK_ID='task_from_script1' AIRFLOW_CTX_EXECUTION_DATE='2023-01-06T00:00:00+00:00' AIRFLOW_CTX_TRY_NUMBER='1' AIRFLOW_CTX_DAG_RUN_ID='scheduled__2023-01-06T00:00:00+00:00'
[2024-06-27T15:04:11.581+0000] {taskinstance.py:430} INFO - ::endgroup::
[2024-06-27T15:04:12.596+0000] {logging_mixin.py:188} INFO - Données API ok..
[2024-06-27T15:04:12.895+0000] {logging_mixin.py:188} INFO - Sauvegarde ok ..
[2024-06-27T15:04:12.911+0000] {python.py:237} INFO - Done. Returned value was: None
[2024-06-27T15:04:12.914+0000] {taskinstance.py:441} INFO - ::group::Post task execution logs
[2024-06-27T15:04:12.934+0000] {taskinstance.py:1206} INFO - Marking task as SUCCESS. dag_id=my_sample_dag, task_id=task_from_script1, run_id=scheduled__2023-01-06T00:00:00+00:00, execution_date=20230106T000000, start_date=20240627T150409, end_date=20240627T150412
[2024-06-27T15:04:12.994+0000] {local_task_job_runner.py:240} INFO - Task exited with return code 0
[2024-06-27T15:04:13.020+0000] {local_task_job_runner.py:222} INFO - ::endgroup::
