[2024-06-27T15:05:14.691+0000] {local_task_job_runner.py:120} INFO - ::group::Pre task execution logs
[2024-06-27T15:05:14.927+0000] {taskinstance.py:2076} INFO - Dependencies all met for dep_context=non-requeueable deps ti=<TaskInstance: my_sample_dag.task_from_script1 scheduled__2023-01-28T00:00:00+00:00 [queued]>
[2024-06-27T15:05:15.107+0000] {taskinstance.py:2076} INFO - Dependencies all met for dep_context=requeueable deps ti=<TaskInstance: my_sample_dag.task_from_script1 scheduled__2023-01-28T00:00:00+00:00 [queued]>
[2024-06-27T15:05:15.113+0000] {taskinstance.py:2306} INFO - Starting attempt 1 of 2
[2024-06-27T15:05:15.654+0000] {taskinstance.py:2330} INFO - Executing <Task(PythonOperator): task_from_script1> on 2023-01-28 00:00:00+00:00
[2024-06-27T15:05:15.764+0000] {warnings.py:112} WARNING - /home/***/.local/lib/python3.12/site-packages/***/task/task_runner/standard_task_runner.py:61: DeprecationWarning: This process (pid=634) is multi-threaded, use of fork() may lead to deadlocks in the child.
  pid = os.fork()

[2024-06-27T15:05:15.781+0000] {standard_task_runner.py:63} INFO - Started process 803 to run task
[2024-06-27T15:05:15.759+0000] {standard_task_runner.py:90} INFO - Running: ['***', 'tasks', 'run', 'my_sample_dag', 'task_from_script1', 'scheduled__2023-01-28T00:00:00+00:00', '--job-id', '60', '--raw', '--subdir', 'DAGS_FOLDER/my_dag.py', '--cfg-path', '/tmp/tmpo58w66_c']
[2024-06-27T15:05:15.798+0000] {standard_task_runner.py:91} INFO - Job 60: Subtask task_from_script1
[2024-06-27T15:05:16.248+0000] {task_command.py:426} INFO - Running <TaskInstance: my_sample_dag.task_from_script1 scheduled__2023-01-28T00:00:00+00:00 [running]> on host dccfc2b642a8
[2024-06-27T15:05:17.387+0000] {taskinstance.py:2648} INFO - Exporting env vars: AIRFLOW_CTX_DAG_OWNER='***' AIRFLOW_CTX_DAG_ID='my_sample_dag' AIRFLOW_CTX_TASK_ID='task_from_script1' AIRFLOW_CTX_EXECUTION_DATE='2023-01-28T00:00:00+00:00' AIRFLOW_CTX_TRY_NUMBER='1' AIRFLOW_CTX_DAG_RUN_ID='scheduled__2023-01-28T00:00:00+00:00'
[2024-06-27T15:05:17.398+0000] {taskinstance.py:430} INFO - ::endgroup::
[2024-06-27T15:05:20.334+0000] {logging_mixin.py:188} INFO - Données API ok..
[2024-06-27T15:05:22.289+0000] {logging_mixin.py:188} INFO - Sauvegarde ok ..
[2024-06-27T15:05:22.363+0000] {python.py:237} INFO - Done. Returned value was: None
[2024-06-27T15:05:22.367+0000] {taskinstance.py:441} INFO - ::group::Post task execution logs
[2024-06-27T15:05:22.429+0000] {taskinstance.py:1206} INFO - Marking task as SUCCESS. dag_id=my_sample_dag, task_id=task_from_script1, run_id=scheduled__2023-01-28T00:00:00+00:00, execution_date=20230128T000000, start_date=20240627T150514, end_date=20240627T150522
[2024-06-27T15:05:22.601+0000] {local_task_job_runner.py:240} INFO - Task exited with return code 0
[2024-06-27T15:05:22.634+0000] {local_task_job_runner.py:222} INFO - ::endgroup::
