[2024-06-27T15:05:57.234+0000] {local_task_job_runner.py:120} INFO - ::group::Pre task execution logs
[2024-06-27T15:05:57.422+0000] {taskinstance.py:2076} INFO - Dependencies all met for dep_context=non-requeueable deps ti=<TaskInstance: my_sample_dag.task_from_script1 scheduled__2023-02-10T00:00:00+00:00 [queued]>
[2024-06-27T15:05:57.494+0000] {taskinstance.py:2076} INFO - Dependencies all met for dep_context=requeueable deps ti=<TaskInstance: my_sample_dag.task_from_script1 scheduled__2023-02-10T00:00:00+00:00 [queued]>
[2024-06-27T15:05:57.499+0000] {taskinstance.py:2306} INFO - Starting attempt 1 of 2
[2024-06-27T15:05:57.609+0000] {taskinstance.py:2330} INFO - Executing <Task(PythonOperator): task_from_script1> on 2023-02-10 00:00:00+00:00
[2024-06-27T15:05:57.685+0000] {warnings.py:112} WARNING - /home/***/.local/lib/python3.12/site-packages/***/task/task_runner/standard_task_runner.py:61: DeprecationWarning: This process (pid=1078) is multi-threaded, use of fork() may lead to deadlocks in the child.
  pid = os.fork()

[2024-06-27T15:05:57.693+0000] {standard_task_runner.py:63} INFO - Started process 1217 to run task
[2024-06-27T15:05:57.694+0000] {standard_task_runner.py:90} INFO - Running: ['***', 'tasks', 'run', 'my_sample_dag', 'task_from_script1', 'scheduled__2023-02-10T00:00:00+00:00', '--job-id', '86', '--raw', '--subdir', 'DAGS_FOLDER/my_dag.py', '--cfg-path', '/tmp/tmpz6a2yku2']
[2024-06-27T15:05:57.709+0000] {standard_task_runner.py:91} INFO - Job 86: Subtask task_from_script1
[2024-06-27T15:05:58.017+0000] {task_command.py:426} INFO - Running <TaskInstance: my_sample_dag.task_from_script1 scheduled__2023-02-10T00:00:00+00:00 [running]> on host dccfc2b642a8
[2024-06-27T15:05:58.990+0000] {taskinstance.py:2648} INFO - Exporting env vars: AIRFLOW_CTX_DAG_OWNER='***' AIRFLOW_CTX_DAG_ID='my_sample_dag' AIRFLOW_CTX_TASK_ID='task_from_script1' AIRFLOW_CTX_EXECUTION_DATE='2023-02-10T00:00:00+00:00' AIRFLOW_CTX_TRY_NUMBER='1' AIRFLOW_CTX_DAG_RUN_ID='scheduled__2023-02-10T00:00:00+00:00'
[2024-06-27T15:05:59.006+0000] {taskinstance.py:430} INFO - ::endgroup::
[2024-06-27T15:06:01.740+0000] {logging_mixin.py:188} INFO - Données API ok..
[2024-06-27T15:06:04.112+0000] {logging_mixin.py:188} INFO - Sauvegarde ok ..
[2024-06-27T15:06:04.266+0000] {python.py:237} INFO - Done. Returned value was: None
[2024-06-27T15:06:04.286+0000] {taskinstance.py:441} INFO - ::group::Post task execution logs
[2024-06-27T15:06:04.368+0000] {taskinstance.py:1206} INFO - Marking task as SUCCESS. dag_id=my_sample_dag, task_id=task_from_script1, run_id=scheduled__2023-02-10T00:00:00+00:00, execution_date=20230210T000000, start_date=20240627T150557, end_date=20240627T150604
[2024-06-27T15:06:05.276+0000] {local_task_job_runner.py:240} INFO - Task exited with return code 0
[2024-06-27T15:06:05.631+0000] {taskinstance.py:3503} INFO - 1 downstream tasks scheduled from follow-on schedule check
[2024-06-27T15:06:05.640+0000] {local_task_job_runner.py:222} INFO - ::endgroup::
