[2024-06-28T09:09:03.844+0000] {local_task_job_runner.py:120} INFO - ::group::Pre task execution logs
[2024-06-28T09:09:03.944+0000] {taskinstance.py:2076} INFO - Dependencies all met for dep_context=non-requeueable deps ti=<TaskInstance: my_sample_dag.task_from_script2 scheduled__2023-12-30T00:00:00+00:00 [queued]>
[2024-06-28T09:09:03.985+0000] {taskinstance.py:2076} INFO - Dependencies all met for dep_context=requeueable deps ti=<TaskInstance: my_sample_dag.task_from_script2 scheduled__2023-12-30T00:00:00+00:00 [queued]>
[2024-06-28T09:09:03.988+0000] {taskinstance.py:2306} INFO - Starting attempt 2 of 2
[2024-06-28T09:09:04.118+0000] {taskinstance.py:2330} INFO - Executing <Task(PythonOperator): task_from_script2> on 2023-12-30 00:00:00+00:00
[2024-06-28T09:09:04.247+0000] {warnings.py:112} WARNING - /home/***/.local/lib/python3.12/site-packages/***/task/task_runner/standard_task_runner.py:61: DeprecationWarning: This process (pid=575) is multi-threaded, use of fork() may lead to deadlocks in the child.
  pid = os.fork()

[2024-06-28T09:09:04.251+0000] {standard_task_runner.py:90} INFO - Running: ['***', 'tasks', 'run', 'my_sample_dag', 'task_from_script2', 'scheduled__2023-12-30T00:00:00+00:00', '--job-id', '743', '--raw', '--subdir', 'DAGS_FOLDER/my_dag.py', '--cfg-path', '/tmp/tmpm0z5rthr']
[2024-06-28T09:09:04.272+0000] {standard_task_runner.py:91} INFO - Job 743: Subtask task_from_script2
[2024-06-28T09:09:04.271+0000] {standard_task_runner.py:63} INFO - Started process 717 to run task
[2024-06-28T09:09:04.519+0000] {task_command.py:426} INFO - Running <TaskInstance: my_sample_dag.task_from_script2 scheduled__2023-12-30T00:00:00+00:00 [running]> on host 1d2e3c34485f
[2024-06-28T09:09:05.274+0000] {taskinstance.py:2648} INFO - Exporting env vars: AIRFLOW_CTX_DAG_OWNER='***' AIRFLOW_CTX_DAG_ID='my_sample_dag' AIRFLOW_CTX_TASK_ID='task_from_script2' AIRFLOW_CTX_EXECUTION_DATE='2023-12-30T00:00:00+00:00' AIRFLOW_CTX_TRY_NUMBER='2' AIRFLOW_CTX_DAG_RUN_ID='scheduled__2023-12-30T00:00:00+00:00'
[2024-06-28T09:09:05.283+0000] {taskinstance.py:430} INFO - ::endgroup::
[2024-06-28T09:09:06.098+0000] {logging_mixin.py:188} INFO - Accuracy: 0.9921328671328671
[2024-06-28T09:09:06.145+0000] {python.py:237} INFO - Done. Returned value was: None
[2024-06-28T09:09:06.185+0000] {taskinstance.py:441} INFO - ::group::Post task execution logs
[2024-06-28T09:09:06.315+0000] {taskinstance.py:1206} INFO - Marking task as SUCCESS. dag_id=my_sample_dag, task_id=task_from_script2, run_id=scheduled__2023-12-30T00:00:00+00:00, execution_date=20231230T000000, start_date=20240628T090903, end_date=20240628T090906
[2024-06-28T09:09:06.804+0000] {local_task_job_runner.py:240} INFO - Task exited with return code 0
[2024-06-28T09:09:06.961+0000] {taskinstance.py:3503} INFO - 1 downstream tasks scheduled from follow-on schedule check
[2024-06-28T09:09:06.983+0000] {local_task_job_runner.py:222} INFO - ::endgroup::
