[2024-06-28T09:09:09.397+0000] {local_task_job_runner.py:120} INFO - ::group::Pre task execution logs
[2024-06-28T09:09:09.643+0000] {taskinstance.py:2076} INFO - Dependencies all met for dep_context=non-requeueable deps ti=<TaskInstance: my_sample_dag.task_from_script2 scheduled__2023-12-23T00:10:00+00:00 [queued]>
[2024-06-28T09:09:09.691+0000] {taskinstance.py:2076} INFO - Dependencies all met for dep_context=requeueable deps ti=<TaskInstance: my_sample_dag.task_from_script2 scheduled__2023-12-23T00:10:00+00:00 [queued]>
[2024-06-28T09:09:09.697+0000] {taskinstance.py:2306} INFO - Starting attempt 2 of 2
[2024-06-28T09:09:09.831+0000] {taskinstance.py:2330} INFO - Executing <Task(PythonOperator): task_from_script2> on 2023-12-23 00:10:00+00:00
[2024-06-28T09:09:10.006+0000] {warnings.py:112} WARNING - /home/***/.local/lib/python3.12/site-packages/***/task/task_runner/standard_task_runner.py:61: DeprecationWarning: This process (pid=584) is multi-threaded, use of fork() may lead to deadlocks in the child.
  pid = os.fork()

[2024-06-28T09:09:10.030+0000] {standard_task_runner.py:63} INFO - Started process 783 to run task
[2024-06-28T09:09:10.005+0000] {standard_task_runner.py:90} INFO - Running: ['***', 'tasks', 'run', 'my_sample_dag', 'task_from_script2', 'scheduled__2023-12-23T00:10:00+00:00', '--job-id', '752', '--raw', '--subdir', 'DAGS_FOLDER/my_dag.py', '--cfg-path', '/tmp/tmp6w7z6mj5']
[2024-06-28T09:09:10.050+0000] {standard_task_runner.py:91} INFO - Job 752: Subtask task_from_script2
[2024-06-28T09:09:10.753+0000] {task_command.py:426} INFO - Running <TaskInstance: my_sample_dag.task_from_script2 scheduled__2023-12-23T00:10:00+00:00 [running]> on host 1d2e3c34485f
[2024-06-28T09:09:12.139+0000] {taskinstance.py:2648} INFO - Exporting env vars: AIRFLOW_CTX_DAG_OWNER='***' AIRFLOW_CTX_DAG_ID='my_sample_dag' AIRFLOW_CTX_TASK_ID='task_from_script2' AIRFLOW_CTX_EXECUTION_DATE='2023-12-23T00:10:00+00:00' AIRFLOW_CTX_TRY_NUMBER='2' AIRFLOW_CTX_DAG_RUN_ID='scheduled__2023-12-23T00:10:00+00:00'
[2024-06-28T09:09:12.144+0000] {taskinstance.py:430} INFO - ::endgroup::
[2024-06-28T09:09:13.424+0000] {logging_mixin.py:188} INFO - Accuracy: 0.9921328671328671
[2024-06-28T09:09:13.436+0000] {python.py:237} INFO - Done. Returned value was: None
[2024-06-28T09:09:13.437+0000] {taskinstance.py:441} INFO - ::group::Post task execution logs
[2024-06-28T09:09:13.582+0000] {taskinstance.py:1206} INFO - Marking task as SUCCESS. dag_id=my_sample_dag, task_id=task_from_script2, run_id=scheduled__2023-12-23T00:10:00+00:00, execution_date=20231223T001000, start_date=20240628T090909, end_date=20240628T090913
[2024-06-28T09:09:13.767+0000] {local_task_job_runner.py:240} INFO - Task exited with return code 0
[2024-06-28T09:09:14.020+0000] {taskinstance.py:3503} INFO - 1 downstream tasks scheduled from follow-on schedule check
[2024-06-28T09:09:14.059+0000] {local_task_job_runner.py:222} INFO - ::endgroup::
