[2024-06-28T14:20:10.691+0000] {local_task_job_runner.py:120} INFO - ::group::Pre task execution logs
[2024-06-28T14:20:10.728+0000] {taskinstance.py:2076} INFO - Dependencies all met for dep_context=non-requeueable deps ti=<TaskInstance: my_sample_dag.task_from_script1 scheduled__2023-08-16T06:25:00+00:00 [queued]>
[2024-06-28T14:20:10.743+0000] {taskinstance.py:2076} INFO - Dependencies all met for dep_context=requeueable deps ti=<TaskInstance: my_sample_dag.task_from_script1 scheduled__2023-08-16T06:25:00+00:00 [queued]>
[2024-06-28T14:20:10.744+0000] {taskinstance.py:2306} INFO - Starting attempt 1 of 2
[2024-06-28T14:20:10.767+0000] {taskinstance.py:2330} INFO - Executing <Task(PythonOperator): task_from_script1> on 2023-08-16 06:25:00+00:00
[2024-06-28T14:20:10.780+0000] {warnings.py:112} WARNING - /home/***/.local/lib/python3.12/site-packages/***/task/task_runner/standard_task_runner.py:61: DeprecationWarning: This process (pid=2911) is multi-threaded, use of fork() may lead to deadlocks in the child.
  pid = os.fork()

[2024-06-28T14:20:10.783+0000] {standard_task_runner.py:63} INFO - Started process 2927 to run task
[2024-06-28T14:20:10.784+0000] {standard_task_runner.py:90} INFO - Running: ['***', 'tasks', 'run', 'my_sample_dag', 'task_from_script1', 'scheduled__2023-08-16T06:25:00+00:00', '--job-id', '1923', '--raw', '--subdir', 'DAGS_FOLDER/my_dag.py', '--cfg-path', '/tmp/tmp1jz60y29']
[2024-06-28T14:20:10.786+0000] {standard_task_runner.py:91} INFO - Job 1923: Subtask task_from_script1
[2024-06-28T14:20:10.864+0000] {task_command.py:426} INFO - Running <TaskInstance: my_sample_dag.task_from_script1 scheduled__2023-08-16T06:25:00+00:00 [running]> on host 81089ac3a69d
[2024-06-28T14:20:10.999+0000] {taskinstance.py:2648} INFO - Exporting env vars: AIRFLOW_CTX_DAG_OWNER='***' AIRFLOW_CTX_DAG_ID='my_sample_dag' AIRFLOW_CTX_TASK_ID='task_from_script1' AIRFLOW_CTX_EXECUTION_DATE='2023-08-16T06:25:00+00:00' AIRFLOW_CTX_TRY_NUMBER='1' AIRFLOW_CTX_DAG_RUN_ID='scheduled__2023-08-16T06:25:00+00:00'
[2024-06-28T14:20:11.001+0000] {taskinstance.py:430} INFO - ::endgroup::
[2024-06-28T14:20:11.003+0000] {taskinstance.py:441} INFO - ::group::Post task execution logs
[2024-06-28T14:20:11.005+0000] {taskinstance.py:2905} ERROR - Task failed with exception
Traceback (most recent call last):
  File "/home/airflow/.local/lib/python3.12/site-packages/airflow/models/taskinstance.py", line 465, in _execute_task
    result = _execute_callable(context=context, **execute_callable_kwargs)
             ^^^^^^^^^^^^^^^^^^^^^^^^^^^^^^^^^^^^^^^^^^^^^^^^^^^^^^^^^^^^^
  File "/home/airflow/.local/lib/python3.12/site-packages/airflow/models/taskinstance.py", line 432, in _execute_callable
    return execute_callable(context=context, **execute_callable_kwargs)
           ^^^^^^^^^^^^^^^^^^^^^^^^^^^^^^^^^^^^^^^^^^^^^^^^^^^^^^^^^^^^
  File "/home/airflow/.local/lib/python3.12/site-packages/airflow/models/baseoperator.py", line 401, in wrapper
    return func(self, *args, **kwargs)
           ^^^^^^^^^^^^^^^^^^^^^^^^^^^
  File "/home/airflow/.local/lib/python3.12/site-packages/airflow/operators/python.py", line 235, in execute
    return_value = self.execute_callable()
                   ^^^^^^^^^^^^^^^^^^^^^^^
  File "/home/airflow/.local/lib/python3.12/site-packages/airflow/operators/python.py", line 252, in execute_callable
    return self.python_callable(*self.op_args, **self.op_kwargs)
           ^^^^^^^^^^^^^^^^^^^^^^^^^^^^^^^^^^^^^^^^^^^^^^^^^^^^^
  File "/opt/airflow/dags/script1.py", line 10, in function_from_script1
    response = requests.get(url)
                            ^^^
NameError: name 'url' is not defined
[2024-06-28T14:20:11.021+0000] {taskinstance.py:1206} INFO - Marking task as UP_FOR_RETRY. dag_id=my_sample_dag, task_id=task_from_script1, run_id=scheduled__2023-08-16T06:25:00+00:00, execution_date=20230816T062500, start_date=20240628T142010, end_date=20240628T142011
[2024-06-28T14:20:11.037+0000] {standard_task_runner.py:110} ERROR - Failed to execute job 1923 for task task_from_script1 (name 'url' is not defined; 2927)
[2024-06-28T14:20:11.050+0000] {local_task_job_runner.py:240} INFO - Task exited with return code 1
[2024-06-28T14:20:11.082+0000] {taskinstance.py:3503} INFO - 0 downstream tasks scheduled from follow-on schedule check
[2024-06-28T14:20:11.085+0000] {local_task_job_runner.py:222} INFO - ::endgroup::
