[2024-06-27T15:05:49.841+0000] {local_task_job_runner.py:120} INFO - ::group::Pre task execution logs
[2024-06-27T15:05:49.995+0000] {taskinstance.py:2076} INFO - Dependencies all met for dep_context=non-requeueable deps ti=<TaskInstance: my_sample_dag.task_from_script2 scheduled__2023-02-02T00:00:00+00:00 [queued]>
[2024-06-27T15:05:50.041+0000] {taskinstance.py:2076} INFO - Dependencies all met for dep_context=requeueable deps ti=<TaskInstance: my_sample_dag.task_from_script2 scheduled__2023-02-02T00:00:00+00:00 [queued]>
[2024-06-27T15:05:50.042+0000] {taskinstance.py:2306} INFO - Starting attempt 1 of 2
[2024-06-27T15:05:50.108+0000] {taskinstance.py:2330} INFO - Executing <Task(PythonOperator): task_from_script2> on 2023-02-02 00:00:00+00:00
[2024-06-27T15:05:50.138+0000] {warnings.py:112} WARNING - /home/***/.local/lib/python3.12/site-packages/***/task/task_runner/standard_task_runner.py:61: DeprecationWarning: This process (pid=1029) is multi-threaded, use of fork() may lead to deadlocks in the child.
  pid = os.fork()

[2024-06-27T15:05:50.147+0000] {standard_task_runner.py:90} INFO - Running: ['***', 'tasks', 'run', 'my_sample_dag', 'task_from_script2', 'scheduled__2023-02-02T00:00:00+00:00', '--job-id', '78', '--raw', '--subdir', 'DAGS_FOLDER/my_dag.py', '--cfg-path', '/tmp/tmppx02fm_a']
[2024-06-27T15:05:50.160+0000] {standard_task_runner.py:91} INFO - Job 78: Subtask task_from_script2
[2024-06-27T15:05:50.159+0000] {standard_task_runner.py:63} INFO - Started process 1153 to run task
[2024-06-27T15:05:50.439+0000] {task_command.py:426} INFO - Running <TaskInstance: my_sample_dag.task_from_script2 scheduled__2023-02-02T00:00:00+00:00 [running]> on host dccfc2b642a8
[2024-06-27T15:05:51.095+0000] {taskinstance.py:2648} INFO - Exporting env vars: AIRFLOW_CTX_DAG_OWNER='***' AIRFLOW_CTX_DAG_ID='my_sample_dag' AIRFLOW_CTX_TASK_ID='task_from_script2' AIRFLOW_CTX_EXECUTION_DATE='2023-02-02T00:00:00+00:00' AIRFLOW_CTX_TRY_NUMBER='1' AIRFLOW_CTX_DAG_RUN_ID='scheduled__2023-02-02T00:00:00+00:00'
[2024-06-27T15:05:51.102+0000] {taskinstance.py:430} INFO - ::endgroup::
[2024-06-27T15:05:51.724+0000] {logging_mixin.py:188} INFO - Accuracy: 0.9966793168880456
[2024-06-27T15:05:51.752+0000] {python.py:237} INFO - Done. Returned value was: None
[2024-06-27T15:05:51.754+0000] {taskinstance.py:441} INFO - ::group::Post task execution logs
[2024-06-27T15:05:51.860+0000] {taskinstance.py:1206} INFO - Marking task as SUCCESS. dag_id=my_sample_dag, task_id=task_from_script2, run_id=scheduled__2023-02-02T00:00:00+00:00, execution_date=20230202T000000, start_date=20240627T150549, end_date=20240627T150551
[2024-06-27T15:05:52.524+0000] {local_task_job_runner.py:240} INFO - Task exited with return code 0
[2024-06-27T15:05:52.616+0000] {taskinstance.py:3503} INFO - 0 downstream tasks scheduled from follow-on schedule check
[2024-06-27T15:05:52.636+0000] {local_task_job_runner.py:222} INFO - ::endgroup::
