[2024-06-28T09:09:05.998+0000] {local_task_job_runner.py:120} INFO - ::group::Pre task execution logs
[2024-06-28T09:09:06.147+0000] {taskinstance.py:2076} INFO - Dependencies all met for dep_context=non-requeueable deps ti=<TaskInstance: my_sample_dag.task_from_script2 scheduled__2024-01-02T00:00:00+00:00 [queued]>
[2024-06-28T09:09:06.285+0000] {taskinstance.py:2076} INFO - Dependencies all met for dep_context=requeueable deps ti=<TaskInstance: my_sample_dag.task_from_script2 scheduled__2024-01-02T00:00:00+00:00 [queued]>
[2024-06-28T09:09:06.297+0000] {taskinstance.py:2306} INFO - Starting attempt 2 of 2
[2024-06-28T09:09:06.745+0000] {taskinstance.py:2330} INFO - Executing <Task(PythonOperator): task_from_script2> on 2024-01-02 00:00:00+00:00
[2024-06-28T09:09:06.782+0000] {warnings.py:112} WARNING - /home/***/.local/lib/python3.12/site-packages/***/task/task_runner/standard_task_runner.py:61: DeprecationWarning: This process (pid=571) is multi-threaded, use of fork() may lead to deadlocks in the child.
  pid = os.fork()

[2024-06-28T09:09:06.790+0000] {standard_task_runner.py:63} INFO - Started process 738 to run task
[2024-06-28T09:09:06.792+0000] {standard_task_runner.py:90} INFO - Running: ['***', 'tasks', 'run', 'my_sample_dag', 'task_from_script2', 'scheduled__2024-01-02T00:00:00+00:00', '--job-id', '747', '--raw', '--subdir', 'DAGS_FOLDER/my_dag.py', '--cfg-path', '/tmp/tmpq07g7f1s']
[2024-06-28T09:09:06.801+0000] {standard_task_runner.py:91} INFO - Job 747: Subtask task_from_script2
[2024-06-28T09:09:07.245+0000] {task_command.py:426} INFO - Running <TaskInstance: my_sample_dag.task_from_script2 scheduled__2024-01-02T00:00:00+00:00 [running]> on host 1d2e3c34485f
[2024-06-28T09:09:08.608+0000] {taskinstance.py:2648} INFO - Exporting env vars: AIRFLOW_CTX_DAG_OWNER='***' AIRFLOW_CTX_DAG_ID='my_sample_dag' AIRFLOW_CTX_TASK_ID='task_from_script2' AIRFLOW_CTX_EXECUTION_DATE='2024-01-02T00:00:00+00:00' AIRFLOW_CTX_TRY_NUMBER='2' AIRFLOW_CTX_DAG_RUN_ID='scheduled__2024-01-02T00:00:00+00:00'
[2024-06-28T09:09:08.624+0000] {taskinstance.py:430} INFO - ::endgroup::
[2024-06-28T09:09:09.560+0000] {logging_mixin.py:188} INFO - Accuracy: 0.9921328671328671
[2024-06-28T09:09:09.619+0000] {python.py:237} INFO - Done. Returned value was: None
[2024-06-28T09:09:09.623+0000] {taskinstance.py:441} INFO - ::group::Post task execution logs
[2024-06-28T09:09:09.668+0000] {taskinstance.py:1206} INFO - Marking task as SUCCESS. dag_id=my_sample_dag, task_id=task_from_script2, run_id=scheduled__2024-01-02T00:00:00+00:00, execution_date=20240102T000000, start_date=20240628T090906, end_date=20240628T090909
[2024-06-28T09:09:09.822+0000] {local_task_job_runner.py:240} INFO - Task exited with return code 0
[2024-06-28T09:09:10.207+0000] {taskinstance.py:3503} INFO - 1 downstream tasks scheduled from follow-on schedule check
[2024-06-28T09:09:10.240+0000] {local_task_job_runner.py:222} INFO - ::endgroup::
