[2024-06-28T08:58:10.924+0000] {local_task_job_runner.py:120} INFO - ::group::Pre task execution logs
[2024-06-28T08:58:11.029+0000] {taskinstance.py:2076} INFO - Dependencies all met for dep_context=non-requeueable deps ti=<TaskInstance: my_sample_dag.task_from_script1 scheduled__2023-12-23T00:20:00+00:00 [queued]>
[2024-06-28T08:58:11.053+0000] {taskinstance.py:2076} INFO - Dependencies all met for dep_context=requeueable deps ti=<TaskInstance: my_sample_dag.task_from_script1 scheduled__2023-12-23T00:20:00+00:00 [queued]>
[2024-06-28T08:58:11.055+0000] {taskinstance.py:2306} INFO - Starting attempt 1 of 2
[2024-06-28T08:58:11.113+0000] {taskinstance.py:2330} INFO - Executing <Task(PythonOperator): task_from_script1> on 2023-12-23 00:20:00+00:00
[2024-06-28T08:58:11.145+0000] {warnings.py:112} WARNING - /home/***/.local/lib/python3.12/site-packages/***/task/task_runner/standard_task_runner.py:61: DeprecationWarning: This process (pid=111) is multi-threaded, use of fork() may lead to deadlocks in the child.
  pid = os.fork()

[2024-06-28T08:58:11.156+0000] {standard_task_runner.py:63} INFO - Started process 225 to run task
[2024-06-28T08:58:11.151+0000] {standard_task_runner.py:90} INFO - Running: ['***', 'tasks', 'run', 'my_sample_dag', 'task_from_script1', 'scheduled__2023-12-23T00:20:00+00:00', '--job-id', '716', '--raw', '--subdir', 'DAGS_FOLDER/my_dag.py', '--cfg-path', '/tmp/tmpbc7v997e']
[2024-06-28T08:58:11.161+0000] {standard_task_runner.py:91} INFO - Job 716: Subtask task_from_script1
[2024-06-28T08:58:11.300+0000] {task_command.py:426} INFO - Running <TaskInstance: my_sample_dag.task_from_script1 scheduled__2023-12-23T00:20:00+00:00 [running]> on host 1d2e3c34485f
[2024-06-28T08:58:11.630+0000] {taskinstance.py:2648} INFO - Exporting env vars: AIRFLOW_CTX_DAG_OWNER='***' AIRFLOW_CTX_DAG_ID='my_sample_dag' AIRFLOW_CTX_TASK_ID='task_from_script1' AIRFLOW_CTX_EXECUTION_DATE='2023-12-23T00:20:00+00:00' AIRFLOW_CTX_TRY_NUMBER='1' AIRFLOW_CTX_DAG_RUN_ID='scheduled__2023-12-23T00:20:00+00:00'
[2024-06-28T08:58:11.633+0000] {taskinstance.py:430} INFO - ::endgroup::
[2024-06-28T08:58:12.110+0000] {logging_mixin.py:188} INFO - Données API ok..
[2024-06-28T08:58:12.276+0000] {logging_mixin.py:188} INFO - Sauvegarde ok ..
[2024-06-28T08:58:12.290+0000] {python.py:237} INFO - Done. Returned value was: None
[2024-06-28T08:58:12.294+0000] {taskinstance.py:441} INFO - ::group::Post task execution logs
[2024-06-28T08:58:12.340+0000] {taskinstance.py:1206} INFO - Marking task as SUCCESS. dag_id=my_sample_dag, task_id=task_from_script1, run_id=scheduled__2023-12-23T00:20:00+00:00, execution_date=20231223T002000, start_date=20240628T085811, end_date=20240628T085812
[2024-06-28T08:58:12.424+0000] {local_task_job_runner.py:240} INFO - Task exited with return code 0
[2024-06-28T08:58:12.461+0000] {local_task_job_runner.py:222} INFO - ::endgroup::
