[2024-06-27T15:07:09.630+0000] {local_task_job_runner.py:120} INFO - ::group::Pre task execution logs
[2024-06-27T15:07:09.874+0000] {taskinstance.py:2076} INFO - Dependencies all met for dep_context=non-requeueable deps ti=<TaskInstance: my_sample_dag.task_from_script2 scheduled__2023-02-23T00:00:00+00:00 [queued]>
[2024-06-27T15:07:09.956+0000] {taskinstance.py:2076} INFO - Dependencies all met for dep_context=requeueable deps ti=<TaskInstance: my_sample_dag.task_from_script2 scheduled__2023-02-23T00:00:00+00:00 [queued]>
[2024-06-27T15:07:09.977+0000] {taskinstance.py:2306} INFO - Starting attempt 1 of 2
[2024-06-27T15:07:10.072+0000] {taskinstance.py:2330} INFO - Executing <Task(PythonOperator): task_from_script2> on 2023-02-23 00:00:00+00:00
[2024-06-27T15:07:10.136+0000] {warnings.py:112} WARNING - /home/***/.local/lib/python3.12/site-packages/***/task/task_runner/standard_task_runner.py:61: DeprecationWarning: This process (pid=1637) is multi-threaded, use of fork() may lead to deadlocks in the child.
  pid = os.fork()

[2024-06-27T15:07:10.146+0000] {standard_task_runner.py:63} INFO - Started process 1834 to run task
[2024-06-27T15:07:10.147+0000] {standard_task_runner.py:90} INFO - Running: ['***', 'tasks', 'run', 'my_sample_dag', 'task_from_script2', 'scheduled__2023-02-23T00:00:00+00:00', '--job-id', '126', '--raw', '--subdir', 'DAGS_FOLDER/my_dag.py', '--cfg-path', '/tmp/tmplbwhu8dy']
[2024-06-27T15:07:10.153+0000] {standard_task_runner.py:91} INFO - Job 126: Subtask task_from_script2
[2024-06-27T15:07:10.394+0000] {task_command.py:426} INFO - Running <TaskInstance: my_sample_dag.task_from_script2 scheduled__2023-02-23T00:00:00+00:00 [running]> on host dccfc2b642a8
[2024-06-27T15:07:10.840+0000] {taskinstance.py:2648} INFO - Exporting env vars: AIRFLOW_CTX_DAG_OWNER='***' AIRFLOW_CTX_DAG_ID='my_sample_dag' AIRFLOW_CTX_TASK_ID='task_from_script2' AIRFLOW_CTX_EXECUTION_DATE='2023-02-23T00:00:00+00:00' AIRFLOW_CTX_TRY_NUMBER='1' AIRFLOW_CTX_DAG_RUN_ID='scheduled__2023-02-23T00:00:00+00:00'
[2024-06-27T15:07:10.867+0000] {taskinstance.py:430} INFO - ::endgroup::
[2024-06-27T15:07:11.983+0000] {logging_mixin.py:188} INFO - Accuracy: 0.9976348155156102
[2024-06-27T15:07:12.042+0000] {python.py:237} INFO - Done. Returned value was: None
[2024-06-27T15:07:12.050+0000] {taskinstance.py:441} INFO - ::group::Post task execution logs
[2024-06-27T15:07:12.113+0000] {taskinstance.py:1206} INFO - Marking task as SUCCESS. dag_id=my_sample_dag, task_id=task_from_script2, run_id=scheduled__2023-02-23T00:00:00+00:00, execution_date=20230223T000000, start_date=20240627T150709, end_date=20240627T150712
[2024-06-27T15:07:12.262+0000] {local_task_job_runner.py:240} INFO - Task exited with return code 0
[2024-06-27T15:07:12.328+0000] {taskinstance.py:3503} INFO - 0 downstream tasks scheduled from follow-on schedule check
[2024-06-27T15:07:12.334+0000] {local_task_job_runner.py:222} INFO - ::endgroup::
